18
Coordinates from ORCA-job products_optfreq2
  C   -0.74429841464584      2.07480525890803      0.41033263054192
  C   -2.13508340465660      2.11563542883874      0.04654067215229
  C   -2.75215051528080      1.12007358829600     -0.69377490921221
  C   -1.98702625043159      0.03094115855988     -1.12635445277425
  C   -0.61012245119219     -0.05091916356800     -0.79027769284664
  C   -0.01561527326705      0.94221185779865     -0.03184699317130
  C   -0.06352523731377      3.13146061693783      1.20354633728955
  H   -2.45473975920667     -0.76388950101025     -1.71229496771441
  H   -3.81713494733717      1.19351589009027     -0.91844481492298
  H   0.83850279537769      2.73379700598333      1.68782491033922
  H   0.25009896671506      3.95569957814827      0.53305574999814
  H   -0.72196557504449      3.60329648324196      1.94838536761352
  H   1.03853837483940      0.86445798285695      0.24253142273750
  H   -0.02384759083060     -0.90826616496404     -1.12831839469945
  N   -2.96357729765258      3.25940123621578      0.44536268921612
  O   -2.46121332908287      4.36432514582356      0.32458150052881
  O   -4.08822794115687      3.02805917270464      0.84023464892694
  H   -12.14172214983277      7.37734442513814      6.95358629599716
