18
Coordinates from ORCA-job neb_meta_educts_ts_MEP_ALL E -475.663166774592
  C       0.282504      0.587724      3.016425
  C      -0.242160      0.906397      1.738144
  C       0.007265      0.087490      0.647154
  C       0.791740     -1.075227      0.803298
  C       1.323019     -1.407891      2.065932
  C       1.072361     -0.590001      3.154780
  C       0.025713      1.457100      4.200688
  H       0.975931      1.865044      4.593518
  H      -0.410616      0.870642      5.029391
  H      -0.643200      2.296763      3.969193
  H      -0.848017      1.808060      1.622176
  H      -0.402223      0.337747     -0.333945
  H       0.987268     -1.719181     -0.057691
  H       1.928231     -2.309645      2.181531
  H       1.478961     -0.843180      4.137118
  N      -2.180812     -0.930741    -12.296400
  O      -1.885807     -0.993276    -11.178936
  O      -2.260159     -0.347826    -13.292376
18
Coordinates from ORCA-job neb_meta_educts_ts_MEP_ALL E -475.719676222968
  C       0.249186      0.586156      2.799209
  C      -0.288101      0.879390      1.526176
  C      -0.035812      0.021378      0.458758
  C       0.762394     -1.134740      0.615573
  C       1.300166     -1.429382      1.879410
  C       1.047684     -0.583411      2.950108
  C      -0.002064      1.481660      3.966009
  H       0.951480      1.888823      4.349472
  H      -0.446837      0.912434      4.801610
  H      -0.664714      2.321091      3.716606
  H      -0.899137      1.774052      1.385514
  H      -0.550986      0.190643     -0.490176
  H       0.955702     -1.788814     -0.237976
  H       1.916788     -2.320971      2.011126
  H       1.468657     -0.810847      3.932957
  N      -2.017430     -0.850340    -11.278139
  O      -1.629550     -0.994062    -10.192362
  O      -2.117425     -0.143058    -12.193873
18
Coordinates from ORCA-job neb_meta_educts_ts_MEP_ALL E -475.714888615451
  C       0.215353      0.585184      2.581396
  C      -0.333044      0.851799      1.312667
  C      -0.070923     -0.036087      0.263245
  C       0.731726     -1.192500      0.429208
  C       1.276123     -1.449946      1.693272
  C       1.022280     -0.576475      2.745335
  C      -0.029817      1.506137      3.730604
  H       0.926849      1.912377      4.105400
  H      -0.483064      0.954934      4.573214
  H      -0.685820      2.345203      3.463280
  H      -0.948525      1.739508      1.148628
  H      -0.705087      0.032531     -0.626155
  H       0.923656     -1.857412     -0.416049
  H       1.903791     -2.331061      1.841366
  H       1.457270     -0.777950      3.728024
  N      -1.870168     -0.750446    -10.253019
  O      -1.355251     -1.022795     -9.242469
  O      -1.975350      0.066998    -11.077947
18
Coordinates from ORCA-job neb_meta_educts_ts_MEP_ALL E -475.707191989553
  C       0.180742      0.584797      2.362811
  C      -0.376973      0.823086      1.097545
  C      -0.103336     -0.087169      0.058953
  C       0.699527     -1.247727      0.244404
  C       1.250813     -1.469223      1.507434
  C       0.996045     -0.569015      2.540474
  C      -0.057856      1.530347      3.494455
  H       0.901627      1.935738      3.861397
  H      -0.519515      0.997994      4.344200
  H      -0.706942      2.368815      3.209206
  H      -0.996401      1.703900      0.911544
  H      -0.857236     -0.133768     -0.736964
  H       0.891414     -1.924657     -0.591218
  H       1.889273     -2.339431      1.672365
  H       1.444649     -0.744354      3.522333
  N      -1.741330     -0.616772     -9.191855
  O      -1.064624     -1.085086     -8.358939
  O      -1.829877      0.272525     -9.948144
18
Coordinates from ORCA-job neb_meta_educts_ts_MEP_ALL E -475.695485095159
  C       0.145399      0.584710      2.143105
  C      -0.419653      0.793133      0.880772
  C      -0.141386     -0.138158     -0.151921
  C       0.666207     -1.299931      0.060864
  C       1.224295     -1.487114      1.321646
  C       0.968780     -0.560760      2.335341
  C      -0.086359      1.554195      3.257406
  H       0.875522      1.958900      3.617241
  H      -0.556428      1.041561      4.114265
  H      -0.728342      2.391753      2.954063
  H      -1.043149      1.666753      0.673978
  H      -0.998647     -0.302226     -0.823670
  H       0.859189     -1.990752     -0.763210
  H       1.873227     -2.346016      1.504074
  H       1.430605     -0.710087      3.315748
  N      -1.595990     -0.449621     -8.057093
  O      -0.790327     -1.159219     -7.576761
  O      -1.682944      0.452879     -8.805847
18
Coordinates from ORCA-job neb_meta_educts_ts_MEP_ALL E -475.678056977332
  C       0.109675      0.584878      1.921971
  C      -0.461092      0.762099      0.662214
  C      -0.191232     -0.195222     -0.364032
  C       0.632428     -1.350050     -0.121925
  C       1.196741     -1.504199      1.135770
  C       0.940713     -0.552139      2.129471
  C      -0.114933      1.577682      3.018820
  H       0.849106      1.981682      3.372214
  H      -0.593460      1.085747      3.882782
  H      -0.749432      2.414099      2.697176
  H      -1.088959      1.627911      0.435506
  H      -1.124224     -0.466362     -0.892596
  H       0.826844     -2.056919     -0.932074
  H       1.855493     -2.351580      1.336138
  H       1.415206     -0.675555      3.107827
  N      -1.378565     -0.306111     -6.900483
  O      -0.582055     -1.180150     -6.850919
  O      -1.542255      0.604187     -7.637862
18
Coordinates from ORCA-job neb_meta_educts_ts_MEP_ALL E -475.661933175629
  C       0.073854      0.585025      1.697679
  C      -0.502424      0.729409      0.440823
  C      -0.254244     -0.262174     -0.573422
  C       0.598450     -1.399966     -0.305298
  C       1.168974     -1.521055      0.948414
  C       0.912409     -0.543278      1.920913
  C      -0.143335      1.600846      2.776581
  H       0.822734      2.004181      3.123785
  H      -0.630186      1.130579      3.647648
  H      -0.770085      2.435747      2.436367
  H      -1.134853      1.586735      0.194713
  H      -1.234831     -0.624227     -0.948960
  H       0.794914     -2.125762     -1.098061
  H       1.837057     -2.356626      1.166785
  H       1.399321     -0.640658      2.896482
  N      -1.123770     -0.215109     -5.801170
  O      -0.417580     -1.130706     -6.079922
  O      -1.396405      0.747039     -6.443356
18
Coordinates from ORCA-job neb_meta_educts_ts_MEP_ALL E -475.658002949725
  C       0.038158      0.585054      1.469941
  C      -0.545059      0.694081      0.217056
  C      -0.329750     -0.341492     -0.775171
  C       0.564390     -1.452190     -0.488950
  C       1.142181     -1.537787      0.759639
  C       0.884629     -0.533955      1.709178
  C      -0.171531      1.623854      2.530057
  H       0.796456      2.026882      2.870881
  H      -0.666215      1.176117      3.408303
  H      -0.790637      2.456576      2.171033
  H      -1.181861      1.542559     -0.047886
  H      -1.333095     -0.777813     -0.992138
  H       0.764754     -2.200933     -1.259213
  H       1.819512     -2.361011      0.995754
  H       1.384001     -0.604820      2.681067
  N      -0.876424     -0.139645     -4.758956
  O      -0.261778     -1.039774     -5.241498
  O      -1.237730      0.884296     -5.249098
18
Coordinates from ORCA-job neb_meta_educts_ts_MEP_ALL E -475.685535412907
  C       0.002794      0.585052      1.240105
  C      -0.590759      0.654141     -0.006960
  C      -0.417716     -0.436048     -0.962060
  C       0.529553     -1.509905     -0.672386
  C       1.116557     -1.554024      0.569827
  C       0.858109     -0.523909      1.495390
  C      -0.199036      1.647271      2.280406
  H       0.770732      2.050837      2.614163
  H      -0.700551      1.223160      3.166275
  H      -0.811047      2.476834      1.902373
  H      -1.230681      1.494496     -0.289759
  H      -1.421132     -0.928053     -1.033785
  H       0.733900     -2.280463     -1.420551
  H       1.803480     -2.363892      0.823794
  H       1.370176     -0.567092      2.462662
  N      -0.637856     -0.051196     -3.748348
  O      -0.106198     -0.931703     -4.353658
  O      -1.070322      1.014494     -4.067487
18
Coordinates from ORCA-job neb_meta_educts_ts_MEP_ALL E -475.753875853052
  C      -0.033081      0.582599      1.021948
  C      -0.637024      0.612606     -0.217748
  C      -0.485179     -0.497656     -1.165739
  C       0.489283     -1.549571     -0.856529
  C       1.085141     -1.567194      0.379113
  C       0.831290     -0.517011      1.290510
  C      -0.224570      1.665547      2.045697
  H       0.746377      2.070187      2.373790
  H      -0.731695      1.264239      2.938861
  H      -0.830300      2.491593      1.650184
  H      -1.273814      1.446411     -0.525455
  H      -1.477921     -1.016018     -1.179328
  H       0.686705     -2.309695     -1.616834
  H       1.781693     -2.363029      0.651080
  H       1.355707     -0.534362      2.252770
  N      -0.425745     -0.021068     -2.687071
  O       0.036201     -0.821911     -3.453726
  O      -0.893067      1.064333     -2.901525
18
Coordinates from ORCA-job neb_meta_educts_ts_MEP_ALL E -475.663166774592
  C       0.282504      0.587724      3.016425
  C      -0.242160      0.906397      1.738144
  C       0.007265      0.087490      0.647154
  C       0.791740     -1.075227      0.803298
  C       1.323019     -1.407891      2.065932
  C       1.072361     -0.590001      3.154780
  C       0.025713      1.457100      4.200688
  H       0.975931      1.865044      4.593518
  H      -0.410616      0.870642      5.029391
  H      -0.643200      2.296763      3.969193
  H      -0.848017      1.808060      1.622176
  H      -0.402223      0.337747     -0.333945
  H       0.987268     -1.719181     -0.057691
  H       1.928231     -2.309645      2.181531
  H       1.478961     -0.843180      4.137118
  N      -2.180812     -0.930741    -12.296400
  O      -1.885807     -0.993276    -11.178936
  O      -2.260159     -0.347826    -13.292376
18
Coordinates from ORCA-job neb_meta_educts_ts_MEP_ALL E -475.719692863990
  C       0.249209      0.586094      2.798938
  C      -0.288043      0.879269      1.526083
  C      -0.035892      0.021196      0.458562
  C       0.762307     -1.134661      0.615474
  C       1.300149     -1.429390      1.879175
  C       1.047592     -0.583295      2.949971
  C      -0.002055      1.481673      3.965904
  H       0.951447      1.888856      4.349282
  H      -0.446875      0.912486      4.801432
  H      -0.664735      2.321114      3.716407
  H      -0.899192      1.774017      1.385333
  H      -0.551045      0.190556     -0.490323
  H       0.955665     -1.788876     -0.238114
  H       1.916785     -2.320984      2.011004
  H       1.468646     -0.810823      3.932803
  N      -2.016820     -0.849292    -11.277035
  O      -1.629671     -0.994411    -10.192122
  O      -2.117472     -0.143528    -12.192773
18
Coordinates from ORCA-job neb_meta_educts_ts_MEP_ALL E -475.714931313031
  C       0.215422      0.585167      2.581312
  C      -0.332886      0.851632      1.312656
  C      -0.071141     -0.036268      0.263248
  C       0.731647     -1.192298      0.429258
  C       1.276155     -1.449931      1.693217
  C       1.022231     -0.576405      2.745361
  C      -0.029785      1.506116      3.730678
  H       0.926842      1.912388      4.105405
  H      -0.483068      0.954955      4.573221
  H      -0.685819      2.345207      3.463277
  H      -0.948551      1.739488      1.148637
  H      -0.704959      0.032620     -0.626256
  H       0.923626     -1.857431     -0.416044
  H       1.903795     -2.331069      1.841386
  H       1.457262     -0.777957      3.728028
  N      -1.869430     -0.749449    -10.252669
  O      -1.355741     -1.023069     -9.242977
  O      -1.975599      0.066305    -11.077738
18
Coordinates from ORCA-job neb_meta_educts_ts_MEP_ALL E -475.707234983185
  C       0.180797      0.584996      2.363118
  C      -0.376687      0.822952      1.097677
  C      -0.103787     -0.087192      0.059427
  C       0.699592     -1.247476      0.244738
  C       1.250910     -1.469201      1.507745
  C       0.996165     -0.569161      2.540808
  C      -0.057819      1.530253      3.494808
  H       0.901687      1.935696      3.861778
  H      -0.519446      0.997941      4.344571
  H      -0.706894      2.368779      3.209584
  H      -0.996362      1.703918      0.911920
  H      -0.856829     -0.133371     -0.736981
  H       0.891424     -1.924580     -0.590944
  H       1.889286     -2.339428      1.672645
  H       1.444660     -0.744415      3.522642
  N      -1.741239     -0.616737     -9.193439
  O      -1.065262     -1.085000     -8.360357
  O      -1.830196      0.272025     -9.949740
18
Coordinates from ORCA-job neb_meta_educts_ts_MEP_ALL E -475.695545459576
  C       0.145411      0.584935      2.143048
  C      -0.419368      0.792967      0.880541
  C      -0.141983     -0.138364     -0.151581
  C       0.666255     -1.299717      0.060891
  C       1.224352     -1.487127      1.321654
  C       0.968862     -0.560893      2.335380
  C      -0.086375      1.554126      3.257414
  H       0.875552      1.958893      3.617251
  H      -0.556409      1.041581      4.114292
  H      -0.728318      2.391755      2.954056
  H      -1.043190      1.666715      0.674007
  H      -0.998454     -0.302036     -0.823946
  H       0.859141     -1.990786     -0.763197
  H       1.873209     -2.346032      1.504100
  H       1.430599     -0.710097      3.315745
  N      -1.595519     -0.449456     -8.057271
  O      -0.790643     -1.159163     -7.576747
  O      -1.683122      0.452698     -8.805635
18
Coordinates from ORCA-job neb_meta_educts_ts_MEP_ALL E -475.678158997621
  C       0.109696      0.585100      1.921825
  C      -0.460795      0.761954      0.661868
  C      -0.191854     -0.195537     -0.363566
  C       0.632482     -1.349823     -0.122013
  C       1.196784     -1.504218      1.135701
  C       0.940780     -0.552249      2.129455
  C      -0.114969      1.577619      3.018759
  H       0.849135      1.981681      3.372137
  H      -0.593447      1.085789      3.882733
  H      -0.749408      2.414111      2.697084
  H      -1.089021      1.627862      0.435467
  H      -1.124093     -0.466202     -0.892974
  H       0.826780     -2.056983     -0.932113
  H       1.855461     -2.351605      1.336107
  H       1.415200     -0.675552      3.107753
  N      -1.377897     -0.306019     -6.900779
  O      -0.582328     -1.180136     -6.850333
  O      -1.542508      0.604208     -7.637112
18
Coordinates from ORCA-job neb_meta_educts_ts_MEP_ALL E -475.662069581794
  C       0.073888      0.585202      1.697365
  C      -0.502186      0.729257      0.440260
  C      -0.254834     -0.262609     -0.572941
  C       0.598452     -1.399757     -0.305605
  C       1.169000     -1.521066      0.948204
  C       0.912439     -0.543346      1.920744
  C      -0.143397      1.600810      2.776342
  H       0.822746      2.004198      3.123509
  H      -0.630196      1.130658      3.647412
  H      -0.770075      2.435776      2.436075
  H      -1.134955      1.586658      0.194500
  H      -1.234820     -0.624188     -0.949427
  H       0.794824     -2.125889     -1.098223
  H       1.837011     -2.356657      1.166619
  H       1.399309     -0.640624      2.896241
  N      -1.123049     -0.214954     -5.801037
  O      -0.417641     -1.130703     -6.078487
  O      -1.396518      0.747233     -6.441550
18
Coordinates from ORCA-job neb_meta_educts_ts_MEP_ALL E -475.658130326346
  C       0.038280      0.585155      1.469900
  C      -0.544845      0.693972      0.216706
  C      -0.330092     -0.341847     -0.774431
  C       0.564361     -1.451918     -0.489137
  C       1.142247     -1.537741      0.759654
  C       0.884668     -0.533992      1.709241
  C      -0.171555      1.623812      2.530096
  H       0.796493      2.026876      2.870879
  H      -0.666184      1.176141      3.408323
  H      -0.790606      2.456582      2.171036
  H      -1.181915      1.542539     -0.047826
  H      -1.333039     -0.777636     -0.992574
  H       0.764688     -2.200976     -1.259206
  H       1.819489     -2.361037      0.995768
  H       1.384007     -0.604823      2.681062
  N      -0.876139     -0.139480     -4.759954
  O      -0.261969     -1.039836     -5.240976
  O      -1.237890      0.884208     -5.248562
18
Coordinates from ORCA-job neb_meta_educts_ts_MEP_ALL E -475.685592896060
  C       0.002992      0.585074      1.240437
  C      -0.590587      0.654080     -0.006961
  C      -0.417739     -0.436162     -0.961372
  C       0.529475     -1.509577     -0.672334
  C       1.116670     -1.553926      0.570146
  C       0.858169     -0.523938      1.495750
  C      -0.198992      1.647220      2.280813
  H       0.770800      2.050794      2.614544
  H      -0.700470      1.223102      3.166647
  H      -0.810990      2.476808      1.902781
  H      -1.230658      1.494556     -0.289348
  H      -1.420991     -0.927706     -1.034078
  H       0.733871     -2.280375     -1.420317
  H       1.803491     -2.363907      0.824054
  H       1.370198     -0.567157      2.462982
  N      -0.638029     -0.051100     -3.750412
  O      -0.106670     -0.931720     -4.354500
  O      -1.070541      1.013932     -4.068832
18
Coordinates from ORCA-job neb_meta_educts_ts_MEP_ALL E -475.753875853052
  C      -0.033071      0.582594      1.021952
  C      -0.637022      0.612611     -0.217741
  C      -0.485188     -0.497647     -1.165739
  C       0.489268     -1.549569     -0.856540
  C       1.085133     -1.567203      0.379098
  C       0.831294     -0.517023      1.290503
  C      -0.224548      1.665538      2.045707
  H       0.746403      2.070170      2.373797
  H      -0.731671      1.264227      2.938873
  H      -0.830275      2.491589      1.650202
  H      -1.273808      1.446422     -0.525439
  H      -1.477934     -1.016002     -1.179325
  H       0.686681     -2.309691     -1.616851
  H       1.781681     -2.363044      0.651056
  H       1.355716     -0.534383      2.252759
  N      -0.425760     -0.021050     -2.687068
  O       0.036176     -0.821892     -3.453730
  O      -0.893077      1.064355     -2.901514
18
Coordinates from ORCA-job neb_meta_educts_ts_MEP_ALL E -475.663166774592
  C       0.282504      0.587724      3.016425
  C      -0.242160      0.906397      1.738144
  C       0.007265      0.087490      0.647154
  C       0.791740     -1.075227      0.803298
  C       1.323019     -1.407891      2.065932
  C       1.072361     -0.590001      3.154780
  C       0.025713      1.457100      4.200688
  H       0.975931      1.865044      4.593518
  H      -0.410616      0.870642      5.029391
  H      -0.643200      2.296763      3.969193
  H      -0.848017      1.808060      1.622176
  H      -0.402223      0.337747     -0.333945
  H       0.987268     -1.719181     -0.057691
  H       1.928231     -2.309645      2.181531
  H       1.478961     -0.843180      4.137118
  N      -2.180812     -0.930741    -12.296400
  O      -1.885807     -0.993276    -11.178936
  O      -2.260159     -0.347826    -13.292376
18
Coordinates from ORCA-job neb_meta_educts_ts_MEP_ALL E -475.719727578565
  C       0.249209      0.586094      2.798938
  C      -0.288043      0.879269      1.526083
  C      -0.035892      0.021196      0.458562
  C       0.762307     -1.134661      0.615474
  C       1.300149     -1.429390      1.879175
  C       1.047592     -0.583295      2.949971
  C      -0.002055      1.481673      3.965904
  H       0.951447      1.888856      4.349282
  H      -0.446875      0.912486      4.801432
  H      -0.664735      2.321114      3.716407
  H      -0.899192      1.774017      1.385333
  H      -0.551045      0.190556     -0.490323
  H       0.955665     -1.788876     -0.238114
  H       1.916785     -2.320984      2.011004
  H       1.468646     -0.810823      3.932803
  N      -2.016820     -0.849292    -11.277035
  O      -1.629671     -0.994411    -10.192122
  O      -2.117472     -0.143528    -12.192773
18
Coordinates from ORCA-job neb_meta_educts_ts_MEP_ALL E -475.715032184849
  C       0.215422      0.585167      2.581312
  C      -0.332886      0.851632      1.312656
  C      -0.071141     -0.036268      0.263248
  C       0.731647     -1.192298      0.429258
  C       1.276155     -1.449931      1.693217
  C       1.022231     -0.576405      2.745361
  C      -0.029785      1.506116      3.730678
  H       0.926842      1.912388      4.105405
  H      -0.483068      0.954955      4.573221
  H      -0.685819      2.345207      3.463277
  H      -0.948551      1.739488      1.148637
  H      -0.704959      0.032620     -0.626256
  H       0.923626     -1.857431     -0.416044
  H       1.903795     -2.331069      1.841386
  H       1.457262     -0.777957      3.728028
  N      -1.869430     -0.749449    -10.252669
  O      -1.355741     -1.023069     -9.242977
  O      -1.975599      0.066305    -11.077738
18
Coordinates from ORCA-job neb_meta_educts_ts_MEP_ALL E -475.707362168667
  C       0.180797      0.584996      2.363118
  C      -0.376687      0.822952      1.097677
  C      -0.103787     -0.087192      0.059427
  C       0.699592     -1.247476      0.244738
  C       1.250910     -1.469201      1.507745
  C       0.996165     -0.569161      2.540808
  C      -0.057819      1.530253      3.494808
  H       0.901687      1.935696      3.861778
  H      -0.519446      0.997941      4.344571
  H      -0.706894      2.368779      3.209584
  H      -0.996362      1.703918      0.911920
  H      -0.856829     -0.133371     -0.736981
  H       0.891424     -1.924580     -0.590944
  H       1.889286     -2.339428      1.672645
  H       1.444660     -0.744415      3.522642
  N      -1.741239     -0.616737     -9.193439
  O      -1.065262     -1.085000     -8.360357
  O      -1.830196      0.272025     -9.949740
18
Coordinates from ORCA-job neb_meta_educts_ts_MEP_ALL E -475.695737082035
  C       0.145411      0.584935      2.143048
  C      -0.419368      0.792967      0.880541
  C      -0.141983     -0.138364     -0.151581
  C       0.666255     -1.299717      0.060891
  C       1.224352     -1.487127      1.321654
  C       0.968862     -0.560893      2.335380
  C      -0.086375      1.554126      3.257414
  H       0.875552      1.958893      3.617251
  H      -0.556409      1.041581      4.114292
  H      -0.728318      2.391755      2.954056
  H      -1.043190      1.666715      0.674007
  H      -0.998454     -0.302036     -0.823946
  H       0.859141     -1.990786     -0.763197
  H       1.873209     -2.346032      1.504100
  H       1.430599     -0.710097      3.315745
  N      -1.595519     -0.449456     -8.057271
  O      -0.790643     -1.159163     -7.576747
  O      -1.683122      0.452698     -8.805635
18
Coordinates from ORCA-job neb_meta_educts_ts_MEP_ALL E -475.678481752942
  C       0.109696      0.585100      1.921825
  C      -0.460795      0.761954      0.661868
  C      -0.191854     -0.195537     -0.363566
  C       0.632482     -1.349823     -0.122013
  C       1.196784     -1.504218      1.135701
  C       0.940780     -0.552249      2.129455
  C      -0.114969      1.577619      3.018759
  H       0.849135      1.981681      3.372137
  H      -0.593447      1.085789      3.882733
  H      -0.749408      2.414111      2.697084
  H      -1.089021      1.627862      0.435467
  H      -1.124093     -0.466202     -0.892974
  H       0.826780     -2.056983     -0.932113
  H       1.855461     -2.351605      1.336107
  H       1.415200     -0.675552      3.107753
  N      -1.377897     -0.306019     -6.900779
  O      -0.582328     -1.180136     -6.850333
  O      -1.542508      0.604208     -7.637112
18
Coordinates from ORCA-job neb_meta_educts_ts_MEP_ALL E -475.662500005404
  C       0.073888      0.585202      1.697365
  C      -0.502186      0.729257      0.440260
  C      -0.254834     -0.262609     -0.572941
  C       0.598452     -1.399757     -0.305605
  C       1.169000     -1.521066      0.948204
  C       0.912439     -0.543346      1.920744
  C      -0.143397      1.600810      2.776342
  H       0.822746      2.004198      3.123509
  H      -0.630196      1.130658      3.647412
  H      -0.770075      2.435776      2.436075
  H      -1.134955      1.586658      0.194500
  H      -1.234820     -0.624188     -0.949427
  H       0.794824     -2.125889     -1.098223
  H       1.837011     -2.356657      1.166619
  H       1.399309     -0.640624      2.896241
  N      -1.123049     -0.214954     -5.801037
  O      -0.417641     -1.130703     -6.078487
  O      -1.396518      0.747233     -6.441550
18
Coordinates from ORCA-job neb_meta_educts_ts_MEP_ALL E -475.658535155224
  C       0.038280      0.585155      1.469900
  C      -0.544845      0.693972      0.216706
  C      -0.330092     -0.341847     -0.774431
  C       0.564361     -1.451918     -0.489137
  C       1.142247     -1.537741      0.759654
  C       0.884668     -0.533992      1.709241
  C      -0.171555      1.623812      2.530096
  H       0.796493      2.026876      2.870879
  H      -0.666184      1.176141      3.408323
  H      -0.790606      2.456582      2.171036
  H      -1.181915      1.542539     -0.047826
  H      -1.333039     -0.777636     -0.992574
  H       0.764688     -2.200976     -1.259206
  H       1.819489     -2.361037      0.995768
  H       1.384007     -0.604823      2.681062
  N      -0.876139     -0.139480     -4.759954
  O      -0.261969     -1.039836     -5.240976
  O      -1.237890      0.884208     -5.248562
18
Coordinates from ORCA-job neb_meta_educts_ts_MEP_ALL E -475.685742534072
  C       0.002992      0.585074      1.240437
  C      -0.590587      0.654080     -0.006961
  C      -0.417739     -0.436162     -0.961372
  C       0.529475     -1.509577     -0.672334
  C       1.116670     -1.553926      0.570146
  C       0.858169     -0.523938      1.495750
  C      -0.198992      1.647220      2.280813
  H       0.770800      2.050794      2.614544
  H      -0.700470      1.223102      3.166647
  H      -0.810990      2.476808      1.902781
  H      -1.230658      1.494556     -0.289348
  H      -1.420991     -0.927706     -1.034078
  H       0.733871     -2.280375     -1.420317
  H       1.803491     -2.363907      0.824054
  H       1.370198     -0.567157      2.462982
  N      -0.638029     -0.051100     -3.750412
  O      -0.106670     -0.931720     -4.354500
  O      -1.070541      1.013932     -4.068832
18
Coordinates from ORCA-job neb_meta_educts_ts_MEP_ALL E -475.753875853052
  C      -0.033071      0.582594      1.021952
  C      -0.637022      0.612611     -0.217741
  C      -0.485188     -0.497647     -1.165739
  C       0.489268     -1.549569     -0.856540
  C       1.085133     -1.567203      0.379098
  C       0.831294     -0.517023      1.290503
  C      -0.224548      1.665538      2.045707
  H       0.746403      2.070170      2.373797
  H      -0.731671      1.264227      2.938873
  H      -0.830275      2.491589      1.650202
  H      -1.273808      1.446422     -0.525439
  H      -1.477934     -1.016002     -1.179325
  H       0.686681     -2.309691     -1.616851
  H       1.781681     -2.363044      0.651056
  H       1.355716     -0.534383      2.252759
  N      -0.425760     -0.021050     -2.687068
  O       0.036176     -0.821892     -3.453730
  O      -0.893077      1.064355     -2.901514
18
Coordinates from ORCA-job neb_meta_educts_ts_MEP_ALL E -475.663166774592
  C       0.282504      0.587724      3.016425
  C      -0.242160      0.906397      1.738144
  C       0.007265      0.087490      0.647154
  C       0.791740     -1.075227      0.803298
  C       1.323019     -1.407891      2.065932
  C       1.072361     -0.590001      3.154780
  C       0.025713      1.457100      4.200688
  H       0.975931      1.865044      4.593518
  H      -0.410616      0.870642      5.029391
  H      -0.643200      2.296763      3.969193
  H      -0.848017      1.808060      1.622176
  H      -0.402223      0.337747     -0.333945
  H       0.987268     -1.719181     -0.057691
  H       1.928231     -2.309645      2.181531
  H       1.478961     -0.843180      4.137118
  N      -2.180812     -0.930741    -12.296400
  O      -1.885807     -0.993276    -11.178936
  O      -2.260159     -0.347826    -13.292376
18
Coordinates from ORCA-job neb_meta_educts_ts_MEP_ALL E -475.719728568273
  C       0.249197      0.587437      2.799283
  C      -0.287119      0.877672      1.524571
  C      -0.038591      0.021654      0.458444
  C       0.761998     -1.133798      0.616004
  C       1.300684     -1.429314      1.879782
  C       1.048226     -0.584428      2.950017
  C      -0.002083      1.481322      3.965689
  H       0.951556      1.888864      4.349425
  H      -0.446832      0.912516      4.801623
  H      -0.664705      2.321089      3.716360
  H      -0.899375      1.773734      1.385397
  H      -0.549939      0.191177     -0.490870
  H       0.955492     -1.788931     -0.238024
  H       1.916831     -2.320951      2.011198
  H       1.468577     -0.810837      3.932811
  N      -2.015714     -0.847029    -11.276437
  O      -1.630185     -0.995505    -10.192301
  O      -2.118018     -0.144671    -12.192971
18
Coordinates from ORCA-job neb_meta_educts_ts_MEP_ALL E -475.715035880623
  C       0.215388      0.587711      2.581487
  C      -0.330693      0.849041      1.310100
  C      -0.076920     -0.036431      0.263972
  C       0.731508     -1.190477      0.430165
  C       1.277059     -1.449855      1.694007
  C       1.023367     -0.578322      2.745574
  C      -0.029880      1.505444      3.730425
  H       0.927017      1.912385      4.105623
  H      -0.482975      0.955053      4.573556
  H      -0.685753      2.345173      3.463186
  H      -0.948955      1.738960      1.148798
  H      -0.702720      0.034104     -0.627813
  H       0.923259     -1.857606     -0.415887
  H       1.903832     -2.331045      1.841747
  H       1.457145     -0.777991      3.728036
  N      -1.866742     -0.745635    -10.251514
  O      -1.357232     -1.024565     -9.243965
  O      -1.976705      0.064057    -11.077498
18
Coordinates from ORCA-job neb_meta_educts_ts_MEP_ALL E -475.707369902645
  C       0.180857      0.588298      2.362712
  C      -0.373084      0.820035      1.094461
  C      -0.112219     -0.088967      0.062187
  C       0.699906     -1.244608      0.245674
  C       1.251965     -1.469226      1.508293
  C       0.997481     -0.571310      2.541257
  C      -0.058023      1.529335      3.494727
  H       0.901924      1.935666      3.861996
  H      -0.519304      0.998151      4.344988
  H      -0.706764      2.368764      3.209458
  H      -0.996988      1.703230      0.912215
  H      -0.853770     -0.130931     -0.740041
  H       0.890863     -1.924928     -0.590724
  H       1.889242     -2.339478      1.673113
  H       1.444535     -0.744479      3.522657
  N      -1.736285     -0.612808     -9.192852
  O      -1.068521     -1.085375     -8.362143
  O      -1.831813      0.268630     -9.947977
18
Coordinates from ORCA-job neb_meta_educts_ts_MEP_ALL E -475.695750356383
  C       0.145636      0.588691      2.142088
  C      -0.414650      0.790244      0.876665
  C      -0.152057     -0.141930     -0.145849
  C       0.667120     -1.296080      0.061361
  C       1.225379     -1.487256      1.321831
  C       0.970220     -0.563014      2.336051
  C      -0.086739      1.553032      3.257517
  H       0.875912      1.958834      3.617404
  H      -0.556191      1.041926      4.114739
  H      -0.728065      2.391781      2.953902
  H      -1.043959      1.665973      0.674463
  H      -0.995174     -0.298844     -0.828683
  H       0.858412     -1.991307     -0.762924
  H       1.873007     -2.346203      1.504589
  H       1.430499     -0.710170      3.315730
  N      -1.587503     -0.446856     -8.060260
  O      -0.795757     -1.158418     -7.576436
  O      -1.686089      0.449598     -8.802188
18
Coordinates from ORCA-job neb_meta_educts_ts_MEP_ALL E -475.678504148244
  C       0.110047      0.588820      1.919210
  C      -0.455907      0.759542      0.655903
  C      -0.202381     -0.200980     -0.355827
  C       0.633425     -1.346012     -0.123604
  C       1.197567     -1.504458      1.134460
  C       0.941872     -0.554008      2.129056
  C      -0.115690      1.576623      3.017536
  H       0.849476      1.981743      3.370674
  H      -0.593349      1.086519      3.881733
  H      -0.749158      2.414316      2.695337
  H      -1.090154      1.626925      0.434629
  H      -1.121919     -0.463640     -0.899495
  H       0.825771     -2.058063     -0.932834
  H       1.855012     -2.351927      1.335516
  H       1.415093     -0.675378      3.106406
  N      -1.366436     -0.304565     -6.904994
  O      -0.586595     -1.180094     -6.839915
  O      -1.546675      0.604637     -7.623793
18
Coordinates from ORCA-job neb_meta_educts_ts_MEP_ALL E -475.662529446015
  C       0.073864      0.588187      1.688102
  C      -0.498976      0.726131      0.426928
  C      -0.266086     -0.271405     -0.568300
  C       0.597971     -1.397125     -0.313910
  C       1.169057     -1.521448      0.941416
  C       0.912456     -0.544239      1.914231
  C      -0.145024      1.600640      2.768005
  H       0.822358      2.004954      3.114477
  H      -0.631083      1.132774      3.639277
  H      -0.770398      2.436616      2.426526
  H      -1.137569      1.584516      0.186682
  H      -1.236314     -0.626224     -0.958147
  H       0.792883     -2.129301     -1.103691
  H       1.836037     -2.357150      1.160897
  H       1.398847     -0.639320      2.888495
  N      -1.106579     -0.211164     -5.780674
  O      -0.415745     -1.129323     -6.039782
  O      -1.395699      0.752881     -6.390533
18
Coordinates from ORCA-job neb_meta_educts_ts_MEP_ALL E -475.658563263793
  C       0.040324      0.586885      1.469162
  C      -0.541256      0.692149      0.210849
  C      -0.335864     -0.347899     -0.761937
  C       0.563977     -1.447344     -0.492200
  C       1.143422     -1.536876      0.759911
  C       0.885324     -0.534558      1.710328
  C      -0.172045      1.623144      2.530727
  H       0.796994      2.026841      2.870841
  H      -0.665765      1.176571      3.408647
  H      -0.790220      2.456679      2.171052
  H      -1.182887      1.542127     -0.046860
  H      -1.332060     -0.774715     -1.000037
  H       0.763663     -2.201673     -1.259029
  H       1.819195     -2.361375      0.996073
  H       1.384097     -0.604776      2.681028
  N      -0.871296     -0.136830     -4.776700
  O      -0.264979     -1.041119     -5.232232
  O      -1.240624      0.882772     -5.239622
18
Coordinates from ORCA-job neb_meta_educts_ts_MEP_ALL E -475.685749049097
  C       0.006927      0.585466      1.250094
  C      -0.586864      0.653759     -0.002918
  C      -0.416543     -0.436433     -0.946383
  C       0.528920     -1.503015     -0.668069
  C       1.119084     -1.551902      0.578908
  C       0.859658     -0.524538      1.505692
  C      -0.197843      1.645958      2.292126
  H       0.772287      2.049709      2.625564
  H      -0.698585      1.221297      3.177253
  H      -0.809780      2.475990      1.914444
  H      -1.229457      1.496362     -0.278128
  H      -1.417008     -0.919209     -1.038377
  H       0.734032     -2.277446     -1.413440
  H       1.804058     -2.364012      0.831600
  H       1.370801     -0.568833      2.472330
  N      -0.645141     -0.051189     -3.803271
  O      -0.117232     -0.934188     -4.384680
  O      -1.077312      1.002228     -4.112745
18
Coordinates from ORCA-job neb_meta_educts_ts_MEP_ALL E -475.753875853052
  C      -0.032964      0.582485      1.022017
  C      -0.636989      0.612682     -0.217634
  C      -0.485298     -0.497484     -1.165763
  C       0.489099     -1.549512     -0.856740
  C       1.085040     -1.567325      0.378860
  C       0.831336     -0.517226      1.290395
  C      -0.224296      1.665331      2.045903
  H       0.746706      2.069855      2.373976
  H      -0.731393      1.263961      2.939056
  H      -0.829986      2.491471      1.650526
  H      -1.273733      1.446574     -0.525202
  H      -1.478083     -1.015763     -1.179343
  H       0.686408     -2.309566     -1.617145
  H       1.781546     -2.363247      0.650688
  H       1.355817     -0.534730      2.252616
  N      -0.425930     -0.020726     -2.687044
  O       0.035899     -0.821519     -3.453822
  O      -0.893179      1.064738     -2.901342
18
Coordinates from ORCA-job neb_meta_educts_ts_MEP_ALL E -475.663166774592
  C       0.282504      0.587724      3.016425
  C      -0.242160      0.906397      1.738144
  C       0.007265      0.087490      0.647154
  C       0.791740     -1.075227      0.803298
  C       1.323019     -1.407891      2.065932
  C       1.072361     -0.590001      3.154780
  C       0.025713      1.457100      4.200688
  H       0.975931      1.865044      4.593518
  H      -0.410616      0.870642      5.029391
  H      -0.643200      2.296763      3.969193
  H      -0.848017      1.808060      1.622176
  H      -0.402223      0.337747     -0.333945
  H       0.987268     -1.719181     -0.057691
  H       1.928231     -2.309645      2.181531
  H       1.478961     -0.843180      4.137118
  N      -2.180812     -0.930741    -12.296400
  O      -1.885807     -0.993276    -11.178936
  O      -2.260159     -0.347826    -13.292376
18
Coordinates from ORCA-job neb_meta_educts_ts_MEP_ALL E -475.719933430199
  C       0.250278      0.586496      2.798612
  C      -0.287564      0.878695      1.525063
  C      -0.039574      0.019852      0.457848
  C       0.761381     -1.133030      0.616172
  C       1.300997     -1.429299      1.879406
  C       1.047818     -0.583541      2.950567
  C      -0.002124      1.481615      3.965882
  H       0.951505      1.888808      4.349531
  H      -0.446770      0.912526      4.801763
  H      -0.664629      2.321007      3.716369
  H      -0.899089      1.772709      1.385474
  H      -0.549219      0.192061     -0.492105
  H       0.955205     -1.788611     -0.237480
  H       1.917006     -2.321058      2.011394
  H       1.468659     -0.811025      3.933127
  N      -2.014989     -0.846048    -11.275604
  O      -1.630269     -0.996545    -10.191504
  O      -2.118622     -0.144610    -12.194515
18
Coordinates from ORCA-job neb_meta_educts_ts_MEP_ALL E -475.715807005712
  C       0.217661      0.586072      2.580590
  C      -0.331321      0.851061      1.310486
  C      -0.079386     -0.040248      0.263757
  C       0.730538     -1.189005      0.430179
  C       1.277729     -1.449691      1.693691
  C       1.022598     -0.576802      2.746228
  C      -0.029961      1.505991      3.730623
  H       0.926905      1.912277      4.105763
  H      -0.482890      0.955069      4.573824
  H      -0.685606      2.345043      3.463199
  H      -0.948479      1.737077      1.148995
  H      -0.701321      0.035934     -0.630567
  H       0.922673     -1.857039     -0.414894
  H       1.904096     -2.331274      1.842088
  H       1.457277     -0.778315      3.728625
  N      -1.865419     -0.744665    -10.250228
  O      -1.357089     -1.026612     -9.242031
  O      -1.978006      0.065125    -11.080329
18
Coordinates from ORCA-job neb_meta_educts_ts_MEP_ALL E -475.708991353491
  C       0.184148      0.586528      2.361952
  C      -0.373578      0.822787      1.094260
  C      -0.116424     -0.094480      0.063377
  C       0.699004     -1.242766      0.245341
  C       1.252946     -1.468689      1.508430
  C       0.996567     -0.569753      2.541651
  C      -0.058106      1.530044      3.494710
  H       0.901768      1.935521      3.862107
  H      -0.519258      0.998180      4.345392
  H      -0.706546      2.368634      3.209460
  H      -0.996452      1.700734      0.912555
  H      -0.851942     -0.128209     -0.744601
  H       0.889980     -1.924217     -0.589415
  H       1.889483     -2.339824      1.673532
  H       1.444652     -0.744855      3.523419
  N      -1.734683     -0.612720     -9.191636
  O      -1.067751     -1.088384     -8.359133
  O      -1.833808      0.271470     -9.951399
18
Coordinates from ORCA-job neb_meta_educts_ts_MEP_ALL E -475.695750356383
  C       0.145879      0.593175      2.140932
  C      -0.409072      0.787035      0.872037
  C      -0.164031     -0.146195     -0.139035
  C       0.668150     -1.291751      0.061942
  C       1.226589     -1.487378      1.322080
  C       0.971791     -0.565484      2.336866
  C      -0.087237      1.551786      3.257608
  H       0.876266      1.958824      3.617564
  H      -0.556010      1.042395      4.115241
  H      -0.727828      2.391852      2.953665
  H      -1.044893      1.665084      0.674957
  H      -0.991264     -0.295066     -0.834346
  H       0.857567     -1.991929     -0.762553
  H       1.872755     -2.346374      1.505234
  H       1.430329     -0.710200      3.315744
  N      -1.577834     -0.443902     -8.063804
  O      -0.801682     -1.157673     -7.576023
  O      -1.689475      0.445801     -8.798110
18
Coordinates from ORCA-job neb_meta_educts_ts_MEP_ALL E -475.678504148244
  C       0.110453      0.593243      1.916069
  C      -0.450134      0.756701      0.648758
  C      -0.214872     -0.207515     -0.346569
  C       0.634542     -1.341479     -0.125513
  C       1.198489     -1.504708      1.133012
  C       0.943121     -0.556041      2.128586
  C      -0.116615      1.575492      3.016032
  H       0.849804      1.981874      3.368891
  H      -0.593314      1.087446      3.880492
  H      -0.748927      2.414598      2.693182
  H      -1.091525      1.625798      0.433568
  H      -1.119338     -0.460622     -0.907299
  H       0.824595     -2.059364     -0.933653
  H       1.854468     -2.352281      1.334864
  H       1.414915     -0.675113      3.104820
  N      -1.352726     -0.302948     -6.910094
  O      -0.591467     -1.180174     -6.827306
  O      -1.551472      0.605094     -7.607839
18
Coordinates from ORCA-job neb_meta_educts_ts_MEP_ALL E -475.662529446015
  C       0.074149      0.591582      1.678616
  C      -0.495053      0.722668      0.412458
  C      -0.278583     -0.281377     -0.561373
  C       0.597483     -1.393653     -0.322728
  C       1.169309     -1.521683      0.934663
  C       0.912567     -0.545238      1.907899
  C      -0.146819      1.600375      2.759696
  H       0.821986      2.005752      3.105372
  H      -0.631983      1.135033      3.631127
  H      -0.770711      2.437511      2.416864
  H      -1.140382      1.582268      0.178942
  H      -1.237574     -0.627728     -0.968313
  H       0.790777     -2.132873     -1.109106
  H       1.834984     -2.357686      1.155271
  H       1.398338     -0.637956      2.880737
  N      -1.088878     -0.207024     -5.763246
  O      -0.414262     -1.128313     -5.999232
  O      -1.395347      0.758344     -6.337645
18
Coordinates from ORCA-job neb_meta_educts_ts_MEP_ALL E -475.658563263793
  C       0.042760      0.588964      1.468504
  C      -0.536945      0.690031      0.204115
  C      -0.342639     -0.355030     -0.746872
  C       0.563579     -1.441864     -0.495599
  C       1.144829     -1.535815      0.760454
  C       0.886092     -0.535216      1.711871
  C      -0.172657      1.622363      2.531704
  H       0.797546      2.026816      2.871051
  H      -0.665311      1.177082      3.409252
  H      -0.789791      2.456803      2.171294
  H      -1.183993      1.541676     -0.045507
  H      -1.330775     -0.771090     -1.008908
  H       0.762503     -2.202439     -1.258599
  H       1.818840     -2.361759      0.996693
  H       1.384157     -0.604721      2.681259
  N      -0.865681     -0.133836     -4.797695
  O      -0.268577     -1.042853     -5.222722
  O      -1.243936      0.880887     -5.230297
18
Coordinates from ORCA-job neb_meta_educts_ts_MEP_ALL E -475.686892754759
  C       0.009688      0.586585      1.256199
  C      -0.581961      0.655364      0.006813
  C      -0.416350     -0.436058     -0.931983
  C       0.532181     -1.499471     -0.658845
  C       1.120269     -1.549510      0.583951
  C       0.861324     -0.525086      1.515617
  C      -0.196343      1.644935      2.302371
  H       0.773601      2.048766      2.636419
  H      -0.696947      1.219538      3.187916
  H      -0.808540      2.475229      1.925800
  H      -1.228075      1.497069     -0.267326
  H      -1.414721     -0.911016     -1.045000
  H       0.733529     -2.274200     -1.406284
  H       1.804476     -2.364022      0.839097
  H       1.371420     -0.570490      2.482163
  N      -0.652090     -0.055736     -3.847081
  O      -0.121124     -0.947865     -4.420666
  O      -1.090338      1.005969     -4.159159
18
Coordinates from ORCA-job neb_meta_educts_ts_MEP_ALL E -475.753875853052
  C      -0.032880      0.582467      1.022030
  C      -0.636914      0.612768     -0.217615
  C      -0.485372     -0.497397     -1.165769
  C       0.488894     -1.549556     -0.856778
  C       1.084844     -1.567471      0.378816
  C       0.831282     -0.517360      1.290376
  C      -0.224066      1.665316      2.045941
  H       0.746991      2.069709      2.374014
  H      -0.731205      1.263991      2.939090
  H      -0.829654      2.491541      1.650587
  H      -1.273554      1.446747     -0.525159
  H      -1.478223     -1.015550     -1.179352
  H       0.686100     -2.309618     -1.617201
  H       1.781252     -2.363488      0.650620
  H       1.355770     -0.534951      2.252592
  N      -0.425957     -0.020614     -2.687041
  O       0.035763     -0.821449     -3.453840
  O      -0.893070      1.064914     -2.901311
18
Coordinates from ORCA-job neb_meta_educts_ts_MEP_ALL E -475.663166774592
  C       0.282504      0.587724      3.016425
  C      -0.242160      0.906397      1.738144
  C       0.007265      0.087490      0.647154
  C       0.791740     -1.075227      0.803298
  C       1.323019     -1.407891      2.065932
  C       1.072361     -0.590001      3.154780
  C       0.025713      1.457100      4.200688
  H       0.975931      1.865044      4.593518
  H      -0.410616      0.870642      5.029391
  H      -0.643200      2.296763      3.969193
  H      -0.848017      1.808060      1.622176
  H      -0.402223      0.337747     -0.333945
  H       0.987268     -1.719181     -0.057691
  H       1.928231     -2.309645      2.181531
  H       1.478961     -0.843180      4.137118
  N      -2.180812     -0.930741    -12.296400
  O      -1.885807     -0.993276    -11.178936
  O      -2.260159     -0.347826    -13.292376
18
Coordinates from ORCA-job neb_meta_educts_ts_MEP_ALL E -475.719979388596
  C       0.250273      0.586690      2.798663
  C      -0.287429      0.878437      1.524845
  C      -0.039954      0.019935      0.457862
  C       0.761341     -1.132948      0.616228
  C       1.301058     -1.429255      1.879509
  C       1.047920     -0.583714      2.950557
  C      -0.002117      1.481558      3.965849
  H       0.951518      1.888810      4.349554
  H      -0.446763      0.912530      4.801788
  H      -0.664627      2.321005      3.716361
  H      -0.899125      1.772679      1.385482
  H      -0.549063      0.192159     -0.492215
  H       0.955173     -1.788604     -0.237449
  H       1.917017     -2.321056      2.011421
  H       1.468650     -0.811029      3.933138
  N      -2.014848     -0.845704    -11.275581
  O      -1.630334     -0.996695    -10.191516
  O      -2.118691     -0.144800    -12.194498
18
Coordinates from ORCA-job neb_meta_educts_ts_MEP_ALL E -475.716004270888
  C       0.217651      0.586445      2.580614
  C      -0.331009      0.850636      1.310135
  C      -0.080199     -0.040232      0.263893
  C       0.730522     -1.188828      0.430291
  C       1.277837     -1.449621      1.693822
  C       1.022787     -0.577098      2.746244
  C      -0.029953      1.505885      3.730580
  H       0.926924      1.912278      4.105799
  H      -0.482875      0.955083      4.573869
  H      -0.685601      2.345042      3.463183
  H      -0.948555      1.737020      1.149014
  H      -0.701007      0.036162     -0.630848
  H       0.922608     -1.857035     -0.414841
  H       1.904110     -2.331274      1.842138
  H       1.457258     -0.778322      3.728639
  N      -1.865071     -0.744079    -10.250155
  O      -1.357286     -1.026812     -9.242158
  O      -1.978142      0.064751    -11.080218
18
Coordinates from ORCA-job neb_meta_educts_ts_MEP_ALL E -475.709460124537
  C       0.184153      0.587018      2.361882
  C      -0.373075      0.822308      1.093857
  C      -0.117608     -0.094679      0.063780
  C       0.699048     -1.242472      0.245488
  C       1.253080     -1.468627      1.508514
  C       0.996796     -0.570086      2.541719
  C      -0.058105      1.529901      3.494689
  H       0.901794      1.935517      3.862147
  H      -0.519234      0.998207      4.345448
  H      -0.706533      2.368637      3.209441
  H      -0.996564      1.700655      0.912591
  H      -0.851519     -0.127837     -0.745124
  H       0.889884     -1.924230     -0.589350
  H       1.889487     -2.339832      1.673599
  H       1.444627     -0.744869      3.523433
  N      -1.734039     -0.612090     -9.191662
  O      -1.068187     -1.088429     -8.359379
  O      -1.834006      0.270910     -9.951076
18
Coordinates from ORCA-job neb_meta_educts_ts_MEP_ALL E -475.695750356383
  C       0.145915      0.593793      2.140774
  C      -0.408296      0.786586      0.871398
  C      -0.165692     -0.146784     -0.138090
  C       0.668295     -1.291151      0.062019
  C       1.226760     -1.487398      1.322108
  C       0.972014     -0.565833      2.336976
  C      -0.087301      1.551605      3.257624
  H       0.876322      1.958815      3.617589
  H      -0.555977      1.042449      4.115314
  H      -0.727791      2.391854      2.953640
  H      -1.045023      1.664959      0.675032
  H      -0.990723     -0.294541     -0.835128
  H       0.857449     -1.992014     -0.762509
  H       1.872725     -2.346400      1.505314
  H       1.430313     -0.710211      3.315742
  N      -1.576510     -0.443474     -8.064295
  O      -0.802519     -1.157550     -7.575970
  O      -1.689963      0.445292     -8.797539
18
Coordinates from ORCA-job neb_meta_educts_ts_MEP_ALL E -475.678504148244
  C       0.110510      0.593853      1.915629
  C      -0.449333      0.756302      0.647764
  C      -0.216606     -0.208418     -0.345296
  C       0.634697     -1.340852     -0.125787
  C       1.198619     -1.504746      1.132800
  C       0.943299     -0.556328      2.128512
  C      -0.116739      1.575328      3.015821
  H       0.849854      1.981885      3.368640
  H      -0.593303      1.087565      3.880317
  H      -0.748891      2.414630      2.692883
  H      -1.091716      1.625640      0.433420
  H      -1.118984     -0.460208     -0.908380
  H       0.824431     -2.059544     -0.933779
  H       1.854396     -2.352332      1.334759
  H       1.414897     -0.675082      3.104590
  N      -1.350828     -0.302704     -6.910759
  O      -0.592153     -1.180165     -6.825544
  O      -1.552148      0.605175     -7.605589
18
Coordinates from ORCA-job neb_meta_educts_ts_MEP_ALL E -475.662529446015
  C       0.074174      0.592058      1.677232
  C      -0.494513      0.722174      0.410391
  C      -0.280359     -0.282780     -0.560479
  C       0.597413     -1.393186     -0.324001
  C       1.169337     -1.521727      0.933662
  C       0.912580     -0.545383      1.906955
  C      -0.147073      1.600335      2.758474
  H       0.821931      2.005862      3.104038
  H      -0.632112      1.135351      3.629930
  H      -0.770757      2.437634      2.415452
  H      -1.140786      1.581942      0.177801
  H      -1.237772     -0.627977     -0.969730
  H       0.790476     -2.133388     -1.109912
  H       1.834836     -2.357764      1.154431
  H       1.398268     -0.637763      2.879592
  N      -1.086339     -0.206425     -5.760519
  O      -0.414027     -1.128133     -5.993361
  O      -1.395277      0.759170     -6.329954
18
Coordinates from ORCA-job neb_meta_educts_ts_MEP_ALL E -475.670195641032
  C       0.043097      0.589249      1.468397
  C      -0.536351      0.689733      0.203164
  C      -0.343585     -0.356023     -0.744800
  C       0.563519     -1.441107     -0.496090
  C       1.145023     -1.535671      0.760510
  C       0.886199     -0.535310      1.712066
  C      -0.172741      1.622251      2.531824
  H       0.797624      2.026808      2.871063
  H      -0.665246      1.177149      3.409320
  H      -0.789730      2.456816      2.171314
  H      -1.184150      1.541610     -0.045333
  H      -1.330605     -0.770598     -1.010139
  H       0.762339     -2.202548     -1.258559
  H       1.818791     -2.361814      0.996757
  H       1.384169     -0.604716      2.681270
  N      -0.864891     -0.133403     -4.800524
  O      -0.269073     -1.043070     -5.221338
  O      -1.244390      0.880645     -5.228903
18
Coordinates from ORCA-job neb_meta_educts_ts_MEP_ALL E -475.686007513981
  C       0.010324      0.586686      1.257691
  C      -0.581443      0.655404      0.007453
  C      -0.416216     -0.436116     -0.929667
  C       0.532146     -1.498597     -0.658223
  C       1.120718     -1.549244      0.585317
  C       0.861535     -0.525164      1.517023
  C      -0.196169      1.644736      2.303992
  H       0.773818      2.048606      2.638041
  H      -0.696669      1.219269      3.189470
  H      -0.808359      2.475111      1.927515
  H      -1.227880      1.497270     -0.265667
  H      -1.414215     -0.909754     -1.045807
  H       0.733523     -2.273743     -1.405240
  H       1.804526     -2.364002      0.840186
  H       1.371512     -0.570743      2.483567
  N      -0.653209     -0.055595     -3.854946
  O      -0.122662     -0.948251     -4.425142
  O      -1.091281      1.004126     -4.165563
18
Coordinates from ORCA-job neb_meta_educts_ts_MEP_ALL E -475.753875853052
  C      -0.032864      0.582451      1.022040
  C      -0.636908      0.612779     -0.217600
  C      -0.485389     -0.497372     -1.165773
  C       0.488868     -1.549549     -0.856806
  C       1.084828     -1.567490      0.378782
  C       0.831287     -0.517390      1.290360
  C      -0.224027      1.665286      2.045969
  H       0.747037      2.069662      2.374040
  H      -0.731164      1.263954      2.939116
  H      -0.829608      2.491526      1.650634
  H      -1.273541      1.446771     -0.525125
  H      -1.478246     -1.015513     -1.179355
  H       0.686057     -2.309601     -1.617244
  H       1.781228     -2.363520      0.650567
  H       1.355783     -0.535003      2.252572
  N      -0.425981     -0.020566     -2.687037
  O       0.035722     -0.821395     -3.453854
  O      -0.893082      1.064971     -2.901286
18
Coordinates from ORCA-job neb_meta_educts_ts_MEP_ALL E -475.663166774592
  C       0.282504      0.587724      3.016425
  C      -0.242160      0.906397      1.738144
  C       0.007265      0.087490      0.647154
  C       0.791740     -1.075227      0.803298
  C       1.323019     -1.407891      2.065932
  C       1.072361     -0.590001      3.154780
  C       0.025713      1.457100      4.200688
  H       0.975931      1.865044      4.593518
  H      -0.410616      0.870642      5.029391
  H      -0.643200      2.296763      3.969193
  H      -0.848017      1.808060      1.622176
  H      -0.402223      0.337747     -0.333945
  H       0.987268     -1.719181     -0.057691
  H       1.928231     -2.309645      2.181531
  H       1.478961     -0.843180      4.137118
  N      -2.180812     -0.930741    -12.296400
  O      -1.885807     -0.993276    -11.178936
  O      -2.260159     -0.347826    -13.292376
18
Coordinates from ORCA-job neb_meta_educts_ts_MEP_ALL E -475.720008495393
  C       0.250268      0.587006      2.798746
  C      -0.287209      0.878018      1.524488
  C      -0.040582      0.020066      0.457883
  C       0.761274     -1.132811      0.616321
  C       1.301160     -1.429183      1.879675
  C       1.048086     -0.583994      2.950544
  C      -0.002104      1.481467      3.965795
  H       0.951538      1.888812      4.349591
  H      -0.446750      0.912538      4.801831
  H      -0.664622      2.321002      3.716349
  H      -0.899183      1.772625      1.385496
  H      -0.548803      0.192324     -0.492398
  H       0.955120     -1.788590     -0.237395
  H       1.917036     -2.321052      2.011465
  H       1.468634     -0.811036      3.933157
  N      -2.014614     -0.845138    -11.275537
  O      -1.630443     -0.996944    -10.191534
  O      -2.118806     -0.145110    -12.194477
18
Coordinates from ORCA-job neb_meta_educts_ts_MEP_ALL E -475.716112105613
  C       0.217642      0.587052      2.580650
  C      -0.330499      0.849944      1.309561
  C      -0.081542     -0.040220      0.264114
  C       0.730490     -1.188531      0.430475
  C       1.278017     -1.449507      1.694034
  C       1.023095     -0.577577      2.746272
  C      -0.029940      1.505711      3.730511
  H       0.926956      1.912278      4.105858
  H      -0.482848      0.955105      4.573942
  H      -0.685592      2.345040      3.463158
  H      -0.948676      1.736918      1.149047
  H      -0.700487      0.036543     -0.631317
  H       0.922500     -1.857027     -0.414751
  H       1.904133     -2.331274      1.842221
  H       1.457227     -0.778336      3.728663
  N      -1.864495     -0.743117    -10.250025
  O      -1.357611     -1.027146     -9.242364
  O      -1.978369      0.064144    -11.080049
18
Coordinates from ORCA-job neb_meta_educts_ts_MEP_ALL E -475.709681924071
  C       0.184172      0.587816      2.361765
  C      -0.372252      0.821531      1.093195
  C      -0.119564     -0.095027      0.064446
  C       0.699117     -1.241983      0.245728
  C       1.253306     -1.468524      1.508652
  C       0.997169     -0.570626      2.541834
  C      -0.058104      1.529668      3.494656
  H       0.901838      1.935511      3.862214
  H      -0.519193      0.998253      4.345541
  H      -0.706511      2.368640      3.209409
  H      -0.996747      1.700516      0.912652
  H      -0.850818     -0.127216     -0.745998
  H       0.889724     -1.924250     -0.589238
  H       1.889496     -2.339845      1.673711
  H       1.444585     -0.744893      3.523460
  N      -1.732973     -0.611062     -9.191694
  O      -1.068903     -1.088511     -8.359775
  O      -1.834339      0.270002     -9.950560
18
Coordinates from ORCA-job neb_meta_educts_ts_MEP_ALL E -475.695750356383
  C       0.145975      0.594825      2.140509
  C      -0.407001      0.785837      0.870330
  C      -0.168464     -0.147767     -0.136513
  C       0.668536     -1.290148      0.062147
  C       1.227046     -1.487431      1.322156
  C       0.972387     -0.566415      2.337160
  C      -0.087407      1.551302      3.257653
  H       0.876414      1.958799      3.617632
  H      -0.555922      1.042541      4.115436
  H      -0.727729      2.391858      2.953597
  H      -1.045239      1.664751      0.675157
  H      -0.989819     -0.293665     -0.836434
  H       0.857254     -1.992154     -0.762434
  H       1.872675     -2.346443      1.505448
  H       1.430286     -0.710229      3.315737
  N      -1.574297     -0.442759     -8.065115
  O      -0.803918     -1.157344     -7.575880
  O      -1.690776      0.444442     -8.796587
18
Coordinates from ORCA-job neb_meta_educts_ts_MEP_ALL E -475.678504148244
  C       0.110483      0.594866      1.914097
  C      -0.448147      0.755522      0.645311
  C      -0.219716     -0.210176     -0.343888
  C       0.634832     -1.339979     -0.126906
  C       1.198738     -1.504866      1.131779
  C       0.943493     -0.556772      2.127647
  C      -0.117048      1.575137      3.014608
  H       0.849845      1.981983      3.367336
  H      -0.593414      1.087925      3.879188
  H      -0.748906      2.414761      2.691457
  H      -1.092200      1.625229      0.432319
  H      -1.118791     -0.460076     -0.910388
  H       0.824043     -2.060091     -0.934578
  H       1.854211     -2.352435      1.333981
  H       1.414810     -0.674906      3.103452
  N      -1.346775     -0.301975     -6.908027
  O      -0.592705     -1.179974     -6.819821
  O      -1.552753      0.605826     -7.597567
18
Coordinates from ORCA-job neb_meta_educts_ts_MEP_ALL E -475.662529446015
  C       0.074336      0.592863      1.675728
  C      -0.493450      0.721474      0.407739
  C      -0.283080     -0.284842     -0.558271
  C       0.597427     -1.392221     -0.325462
  C       1.169478     -1.521747      0.932661
  C       0.912705     -0.545664      1.906131
  C      -0.147398      1.600184      2.757309
  H       0.821935      2.005964      3.102711
  H      -0.632201      1.135719      3.628784
  H      -0.770761      2.437766      2.414039
  H      -1.141294      1.581553      0.176760
  H      -1.237741     -0.627841     -0.971938
  H       0.790083     -2.133982     -1.110681
  H       1.834650     -2.357878      1.153638
  H       1.398206     -0.637569      2.878447
  N      -1.082960     -0.205707     -5.759690
  O      -0.414197     -1.128148     -5.986534
  O      -1.395739      0.760078     -6.321372
18
Coordinates from ORCA-job neb_meta_educts_ts_MEP_ALL E -475.670803063863
  C       0.043784      0.589670      1.468908
  C      -0.535294      0.689570      0.202810
  C      -0.344834     -0.357315     -0.741032
  C       0.563676     -1.439914     -0.495965
  C       1.145405     -1.535341      0.761152
  C       0.886444     -0.535469      1.713092
  C      -0.172722      1.622040      2.532831
  H       0.797820      2.026708      2.871978
  H      -0.665029      1.177078      3.410300
  H      -0.789556      2.456762      2.172287
  H      -1.184204      1.541578     -0.044211
  H      -1.330071     -0.769269     -1.012064
  H       0.762143     -2.202413     -1.257906
  H       1.818777     -2.361884      0.997461
  H       1.384248     -0.604847      2.682095
  N      -0.864642     -0.133112     -4.808045
  O      -0.270073     -1.044220     -5.222427
  O      -1.245872      0.880377     -5.231263
18
Coordinates from ORCA-job neb_meta_educts_ts_MEP_ALL E -475.686229092075
  C       0.011249      0.586849      1.259342
  C      -0.580747      0.655344      0.007779
  C      -0.416279     -0.436523     -0.926529
  C       0.531977     -1.497375     -0.657788
  C       1.121360     -1.548851      0.586903
  C       0.861788     -0.525252      1.518615
  C      -0.195971      1.644500      2.305802
  H       0.774086      2.048429      2.639836
  H      -0.696332      1.218993      3.191202
  H      -0.808128      2.474991      1.929417
  H      -1.227722      1.497433     -0.263765
  H      -1.413701     -0.908190     -1.047300
  H       0.733397     -2.273263     -1.404060
  H       1.804548     -2.363981      0.841405
  H       1.371608     -0.571030      2.485147
  N      -0.654236     -0.055092     -3.864354
  O      -0.124627     -0.948573     -4.429527
  O      -1.092269      1.001589     -4.172125
18
Coordinates from ORCA-job neb_meta_educts_ts_MEP_ALL E -475.753875853052
  C      -0.032837      0.582434      1.022050
  C      -0.636898      0.612797     -0.217580
  C      -0.485417     -0.497341     -1.165774
  C       0.488821     -1.549544     -0.856840
  C       1.084799     -1.567521      0.378739
  C       0.831295     -0.517431      1.290339
  C      -0.223961      1.665256      2.046001
  H       0.747117      2.069605      2.374065
  H      -0.731093      1.263918      2.939149
  H      -0.829530      2.491515      1.650689
  H      -1.273517      1.446808     -0.525081
  H      -1.478286     -1.015460     -1.179351
  H       0.685983     -2.309588     -1.617294
  H       1.781186     -2.363570      0.650500
  H       1.355804     -0.535072      2.252543
  N      -0.426021     -0.020510     -2.687031
  O       0.035654     -0.821335     -3.453868
  O      -0.893101      1.065041     -2.901255
