18
Coordinates from ORCA-job neb_meta_educts_ts_initial_path E   0.000000000000
  C       0.282504      0.587724      3.016425
  C      -0.242160      0.906397      1.738144
  C       0.007265      0.087490      0.647154
  C       0.791740     -1.075227      0.803298
  C       1.323019     -1.407891      2.065932
  C       1.072361     -0.590001      3.154780
  C       0.025713      1.457100      4.200688
  H       0.975931      1.865044      4.593518
  H      -0.410616      0.870642      5.029391
  H      -0.643200      2.296763      3.969193
  H      -0.848017      1.808060      1.622176
  H      -0.402223      0.337747     -0.333945
  H       0.987268     -1.719181     -0.057691
  H       1.928231     -2.309645      2.181531
  H       1.478961     -0.843180      4.137118
  N      -2.180812     -0.930741    -12.296400
  O      -1.885807     -0.993276    -11.178936
  O      -2.260159     -0.347826    -13.292376
18
Coordinates from ORCA-job neb_meta_educts_ts_initial_path E   0.000000000000
  C       0.249171      0.586212      2.799379
  C      -0.288124      0.879442      1.526213
  C      -0.035800      0.021495      0.458876
  C       0.762443     -1.134777      0.615641
  C       1.300183     -1.429377      1.879562
  C       1.047748     -0.583497      2.950192
  C      -0.002070      1.481646      3.966071
  H       0.951501      1.888804      4.349590
  H      -0.446813      0.912403      4.801722
  H      -0.664701      2.321077      3.716727
  H      -0.899106      1.774070      1.385626
  H      -0.550934      0.190704     -0.490094
  H       0.955722     -1.788777     -0.237890
  H       1.916791     -2.320963      2.011204
  H       1.468664     -0.810861      3.933052
  N      -2.017788     -0.850950    -11.278808
  O      -1.629485     -0.993863    -10.192516
  O      -2.117403     -0.142788    -12.194547
18
Coordinates from ORCA-job neb_meta_educts_ts_initial_path E   0.000000000000
  C       0.215311      0.585229      2.581449
  C      -0.333110      0.851866      1.312638
  C      -0.070869     -0.035979      0.263253
  C       0.731772     -1.192598      0.429190
  C       1.276116     -1.449955      1.693317
  C       1.022326     -0.576543      2.745322
  C      -0.029838      1.506140      3.730556
  H       0.926856      1.912370      4.105399
  H      -0.483060      0.954923      4.573214
  H      -0.685820      2.345200      3.463281
  H      -0.948515      1.739513      1.148625
  H      -0.705134      0.032497     -0.626114
  H       0.923669     -1.857403     -0.416050
  H       1.903789     -2.331055      1.841359
  H       1.457274     -0.777946      3.728021
  N      -1.870582     -0.751001    -10.253217
  O      -1.354973     -1.022646     -9.242175
  O      -1.975212      0.067388    -11.078068
18
Coordinates from ORCA-job neb_meta_educts_ts_initial_path E   0.000000000000
  C       0.180708      0.584722      2.362618
  C      -0.377098      0.823126      1.097418
  C      -0.103176     -0.087178      0.058700
  C       0.699491     -1.247840      0.244213
  C       1.250768     -1.469238      1.507250
  C       0.995990     -0.568955      2.540274
  C      -0.057881      1.530391      3.494238
  H       0.901593      1.935763      3.861166
  H      -0.519555      0.998030      4.343978
  H      -0.706969      2.368837      3.208973
  H      -0.996434      1.703880      0.911317
  H      -0.857444     -0.133978     -0.736995
  H       0.891400     -1.924710     -0.591383
  H       1.889264     -2.339434      1.672199
  H       1.444640     -0.744318      3.522143
  N      -1.741317     -0.616738     -9.190876
  O      -1.064279     -1.085143     -8.358095
  O      -1.829705      0.272784     -9.947140
18
Coordinates from ORCA-job neb_meta_educts_ts_initial_path E   0.000000000000
  C       0.145394      0.584625      2.143126
  C      -0.419763      0.793196      0.880859
  C      -0.141158     -0.138080     -0.152050
  C       0.666189     -1.300012      0.060853
  C       1.224274     -1.487108      1.321643
  C       0.968749     -0.560709      2.335326
  C      -0.086355      1.554221      3.257403
  H       0.875509      1.958905      3.617238
  H      -0.556436      1.041554      4.114254
  H      -0.728353      2.391752      2.954066
  H      -1.043134      1.666767      0.673967
  H      -0.998720     -0.302300     -0.823565
  H       0.859209     -1.990738     -0.763215
  H       1.873235     -2.346008      1.504064
  H       1.430607     -0.710081      3.315750
  N      -1.596169     -0.449686     -8.057025
  O      -0.790205     -1.159242     -7.576767
  O      -1.682875      0.452946     -8.805928
18
Coordinates from ORCA-job neb_meta_educts_ts_initial_path E   0.000000000000
  C       0.109665      0.584794      1.922015
  C      -0.461207      0.762153      0.662334
  C      -0.190999     -0.195106     -0.364220
  C       0.632407     -1.350138     -0.121900
  C       1.196724     -1.504191      1.135787
  C       0.940686     -0.552095      2.129466
  C      -0.114922      1.577708      3.018831
  H       0.849091      1.981685      3.372230
  H      -0.593468      1.085734      3.882789
  H      -0.749444      2.414095      2.697198
  H      -1.088939      1.627927      0.435509
  H      -1.124280     -0.466432     -0.892455
  H       0.826868     -2.056898     -0.932067
  H       1.855506     -2.351570      1.336142
  H       1.415207     -0.675553      3.107845
  N      -1.378805     -0.306143     -6.900315
  O      -0.581941     -1.180154     -6.851103
  O      -1.542150      0.604185     -7.638088
18
Coordinates from ORCA-job neb_meta_educts_ts_initial_path E   0.000000000000
  C       0.073833      0.584957      1.697754
  C      -0.502523      0.729460      0.440994
  C      -0.254034     -0.262023     -0.573644
  C       0.598444     -1.400056     -0.305216
  C       1.168959     -1.521053      0.948458
  C       0.912392     -0.543250      1.920937
  C      -0.143318      1.600865      2.776624
  H       0.822723      2.004180      3.123840
  H      -0.630190      1.130559      3.647691
  H      -0.770095      2.435739      2.436427
  H      -1.134824      1.586754      0.194747
  H      -1.234854     -0.624273     -0.948791
  H       0.794944     -2.125727     -1.098030
  H       1.837072     -2.356614      1.166816
  H       1.399323     -0.640663      2.896532
  N      -1.123996     -0.215155     -5.801020
  O      -0.417525     -1.130691     -6.080306
  O      -1.396331      0.746991     -6.443813
18
Coordinates from ORCA-job neb_meta_educts_ts_initial_path E   0.000000000000
  C       0.038111      0.585015      1.469956
  C      -0.545141      0.694123      0.217190
  C      -0.329620     -0.341357     -0.775452
  C       0.564403     -1.452293     -0.488878
  C       1.142157     -1.537804      0.759633
  C       0.884614     -0.533940      1.709154
  C      -0.171523      1.623870      2.530042
  H       0.796440      2.026885      2.870881
  H      -0.666228      1.176107      3.408296
  H      -0.790650      2.456573      2.171032
  H      -1.181842      1.542565     -0.047908
  H      -1.333116     -0.777881     -0.991972
  H       0.764781     -2.200916     -1.259216
  H       1.819522     -2.361000      0.995749
  H       1.383999     -0.604818      2.681069
  N      -0.876531     -0.139709     -4.758576
  O      -0.261704     -1.039752     -5.241696
  O      -1.237669      0.884328     -5.249302
18
Coordinates from ORCA-job neb_meta_educts_ts_initial_path E   0.000000000000
  C       0.002726      0.585044      1.240034
  C      -0.590813      0.654174     -0.006905
  C      -0.417686     -0.435982     -0.962276
  C       0.529592     -1.510016     -0.672361
  C       1.116521     -1.554057      0.569752
  C       0.858093     -0.523900      1.495305
  C      -0.199048      1.647285      2.280311
  H       0.770710      2.050849      2.614080
  H      -0.700575      1.223171      3.166191
  H      -0.811066      2.476839      1.902282
  H      -1.230679      1.494483     -0.289857
  H      -1.421164     -0.928150     -1.033664
  H       0.733920     -2.280477     -1.420600
  H       1.803481     -2.363884      0.823737
  H       1.370171     -0.567075      2.462594
  N      -0.637848     -0.051256     -3.747808
  O      -0.106055     -0.931724     -4.353553
  O      -1.070280      1.014676     -4.067263
18
Coordinates from ORCA-job neb_meta_educts_ts_initial_path E   0.000000000000
  C      -0.033085      0.582601      1.021947
  C      -0.637025      0.612603     -0.217750
  C      -0.485174     -0.497660     -1.165739
  C       0.489290     -1.549571     -0.856525
  C       1.085144     -1.567190      0.379119
  C       0.831288     -0.517006      1.290513
  C      -0.224580      1.665551      2.045693
  H       0.746365      2.070194      2.373788
  H      -0.731706      1.264242      2.938857
  H      -0.830311      2.491594      1.650177
  H      -1.273817      1.446406     -0.525460
  H      -1.477915     -1.016024     -1.179329
  H       0.686716     -2.309696     -1.616828
  H       1.781698     -2.363022      0.651088
  H       1.355703     -0.534354      2.252774
  N      -0.425738     -0.021074     -2.687072
  O       0.036212     -0.821918     -3.453724
  O      -0.893063      1.064325     -2.901529
