18
Coordinates from ORCA-job neb_meta_educts_ts_MEP E -475.663166774592
  C       0.282504      0.587724      3.016425
  C      -0.242160      0.906397      1.738144
  C       0.007265      0.087490      0.647154
  C       0.791740     -1.075227      0.803298
  C       1.323019     -1.407891      2.065932
  C       1.072361     -0.590001      3.154780
  C       0.025713      1.457100      4.200688
  H       0.975931      1.865044      4.593518
  H      -0.410616      0.870642      5.029391
  H      -0.643200      2.296763      3.969193
  H      -0.848017      1.808060      1.622176
  H      -0.402223      0.337747     -0.333945
  H       0.987268     -1.719181     -0.057691
  H       1.928231     -2.309645      2.181531
  H       1.478961     -0.843180      4.137118
  N      -2.180812     -0.930741    -12.296400
  O      -1.885807     -0.993276    -11.178936
  O      -2.260159     -0.347826    -13.292376
18
Coordinates from ORCA-job neb_meta_educts_ts_MEP E -475.720008495393
  C       0.250268      0.587006      2.798746
  C      -0.287209      0.878018      1.524488
  C      -0.040582      0.020066      0.457883
  C       0.761274     -1.132811      0.616321
  C       1.301160     -1.429183      1.879675
  C       1.048086     -0.583994      2.950544
  C      -0.002104      1.481467      3.965795
  H       0.951538      1.888812      4.349591
  H      -0.446750      0.912538      4.801831
  H      -0.664622      2.321002      3.716349
  H      -0.899183      1.772625      1.385496
  H      -0.548803      0.192324     -0.492398
  H       0.955120     -1.788590     -0.237395
  H       1.917036     -2.321052      2.011465
  H       1.468634     -0.811036      3.933157
  N      -2.014614     -0.845138    -11.275537
  O      -1.630443     -0.996944    -10.191534
  O      -2.118806     -0.145110    -12.194477
18
Coordinates from ORCA-job neb_meta_educts_ts_MEP E -475.716112105613
  C       0.217642      0.587052      2.580650
  C      -0.330499      0.849944      1.309561
  C      -0.081542     -0.040220      0.264114
  C       0.730490     -1.188531      0.430475
  C       1.278017     -1.449507      1.694034
  C       1.023095     -0.577577      2.746272
  C      -0.029940      1.505711      3.730511
  H       0.926956      1.912278      4.105858
  H      -0.482848      0.955105      4.573942
  H      -0.685592      2.345040      3.463158
  H      -0.948676      1.736918      1.149047
  H      -0.700487      0.036543     -0.631317
  H       0.922500     -1.857027     -0.414751
  H       1.904133     -2.331274      1.842221
  H       1.457227     -0.778336      3.728663
  N      -1.864495     -0.743117    -10.250025
  O      -1.357611     -1.027146     -9.242364
  O      -1.978369      0.064144    -11.080049
18
Coordinates from ORCA-job neb_meta_educts_ts_MEP E -475.709681924071
  C       0.184172      0.587816      2.361765
  C      -0.372252      0.821531      1.093195
  C      -0.119564     -0.095027      0.064446
  C       0.699117     -1.241983      0.245728
  C       1.253306     -1.468524      1.508652
  C       0.997169     -0.570626      2.541834
  C      -0.058104      1.529668      3.494656
  H       0.901838      1.935511      3.862214
  H      -0.519193      0.998253      4.345541
  H      -0.706511      2.368640      3.209409
  H      -0.996747      1.700516      0.912652
  H      -0.850818     -0.127216     -0.745998
  H       0.889724     -1.924250     -0.589238
  H       1.889496     -2.339845      1.673711
  H       1.444585     -0.744893      3.523460
  N      -1.732973     -0.611062     -9.191694
  O      -1.068903     -1.088511     -8.359775
  O      -1.834339      0.270002     -9.950560
18
Coordinates from ORCA-job neb_meta_educts_ts_MEP E -475.695750356383
  C       0.145975      0.594825      2.140509
  C      -0.407001      0.785837      0.870330
  C      -0.168464     -0.147767     -0.136513
  C       0.668536     -1.290148      0.062147
  C       1.227046     -1.487431      1.322156
  C       0.972387     -0.566415      2.337160
  C      -0.087407      1.551302      3.257653
  H       0.876414      1.958799      3.617632
  H      -0.555922      1.042541      4.115436
  H      -0.727729      2.391858      2.953597
  H      -1.045239      1.664751      0.675157
  H      -0.989819     -0.293665     -0.836434
  H       0.857254     -1.992154     -0.762434
  H       1.872675     -2.346443      1.505448
  H       1.430286     -0.710229      3.315737
  N      -1.574297     -0.442759     -8.065115
  O      -0.803918     -1.157344     -7.575880
  O      -1.690776      0.444442     -8.796587
18
Coordinates from ORCA-job neb_meta_educts_ts_MEP E -475.678504148244
  C       0.110483      0.594866      1.914097
  C      -0.448147      0.755522      0.645311
  C      -0.219716     -0.210176     -0.343888
  C       0.634832     -1.339979     -0.126906
  C       1.198738     -1.504866      1.131779
  C       0.943493     -0.556772      2.127647
  C      -0.117048      1.575137      3.014608
  H       0.849845      1.981983      3.367336
  H      -0.593414      1.087925      3.879188
  H      -0.748906      2.414761      2.691457
  H      -1.092200      1.625229      0.432319
  H      -1.118791     -0.460076     -0.910388
  H       0.824043     -2.060091     -0.934578
  H       1.854211     -2.352435      1.333981
  H       1.414810     -0.674906      3.103452
  N      -1.346775     -0.301975     -6.908027
  O      -0.592705     -1.179974     -6.819821
  O      -1.552753      0.605826     -7.597567
18
Coordinates from ORCA-job neb_meta_educts_ts_MEP E -475.662529446015
  C       0.074336      0.592863      1.675728
  C      -0.493450      0.721474      0.407739
  C      -0.283080     -0.284842     -0.558271
  C       0.597427     -1.392221     -0.325462
  C       1.169478     -1.521747      0.932661
  C       0.912705     -0.545664      1.906131
  C      -0.147398      1.600184      2.757309
  H       0.821935      2.005964      3.102711
  H      -0.632201      1.135719      3.628784
  H      -0.770761      2.437766      2.414039
  H      -1.141294      1.581553      0.176760
  H      -1.237741     -0.627841     -0.971938
  H       0.790083     -2.133982     -1.110681
  H       1.834650     -2.357878      1.153638
  H       1.398206     -0.637569      2.878447
  N      -1.082960     -0.205707     -5.759690
  O      -0.414197     -1.128148     -5.986534
  O      -1.395739      0.760078     -6.321372
18
Coordinates from ORCA-job neb_meta_educts_ts_MEP E -475.670803063863
  C       0.043784      0.589670      1.468908
  C      -0.535294      0.689570      0.202810
  C      -0.344834     -0.357315     -0.741032
  C       0.563676     -1.439914     -0.495965
  C       1.145405     -1.535341      0.761152
  C       0.886444     -0.535469      1.713092
  C      -0.172722      1.622040      2.532831
  H       0.797820      2.026708      2.871978
  H      -0.665029      1.177078      3.410300
  H      -0.789556      2.456762      2.172287
  H      -1.184204      1.541578     -0.044211
  H      -1.330071     -0.769269     -1.012064
  H       0.762143     -2.202413     -1.257906
  H       1.818777     -2.361884      0.997461
  H       1.384248     -0.604847      2.682095
  N      -0.864642     -0.133112     -4.808045
  O      -0.270073     -1.044220     -5.222427
  O      -1.245872      0.880377     -5.231263
18
Coordinates from ORCA-job neb_meta_educts_ts_MEP E -475.686229092075
  C       0.011249      0.586849      1.259342
  C      -0.580747      0.655344      0.007779
  C      -0.416279     -0.436523     -0.926529
  C       0.531977     -1.497375     -0.657788
  C       1.121360     -1.548851      0.586903
  C       0.861788     -0.525252      1.518615
  C      -0.195971      1.644500      2.305802
  H       0.774086      2.048429      2.639836
  H      -0.696332      1.218993      3.191202
  H      -0.808128      2.474991      1.929417
  H      -1.227722      1.497433     -0.263765
  H      -1.413701     -0.908190     -1.047300
  H       0.733397     -2.273263     -1.404060
  H       1.804548     -2.363981      0.841405
  H       1.371608     -0.571030      2.485147
  N      -0.654236     -0.055092     -3.864354
  O      -0.124627     -0.948573     -4.429527
  O      -1.092269      1.001589     -4.172125
18
Coordinates from ORCA-job neb_meta_educts_ts_MEP E -475.753875853052
  C      -0.032837      0.582434      1.022050
  C      -0.636898      0.612797     -0.217580
  C      -0.485417     -0.497341     -1.165774
  C       0.488821     -1.549544     -0.856840
  C       1.084799     -1.567521      0.378739
  C       0.831295     -0.517431      1.290339
  C      -0.223961      1.665256      2.046001
  H       0.747117      2.069605      2.374065
  H      -0.731093      1.263918      2.939149
  H      -0.829530      2.491515      1.650689
  H      -1.273517      1.446808     -0.525081
  H      -1.478286     -1.015460     -1.179351
  H       0.685983     -2.309588     -1.617294
  H       1.781186     -2.363570      0.650500
  H       1.355804     -0.535072      2.252543
  N      -0.426021     -0.020510     -2.687031
  O       0.035654     -0.821335     -3.453868
  O      -0.893101      1.065041     -2.901255
