18
Coordinates from ORCA-job e_c_13_5
  C   -5.46173700878558      0.75164843662233      5.13917299128999
  C   -5.93365378333699      1.68990106609593      4.19636177750656
  C   -5.91430971427152      1.40296496678149      2.84903911353439
  C   -5.42315287976484      0.16589931296661      2.40452948077189
  C   -4.95318752803105     -0.77993593282671      3.32720640329313
  C   -4.97277054761713     -0.49126909641536      4.67327544506708
  C   -5.45023927412903      1.06859126553565      6.59270185238999
  H   -5.68339096093536      0.18939865501207      7.19624786656136
  H   -6.14028104795108      1.87399116993913      6.84046582627108
  H   -4.44542959914443      1.39376608766510      6.89395658805423
  H   -6.31316017779010      2.64117170632299      4.54628550618982
  H   -6.27735993254494      2.12600511375059      2.13123350841604
  H   -5.40696629213479     -0.05759331317570      1.34605497337460
  H   -4.57879142355783     -1.73263926186677      2.97794066725754
  H   -4.61343060127943     -1.21669375327951      5.39203340300671
  N   -11.49583203086888     -2.79501852999309    -28.87917153222375
  O   -11.24855354482272     -2.18689576892741    -27.93055347484378
  O   -11.57853365303277     -2.89558212420732    -30.02523039591671
