18
Coordinates from ORCA-job meta_products_optfreq_10
  C   -2.72157196194172      2.91783122226534     -1.40072911623853
  C   -3.74051263089467      2.46665024348939     -0.52080012709738
  C   -4.18084779555428      1.16388680219095     -0.62090904422917
  C   -3.65346240773857      0.25202330922358     -1.56134452689310
  C   -2.64331811867176      0.69338873919516     -2.43595986450309
  C   -2.18868697363808      1.99943668547404     -2.36131893560530
  C   -2.19152291102466      4.30221149526683     -1.31585923319699
  H   -4.03735946547812     -0.76887795350141     -1.58862323298218
  H   -4.16861308861045      3.12620807807180      0.23549036469785
  H   -1.15401893412373      4.28429174944613     -0.92281849635563
  H   -2.79257623214689      4.94755250003705     -0.66215855734996
  H   -2.11108278624926      4.75745641373108     -2.31943665973029
  H   -1.40733179462905      2.34594292008475     -3.04231577286117
  H   -2.22256347192392      0.00063690687830     -3.16744803911659
  N   -5.28034795820146      0.70592691705063      0.25374451573745
  O   -5.88095421199880     -0.29013569021290     -0.11757107612564
  O   -5.51527169846333      1.35241582606259      1.25246559824217
  H   -17.89220755871027     -6.33284616475365      3.85705220360779
