17
Coordinates from ORCA-job opt E -491.658308382464
  C      -2.859632      1.481942     -0.418007
  C      -3.538758      0.240089     -0.644211
  C      -2.832126     -0.946705     -0.642053
  C      -1.441303     -0.954455     -0.411444
  C      -0.790631      0.268463     -0.181702
  C      -1.449103      1.476815     -0.179578
  H      -4.616934      0.246264     -0.819353
  H      -3.353684     -1.889771     -0.817264
  H      -0.860294     -1.877266     -0.402312
  H       2.565111     -0.158410      9.920665
  H      -0.888950      2.396142     -0.000944
  N      -3.534444      2.640408     -0.426999
  H      -4.536351      2.669110     -0.592729
  H      -3.063083      3.527948     -0.274598
  N       0.676945      0.262240      0.073842
  O       1.201595      1.339552      0.275776
  O       1.225131     -0.822030      0.062121
17
Coordinates from ORCA-job opt E -491.658333027192
  C      -2.861893      1.482241     -0.420043
  C      -3.540466      0.240993     -0.652303
  C      -2.834517     -0.946077     -0.647688
  C      -1.444516     -0.954468     -0.412307
  C      -0.793109      0.268078     -0.182100
  C      -1.451379      1.476607     -0.179524
  H      -4.617700      0.247560     -0.834533
  H      -3.354953     -1.888633     -0.829120
  H      -0.863263     -1.877216     -0.405159
  H       2.600561     -0.159211      9.984152
  H      -0.891717      2.395919      0.000172
  N      -3.536627      2.640956     -0.429668
  H      -4.537969      2.669796     -0.600834
  H      -3.066063      3.528243     -0.274029
  N       0.674720      0.261054      0.072068
  O       1.200303      1.338179      0.272236
  O       1.222077     -0.823679      0.059889
17
Coordinates from ORCA-job opt E -491.658354604950
  C      -2.863917      1.482673     -0.424064
  C      -3.542075      0.242263     -0.662521
  C      -2.836918     -0.945191     -0.655996
  C      -1.447984     -0.954489     -0.414769
  C      -0.796004      0.267373     -0.182146
  C      -1.453909      1.476113     -0.179198
  H      -4.618250      0.249209     -0.851399
  H      -3.356423     -1.887349     -0.842158
  H      -0.866763     -1.877300     -0.407983
  H       2.639763     -0.158496     10.048418
  H      -0.895095      2.395322      0.003276
  N      -3.538701      2.641492     -0.432347
  H      -4.539090      2.670440     -0.609418
  H      -3.069282      3.528407     -0.271439
  N       0.671760      0.259390      0.072086
  O       1.198170      1.336305      0.270643
  O       1.218209     -0.825823      0.060225
17
Coordinates from ORCA-job opt E -491.658376520503
  C      -2.866178      1.483175     -0.429333
  C      -3.543696      0.244042     -0.676112
  C      -2.839454     -0.943943     -0.668094
  C      -1.452034     -0.954583     -0.418789
  C      -0.799919      0.266172     -0.180532
  C      -1.457345      1.475152     -0.177106
  H      -4.618510      0.251536     -0.872657
  H      -3.357909     -1.885615     -0.859535
  H      -0.871056     -1.877569     -0.411104
  H       2.688228     -0.156065     10.114052
  H      -0.899886      2.394070      0.010651
  N      -3.540796      2.642162     -0.436259
  H      -4.539684      2.671438     -0.621581
  H      -3.072836      3.528506     -0.268235
  N       0.667330      0.256984      0.076246
  O       1.194485      1.333647      0.273718
  O       1.212749     -0.828769      0.065880
17
Coordinates from ORCA-job opt E -491.658401269474
  C      -2.869136      1.483827     -0.436927
  C      -3.545290      0.246969     -0.697866
  C      -2.842337     -0.941848     -0.688715
  C      -1.457638     -0.954981     -0.425322
  C      -0.806243      0.263726     -0.174726
  C      -1.462884      1.473082     -0.170648
  H      -4.617877      0.255623     -0.906009
  H      -3.359128     -1.882522     -0.889244
  H      -0.877275     -1.878359     -0.415340
  H       2.758892     -0.148765     10.182338
  H      -0.907758      2.391128      0.027777
  N      -3.543126      2.643221     -0.442635
  H      -4.539318      2.673506     -0.641505
  H      -3.077336      3.528449     -0.263142
  N       0.659409      0.252550      0.090501
  O       1.187300      1.328763      0.288137
  O       1.203233     -0.834031      0.084535
17
Coordinates from ORCA-job opt E -491.658431464643
  C      -2.873570      1.484763     -0.449088
  C      -3.546441      0.252277     -0.736581
  C      -2.845519     -0.937891     -0.726754
  C      -1.466332     -0.956066     -0.436594
  C      -0.817697      0.258579     -0.160244
  C      -1.472960      1.468616     -0.155333
  H      -4.614784      0.263672     -0.965019
  H      -3.359146     -1.876201     -0.945506
  H      -0.887398     -1.880311     -0.422525
  H       2.875233     -0.130919     10.252806
  H      -0.921998      2.384249      0.064481
  N      -3.545983      2.645095     -0.454096
  H      -4.537000      2.678134     -0.676421
  H      -3.083786      3.527901     -0.254521
  N       0.643807      0.243740      0.126863
  O       1.172357      1.318963      0.328016
  O       1.184707     -0.844261      0.131727
17
Coordinates from ORCA-job opt E -491.658468090289
  C      -2.879575      1.485967     -0.466481
  C      -3.545943      0.260328     -0.794127
  C      -2.847600     -0.931509     -0.784182
  C      -1.477834     -0.957911     -0.453147
  C      -0.835440      0.250122     -0.136084
  C      -1.488853      1.461133     -0.130616
  H      -4.607317      0.276842     -1.052380
  H      -3.355892     -1.865363     -1.032328
  H      -0.901432     -1.883679     -0.434044
  H       3.042233     -0.100992     10.315915
  H      -0.943950      2.371747      0.122255
  N      -3.549212      2.647903     -0.472100
  H      -4.532140      2.686376     -0.726588
  H      -3.092147      3.526442     -0.243904
  N       0.617889      0.229827      0.191426
  O       1.146599      1.303186      0.402148
  O       1.154104     -0.860080      0.215447
17
Coordinates from ORCA-job opt E -491.658514697689
  C      -2.885840      1.487286     -0.485674
  C      -3.543537      0.268416     -0.852989
  C      -2.846965     -0.924527     -0.842920
  C      -1.488020     -0.959437     -0.470443
  C      -0.854788      0.241701     -0.111835
  C      -1.506673      1.453600     -0.107103
  H      -4.597163      0.290968     -1.140621
  H      -3.348952     -1.853012     -1.122132
  H      -0.914322     -1.886832     -0.447434
  H       3.217327     -0.072130     10.368784
  H      -0.967661      2.357688      0.179120
  N      -3.552402      2.650939     -0.494129
  H      -4.527313      2.695921     -0.776629
  H      -3.100202      3.524692     -0.239364
  N       0.587305      0.215396      0.264399
  O       1.115228      1.286233      0.490127
  O       1.117469     -0.876560      0.310052
17
Coordinates from ORCA-job opt E -491.658582528156
  C      -2.891824      1.488891     -0.505710
  C      -3.539977      0.273755     -0.901932
  C      -2.843140     -0.918968     -0.890463
  C      -1.493743     -0.959425     -0.484684
  C      -0.872138      0.237369     -0.093886
  C      -1.523119      1.449870     -0.092728
  H      -4.587163      0.301551     -1.211804
  H      -3.339226     -1.842582     -1.195357
  H      -0.921787     -1.887836     -0.459315
  H       3.377110     -0.056905     10.415744
  H      -0.987983      2.347707      0.219132
  N      -3.555914      2.653787     -0.521097
  H      -4.526166      2.704277     -0.818457
  H      -3.106383      3.523873     -0.249526
  N       0.555826      0.204043      0.333074
  O       1.081282      1.271750      0.580046
  O       1.077836     -0.890817      0.398172
17
Coordinates from ORCA-job opt E -491.658635313147
  C      -2.896213      1.490494     -0.522316
  C      -3.537450      0.275041     -0.930383
  C      -2.839667     -0.916873     -0.913517
  C      -1.495830     -0.957989     -0.489220
  C      -0.882536      0.238999     -0.086731
  C      -1.532888      1.451823     -0.091928
  H      -4.580598      0.305391     -1.253661
  H      -3.332163     -1.838337     -1.230682
  H      -0.924352     -1.886456     -0.461521
  H       3.487668     -0.062880     10.469779
  H      -0.998797      2.347320      0.229094
  N      -3.560116      2.655305     -0.545451
  H      -4.529498      2.707702     -0.845637
  H      -3.111867      3.524185     -0.267958
  N       0.533838      0.199646      0.373687
  O       1.054666      1.265108      0.640159
  O       1.049295     -0.898139      0.447496
17
Coordinates from ORCA-job opt E -491.658670334518
  C      -2.900913      1.492027     -0.542250
  C      -3.532654      0.280708     -0.976804
  C      -2.836809     -0.911976     -0.951724
  C      -1.504099     -0.958139     -0.493947
  C      -0.898594      0.235243     -0.068455
  C      -1.547905      1.448541     -0.080537
  H      -4.566909      0.315693     -1.327222
  H      -3.322557     -1.829935     -1.288888
  H      -0.935227     -1.887842     -0.460057
  H       3.634980     -0.057283     10.518106
  H      -1.018594      2.339688      0.258698
  N      -3.563769      2.657365     -0.570380
  H      -4.526275      2.713506     -0.891342
  H      -3.121887      3.522896     -0.272981
  N       0.505665      0.191801      0.432232
  O       1.021398      1.254517      0.718253
  O       1.017640     -0.906469      0.518509
17
Coordinates from ORCA-job opt E -491.658725772363
  C      -2.904173      1.494012     -0.563579
  C      -3.526808      0.283200     -1.013287
  C      -2.833270     -0.910194     -0.971427
  C      -1.510769     -0.956547     -0.485203
  C      -0.911306      0.237490     -0.051696
  C      -1.559404      1.451144     -0.076995
  H      -4.551823      0.319796     -1.389991
  H      -3.312642     -1.827897     -1.318311
  H      -0.943752     -1.886820     -0.440247
  H       3.761905     -0.076949     10.561488
  H      -1.034670      2.343073      0.267826
  N      -3.568452      2.658397     -0.600887
  H      -4.524363      2.714378     -0.941219
  H      -3.135026      3.522950     -0.288661
  N       0.480861      0.190647      0.479023
  O       0.985212      1.251931      0.788430
  O       0.991971     -0.908270      0.565948
17
Coordinates from ORCA-job opt E -491.658781913126
  C      -2.907933      1.496088     -0.588374
  C      -3.519245      0.286441     -1.056015
  C      -2.828418     -0.907807     -0.994864
  C      -1.519344     -0.954532     -0.474100
  C      -0.928725      0.238736     -0.026202
  C      -1.576159      1.452349     -0.067134
  H      -4.533014      0.323306     -1.462027
  H      -3.298524     -1.825826     -1.353331
  H      -0.954322     -1.885356     -0.414031
  H       3.910717     -0.102085     10.596204
  H      -1.060405      2.345111      0.288597
  N      -3.571684      2.660340     -0.640075
  H      -4.516342      2.716319     -1.010582
  H      -3.149288      3.524108     -0.311084
  N       0.450495      0.190566      0.537712
  O       0.941715      1.249883      0.873792
  O       0.963965     -0.907301      0.622723
17
Coordinates from ORCA-job opt E -491.658846627275
  C      -2.911102      1.498292     -0.618127
  C      -3.509368      0.286740     -1.096682
  C      -2.821150     -0.907698     -1.007941
  C      -1.527486     -0.950636     -0.450331
  C      -0.949305      0.244176      0.008762
  C      -1.596259      1.457128     -0.055555
  H      -4.510890      0.319226     -1.532233
  H      -3.279615     -1.829213     -1.372316
  H      -0.963426     -1.880517     -0.367867
  H       4.066556     -0.154680     10.611810
  H      -1.095290      2.355168      0.309239
  N      -3.572970      2.662341     -0.695442
  H      -4.502008      2.715142     -1.103874
  H      -3.163881      3.528185     -0.355350
  N       0.415572      0.197761      0.602251
  O       0.885140      1.255546      0.972666
  O       0.938973     -0.896620      0.672200
17
Coordinates from ORCA-job opt E -491.658885572419
  C      -2.914971      1.500340     -0.647049
  C      -3.498084      0.289840     -1.145396
  C      -2.812438     -0.904443     -1.036747
  C      -1.536821     -0.948100     -0.438848
  C      -0.973983      0.245052      0.043051
  C      -1.620317      1.457077     -0.040226
  H      -4.486065      0.321887     -1.610737
  H      -3.258525     -1.825970     -1.416114
  H      -0.975184     -1.877863     -0.340152
  H       4.236058     -0.182791     10.620393
  H      -1.133375      2.353386      0.343846
  N      -3.572347      2.665364     -0.745504
  H      -4.486593      2.719079     -1.185810
  H      -3.173909      3.530815     -0.392037
  N       0.375055      0.198454      0.680164
  O       0.830280      1.250616      1.084081
  O       0.904709     -0.892403      0.748293
17
Coordinates from ORCA-job opt E -491.658933892581
  C      -2.917221      1.500622     -0.659163
  C      -3.496680      0.288001     -1.156667
  C      -2.811050     -0.905629     -1.040212
  C      -1.539596     -0.947833     -0.433062
  C      -0.984344      0.246713      0.053349
  C      -1.629235      1.458911     -0.038349
  H      -4.482560      0.317810     -1.626523
  H      -3.253728     -1.828194     -1.421091
  H      -0.976669     -1.876087     -0.329047
  H       4.308011     -0.209614     10.668863
  H      -1.150167      2.357537      0.352830
  N      -3.571079      2.666358     -0.770900
  H      -4.482648      2.718915     -1.216860
  H      -3.172039      3.533832     -0.423122
  N       0.359588      0.204189      0.696335
  O       0.803250      1.257196      1.110320
  O       0.899658     -0.882387      0.754508
17
Coordinates from ORCA-job opt E -491.658965338550
  C      -2.919417      1.501737     -0.677072
  C      -3.491068      0.287568     -1.180043
  C      -2.807193     -0.905538     -1.050333
  C      -1.544760     -0.946423     -0.424366
  C      -0.998340      0.249666      0.068338
  C      -1.640896      1.461895     -0.036443
  H      -4.469704      0.316779     -1.664825
  H      -3.244581     -1.828673     -1.435980
  H      -0.982518     -1.873977     -0.311369
  H       4.408669     -0.236718     10.709889
  H      -1.169599      2.360989      0.362611
  N      -3.571430      2.667085     -0.801776
  H      -4.478682      2.718682     -1.256498
  H      -3.175714      3.535606     -0.452760
  N       0.336699      0.208090      0.729598
  O       0.768472      1.259203      1.160813
  O       0.883552     -0.875632      0.781425
17
Coordinates from ORCA-job opt E -491.658992660853
  C      -2.920593      1.502670     -0.690513
  C      -3.485948      0.288592     -1.201333
  C      -2.804935     -0.904954     -1.062463
  C      -1.550494     -0.946779     -0.420741
  C      -1.009714      0.249686      0.077587
  C      -1.648975      1.462901     -0.035665
  H      -4.457416      0.319793     -1.700265
  H      -3.238977     -1.827187     -1.454071
  H      -0.990099     -1.874665     -0.301803
  H       4.493872     -0.249732     10.756884
  H      -1.182186      2.361222      0.371274
  N      -3.571926      2.667622     -0.821335
  H      -4.476824      2.719768     -1.280684
  H      -3.179095      3.535783     -0.468133
  N       0.317788      0.208895      0.753478
  O       0.740110      1.259583      1.194447
  O       0.868903     -0.872857      0.804545
17
Coordinates from ORCA-job opt E -491.659016096611
  C      -2.922124      1.503859     -0.705609
  C      -3.479511      0.290516     -1.226964
  C      -2.801491     -0.903479     -1.078139
  C      -1.557167     -0.946144     -0.417201
  C      -1.022966      0.249839      0.089344
  C      -1.659880      1.463402     -0.032786
  H      -4.442371      0.323396     -1.742261
  H      -3.230254     -1.824912     -1.477374
  H      -0.999276     -1.874562     -0.290680
  H       4.591768     -0.262183     10.800035
  H      -1.198387      2.360182      0.382788
  N      -3.572341      2.668612     -0.843558
  H      -4.471578      2.721519     -1.313874
  H      -3.185157      3.535980     -0.482264
  N       0.295724      0.208672      0.784544
  O       0.709467      1.257387      1.238124
  O       0.849035     -0.871742      0.837084
17
Coordinates from ORCA-job opt E -491.659038794774
  C      -2.922938      1.504762     -0.715483
  C      -3.475185      0.292511     -1.245225
  C      -2.799704     -0.902301     -1.091212
  C      -1.562281     -0.946327     -0.417787
  C      -1.031678      0.248807      0.094093
  C      -1.666301      1.463331     -0.032310
  H      -4.432013      0.327727     -1.771546
  H      -3.225504     -1.822526     -1.496331
  H      -1.006844     -1.875649     -0.286655
  H       4.665873     -0.267157     10.849486
  H      -1.206924      2.358681      0.389201
  N      -3.573100      2.669283     -0.855909
  H      -4.468723      2.723268     -1.332992
  H      -3.190505      3.535426     -0.486857
  N       0.279729      0.207352      0.801597
  O       0.687146      1.256233      1.259978
  O       0.832441     -0.873083      0.859161
17
Coordinates from ORCA-job opt E -491.659063955917
  C      -2.924309      1.505817     -0.728059
  C      -3.469736      0.294590     -1.267086
  C      -2.796101     -0.900531     -1.106944
  C      -1.567407     -0.945450     -0.417808
  C      -1.043218      0.248439      0.103014
  C      -1.676702      1.463124     -0.029064
  H      -4.420059      0.330731     -1.804994
  H      -3.216661     -1.820085     -1.518950
  H      -1.014126     -1.875215     -0.280642
  H       4.755596     -0.276252     10.893829
  H      -1.221939      2.357171      0.400091
  N      -3.572872      2.670540     -0.874604
  H      -4.461517      2.725405     -1.364438
  H      -3.196349      3.535746     -0.497208
  N       0.258799      0.206275      0.827989
  O       0.659278      1.254097      1.294692
  O       0.810814     -0.874062      0.891391
17
Coordinates from ORCA-job opt E -491.659095197147
  C      -2.925412      1.506983     -0.741523
  C      -3.462874      0.297072     -1.291110
  C      -2.790066     -0.898006     -1.126174
  C      -1.571298     -0.943960     -0.419531
  C      -1.056166      0.247899      0.114031
  C      -1.689514      1.462463     -0.023082
  H      -4.406971      0.333094     -1.839779
  H      -3.203532     -1.817090     -1.546231
  H      -1.019919     -1.873908     -0.275970
  H       4.855918     -0.285634     10.931897
  H      -1.240782      2.355647      0.414716
  N      -3.571189      2.672329     -0.895976
  H      -4.449297      2.728116     -1.404227
  H      -3.202492      3.536567     -0.508791
  N       0.232068      0.204284      0.861306
  O       0.625005      1.251809      1.334786
  O       0.780012     -0.877324      0.936870
17
Coordinates from ORCA-job opt E -491.659120969527
  C      -2.926964      1.508198     -0.756676
  C      -3.454972      0.299048     -1.316708
  C      -2.783459     -0.895611     -1.144063
  C      -1.575992     -0.942230     -0.418082
  C      -1.071079      0.248626      0.127473
  C      -1.703667      1.462607     -0.017318
  H      -4.390963      0.334725     -1.879086
  H      -3.188901     -1.814455     -1.572383
  H      -1.025973     -1.871907     -0.267788
  H       4.960643     -0.299438     10.966836
  H      -1.262545      2.354999      0.428979
  N      -3.569813      2.673885     -0.920557
  H      -4.438288      2.730073     -1.445022
  H      -3.207891      3.537772     -0.526297
  N       0.203981      0.203296      0.898269
  O       0.589726      1.249523      1.380669
  O       0.749647     -0.878771      0.982963
17
Coordinates from ORCA-job opt E -491.659147258018
  C      -2.928503      1.509219     -0.768633
  C      -3.448135      0.301013     -1.338213
  C      -2.776841     -0.893014     -1.160995
  C      -1.578869     -0.940989     -0.419203
  C      -1.084088      0.248811      0.138277
  C      -1.716323      1.462265     -0.011177
  H      -4.377637      0.335797     -1.911298
  H      -3.174318     -1.811542     -1.597440
  H      -1.028741     -1.869915     -0.265027
  H       5.055192     -0.309888     11.003549
  H      -1.282585      2.355287      0.441764
  N      -3.568236      2.675494     -0.940154
  H      -4.427782      2.731997     -1.479111
  H      -3.211066      3.539338     -0.541562
  N       0.176752      0.201145      0.929512
  O       0.558753      1.248601      1.412541
  O       0.715916     -0.883279      1.028381
17
Coordinates from ORCA-job opt E -491.659170586132
  C      -2.929491      1.510416     -0.782552
  C      -3.439095      0.303488     -1.363708
  C      -2.770479     -0.890690     -1.178061
  C      -1.584858     -0.940384     -0.416845
  C      -1.099233      0.248587      0.150908
  C      -1.729226      1.461996     -0.006032
  H      -4.358529      0.339417     -1.952770
  H      -3.160406     -1.808282     -1.623238
  H      -1.036738     -1.869387     -0.256244
  H       5.153384     -0.320127     11.039159
  H      -1.303275      2.354045      0.455511
  N      -3.567228      2.676735     -0.960744
  H      -4.419218      2.734108     -1.511488
  H      -3.215780      3.539905     -0.555666
  N       0.150004      0.199377      0.962345
  O       0.527006      1.246420      1.450283
  O       0.686651     -0.885284      1.070353
17
Coordinates from ORCA-job opt E -491.659193580935
  C      -2.929978      1.511553     -0.794980
  C      -3.429245      0.305826     -1.387708
  C      -2.764305     -0.888878     -1.192589
  C      -1.591353     -0.940376     -0.412506
  C      -1.113587      0.248539      0.162743
  C      -1.740041      1.462347     -0.001710
  H      -4.337168      0.343714     -1.994327
  H      -3.147356     -1.805252     -1.646237
  H      -1.045567     -1.869546     -0.245171
  H       5.242959     -0.329644     11.076379
  H      -1.322210      2.354240      0.467427
  N      -3.567202      2.677329     -0.977877
  H      -4.414236      2.735406     -1.536211
  H      -3.220399      3.539915     -0.567570
  N       0.125224      0.197686      0.989188
  O       0.500243      1.245761      1.477075
  O       0.657710     -0.888281      1.105285
17
Coordinates from ORCA-job opt E -491.659211781157
  C      -2.930828      1.512430     -0.806244
  C      -3.421500      0.308051     -1.408745
  C      -2.758797     -0.886949     -1.207570
  C      -1.596563     -0.939761     -0.411821
  C      -1.126595      0.247907      0.172319
  C      -1.751509      1.461847      0.002570
  H      -4.321135      0.347176     -2.027522
  H      -3.135386     -1.802254     -1.668707
  H      -1.053198     -1.869289     -0.238672
  H       5.329159     -0.337733     11.115084
  H      -1.340745      2.352812      0.479612
  N      -3.566090      2.678400     -0.994755
  H      -4.405553      2.737714     -1.564304
  H      -3.225250      3.540016     -0.577477
  N       0.102296      0.195990      1.014025
  O       0.474040      1.244440      1.503477
  O       0.631144     -0.890457      1.139941
17
Coordinates from ORCA-job opt E -491.659229463689
  C      -2.931612      1.513063     -0.816425
  C      -3.414635      0.309357     -1.426443
  C      -2.753638     -0.885745     -1.219578
  C      -1.600775     -0.938498     -0.410499
  C      -1.137836      0.248357      0.180407
  C      -1.761723      1.462331      0.005610
  H      -4.307422      0.349237     -2.055005
  H      -3.124701     -1.800341     -1.686499
  H      -1.059912     -1.868331     -0.231133
  H       5.407320     -0.348115     11.155460
  H      -1.357842      2.352892      0.489427
  N      -3.565379      2.678949     -1.010821
  H      -4.397506      2.739104     -1.590941
  H      -3.231024      3.539763     -0.586681
  N       0.082114      0.195598      1.033450
  O       0.451542      1.244742      1.523431
  O       0.606520     -0.892022      1.167448
17
Coordinates from ORCA-job opt E -491.659244929992
  C      -2.932523      1.513802     -0.828034
  C      -3.407401      0.310382     -1.444941
  C      -2.747847     -0.884383     -1.231702
  C      -1.604743     -0.936738     -0.408823
  C      -1.149870      0.249662      0.189078
  C      -1.772891      1.463211      0.008133
  H      -4.293141      0.350453     -2.083357
  H      -3.112838     -1.798685     -1.703907
  H      -1.065819     -1.866545     -0.223548
  H       5.489773     -0.361111     11.193287
  H      -1.375915      2.353075      0.498274
  N      -3.564567      2.679501     -1.029336
  H      -4.388861      2.739971     -1.620431
  H      -3.236924      3.539844     -0.599035
  N       0.060230      0.195787      1.056773
  O       0.426053      1.244750      1.550227
  O       0.580773     -0.892636      1.198553
17
Coordinates from ORCA-job opt E -491.659259558500
  C      -2.933237      1.514423     -0.836830
  C      -3.402108      0.311848     -1.460026
  C      -2.743809     -0.882985     -1.243388
  C      -1.608128     -0.936176     -0.410246
  C      -1.159449      0.249216      0.194138
  C      -1.781578      1.462917      0.009943
  H      -4.282697      0.353020     -2.105432
  H      -3.104442     -1.796446     -1.720507
  H      -1.070811     -1.866257     -0.221734
  H       5.561275     -0.368033     11.235902
  H      -1.389757      2.351846      0.506431
  N      -3.563658      2.680307     -1.042371
  H      -4.381735      2.741792     -1.641864
  H      -3.241189      3.539770     -0.606427
  N       0.041747      0.194957      1.073317
  O       0.405565      1.244702      1.566385
  O       0.557502     -0.894559      1.223919
17
Coordinates from ORCA-job opt E -491.659273829638
  C      -2.934131      1.515163     -0.847010
  C      -3.395700      0.312962     -1.476342
  C      -2.738938     -0.881618     -1.254112
  C      -1.611947     -0.935078     -0.409252
  C      -1.170193      0.250035      0.200847
  C      -1.791116      1.463497      0.011420
  H      -4.269522      0.354515     -2.130862
  H      -3.094086     -1.794798     -1.735863
  H      -1.075993     -1.865051     -0.216477
  H       5.636713     -0.379199     11.275705
  H      -1.405031      2.351957      0.512972
  N      -3.563297      2.680800     -1.057736
  H      -4.375114      2.742349     -1.665691
  H      -3.246072      3.540002     -0.617447
  N       0.021718      0.195086      1.092755
  O       0.382689      1.245067      1.587683
  O       0.533511     -0.895349      1.250620
17
Coordinates from ORCA-job opt E -491.659289373254
  C      -2.934487      1.516069     -0.858865
  C      -3.386675      0.314233     -1.495630
  C      -2.731897     -0.879948     -1.266022
  C      -1.616020     -0.933916     -0.406582
  C      -1.183011      0.251106      0.210188
  C      -1.802200      1.464227      0.013873
  H      -4.251536      0.355862     -2.161949
  H      -3.079799     -1.793070     -1.753180
  H      -1.081573     -1.863598     -0.208419
  H       5.720674     -0.392828     11.309121
  H      -1.423148      2.352510      0.520893
  N      -3.562359      2.681235     -1.075704
  H      -4.366637      2.742322     -1.693656
  H      -3.251105      3.540484     -0.631289
  N      -0.003539      0.195660      1.118136
  O       0.353459      1.245931      1.615472
  O       0.503343     -0.895939      1.284823
17
Coordinates from ORCA-job opt E -491.659304859838
  C      -2.933801      1.517160     -0.873922
  C      -3.372369      0.316147     -1.521550
  C      -2.720593     -0.877599     -1.281769
  C      -1.621173     -0.932551     -0.401491
  C      -1.200759      0.251958      0.225229
  C      -1.817497      1.464613      0.019315
  H      -4.224139      0.357858     -2.204520
  H      -3.057813     -1.790480     -1.776863
  H      -1.089456     -1.861997     -0.195186
  H       5.822031     -0.409016     11.328195
  H      -1.448609      2.352387      0.534208
  N      -3.559426      2.681857     -1.099301
  H      -4.352456      2.742611     -1.731663
  H      -3.256643      3.541034     -0.648949
  N      -0.038500      0.195959      1.156161
  O       0.312131      1.246595      1.657330
  O       0.462563     -0.896196      1.335985
17
Coordinates from ORCA-job opt E -491.659320093701
  C      -2.931586      1.518349     -0.891760
  C      -3.351681      0.317973     -1.552594
  C      -2.704000     -0.875017     -1.298522
  C      -1.626817     -0.931013     -0.391427
  C      -1.222945      0.253417      0.246575
  C      -1.836105      1.465296      0.027231
  H      -4.185210      0.358384     -2.257837
  H      -3.025787     -1.788255     -1.803223
  H      -1.098630     -1.859787     -0.173537
  H       5.935466     -0.431678     11.323995
  H      -1.479372      2.353409      0.549851
  N      -3.554544      2.682161     -1.128311
  H      -4.333134      2.741165     -1.778652
  H      -3.261553      3.542217     -0.673228
  N      -0.085043      0.198289      1.206644
  O       0.253836      1.249506      1.715018
  O       0.410595     -0.894077      1.400989
17
Coordinates from ORCA-job opt E -491.659335352491
  C      -2.930736      1.518988     -0.905986
  C      -3.337582      0.318462     -1.574820
  C      -2.692736     -0.873807     -1.310211
  C      -1.631472     -0.928825     -0.384499
  C      -1.239857      0.255796      0.260625
  C      -1.850965      1.466827      0.031321
  H      -4.158797      0.357752     -2.294445
  H      -3.004025     -1.787284     -1.821017
  H      -1.106339     -1.857136     -0.157329
  H       6.029320     -0.452597     11.341564
  H      -1.503745      2.354833      0.560117
  N      -3.551387      2.682042     -1.152273
  H      -4.318781      2.740063     -1.815873
  H      -3.267134      3.542425     -0.692331
  N      -0.118262      0.201098      1.239713
  O       0.210937      1.252592      1.754577
  O       0.375050     -0.890886      1.442076
17
Coordinates from ORCA-job opt E -491.659251002704
  C      -2.926854      1.518110     -0.920025
  C      -3.318971      0.313704     -1.591856
  C      -2.676855     -0.877345     -1.311592
  C      -1.632667     -0.925340     -0.366273
  C      -1.255538      0.262345      0.279517
  C      -1.864543      1.472228      0.036235
  H      -4.127800      0.346371     -2.325821
  H      -2.975203     -1.792848     -1.826355
  H      -1.111942     -1.851971     -0.121675
  H       6.110540     -0.494134     11.327053
  H      -1.523847      2.363967      0.568134
  N      -3.544558      2.679326     -1.183215
  H      -4.299907      2.733139     -1.860892
  H      -3.269890      3.542183     -0.722249
  N      -0.160134      0.217012      1.271710
  O       0.136547      1.267189      1.806761
  O       0.345113     -0.873595      1.461753
17
Coordinates from ORCA-job opt E -491.659365773069
  C      -2.923532      1.519544     -0.939124
  C      -3.295407      0.317771     -1.625918
  C      -2.658766     -0.872647     -1.333122
  C      -1.640478     -0.922564     -0.359908
  C      -1.282439      0.262860      0.302134
  C      -1.888177      1.471299      0.046245
  H      -4.084672      0.353225     -2.380607
  H      -2.943412     -1.786645     -1.858173
  H      -1.125261     -1.849660     -0.106042
  H       6.225026     -0.505356     11.313355
  H      -1.567159      2.358611      0.591858
  N      -3.536142      2.680697     -1.213879
  H      -4.272634      2.736854     -1.911615
  H      -3.276768      3.541492     -0.740244
  N      -0.205331      0.210419      1.327970
  O       0.089058      1.262564      1.864919
  O       0.289584     -0.878126      1.543360
17
Coordinates from ORCA-job opt E -491.659375344531
  C      -2.926568      1.519947     -0.934763
  C      -3.306634      0.320127     -1.620724
  C      -2.669596     -0.872245     -1.336704
  C      -1.642284     -0.926112     -0.373157
  C      -1.277334      0.257193      0.288818
  C      -1.883337      1.468329      0.042202
  H      -4.102979      0.360322     -2.367696
  H      -2.962017     -1.783794     -1.861723
  H      -1.125285     -1.854542     -0.128096
  H       6.230668     -0.488142     11.382511
  H      -1.558042      2.355210      0.590108
  N      -3.538807      2.682864     -1.202911
  H      -4.280344      2.743074     -1.894995
  H      -3.276221      3.541189     -0.726505
  N      -0.191283      0.205091      1.306534
  O       0.113328      1.255962      1.833657
  O       0.300226     -0.884133      1.524653
17
Coordinates from ORCA-job opt E -491.659394261519
  C      -2.924826      1.520217     -0.949016
  C      -3.290658      0.319889     -1.641551
  C      -2.656946     -0.871409     -1.346028
  C      -1.646924     -0.923050     -0.364251
  C      -1.295856      0.260686      0.304467
  C      -1.899562      1.470374      0.046772
  H      -4.073600      0.358594     -2.402643
  H      -2.938440     -1.783365     -1.876253
  H      -1.132873     -1.850567     -0.109738
  H       6.321684     -0.511150     11.391630
  H      -1.585881      2.357036      0.599998
  N      -3.533601      2.682299     -1.228657
  H      -4.262479      2.741561     -1.934137
  H      -3.281290      3.540887     -0.747197
  N      -0.226376      0.208528      1.339763
  O       0.063971      1.259388      1.878243
  O       0.267145     -0.879579      1.559809
17
Coordinates from ORCA-job opt E -491.659407127829
  C      -2.924187      1.520555     -0.959728
  C      -3.280884      0.319887     -1.656171
  C      -2.649487     -0.870658     -1.353106
  C      -1.650700     -0.921031     -0.359848
  C      -1.309303      0.262945      0.313578
  C      -1.910918      1.471753      0.048443
  H      -4.054935      0.357943     -2.426334
  H      -2.924158     -1.782860     -1.886477
  H      -1.137879     -1.847740     -0.100079
  H       6.396405     -0.527444     11.417573
  H      -1.605486      2.358317      0.604712
  N      -3.530290      2.682182     -1.246999
  H      -4.250954      2.740991     -1.960885
  H      -3.284823      3.540809     -0.762075
  N      -0.251459      0.210748      1.360624
  O       0.028129      1.260530      1.908316
  O       0.244419     -0.876587      1.579665
17
Coordinates from ORCA-job opt E -491.659420853649
  C      -2.925193      1.520969     -0.965218
  C      -3.279506      0.320297     -1.662823
  C      -2.649028     -0.870208     -1.357780
  C      -1.653425     -0.920860     -0.361387
  C      -1.315471      0.262941      0.314130
  C      -1.915633      1.472217      0.046934
  H      -4.050874      0.358845     -2.435640
  H      -2.922165     -1.782262     -1.892212
  H      -1.140242     -1.847229     -0.101263
  H       6.447385     -0.534415     11.463529
  H      -1.613271      2.359718      0.603948
  N      -3.530014      2.682661     -1.254849
  H      -4.248004      2.741715     -1.971392
  H      -3.287015      3.541009     -0.768183
  N      -0.262076      0.211369      1.364883
  O       0.012680      1.259631      1.916654
  O       0.235342     -0.876056      1.581879
17
Coordinates from ORCA-job opt E -491.659434995679
  C      -2.923858      1.521883     -0.974722
  C      -3.269865      0.322250     -1.678175
  C      -2.642157     -0.868401     -1.368055
  C      -1.657637     -0.920813     -0.360827
  C      -1.328409      0.261915      0.320941
  C      -1.925597      1.471619      0.048753
  H      -4.032545      0.361907     -2.459487
  H      -2.909027     -1.779776     -1.906827
  H      -1.146347     -1.847243     -0.097272
  H       6.520958     -0.541560     11.490508
  H      -1.630555      2.359077      0.609974
  N      -3.525951      2.683831     -1.268798
  H      -4.236272      2.743723     -1.992860
  H      -3.288740      3.541421     -0.777960
  N      -0.287781      0.209731      1.385482
  O      -0.021912      1.257236      1.941960
  O       0.209184     -0.876461      1.608576
17
Coordinates from ORCA-job opt E -491.659446601464
  C      -2.924432      1.522423     -0.981080
  C      -3.266964      0.322803     -1.686377
  C      -2.640405     -0.867768     -1.373464
  C      -1.660606     -0.920232     -0.361618
  C      -1.335333      0.262364      0.322099
  C      -1.930866      1.472013      0.046964
  H      -4.026014      0.362606     -2.471208
  H      -2.904394     -1.779150     -1.913661
  H      -1.150312     -1.846577     -0.095818
  H       6.575768     -0.549484     11.532665
  H      -1.638660      2.359601      0.609534
  N      -3.525335      2.684332     -1.277674
  H      -4.232521      2.744143     -2.004814
  H      -3.290826      3.541839     -0.785398
  N      -0.301136      0.210450      1.392418
  O      -0.042556      1.256064      1.955217
  O       0.198082     -0.875088      1.613425
17
Coordinates from ORCA-job opt E -491.659457526227
  C      -2.924704      1.523045     -0.988245
  C      -3.262190      0.323492     -1.696195
  C      -2.637268     -0.867024     -1.379587
  C      -1.664144     -0.919390     -0.361301
  C      -1.343715      0.263018      0.324891
  C      -1.937831      1.472681      0.046105
  H      -4.016192      0.363185     -2.485884
  H      -2.897182     -1.778351     -1.921834
  H      -1.155802     -1.845794     -0.091932
  H       6.635084     -0.558741     11.571107
  H      -1.649532      2.360348      0.611174
  N      -3.524214      2.684782     -1.288367
  H      -4.226699      2.744372     -2.020069
  H      -3.293503      3.542275     -0.794282
  N      -0.316826      0.210917      1.402096
  O      -0.066864      1.255432      1.971321
  O       0.185073     -0.873908      1.622211
17
Coordinates from ORCA-job opt E -491.659467498367
  C      -2.925294      1.523672     -0.994324
  C      -3.259308      0.324309     -1.704312
  C      -2.635802     -0.866312     -1.385235
  C      -1.667558     -0.918921     -0.362269
  C      -1.350495      0.263181      0.325932
  C      -1.943436      1.472952      0.044591
  H      -4.009613      0.364126     -2.497509
  H      -2.892875     -1.777468     -1.929100
  H      -1.160992     -1.845533     -0.090308
  H       6.689436     -0.565865     11.613671
  H      -1.657768      2.359977      0.612220
  N      -3.523573      2.685413     -1.296933
  H      -4.222865      2.744943     -2.031688
  H      -3.295070      3.542946     -0.801889
  N      -0.329483      0.211261      1.408433
  O      -0.087694      1.253887      1.983695
  O       0.175881     -0.872227      1.626236
17
Coordinates from ORCA-job opt E -491.658266423536
  C      -2.916772      1.524481     -0.998119
  C      -3.241644      0.326928     -1.699230
  C      -2.626547     -0.864502     -1.380058
  C      -1.676756     -0.918380     -0.364847
  C      -1.371816      0.260234      0.321841
  C      -1.957135      1.471545      0.037980
  H      -3.978662      0.368564     -2.484639
  H      -2.877218     -1.774574     -1.917074
  H      -1.177812     -1.845903     -0.092921
  H       6.743781     -0.564006     11.637314
  H      -1.687359      2.359705      0.600968
  N      -3.505018      2.687668     -1.304177
  H      -4.189293      2.749905     -2.036794
  H      -3.287924      3.542991     -0.808952
  N      -0.360574      0.202910      1.402543
  O      -0.171475      1.235153      2.019541
  O       0.185713     -0.862378      1.587835
17
Coordinates from ORCA-job opt E -491.659434982628
  C      -2.920952      1.525857     -1.000704
  C      -3.254484      0.329373     -1.714983
  C      -2.636240     -0.863229     -1.395236
  C      -1.674793     -0.920978     -0.366712
  C      -1.363232      0.257270      0.330983
  C      -1.948845      1.469574      0.048560
  H      -3.999581      0.372198     -2.512085
  H      -2.892725     -1.773708     -1.941077
  H      -1.169861     -1.848236     -0.095799
  H       6.758348     -0.554621     11.656000
  H      -1.672010      2.358687      0.617793
  N      -3.512392      2.690176     -1.306162
  H      -4.204273      2.752877     -2.052104
  H      -3.288972      3.545528     -0.803919
  N      -0.351297      0.199819      1.418872
  O      -0.145590      1.234098      2.027070
  O       0.180388     -0.874345      1.610713
17
Coordinates from ORCA-job opt E -491.657867665834
  C      -2.935219      1.527207     -0.999851
  C      -3.278622      0.326250     -1.710753
  C      -2.650388     -0.863892     -1.393743
  C      -1.666070     -0.918673     -0.367926
  C      -1.329718      0.269556      0.298310
  C      -1.924420      1.478739      0.008939
  H      -4.037185      0.371825     -2.510785
  H      -2.916612     -1.773396     -1.940455
  H      -1.157565     -1.847702     -0.094736
  H       6.686040     -0.551501     11.720044
  H      -1.613113      2.355106      0.570868
  N      -3.549241      2.684420     -1.270099
  H      -4.279192      2.738336     -1.930954
  H      -3.301794      3.543721     -0.790728
  N      -0.301228      0.210368      1.383622
  O       0.005166      1.250197      1.910010
  O       0.152652     -0.900220      1.639448
17
Coordinates from ORCA-job opt E -491.659402961584
  C      -2.935518      1.523793     -0.989549
  C      -3.275208      0.322190     -1.695052
  C      -2.646878     -0.867385     -1.380546
  C      -1.666282     -0.916694     -0.372821
  C      -1.338848      0.268292      0.306671
  C      -1.938100      1.476718      0.032922
  H      -4.034494      0.361605     -2.479301
  H      -2.909609     -1.778242     -1.921014
  H      -1.157569     -1.843668     -0.106822
  H       6.698824     -0.574802     11.708554
  H      -1.639245      2.359450      0.601474
  N      -3.541464      2.683977     -1.289064
  H      -4.253095      2.742246     -2.016171
  H      -3.304719      3.542913     -0.805937
  N      -0.304751      0.215775      1.381306
  O      -0.027655      1.260229      1.930690
  O       0.178103     -0.876057      1.615870
17
Coordinates from ORCA-job opt E -491.659060408657
  C      -2.913026      1.526982     -1.012091
  C      -3.244984      0.336368     -1.732963
  C      -2.636737     -0.861427     -1.410531
  C      -1.686597     -0.928598     -0.364430
  C      -1.376155      0.244361      0.337863
  C      -1.953510      1.462359      0.051930
  H      -3.981981      0.384927     -2.533388
  H      -2.892892     -1.768161     -1.960603
  H      -1.188287     -1.858966     -0.087091
  H       6.793471     -0.531328     11.661918
  H      -1.683353      2.354018      0.622708
  N      -3.497537      2.693812     -1.307570
  H      -4.181464      2.761041     -2.050190
  H      -3.282005      3.544902     -0.773816
  N      -0.367639      0.188699      1.425217
  O      -0.183927      1.224202      2.048615
  O       0.180114     -0.872851      1.605633
17
Coordinates from ORCA-job opt E -491.659403146181
  C      -2.921813      1.527026     -0.997412
  C      -3.257703      0.332737     -1.713047
  C      -2.639849     -0.860345     -1.401132
  C      -1.677537     -0.922576     -0.372084
  C      -1.363376      0.254189      0.327697
  C      -1.946872      1.467076      0.046711
  H      -4.001845      0.378500     -2.517087
  H      -2.896763     -1.769635     -1.953674
  H      -1.172530     -1.850412     -0.105715
  H       6.777086     -0.541045     11.690400
  H      -1.666863      2.354556      0.611531
  N      -3.512920      2.692538     -1.298612
  H      -4.208707      2.756669     -2.037683
  H      -3.284077      3.547055     -0.805168
  N      -0.353212      0.192739      1.415610
  O      -0.143688      1.227045      2.020004
  O       0.174159     -0.885777      1.610872
