67
Coordinates from ORCA-job opt
  C   -0.69067567207445      1.60201142405628     -0.76257837038720
  C   -1.83005964990777      0.84365998729405     -1.44674143633121
  C   -1.23514305587821     -0.43199922577436     -2.08108062190079
  H   -2.28942507824166      1.47097173567601     -2.22222994620445
  H   -2.59612849146592      0.54760894594073     -0.72185375189903
  C   -0.54856604816688     -1.27335836753255     -1.00269156709142
  C   0.52430220234575     -0.41345138349468     -0.34090247632865
  O   -0.08272174214664      0.74234763027464      0.27769272520332
  C   -1.05399044481207      2.86992515869720     -0.01874362598378
  H   0.07957380773651      1.85276248379409     -1.49148004291119
  O   0.24491032503748      3.46716620500277      0.36449147244350
  H   -1.63772956801468      2.62291971892350      0.87453150434144
  H   -1.62504904266361      3.54237769134960     -0.67205275395695
  H   0.09516557491999      4.34852554635896      0.79302116999051
  O   -2.26108656194192     -1.30946944343499     -2.64653987214506
  H   -0.47267843897758     -0.16736303353928     -2.82242624843409
  H   -2.58709326736215     -0.89412271255351     -3.48916491962660
  N   0.04380126479759     -2.47681135859277     -1.62052057935962
  H   -1.30832455088926     -1.48845778277112     -0.23467889086270
  H   -0.56927101487059     -2.77246381198371     -2.38927138012338
  H   0.12262175613775     -3.24148785224604     -0.94232578326688
  O   1.43968350660378      0.01417903955494     -1.38654867064098
  H   1.07675449490769     -0.92932371427034      0.44525103673399
  C   2.91828586928574      1.94942812402290     -1.60156320122752
  C   3.19676393351592      1.58794971648510     -3.05661575637669
  C   4.43628494335929      0.72128705725092     -3.10742392255985
  O   4.15748685530257     -0.54624709103057     -2.42028606191037
  C   3.80984999702082     -0.35157715839531     -1.00749192107022
  C   2.64284154094591      0.64229657652790     -0.83375388608407
  C   3.41303543982966     -1.74960882564518     -0.55488411030907
  H   4.67710446353401      0.01330782783505     -0.44169085034318
  H   2.50249135555813      0.84371221492977      0.23229217733482
  O   3.05106936550630     -1.61392304891373      0.86649077944212
  H   4.26640322682899     -2.42304622411846     -0.69995186475347
  H   2.56180476813411     -2.06574846330785     -1.16822922478593
  H   2.87247431010855     -2.52542744372851      1.22089838412663
  N   3.45189905466873      2.82751176544003     -3.83900184526930
  H   2.34822102047108      1.00238802763824     -3.42409660335043
  H   2.80621727260136      3.54934521531470     -3.49524040843653
  H   3.30252831662669      2.64163767089407     -4.83549188351744
  O   4.67082927940304      0.43939767328790     -4.47322179317580
  H   5.28137466537885      1.24032162778244     -2.64564417093257
  C   6.02088486787015     -0.03308826919022     -4.79014442609054
  C   6.43181098460161     -1.32078431961364     -4.07365829749136
  C   7.68973856753682     -1.84874095438205     -4.78400680211477
  C   7.13468449402244      0.99020195152808     -4.53377470680812
  H   5.97737257734339     -0.20969094091420     -5.86756280468966
  C   6.76389474363311      2.43950678543102     -4.85781893281760
  O   8.26756616278114      0.52394150352966     -5.34637898639151
  H   7.42723123477467      0.98923055972665     -3.47389077318299
  O   6.14729632707600      3.02471960092180     -3.67952812460043
  H   6.12075251819990      2.47478928289901     -5.74895671398049
  H   7.69596169780233      2.97004979622514     -5.08440683094490
  H   5.11797181232889      3.07055249471601     -3.78599388442382
  N   8.23895411421560     -3.07096749258095     -4.16368675686061
  H   7.48095026418454     -3.76320144095720     -4.11043791666976
  H   8.55551974308029     -2.86865689151149     -3.20522491372191
  O   1.82956636076895      2.89902200868128     -1.66427879732443
  H   3.82410209184334      2.40795589544406     -1.17164418746213
  H   1.43073226317315      3.14089474075423     -0.76045442864826
  C   8.77088320703593     -0.75051608443555     -4.81777284500321
  H   7.39579034582379     -2.09580547345339     -5.80965967146710
  H   9.59210928649485     -1.05389810874217     -5.46847699214996
  H   9.15520089630024     -0.60768623005580     -3.79352606370197
  O   5.42696975139426     -2.35396231797792     -4.11176486301890
  H   6.70443794243146     -1.06341925802789     -3.03480584448207
  H   4.67197176212958     -1.97365896101332     -3.57113624401294
