18
Coordinates from ORCA-job educts_optfreq_4 E -476.469646337033
  C      -6.161968      0.634566      1.800700
  C      -6.686632      0.953238      0.522419
  C      -6.437207      0.134332     -0.568571
  C      -5.652732     -1.028385     -0.412427
  C      -5.121454     -1.361049      0.850207
  C      -5.372111     -0.543159      1.939055
  C      -6.418759      1.503942      2.984963
  H      -5.468541      1.911885      3.377793
  H      -6.855088      0.917483      3.813666
  H      -7.087672      2.343605      2.753468
  H      -7.292489      1.854902      0.406451
  H      -6.846695      0.384589     -1.549670
  H      -5.457205     -1.672339     -1.273416
  H      -4.516241     -2.262803      0.965806
  H      -4.965511     -0.796339      2.921393
  N      -8.625284     -0.883899    -13.512125
  O      -8.330279     -0.946435    -12.394661
  O      -8.704631     -0.300985    -14.508101
18
Coordinates from ORCA-job educts_optfreq_4 E -476.485442328591
  C      -6.159921      0.627132      1.791326
  C      -6.684106      0.952900      0.532221
  C      -6.432329      0.126495     -0.569726
  C      -5.654267     -1.025038     -0.410734
  C      -5.123760     -1.360180      0.842880
  C      -5.378007     -0.534027      1.939812
  C      -6.417641      1.505860      2.991931
  H      -5.472472      1.911560      3.376201
  H      -6.854756      0.920227      3.810615
  H      -7.085983      2.341163      2.754232
  H      -7.290841      1.852310      0.406982
  H      -6.845426      0.383899     -1.546671
  H      -5.457863     -1.670084     -1.270460
  H      -4.518140     -2.259866      0.965386
  H      -4.966854     -0.795431      2.918509
  N      -8.603807     -0.832533    -13.499996
  O      -8.344890     -0.963020    -12.426293
  O      -8.710111     -0.332866    -14.488825
18
Coordinates from ORCA-job educts_optfreq_4 E -476.517566256090
  C      -6.159283      0.624369      1.788461
  C      -6.680575      0.948548      0.535956
  C      -6.428745      0.122566     -0.566379
  C      -5.654754     -1.024128     -0.411328
  C      -5.127567     -1.355365      0.839598
  C      -5.382147     -0.529811      1.935472
  C      -6.415926      1.505860      2.995895
  H      -5.476600      1.912032      3.374620
  H      -6.855138      0.923490      3.807588
  H      -7.083537      2.337728      2.755574
  H      -7.287752      1.847797      0.408633
  H      -6.843045      0.382322     -1.541723
  H      -5.459018     -1.666279     -1.265545
  H      -4.521448     -2.254916      0.964306
  H      -4.969695     -0.793055      2.913434
  N      -8.579276     -0.772783    -13.487466
  O      -8.354845     -0.993761    -12.423901
  O      -8.723026     -0.358417    -14.503437
18
Coordinates from ORCA-job educts_optfreq_4 E -476.521908847589
  C      -6.160278      0.627666      1.792876
  C      -6.680326      0.946322      0.531366
  C      -6.430135      0.125946     -0.563737
  C      -5.653891     -1.025641     -0.412066
  C      -5.128084     -1.353436      0.842489
  C      -5.380335     -0.534059      1.932532
  C      -6.415796      1.504763      2.993623
  H      -5.477518      1.912402      3.374221
  H      -6.855395      0.924467      3.806754
  H      -7.081872      2.335574      2.756327
  H      -7.285199      1.844118      0.409800
  H      -6.841228      0.381112     -1.537952
  H      -5.459574     -1.664485     -1.263192
  H      -4.524028     -2.251085      0.963530
  H      -4.971804     -0.791334      2.909435
  N      -8.574593     -0.763108    -13.482786
  O      -8.352839     -1.005818    -12.401911
  O      -8.729449     -0.355412    -14.529803
18
Coordinates from ORCA-job educts_optfreq_4 E -476.522824513084
  C      -6.161061      0.630914      1.797285
  C      -6.681054      0.946015      0.527472
  C      -6.431841      0.129055     -0.562824
  C      -5.653562     -1.025717     -0.410987
  C      -5.127264     -1.353846      0.844949
  C      -5.378215     -0.537820      1.931674
  C      -6.416165      1.503037      2.988984
  H      -5.476617      1.912765      3.374474
  H      -6.855687      0.924093      3.807209
  H      -7.081245      2.334817      2.756439
  H      -7.283690      1.841874      0.410262
  H      -6.840294      0.380570     -1.535949
  H      -5.459525     -1.664654     -1.263388
  H      -4.525489     -2.248894      0.963151
  H      -4.972832     -0.790627      2.907142
  N      -8.579710     -0.770877    -13.491013
  O      -8.349483     -1.003411    -12.392781
  O      -8.728053     -0.350411    -14.530882
18
Coordinates from ORCA-job educts_optfreq_4 E -476.524557500483
  C      -6.162118      0.635893      1.804030
  C      -6.682493      0.946197      0.521819
  C      -6.434863      0.134414     -0.561430
  C      -5.653210     -1.025105     -0.407983
  C      -5.125452     -1.355187      0.849306
  C      -5.374700     -0.543723      1.931095
  C      -6.416962      1.499660      2.979894
  H      -5.474622      1.913173      3.374913
  H      -6.856005      0.923056      3.808079
  H      -7.080310      2.333655      2.756227
  H      -7.281135      1.837912      0.410810
  H      -6.838763      0.379792     -1.532546
  H      -5.459289     -1.665401     -1.264252
  H      -4.527857     -2.245266      0.962609
  H      -4.974356     -0.789769      2.903259
  N      -8.593285     -0.806965    -13.494089
  O      -8.342499     -0.988179    -12.386464
  O      -8.722549     -0.331617    -14.534413
18
Coordinates from ORCA-job educts_optfreq_4 E -476.526045651043
  C      -6.162060      0.636930      1.804914
  C      -6.683647      0.947563      0.520406
  C      -6.437003      0.138101     -0.560488
  C      -5.653246     -1.023842     -0.404769
  C      -5.124007     -1.356426      0.852534
  C      -5.372854     -0.546334      1.932025
  C      -6.417866      1.497296      2.972963
  H      -5.473032      1.912435      3.374668
  H      -6.855405      0.921735      3.808017
  H      -7.079891      2.332905      2.754873
  H      -7.279836      1.835431      0.410504
  H      -6.837988      0.379700     -1.530558
  H      -5.459056     -1.666065     -1.264961
  H      -4.528779     -2.243663      0.962468
  H      -4.974640     -0.790158      2.901146
  N      -8.622026     -0.875716    -13.510606
  O      -8.329599     -0.955075    -12.381248
  O      -8.708721     -0.300166    -14.524177
18
Coordinates from ORCA-job educts_optfreq_4 E -476.527363141719
  C      -6.161218      0.633051      1.799414
  C      -6.682556      0.947253      0.524239
  C      -6.435096      0.135043     -0.560478
  C      -5.653420     -1.024420     -0.406963
  C      -5.125505     -1.354821      0.850419
  C      -5.375177     -0.542543      1.932180
  C      -6.417339      1.499626      2.979248
  H      -5.474809      1.911340      3.373770
  H      -6.854554      0.922349      3.806575
  H      -7.080431      2.333379      2.754325
  H      -7.281825      1.838301      0.409963
  H      -6.839055      0.380421     -1.532755
  H      -5.459398     -1.664892     -1.263446
  H      -4.526891     -2.246438      0.962945
  H      -4.973330     -0.791094      2.904023
  N      -8.619157     -0.869142    -13.508881
  O      -8.332369     -0.955661    -12.390567
  O      -8.708539     -0.305909    -14.516693
18
Coordinates from ORCA-job educts_optfreq_4 E -476.527704267102
  C      -6.160819      0.631064      1.796582
  C      -6.682140      0.947183      0.525936
  C      -6.434125      0.133606     -0.560136
  C      -5.653612     -1.024482     -0.407915
  C      -5.126263     -1.353955      0.849569
  C      -5.376271     -0.540723      1.932386
  C      -6.416892      1.500627      2.982316
  H      -5.476370      1.909685      3.372464
  H      -6.853330      0.922524      3.804706
  H      -7.080627      2.333240      2.753148
  H      -7.283208      1.840082      0.409533
  H      -6.839634      0.381089     -1.533558
  H      -5.459805     -1.663443     -1.261521
  H      -4.525747     -2.247962      0.963383
  H      -4.972362     -0.791946      2.905792
  N      -8.625654     -0.884837    -13.512724
  O      -8.330952     -0.945423    -12.398233
  O      -8.703843     -0.301549    -14.505655
18
Coordinates from ORCA-job educts_optfreq_4 E -476.527718984915
  C      -6.160942      0.631496      1.797420
  C      -6.682225      0.947168      0.525549
  C      -6.434033      0.133452     -0.560318
  C      -5.653670     -1.024212     -0.407519
  C      -5.126204     -1.354139      0.849343
  C      -5.376138     -0.540981      1.932382
  C      -6.416851      1.500512      2.981995
  H      -5.476647      1.909327      3.372110
  H      -6.853109      0.922508      3.804237
  H      -7.080368      2.332804      2.752929
  H      -7.283116      1.839915      0.409651
  H      -6.839459      0.381111     -1.532967
  H      -5.459938     -1.662976     -1.260919
  H      -4.526029     -2.247479      0.963418
  H      -4.972500     -0.791854      2.905525
  N      -8.624849     -0.882742    -13.512451
  O      -8.331339     -0.946377    -12.398415
  O      -8.704239     -0.302556    -14.505833
18
Coordinates from ORCA-job educts_optfreq_4 E -476.527728697246
  C      -6.161013      0.631725      1.797982
  C      -6.682188      0.947043      0.525333
  C      -6.433890      0.133407     -0.560179
  C      -5.653752     -1.023777     -0.406858
  C      -5.126252     -1.354098      0.849306
  C      -5.376080     -0.541205      1.932277
  C      -6.416842      1.500276      2.981374
  H      -5.476982      1.908644      3.371453
  H      -6.852679      0.922367      3.803386
  H      -7.079966      2.332078      2.752374
  H      -7.283011      1.839654      0.409781
  H      -6.839205      0.381201     -1.532103
  H      -5.460167     -1.662163     -1.259865
  H      -4.526384     -2.246835      0.963481
  H      -4.972642     -0.791819      2.905151
  N      -8.624834     -0.882552    -13.512613
  O      -8.331395     -0.946480    -12.398461
  O      -8.704268     -0.302639    -14.505887
18
Coordinates from ORCA-job educts_optfreq_4 E -476.527738311326
  C      -6.161014      0.631614      1.798099
  C      -6.682032      0.946874      0.525450
  C      -6.433638      0.133467     -0.559611
  C      -5.653883     -1.023087     -0.405853
  C      -5.126440     -1.353774      0.849480
  C      -5.376178     -0.541255      1.932178
  C      -6.416787      1.499778      2.980387
  H      -5.477329      1.907492      3.370332
  H      -6.851990      0.921967      3.802003
  H      -7.079459      2.331032      2.751243
  H      -7.282900      1.839282      0.409958
  H      -6.838865      0.381421     -1.530914
  H      -5.460518     -1.660884     -1.258205
  H      -4.526807     -2.246014      0.963600
  H      -4.972780     -0.791866      2.904685
  N      -8.624979     -0.882738    -13.512882
  O      -8.331448     -0.946462    -12.398645
  O      -8.704218     -0.302521    -14.505987
18
Coordinates from ORCA-job educts_optfreq_4 E -476.527745318052
  C      -6.160936      0.631179      1.797695
  C      -6.681885      0.946837      0.525878
  C      -6.433445      0.133738     -0.558831
  C      -5.654004     -1.022389     -0.404852
  C      -5.126646     -1.353329      0.849909
  C      -5.376361     -0.541129      1.932244
  C      -6.416686      1.499115      2.979295
  H      -5.477359      1.906322      3.369155
  H      -6.851369      0.921299      3.800684
  H      -7.079127      2.330141      2.749834
  H      -7.282832      1.838949      0.410143
  H      -6.838585      0.381721     -1.529912
  H      -5.460814     -1.659754     -1.256743
  H      -4.527086     -2.245395      0.963750
  H      -4.972840     -0.791995      2.904380
  N      -8.625150     -0.883016    -13.513148
  O      -8.331513     -0.946463    -12.398870
  O      -8.704160     -0.302324    -14.506205
18
Coordinates from ORCA-job educts_optfreq_4 E -476.527750138625
  C      -6.160832      0.630639      1.797078
  C      -6.681843      0.946976      0.526393
  C      -6.433391      0.134187     -0.558105
  C      -5.654086     -1.021826     -0.404063
  C      -5.126763     -1.352958      0.850494
  C      -5.376513     -0.540961      1.932514
  C      -6.416569      1.498470      2.978344
  H      -5.477014      1.905349      3.368114
  H      -6.850965      0.920428      3.799687
  H      -7.079029      2.329550      2.748374
  H      -7.282859      1.838788      0.410349
  H      -6.838421      0.382067     -1.529297
  H      -5.460975     -1.659045     -1.255837
  H      -4.527151     -2.245113      0.963922
  H      -4.972807     -0.792164      2.904383
  N      -8.625279     -0.883207    -13.513384
  O      -8.331604     -0.946525    -12.399133
  O      -8.704118     -0.302163    -14.506463
18
Coordinates from ORCA-job educts_optfreq_4 E -476.527753438230
  C      -6.160758      0.630232      1.796620
  C      -6.681932      0.947240      0.526775
  C      -6.433456      0.134667     -0.557651
  C      -5.654116     -1.021470     -0.403588
  C      -5.126753     -1.352787      0.851048
  C      -5.376553     -0.540886      1.932925
  C      -6.416480      1.498030      2.977741
  H      -5.476435      1.904650      3.367285
  H      -6.850798      0.919512      3.799054
  H      -7.079092      2.329219      2.747071
  H      -7.283006      1.838875      0.410593
  H      -6.838376      0.382424     -1.529076
  H      -5.461000     -1.658776     -1.255511
  H      -4.527029     -2.245142      0.964112
  H      -4.972708     -0.792313      2.904720
  N      -8.625359     -0.883255    -13.513631
  O      -8.331705     -0.946635    -12.399377
  O      -8.704093     -0.302086    -14.506676
18
Coordinates from ORCA-job educts_optfreq_4 E -476.527756465858
  C      -6.160723      0.629963      1.796413
  C      -6.682147      0.947619      0.527033
  C      -6.433589      0.135182     -0.557405
  C      -5.654111     -1.021189     -0.403245
  C      -5.126633     -1.352790      0.851592
  C      -5.376477     -0.540942      1.933500
  C      -6.416416      1.497736      2.977348
  H      -5.475651      1.903965      3.366381
  H      -6.850741      0.918422      3.798471
  H      -7.079205      2.328907      2.745633
  H      -7.283302      1.839219      0.410972
  H      -6.838396      0.382885     -1.529047
  H      -5.460950     -1.658693     -1.255446
  H      -4.526777     -2.245348      0.964375
  H      -4.972564     -0.792439      2.905406
  N      -8.625403     -0.883239    -13.513836
  O      -8.331855     -0.946805    -12.399716
  O      -8.704076     -0.302026    -14.506952
18
Coordinates from ORCA-job educts_optfreq_4 E -476.527758780461
  C      -6.160734      0.629862      1.796501
  C      -6.682413      0.947999      0.527149
  C      -6.433715      0.135600     -0.557371
  C      -5.654077     -1.020989     -0.403038
  C      -5.126456     -1.352922      0.852007
  C      -5.376320     -0.541116      1.934096
  C      -6.416392      1.497631      2.977212
  H      -5.474877      1.903321      3.365457
  H      -6.850745      0.917371      3.797899
  H      -7.079270      2.328550      2.744255
  H      -7.283702      1.839765      0.411471
  H      -6.838451      0.383406     -1.529132
  H      -5.460871     -1.658661     -1.255467
  H      -4.526474     -2.245621      0.964686
  H      -4.972433     -0.792494      2.906310
  N      -8.625516     -0.883203    -13.514297
  O      -8.331973     -0.946971    -12.399927
  O      -8.704033     -0.301993    -14.507136
18
Coordinates from ORCA-job educts_optfreq_4 E -476.527759739094
  C      -6.160786      0.629966      1.796870
  C      -6.682615      0.948212      0.527084
  C      -6.433769      0.135756     -0.557532
  C      -5.654032     -1.020910     -0.402980
  C      -5.126304     -1.353114      0.852132
  C      -5.376155     -0.541339      1.934466
  C      -6.416400      1.497696      2.977306
  H      -5.474467      1.902948      3.364854
  H      -6.850783      0.916812      3.797521
  H      -7.079230      2.328254      2.743490
  H      -7.284009      1.840238      0.411927
  H      -6.838490      0.383787     -1.529226
  H      -5.460810     -1.658617     -1.255472
  H      -4.526288     -2.245779      0.964923
  H      -4.972406     -0.792430      2.907009
  N      -8.625506     -0.883211    -13.514256
  O      -8.332122     -0.947115    -12.400248
  O      -8.704019     -0.301910    -14.507423
18
Coordinates from ORCA-job educts_optfreq_4 E -476.527760216470
  C      -6.160808      0.630025      1.797029
  C      -6.682621      0.948176      0.527040
  C      -6.433734      0.135691     -0.557626
  C      -5.654009     -1.020926     -0.403015
  C      -5.126292     -1.353155      0.852055
  C      -5.376130     -0.541402      1.934457
  C      -6.416411      1.497769      2.977421
  H      -5.474524      1.902945      3.364787
  H      -6.850807      0.916888      3.797462
  H      -7.079143      2.328164      2.743531
  H      -7.284057      1.840345      0.412102
  H      -6.838485      0.383869     -1.529255
  H      -5.460804     -1.658549     -1.255413
  H      -4.526289     -2.245760      0.964974
  H      -4.972475     -0.792330      2.907137
  N      -8.625584     -0.883235    -13.514490
  O      -8.332108     -0.947121    -12.400154
  O      -8.703984     -0.301896    -14.507388
