18
Coordinates from ORCA-job educts_optfreq_4
  C   -6.16080807382348      0.63002515698793      1.79702894420810
  C   -6.68262051276152      0.94817644035368      0.52704046229478
  C   -6.43373402367450      0.13569063078082     -0.55762623089735
  C   -5.65400897565042     -1.02092563223454     -0.40301505808275
  C   -5.12629169733383     -1.35315453896726      0.85205543833054
  C   -5.37612967556257     -0.54140153101108      1.93445728054667
  C   -6.41641113795001      1.49776862955388      2.97742149230146
  H   -5.47452374485395      1.90294510850537      3.36478729472822
  H   -6.85080745613723      0.91688800317799      3.79746153362838
  H   -7.07914285492733      2.32816449526936      2.74353058313805
  H   -7.28405713040435      1.84034510837073      0.41210164349752
  H   -6.83848467356641      0.38386947313627     -1.52925489443207
  H   -5.46080445353501     -1.65854864911136     -1.25541303128480
  H   -4.52628857362353     -2.24575984078998      0.96497422725628
  H   -4.97247458316258     -0.79232963905652      2.90713732263557
  N   -8.62558378836461     -0.88323475055742    -13.51448979491716
  O   -8.33210787936233     -0.94712106394813    -12.40015441659155
  O   -8.70398397509109     -0.30189649123060    -14.50738801496865
