18
Coordinates from ORCA-job meta_products_optfreq2
  C   -3.73483895115173      2.72115539879762     -0.67985332025187
  C   -4.62618545538429      2.14977447343427     -1.64196063855983
  C   -4.39016516789210      0.87364668819495     -2.10451778330867
  C   -3.28946973939423      0.10798593650453     -1.66986633409196
  C   -2.40574175394611      0.66559418599647     -0.71825605959721
  C   -2.62675964351048      1.94380844592790     -0.23043585195212
  C   -3.95753827680296      4.10789751294732     -0.19785027009585
  H   -3.14233357459928     -0.89428353059762     -2.07648929390799
  H   -5.48107650266098      2.71141600936290     -2.02369203689568
  H   -3.33712115582896      4.35981879010272      0.67255392898033
  H   -5.02272516262325      4.28773563594744      0.03171709253639
  H   -3.71233828835717      4.82809467225694     -1.00728705805082
  H   -1.94596869473995      2.37319367120879      0.50834540091905
  H   -1.54945536347367      0.08139944738120     -0.37426853631524
  N   -5.34287396434772      0.26457131993177     -3.06654555406007
  O   -5.22013628865017     -0.93299596304690     -3.25997918809837
  O   -6.17114496924436      0.99371568910306     -3.57095067838829
  H   -12.81499704739196     -3.51006838345354      4.60020618113832
