18
Coordinates from ORCA-job para_products_optfreq
  C   -6.03272976925791      0.66202686092243     -0.00335611510232
  C   -7.09821570108111      1.19894774032761     -0.77471113657779
  C   -7.43591232545049      0.64967627987355     -1.98588994085145
  C   -6.70761273555919     -0.46034757965679     -2.43347682228333
  C   -5.65062199121492     -1.02467249950356     -1.70607261136445
  C   -5.31965596244168     -0.45873597365192     -0.50021089616718
  C   -5.65908701808524      1.28394741727211      1.28668563808584
  H   -5.11354827452298      0.59984744652200      1.93484605029543
  H   -6.52796222537794      1.68804589143106      1.80943902983849
  H   -4.99681883222712      2.14271011547489      1.09400249811616
  H   -7.64450615207694      2.05192348446032     -0.39375820731890
  H   -8.23856179754150      1.04494587655011     -2.59147265100178
  H   -5.12674838826489     -1.88441367197798     -2.09908145735405
  H   -4.50763408833772     -0.86951726570140      0.08476348643750
  N   -7.07125511545366     -1.05979532597181     -3.71308439062913
  O   -7.04837329841035     -2.27607713610621     -3.77689769956075
  O   -7.37554892174536     -0.30407133378728     -4.61599523424269
  H   -12.34767740295072     -5.34420032647714     -6.21336954031954
