18
Coordinates from ORCA-job para_products_optfreq E -476.110330271886
  C      -6.377120      0.418270     -0.130720
  C      -7.253480      0.982570     -1.056500
  C      -7.212790      0.593110     -2.394180
  C      -6.293180     -0.368470     -2.835790
  C      -5.414640     -0.927210     -1.896520
  C      -5.456260     -0.536890     -0.558880
  C      -6.419330      0.846150      1.325850
  H      -6.107190      0.029590      1.981160
  H      -7.430220      1.142870      1.615290
  H      -5.751410      1.694500      1.491040
  H      -7.975350      1.732050     -0.739890
  H      -7.910300      1.051490     -3.091620
  H      -4.684230     -1.674960     -2.194550
  H      -4.763350     -0.983130      0.150950
  N      -6.257230     -0.751130     -4.164520
  O      -5.402820     -1.637360     -4.547730
  O      -7.083050     -0.210320     -4.993040
  H     -12.110520     -3.760890     -2.557990
18
Coordinates from ORCA-job para_products_optfreq E -476.123722326785
  C      -6.381979      0.414764     -0.124438
  C      -7.268016      0.984737     -1.061161
  C      -7.229704      0.599778     -2.383356
  C      -6.294596     -0.361865     -2.811153
  C      -5.401377     -0.928861     -1.884371
  C      -5.448749     -0.548768     -0.561069
  C      -6.419580      0.838282      1.308925
  H      -6.093908      0.031058      1.966067
  H      -7.424169      1.148801      1.599872
  H      -5.746404      1.691120      1.461745
  H      -7.986247      1.730541     -0.747761
  H      -7.918768      1.046813     -3.085808
  H      -4.675866     -1.666890     -2.196898
  H      -4.758937     -0.994535      0.142796
  N      -6.254908     -0.751778     -4.165896
  O      -5.434888     -1.613487     -4.521420
  O      -7.045841     -0.219853     -4.963651
  H     -12.118533     -3.759617     -2.570062
18
Coordinates from ORCA-job para_products_optfreq E -476.127829083368
  C      -6.387523      0.410427     -0.114423
  C      -7.280470      0.981563     -1.062066
  C      -7.244929      0.600363     -2.376021
  C      -6.296572     -0.355998     -2.787555
  C      -5.389997     -0.928405     -1.877697
  C      -5.443842     -0.556219     -0.561710
  C      -6.418847      0.832742      1.299843
  H      -6.073188      0.040622      1.964445
  H      -7.414427      1.163516      1.597975
  H      -5.740910      1.690007      1.436669
  H      -7.997753      1.725710     -0.745656
  H      -7.926544      1.034614     -3.091514
  H      -4.667858     -1.657455     -2.213452
  H      -4.755317     -1.000040      0.143601
  N      -6.253253     -0.756315     -4.178442
  O      -5.456029     -1.611983     -4.493325
  O      -7.023830     -0.212764     -4.942760
  H     -12.131180     -3.760144     -2.595552
18
Coordinates from ORCA-job para_products_optfreq E -476.128747742421
  C      -6.389245      0.408383     -0.109473
  C      -7.285312      0.978134     -1.059218
  C      -7.250453      0.598860     -2.374121
  C      -6.297921     -0.353941     -2.778294
  C      -5.386282     -0.927729     -1.876631
  C      -5.441483     -0.556568     -0.560058
  C      -6.416413      0.833488      1.301579
  H      -6.059971      0.050436      1.971283
  H      -7.406711      1.174543      1.605553
  H      -5.736626      1.692515      1.429800
  H      -8.002736      1.720451     -0.737108
  H      -7.927430      1.026169     -3.098447
  H      -4.665294     -1.651300     -2.226390
  H      -4.752857     -0.996588      0.148263
  N      -6.253410     -0.760084     -4.186922
  O      -5.457655     -1.628057     -4.484417
  O      -7.021622     -0.198763     -4.944587
  H     -12.151050     -3.769710     -2.618452
18
Coordinates from ORCA-job para_products_optfreq E -476.129054661669
  C      -6.388422      0.407764     -0.106383
  C      -7.288232      0.974109     -1.054520
  C      -7.253477      0.596588     -2.372061
  C      -6.298520     -0.352344     -2.771078
  C      -5.383244     -0.925856     -1.875765
  C      -5.437870     -0.553389     -0.557586
  C      -6.412178      0.836328      1.304670
  H      -6.046520      0.061150      1.978672
  H      -7.398331      1.184101      1.614370
  H      -5.731953      1.696921      1.425849
  H      -8.006282      1.713691     -0.724773
  H      -7.926604      1.017836     -3.104288
  H      -4.663189     -1.645136     -2.237349
  H      -4.748229     -0.987557      0.154444
  N      -6.253253     -0.762849     -4.192386
  O      -5.464758     -1.643338     -4.481715
  O      -7.012765     -0.187897     -4.950928
  H     -12.188645     -3.789883     -2.646814
18
Coordinates from ORCA-job para_products_optfreq E -476.129197332118
  C      -6.385654      0.408324     -0.105706
  C      -7.289570      0.971143     -1.050813
  C      -7.254946      0.594438     -2.369577
  C      -6.297758     -0.351055     -2.766019
  C      -5.379073     -0.922744     -1.874556
  C      -5.432689     -0.549060     -0.555905
  C      -6.407463      0.839434      1.305431
  H      -6.036686      0.068526      1.981478
  H      -7.392004      1.188673      1.618310
  H      -5.728007      1.701444      1.422488
  H      -8.008215      1.707998     -0.715683
  H      -7.926585      1.011405     -3.105895
  H      -4.659211     -1.639311     -2.242424
  H      -4.741529     -0.977989      0.157994
  N      -6.252219     -0.763306     -4.192053
  O      -5.474334     -1.654704     -4.478480
  O      -7.000104     -0.177705     -4.954131
  H     -12.236423     -3.815271     -2.672099
18
Coordinates from ORCA-job para_products_optfreq E -476.129411673531
  C      -6.380948      0.409076     -0.106055
  C      -7.292881      0.964510     -1.045922
  C      -7.259015      0.588024     -2.365408
  C      -6.297187     -0.350637     -2.759114
  C      -5.371447     -0.916993     -1.873070
  C      -5.423017     -0.541310     -0.554218
  C      -6.400826      0.844152      1.305214
  H      -6.023243      0.078581      1.983466
  H      -7.384756      1.191494      1.621713
  H      -5.724409      1.709281      1.417083
  H      -8.013738      1.695767     -0.704083
  H      -7.931248      0.996914     -3.105719
  H      -4.651378     -1.629942     -2.248033
  H      -4.728502     -0.961801      0.161400
  N      -6.253883     -0.764853     -4.187393
  O      -5.499858     -1.677736     -4.471245
  O      -6.979583     -0.159673     -4.955581
  H     -12.286550     -3.834612     -2.710675
18
Coordinates from ORCA-job para_products_optfreq E -476.129783921873
  C      -6.373534      0.409658     -0.107882
  C      -7.300556      0.950121     -1.038689
  C      -7.269013      0.572766     -2.358308
  C      -6.298023     -0.352724     -2.749344
  C      -5.358750     -0.907167     -1.871545
  C      -5.406122     -0.527760     -0.552814
  C      -6.391304      0.851562      1.303588
  H      -6.002820      0.093883      1.984405
  H      -7.376454      1.190384      1.624931
  H      -5.722778      1.723411      1.407856
  H      -8.027001      1.670676     -0.688125
  H      -7.946137      0.966637     -3.102118
  H      -4.637361     -1.614494     -2.255119
  H      -4.704569     -0.933725      0.163993
  N      -6.261546     -0.769484     -4.175515
  O      -5.556869     -1.722523     -4.457039
  O      -6.944698     -0.129099     -4.954421
  H     -12.324935     -3.831882     -2.771496
18
Coordinates from ORCA-job para_products_optfreq E -476.130218693883
  C      -6.365777      0.410765     -0.109742
  C      -7.308424      0.935018     -1.031893
  C      -7.280267      0.555857     -2.351034
  C      -6.299368     -0.356446     -2.742227
  C      -5.346275     -0.897246     -1.870953
  C      -5.388801     -0.513744     -0.552916
  C      -6.381651      0.859294      1.301653
  H      -5.982867      0.108011      1.983501
  H      -7.369778      1.184968      1.626993
  H      -5.723225      1.738855      1.399339
  H      -8.041640      1.645148     -0.675521
  H      -7.965235      0.935747     -3.094745
  H      -4.621557     -1.598731     -2.259194
  H      -4.678536     -0.905488      0.162694
  N      -6.269554     -0.774325     -4.161031
  O      -5.619761     -1.767149     -4.440144
  O      -6.904693     -0.099482     -4.951873
  H     -12.355062     -3.820813     -2.830548
18
Coordinates from ORCA-job para_products_optfreq E -476.130766033036
  C      -6.358091      0.413970     -0.110428
  C      -7.315595      0.922070     -1.026291
  C      -7.292192      0.539417     -2.343709
  C      -6.301424     -0.362181     -2.741681
  C      -5.336027     -0.888431     -1.872234
  C      -5.373020     -0.500343     -0.556207
  C      -6.371220      0.867560      1.300114
  H      -5.964507      0.118117      1.979323
  H      -7.364915      1.173215      1.627828
  H      -5.725098      1.755362      1.393778
  H      -8.057243      1.623721     -0.670861
  H      -7.989560      0.909775     -3.080125
  H      -4.603673     -1.583980     -2.256120
  H      -4.651251     -0.881078      0.153036
  N      -6.275190     -0.777819     -4.144052
  O      -5.681459     -1.805683     -4.417565
  O      -6.856760     -0.073939     -4.950141
  H     -12.385245     -3.809514     -2.882304
18
Coordinates from ORCA-job para_products_optfreq E -476.131273344232
  C      -6.352442      0.416962     -0.107795
  C      -7.322675      0.909589     -1.020189
  C      -7.303481      0.523998     -2.336410
  C      -6.303331     -0.367233     -2.739231
  C      -5.326014     -0.879351     -1.873236
  C      -5.359116     -0.487184     -0.559012
  C      -6.361540      0.874988      1.300960
  H      -5.943271      0.130666      1.978848
  H      -7.357749      1.167466      1.633095
  H      -5.725837      1.770515      1.388603
  H      -8.072198      1.602595     -0.664235
  H      -8.011026      0.884213     -3.068389
  H      -4.586934     -1.567540     -2.256988
  H      -4.626843     -0.857560      0.145004
  N      -6.281075     -0.784650     -4.135193
  O      -5.743361     -1.847026     -4.397636
  O      -6.808855     -0.047302     -4.949172
  H     -12.416723     -3.802906     -2.936666
18
Coordinates from ORCA-job para_products_optfreq E -476.131774771174
  C      -6.350614      0.423780     -0.097872
  C      -7.328750      0.902684     -1.014292
  C      -7.313339      0.512260     -2.328360
  C      -6.306245     -0.373990     -2.744278
  C      -5.320696     -0.871893     -1.876646
  C      -5.351645     -0.474493     -0.565364
  C      -6.352764      0.881099      1.307551
  H      -5.920958      0.139459      1.980147
  H      -7.351011      1.161367      1.644849
  H      -5.727351      1.784322      1.391435
  H      -8.088402      1.589378     -0.664927
  H      -8.034278      0.868853     -3.049025
  H      -4.569998     -1.551609     -2.252346
  H      -4.606230     -0.840944      0.127900
  N      -6.284800     -0.795435     -4.138476
  O      -5.801890     -1.887536     -4.376964
  O      -6.754965     -0.028764     -4.959351
  H     -12.438534     -3.798300     -2.981620
18
Coordinates from ORCA-job para_products_optfreq E -476.132059594656
  C      -6.344807      0.425392     -0.097111
  C      -7.333921      0.888415     -1.007540
  C      -7.321953      0.495994     -2.321563
  C      -6.307238     -0.377900     -2.737652
  C      -5.310188     -0.861166     -1.877016
  C      -5.337352     -0.459418     -0.566186
  C      -6.344654      0.887306      1.308241
  H      -5.898800      0.154802      1.981542
  H      -7.343266      1.158343      1.651643
  H      -5.729621      1.798112      1.385466
  H      -8.100072      1.565328     -0.653211
  H      -8.051015      0.840889     -3.041068
  H      -4.555368     -1.534020     -2.257907
  H      -4.583848     -0.812689      0.125284
  N      -6.292293     -0.804366     -4.131616
  O      -5.869898     -1.926403     -4.364163
  O      -6.709272     -0.007640     -4.955455
  H     -12.468905     -3.790739     -3.039329
18
Coordinates from ORCA-job para_products_optfreq E -476.132263475888
  C      -6.339474      0.429109     -0.094628
  C      -7.338158      0.877899     -1.000731
  C      -7.329587      0.482641     -2.314111
  C      -6.308268     -0.381934     -2.734859
  C      -5.301101     -0.850795     -1.878435
  C      -5.324481     -0.444085     -0.568961
  C      -6.336274      0.892834      1.310030
  H      -5.876827      0.166907      1.981278
  H      -7.335951      1.152232      1.659250
  H      -5.732273      1.811312      1.382625
  H      -8.111237      1.546387     -0.644562
  H      -8.068667      0.820002     -3.027472
  H      -4.540014     -1.516831     -2.259417
  H      -4.561638     -0.786908      0.117659
  N      -6.296723     -0.813378     -4.126501
  O      -5.929702     -1.955734     -4.348389
  O      -6.662384      0.001082     -4.956043
  H     -12.509714     -3.790500     -3.094374
18
Coordinates from ORCA-job para_products_optfreq E -476.132401698296
  C      -6.334148      0.432839     -0.093066
  C      -7.340623      0.870509     -0.994230
  C      -7.334032      0.473109     -2.307281
  C      -6.308396     -0.384261     -2.731314
  C      -5.293319     -0.841815     -1.878978
  C      -5.312949     -0.430301     -0.570589
  C      -6.328805      0.897466      1.311598
  H      -5.857587      0.177523      1.981047
  H      -7.328940      1.147388      1.666244
  H      -5.734081      1.822332      1.380560
  H      -8.118578      1.531587     -0.634920
  H      -8.080809      0.804946     -3.015066
  H      -4.528228     -1.502892     -2.260972
  H      -4.542948     -0.763822      0.112557
  N      -6.299931     -0.821098     -4.122485
  O      -5.975463     -1.975579     -4.336988
  O      -6.626494      0.001340     -4.958307
  H     -12.557141     -3.799033     -3.145449
18
Coordinates from ORCA-job para_products_optfreq E -476.132478201194
  C      -6.328669      0.436593     -0.091957
  C      -7.342299      0.865079     -0.988660
  C      -7.337161      0.465965     -2.301333
  C      -6.308534     -0.386007     -2.727818
  C      -5.287552     -0.835661     -1.878822
  C      -5.303059     -0.419578     -0.571715
  C      -6.321058      0.902752      1.312534
  H      -5.840806      0.187393      1.980442
  H      -7.321638      1.144201      1.671656
  H      -5.733889      1.832645      1.378065
  H      -8.124185      1.519692     -0.626567
  H      -8.089873      0.792900     -3.004780
  H      -4.519965     -1.493328     -2.261740
  H      -4.527115     -0.745363      0.108290
  N      -6.302965     -0.826074     -4.117425
  O      -6.012999     -1.989886     -4.326655
  O      -6.596382      0.003014     -4.958447
  H     -12.604321     -3.814097     -3.192708
18
Coordinates from ORCA-job para_products_optfreq E -476.132530618732
  C      -6.323928      0.439955     -0.090368
  C      -7.342568      0.862587     -0.984087
  C      -7.338617      0.462278     -2.296498
  C      -6.308491     -0.386696     -2.724699
  C      -5.283939     -0.832197     -1.878073
  C      -5.296237     -0.412689     -0.572011
  C      -6.313628      0.907981      1.313584
  H      -5.827082      0.196024      1.980567
  H      -7.314145      1.144313      1.676249
  H      -5.731212      1.841078      1.375787
  H      -8.126922      1.512804     -0.619639
  H      -8.095196      0.785712     -2.997336
  H      -4.515461     -1.488216     -2.262106
  H      -4.516396     -0.733608      0.105819
  N      -6.305145     -0.828647     -4.113893
  O      -6.038391     -1.998395     -4.319307
  O      -6.575423      0.004689     -4.957940
  H     -12.649690     -3.836732     -3.233688
18
Coordinates from ORCA-job para_products_optfreq E -476.132578142841
  C      -6.319607      0.443025     -0.088682
  C      -7.341381      0.862654     -0.980417
  C      -7.338744      0.461434     -2.292560
  C      -6.308457     -0.386520     -2.722046
  C      -5.282139     -0.830860     -1.876921
  C      -5.291915     -0.408968     -0.571607
  C      -6.306434      0.913173      1.314598
  H      -5.816132      0.203366      1.981125
  H      -7.306652      1.146823      1.679855
  H      -5.726548      1.847984      1.373790
  H      -8.126852      1.510394     -0.614167
  H      -8.097641      0.782542     -2.991893
  H      -4.514106     -1.486901     -2.261830
  H      -4.510021     -0.727670      0.104912
  N      -6.306883     -0.829114     -4.111025
  O      -6.054185     -2.002343     -4.314081
  O      -6.562788      0.006313     -4.957095
  H     -12.691984     -3.865091     -3.269596
18
Coordinates from ORCA-job para_products_optfreq E -476.132628965995
  C      -6.315304      0.446153     -0.086807
  C      -7.338621      0.865252     -0.977324
  C      -7.337714      0.463147     -2.289071
  C      -6.308718     -0.385624     -2.719513
  C      -5.282128     -0.831497     -1.875319
  C      -5.289628     -0.407877     -0.570534
  C      -6.298878      0.918688      1.315663
  H      -5.806645      0.210147      1.982105
  H      -7.298555      1.151687      1.682904
  H      -5.719800      1.854101      1.371918
  H      -8.124019      1.512215     -0.609787
  H      -8.097850      0.782749     -2.987639
  H      -4.515997     -1.489379     -2.260862
  H      -4.507292     -0.726856      0.105380
  N      -6.309413     -0.828171     -4.108456
  O      -6.064263     -2.003379     -4.310091
  O      -6.557985      0.007920     -4.955792
  H     -12.729661     -3.899036     -3.304417
18
Coordinates from ORCA-job para_products_optfreq E -476.132687964900
  C      -6.310498      0.449830     -0.084554
  C      -7.333483      0.871656     -0.974614
  C      -7.335379      0.468368     -2.285681
  C      -6.309901     -0.383906     -2.716796
  C      -5.284843     -0.834923     -1.873034
  C      -5.289794     -0.410048     -0.568597
  C      -6.289865      0.925192      1.316893
  H      -5.797495      0.217009      1.983575
  H      -7.288642      1.159806      1.685723
  H      -5.709772      1.860044      1.369979
  H      -8.117210      1.520183     -0.606482
  H      -8.095796      0.787338     -2.984103
  H      -4.522887     -1.497499     -2.258747
  H      -4.509001     -0.732696      0.107426
  N      -6.314631     -0.826068     -4.105632
  O      -6.070825     -2.002098     -4.306549
  O      -6.563939      0.009215     -4.953496
  H     -12.758509     -3.941162     -3.342953
18
Coordinates from ORCA-job para_products_optfreq E -476.132752421232
  C      -6.304918      0.454308     -0.082021
  C      -7.325678      0.882473     -0.972002
  C      -7.331990      0.477430     -2.282191
  C      -6.312523     -0.381571     -2.713650
  C      -5.290570     -0.840773     -1.870104
  C      -5.292130     -0.414921     -0.565933
  C      -6.279051      0.932400      1.318353
  H      -5.787476      0.223997      1.985291
  H      -7.276491      1.170496      1.688825
  H      -5.696729      1.865965      1.368096
  H      -8.105675      1.535600     -0.603933
  H      -8.091907      0.797235     -2.980732
  H      -4.535019     -1.510841     -2.255369
  H      -4.514580     -0.744380      0.110602
  N      -6.323848     -0.824383     -4.102017
  O      -6.076937     -2.000462     -4.302623
  O      -6.581632      0.008664     -4.949575
  H     -12.775315     -3.990997     -3.388658
18
Coordinates from ORCA-job para_products_optfreq E -476.132818079845
  C      -6.298826      0.459318     -0.079506
  C      -7.317080      0.894740     -0.968910
  C      -7.328797      0.487476     -2.278286
  C      -6.316311     -0.379643     -2.710148
  C      -5.297248     -0.846406     -1.867151
  C      -5.294313     -0.419285     -0.563369
  C      -6.267488      0.939386      1.320036
  H      -5.775578      0.231127      1.986738
  H      -7.263448      1.180451      1.692825
  H      -5.683737      1.872229      1.366499
  H      -8.092146      1.553968     -0.601018
  H      -8.088168      0.809593     -2.976322
  H      -4.548191     -1.524073     -2.251727
  H      -4.519590     -0.755464      0.113114
  N      -6.335359     -0.825161     -4.097529
  O      -6.086776     -2.001407     -4.297452
  O      -6.602109      0.005351     -4.944851
  H     -12.787307     -4.041957     -3.440582
18
Coordinates from ORCA-job para_products_optfreq E -476.132889438130
  C      -6.292047      0.464891     -0.077044
  C      -7.307671      0.908442     -0.965154
  C      -7.326233      0.498356     -2.273768
  C      -6.321995     -0.378625     -2.706084
  C      -5.305207     -0.851769     -1.864166
  C      -5.296074     -0.422936     -0.560977
  C      -6.254939      0.946179      1.321931
  H      -5.761049      0.238702      1.987797
  H      -7.249295      1.189225      1.697979
  H      -5.671055      1.879198      1.365029
  H      -8.076063      1.575810     -0.597569
  H      -8.084959      0.825051     -2.970436
  H      -4.562625     -1.536925     -2.248007
  H      -4.523310     -0.765361      0.114561
  N      -6.349976     -0.829334     -4.091671
  O      -6.101886     -2.005907     -4.290284
  O      -6.625621     -0.001425     -4.938980
  H     -12.792464     -4.093330     -3.500797
18
Coordinates from ORCA-job para_products_optfreq E -476.132963602603
  C      -6.284775      0.470719     -0.074546
  C      -7.298703      0.921390     -0.960443
  C      -7.325104      0.508110     -2.268341
  C      -6.329668     -0.379253     -2.701299
  C      -5.313516     -0.856061     -1.861292
  C      -5.296315     -0.424701     -0.559010
  C      -6.241821      0.952882      1.324007
  H      -5.743456      0.247433      1.988455
  H      -7.234625      1.195758      1.704499
  H      -5.659986      1.887527      1.363322
  H      -8.059130      1.597919     -0.592877
  H      -8.083159      0.841700     -2.962554
  H      -4.576418     -1.547153     -2.245150
  H      -4.523453     -0.771129      0.114254
  N      -6.366481     -0.837156     -4.084574
  O      -6.122921     -2.014418     -4.280944
  O      -6.647187     -0.011334     -4.932707
  H     -12.795750     -4.141992     -3.568441
18
Coordinates from ORCA-job para_products_optfreq E -476.133033204603
  C      -6.277369      0.476569     -0.071626
  C      -7.290890      0.932368     -0.955114
  C      -7.325041      0.515848     -2.261991
  C      -6.338133     -0.380697     -2.695901
  C      -5.321623     -0.860441     -1.858347
  C      -5.295913     -0.425811     -0.557177
  C      -6.227878      0.960824      1.326042
  H      -5.724120      0.258081      1.989101
  H      -7.219195      1.202280      1.711537
  H      -5.648950      1.897553      1.360513
  H      -8.043812      1.616921     -0.587114
  H      -8.082580      0.855766     -2.953593
  H      -4.589747     -1.556574     -2.243195
  H      -4.521977     -0.774846      0.113412
  N      -6.382901     -0.844799     -4.077128
  O      -6.146137     -2.023334     -4.270922
  O      -6.664291     -0.020450     -4.926881
  H     -12.801913     -4.189019     -3.639255
18
Coordinates from ORCA-job para_products_optfreq E -476.133102594012
  C      -6.269704      0.482448     -0.068300
  C      -7.283858      0.942081     -0.949204
  C      -7.326192      0.522045     -2.254728
  C      -6.347739     -0.382893     -2.689638
  C      -5.330196     -0.865572     -1.855055
  C      -5.295467     -0.427011     -0.555306
  C      -6.212483      0.970299      1.327848
  H      -5.702558      0.270903      1.989574
  H      -7.202234      1.209513      1.719012
  H      -5.637071      1.909392      1.356113
  H      -8.029446      1.634057     -0.580353
  H      -8.083393      0.867616     -2.943898
  H      -4.603854     -1.566508     -2.241716
  H      -4.519957     -0.777945      0.112416
  N      -6.400097     -0.851995     -4.069000
  O      -6.171459     -2.032269     -4.259980
  O      -6.679080     -0.028593     -4.920714
  H     -12.807685     -4.235328     -3.714713
18
Coordinates from ORCA-job para_products_optfreq E -476.133174077629
  C      -6.261694      0.488370     -0.064508
  C      -7.277621      0.950666     -0.942538
  C      -7.328963      0.526624     -2.246293
  C      -6.358985     -0.386068     -2.682227
  C      -5.339728     -0.871905     -1.851221
  C      -5.295299     -0.428618     -0.553328
  C      -6.195043      0.981698      1.329298
  H      -5.677877      0.286477      1.989678
  H      -7.183039      1.217784      1.727088
  H      -5.623937      1.923504      1.349582
  H      -8.015905      1.649640     -0.572374
  H      -8.086008      0.877177     -2.933251
  H      -4.619457     -1.577635     -2.240500
  H      -4.517778     -0.780895      0.111351
  N      -6.418607     -0.858634     -4.060024
  O      -6.199192     -2.041122     -4.247815
  O      -6.692048     -0.035814     -4.914086
  H     -12.811289     -4.281011     -3.796471
18
Coordinates from ORCA-job para_products_optfreq E -476.133244869176
  C      -6.253646      0.494458     -0.060589
  C      -7.271427      0.959590     -0.935593
  C      -7.332000      0.531013     -2.237333
  C      -6.370156     -0.388976     -2.674563
  C      -5.349693     -0.879027     -1.847081
  C      -5.296153     -0.430923     -0.551138
  C      -6.176438      0.994053      1.330439
  H      -5.652148      0.302969      1.989416
  H      -7.162379      1.227623      1.735145
  H      -5.609316      1.938239      1.342063
  H      -8.003131      1.664757     -0.564030
  H      -8.089350      0.884503     -2.922396
  H      -4.636256     -1.590497     -2.238407
  H      -4.517559     -0.785544      0.111097
  N      -6.437492     -0.863918     -4.051225
  O      -6.227360     -2.049040     -4.236224
  O      -6.705204     -0.041741     -4.907367
  H     -12.812764     -4.327300     -3.879855
18
Coordinates from ORCA-job para_products_optfreq E -476.133313565324
  C      -6.245428      0.500711     -0.056964
  C      -7.264860      0.969345     -0.928581
  C      -7.335147      0.535718     -2.228157
  C      -6.381357     -0.391790     -2.666800
  C      -5.360183     -0.886434     -1.842670
  C      -5.297578     -0.433586     -0.548796
  C      -6.157158      1.006507      1.331194
  H      -5.625512      0.319629      1.988519
  H      -7.140770      1.237991      1.743116
  H      -5.594114      1.953056      1.334010
  H      -7.990066      1.680656     -0.555789
  H      -8.093319      0.891123     -2.911350
  H      -4.653971     -1.604423     -2.235076
  H      -4.518547     -0.791346      0.111293
  N      -6.457221     -0.869063     -4.042200
  O      -6.256444     -2.056676     -4.224592
  O      -6.719926     -0.047467     -4.900004
  H     -12.810870     -4.373710     -3.964794
18
Coordinates from ORCA-job para_products_optfreq E -476.133380882058
  C      -6.237135      0.507093     -0.053710
  C      -7.257863      0.979652     -0.921743
  C      -7.337859      0.540947     -2.219126
  C      -6.392188     -0.394386     -2.659258
  C      -5.370793     -0.893533     -1.838210
  C      -5.299002     -0.436140     -0.546361
  C      -6.138150      1.018389      1.331790
  H      -5.599003      0.335763      1.987244
  H      -7.119271      1.248147      1.750957
  H      -5.579340      1.967369      1.326234
  H      -7.976523      1.697142     -0.547966
  H      -8.097108      0.898017     -2.900195
  H      -4.671789     -1.618366     -2.230891
  H      -4.519803     -0.797390      0.111640
  N      -6.477193     -0.874667     -4.033195
  O      -6.285950     -2.064446     -4.213200
  O      -6.736198     -0.053609     -4.892365
  H     -12.807302     -4.419742     -4.049284
18
Coordinates from ORCA-job para_products_optfreq E -476.133447531527
  C      -6.228406      0.513348     -0.050773
  C      -7.251075      0.989150     -0.914828
  C      -7.341463      0.545370     -2.209629
  C      -6.403722     -0.397584     -2.650940
  C      -5.382042     -0.901230     -1.833146
  C      -5.300173     -0.438987     -0.543698
  C      -6.118106      1.030920      1.331645
  H      -5.570181      0.353561      1.985080
  H      -7.096501      1.258364      1.758801
  H      -5.564710      1.982920      1.316759
  H      -7.963288      1.712537     -0.540193
  H      -8.102323      0.903764     -2.888514
  H      -4.690370     -1.633103     -2.225731
  H      -4.520516     -0.803354      0.112027
  N      -6.498161     -0.880041     -4.023155
  O      -6.317419     -2.071806     -4.200251
  O      -6.752487     -0.059003     -4.883595
  H     -12.801526     -4.464585     -4.137500
18
Coordinates from ORCA-job para_products_optfreq E -476.133513019788
  C      -6.220296      0.519922     -0.047616
  C      -7.243471      0.999913     -0.908351
  C      -7.342686      0.551717     -2.201236
  C      -6.413687     -0.399592     -2.644213
  C      -5.392394     -0.907229     -1.828991
  C      -5.301208     -0.440849     -0.541250
  C      -6.100556      1.041438      1.332588
  H      -5.545399      0.368096      1.983847
  H      -7.076343      1.267619      1.766653
  H      -5.551351      1.995778      1.310585
  H      -7.948879      1.729751     -0.533045
  H      -8.104384      0.912657     -2.877230
  H      -4.707681     -1.645756     -2.221389
  H      -4.521282     -0.808764      0.112098
  N      -6.517834     -0.887186     -4.014710
  O      -6.346749     -2.080665     -4.189933
  O      -6.771503     -0.067196     -4.876451
  H     -12.796770     -4.509412     -4.218999
18
Coordinates from ORCA-job para_products_optfreq E -476.133579337431
  C      -6.211565      0.526119     -0.044698
  C      -7.236398      1.009003     -0.901813
  C      -7.345437      0.556673     -2.192225
  C      -6.424892     -0.402506     -2.636133
  C      -5.403594     -0.914375     -1.823875
  C      -5.301877     -0.443365     -0.538502
  C      -6.081269      1.053302      1.332411
  H      -5.517146      0.385459      1.981417
  H      -7.054200      1.277056      1.774463
  H      -5.537927      2.010759      1.301554
  H      -7.935181      1.744831     -0.525953
  H      -8.108624      0.919991     -2.865355
  H      -4.726146     -1.659697     -2.216103
  H      -4.521098     -0.814091      0.112160
  N      -6.538922     -0.893530     -4.004480
  O      -6.378539     -2.088631     -4.176550
  O      -6.790093     -0.074032     -4.867629
  H     -12.789562     -4.552725     -4.306329
18
Coordinates from ORCA-job para_products_optfreq E -476.133645141667
  C      -6.203059      0.532116     -0.041653
  C      -7.229421      1.017973     -0.895509
  C      -7.347973      0.561831     -2.183579
  C      -6.436082     -0.405078     -2.628087
  C      -5.414576     -0.921277     -1.818761
  C      -5.302744     -0.445851     -0.535850
  C      -6.062245      1.064951      1.332191
  H      -5.489893      0.402042      1.978888
  H      -7.032350      1.286290      1.781992
  H      -5.524285      2.025074      1.292786
  H      -7.921424      1.759796     -0.519024
  H      -8.112351      0.927876     -2.854003
  H      -4.744544     -1.673073     -2.211379
  H      -4.521125     -0.819293      0.112216
  N      -6.559778     -0.899698     -3.994137
  O      -6.408763     -2.096334     -4.162594
  O      -6.809248     -0.081376     -4.858982
  H     -12.782609     -4.595727     -4.392156
18
Coordinates from ORCA-job para_products_optfreq E -476.133711086248
  C      -6.194551      0.538146     -0.038640
  C      -7.222215      1.027117     -0.889427
  C      -7.350235      0.567229     -2.175299
  C      -6.447241     -0.407424     -2.620214
  C      -5.425121     -0.927443     -1.813777
  C      -5.303471     -0.447768     -0.533418
  C      -6.043567      1.076190      1.332066
  H      -5.463781      0.417492      1.976306
  H      -7.010958      1.295037      1.789249
  H      -5.510526      2.038591      1.284871
  H      -7.907257      1.775030     -0.512313
  H      -8.115656      0.936209     -2.843051
  H      -4.762434     -1.685316     -2.207154
  H      -4.520952     -0.823775      0.112080
  N      -6.581038     -0.906478     -3.983514
  O      -6.439582     -2.104943     -4.147864
  O      -6.828992     -0.089710     -4.850323
  H     -12.774891     -4.637944     -4.477216
18
Coordinates from ORCA-job para_products_optfreq E -476.133777709916
  C      -6.186329      0.544002     -0.036078
  C      -7.214287      1.037733     -0.884261
  C      -7.351334      0.574656     -2.167903
  C      -6.457881     -0.408437     -2.612813
  C      -5.435534     -0.933424     -1.809171
  C      -5.304867     -0.450108     -0.531272
  C      -6.025883      1.086001      1.331967
  H      -5.440601      0.429886      1.973764
  H      -6.990728      1.303398      1.795539
  H      -5.496080      2.049725      1.278519
  H      -7.892031      1.792179     -0.506874
  H      -8.117309      0.947363     -2.832988
  H      -4.780496     -1.697563     -2.203215
  H      -4.522274     -0.829525      0.112170
  N      -6.602238     -0.912630     -3.972983
  O      -6.466281     -2.112337     -4.131718
  O      -6.853038     -0.099738     -4.842650
  H     -12.765279     -4.680940     -4.557674
18
Coordinates from ORCA-job para_products_optfreq E -476.133843370571
  C      -6.177546      0.550478     -0.033204
  C      -7.206448      1.047361     -0.878405
  C      -7.353165      0.580182     -2.159919
  C      -6.468898     -0.410545     -2.605227
  C      -5.445347     -0.938126     -1.804538
  C      -5.304986     -0.450579     -0.529230
  C      -6.007741      1.096581      1.332168
  H      -5.416313      0.443471      1.971278
  H      -6.970014      1.311836      1.802354
  H      -5.481920      2.061983      1.272469
  H      -7.877149      1.807698     -0.500401
  H      -8.120155      0.955245     -2.822527
  H      -4.797310     -1.707661     -2.199595
  H      -4.521322     -0.832229      0.111604
  N      -6.624873     -0.921002     -3.961997
  O      -6.500164     -2.123103     -4.115886
  O      -6.873661     -0.110139     -4.833962
  H     -12.755456     -4.721210     -4.642624
18
Coordinates from ORCA-job para_products_optfreq E -476.133908937291
  C      -6.168988      0.556796     -0.030859
  C      -7.198089      1.058050     -0.873330
  C      -7.354124      0.587214     -2.152510
  C      -6.479316     -0.411580     -2.598001
  C      -5.455218     -0.942863     -1.800229
  C      -5.305545     -0.451535     -0.527389
  C      -5.990434      1.105949      1.332253
  H      -5.394371      0.454647      1.968790
  H      -6.950198      1.320366      1.808196
  H      -5.467110      2.072273      1.267442
  H      -7.861723      1.824414     -0.495077
  H      -8.121836      0.964914     -2.812725
  H      -4.814235     -1.718030     -2.195731
  H      -4.521428     -0.836091      0.111148
  N      -6.647224     -0.928430     -3.951008
  O      -6.530461     -2.132290     -4.098949
  O      -6.897541     -0.121268     -4.825850
  H     -12.744627     -4.762296     -4.723811
18
Coordinates from ORCA-job para_products_optfreq E -476.133974247686
  C      -6.160181      0.562995     -0.029096
  C      -7.189251      1.068750     -0.869069
  C      -7.354975      0.594603     -2.145598
  C      -6.489438     -0.412264     -2.590792
  C      -5.464535     -0.946975     -1.796123
  C      -5.305369     -0.452068     -0.525890
  C      -5.973691      1.114495      1.332106
  H      -5.374363      0.464017      1.966330
  H      -6.931119      1.329101      1.812867
  H      -5.451529      2.081075      1.263210
  H      -7.845968      1.840968     -0.490866
  H      -8.123411      0.974925     -2.803755
  H      -4.830159     -1.727426     -2.191833
  H      -4.520611     -0.839240      0.110258
  N      -6.670534     -0.935798     -3.938923
  O      -6.561403     -2.141451     -4.078960
  O      -6.923356     -0.133043     -4.817028
  H     -12.732577     -4.802424     -4.804477
18
Coordinates from ORCA-job para_products_optfreq E -476.134037878843
  C      -6.152081      0.569735     -0.026468
  C      -7.181343      1.080816     -0.863053
  C      -7.356667      0.601691     -2.136876
  C      -6.501489     -0.413812     -2.583108
  C      -5.476696     -0.953031     -1.791708
  C      -5.307551     -0.453919     -0.523963
  C      -5.955112      1.124360      1.331961
  H      -5.350953      0.475597      1.963211
  H      -6.909168      1.339790      1.819280
  H      -5.434691      2.091412      1.257034
  H      -7.830023      1.859869     -0.484095
  H      -8.125238      0.984710     -2.792547
  H      -4.850032     -1.739711     -2.187393
  H      -4.522553     -0.844644      0.109679
  N      -6.693760     -0.943531     -3.928451
  O      -6.589875     -2.150006     -4.063350
  O      -6.949728     -0.145837     -4.810007
  H     -12.715510     -4.843250     -4.887785
18
Coordinates from ORCA-job para_products_optfreq E -476.134099465779
  C      -6.143143      0.576231     -0.024119
  C      -7.173398      1.090174     -0.857702
  C      -7.358660      0.606953     -2.128856
  C      -6.512800     -0.415857     -2.575063
  C      -5.486716     -0.957213     -1.786831
  C      -5.307325     -0.453949     -0.522116
  C      -5.936900      1.134548      1.331484
  H      -5.327884      0.487870      1.960118
  H      -6.888056      1.349483      1.824900
  H      -5.418944      2.102350      1.250804
  H      -7.815063      1.874681     -0.478359
  H      -8.128218      0.991952     -2.782347
  H      -4.866909     -1.749016     -2.183058
  H      -4.520945     -0.846546      0.108642
  N      -6.717947     -0.952251     -3.916087
  O      -6.625627     -2.160874     -4.044985
  O      -6.972747     -0.157370     -4.800384
  H     -12.701187     -4.880926     -4.973681
18
Coordinates from ORCA-job para_products_optfreq E -476.134163397747
  C      -6.134640      0.582015     -0.022449
  C      -7.166943      1.097765     -0.852693
  C      -7.362525      0.610808     -2.119980
  C      -6.524311     -0.418437     -2.565880
  C      -5.497016     -0.962315     -1.781490
  C      -5.306935     -0.455021     -0.520190
  C      -5.918046      1.145152      1.329412
  H      -5.305261      0.500480      1.956378
  H      -6.865407      1.363455      1.828774
  H      -5.400007      2.112274      1.241271
  H      -7.802145      1.886927     -0.472885
  H      -8.132957      0.997329     -2.772110
  H      -4.883924     -1.759548     -2.177353
  H      -4.518875     -0.849069      0.107502
  N      -6.741503     -0.958658     -3.901853
  O      -6.659315     -2.168943     -4.024262
  O      -6.995539     -0.165635     -4.788169
  H     -12.687122     -4.918338     -5.061663
18
Coordinates from ORCA-job para_products_optfreq E -476.134226609544
  C      -6.126487      0.588595     -0.020000
  C      -7.160310      1.108040     -0.846151
  C      -7.366517      0.615557     -2.110004
  C      -6.538249     -0.421685     -2.556750
  C      -5.510068     -0.968693     -1.776067
  C      -5.309001     -0.456777     -0.518084
  C      -5.897565      1.156324      1.327800
  H      -5.280079      0.513608      1.952043
  H      -6.840439      1.377728      1.834438
  H      -5.379971      2.122935      1.231598
  H      -7.787276      1.903702     -0.465433
  H      -8.137308      1.004822     -2.759638
  H      -4.904810     -1.772038     -2.171646
  H      -4.519852     -0.853406      0.106568
  N      -6.766661     -0.967068     -3.889465
  O      -6.691250     -2.177889     -4.006741
  O      -7.021906     -0.177698     -4.778566
  H     -12.664721     -4.955818     -5.151542
18
Coordinates from ORCA-job para_products_optfreq E -476.134287479862
  C      -6.118414      0.594946     -0.017741
  C      -7.154597      1.117011     -0.839329
  C      -7.371610      0.619085     -2.099432
  C      -6.552635     -0.425514     -2.546885
  C      -5.523061     -0.975248     -1.770039
  C      -5.311064     -0.458502     -0.515738
  C      -5.876273      1.168221      1.325349
  H      -5.254698      0.527303      1.947293
  H      -6.814115      1.394314      1.839352
  H      -5.357871      2.133452      1.219954
  H      -7.773864      1.918574     -0.457917
  H      -8.143272      1.010814     -2.746407
  H      -4.925761     -1.784772     -2.165100
  H      -4.520752     -0.857285      0.106045
  N      -6.791592     -0.975096     -3.876408
  O      -6.723529     -2.186341     -3.989314
  O      -7.047139     -0.188263     -4.767738
  H     -12.642221     -4.992459     -5.243585
18
Coordinates from ORCA-job para_products_optfreq E -476.134348140381
  C      -6.110575      0.600931     -0.015795
  C      -7.150503      1.124150     -0.831989
  C      -7.378784      0.620858     -2.087694
  C      -6.568064     -0.430349     -2.535750
  C      -5.536510     -0.982800     -1.763108
  C      -5.313492     -0.460677     -0.513077
  C      -5.853483      1.181376      1.321429
  H      -5.229118      0.541771      1.941898
  H      -6.785312      1.415398      1.842807
  H      -5.331653      2.143482      1.204787
  H      -7.762855      1.930986     -0.450349
  H      -8.152160      1.014796     -2.731492
  H      -4.947428     -1.798775     -2.157167
  H      -4.521912     -0.861100      0.106065
  N      -6.815990     -0.982104     -3.862313
  O      -6.754785     -2.193357     -3.971978
  O      -7.071029     -0.196063     -4.754824
  H     -12.618818     -5.028284     -5.339090
18
Coordinates from ORCA-job para_products_optfreq E -476.134406735585
  C      -6.101739      0.607691     -0.013483
  C      -7.144720      1.131571     -0.825077
  C      -7.383884      0.623156     -2.077120
  C      -6.582222     -0.434252     -2.525320
  C      -5.548758     -0.988448     -1.756575
  C      -5.314322     -0.460873     -0.510803
  C      -5.832031      1.194022      1.318808
  H      -5.205027      0.555241      1.937466
  H      -6.759086      1.432967      1.846496
  H      -5.308304      2.153877      1.193354
  H      -7.750578      1.943137     -0.443575
  H      -8.159425      1.017833     -2.717883
  H      -4.967377     -1.809949     -2.150571
  H      -4.520853     -0.862442      0.105180
  N      -6.841643     -0.991213     -3.848414
  O      -6.793166     -2.204014     -3.954898
  O      -7.094124     -0.206207     -4.742549
  H     -12.595213     -5.061855     -5.432674
18
Coordinates from ORCA-job para_products_optfreq E -476.134457951760
  C      -6.092313      0.613298     -0.012724
  C      -7.140645      1.134270     -0.819041
  C      -7.392017      0.622998     -2.066059
  C      -6.596767     -0.438851     -2.512541
  C      -5.559687     -0.994965     -1.748495
  C      -5.313489     -0.460776     -0.508624
  C      -5.809701      1.208021      1.313590
  H      -5.187382      0.566228      1.934093
  H      -6.731703      1.459863      1.843822
  H      -5.274871      2.160093      1.177938
  H      -7.742674      1.948817     -0.440373
  H      -8.172911      1.016807     -2.702273
  H      -4.985542     -1.821582     -2.142335
  H      -4.517292     -0.861294      0.104522
  N      -6.866424     -0.997615     -3.830796
  O      -6.830601     -2.211935     -3.935035
  O      -7.116427     -0.209996     -4.723829
  H     -12.572024     -5.093142     -5.529477
18
Coordinates from ORCA-job para_products_optfreq E -476.134522560473
  C      -6.084576      0.620278     -0.010275
  C      -7.133983      1.145663     -0.812026
  C      -7.396202      0.627785     -2.055755
  C      -6.612380     -0.442236     -2.503325
  C      -5.574153     -1.000723     -1.743012
  C      -5.316434     -0.461697     -0.506989
  C      -5.789184      1.218302      1.311662
  H      -5.166396      0.575215      1.930309
  H      -6.706033      1.477886      1.847104
  H      -5.249743      2.166731      1.168689
  H      -7.726618      1.967434     -0.432509
  H      -8.177521      1.024187     -2.688519
  H      -5.007716     -1.832692     -2.136648
  H      -4.518676     -0.864606      0.102557
  N      -6.893441     -1.007618     -3.818962
  O      -6.860556     -2.221374     -3.917772
  O      -7.147837     -0.225308     -4.714889
  H     -12.541022     -5.126987     -5.617279
18
Coordinates from ORCA-job para_products_optfreq E -476.134577762864
  C      -6.076946      0.626543     -0.008800
  C      -7.128096      1.155065     -0.805917
  C      -7.400905      0.632231     -2.045556
  C      -6.626586     -0.444826     -2.493549
  C      -5.587007     -1.006166     -1.737374
  C      -5.318257     -0.462389     -0.505615
  C      -5.769677      1.228144      1.308823
  H      -5.151113      0.581397      1.927940
  H      -6.681430      1.500306      1.846545
  H      -5.220235      2.169760      1.158758
  H      -7.712971      1.982738     -0.426572
  H      -8.184169      1.029447     -2.674632
  H      -5.027594     -1.843121     -2.130454
  H      -4.518797     -0.866998      0.100587
  N      -6.917955     -1.014771     -3.805557
  O      -6.887803     -2.228546     -3.899510
  O      -7.177895     -0.236781     -4.703785
  H     -12.515033     -5.161794     -5.702973
18
Coordinates from ORCA-job para_products_optfreq E -476.134634862029
  C      -6.069667      0.632079     -0.008250
  C      -7.121957      1.164177     -0.801452
  C      -7.406221      0.637190     -2.036300
  C      -6.640510     -0.447500     -2.484436
  C      -5.598726     -1.010651     -1.732486
  C      -5.318760     -0.462718     -0.505281
  C      -5.752449      1.235928      1.305851
  H      -5.144509      0.582206      1.928262
  H      -6.659228      1.527395      1.841437
  H      -5.185811      2.166638      1.150424
  H      -7.698172      1.998595     -0.422217
  H      -8.192114      1.035045     -2.661155
  H      -5.044564     -1.851203     -2.125305
  H      -4.516588     -0.868329      0.096717
  N      -6.942533     -1.020847     -3.790911
  O      -6.910189     -2.234060     -3.877087
  O      -7.211249     -0.247888     -4.691123
  H     -12.489222     -5.195817     -5.784326
18
Coordinates from ORCA-job para_products_optfreq E -476.134690445379
  C      -6.061588      0.638544     -0.006444
  C      -7.116471      1.171473     -0.795220
  C      -7.411826      0.639582     -2.025941
  C      -6.654766     -0.450767     -2.474049
  C      -5.610553     -1.014652     -1.726479
  C      -5.319302     -0.462133     -0.503719
  C      -5.732655      1.246749      1.302879
  H      -5.132195      0.588513      1.927922
  H      -6.633558      1.554908      1.838708
  H      -5.152174      2.167595      1.139631
  H      -7.686042      2.010483     -0.416438
  H      -8.201199      1.036785     -2.646788
  H      -5.062894     -1.859338     -2.119480
  H      -4.514711     -0.868541      0.094488
  N      -6.968493     -1.029272     -3.776602
  O      -6.941573     -2.243502     -3.859189
  O      -7.240114     -0.258910     -4.678061
  H     -12.462355     -5.227275     -5.872858
18
Coordinates from ORCA-job para_products_optfreq E -476.134749492302
  C      -6.053330      0.644245     -0.005594
  C      -7.111574      1.175717     -0.790701
  C      -7.418619      0.640742     -2.016082
  C      -6.667384     -0.453622     -2.463063
  C      -5.619501     -1.016694     -1.720816
  C      -5.317453     -0.460796     -0.502520
  C      -5.714336      1.257121      1.299049
  H      -5.128409      0.592024      1.930847
  H      -6.608440      1.590486      1.830533
  H      -5.111851      2.162515      1.128181
  H      -7.676581      2.017248     -0.412803
  H      -8.213769      1.035332     -2.632692
  H      -5.077205     -1.864474     -2.114734
  H      -4.510033     -0.867210      0.091790
  N      -6.994582     -1.036353     -3.759159
  O      -6.972913     -2.253010     -3.838339
  O      -7.269025     -0.266937     -4.660716
  H     -12.437467     -5.256095     -5.960823
18
Coordinates from ORCA-job para_products_optfreq E -476.134799292763
  C      -6.045893      0.650815     -0.004309
  C      -7.106249      1.184604     -0.784669
  C      -7.424104      0.643975     -2.005609
  C      -6.682131     -0.456483     -2.453009
  C      -5.631587     -1.020062     -1.715498
  C      -5.318792     -0.460249     -0.501565
  C      -5.694835      1.266669      1.295528
  H      -5.119099      0.596025      1.930971
  H      -6.581550      1.620186      1.825984
  H      -5.075653      2.159468      1.117223
  H      -7.663722      2.031095     -0.406002
  H      -8.221806      1.038618     -2.618310
  H      -5.095921     -1.872160     -2.109231
  H      -4.509606     -0.868399      0.089124
  N      -7.021650     -1.045357     -3.744661
  O      -7.001608     -2.261856     -3.818871
  O      -7.303686     -0.280709     -4.647432
  H     -12.404578     -5.285940     -6.047303
18
Coordinates from ORCA-job para_products_optfreq E -476.134849662900
  C      -6.039306      0.656532     -0.003958
  C      -7.101704      1.192848     -0.779881
  C      -7.429760      0.647588     -1.995789
  C      -6.695351     -0.458376     -2.443433
  C      -5.641634     -1.022363     -1.711028
  C      -5.319600     -0.459697     -0.501088
  C      -5.677050      1.274718      1.291286
  H      -5.115841      0.597114      1.932543
  H      -6.555203      1.653184      1.818266
  H      -5.036663      2.151332      1.106171
  H      -7.652526      2.043371     -0.399801
  H      -8.229749      1.042785     -2.604841
  H      -5.111901     -1.878382     -2.104367
  H      -4.509173     -0.869665      0.086626
  N      -7.047141     -1.052774     -3.729021
  O      -7.024418     -2.268821     -3.797145
  O      -7.341030     -0.293488     -4.632254
  H     -12.374421     -5.315664     -6.129925
