18
Coordinates from ORCA-job neb_orto_ts_products_initial_path E   0.000000000000
  C       0.214688      0.707205      0.363454
  C      -0.731590     -0.106730     -0.456019
  C      -0.666294     -1.581373     -0.352176
  C       0.157760     -2.182832      0.555297
  C       1.007570     -1.371140      1.354210
  C       1.023453      0.030290      1.267568
  C       0.238411      2.186601      0.253502
  H       0.883900      2.466820     -0.601959
  H       0.651712      2.649802      1.160441
  H      -0.752255      2.610301      0.028790
  H      -1.315016     -2.154908     -1.020389
  H       0.188533     -3.270572      0.652670
  H       1.687632     -1.858854      2.060781
  H       1.692548      0.598699      1.918285
  N      -0.815296      0.284229     -2.017128
  O      -1.623859     -0.358400     -2.630369
  O      -0.087988      1.158032     -2.403521
  H      -1.753908      0.192831     -0.133440
18
Coordinates from ORCA-job neb_orto_ts_products_initial_path E   0.000000000000
  C       0.256132      0.699418      0.333137
  C      -0.647565     -0.121731     -0.503835
  C      -0.594778     -1.587686     -0.395115
  C       0.192962     -2.187528      0.542159
  C       1.008263     -1.372748      1.362079
  C       1.027743      0.024983      1.266782
  C       0.285886      2.180752      0.224188
  H       0.940521      2.463049     -0.621747
  H       0.686464      2.639945      1.138478
  H      -0.699957      2.609749     -0.009758
  H      -1.223039     -2.165206     -1.077824
  H       0.215314     -3.274370      0.642647
  H       1.658226     -1.857474      2.094771
  H       1.669996      0.601496      1.934478
  N      -0.780405      0.283707     -2.035246
  O      -1.581893     -0.366641     -2.652398
  O      -0.091494      1.187356     -2.418409
  H      -2.322376      0.242927      0.175613
18
Coordinates from ORCA-job neb_orto_ts_products_initial_path E   0.000000000000
  C       0.296023      0.690618      0.302049
  C      -0.562541     -0.136558     -0.552428
  C      -0.524011     -1.590946     -0.437762
  C       0.228182     -2.191331      0.528290
  C       1.008679     -1.374427      1.370071
  C       1.031319      0.019910      1.265635
  C       0.333509      2.173640      0.193990
  H       0.998129      2.458801     -0.641799
  H       0.721515      2.629220      1.115503
  H      -0.648327      2.605052     -0.049426
  H      -1.129632     -2.172303     -1.135177
  H       0.242537     -3.277595      0.632203
  H       1.627229     -1.855674      2.129179
  H       1.646036      0.604168      1.950614
  N      -0.744926      0.283576     -2.052666
  O      -1.539213     -0.374591     -2.672675
  O      -0.095835      1.216949     -2.433125
  H      -2.888674      0.291491      0.487525
18
Coordinates from ORCA-job neb_orto_ts_products_initial_path E   0.000000000000
  C       0.336338      0.681586      0.271126
  C      -0.476272     -0.151484     -0.601511
  C      -0.452849     -1.594755     -0.480322
  C       0.263320     -2.194777      0.514327
  C       1.009094     -1.376327      1.378153
  C       1.034721      0.015062      1.264433
  C       0.381027      2.166433      0.163701
  H       1.055783      2.454434     -0.661827
  H       0.756451      2.618208      1.092313
  H      -0.597486      2.599507     -0.088755
  H      -1.036039     -2.179113     -1.192231
  H       0.269771     -3.280533      0.621650
  H       1.595479     -1.853550      2.163189
  H       1.621444      0.606701      1.966394
  N      -0.709013      0.283737     -2.070270
  O      -1.496563     -0.382479     -2.692702
  O      -0.100812      1.246251     -2.447518
  H      -3.454392      0.341098      0.799849
18
Coordinates from ORCA-job neb_orto_ts_products_initial_path E   0.000000000000
  C       0.377007      0.672320      0.240415
  C      -0.389604     -0.166279     -0.650688
  C      -0.381331     -1.599146     -0.522784
  C       0.298384     -2.197990      0.500357
  C       1.009598     -1.378504      1.386320
  C       1.038115      0.010456      1.263180
  C       0.428576      2.159315      0.133490
  H       1.113289      2.450012     -0.681797
  H       0.791307      2.607126      1.069104
  H      -0.546608      2.594364     -0.127839
  H      -0.942236     -2.186086     -1.249027
  H       0.296900     -3.283287      0.611092
  H       1.563240     -1.851143      2.196553
  H       1.596488      0.609081      1.981704
  N      -0.672824      0.284191     -2.087899
  O      -1.453918     -0.390329     -2.712741
  O      -0.106285      1.274971     -2.461501
  H      -4.020097      0.390927      1.112062
18
Coordinates from ORCA-job neb_orto_ts_products_initial_path E   0.000000000000
  C       0.417850      0.662765      0.209909
  C      -0.302766     -0.180840     -0.699882
  C      -0.309620     -1.603900     -0.565063
  C       0.333407     -2.200964      0.486356
  C       1.010202     -1.380971      1.394576
  C       1.041524      0.006102      1.261846
  C       0.476194      2.152250      0.103369
  H       1.170629      2.445541     -0.701701
  H       0.826135      2.596010      1.045887
  H      -0.495466      2.589606     -0.166850
  H      -0.848218     -2.193071     -1.305526
  H       0.323946     -3.285878      0.600525
  H       1.530600     -1.848464      2.229192
  H       1.571238      0.611301      1.996501
  N      -0.636397      0.284952     -2.105432
  O      -1.411212     -0.398130     -2.732758
  O      -0.112133      1.302992     -2.475052
  H      -4.585912      0.440697      1.424106
18
Coordinates from ORCA-job neb_orto_ts_products_initial_path E   0.000000000000
  C       0.458766      0.652887      0.179586
  C      -0.215840     -0.195106     -0.749087
  C      -0.237798     -1.608893     -0.607127
  C       0.368416     -2.203682      0.472303
  C       1.010882     -1.383720      1.402934
  C       1.044936      0.001999      1.260414
  C       0.523874      2.145194      0.073322
  H       1.227821      2.441020     -0.721535
  H       0.860952      2.584841      1.022641
  H      -0.444095      2.585033     -0.205850
  H      -0.754001     -2.199937     -1.361698
  H       0.350951     -3.288302      0.589929
  H       1.497614     -1.845519      2.261078
  H       1.545723      0.613359      2.010763
  N      -0.599726      0.286021     -2.122806
  O      -1.368396     -0.405874     -2.752710
  O      -0.118237      1.330277     -2.488184
  H      -5.151841      0.490402      1.736028
18
Coordinates from ORCA-job neb_orto_ts_products_initial_path E   0.000000000000
  C       0.499703      0.642676      0.149419
  C      -0.128907     -0.209037     -0.798291
  C      -0.165904     -1.614059     -0.648978
  C       0.403429     -2.206136      0.458194
  C       1.011609     -1.386739      1.411410
  C       1.048345     -0.001863      1.258884
  C       0.571598      2.138126      0.043335
  H       1.284884      2.436449     -0.741296
  H       0.895755      2.573596      0.999353
  H      -0.392560      2.580515     -0.244850
  H      -0.659609     -2.206615     -1.417533
  H       0.377945     -3.290557      0.579290
  H       1.464345     -1.842322      2.292202
  H       1.519974      0.615253      2.024481
  N      -0.562807      0.287380     -2.139989
  O      -1.325444     -0.413558     -2.772577
  O      -0.124478      1.356821     -2.500930
  H      -5.717881      0.540070      2.047874
18
Coordinates from ORCA-job neb_orto_ts_products_initial_path E   0.000000000000
  C       0.540634      0.632137      0.119374
  C      -0.042072     -0.222611     -0.847458
  C      -0.093971     -1.619358     -0.690635
  C       0.438460     -2.208335      0.444036
  C       1.012359     -1.390006      1.420020
  C       1.051750     -0.005495      1.257266
  C       0.619356      2.131037      0.013401
  H       1.341833      2.431831     -0.760979
  H       0.930540      2.562261      0.976014
  H      -0.340905      2.575989     -0.283850
  H      -0.565075     -2.213077     -1.473029
  H       0.404947     -3.292644      0.568601
  H       1.430873     -1.838890      2.322572
  H       1.494041      0.616985      2.037657
  N      -0.525643      0.288997     -2.156970
  O      -1.282345     -0.421186     -2.792356
  O      -0.130740      1.382650     -2.513335
  H      -6.284042      0.589714      2.359673
18
Coordinates from ORCA-job neb_orto_ts_products_initial_path E   0.000000000000
  C       0.581540      0.621293      0.089418
  C       0.044550     -0.235824     -0.896542
  C      -0.022030     -1.624757     -0.732131
  C       0.473519     -2.210298      0.429842
  C       1.013109     -1.393499      1.428776
  C       1.055163     -0.008915      1.255582
  C       0.667137      2.123930     -0.016486
  H       1.398678      2.427172     -0.780585
  H       0.965299      2.550828      0.952623
  H      -0.289156      2.571425     -0.322852
  H      -0.470436     -2.219317     -1.528193
  H       0.431968     -3.294574      0.557862
  H       1.397285     -1.835251      2.352214
  H       1.467983      0.618559      2.050304
  N      -0.488248      0.290828     -2.173755
  O      -1.239098     -0.428761     -2.812054
  O      -0.136917      1.407824     -2.525460
  H      -6.850346      0.639339      2.671439
