18
Coordinates from ORCA-job neb_orto_ts_products_MEP E -475.759650015873
  C       0.214688      0.707205      0.363454
  C      -0.731590     -0.106730     -0.456019
  C      -0.666294     -1.581373     -0.352176
  C       0.157760     -2.182832      0.555297
  C       1.007570     -1.371140      1.354210
  C       1.023453      0.030290      1.267568
  C       0.238411      2.186601      0.253502
  H       0.883900      2.466820     -0.601959
  H       0.651712      2.649802      1.160441
  H      -0.752255      2.610301      0.028790
  H      -1.315016     -2.154908     -1.020389
  H       0.188533     -3.270572      0.652670
  H       1.687632     -1.858854      2.060781
  H       1.692548      0.598699      1.918285
  N      -0.815296      0.284229     -2.017128
  O      -1.623859     -0.358400     -2.630369
  O      -0.087988      1.158032     -2.403521
  H      -1.753908      0.192831     -0.133440
18
Coordinates from ORCA-job neb_orto_ts_products_MEP E -475.675952992509
  C       0.229140      0.698205      0.337478
  C      -0.721400     -0.105653     -0.480480
  C      -0.602236     -1.583225     -0.394514
  C       0.197320     -2.179399      0.528571
  C       1.010254     -1.370748      1.366460
  C       1.020062      0.027837      1.259921
  C       0.300640      2.180524      0.211237
  H       0.967071      2.461063     -0.631480
  H       0.701374      2.633602      1.128222
  H      -0.679950      2.610181     -0.026540
  H      -1.187326     -2.167219     -1.110255
  H       0.229793     -3.272875      0.633145
  H       1.653746     -1.858146      2.114714
  H       1.663725      0.602432      1.937974
  N      -0.803998      0.301951     -2.022917
  O      -1.563608     -0.373803     -2.658031
  O      -0.098617      1.182007     -2.401002
  H      -2.315991      0.213266      0.207498
18
Coordinates from ORCA-job neb_orto_ts_products_MEP E -475.600059274711
  C       0.278108      0.684571      0.300149
  C      -0.501005     -0.156309     -0.609189
  C      -0.526651     -1.592266     -0.448709
  C       0.229843     -2.178144      0.519471
  C       1.018862     -1.369854      1.376228
  C       1.026204      0.020766      1.266270
  C       0.346349      2.174837      0.180870
  H       1.024630      2.458449     -0.651452
  H       0.736206      2.621645      1.105958
  H      -0.629309      2.607365     -0.067411
  H      -1.093180     -2.172746     -1.174431
  H       0.257983     -3.276745      0.621563
  H       1.629541     -1.858037      2.155823
  H       1.641626      0.606594      1.958100
  N      -0.760201      0.294922     -2.037645
  O      -1.528230     -0.374155     -2.669926
  O      -0.107248      1.212017     -2.416133
  H      -3.043528      0.297090      0.590465
18
Coordinates from ORCA-job neb_orto_ts_products_MEP E -475.583580845910
  C       0.324145      0.658886      0.256634
  C      -0.382656     -0.154427     -0.677456
  C      -0.454405     -1.613251     -0.497837
  C       0.268003     -2.161260      0.515964
  C       1.018184     -1.380476      1.382808
  C       1.032647      0.017678      1.270007
  C       0.388926      2.165722      0.154483
  H       1.076767      2.455751     -0.670764
  H       0.770183      2.610603      1.085960
  H      -0.580850      2.601785     -0.107209
  H      -1.005493     -2.177432     -1.232293
  H       0.283367     -3.283577      0.612452
  H       1.607218     -1.858329      2.195208
  H       1.621729      0.610276      1.979411
  N      -0.724187      0.299369     -2.074180
  O      -1.484982     -0.371394     -2.680543
  O      -0.122431      1.225693     -2.423783
  H      -3.636166      0.354384      0.911139
18
Coordinates from ORCA-job neb_orto_ts_products_MEP E -475.576229963211
  C       0.315307      0.726203      0.216888
  C      -0.310305     -0.313066     -0.758086
  C      -0.460234     -1.483539     -0.583667
  C       0.284197     -2.229729      0.497772
  C       1.069606     -1.334556      1.451742
  C       1.067393     -0.026690      1.305121
  C       0.435207      2.155237      0.140265
  H       1.113755      2.455420     -0.683419
  H       0.793124      2.603616      1.068224
  H      -0.550831      2.594094     -0.133415
  H      -0.936568     -2.183654     -1.264253
  H       0.306141     -3.286744      0.608468
  H       1.575858     -1.850406      2.205818
  H       1.605496      0.607384      1.988223
  N      -0.730280      0.265915     -1.955392
  O      -1.479520     -0.406265     -2.735242
  O      -0.073288      1.319228     -2.493376
  H      -4.025057      0.387554      1.124328
18
Coordinates from ORCA-job neb_orto_ts_products_MEP E -475.578212266043
  C       0.362406      0.728064      0.183372
  C      -0.258563     -0.327973     -0.798320
  C      -0.391846     -1.482082     -0.633754
  C       0.317493     -2.236828      0.489683
  C       1.070812     -1.326885      1.463818
  C       1.075243     -0.040997      1.316205
  C       0.477204      2.140898      0.120974
  H       1.162316      2.451604     -0.702756
  H       0.823635      2.593845      1.047577
  H      -0.508850      2.590504     -0.169274
  H      -0.857988     -2.189784     -1.311710
  H       0.328179     -3.289154      0.600355
  H       1.549004     -1.848111      2.232522
  H       1.583933      0.608597      2.001038
  N      -0.691232      0.263326     -1.983153
  O      -1.441631     -0.409899     -2.749031
  O      -0.084560      1.344085     -2.504931
  H      -4.515554      0.430792      1.397385
18
Coordinates from ORCA-job neb_orto_ts_products_MEP E -475.581667496044
  C       0.436044      0.612008      0.181283
  C      -0.189345     -0.142126     -0.776236
  C      -0.267097     -1.652682     -0.591237
  C       0.359524     -2.156910      0.480345
  C       1.015400     -1.413713      1.400972
  C       1.040801      0.028966      1.253808
  C       0.504567      2.152189      0.077768
  H       1.207626      2.443705     -0.717849
  H       0.856880      2.583931      1.033151
  H      -0.453505      2.584711     -0.203051
  H      -0.785981     -2.197036     -1.370223
  H       0.347626     -3.292373      0.590123
  H       1.531900     -1.853433      2.277355
  H       1.567407      0.617572      2.022957
  N      -0.635343      0.306926     -2.136848
  O      -1.389071     -0.395870     -2.735504
  O      -0.132089      1.299090     -2.463083
  H      -5.015345      0.475045      1.676270
18
Coordinates from ORCA-job neb_orto_ts_products_MEP E -475.584762765548
  C       0.466741      0.724633      0.126301
  C      -0.142006     -0.328274     -0.870094
  C      -0.228297     -1.512745     -0.719668
  C       0.393225     -2.240696      0.466480
  C       1.059734     -1.326727      1.471732
  C       1.082325     -0.056756      1.324311
  C       0.569840      2.112078      0.074392
  H       1.270798      2.441658     -0.744788
  H       0.890857      2.572246      1.001087
  H      -0.412783      2.582031     -0.247449
  H      -0.681717     -2.203659     -1.414431
  H       0.376977     -3.292969      0.580293
  H       1.485192     -1.842454      2.288148
  H       1.533834      0.611809      2.024592
  N      -0.605247      0.270439     -2.077772
  O      -1.347880     -0.413852     -2.770106
  O      -0.114362      1.377611     -2.513804
  H      -5.597231      0.525626      2.000776
18
Coordinates from ORCA-job neb_orto_ts_products_MEP E -475.586253776892
  C       0.528518      0.590465      0.124158
  C      -0.039775     -0.169263     -0.857910
  C      -0.107031     -1.654134     -0.680347
  C       0.436740     -2.169922      0.443539
  C       1.016442     -1.419812      1.418099
  C       1.051901      0.026550      1.247045
  C       0.606104      2.140699      0.016562
  H       1.323012      2.431261     -0.759425
  H       0.931158      2.562190      0.985019
  H      -0.343205      2.571125     -0.284666
  H      -0.590013     -2.213832     -1.480665
  H       0.403558     -3.297555      0.567854
  H       1.455987     -1.844135      2.332202
  H       1.513184      0.620912      2.049165
  N      -0.547806      0.298399     -2.163824
  O      -1.310558     -0.424308     -2.790889
  O      -0.135339      1.373403     -2.499027
  H      -6.192876      0.577957      2.333110
18
Coordinates from ORCA-job neb_orto_ts_products_MEP E -475.587754497077
  C       0.581533      0.621516      0.087906
  C       0.041714     -0.235225     -0.896837
  C      -0.023656     -1.624295     -0.733104
  C       0.475994     -2.210346      0.426856
  C       1.018475     -1.393930      1.424538
  C       1.059293     -0.009215      1.252100
  C       0.666058      2.124262     -0.017309
  H       1.394937      2.428350     -0.783616
  H       0.967202      2.550680      0.951090
  H      -0.291454      2.571493     -0.320240
  H      -0.474394     -2.218559     -1.528072
  H       0.435386     -3.294724      0.554312
  H       1.405900     -1.836092      2.346423
  H       1.474424      0.617947      2.045866
  N      -0.495536      0.291992     -2.171952
  O      -1.248138     -0.427548     -2.808242
  O      -0.145902      1.409384     -2.524090
  H      -6.841837      0.634310      2.694374
