18
Coordinates from ORCA-job neb_orto_ts_products_MEP_ALL E -475.759650015873
  C       0.214688      0.707205      0.363454
  C      -0.731590     -0.106730     -0.456019
  C      -0.666294     -1.581373     -0.352176
  C       0.157760     -2.182832      0.555297
  C       1.007570     -1.371140      1.354210
  C       1.023453      0.030290      1.267568
  C       0.238411      2.186601      0.253502
  H       0.883900      2.466820     -0.601959
  H       0.651712      2.649802      1.160441
  H      -0.752255      2.610301      0.028790
  H      -1.315016     -2.154908     -1.020389
  H       0.188533     -3.270572      0.652670
  H       1.687632     -1.858854      2.060781
  H       1.692548      0.598699      1.918285
  N      -0.815296      0.284229     -2.017128
  O      -1.623859     -0.358400     -2.630369
  O      -0.087988      1.158032     -2.403521
  H      -1.753908      0.192831     -0.133440
18
Coordinates from ORCA-job neb_orto_ts_products_MEP_ALL E -475.669949064024
  C       0.246892      0.702367      0.330737
  C      -0.673113     -0.121453     -0.498749
  C      -0.599683     -1.581275     -0.399769
  C       0.197161     -2.188409      0.542009
  C       1.010992     -1.374153      1.364622
  C       1.028889      0.024190      1.267284
  C       0.290850      2.181475      0.219529
  H       0.946294      2.462892     -0.623326
  H       0.689885      2.638562      1.136379
  H      -0.694834      2.608581     -0.013108
  H      -1.213604     -2.165060     -1.084606
  H       0.218517     -3.274682      0.641369
  H       1.656434     -1.857282      2.098896
  H       1.668726      0.601689      1.936255
  N      -0.789566      0.283232     -2.024019
  O      -1.578148     -0.369714     -2.655867
  O      -0.086981      1.193716     -2.420578
  H      -2.318711      0.235323      0.182941
18
Coordinates from ORCA-job neb_orto_ts_products_MEP_ALL E -475.604258067968
  C       0.283205      0.696316      0.298439
  C      -0.544526     -0.153796     -0.569142
  C      -0.532229     -1.578913     -0.445939
  C       0.231749     -2.194039      0.525996
  C       1.015932     -1.374798      1.377404
  C       1.034163      0.018553      1.267339
  C       0.340613      2.174894      0.188202
  H       1.006052      2.458884     -0.644086
  H       0.726341      2.627178      1.112475
  H      -0.641586      2.603721     -0.054243
  H      -1.116446     -2.172338     -1.145127
  H       0.247651     -3.278305      0.629975
  H       1.625047     -1.855391      2.135258
  H       1.644789      0.604408      1.953069
  N      -0.756494      0.282362     -2.033529
  O      -1.536625     -0.379465     -2.677999
  O      -0.088952      1.227462     -2.437740
  H      -2.938683      0.293269      0.519647
18
Coordinates from ORCA-job neb_orto_ts_products_MEP_ALL E -475.580689232285
  C       0.322185      0.690507      0.267020
  C      -0.451547     -0.179817     -0.625648
  C      -0.466663     -1.574733     -0.491118
  C       0.262267     -2.200051      0.511912
  C       1.020589     -1.371344      1.390099
  C       1.039551      0.010646      1.269608
  C       0.385456      2.167142      0.161305
  H       1.059844      2.455104     -0.663084
  H       0.759204      2.616737      1.090647
  H      -0.594444      2.598920     -0.091691
  H      -1.028827     -2.178879     -1.199031
  H       0.273468     -3.281319      0.620136
  H       1.595896     -1.853354      2.167362
  H       1.622115      0.606582      1.968263
  N      -0.721783      0.281144     -2.042958
  O      -1.499174     -0.386973     -2.698356
  O      -0.093065      1.256758     -2.454034
  H      -3.485075      0.342930      0.819569
18
Coordinates from ORCA-job neb_orto_ts_products_MEP_ALL E -475.576229963211
  C       0.362800      0.684563      0.235237
  C      -0.372189     -0.199480     -0.674684
  C      -0.399922     -1.572874     -0.536211
  C       0.294769     -2.205196      0.499859
  C       1.023236     -1.368612      1.401020
  C       1.044859      0.002019      1.272548
  C       0.430001      2.158426      0.135096
  H       1.113194      2.451143     -0.682215
  H       0.791870      2.606349      1.068902
  H      -0.547648      2.594383     -0.128844
  H      -0.941895     -2.185429     -1.251962
  H       0.298579     -3.284065      0.610604
  H       1.566373     -1.851093      2.198312
  H       1.598977      0.608574      1.982888
  N      -0.686347      0.280067     -2.057595
  O      -1.460357     -0.393835     -2.717561
  O      -0.098878      1.284801     -2.468675
  H      -4.017421      0.390258      1.113281
18
Coordinates from ORCA-job neb_orto_ts_products_MEP_ALL E -475.578212266043
  C       0.405361      0.677699      0.203829
  C      -0.293253     -0.214272     -0.722044
  C      -0.328655     -1.576130     -0.580608
  C       0.329535     -2.209205      0.487191
  C       1.023998     -1.368648      1.410260
  C       1.049361     -0.004761      1.274180
  C       0.476563      2.149572      0.107378
  H       1.168776      2.446781     -0.702120
  H       0.825892      2.595485      1.046148
  H      -0.498389      2.589877     -0.167335
  H      -0.851086     -2.192254     -1.306608
  H       0.324540     -3.286628      0.600577
  H       1.534927     -1.848494      2.229716
  H       1.574489      0.610558      1.997284
  N      -0.649114      0.280012     -2.077621
  O      -1.418599     -0.400692     -2.736210
  O      -0.106034      1.312235     -2.481850
  H      -4.568315      0.438864      1.417832
18
Coordinates from ORCA-job neb_orto_ts_products_MEP_ALL E -475.581606310514
  C       0.448517      0.670321      0.173838
  C      -0.214080     -0.226479     -0.768365
  C      -0.255553     -1.582443     -0.623321
  C       0.364739     -2.212307      0.473755
  C       1.023742     -1.370087      1.418267
  C       1.053137     -0.010187      1.274552
  C       0.523608      2.140796      0.079191
  H       1.224834      2.442211     -0.722134
  H       0.860206      2.584474      1.023069
  H      -0.448278      2.585430     -0.206060
  H      -0.759157     -2.199079     -1.361270
  H       0.350693     -3.288948      0.590273
  H       1.502602     -1.845619      2.260512
  H       1.549418      0.612462      2.010975
  N      -0.611334      0.281076     -2.100589
  O      -1.375575     -0.407246     -2.754128
  O      -0.113947      1.337850     -2.493516
  H      -5.123573      0.487775      1.724950
18
Coordinates from ORCA-job neb_orto_ts_products_MEP_ALL E -475.584762765548
  C       0.492522      0.662164      0.143883
  C      -0.132398     -0.237220     -0.814829
  C      -0.180306     -1.590180     -0.665605
  C       0.400968     -2.214688      0.460039
  C       1.022831     -1.372482      1.425365
  C       1.056511     -0.015080      1.274071
  C       0.571714      2.131818      0.050366
  H       1.282044      2.437430     -0.742506
  H       0.895234      2.573175      0.999381
  H      -0.396821      2.580914     -0.245591
  H      -0.664942     -2.205934     -1.416655
  H       0.377438     -3.291066      0.579542
  H       1.469063     -1.842422      2.290988
  H       1.523447      0.614292      2.024142
  N      -0.572671      0.283299     -2.125609
  O      -1.330964     -0.413579     -2.771830
  O      -0.122356      1.361821     -2.504094
  H      -5.691315      0.537739      2.038942
18
Coordinates from ORCA-job neb_orto_ts_products_MEP_ALL E -475.587299953880
  C       0.536824      0.653312      0.114916
  C      -0.049864     -0.246466     -0.860819
  C      -0.104194     -1.599338     -0.706516
  C       0.437290     -2.216391      0.445791
  C       1.021518     -1.375530      1.431579
  C       1.059409     -0.019133      1.272487
  C       0.619967      2.122851      0.021349
  H       1.339467      2.432512     -0.762866
  H       0.930387      2.561754      0.975473
  H      -0.344870      2.576345     -0.285256
  H      -0.570009     -2.212675     -1.471836
  H       0.404381     -3.292944      0.568543
  H       1.434946     -1.838961      2.320575
  H       1.497049      0.615997      2.036529
  N      -0.533825      0.286792     -2.151906
  O      -1.285573     -0.419623     -2.789072
  O      -0.130784      1.383567     -2.513531
  H      -6.262119      0.587931      2.354559
18
Coordinates from ORCA-job neb_orto_ts_products_MEP_ALL E -475.587754497077
  C       0.581649      0.621262      0.088925
  C       0.043675     -0.235726     -0.896611
  C      -0.022796     -1.624675     -0.732289
  C       0.473852     -2.210363      0.429140
  C       1.014437     -1.393694      1.427643
  C       1.056374     -0.009093      1.254562
  C       0.667199      2.123907     -0.016895
  H       1.398014      2.427207     -0.781667
  H       0.966312      2.550687      0.951972
  H      -0.289373      2.571471     -0.322289
  H      -0.471993     -2.219131     -1.527984
  H       0.432385     -3.294652      0.557080
  H       1.399488     -1.835563      2.350661
  H       1.469985      0.618278      2.048954
  N      -0.490335      0.291086     -2.173251
  O      -1.241828     -0.428405     -2.810903
  O      -0.139303      1.408108     -2.525171
  H      -6.847741      0.639294      2.678122
18
Coordinates from ORCA-job neb_orto_ts_products_MEP_ALL E -475.759650015873
  C       0.214688      0.707205      0.363454
  C      -0.731590     -0.106730     -0.456019
  C      -0.666294     -1.581373     -0.352176
  C       0.157760     -2.182832      0.555297
  C       1.007570     -1.371140      1.354210
  C       1.023453      0.030290      1.267568
  C       0.238411      2.186601      0.253502
  H       0.883900      2.466820     -0.601959
  H       0.651712      2.649802      1.160441
  H      -0.752255      2.610301      0.028790
  H      -1.315016     -2.154908     -1.020389
  H       0.188533     -3.270572      0.652670
  H       1.687632     -1.858854      2.060781
  H       1.692548      0.598699      1.918285
  N      -0.815296      0.284229     -2.017128
  O      -1.623859     -0.358400     -2.630369
  O      -0.087988      1.158032     -2.403521
  H      -1.753908      0.192831     -0.133440
18
Coordinates from ORCA-job neb_orto_ts_products_MEP_ALL E -475.672592795351
  C       0.237022      0.703757      0.330016
  C      -0.702004     -0.118637     -0.492443
  C      -0.603000     -1.576982     -0.401512
  C       0.199708     -2.186832      0.538713
  C       1.013556     -1.375038      1.367264
  C       1.028104      0.024305      1.265840
  C       0.296308      2.182241      0.214487
  H       0.953965      2.462653     -0.625853
  H       0.694258      2.636696      1.133521
  H      -0.688441      2.607622     -0.017642
  H      -1.202295     -2.165341     -1.093953
  H       0.222725     -3.275284      0.639431
  H       1.654678     -1.857338      2.104626
  H       1.667229      0.602065      1.938334
  N      -0.796652      0.288931     -2.015104
  O      -1.573326     -0.373335     -2.659406
  O      -0.086743      1.194640     -2.418761
  H      -2.315092      0.225875      0.192440
18
Coordinates from ORCA-job neb_orto_ts_products_MEP_ALL E -475.603205514720
  C       0.271125      0.699135      0.297350
  C      -0.524794     -0.168482     -0.589324
  C      -0.538640     -1.571613     -0.450360
  C       0.232803     -2.192029      0.521531
  C       1.022392     -1.374225      1.383012
  C       1.034808      0.017959      1.267467
  C       0.346436      2.176575      0.182733
  H       1.014546      2.459091     -0.646930
  H       0.731320      2.624827      1.109350
  H      -0.634748      2.602952     -0.059403
  H      -1.103624     -2.172313     -1.156814
  H       0.253087     -3.279706      0.627219
  H       1.624659     -1.855840      2.143158
  H       1.644033      0.605009      1.955817
  N      -0.765579      0.287261     -2.018772
  O      -1.533343     -0.382787     -2.680892
  O      -0.088054      1.229723     -2.436803
  H      -2.986429      0.294464      0.551660
18
Coordinates from ORCA-job neb_orto_ts_products_MEP_ALL E -475.584855520914
  C       0.310522      0.693581      0.262268
  C      -0.420373     -0.202403     -0.655024
  C      -0.475707     -1.562121     -0.501070
  C       0.262157     -2.196850      0.509435
  C       1.029845     -1.368063      1.398776
  C       1.042907      0.007369      1.273863
  C       0.390002      2.167780      0.158204
  H       1.066362      2.455813     -0.665599
  H       0.763528      2.614558      1.088307
  H      -0.589297      2.598587     -0.096662
  H      -1.018350     -2.178419     -1.209892
  H       0.278345     -3.283689      0.617766
  H       1.597693     -1.853970      2.175351
  H       1.622475      0.607031      1.971585
  N      -0.732172      0.283716     -2.024722
  O      -1.497813     -0.388157     -2.700442
  O      -0.092211      1.258646     -2.454461
  H      -3.537914      0.346591      0.852317
18
Coordinates from ORCA-job neb_orto_ts_products_MEP_ALL E -475.576229963211
  C       0.344661      0.700223      0.228547
  C      -0.349624     -0.242037     -0.705580
  C      -0.423423     -1.539258     -0.553570
  C       0.290368     -2.214399      0.499146
  C       1.040754     -1.355917      1.419859
  C       1.053473     -0.008763      1.284579
  C       0.431800      2.157288      0.137144
  H       1.113076      2.452671     -0.682712
  H       0.792479      2.605351      1.068671
  H      -0.549016      2.594360     -0.130189
  H      -0.941032     -2.184636     -1.255957
  H       0.301003     -3.285068      0.609879
  H       1.570370     -1.850973      2.200657
  H       1.602003      0.607990      1.984509
  N      -0.703522      0.274803     -2.018865
  O      -1.468380     -0.398364     -2.723826
  O      -0.089444      1.297492     -2.477853
  H      -4.015544      0.389236      1.115562
18
Coordinates from ORCA-job neb_orto_ts_products_MEP_ALL E -475.578212266043
  C       0.389289      0.696782      0.196074
  C      -0.280867     -0.257068     -0.750500
  C      -0.352860     -1.540612     -0.600551
  C       0.324756     -2.219699      0.488192
  C       1.041716     -1.352881      1.430320
  C       1.059341     -0.018587      1.289966
  C       0.476895      2.146200      0.112547
  H       1.166283      2.448478     -0.702552
  H       0.825369      2.594838      1.046573
  H      -0.502280      2.590184     -0.167922
  H      -0.854464     -2.191239     -1.308142
  H       0.325563     -3.287588      0.600547
  H       1.540514     -1.848476      2.230426
  H       1.578518      0.609677      1.998376
  N      -0.665345      0.273720     -2.042007
  O      -1.427897     -0.404012     -2.740709
  O      -0.098239      1.324128     -2.490515
  H      -4.546292      0.436156      1.409876
18
Coordinates from ORCA-job neb_orto_ts_products_MEP_ALL E -475.583693560712
  C       0.436600      0.674304      0.168921
  C      -0.208587     -0.237860     -0.784989
  C      -0.273059     -1.571974     -0.632422
  C       0.361841     -2.207099      0.477111
  C       1.032546     -1.368889      1.427656
  C       1.058600     -0.012216      1.283447
  C       0.520361      2.139276      0.084506
  H       1.219515      2.443558     -0.721993
  H       0.858898      2.584265      1.025004
  H      -0.452899      2.585567     -0.205522
  H      -0.767534     -2.197507     -1.361490
  H       0.349912     -3.292035      0.590717
  H       1.511132     -1.846549      2.262080
  H       1.555153      0.612125      2.012671
  N      -0.625109      0.281821     -2.088056
  O      -1.382694     -0.406178     -2.752029
  O      -0.113710      1.336114     -2.492447
  H      -5.080967      0.483278      1.706834
18
Coordinates from ORCA-job neb_orto_ts_products_MEP_ALL E -475.584762765548
  C       0.483782      0.686979      0.136427
  C      -0.135502     -0.273479     -0.836746
  C      -0.197537     -1.559668     -0.687551
  C       0.398533     -2.225614      0.462137
  C       1.037284     -1.354241      1.443368
  C       1.066935     -0.031963      1.293547
  C       0.572280      2.123724      0.059063
  H       1.278975      2.438803     -0.744140
  H       0.894693      2.572538      0.999263
  H      -0.401829      2.581322     -0.247005
  H      -0.670089     -2.205173     -1.416464
  H       0.377515     -3.291739      0.579602
  H       1.474703     -1.842432      2.289904
  H       1.527328      0.613181      2.024039
  N      -0.584686      0.278116     -2.107412
  O      -1.337206     -0.413761     -2.771275
  O      -0.119706      1.368697     -2.508284
  H      -5.665472      0.534709      2.031526
18
Coordinates from ORCA-job neb_orto_ts_products_MEP_ALL E -475.588086919248
  C       0.531871      0.660227      0.112283
  C      -0.054529     -0.251982     -0.871254
  C      -0.113478     -1.593446     -0.715709
  C       0.436630     -2.212871      0.447004
  C       1.028178     -1.373353      1.439225
  C       1.064881     -0.020899      1.281169
  C       0.618227      2.118810      0.027748
  H       1.335000      2.433045     -0.763998
  H       0.930211      2.561441      0.976371
  H      -0.348102      2.575861     -0.286203
  H      -0.576906     -2.212015     -1.471688
  H       0.403822     -3.295517      0.568508
  H       1.441330     -1.839375      2.320085
  H       1.501749      0.615470      2.037102
  N      -0.543027      0.287078     -2.150195
  O      -1.291598     -0.418961     -2.786225
  O      -0.131607      1.381876     -2.510813
  H      -6.232651      0.584612      2.346592
18
Coordinates from ORCA-job neb_orto_ts_products_MEP_ALL E -475.587754497077
  C       0.581698      0.621294      0.088377
  C       0.042669     -0.235553     -0.896706
  C      -0.023498     -1.624538     -0.732571
  C       0.474531     -2.210404      0.428179
  C       1.016190     -1.393878      1.426218
  C       1.057812     -0.009241      1.253351
  C       0.667001      2.123967     -0.017257
  H       1.396914      2.427473     -0.782808
  H       0.967187      2.550589      0.951349
  H      -0.289959      2.571508     -0.321470
  H      -0.473555     -2.218882     -1.527864
  H       0.433302     -3.294721      0.555961
  H       1.402335     -1.835889      2.348711
  H       1.472279      0.618014      2.047389
  N      -0.492849      0.291456     -2.172635
  O      -1.245012     -0.427977     -2.809563
  O      -0.142314      1.408574     -2.524745
  H      -6.844730      0.638209      2.686086
18
Coordinates from ORCA-job neb_orto_ts_products_MEP_ALL E -475.759650015873
  C       0.214688      0.707205      0.363454
  C      -0.731590     -0.106730     -0.456019
  C      -0.666294     -1.581373     -0.352176
  C       0.157760     -2.182832      0.555297
  C       1.007570     -1.371140      1.354210
  C       1.023453      0.030290      1.267568
  C       0.238411      2.186601      0.253502
  H       0.883900      2.466820     -0.601959
  H       0.651712      2.649802      1.160441
  H      -0.752255      2.610301      0.028790
  H      -1.315016     -2.154908     -1.020389
  H       0.188533     -3.270572      0.652670
  H       1.687632     -1.858854      2.060781
  H       1.692548      0.598699      1.918285
  N      -0.815296      0.284229     -2.017128
  O      -1.623859     -0.358400     -2.630369
  O      -0.087988      1.158032     -2.403521
  H      -1.753908      0.192831     -0.133440
18
Coordinates from ORCA-job neb_orto_ts_products_MEP_ALL E -475.675000557910
  C       0.233913      0.699842      0.334631
  C      -0.711354     -0.111012     -0.487022
  C      -0.600867     -1.581949     -0.395745
  C       0.196936     -2.181537      0.531780
  C       1.011949     -1.372738      1.366766
  C       1.023126      0.026559      1.261573
  C       0.298109      2.181626      0.213207
  H       0.960435      2.462087     -0.628876
  H       0.697635      2.635144      1.130915
  H      -0.684321      2.608776     -0.021886
  H      -1.195363     -2.166427     -1.102112
  H       0.226121     -3.274711      0.636590
  H       1.654610     -1.858023      2.109899
  H       1.665816      0.602366      1.938473
  N      -0.797793      0.299105     -2.021632
  O      -1.567958     -0.373204     -2.658059
  O      -0.095527      1.184359     -2.408171
  H      -2.315468      0.219737      0.199668
18
Coordinates from ORCA-job neb_orto_ts_products_MEP_ALL E -475.600671717410
  C       0.275406      0.690143      0.300255
  C      -0.513313     -0.159732     -0.600151
  C      -0.531283     -1.585406     -0.446803
  C       0.230102     -2.182018      0.518978
  C       1.019667     -1.371275      1.378155
  C       1.029551      0.019330      1.265678
  C       0.345579      2.176185      0.182240
  H       1.019649      2.458976     -0.649535
  H       0.733675      2.623261      1.107713
  H      -0.632034      2.605072     -0.063236
  H      -1.098764     -2.172383     -1.165515
  H       0.255493     -3.279394      0.624488
  H       1.627916     -1.857528      2.150336
  H       1.643197      0.605982      1.957188
  N      -0.761096      0.295237     -2.032722
  O      -1.528893     -0.377126     -2.673697
  O      -0.101445      1.214996     -2.423458
  H      -3.013408      0.295679      0.570086
18
Coordinates from ORCA-job neb_orto_ts_products_MEP_ALL E -475.583580845910
  C       0.317296      0.676463      0.259835
  C      -0.402902     -0.178169     -0.665028
  C      -0.465146     -1.587634     -0.498937
  C       0.265001     -2.179369      0.512626
  C       1.023853     -1.374367      1.390557
  C       1.037736      0.012655      1.271702
  C       0.389201      2.166865      0.156483
  H       1.071115      2.455803     -0.667988
  H       0.766544      2.612714      1.087292
  H      -0.585436      2.600139     -0.101546
  H      -1.012458     -2.177938     -1.220451
  H       0.280709     -3.283614      0.615206
  H       1.602410     -1.856081      2.184758
  H       1.622149      0.608624      1.975273
  N      -0.728129      0.291440     -2.049429
  O      -1.491591     -0.379917     -2.690578
  O      -0.107076      1.242301     -2.439319
  H      -3.583275      0.350084      0.879543
18
Coordinates from ORCA-job neb_orto_ts_products_MEP_ALL E -475.576229963211
  C       0.330873      0.712461      0.223009
  C      -0.330998     -0.275534     -0.730389
  C      -0.440680     -1.513001     -0.567815
  C       0.287534     -2.221628      0.498468
  C       1.054392     -1.345843      1.434876
  C       1.060060     -0.017218      1.294249
  C       0.433441      2.156313      0.138587
  H       1.113427      2.453977     -0.683074
  H       0.792813      2.604522      1.068434
  H      -0.549841      2.594225     -0.131736
  H      -0.938812     -2.184185     -1.259934
  H       0.303502     -3.285861      0.609179
  H       1.572975     -1.850698      2.203096
  H       1.603645      0.607714      1.986257
  N      -0.716123      0.270616     -1.988960
  O      -1.473618     -0.402096     -2.729207
  O      -0.081893      1.307782     -2.485176
  H      -4.020697      0.388454      1.120137
18
Coordinates from ORCA-job neb_orto_ts_products_MEP_ALL E -475.578212266043
  C       0.376527      0.711550      0.190144
  C      -0.270527     -0.290470     -0.772948
  C      -0.371387     -1.513007     -0.616118
  C       0.321286     -2.227768      0.488907
  C       1.055470     -1.340620      1.446072
  C       1.066855     -0.029140      1.302318
  C       0.476933      2.143719      0.116578
  H       1.164269      2.449972     -0.702619
  H       0.824483      2.594393      1.047088
  H      -0.505500      2.590342     -0.168462
  H      -0.856319     -2.190540     -1.309706
  H       0.326778     -3.288321      0.600458
  H       1.544635     -1.848308      2.231315
  H       1.581153      0.609167      1.999576
  N      -0.677664      0.268822     -2.014205
  O      -1.434504     -0.406773     -2.744570
  O      -0.091830      1.333491     -2.497278
  H      -4.530657      0.433490      1.403451
18
Coordinates from ORCA-job neb_orto_ts_products_MEP_ALL E -475.581667496044
  C       0.436839      0.644034      0.174776
  C      -0.199065     -0.191234     -0.780642
  C      -0.269342     -1.611370     -0.612631
  C       0.361091     -2.182798      0.478544
  C       1.024086     -1.390700      1.414544
  C       1.049950      0.007775      1.268966
  C       0.513015      2.145481      0.081045
  H       1.214122      2.443611     -0.720116
  H       0.858112      2.584053      1.028784
  H      -0.452882      2.585115     -0.204532
  H      -0.775747     -2.197334     -1.366014
  H       0.349044     -3.292220      0.590323
  H       1.520909     -1.849832      2.269552
  H       1.560846      0.614774      2.017664
  N      -0.629589      0.294010     -2.112212
  O      -1.385371     -0.401200     -2.744096
  O      -0.122800      1.318301     -2.478242
  H      -5.053219      0.479533      1.694287
18
Coordinates from ORCA-job neb_orto_ts_products_MEP_ALL E -475.584762765548
  C       0.475761      0.705402      0.131422
  C      -0.138534     -0.300353     -0.852878
  C      -0.212047     -1.536706     -0.703316
  C       0.396161     -2.233183      0.464123
  C       1.048179     -1.340767      1.457102
  C       1.074444     -0.044113      1.308441
  C       0.571317      2.118047      0.066369
  H       1.275249      2.440184     -0.744534
  H       0.892939      2.572376      1.000022
  H      -0.406971      2.581649     -0.247316
  H      -0.675241     -2.204474     -1.415599
  H       0.377420     -3.292322      0.579869
  H       1.479554     -1.842381      2.289006
  H       1.530304      0.612505      2.024251
  N      -0.594373      0.274288     -2.092983
  O      -1.342177     -0.413891     -2.770856
  O      -0.117118      1.373300     -2.511136
  H      -5.634867      0.530439      2.018013
18
Coordinates from ORCA-job neb_orto_ts_products_MEP_ALL E -475.586253776892
  C       0.530535      0.626719      0.117887
  C      -0.047147     -0.212213     -0.864890
  C      -0.109895     -1.622721     -0.698848
  C       0.436922     -2.192276      0.445239
  C       1.022502     -1.395692      1.428982
  C       1.058638      0.001884      1.264705
  C       0.612600      2.129288      0.022237
  H       1.329486      2.432200     -0.761890
  H       0.930778      2.561765      0.980404
  H      -0.345566      2.573575     -0.285592
  H      -0.582683     -2.212911     -1.476215
  H       0.403894     -3.296500      0.568103
  H       1.448206     -1.841622      2.325943
  H       1.507077      0.618089      2.042883
  N      -0.545078      0.292558     -2.156988
  O      -1.300425     -0.421527     -2.788498
  O      -0.133530      1.377874     -2.505163
  H      -6.216312      0.581510      2.341698
18
Coordinates from ORCA-job neb_orto_ts_products_MEP_ALL E -475.587754497077
  C       0.581607      0.621412      0.088153
  C       0.042211     -0.235387     -0.896771
  C      -0.023544     -1.624416     -0.732841
  C       0.475280     -2.210370      0.427522
  C       1.017321     -1.393895      1.425395
  C       1.058529     -0.009218      1.252746
  C       0.666505      2.124122     -0.017266
  H       1.395912      2.427929     -0.783181
  H       0.967146      2.550644      0.951243
  H      -0.290731      2.571498     -0.320856
  H      -0.473919     -2.218723     -1.527981
  H       0.434372     -3.294718      0.555139
  H       1.404094     -1.835978      2.347590
  H       1.473305      0.617994      2.046657
  N      -0.494154      0.291722     -2.172302
  O      -1.246516     -0.427772     -2.808928
  O      -0.144076      1.408982     -2.524418
  H      -6.843342      0.636174      2.690100
18
Coordinates from ORCA-job neb_orto_ts_products_MEP_ALL E -475.759650015873
  C       0.214688      0.707205      0.363454
  C      -0.731590     -0.106730     -0.456019
  C      -0.666294     -1.581373     -0.352176
  C       0.157760     -2.182832      0.555297
  C       1.007570     -1.371140      1.354210
  C       1.023453      0.030290      1.267568
  C       0.238411      2.186601      0.253502
  H       0.883900      2.466820     -0.601959
  H       0.651712      2.649802      1.160441
  H      -0.752255      2.610301      0.028790
  H      -1.315016     -2.154908     -1.020389
  H       0.188533     -3.270572      0.652670
  H       1.687632     -1.858854      2.060781
  H       1.692548      0.598699      1.918285
  N      -0.815296      0.284229     -2.017128
  O      -1.623859     -0.358400     -2.630369
  O      -0.087988      1.158032     -2.403521
  H      -1.753908      0.192831     -0.133440
18
Coordinates from ORCA-job neb_orto_ts_products_MEP_ALL E -475.675952992509
  C       0.229140      0.698205      0.337478
  C      -0.721400     -0.105653     -0.480480
  C      -0.602236     -1.583225     -0.394514
  C       0.197320     -2.179399      0.528571
  C       1.010254     -1.370748      1.366460
  C       1.020062      0.027837      1.259921
  C       0.300640      2.180524      0.211237
  H       0.967071      2.461063     -0.631480
  H       0.701374      2.633602      1.128222
  H      -0.679950      2.610181     -0.026540
  H      -1.187326     -2.167219     -1.110255
  H       0.229793     -3.272875      0.633145
  H       1.653746     -1.858146      2.114714
  H       1.663725      0.602432      1.937974
  N      -0.803998      0.301951     -2.022917
  O      -1.563608     -0.373803     -2.658031
  O      -0.098617      1.182007     -2.401002
  H      -2.315991      0.213266      0.207498
18
Coordinates from ORCA-job neb_orto_ts_products_MEP_ALL E -475.600059274711
  C       0.278108      0.684571      0.300149
  C      -0.501005     -0.156309     -0.609189
  C      -0.526651     -1.592266     -0.448709
  C       0.229843     -2.178144      0.519471
  C       1.018862     -1.369854      1.376228
  C       1.026204      0.020766      1.266270
  C       0.346349      2.174837      0.180870
  H       1.024630      2.458449     -0.651452
  H       0.736206      2.621645      1.105958
  H      -0.629309      2.607365     -0.067411
  H      -1.093180     -2.172746     -1.174431
  H       0.257983     -3.276745      0.621563
  H       1.629541     -1.858037      2.155823
  H       1.641626      0.606594      1.958100
  N      -0.760201      0.294922     -2.037645
  O      -1.528230     -0.374155     -2.669926
  O      -0.107248      1.212017     -2.416133
  H      -3.043528      0.297090      0.590465
18
Coordinates from ORCA-job neb_orto_ts_products_MEP_ALL E -475.583580845910
  C       0.324145      0.658886      0.256634
  C      -0.382656     -0.154427     -0.677456
  C      -0.454405     -1.613251     -0.497837
  C       0.268003     -2.161260      0.515964
  C       1.018184     -1.380476      1.382808
  C       1.032647      0.017678      1.270007
  C       0.388926      2.165722      0.154483
  H       1.076767      2.455751     -0.670764
  H       0.770183      2.610603      1.085960
  H      -0.580850      2.601785     -0.107209
  H      -1.005493     -2.177432     -1.232293
  H       0.283367     -3.283577      0.612452
  H       1.607218     -1.858329      2.195208
  H       1.621729      0.610276      1.979411
  N      -0.724187      0.299369     -2.074180
  O      -1.484982     -0.371394     -2.680543
  O      -0.122431      1.225693     -2.423783
  H      -3.636166      0.354384      0.911139
18
Coordinates from ORCA-job neb_orto_ts_products_MEP_ALL E -475.576229963211
  C       0.315307      0.726203      0.216888
  C      -0.310305     -0.313066     -0.758086
  C      -0.460234     -1.483539     -0.583667
  C       0.284197     -2.229729      0.497772
  C       1.069606     -1.334556      1.451742
  C       1.067393     -0.026690      1.305121
  C       0.435207      2.155237      0.140265
  H       1.113755      2.455420     -0.683419
  H       0.793124      2.603616      1.068224
  H      -0.550831      2.594094     -0.133415
  H      -0.936568     -2.183654     -1.264253
  H       0.306141     -3.286744      0.608468
  H       1.575858     -1.850406      2.205818
  H       1.605496      0.607384      1.988223
  N      -0.730280      0.265915     -1.955392
  O      -1.479520     -0.406265     -2.735242
  O      -0.073288      1.319228     -2.493376
  H      -4.025057      0.387554      1.124328
18
Coordinates from ORCA-job neb_orto_ts_products_MEP_ALL E -475.578212266043
  C       0.362406      0.728064      0.183372
  C      -0.258563     -0.327973     -0.798320
  C      -0.391846     -1.482082     -0.633754
  C       0.317493     -2.236828      0.489683
  C       1.070812     -1.326885      1.463818
  C       1.075243     -0.040997      1.316205
  C       0.477204      2.140898      0.120974
  H       1.162316      2.451604     -0.702756
  H       0.823635      2.593845      1.047577
  H      -0.508850      2.590504     -0.169274
  H      -0.857988     -2.189784     -1.311710
  H       0.328179     -3.289154      0.600355
  H       1.549004     -1.848111      2.232522
  H       1.583933      0.608597      2.001038
  N      -0.691232      0.263326     -1.983153
  O      -1.441631     -0.409899     -2.749031
  O      -0.084560      1.344085     -2.504931
  H      -4.515554      0.430792      1.397385
18
Coordinates from ORCA-job neb_orto_ts_products_MEP_ALL E -475.581667496044
  C       0.436044      0.612008      0.181283
  C      -0.189345     -0.142126     -0.776236
  C      -0.267097     -1.652682     -0.591237
  C       0.359524     -2.156910      0.480345
  C       1.015400     -1.413713      1.400972
  C       1.040801      0.028966      1.253808
  C       0.504567      2.152189      0.077768
  H       1.207626      2.443705     -0.717849
  H       0.856880      2.583931      1.033151
  H      -0.453505      2.584711     -0.203051
  H      -0.785981     -2.197036     -1.370223
  H       0.347626     -3.292373      0.590123
  H       1.531900     -1.853433      2.277355
  H       1.567407      0.617572      2.022957
  N      -0.635343      0.306926     -2.136848
  O      -1.389071     -0.395870     -2.735504
  O      -0.132089      1.299090     -2.463083
  H      -5.015345      0.475045      1.676270
18
Coordinates from ORCA-job neb_orto_ts_products_MEP_ALL E -475.584762765548
  C       0.466741      0.724633      0.126301
  C      -0.142006     -0.328274     -0.870094
  C      -0.228297     -1.512745     -0.719668
  C       0.393225     -2.240696      0.466480
  C       1.059734     -1.326727      1.471732
  C       1.082325     -0.056756      1.324311
  C       0.569840      2.112078      0.074392
  H       1.270798      2.441658     -0.744788
  H       0.890857      2.572246      1.001087
  H      -0.412783      2.582031     -0.247449
  H      -0.681717     -2.203659     -1.414431
  H       0.376977     -3.292969      0.580293
  H       1.485192     -1.842454      2.288148
  H       1.533834      0.611809      2.024592
  N      -0.605247      0.270439     -2.077772
  O      -1.347880     -0.413852     -2.770106
  O      -0.114362      1.377611     -2.513804
  H      -5.597231      0.525626      2.000776
18
Coordinates from ORCA-job neb_orto_ts_products_MEP_ALL E -475.586253776892
  C       0.528518      0.590465      0.124158
  C      -0.039775     -0.169263     -0.857910
  C      -0.107031     -1.654134     -0.680347
  C       0.436740     -2.169922      0.443539
  C       1.016442     -1.419812      1.418099
  C       1.051901      0.026550      1.247045
  C       0.606104      2.140699      0.016562
  H       1.323012      2.431261     -0.759425
  H       0.931158      2.562190      0.985019
  H      -0.343205      2.571125     -0.284666
  H      -0.590013     -2.213832     -1.480665
  H       0.403558     -3.297555      0.567854
  H       1.455987     -1.844135      2.332202
  H       1.513184      0.620912      2.049165
  N      -0.547806      0.298399     -2.163824
  O      -1.310558     -0.424308     -2.790889
  O      -0.135339      1.373403     -2.499027
  H      -6.192876      0.577957      2.333110
18
Coordinates from ORCA-job neb_orto_ts_products_MEP_ALL E -475.587754497077
  C       0.581533      0.621516      0.087906
  C       0.041714     -0.235225     -0.896837
  C      -0.023656     -1.624295     -0.733104
  C       0.475994     -2.210346      0.426856
  C       1.018475     -1.393930      1.424538
  C       1.059293     -0.009215      1.252100
  C       0.666058      2.124262     -0.017309
  H       1.394937      2.428350     -0.783616
  H       0.967202      2.550680      0.951090
  H      -0.291454      2.571493     -0.320240
  H      -0.474394     -2.218559     -1.528072
  H       0.435386     -3.294724      0.554312
  H       1.405900     -1.836092      2.346423
  H       1.474424      0.617947      2.045866
  N      -0.495536      0.291992     -2.171952
  O      -1.248138     -0.427548     -2.808242
  O      -0.145902      1.409384     -2.524090
  H      -6.841837      0.634310      2.694374
