18
Coordinates from ORCA-job products5
  C   -6.33000931284635      0.34950176836603     -0.59784533443114
  C   -6.45020978858942      0.08158732597348     -1.97948308733666
  C   -6.06987904569394     -1.14128320007448     -2.54564340644202
  C   -5.52916798187075     -2.14021277065977     -1.74041709345401
  C   -5.39451484565581     -1.91129192370144     -0.36723211662537
  C   -5.79551679327654     -0.69259239587475      0.18303991933678
  C   -6.73605484612510      1.63594511290000      0.07789572506660
  H   -6.07247144258807      2.46410840373668     -0.21325288740822
  H   -6.69589007979938      1.51341594369723      1.17046093269908
  H   -7.75020679623125      1.95004322937219     -0.20747267403016
  H   -6.21309943405459     -1.28249238922522     -3.61701067381226
  H   -5.22245242209475     -3.09232612554556     -2.17992236000272
  H   -4.98165437788055     -2.68834412979302      0.28178460014394
  H   -5.69643616697806     -0.53213502640188      1.26015040124202
  N   -6.99468879088891      1.08814563569169     -2.91909878957618
  O   -7.39631718977711      0.69177528842314     -4.00103991554381
  O   -6.99889400070870      2.25905180259773     -2.56726979337835
  H   3.49361331505929      2.12127345051794     -2.31914344644752