15
Coordinates from ORCA-job benzen_to_nitrobenzen_NBS-cl_MEP E -56.588528813455
  H       0.075933     -2.505925     -0.516864
  C      -0.258689     -1.477617     -0.352763
  C      -0.822516     -1.086312      0.867227
  H      -0.966154     -1.804220      1.678275
  C      -1.215195      0.243866      1.047464
  H      -1.659525      0.571298      1.990838
  C      -1.072590      1.177906      0.003395
  H      -1.411154      2.201231      0.183202
  C      -0.521343      0.778226     -1.221185
  H      -0.409583      1.483885     -2.047498
  C      -0.091333     -0.547566     -1.399204
  H       0.397466     -0.840790     -2.332610
  N       2.658368      0.561013      0.696221
  O       3.739256      0.833263      0.940970
  O       1.557058      0.411743      0.462532
15
Coordinates from ORCA-job benzen_to_nitrobenzen_NBS-cl_MEP E -56.605433954593
  H      -0.255310     -2.587527     -0.596736
  C      -0.432623     -1.522745     -0.404969
  C      -1.009687     -1.119239      0.795622
  H      -1.282351     -1.866070      1.550605
  C      -1.278891      0.227657      1.020265
  H      -1.768361      0.540752      1.949961
  C      -0.971364      1.171016      0.044346
  H      -1.227268      2.225318      0.201579
  C      -0.394267      0.767533     -1.156050
  H      -0.203874      1.503423     -1.945861
  C      -0.124447     -0.579241     -1.380454
  H       0.281935     -0.902893     -2.345673
  N       2.881756      0.712491      0.753506
  O       2.810303      1.731251      0.255570
  O       2.974449     -0.301725      1.258290
15
Coordinates from ORCA-job benzen_to_nitrobenzen_NBS-cl_MEP E -56.603623023857
  H      -0.707228     -2.706187     -0.746051
  C      -0.712960     -1.656171     -0.430535
  C      -1.499610     -1.257080      0.646474
  H      -2.124373     -1.990466      1.170897
  C      -1.511322      0.077416      1.043374
  H      -2.134924      0.392489      1.888344
  C      -0.756828      1.016376      0.347654
  H      -0.804330      2.072596      0.634575
  C       0.012597      0.620807     -0.743169
  H       0.494926      1.376773     -1.371488
  C       0.041720     -0.717132     -1.126356
  H       0.626006     -1.027726     -1.999504
  N       3.017014      1.264817      0.226176
  O       3.022044      2.112582     -0.526594
  O       3.037267      0.420905      0.986202
15
Coordinates from ORCA-job benzen_to_nitrobenzen_NBS-cl_MEP E -56.598633838281
  H      -0.849540     -2.657199     -0.951337
  C      -0.798250     -1.653194     -0.516997
  C      -1.681726     -1.288263      0.495895
  H      -2.477843     -1.977138      0.810221
  C      -1.567185     -0.034682      1.091063
  H      -2.223620      0.237342      1.924805
  C      -0.648375      0.887478      0.601952
  H      -0.572801      1.878130      1.061608
  C       0.150941      0.559117     -0.489649
  H       0.669936      1.351414     -1.037274
  C       0.122260     -0.733070     -1.006862
  H       0.803411     -1.019208     -1.815215
  N       3.015781      1.476235     -0.055539
  O       3.391556      0.888110     -0.951031
  O       2.665456      2.084929      0.838361
15
Coordinates from ORCA-job benzen_to_nitrobenzen_NBS-cl_MEP E -56.597729232181
  H      -0.802430     -2.490301     -1.131840
  C      -0.661227     -1.518798     -0.629326
  C      -1.644562     -1.058722      0.270649
  H      -2.616267     -1.574956      0.340731
  C      -1.366357      0.039085      1.113822
  H      -2.042413      0.258996      1.957989
  C      -0.252978      0.809417      0.903741
  H       0.021626      1.631819      1.589352
  C       0.564259      0.581184     -0.307092
  H      -0.000898      1.193100     -1.087990
  C       0.473416     -0.784191     -0.860379
  H       1.299812     -1.171082     -1.485477
  N       2.036917      1.217768     -0.234149
  O       2.949611      0.471958     -0.434494
  O       2.041491      2.394723     -0.005538
15
Coordinates from ORCA-job benzen_to_nitrobenzen_NBS-cl_MEP E -56.603540606596
  H      -0.695098     -2.534321     -1.003185
  C      -0.601807     -1.530584     -0.556508
  C      -1.472073     -1.156625      0.487011
  H      -2.202205     -1.883524      0.872881
  C      -1.406396      0.135782      1.039551
  H      -2.118400      0.417570      1.832660
  C      -0.455960      1.030241      0.623829
  H      -0.390814      2.033721      1.078044
  C       0.503697      0.683553     -0.439583
  H       0.269529      1.394936     -1.288830
  C       0.356187     -0.666771     -1.010269
  H       1.037003     -0.955392     -1.829996
  N       2.071182      0.959369     -0.019314
  O       2.843970      0.913618     -0.927559
  O       2.261185      1.158426      1.141268
15
Coordinates from ORCA-job benzen_to_nitrobenzen_NBS-cl_MEP E -56.644259992801
  H      -0.812057     -2.604790     -0.962263
  C      -0.684582     -1.638766     -0.453923
  C      -1.689451     -1.153740      0.383979
  H      -2.609654     -1.736297      0.528827
  C      -1.526229      0.063749      1.044831
  H      -2.317111      0.438793      1.709134
  C      -0.365195      0.804623      0.877613
  H      -0.245562      1.753901      1.418410
  C       0.632936      0.317762      0.016659
  H       1.191132      1.908462     -1.758323
  C       0.482294     -0.913755     -0.644231
  H       1.269119     -1.316575     -1.296921
  N       1.862375      1.073799     -0.152872
  O       1.988351      1.911742     -1.227160
  O       2.823634      1.091093      0.516241
15
Coordinates from ORCA-job benzen_to_nitrobenzen_NBS-cl_MEP E -56.543492545865
  H      -0.709056     -2.867661     -0.563776
  C      -0.622826     -1.824850     -0.248722
  C      -1.688304     -1.187505      0.408712
  H      -2.615277     -1.737229      0.592394
  C      -1.575599      0.143965      0.845866
  H      -2.391394      0.619058      1.395489
  C      -0.406340      0.854071      0.606115
  H      -0.260381      1.847076      1.016034
  C       0.637456      0.212889     -0.084938
  H       0.976581      3.275734     -1.057013
  C       0.556855     -1.133795     -0.497815
  H       1.388258     -1.602864     -1.027612
  N       1.856315      0.897392     -0.370118
  O       1.969075      2.198936     -0.493923
  O       2.884639      0.304783     -0.520692
