15
Coordinates from ORCA-job benzen_to_nitrobenzen_NBS-cl_initial_path E   0.000000000000
  H       0.075933     -2.505925     -0.516864
  C      -0.258689     -1.477617     -0.352763
  C      -0.822516     -1.086312      0.867227
  H      -0.966154     -1.804220      1.678275
  C      -1.215195      0.243866      1.047464
  H      -1.659525      0.571298      1.990838
  C      -1.072590      1.177906      0.003395
  H      -1.411154      2.201231      0.183202
  C      -0.521343      0.778226     -1.221185
  H      -0.409583      1.483885     -2.047498
  C      -0.091333     -0.547566     -1.399204
  H       0.397466     -0.840790     -2.332610
  N       2.658368      0.561013      0.696221
  O       3.739256      0.833263      0.940970
  O       1.557058      0.411743      0.462532
15
Coordinates from ORCA-job benzen_to_nitrobenzen_NBS-cl_initial_path E   0.000000000000
  H      -0.057310     -2.616357     -0.472953
  C      -0.340333     -1.570458     -0.322178
  C      -0.972362     -1.152366      0.856066
  H      -1.256541     -1.881039      1.619017
  C      -1.278855      0.196144      1.066392
  H      -1.785731      0.526904      1.976585
  C      -0.985205      1.149695      0.076076
  H      -1.213858      2.192923      0.306118
  C      -0.409711      0.715409     -1.131206
  H      -0.204354      1.799456     -1.991306
  C      -0.063087     -0.635161     -1.342728
  H       0.542681     -0.947060     -2.199719
  N       2.694361      0.629954      0.620764
  O       3.664483      1.262543      0.667855
  O       1.665822      0.329415      0.271216
15
Coordinates from ORCA-job benzen_to_nitrobenzen_NBS-cl_initial_path E   0.000000000000
  H      -0.178222     -2.702226     -0.441533
  C      -0.394793     -1.640946     -0.288078
  C      -1.084089     -1.194188      0.846017
  H      -1.496189     -1.920710      1.550468
  C      -1.312123      0.165063      1.081748
  H      -1.882769      0.504891      1.949942
  C      -0.856788      1.118680      0.160588
  H      -1.031620      2.165602      0.415620
  C      -0.275408      0.650117     -1.030283
  H      -0.032763      2.082964     -1.918870
  C      -0.039493     -0.717639     -1.293490
  H       0.605056     -1.065239     -2.109219
  N       2.572149      0.822463      0.666999
  O       3.459276      1.580739      0.419151
  O       1.947777      0.150429     -0.009062
15
Coordinates from ORCA-job benzen_to_nitrobenzen_NBS-cl_initial_path E   0.000000000000
  H      -0.292389     -2.765891     -0.419383
  C      -0.426056     -1.695410     -0.239485
  C      -1.193259     -1.221760      0.830961
  H      -1.715751     -1.937763      1.469807
  C      -1.354910      0.142791      1.090301
  H      -1.971045      0.496615      1.920835
  C      -0.757468      1.083764      0.244804
  H      -0.882351      2.131270      0.522141
  C      -0.073062      0.591036     -0.879555
  H       0.123527      2.346036     -1.827909
  C       0.060737     -0.779126     -1.186716
  H       0.673141     -1.169281     -2.006818
  N       2.356614      0.939393      0.462135
  O       3.171182      1.825350      0.245348
  O       2.281090      0.012976     -0.226463
15
Coordinates from ORCA-job benzen_to_nitrobenzen_NBS-cl_initial_path E   0.000000000000
  H      -0.414766     -2.817761     -0.413547
  C      -0.474017     -1.747211     -0.199675
  C      -1.314501     -1.240685      0.798213
  H      -1.943609     -1.935166      1.360135
  C      -1.399977      0.124043      1.093838
  H      -2.055939      0.496463      1.884667
  C      -0.675011      1.040975      0.329614
  H      -0.729431      2.081524      0.649109
  C       0.081266      0.517102     -0.735828
  H       0.264399      2.607746     -1.703116
  C       0.206284     -0.853802     -1.033389
  H       0.814904     -1.272519     -1.840686
  N       2.245476      0.955802      0.200142
  O       2.840775      2.035425      0.014277
  O       2.554146      0.008062     -0.403754
15
Coordinates from ORCA-job benzen_to_nitrobenzen_NBS-cl_initial_path E   0.000000000000
  H      -0.529158     -2.860085     -0.420283
  C      -0.529648     -1.794951     -0.175683
  C      -1.429659     -1.250396      0.748389
  H      -2.158674     -1.911001      1.223620
  C      -1.440529      0.108573      1.085231
  H      -2.136879      0.508168      1.826363
  C      -0.566468      0.980702      0.438861
  H      -0.557014      2.010288      0.791168
  C       0.220928      0.426743     -0.590050
  H       0.392219      2.856545     -1.550507
  C       0.339047     -0.949316     -0.863978
  H       0.991777     -1.391271     -1.621669
  N       2.143836      0.983324     -0.053516
  O       2.533258      2.174182     -0.266008
  O       2.726963      0.108495     -0.571940
15
Coordinates from ORCA-job benzen_to_nitrobenzen_NBS-cl_initial_path E   0.000000000000
  H      -0.616198     -2.888248     -0.430963
  C      -0.571490     -1.830565     -0.161926
  C      -1.523150     -1.247890      0.686811
  H      -2.334227     -1.868462      1.075206
  C      -1.469343      0.102933      1.059722
  H      -2.199111      0.532701      1.749308
  C      -0.459606      0.914294      0.553733
  H      -0.376435      1.931936      0.921906
  C       0.399006      0.321053     -0.386939
  H       0.523117      3.090616     -1.388514
  C       0.448139     -1.049268     -0.695515
  H       1.163060     -1.498374     -1.387839
  N       1.990460      0.998578     -0.342628
  O       2.217111      2.253672     -0.532921
  O       2.808669      0.237024     -0.719443
15
Coordinates from ORCA-job benzen_to_nitrobenzen_NBS-cl_initial_path E   0.000000000000
  H      -0.668070     -2.897532     -0.432628
  C      -0.582259     -1.847641     -0.145598
  C      -1.583520     -1.235286      0.624918
  H      -2.461429     -1.812165      0.926160
  C      -1.467232      0.105959      1.025694
  H      -2.227912      0.562796      1.661709
  C      -0.361411      0.850142      0.637480
  H      -0.203341      1.854092      1.012164
  C       0.614497      0.232596     -0.163726
  H       0.726557      3.283973     -1.212887
  C       0.533467     -1.122298     -0.544050
  H       1.311763     -1.572224     -1.162358
  N       1.765026      0.952057     -0.602571
  O       1.815877      2.253028     -0.757741
  O       2.787988      0.392503     -0.866566
