18
Coordinates from ORCA-job neb_orto_products_new
  C   -0.99429000000000      2.27035000000000      0.60597000000000
  C   -2.16488000000000      2.80024000000000      0.04538000000000
  C   -3.18293000000000      1.92962000000000     -0.35736000000000
  C   -3.03073000000000      0.54774000000000     -0.24334000000000
  C   -1.85166000000000      0.02218000000000      0.28213000000000
  C   -0.84261000000000      0.88458000000000      0.71004000000000
  C   0.10451000000000      3.16298000000000      1.19242000000000
  H   -3.82357000000000     -0.11599000000000     -0.57090000000000
  H   -4.10007000000000      2.31801000000000     -0.78622000000000
  H   0.83505000000000      2.56123000000000      1.75259000000000
  H   0.63239000000000      3.68527000000000      0.38066000000000
  H   -0.33705000000000      3.89635000000000      1.88354000000000
  H   0.06291000000000      0.46388000000000      1.13287000000000
  H   -1.72491000000000     -1.05144000000000      0.36981000000000
  N   -2.33145000000000      4.13077000000000     -0.12744000000000
  O   -1.49051000000000      4.82800000000000     -0.01648000000000
  O   -3.29375000000000      4.52449000000000     -0.48874000000000
  H   -5.86526000000000      2.27449000000000      4.15508000000000
