12
Coordinates from ORCA-job opt E -691.355205788767
  C      -6.486190      0.791260     -0.000000
  C      -7.728740      0.145830     -0.000000
  C      -7.791400     -1.251690     -0.000000
  C      -6.613010     -2.005180     -0.000000
  C      -5.371250     -1.361440     -0.000000
  C      -5.307160      0.036000     -0.000000
  H      -8.643700      0.724440     -0.000000
  H      -8.752140     -1.750140     -0.000000
  H      -6.662050     -3.086400     -0.000000
  H      -4.459580     -1.944810     -0.000000
  H      -4.343590      0.529430     -0.000000
  Cl     -6.406720      2.543550     -0.000000
12
Coordinates from ORCA-job opt E -691.355737396787
  C      -6.486518      0.784033     -0.000000
  C      -7.730419      0.146743     -0.000000
  C      -7.790134     -1.249460      0.000000
  C      -6.612981     -2.004508     -0.000000
  C      -5.372294     -1.359137     -0.000000
  C      -5.305440      0.036726      0.000000
  H      -8.649198      0.736669     -0.000000
  H      -8.761284     -1.750063      0.000000
  H      -6.662525     -3.096273     -0.000000
  H      -4.450400     -1.945514     -0.000000
  H      -4.337067      0.541104      0.000000
  Cl     -6.407271      2.530529     -0.000000
12
Coordinates from ORCA-job opt E -691.355786366664
  C      -6.486696      0.780178      0.000000
  C      -7.731990      0.146566     -0.000000
  C      -7.789352     -1.249417      0.000000
  C      -6.613016     -2.005265     -0.000000
  C      -5.373059     -1.359048     -0.000000
  C      -5.303920      0.036382      0.000000
  H      -8.648040      0.741117     -0.000000
  H      -8.761990     -1.748976      0.000000
  H      -6.662604     -3.097496     -0.000000
  H      -4.449547     -1.944453     -0.000000
  H      -4.337857      0.545637      0.000000
  Cl     -6.407458      2.525625      0.000000
12
Coordinates from ORCA-job opt E -691.355803862222
  C      -6.486832      0.777267      0.000000
  C      -7.733566      0.146101      0.000000
  C      -7.788836     -1.249984      0.000000
  C      -6.613066     -2.006349     -0.000000
  C      -5.373616     -1.359591      0.000000
  C      -5.302423      0.035751      0.000000
  H      -8.646193      0.744813     -0.000000
  H      -8.761976     -1.748310      0.000000
  H      -6.662656     -3.098058     -0.000000
  H      -4.449448     -1.943738     -0.000000
  H      -4.339404      0.549487      0.000000
  Cl     -6.407515      2.523461     -0.000000
12
Coordinates from ORCA-job opt E -691.355805263943
  C      -6.486849      0.776914      0.000000
  C      -7.733815      0.145841     -0.000000
  C      -7.788883     -1.250313      0.000000
  C      -6.613078     -2.006589     -0.000000
  C      -5.373599     -1.359929     -0.000000
  C      -5.302204      0.035465      0.000000
  H      -8.645535      0.745569     -0.000000
  H      -8.761920     -1.748405      0.000000
  H      -6.662665     -3.098063     -0.000000
  H      -4.449498     -1.943811     -0.000000
  H      -4.340001      0.550303      0.000000
  Cl     -6.407482      2.523866     -0.000000
12
Coordinates from ORCA-job opt E -691.355805531352
  C      -6.486851      0.776883      0.000000
  C      -7.733811      0.145684     -0.000000
  C      -7.788996     -1.250475      0.000000
  C      -6.613079     -2.006586     -0.000000
  C      -5.373502     -1.360102     -0.000000
  C      -5.302224      0.035307      0.000000
  H      -8.645195      0.745877     -0.000000
  H      -8.761949     -1.748567      0.000000
  H      -6.662667     -3.098017     -0.000000
  H      -4.449478     -1.943966     -0.000000
  H      -4.340316      0.550643      0.000000
  Cl     -6.407461      2.524169     -0.000000
