17
Coordinates from ORCA-job neb_ts_prod_MEP_ALL E -491.827254182884
  C      -0.555126      0.770323      0.085422
  C      -1.679577     -0.092157     -0.061479
  C      -1.513384     -1.451813     -0.080328
  C      -0.220334     -2.085322      0.046599
  C       0.888358     -1.334817      0.207193
  C       0.804242      0.148617      0.346626
  H      -2.668366      0.352374     -0.195553
  H      -2.393196     -2.086414     -0.220895
  H      -0.153147     -3.173650     -0.004413
  H       1.882725     -1.776952      0.287861
  H       1.064042      0.398571      1.395834
  N      -0.680190      2.076223      0.056651
  H      -1.588999      2.508874     -0.099391
  H       0.160014      2.662449      0.069842
  N       1.948879      0.856983     -0.446801
  O       1.928095      2.074503     -0.431844
  O       2.775965      0.152208     -0.955325
17
Coordinates from ORCA-job neb_ts_prod_MEP_ALL E -491.634685252833
  C      -0.581449      0.751710      0.022993
  C      -1.730856     -0.112676     -0.148903
  C      -1.572200     -1.468794     -0.143355
  C      -0.306718     -2.101660      0.007403
  C       0.855297     -1.292649      0.074719
  C       0.751986      0.103119      0.168825
  H      -2.712649      0.336433     -0.326275
  H      -2.449779     -2.100257     -0.301234
  H      -0.224260     -3.188867     -0.009841
  H       1.825995     -1.801299     -0.017839
  H       1.995592      0.564947      3.329910
  N      -0.743698      2.069124     -0.064099
  H      -1.654371      2.487512     -0.241846
  H       0.093378      2.657465     -0.081678
  N       1.876092      0.851271     -0.569656
  O       1.837544      2.078158     -0.618471
  O       2.740094      0.166462     -1.080653
17
Coordinates from ORCA-job neb_ts_prod_MEP_ALL E -491.630065231906
  C      -0.708763      0.760889     -0.146353
  C      -1.830301     -0.131422     -0.364192
  C      -1.649041     -1.489616     -0.268023
  C      -0.399353     -2.076324      0.015693
  C       0.742243     -1.221569      0.154976
  C       0.598178      0.155579      0.147872
  H      -2.803417      0.286531     -0.632775
  H      -2.502500     -2.144843     -0.449723
  H      -0.280617     -3.159731      0.057310
  H       1.724873     -1.714243      0.142763
  H       3.665294      0.232492      4.346834
  N      -0.896170      2.078055     -0.302114
  H      -1.791825      2.461668     -0.581839
  H      -0.072738      2.681551     -0.239627
  N       1.780682      0.908832     -0.454358
  O       1.730194      2.137970     -0.524436
  O       2.693261      0.234183     -0.902008
17
Coordinates from ORCA-job neb_ts_prod_MEP_ALL E -491.636928106460
  C      -0.831576      0.768929     -0.338532
  C      -1.921069     -0.158419     -0.564333
  C      -1.719502     -1.506369     -0.383913
  C      -0.473668     -2.040673     -0.001613
  C       0.622795     -1.147449      0.204774
  C       0.445652      0.220412      0.108152
  H      -2.888993      0.225842     -0.892411
  H      -2.551183     -2.189324     -0.562903
  H      -0.331383     -3.116346      0.110957
  H       1.606994     -1.588274      0.396647
  H       5.298703     -0.195820      5.265258
  N      -1.035918      2.073437     -0.568156
  H      -1.925055      2.421780     -0.902213
  H      -0.232506      2.699940     -0.468365
  N       1.672945      0.988650     -0.333700
  O       1.591994      2.209711     -0.487128
  O       2.671769      0.333972     -0.582520
17
Coordinates from ORCA-job neb_ts_prod_MEP_ALL E -491.643377753181
  C      -0.941733      0.769947     -0.510296
  C      -2.010657     -0.180029     -0.725627
  C      -1.799074     -1.516942     -0.481041
  C      -0.556656     -2.010649     -0.036416
  C       0.512657     -1.094285      0.183068
  C       0.316437      0.262560      0.017085
  H      -2.974893      0.179267     -1.091463
  H      -2.617835     -2.218402     -0.650507
  H      -0.404187     -3.076943      0.134023
  H       1.485600     -1.491341      0.494436
  H       6.945855     -0.543443      6.439663
  N      -1.156342      2.062483     -0.792559
  H      -2.043790      2.384644     -1.156439
  H      -0.368058      2.705887     -0.678996
  N       1.555798      1.056940     -0.290739
  O       1.449582      2.267033     -0.511541
  O       2.607297      0.443274     -0.342651
17
Coordinates from ORCA-job neb_ts_prod_MEP_ALL E -491.649585882482
  C      -1.043476      0.769940     -0.658556
  C      -2.098453     -0.195601     -0.859294
  C      -1.883731     -1.522863     -0.565104
  C      -0.645115     -1.984717     -0.078149
  C       0.409347     -1.054256      0.130999
  C       0.204603      0.291897     -0.090284
  H      -3.058987      0.144799     -1.252352
  H      -2.693916     -2.236870     -0.724478
  H      -0.487619     -3.042221      0.137498
  H       1.376461     -1.419820      0.495219
  H       8.564685     -0.840462      7.712098
  N      -1.263982      2.051589     -0.980607
  H      -2.150912      2.353649     -1.363832
  H      -0.486315      2.707362     -0.863137
  N       1.437356      1.115950     -0.290450
  O       1.312338      2.315541     -0.557477
  O       2.507715      0.546082     -0.192094
17
Coordinates from ORCA-job neb_ts_prod_MEP_ALL E -491.655625350058
  C      -1.141478      0.769284     -0.799261
  C      -2.184041     -0.209837     -0.985096
  C      -1.968817     -1.527055     -0.645860
  C      -0.735034     -1.958930     -0.120831
  C       0.307588     -1.017434      0.074515
  C       0.100380      0.316773     -0.204369
  H      -3.139970      0.113070     -1.403540
  H      -2.771273     -2.251875     -0.795784
  H      -0.574214     -3.007115      0.135493
  H       1.270649     -1.353436      0.474399
  H      10.174564     -1.126885      9.001007
  N      -1.365404      2.039635     -1.157394
  H      -2.251378      2.323259     -1.558065
  H      -0.596660      2.706073     -1.038939
  N       1.314606      1.173845     -0.299820
  O       1.174792      2.362263     -0.606707
  O       2.385690      0.648367     -0.069749
17
Coordinates from ORCA-job neb_ts_prod_MEP_ALL E -491.660697187763
  C      -1.236656      0.767862     -0.936892
  C      -2.267243     -0.223980     -1.108367
  C      -2.053344     -1.530235     -0.726038
  C      -0.825605     -1.931977     -0.163696
  C       0.205831     -0.981032      0.018662
  C       0.001921      0.338915     -0.323924
  H      -3.217556      0.081655     -1.552026
  H      -2.848261     -2.265092     -0.867071
  H      -0.662684     -2.969941      0.131255
  H       1.164306     -1.286594      0.449324
  H      11.786354     -1.411704     10.296726
  N      -1.462165      2.025844     -1.329630
  H      -2.346445      2.291630     -1.747807
  H      -0.701731      2.702236     -1.210979
  N       1.185817      1.232321     -0.312505
  O       1.034310      2.408312     -0.656485
  O       2.243151      0.751779      0.039454
17
Coordinates from ORCA-job neb_ts_prod_MEP_ALL E -491.663682637657
  C      -1.328848      0.765741     -1.072121
  C      -2.347686     -0.238204     -1.230712
  C      -2.137039     -1.532480     -0.806466
  C      -0.916472     -1.903448     -0.207426
  C       0.103415     -0.943965     -0.036205
  C      -0.092798      0.360364     -0.442760
  H      -3.291572      0.050161     -1.699239
  H      -2.924602     -2.276817     -0.939037
  H      -0.752740     -2.930239      0.124923
  H       1.055999     -1.218003      0.423214
  H      13.403942     -1.696547     11.599902
  N      -1.554622      2.009888     -1.498503
  H      -2.436413      2.258299     -1.934768
  H      -0.802785      2.696411     -1.378778
  N       1.050324      1.290990     -0.328366
  O       0.889880      2.453303     -0.707286
  O       2.082015      0.854546      0.133628
17
Coordinates from ORCA-job neb_ts_prod_MEP_ALL E -491.664616767535
  C      -1.417911      0.762844     -1.205228
  C      -2.425317     -0.252633     -1.352769
  C      -2.219696     -1.533791     -0.887574
  C      -1.007454     -1.873651     -0.252819
  C       0.000418     -0.906203     -0.091092
  C      -0.187949      0.383985     -0.551469
  H      -3.362124      0.018513     -1.845413
  H      -3.000291     -2.287229     -1.011902
  H      -0.844289     -2.888259      0.116095
  H       0.945378     -1.147641      0.396670
  H      15.026951     -1.981446     12.910141
  N      -1.643196      1.991890     -1.664043
  H      -2.521515      2.223366     -2.119152
  H      -0.900901      2.689351     -1.540910
  N       0.908764      1.349091     -0.349170
  O       0.741752      2.496765     -0.760256
  O       1.907380      0.955049      0.208892
17
Coordinates from ORCA-job neb_ts_prod_MEP_ALL E -491.827254182884
  C      -0.555126      0.770323      0.085422
  C      -1.679577     -0.092157     -0.061479
  C      -1.513384     -1.451813     -0.080328
  C      -0.220334     -2.085322      0.046599
  C       0.888358     -1.334817      0.207193
  C       0.804242      0.148617      0.346626
  H      -2.668366      0.352374     -0.195553
  H      -2.393196     -2.086414     -0.220895
  H      -0.153147     -3.173650     -0.004413
  H       1.882725     -1.776952      0.287861
  H       1.064042      0.398571      1.395834
  N      -0.680190      2.076223      0.056651
  H      -1.588999      2.508874     -0.099391
  H       0.160014      2.662449      0.069842
  N       1.948879      0.856983     -0.446801
  O       1.928095      2.074503     -0.431844
  O       2.775965      0.152208     -0.955325
17
Coordinates from ORCA-job neb_ts_prod_MEP_ALL E -491.634685252833
  C      -0.564267      0.745603      0.025995
  C      -1.734925     -0.119584     -0.148652
  C      -1.574152     -1.470268     -0.142560
  C      -0.327763     -2.103942      0.005636
  C       0.867480     -1.249126      0.090069
  C       0.740242      0.076524      0.126307
  H      -2.714421      0.336637     -0.327684
  H      -2.450925     -2.100523     -0.301941
  H      -0.225195     -3.188382     -0.011308
  H       1.824978     -1.797705     -0.016526
  H       2.025575      0.556726      3.339248
  N      -0.745543      2.072951     -0.065834
  H      -1.657092      2.486399     -0.245806
  H       0.092145      2.657500     -0.082613
  N       1.874882      0.849865     -0.540834
  O       1.831472      2.083039     -0.619942
  O       2.737509      0.164288     -1.083556
17
Coordinates from ORCA-job neb_ts_prod_MEP_ALL E -491.630065231906
  C      -0.684893      0.751960     -0.134032
  C      -1.833037     -0.135464     -0.360524
  C      -1.647652     -1.494930     -0.264456
  C      -0.423659     -2.079969      0.014267
  C       0.757435     -1.174543      0.162804
  C       0.592283      0.125139      0.102498
  H      -2.804148      0.287669     -0.628513
  H      -2.503065     -2.143907     -0.447518
  H      -0.280612     -3.159825      0.055360
  H       1.726313     -1.712418      0.142456
  H       3.666758      0.231437      4.341893
  N      -0.897545      2.084683     -0.300264
  H      -1.791733      2.461716     -0.579254
  H      -0.071336      2.681100     -0.238228
  N       1.770138      0.903677     -0.435185
  O       1.730050      2.141644     -0.526097
  O       2.694705      0.232033     -0.905208
17
Coordinates from ORCA-job neb_ts_prod_MEP_ALL E -491.636928106460
  C      -0.808747      0.762107     -0.314276
  C      -1.921504     -0.160867     -0.557175
  C      -1.716371     -1.510790     -0.378801
  C      -0.493286     -2.045045     -0.002217
  C       0.636532     -1.107161      0.214946
  C       0.449678      0.190634      0.065267
  H      -2.887871      0.228241     -0.882635
  H      -2.550678     -2.187352     -0.558041
  H      -0.330134     -3.117650      0.108299
  H       1.611526     -1.590969      0.386940
  H       5.260470     -0.186152      5.236800
  N      -1.035106      2.080244     -0.561959
  H      -1.921624      2.423043     -0.892707
  H      -0.227166      2.699032     -0.461380
  N       1.663325      0.981781     -0.319646
  O       1.594991      2.211799     -0.489929
  O       2.675965      0.329106     -0.593487
17
Coordinates from ORCA-job neb_ts_prod_MEP_ALL E -491.651064023751
  C      -0.930334      0.767714     -0.489882
  C      -2.006821     -0.179895     -0.717465
  C      -1.797007     -1.521113     -0.476597
  C      -0.563861     -2.009699     -0.033951
  C       0.516816     -1.075921      0.194124
  C       0.326334      0.246549     -0.016033
  H      -2.972861      0.181559     -1.082211
  H      -2.616367     -2.217102     -0.645793
  H      -0.401895     -3.078580      0.132742
  H       1.490848     -1.493379      0.486768
  H       6.893090     -0.532565      6.393866
  N      -1.151383      2.064001     -0.783946
  H      -2.040734      2.386050     -1.147346
  H      -0.362371      2.705837     -0.671258
  N       1.554640      1.052443     -0.277663
  O       1.452675      2.264736     -0.512274
  O       2.609234      0.439365     -0.353080
17
Coordinates from ORCA-job neb_ts_prod_MEP_ALL E -491.655420873148
  C      -1.035861      0.768573     -0.642111
  C      -2.095972     -0.195711     -0.854230
  C      -1.882438     -1.526486     -0.562080
  C      -0.651539     -1.983831     -0.076389
  C       0.410430     -1.038146      0.141380
  C       0.213839      0.279017     -0.118815
  H      -3.058090      0.146078     -1.246784
  H      -2.693055     -2.236218     -0.721107
  H      -0.486067     -3.043221      0.137224
  H       1.379794     -1.420274      0.491049
  H       8.534315     -0.835018      7.678989
  N      -1.261078      2.052750     -0.975929
  H      -2.149576      2.354323     -1.359148
  H      -0.482892      2.707419     -0.858840
  N       1.434492      1.113418     -0.276072
  O       1.313754      2.313872     -0.558885
  O       2.509943      0.543456     -0.198254
17
Coordinates from ORCA-job neb_ts_prod_MEP_ALL E -491.659138781478
  C      -1.135687      0.768440     -0.785727
  C      -2.182030     -0.209773     -0.980535
  C      -1.967655     -1.529841     -0.642847
  C      -0.739714     -1.958403     -0.119394
  C       0.308039     -1.004828      0.082546
  C       0.109101      0.306901     -0.225241
  H      -3.139312      0.114175     -1.398433
  H      -2.770542     -2.251288     -0.792462
  H      -0.572771     -3.008003      0.135577
  H       1.273589     -1.353922      0.471276
  H      10.147200     -1.122112      8.968470
  N      -1.363078      2.040609     -1.153167
  H      -2.250314      2.323891     -1.553731
  H      -0.593779      2.706158     -1.035058
  N       1.311663      1.171631     -0.287980
  O       1.176514      2.360485     -0.608120
  O       2.388776      0.645881     -0.075172
17
Coordinates from ORCA-job neb_ts_prod_MEP_ALL E -491.662106061997
  C      -1.232477      0.767263     -0.927546
  C      -2.265968     -0.223747     -1.104355
  C      -2.052583     -1.532103     -0.723197
  C      -0.828675     -1.931698     -0.162454
  C       0.206229     -0.972404      0.023381
  C       0.008429      0.332541     -0.335877
  H      -3.217314      0.082593     -1.547480
  H      -2.847879     -2.264553     -0.863933
  H      -0.661593     -2.970639      0.131651
  H       1.166594     -1.287123      0.447164
  H      11.765390     -1.408091     10.267778
  N      -1.460619      2.026632     -1.325986
  H      -2.345834      2.292243     -1.743923
  H      -0.699633      2.702348     -1.207780
  N       1.183424      1.230142     -0.305207
  O       1.036082      2.406737     -0.657485
  O       2.246429      0.749861      0.035251
17
Coordinates from ORCA-job neb_ts_prod_MEP_ALL E -491.663944412254
  C      -1.326680      0.765378     -1.067420
  C      -2.347410     -0.237891     -1.227673
  C      -2.136972     -1.533341     -0.804107
  C      -0.918153     -1.903284     -0.206359
  C       0.103768     -0.939677     -0.034529
  C      -0.089648      0.357497     -0.447050
  H      -3.291949      0.050871     -1.695696
  H      -2.924816     -2.276346     -0.936338
  H      -0.752285     -2.930587      0.125566
  H       1.057286     -1.218406      0.421995
  H      13.394737     -1.695015     11.578848
  N      -1.554097      2.010436     -1.495982
  H      -2.436492      2.258794     -1.931853
  H      -0.801816      2.696514     -1.376793
  N       1.049194      1.289365     -0.325767
  O       0.891059      2.452350     -0.707896
  O       2.084273      0.853341      0.131051
17
Coordinates from ORCA-job neb_ts_prod_MEP_ALL E -491.664616767535
  C      -1.418521      0.762984     -1.204423
  C      -2.426195     -0.252332     -1.351253
  C      -2.220510     -1.533484     -0.886071
  C      -1.007936     -1.873499     -0.252032
  C       0.000205     -0.906211     -0.091012
  C      -0.188222      0.383968     -0.551388
  H      -3.363258      0.018933     -1.843344
  H      -3.001312     -2.286798     -1.009851
  H      -0.844720     -2.888102      0.116872
  H       0.945423     -1.147770      0.396190
  H      15.034563     -1.982908     12.901064
  N      -1.643875      1.992027     -1.663208
  H      -2.522434      2.223615     -2.117797
  H      -0.901383      2.689370     -1.540595
  N       0.908783      1.348902     -0.349850
  O       0.741718      2.496568     -0.760935
  O       1.907675      0.954737      0.207632
17
Coordinates from ORCA-job neb_ts_prod_MEP_ALL E -491.827254182884
  C      -0.555126      0.770323      0.085422
  C      -1.679577     -0.092157     -0.061479
  C      -1.513384     -1.451813     -0.080328
  C      -0.220334     -2.085322      0.046599
  C       0.888358     -1.334817      0.207193
  C       0.804242      0.148617      0.346626
  H      -2.668366      0.352374     -0.195553
  H      -2.393196     -2.086414     -0.220895
  H      -0.153147     -3.173650     -0.004413
  H       1.882725     -1.776952      0.287861
  H       1.064042      0.398571      1.395834
  N      -0.680190      2.076223      0.056651
  H      -1.588999      2.508874     -0.099391
  H       0.160014      2.662449      0.069842
  N       1.948879      0.856983     -0.446801
  O       1.928095      2.074503     -0.431844
  O       2.775965      0.152208     -0.955325
17
Coordinates from ORCA-job neb_ts_prod_MEP_ALL E -491.634685252833
  C      -0.553674      0.741911      0.028247
  C      -1.736987     -0.123604     -0.148103
  C      -1.574976     -1.471193     -0.141853
  C      -0.339908     -2.105371      0.004672
  C       0.875057     -1.223577      0.099007
  C       0.733789      0.060656      0.101323
  H      -2.715142      0.336833     -0.328009
  H      -2.451344     -2.100609     -0.302155
  H      -0.225496     -3.188194     -0.012209
  H       1.824751     -1.795816     -0.015822
  H       2.037454      0.553197      3.341875
  N      -0.746218      2.075201     -0.066365
  H      -1.658277      2.485781     -0.247488
  H       0.091890      2.657441     -0.082826
  N       1.874392      0.848806     -0.524049
  O       1.828342      2.085727     -0.620904
  O       2.736347      0.162811     -1.085340
17
Coordinates from ORCA-job neb_ts_prod_MEP_ALL E -491.629625340341
  C      -0.705056      0.757999     -0.140543
  C      -1.821798     -0.128725     -0.354702
  C      -1.656820     -1.499551     -0.265463
  C      -0.403184     -2.064027      0.020050
  C       0.745180     -1.227531      0.161282
  C       0.596562      0.161989      0.088863
  H      -2.803865      0.288502     -0.625860
  H      -2.504561     -2.144488     -0.446953
  H      -0.280837     -3.160049      0.055063
  H       1.724288     -1.705468      0.142213
  H       3.665458      0.231314      4.338744
  N      -0.886573      2.070214     -0.293784
  H      -1.794362      2.461680     -0.577980
  H      -0.070176      2.683380     -0.237952
  N       1.785951      0.905217     -0.444882
  O       1.726224      2.130903     -0.520573
  O       2.683569      0.238640     -0.897523
17
Coordinates from ORCA-job neb_ts_prod_MEP_ALL E -491.637164672259
  C      -0.827464      0.768574     -0.319879
  C      -1.910130     -0.154602     -0.548731
  C      -1.723631     -1.514396     -0.378956
  C      -0.474732     -2.030326      0.005141
  C       0.627106     -1.154918      0.215205
  C       0.457100      0.220781      0.052815
  H      -2.886895      0.229845     -0.877724
  H      -2.551333     -2.187575     -0.556764
  H      -0.329671     -3.118254      0.107367
  H       1.611879     -1.587148      0.382069
  H       5.239896     -0.181171      5.222757
  N      -1.021872      2.066726     -0.550884
  H      -1.923721      2.423907     -0.888620
  H      -0.224749      2.700699     -0.458445
  N       1.681327      0.983339     -0.328737
  O       1.592669      2.200229     -0.484758
  O       2.664220      0.334291     -0.591858
17
Coordinates from ORCA-job neb_ts_prod_MEP_ALL E -491.650757211618
  C      -0.937388      0.771428     -0.489309
  C      -1.999266     -0.176635     -0.708792
  C      -1.798767     -1.522394     -0.474756
  C      -0.552711     -2.001874     -0.027793
  C       0.513820     -1.100837      0.196735
  C       0.334368      0.259066     -0.024595
  H      -2.969859      0.183336     -1.075125
  H      -2.615506     -2.217247     -0.643475
  H      -0.399858     -3.078889      0.131783
  H       1.493343     -1.492682      0.481707
  H       6.845737     -0.522766      6.357838
  N      -1.142643      2.057323     -0.772638
  H      -2.038515      2.386736     -1.139562
  H      -0.357926      2.706685     -0.665084
  N       1.566633      1.052924     -0.281935
  O       1.453882      2.256533     -0.507521
  O       2.604654      0.439293     -0.357478
17
Coordinates from ORCA-job neb_ts_prod_MEP_ALL E -491.655442026286
  C      -1.043506      0.772268     -0.644533
  C      -2.090966     -0.193382     -0.849514
  C      -1.884951     -1.527844     -0.562136
  C      -0.643426     -1.976602     -0.071700
  C       0.406618     -1.058507      0.144729
  C       0.218961      0.290237     -0.127022
  H      -3.056733      0.146717     -1.244149
  H      -2.693026     -2.236921     -0.720474
  H      -0.485191     -3.042966      0.137007
  H       1.379795     -1.418019      0.488919
  H       8.517591     -0.831964      7.663594
  N      -1.255566      2.046646     -0.969664
  H      -2.149539      2.354260     -1.356838
  H      -0.481187      2.708235     -0.856945
  N       1.443232      1.115871     -0.277825
  O       1.312673      2.307165     -0.554993
  O       2.505221      0.544806     -0.198458
17
Coordinates from ORCA-job neb_ts_prod_MEP_ALL E -491.659162860741
  C      -1.141676      0.771740     -0.787774
  C      -2.178273     -0.208042     -0.976966
  C      -1.969667     -1.530920     -0.642916
  C      -0.733551     -1.952668     -0.115955
  C       0.305301     -1.020629      0.085888
  C       0.113111      0.315585     -0.231813
  H      -3.138355      0.114628     -1.396451
  H      -2.770539     -2.251899     -0.791895
  H      -0.572062     -3.007811      0.135440
  H       1.273353     -1.352069      0.469584
  H      10.135151     -1.119927      8.956275
  N      -1.358903      2.035540     -1.148156
  H      -2.250482      2.323823     -1.552103
  H      -0.592537      2.706817     -1.033676
  N       1.318613      1.174395     -0.288624
  O       1.175546      2.354690     -0.605122
  O       2.384969      0.646747     -0.075736
17
Coordinates from ORCA-job neb_ts_prod_MEP_ALL E -491.662034723534
  C      -1.236531      0.769831     -0.928901
  C      -2.263404     -0.222596     -1.101830
  C      -2.053944     -1.532826     -0.723076
  C      -0.824397     -1.927688     -0.160241
  C       0.204495     -0.983296      0.026102
  C       0.011247      0.338540     -0.340321
  H      -3.216719      0.082921     -1.545880
  H      -2.847889     -2.265012     -0.863349
  H      -0.661028     -2.970545      0.131582
  H       1.166418     -1.285894      0.445873
  H      11.756570     -1.406449     10.257832
  N      -1.457738      2.022834     -1.322197
  H      -2.346063      2.292244     -1.742611
  H      -0.698747      2.702847     -1.206656
  N       1.188388      1.232587     -0.305113
  O       1.035462      2.402235     -0.655471
  O       2.243881      0.750267      0.034258
17
Coordinates from ORCA-job neb_ts_prod_MEP_ALL E -491.663884972020
  C      -1.328672      0.766806     -1.068015
  C      -2.346132     -0.237319     -1.226191
  C      -2.137634     -1.533670     -0.803805
  C      -0.915894     -1.901224     -0.205256
  C       0.102976     -0.945274     -0.033014
  C      -0.088213      0.360636     -0.449057
  H      -3.291729      0.051070     -1.694512
  H      -2.924852     -2.276613     -0.935782
  H      -0.751902     -2.930577      0.125573
  H       1.057291     -1.217849      0.421244
  H      13.389716     -1.694008     11.571598
  N      -1.552667      2.008346     -1.493702
  H      -2.436721      2.258853     -1.930841
  H      -0.801355      2.696825     -1.375981
  N       1.051750      1.290868     -0.325534
  O       0.890865      2.449769     -0.706860
  O       2.083173      0.853361      0.130137
17
Coordinates from ORCA-job neb_ts_prod_MEP_ALL E -491.664616767535
  C      -1.418692      0.763000     -1.204211
  C      -2.426381     -0.252318     -1.350921
  C      -2.220626     -1.533478     -0.885791
  C      -1.007962     -1.873498     -0.251927
  C       0.000196     -0.906209     -0.091029
  C      -0.188300      0.383978     -0.551355
  H      -3.363515      0.018953     -1.842876
  H      -3.001442     -2.286792     -1.009477
  H      -0.844690     -2.888108      0.116934
  H       0.945483     -1.147774      0.396037
  H      15.036364     -1.983085     12.898937
  N      -1.644115      1.992051     -1.662942
  H      -2.522739      2.223644     -2.117404
  H      -0.901610      2.689395     -1.540418
  N       0.908729      1.348912     -0.349951
  O       0.741601      2.496586     -0.760990
  O       1.907700      0.954741      0.207386
17
Coordinates from ORCA-job neb_ts_prod_MEP_ALL E -491.827254182884
  C      -0.555126      0.770323      0.085422
  C      -1.679577     -0.092157     -0.061479
  C      -1.513384     -1.451813     -0.080328
  C      -0.220334     -2.085322      0.046599
  C       0.888358     -1.334817      0.207193
  C       0.804242      0.148617      0.346626
  H      -2.668366      0.352374     -0.195553
  H      -2.393196     -2.086414     -0.220895
  H      -0.153147     -3.173650     -0.004413
  H       1.882725     -1.776952      0.287861
  H       1.064042      0.398571      1.395834
  N      -0.680190      2.076223      0.056651
  H      -1.588999      2.508874     -0.099391
  H       0.160014      2.662449      0.069842
  N       1.948879      0.856983     -0.446801
  O       1.928095      2.074503     -0.431844
  O       2.775965      0.152208     -0.955325
17
Coordinates from ORCA-job neb_ts_prod_MEP_ALL E -491.634685252833
  C      -0.543169      0.738248      0.030474
  C      -1.739004     -0.127594     -0.147536
  C      -1.575823     -1.472131     -0.141150
  C      -0.351954     -2.106745      0.003729
  C       0.882580     -1.198263      0.107919
  C       0.727369      0.044945      0.076360
  H      -2.715857      0.337031     -0.328323
  H      -2.451762     -2.100696     -0.302367
  H      -0.225793     -3.188009     -0.013109
  H       1.824523     -1.793912     -0.015118
  H       2.049232      0.549691      3.344458
  N      -0.746852      2.077398     -0.066870
  H      -1.659464      2.485165     -0.249160
  H       0.091645      2.657390     -0.083034
  N       1.873959      0.847753     -0.507336
  O       1.825212      2.088372     -0.621845
  O       2.735158      0.161357     -1.087093
17
Coordinates from ORCA-job neb_ts_prod_MEP_ALL E -491.629625340341
  C      -0.725092      0.764010     -0.146968
  C      -1.810505     -0.122013     -0.348749
  C      -1.665912     -1.504164     -0.266324
  C      -0.382668     -2.048128      0.025922
  C       0.733019     -1.280441      0.159788
  C       0.600942      0.198713      0.075233
  H      -2.803510      0.289330     -0.623047
  H      -2.506008     -2.145070     -0.446216
  H      -0.281012     -3.160292      0.054872
  H       1.722350     -1.698582      0.141934
  H       3.662922      0.231682      4.334925
  N      -0.875519      2.055749     -0.287245
  H      -1.796887      2.461626     -0.576607
  H      -0.068905      2.685629     -0.237675
  N       1.801814      0.906693     -0.454656
  O       1.722483      2.120116     -0.515191
  O       2.672488      0.245142     -0.889998
17
Coordinates from ORCA-job neb_ts_prod_MEP_ALL E -491.637164672259
  C      -0.846167      0.775015     -0.325504
  C      -1.898751     -0.148371     -0.540289
  C      -1.730880     -1.518024     -0.379048
  C      -0.456151     -2.015611      0.012576
  C       0.617672     -1.202661      0.215498
  C       0.464521      0.250927      0.040351
  H      -2.885905      0.231398     -0.872827
  H      -2.551976     -2.187835     -0.555404
  H      -0.329192     -3.118853      0.106566
  H       1.612239     -1.583298      0.377279
  H       5.219230     -0.175926      5.208727
  N      -1.008655      2.053184     -0.539908
  H      -1.925805      2.424718     -0.884630
  H      -0.222331      2.702347     -0.455619
  N       1.699312      0.984882     -0.337875
  O       1.590345      2.188650     -0.479670
  O       2.652493      0.339457     -0.590223
17
Coordinates from ORCA-job neb_ts_prod_MEP_ALL E -491.654543380733
  C      -0.940318      0.773578     -0.486965
  C      -1.993782     -0.174847     -0.700319
  C      -1.798810     -1.522125     -0.472153
  C      -0.544251     -1.997595     -0.022181
  C       0.512507     -1.116745      0.198398
  C       0.342082      0.264985     -0.031634
  H      -2.966226      0.185097     -1.067277
  H      -2.614655     -2.217530     -0.640859
  H      -0.397642     -3.078688      0.130813
  H       1.496727     -1.493002      0.476735
  H       6.793817     -0.511733      6.318618
  N      -1.136255      2.053871     -0.762253
  H      -2.034709      2.387098     -1.130579
  H      -0.353074      2.707098     -0.658292
  N       1.574898      1.052348     -0.285904
  O       1.455988      2.250847     -0.503350
  O       2.603705      0.437341     -0.362799
17
Coordinates from ORCA-job neb_ts_prod_MEP_ALL E -491.658137881518
  C      -1.047870      0.774403     -0.645765
  C      -2.088025     -0.192389     -0.845478
  C      -1.886224     -1.527875     -0.561853
  C      -0.637965     -1.972472     -0.067525
  C       0.403854     -1.070735      0.146942
  C       0.223419      0.295846     -0.134082
  H      -3.055117      0.147187     -1.241480
  H      -2.693230     -2.237844     -0.719850
  H      -0.484419     -3.042142      0.136839
  H       1.380221     -1.416358      0.487169
  H       8.502301     -0.828871      7.649310
  N      -1.252518      2.043486     -0.965094
  H      -2.148477      2.353796     -1.354276
  H      -0.479603      2.708651     -0.855202
  N       1.448411      1.117185     -0.279459
  O       1.311877      2.303093     -0.551815
  O       2.503364      0.545039     -0.198382
17
Coordinates from ORCA-job neb_ts_prod_MEP_ALL E -491.660836179906
  C      -1.145140      0.773637     -0.788812
  C      -2.176122     -0.207327     -0.973935
  C      -1.970750     -1.530973     -0.642745
  C      -0.729476     -1.949402     -0.112842
  C       0.303292     -1.030064      0.088124
  C       0.116603      0.319946     -0.237428
  H      -3.137226      0.114932     -1.394464
  H      -2.770742     -2.252689     -0.791329
  H      -0.571470     -3.007169      0.135344
  H       1.273469     -1.350661      0.468221
  H      10.124706     -1.117694      8.945286
  N      -1.356699      2.032927     -1.144653
  H      -2.249851      2.323422     -1.550300
  H      -0.591453      2.707117     -1.032478
  N       1.322750      1.175923     -0.289397
  O       1.174735      2.351206     -0.602791
  O       2.383374      0.646872     -0.075800
17
Coordinates from ORCA-job neb_ts_prod_MEP_ALL E -491.662851832200
  C      -1.238868      0.771281     -0.929494
  C      -2.261943     -0.222138     -1.099670
  C      -2.054699     -1.532855     -0.722800
  C      -0.821584     -1.925431     -0.158184
  C       0.203246     -0.989790      0.027926
  C       0.013717      0.341587     -0.344060
  H      -3.216021      0.083126     -1.544283
  H      -2.848051     -2.265598     -0.862738
  H      -0.660564     -2.970133      0.131561
  H       1.166487     -1.284951      0.444835
  H      11.749147     -1.404685     10.248891
  N      -1.456251      2.020866     -1.319595
  H      -2.345729      2.291983     -1.741193
  H      -0.698019      2.703049     -1.205712
  N       1.191382      1.233935     -0.305273
  O       1.034902      2.399511     -0.654009
  O       2.242848      0.750241      0.033798
17
Coordinates from ORCA-job neb_ts_prod_MEP_ALL E -491.664100150971
  C      -1.329822      0.767577     -1.068196
  C      -2.345421     -0.237112     -1.224894
  C      -2.138024     -1.533669     -0.803416
  C      -0.914409     -1.900087     -0.204182
  C       0.102434     -0.948622     -0.032005
  C      -0.086963      0.362279     -0.450705
  H      -3.291477      0.051171     -1.693337
  H      -2.924975     -2.276952     -0.935168
  H      -0.751589     -2.930393      0.125650
  H       1.057403     -1.217413      0.420638
  H      13.385742     -1.692775     11.565043
  N      -1.551968      2.007244     -1.492139
  H      -2.436673      2.258736     -1.929818
  H      -0.801017      2.696934     -1.375331
  N       1.053318      1.291670     -0.325508
  O       0.890654      2.448193     -0.706197
  O       2.082789      0.853219      0.129567
17
Coordinates from ORCA-job neb_ts_prod_MEP_ALL E -491.664616767535
  C      -1.418874      0.762976     -1.204013
  C      -2.426581     -0.252348     -1.350557
  C      -2.220751     -1.533500     -0.885439
  C      -1.007992     -1.873506     -0.251749
  C       0.000186     -0.906211     -0.091015
  C      -0.188384      0.383969     -0.551332
  H      -3.363788      0.018911     -1.842378
  H      -3.001582     -2.286820     -1.008997
  H      -0.844661     -2.888110      0.117103
  H       0.945547     -1.147764      0.395914
  H      15.038286     -1.982828     12.896736
  N      -1.644370      1.992019     -1.662728
  H      -2.523062      2.223602     -2.117064
  H      -0.901849      2.689368     -1.540325
  N       0.908671      1.348911     -0.350106
  O       0.741478      2.496578     -0.761138
  O       1.907727      0.954752      0.207088
