17
Coordinates from ORCA-job neb_ts_prod_MEP E -491.827254182884
  C      -0.555126      0.770323      0.085422
  C      -1.679577     -0.092157     -0.061479
  C      -1.513384     -1.451813     -0.080328
  C      -0.220334     -2.085322      0.046599
  C       0.888358     -1.334817      0.207193
  C       0.804242      0.148617      0.346626
  H      -2.668366      0.352374     -0.195553
  H      -2.393196     -2.086414     -0.220895
  H      -0.153147     -3.173650     -0.004413
  H       1.882725     -1.776952      0.287861
  H       1.064042      0.398571      1.395834
  N      -0.680190      2.076223      0.056651
  H      -1.588999      2.508874     -0.099391
  H       0.160014      2.662449      0.069842
  N       1.948879      0.856983     -0.446801
  O       1.928095      2.074503     -0.431844
  O       2.775965      0.152208     -0.955325
17
Coordinates from ORCA-job neb_ts_prod_MEP E -491.634685252833
  C      -0.543169      0.738248      0.030474
  C      -1.739004     -0.127594     -0.147536
  C      -1.575823     -1.472131     -0.141150
  C      -0.351954     -2.106745      0.003729
  C       0.882580     -1.198263      0.107919
  C       0.727369      0.044945      0.076360
  H      -2.715857      0.337031     -0.328323
  H      -2.451762     -2.100696     -0.302367
  H      -0.225793     -3.188009     -0.013109
  H       1.824523     -1.793912     -0.015118
  H       2.049232      0.549691      3.344458
  N      -0.746852      2.077398     -0.066870
  H      -1.659464      2.485165     -0.249160
  H       0.091645      2.657390     -0.083034
  N       1.873959      0.847753     -0.507336
  O       1.825212      2.088372     -0.621845
  O       2.735158      0.161357     -1.087093
17
Coordinates from ORCA-job neb_ts_prod_MEP E -491.629625340341
  C      -0.725092      0.764010     -0.146968
  C      -1.810505     -0.122013     -0.348749
  C      -1.665912     -1.504164     -0.266324
  C      -0.382668     -2.048128      0.025922
  C       0.733019     -1.280441      0.159788
  C       0.600942      0.198713      0.075233
  H      -2.803510      0.289330     -0.623047
  H      -2.506008     -2.145070     -0.446216
  H      -0.281012     -3.160292      0.054872
  H       1.722350     -1.698582      0.141934
  H       3.662922      0.231682      4.334925
  N      -0.875519      2.055749     -0.287245
  H      -1.796887      2.461626     -0.576607
  H      -0.068905      2.685629     -0.237675
  N       1.801814      0.906693     -0.454656
  O       1.722483      2.120116     -0.515191
  O       2.672488      0.245142     -0.889998
17
Coordinates from ORCA-job neb_ts_prod_MEP E -491.637164672259
  C      -0.846167      0.775015     -0.325504
  C      -1.898751     -0.148371     -0.540289
  C      -1.730880     -1.518024     -0.379048
  C      -0.456151     -2.015611      0.012576
  C       0.617672     -1.202661      0.215498
  C       0.464521      0.250927      0.040351
  H      -2.885905      0.231398     -0.872827
  H      -2.551976     -2.187835     -0.555404
  H      -0.329192     -3.118853      0.106566
  H       1.612239     -1.583298      0.377279
  H       5.219230     -0.175926      5.208727
  N      -1.008655      2.053184     -0.539908
  H      -1.925805      2.424718     -0.884630
  H      -0.222331      2.702347     -0.455619
  N       1.699312      0.984882     -0.337875
  O       1.590345      2.188650     -0.479670
  O       2.652493      0.339457     -0.590223
17
Coordinates from ORCA-job neb_ts_prod_MEP E -491.654543380733
  C      -0.940318      0.773578     -0.486965
  C      -1.993782     -0.174847     -0.700319
  C      -1.798810     -1.522125     -0.472153
  C      -0.544251     -1.997595     -0.022181
  C       0.512507     -1.116745      0.198398
  C       0.342082      0.264985     -0.031634
  H      -2.966226      0.185097     -1.067277
  H      -2.614655     -2.217530     -0.640859
  H      -0.397642     -3.078688      0.130813
  H       1.496727     -1.493002      0.476735
  H       6.793817     -0.511733      6.318618
  N      -1.136255      2.053871     -0.762253
  H      -2.034709      2.387098     -1.130579
  H      -0.353074      2.707098     -0.658292
  N       1.574898      1.052348     -0.285904
  O       1.455988      2.250847     -0.503350
  O       2.603705      0.437341     -0.362799
17
Coordinates from ORCA-job neb_ts_prod_MEP E -491.658137881518
  C      -1.047870      0.774403     -0.645765
  C      -2.088025     -0.192389     -0.845478
  C      -1.886224     -1.527875     -0.561853
  C      -0.637965     -1.972472     -0.067525
  C       0.403854     -1.070735      0.146942
  C       0.223419      0.295846     -0.134082
  H      -3.055117      0.147187     -1.241480
  H      -2.693230     -2.237844     -0.719850
  H      -0.484419     -3.042142      0.136839
  H       1.380221     -1.416358      0.487169
  H       8.502301     -0.828871      7.649310
  N      -1.252518      2.043486     -0.965094
  H      -2.148477      2.353796     -1.354276
  H      -0.479603      2.708651     -0.855202
  N       1.448411      1.117185     -0.279459
  O       1.311877      2.303093     -0.551815
  O       2.503364      0.545039     -0.198382
17
Coordinates from ORCA-job neb_ts_prod_MEP E -491.660836179906
  C      -1.145140      0.773637     -0.788812
  C      -2.176122     -0.207327     -0.973935
  C      -1.970750     -1.530973     -0.642745
  C      -0.729476     -1.949402     -0.112842
  C       0.303292     -1.030064      0.088124
  C       0.116603      0.319946     -0.237428
  H      -3.137226      0.114932     -1.394464
  H      -2.770742     -2.252689     -0.791329
  H      -0.571470     -3.007169      0.135344
  H       1.273469     -1.350661      0.468221
  H      10.124706     -1.117694      8.945286
  N      -1.356699      2.032927     -1.144653
  H      -2.249851      2.323422     -1.550300
  H      -0.591453      2.707117     -1.032478
  N       1.322750      1.175923     -0.289397
  O       1.174735      2.351206     -0.602791
  O       2.383374      0.646872     -0.075800
17
Coordinates from ORCA-job neb_ts_prod_MEP E -491.662851832200
  C      -1.238868      0.771281     -0.929494
  C      -2.261943     -0.222138     -1.099670
  C      -2.054699     -1.532855     -0.722800
  C      -0.821584     -1.925431     -0.158184
  C       0.203246     -0.989790      0.027926
  C       0.013717      0.341587     -0.344060
  H      -3.216021      0.083126     -1.544283
  H      -2.848051     -2.265598     -0.862738
  H      -0.660564     -2.970133      0.131561
  H       1.166487     -1.284951      0.444835
  H      11.749147     -1.404685     10.248891
  N      -1.456251      2.020866     -1.319595
  H      -2.345729      2.291983     -1.741193
  H      -0.698019      2.703049     -1.205712
  N       1.191382      1.233935     -0.305273
  O       1.034902      2.399511     -0.654009
  O       2.242848      0.750241      0.033798
17
Coordinates from ORCA-job neb_ts_prod_MEP E -491.664100150971
  C      -1.329822      0.767577     -1.068196
  C      -2.345421     -0.237112     -1.224894
  C      -2.138024     -1.533669     -0.803416
  C      -0.914409     -1.900087     -0.204182
  C       0.102434     -0.948622     -0.032005
  C      -0.086963      0.362279     -0.450705
  H      -3.291477      0.051171     -1.693337
  H      -2.924975     -2.276952     -0.935168
  H      -0.751589     -2.930393      0.125650
  H       1.057403     -1.217413      0.420638
  H      13.385742     -1.692775     11.565043
  N      -1.551968      2.007244     -1.492139
  H      -2.436673      2.258736     -1.929818
  H      -0.801017      2.696934     -1.375331
  N       1.053318      1.291670     -0.325508
  O       0.890654      2.448193     -0.706197
  O       2.082789      0.853219      0.129567
17
Coordinates from ORCA-job neb_ts_prod_MEP E -491.664616767535
  C      -1.418874      0.762976     -1.204013
  C      -2.426581     -0.252348     -1.350557
  C      -2.220751     -1.533500     -0.885439
  C      -1.007992     -1.873506     -0.251749
  C       0.000186     -0.906211     -0.091015
  C      -0.188384      0.383969     -0.551332
  H      -3.363788      0.018911     -1.842378
  H      -3.001582     -2.286820     -1.008997
  H      -0.844661     -2.888110      0.117103
  H       0.945547     -1.147764      0.395914
  H      15.038286     -1.982828     12.896736
  N      -1.644370      1.992019     -1.662728
  H      -2.523062      2.223602     -2.117064
  H      -0.901849      2.689368     -1.540325
  N       0.908671      1.348911     -0.350106
  O       0.741478      2.496578     -0.761138
  O       1.907727      0.954752      0.207088
