17
Coordinates from ORCA-job neb_ts_prod_initial_path E   0.000000000000
  C      -0.555126      0.770323      0.085422
  C      -1.679577     -0.092157     -0.061479
  C      -1.513384     -1.451813     -0.080328
  C      -0.220334     -2.085322      0.046599
  C       0.888358     -1.334817      0.207193
  C       0.804242      0.148617      0.346626
  H      -2.668366      0.352374     -0.195553
  H      -2.393196     -2.086414     -0.220895
  H      -0.153147     -3.173650     -0.004413
  H       1.882725     -1.776952      0.287861
  H       1.064042      0.398571      1.395834
  N      -0.680190      2.076223      0.056651
  H      -1.588999      2.508874     -0.099391
  H       0.160014      2.662449      0.069842
  N       1.948879      0.856983     -0.446801
  O       1.928095      2.074503     -0.431844
  O       2.775965      0.152208     -0.955325
17
Coordinates from ORCA-job neb_ts_prod_initial_path E   0.000000000000
  C      -0.600458      0.758507      0.019893
  C      -1.726107     -0.104906     -0.148963
  C      -1.569836     -1.467170     -0.144116
  C      -0.282976     -2.099140      0.009421
  C       0.841846     -1.341496      0.057457
  C       0.765419      0.132821      0.216521
  H      -2.710485      0.336247     -0.324418
  H      -2.448353     -2.099919     -0.300329
  H      -0.223074     -3.189466     -0.008217
  H       1.827339     -1.805451     -0.019351
  H       1.958802      0.574886      3.317871
  N      -0.741401      2.064827     -0.061885
  H      -1.651090      2.488779     -0.237052
  H       0.095021      2.657384     -0.080444
  N       1.877574      0.852726     -0.602069
  O       1.844593      2.072580     -0.616879
  O       2.743186      0.168790     -1.077440
17
Coordinates from ORCA-job neb_ts_prod_initial_path E   0.000000000000
  C      -0.735445      0.770878     -0.160139
  C      -1.827146     -0.126909     -0.368322
  C      -1.650524     -1.483683     -0.272047
  C      -0.372032     -2.072242      0.017312
  C       0.725269     -1.274300      0.146250
  C       0.604851      0.189669      0.198750
  H      -2.802506      0.285237     -0.637614
  H      -2.501779     -2.145909     -0.452264
  H      -0.280560     -3.159647      0.059509
  H       1.723327     -1.716313      0.143169
  H       3.662435      0.234012      4.352117
  N      -0.894545      2.070600     -0.304163
  H      -1.791842      2.461596     -0.584747
  H      -0.074235      2.682041     -0.241158
  N       1.792584      0.914583     -0.475786
  O       1.730430      2.133821     -0.522524
  O       2.691719      0.236567     -0.898345
17
Coordinates from ORCA-job neb_ts_prod_initial_path E   0.000000000000
  C      -0.857306      0.776552     -0.366192
  C      -1.920695     -0.155749     -0.572788
  C      -1.723107     -1.501471     -0.389890
  C      -0.451828     -2.035700     -0.000939
  C       0.607227     -1.192414      0.193488
  C       0.440807      0.253869      0.156121
  H      -2.890340      0.223021     -0.903979
  H      -2.551789     -2.191632     -0.568640
  H      -0.332867     -3.114808      0.114084
  H       1.601693     -1.585004      0.408131
  H       5.344003     -0.207228      5.299051
  N      -1.037015      2.065774     -0.575643
  H      -1.929083      2.420263     -0.913582
  H      -0.238741      2.700977     -0.476669
  N       1.683585      0.996476     -0.349142
  O       1.588423      2.207477     -0.483881
  O       2.667031      0.339596     -0.569531
17
Coordinates from ORCA-job neb_ts_prod_initial_path E   0.000000000000
  C      -0.961718      0.775644     -0.537958
  C      -2.010711     -0.177594     -0.731503
  C      -1.802919     -1.512796     -0.485675
  C      -0.538873     -2.005694     -0.036256
  C       0.503934     -1.134743      0.168656
  C       0.307741      0.291679      0.059833
  H      -2.976048      0.177328     -1.099751
  H      -2.619001     -2.219846     -0.655132
  H      -0.406060     -3.075571      0.135513
  H       1.480236     -1.488610      0.502053
  H       6.986801     -0.551675      6.478656
  N      -1.156787      2.055421     -0.797048
  H      -2.047005      2.383530     -1.164262
  H      -0.372980      2.706479     -0.685758
  N       1.565845      1.063136     -0.311432
  O       1.446608      2.264543     -0.508103
  O       2.600934      0.448771     -0.331832
17
Coordinates from ORCA-job neb_ts_prod_initial_path E   0.000000000000
  C      -1.059089      0.774355     -0.683437
  C      -2.098825     -0.193635     -0.864069
  C      -1.887430     -1.519391     -0.569385
  C      -0.631171     -1.980351     -0.078154
  C       0.404427     -1.088669      0.117929
  C       0.194227      0.316401     -0.054700
  H      -3.060008      0.143346     -1.259173
  H      -2.695233     -2.237921     -0.728725
  H      -0.489631     -3.041036      0.138094
  H       1.371520     -1.417815      0.499960
  H       8.602551     -0.847025      7.753180
  N      -1.264339      2.045476     -0.983872
  H      -2.153596      2.352834     -1.370079
  H      -0.490440      2.707798     -0.868822
  N       1.446788      1.121088     -0.311342
  O       1.309513      2.313472     -0.553770
  O       2.500736      0.551074     -0.183637
17
Coordinates from ORCA-job neb_ts_prod_initial_path E   0.000000000000
  C      -1.153550      0.772720     -0.819824
  C      -2.184550     -0.208572     -0.989713
  C      -1.971999     -1.524387     -0.650082
  C      -0.724830     -1.955325     -0.121048
  C       0.304613     -1.044550      0.064945
  C       0.090129      0.335863     -0.178751
  H      -3.140786      0.111765     -1.409941
  H      -2.772444     -2.252817     -0.799975
  H      -0.576141     -3.006010      0.135608
  H       1.266124     -1.351620      0.477840
  H      10.210121     -1.132823      9.042501
  N      -1.365812      2.034519     -1.160643
  H      -2.253625      2.322452     -1.564009
  H      -0.600193      2.706364     -1.044205
  N       1.323004      1.178781     -0.316621
  O       1.171673      2.360906     -0.603413
  O       2.378266      0.652736     -0.062669
17
Coordinates from ORCA-job neb_ts_prod_initial_path E   0.000000000000
  C      -1.245275      0.770466     -0.951139
  C      -2.267501     -0.223401     -1.112729
  C      -2.055530     -1.528437     -0.729883
  C      -0.818873     -1.929377     -0.164259
  C       0.203819     -0.999793      0.013560
  C      -0.005849      0.351632     -0.309773
  H      -3.217893      0.080513     -1.557748
  H      -2.848969     -2.265931     -0.870984
  H      -0.664165     -2.969044      0.130943
  H       1.160747     -1.285072      0.451631
  H      11.814112     -1.416185     10.333865
  N      -1.462367      2.021914     -1.332728
  H      -2.347912      2.290828     -1.753131
  H      -0.704301      2.702379     -1.215336
  N       1.192183      1.237016     -0.322617
  O       1.031362      2.407522     -0.654246
  O       2.236413      0.754971      0.044572
17
Coordinates from ORCA-job neb_ts_prod_initial_path E   0.000000000000
  C      -1.333289      0.767222     -1.079287
  C      -2.347357     -0.238188     -1.234183
  C      -2.137751     -1.531646     -0.809491
  C      -0.912913     -1.902151     -0.208266
  C       0.102238     -0.953474     -0.037632
  C      -0.096545      0.366420     -0.438016
  H      -3.291130      0.049273     -1.703636
  H      -2.924485     -2.277510     -0.942317
  H      -0.753374     -2.929780      0.124278
  H       1.054019     -1.217068      0.424519
  H      13.416199     -1.698242     11.626475
  N      -1.554379      2.007549     -1.500858
  H      -2.436684      2.257643     -1.938666
  H      -0.803928      2.696426     -1.381459
  N       1.053444      1.294270     -0.331921
  O       0.888074      2.452891     -0.706081
  O       2.077861      0.856364      0.136540
17
Coordinates from ORCA-job neb_ts_prod_initial_path E   0.000000000000
  C      -1.417163      0.762638     -1.206238
  C      -2.424252     -0.253034     -1.354602
  C      -2.218719     -1.534181     -0.889340
  C      -1.006884     -1.873838     -0.253701
  C       0.000671     -0.906196     -0.091153
  C      -0.187614      0.383984     -0.551584
  H      -3.360745      0.017956     -1.847929
  H      -2.999067     -2.287769     -1.014304
  H      -0.843789     -2.888438      0.115266
  H       0.945314     -1.147476      0.397300
  H      15.017681     -1.979272     12.921257
  N      -1.642354      1.991669     -1.665137
  H      -2.520379      2.222998     -2.120889
  H      -0.900294      2.689272     -1.541402
  N       0.908751      1.349299     -0.348398
  O       0.741814      2.496967     -0.759531
  O       1.907029      0.955423      0.210386
