18
Coordinates from ORCA-job meta_products_optfreq_5 E -476.283222960723
  C      -3.190193      2.586481     -0.902897
  C      -4.282438      1.779865     -1.328169
  C      -4.034289      0.655746     -2.066850
  C      -2.737688      0.272469     -2.429241
  C      -1.654807      1.068654     -2.016132
  C      -1.877478      2.200095     -1.265023
  C      -3.446209      3.814458     -0.118017
  H      -2.592033     -0.622370     -3.017558
  H      -5.300055      2.049131     -1.080869
  H      -2.532460      4.264255      0.263390
  H      -4.135227      3.615018      0.709875
  H      -3.959296      4.557769     -0.745813
  H      -1.044923      2.810693     -0.941310
  H      -0.649905      0.781256     -2.293375
  N      -5.167983     -0.205683     -2.475308
  O      -4.880532     -1.302328     -2.922633
  O      -6.288008      0.237318     -2.323619
  H     -21.983505     -0.984805      8.393586
18
Coordinates from ORCA-job meta_products_optfreq_5 E -476.283384765883
  C      -3.193573      2.586971     -0.904359
  C      -4.285035      1.779636     -1.330273
  C      -4.035677      0.655415     -2.068391
  C      -2.738573      0.272716     -2.429592
  C      -1.656458      1.069612     -2.015845
  C      -1.880354      2.201172     -1.265280
  C      -3.450893      3.815060     -0.120081
  H      -2.590491     -0.624799     -3.009114
  H      -5.301594      2.046803     -1.080850
  H      -2.535339      4.258621      0.266407
  H      -4.130522      3.615350      0.711517
  H      -3.952607      4.564102     -0.741762
  H      -1.048149      2.812881     -0.939969
  H      -0.651076      0.781281     -2.291345
  N      -5.168573     -0.206751     -2.477509
  O      -4.880168     -1.303384     -2.924248
  O      -6.288960      0.235700     -2.326883
  H     -21.968989     -0.982367      8.387617
18
Coordinates from ORCA-job meta_products_optfreq_5 E -476.283482026455
  C      -3.198542      2.587385     -0.906141
  C      -4.288624      1.778551     -1.332745
  C      -4.037193      0.654199     -2.069961
  C      -2.739269      0.272791     -2.429577
  C      -1.658510      1.071168     -2.015143
  C      -1.884499      2.202895     -1.265458
  C      -3.458103      3.815622     -0.122833
  H      -2.587357     -0.626828     -3.003573
  H      -5.304610      2.042718     -1.079487
  H      -2.538795      4.248795      0.270448
  H      -4.123961      3.615327      0.718243
  H      -3.944535      4.576720     -0.737122
  H      -1.053916      2.816841     -0.939314
  H      -0.652847      0.783019     -2.290133
  N      -5.168663     -0.209503     -2.479781
  O      -4.878524     -1.306057     -2.925592
  O      -6.289717      0.231741     -2.330587
  H     -21.949364     -0.977363      8.378797
18
Coordinates from ORCA-job meta_products_optfreq_5 E -476.283492580862
  C      -3.202878      2.586799     -0.904363
  C      -4.292750      1.777361     -1.330358
  C      -4.041097      0.653071     -2.067593
  C      -2.743153      0.272302     -2.427810
  C      -1.662604      1.071278     -2.013981
  C      -1.888812      2.202957     -1.264289
  C      -3.462690      3.814974     -0.121041
  H      -2.590765     -0.626477     -3.003784
  H      -5.308783      2.040927     -1.075884
  H      -2.542076      4.246623      0.271628
  H      -4.125175      3.614861      0.723543
  H      -3.948369      4.578905     -0.733800
  H      -1.058692      2.817513     -0.938681
  H      -0.657077      0.783587     -2.289726
  N      -5.172321     -0.211255     -2.476779
  O      -4.881833     -1.307699     -2.922631
  O      -6.293530      0.229422     -2.327076
  H     -21.884425     -0.967128      8.342663
18
Coordinates from ORCA-job meta_products_optfreq_5 E -476.283498927126
  C      -3.206649      2.586155     -0.902349
  C      -4.296553      1.776254     -1.327381
  C      -4.045076      0.652079     -2.064851
  C      -2.747289      0.271870     -2.426229
  C      -1.666715      1.071305     -2.013354
  C      -1.892740      2.202880     -1.263450
  C      -3.466290      3.814211     -0.118783
  H      -2.594975     -0.626068     -3.004029
  H      -5.312529      2.039529     -1.071861
  H      -2.544635      4.245979      0.271542
  H      -4.126295      3.614877      0.728436
  H      -3.953534      4.578917     -0.730318
  H      -1.062754      2.817832     -0.938623
  H      -0.661370      0.783983     -2.290003
  N      -5.176293     -0.212728     -2.473038
  O      -4.885732     -1.309043     -2.919159
  O      -6.297557      0.227467     -2.322331
  H     -21.820044     -0.957478      8.305819
18
Coordinates from ORCA-job meta_products_optfreq_5 E -476.283504898459
  C      -3.210054      2.585563     -0.900348
  C      -4.300211      1.775308     -1.324054
  C      -4.049266      0.651204     -2.061813
  C      -2.751795      0.271405     -2.424752
  C      -1.670978      1.071189     -2.013192
  C      -1.896460      2.202702     -1.263030
  C      -3.469141      3.813546     -0.116486
  H      -2.599883     -0.626062     -3.003589
  H      -5.315972      2.038431     -1.067328
  H      -2.546432      4.246197      0.270423
  H      -4.126527      3.615501      0.733273
  H      -3.958944      4.577998     -0.726750
  H      -1.066346      2.817954     -0.939249
  H      -0.665887      0.784116     -2.290956
  N      -5.180699     -0.213969     -2.468623
  O      -4.890326     -1.310198     -2.915081
  O      -6.301920      0.225870     -2.316569
  H     -21.756190     -0.948735      8.268163
18
Coordinates from ORCA-job meta_products_optfreq_5 E -476.283511360495
  C      -3.212916      2.585137     -0.898516
  C      -4.303706      1.774735     -1.320308
  C      -4.053881      0.650504     -2.058254
  C      -2.756974      0.270713     -2.423210
  C      -1.675544      1.070643     -2.013547
  C      -1.899885      2.202286     -1.263241
  C      -3.470813      3.813256     -0.114473
  H      -2.605955     -0.626793     -3.002169
  H      -5.319029      2.037957     -1.062012
  H      -2.546895      4.247439      0.267749
  H      -4.125021      3.617172      0.738129
  H      -3.964059      4.576550     -0.723428
  H      -1.069276      2.817671     -0.940940
  H      -0.670862      0.783541     -2.292756
  N      -5.185915     -0.214817     -2.463073
  O      -4.896195     -1.311114     -2.909787
  O      -6.306917      0.224983     -2.309297
  H     -21.693188     -0.941842      8.229174
18
Coordinates from ORCA-job meta_products_optfreq_5 E -476.283518364313
  C      -3.215026      2.585050     -0.897039
  C      -4.307006      1.774848     -1.316128
  C      -4.059148      0.650083     -2.053923
  C      -2.763144      0.269547     -2.421304
  C      -1.680553      1.069273     -2.014319
  C      -1.902899      2.201448     -1.264220
  C      -3.470821      3.813733     -0.113192
  H      -2.613697     -0.628638     -2.999408
  H      -5.321635      2.038596     -1.055916
  H      -2.545541      4.249754      0.263558
  H      -4.121392      3.620031      0.742509
  H      -3.967802      4.575231     -0.721051
  H      -1.071316      2.816688     -0.944010
  H      -0.676520      0.781655     -2.295381
  N      -5.192360     -0.215011     -2.455923
  O      -4.904000     -1.311688     -2.902585
  O      -6.312866      0.225338     -2.300116
  H     -21.631302     -0.937918      8.188486
18
Coordinates from ORCA-job meta_products_optfreq_5 E -476.283526714677
  C      -3.215951      2.585548     -0.896208
  C      -4.310014      1.776132     -1.311366
  C      -4.065464      0.650105     -2.048339
  C      -2.770895      0.267511     -2.418628
  C      -1.686266      1.066447     -2.015536
  C      -1.905262      2.199868     -1.266335
  C      -3.468190      3.815563     -0.113297
  H      -2.624103     -0.632121     -2.994846
  H      -5.323586      2.041227     -1.048742
  H      -2.541264      4.253502      0.257036
  H      -4.114442      3.624719      0.745987
  H      -3.969056      4.574694     -0.720406
  H      -1.071978      2.814485     -0.949131
  H      -0.683275      0.777371     -2.298898
  N      -5.200780     -0.214131     -2.446228
  O      -4.914930     -1.311739     -2.892213
  O      -6.320337      0.227786     -2.288052
  H     -21.571237     -0.938948      8.145241
18
Coordinates from ORCA-job meta_products_optfreq_5 E -476.283539148498
  C      -3.213620      2.587525     -0.897103
  C      -4.312128      1.780328     -1.304774
  C      -4.074507      0.651185     -2.039242
  C      -2.782847      0.263245     -2.414104
  C      -1.693860      1.059953     -2.018422
  C      -1.905850      2.196447     -1.271865
  C      -3.458390      3.820825     -0.116996
  H      -2.641624     -0.639525     -2.986323
  H      -5.323585      2.049017     -1.038112
  H      -2.528643      4.261003      0.243290
  H      -4.097776      3.634651      0.747955
  H      -3.964392      4.576140     -0.723744
  H      -1.068989      2.809305     -0.960376
  H      -0.693011      0.767000     -2.305477
  N      -5.214366     -0.210643     -2.429285
  O      -4.934047     -1.310577     -2.873044
  O      -6.331777      0.235383     -2.267506
  H     -21.517618     -0.953240      8.095167
18
Coordinates from ORCA-job meta_products_optfreq_5 E -476.283557341125
  C      -3.206849      2.591512     -0.900574
  C      -4.312912      1.788528     -1.295952
  C      -4.087063      0.653716     -2.025379
  C      -2.800343      0.255881     -2.406799
  C      -1.703946      1.048364     -2.023283
  C      -1.904036      2.190444     -1.281986
  C      -3.438913      3.830787     -0.126073
  H      -2.668544     -0.651777     -2.973134
  H      -5.320776      2.064246     -1.023186
  H      -2.504535      4.272566      0.219787
  H      -4.067995      3.651510      0.747525
  H      -3.951094      4.581422     -0.732668
  H      -1.061249      2.800024     -0.979909
  H      -0.706789      0.748045     -2.315629
  N      -5.234679     -0.203547     -2.402525
  O      -4.963959     -1.307710     -2.841719
  O      -6.348281      0.250086     -2.235714
  H     -21.475065     -0.986078      8.037258
18
Coordinates from ORCA-job meta_products_optfreq_5 E -476.283582302639
  C      -3.196039      2.597258     -0.906673
  C      -4.312312      1.800406     -1.285413
  C      -4.102554      0.657635     -2.007180
  C      -2.822689      0.245700     -2.396613
  C      -1.716275      1.032034     -2.029560
  C      -1.900111      2.181954     -1.296214
  C      -3.410731      3.844915     -0.140666
  H      -2.703687     -0.667801     -2.956402
  H      -5.315101      2.086918     -1.004887
  H      -2.469824      4.286371      0.187384
  H      -4.026504      3.674342      0.744276
  H      -3.929367      4.591406     -0.746815
  H      -1.049534      2.786881     -1.006931
  H      -0.724322      0.720943     -2.328268
  N      -5.260671     -0.192985     -2.366860
  O      -5.003191     -1.303055     -2.799073
  O      -6.368878      0.271473     -2.194027
  H     -21.445240     -1.036377      7.973966
18
Coordinates from ORCA-job meta_products_optfreq_5 E -476.283609748468
  C      -3.184319      2.603302     -0.913739
  C      -4.311292      1.813207     -1.274522
  C      -4.118727      0.661956     -1.987552
  C      -2.846391      0.234783     -2.385151
  C      -1.729482      1.014343     -2.035863
  C      -1.895952      2.172613     -1.311566
  C      -3.380449      3.859884     -0.157403
  H      -2.740945     -0.683971     -2.939617
  H      -5.308278      2.112446     -0.986070
  H      -2.432040      4.298757      0.152106
  H      -3.981892      3.698551      0.739724
  H      -3.905098      4.604107     -0.762026
  H      -1.037451      2.772572     -1.036148
  H      -0.743331      0.691313     -2.340897
  N      -5.287845     -0.181346     -2.328383
  O      -5.044521     -1.297661     -2.752638
  O      -6.390120      0.294780     -2.149470
  H     -21.418899     -1.091616      7.909255
18
Coordinates from ORCA-job meta_products_optfreq_5 E -476.283632806382
  C      -3.174661      2.608213     -0.919687
  C      -4.310852      1.824064     -1.264165
  C      -4.133501      0.665669     -1.969530
  C      -2.868069      0.225415     -2.374819
  C      -1.742125      0.999015     -2.041661
  C      -1.893228      2.164315     -1.325315
  C      -3.354380      3.872306     -0.171838
  H      -2.774520     -0.697586     -2.924853
  H      -5.302340      2.134769     -0.968649
  H      -2.399031      4.308444      0.119787
  H      -3.942293      3.720339      0.736355
  H      -3.885182      4.614908     -0.773891
  H      -1.027957      2.759983     -1.062484
  H      -0.761320      0.665635     -2.352608
  N      -5.312069     -0.171194     -2.293258
  O      -5.081138     -1.292736     -2.710597
  O      -6.409007      0.314933     -2.108528
  H     -21.385357     -1.138472      7.845780
18
Coordinates from ORCA-job meta_products_optfreq_5 E -476.283654585629
  C      -3.165507      2.612666     -0.925306
  C      -4.310423      1.834354     -1.253758
  C      -4.147833      0.669399     -1.951838
  C      -2.889310      0.216772     -2.364938
  C      -1.754818      0.984527     -2.047634
  C      -1.891015      2.156275     -1.338859
  C      -3.329314      3.883652     -0.185528
  H      -2.807271     -0.710482     -2.909836
  H      -5.296460      2.155716     -0.951342
  H      -2.367548      4.317345      0.088128
  H      -3.904076      3.741634      0.732884
  H      -3.866382      4.624246     -0.784820
  H      -1.019255      2.747688     -1.088325
  H      -0.779348      0.641439     -2.364683
  N      -5.335324     -0.161155     -2.258766
  O      -5.116327     -1.287485     -2.669593
  O      -6.426990      0.334435     -2.068048
  H     -21.349829     -1.183007      7.782303
18
Coordinates from ORCA-job meta_products_optfreq_5 E -476.283681235132
  C      -3.152653      2.618297     -0.933222
  C      -4.308346      1.847631     -1.241329
  C      -4.164428      0.674667     -1.930034
  C      -2.914896      0.206437     -2.352919
  C      -1.769849      0.966539     -2.055741
  C      -1.887192      2.146150     -1.356703
  C      -3.296338      3.897687     -0.203822
  H      -2.847368     -0.726159     -2.890752
  H      -5.287386      2.182181     -0.930630
  H      -2.326912      4.327506      0.048052
  H      -3.855383      3.768307      0.726200
  H      -3.840249      4.636198     -0.799672
  H      -1.007385      2.731949     -1.121696
  H      -0.801335      0.611247     -2.380536
  N      -5.362930     -0.147636     -2.215640
  O      -5.158999     -1.279791     -2.618127
  O      -6.447748      0.359896     -2.017400
  H     -21.327633     -1.243085      7.714012
18
Coordinates from ORCA-job meta_products_optfreq_5 E -476.283716402091
  C      -3.135424      2.625183     -0.943867
  C      -4.303956      1.864238     -1.226676
  C      -4.183018      0.681909     -1.903687
  C      -2.944962      0.194686     -2.338695
  C      -1.787349      0.945064     -2.066540
  C      -1.881495      2.133856     -1.379651
  C      -3.254355      3.914388     -0.227407
  H      -2.895240     -0.744432     -2.866929
  H      -5.274620      2.213671     -0.906928
  H      -2.276272      4.338314     -0.000290
  H      -3.795766      3.800254      0.714813
  H      -3.804474      4.651161     -0.819499
  H      -0.992036      2.712432     -1.163799
  H      -0.827747      0.575015     -2.401156
  N      -5.394609     -0.129922     -2.162797
  O      -5.209134     -1.268854     -2.554957
  O      -6.470736      0.392152     -1.955176
  H     -21.325837     -1.321096      7.643282
18
Coordinates from ORCA-job meta_products_optfreq_5 E -476.283720053205
  C      -3.140988      2.623796     -0.940782
  C      -4.308336      1.861755     -1.225518
  C      -4.185355      0.680382     -1.903829
  C      -2.946322      0.195198     -2.338334
  C      -1.789870      0.946671     -2.064275
  C      -1.886075      2.134528     -1.376054
  C      -3.262127      3.912000     -0.222894
  H      -2.895072     -0.743282     -2.867599
  H      -5.279656      2.209567     -0.905704
  H      -2.284739      4.337214      0.004856
  H      -3.803740      3.797393      0.719324
  H      -3.812902      4.648308     -0.815026
  H      -0.997492      2.713904     -1.158787
  H      -0.829486      0.578245     -2.398437
  N      -5.395721     -0.132627     -2.164964
  O      -5.208505     -1.270863     -2.558316
  O      -6.472669      0.387878     -1.957663
  H     -21.257975     -1.302046      7.614041
18
Coordinates from ORCA-job meta_products_optfreq_5 E -476.283724536554
  C      -3.145981      2.622664     -0.938090
  C      -4.312543      1.859856     -1.223992
  C      -4.188230      0.679120     -1.903166
  C      -2.948574      0.195327     -2.337447
  C      -1.792894      0.947566     -2.062236
  C      -1.890442      2.134801     -1.373133
  C      -3.268563      3.910202     -0.219253
  H      -2.896322     -0.742674     -2.867507
  H      -5.284252      2.206601     -0.904075
  H      -2.291597      4.336231      0.008842
  H      -3.810187      3.795130      0.722977
  H      -3.819872      4.646313     -0.811228
  H      -1.002450      2.714745     -1.155007
  H      -0.832017      0.580230     -2.396173
  N      -5.397779     -0.134709     -2.165527
  O      -5.209407     -1.272478     -2.559679
  O      -6.475269      0.384721     -1.958343
  H     -21.190650     -1.285627      7.583077
18
Coordinates from ORCA-job meta_products_optfreq_5 E -476.283729012418
  C      -3.150958      2.621546     -0.935417
  C      -4.316746      1.857988     -1.222471
  C      -4.191120      0.677874     -1.902485
  C      -2.950850      0.195442     -2.336527
  C      -1.795930      0.948431     -2.060178
  C      -1.894802      2.135059     -1.370217
  C      -3.274962      3.908434     -0.215658
  H      -2.897602     -0.742084     -2.867369
  H      -5.288839      2.203702     -0.902497
  H      -2.298416      4.335216      0.012870
  H      -3.816678      3.792794      0.726519
  H      -3.826744      4.644400     -0.807459
  H      -1.007396      2.715564     -1.151241
  H      -0.834569      0.582159     -2.393879
  N      -5.399863     -0.136760     -2.166058
  O      -5.210353     -1.274071     -2.560985
  O      -6.477886      0.381616     -1.959005
  H     -21.123317     -1.269291      7.552098
18
Coordinates from ORCA-job meta_products_optfreq_5 E -476.283729802221
  C      -3.150878      2.621582     -0.935423
  C      -4.316700      1.858055     -1.222421
  C      -4.191137      0.677931     -1.902429
  C      -2.950899      0.195459     -2.336519
  C      -1.795946      0.948417     -2.060225
  C      -1.894754      2.135054     -1.370272
  C      -3.274813      3.908480     -0.215671
  H      -2.897835     -0.742107     -2.867337
  H      -5.288968      2.203596     -0.902277
  H      -2.298509      4.335519      0.013383
  H      -3.816777      3.792673      0.726423
  H      -3.826211      4.644113     -0.808264
  H      -1.007286      2.715476     -1.151368
  H      -0.834583      0.582176     -2.393957
  N      -5.399915     -0.136670     -2.165944
  O      -5.210454     -1.273990     -2.560869
  O      -6.477914      0.381738     -1.958852
  H     -21.123451     -1.269483      7.552060
