18
Coordinates from ORCA-job meta_products_optfreq_5
  C   -3.15087763432777      2.62158215465116     -0.93542305012000
  C   -4.31670019391584      1.85805528933714     -1.22242082556367
  C   -4.19113686354700      0.67793090169732     -1.90242890403226
  C   -2.95089937661180      0.19545931121682     -2.33651930621601
  C   -1.79594582638982      0.94841711213320     -2.06022517572863
  C   -1.89475378998407      2.13505404834318     -1.37027195402004
  C   -3.27481326770637      3.90847986837301     -0.21567102520364
  H   -2.89783509301168     -0.74210665856158     -2.86733660844990
  H   -5.28896771684901      2.20359579734553     -0.90227684417815
  H   -2.29850912642692      4.33551902098540      0.01338321299685
  H   -3.81677731743180      3.79267298459145      0.72642342821165
  H   -3.82621102831723      4.64411299138004     -0.80826366833528
  H   -1.00728604215046      2.71547606694228     -1.15136767671394
  H   -0.83458324107363      0.58217632184697     -2.39395711214872
  N   -5.39991493966156     -0.13667045128195     -2.16594423989755
  O   -5.21045357344663     -1.27399040941227     -2.56086855908155
  O   -6.47791414214576      0.38173823376589     -1.95885160755068
  H   -21.12345082700204     -1.26948258335375      7.55205991603165
