14
Coordinates from ORCA-job nitrobenzol_optfreq E -436.208632191840
  C      -5.464910      2.002000      0.000000
  C      -6.538450      1.087630      0.000000
  C      -6.298650     -0.289950      0.000000
  C      -4.989030     -0.773880      0.000000
  C      -3.915380      0.118620      0.000000
  C      -4.148110      1.497420      0.000000
  H      -7.563040      1.437080     -0.000000
  H      -7.130010     -0.983110     -0.000000
  H      -4.806150     -1.840680      0.000000
  H      -2.900610     -0.258050      0.000000
  H      -3.298420      2.168180      0.000000
  N      -5.706420      3.410780      0.000000
  O      -6.823330      3.833920     -0.000000
  O      -4.794230      4.181770      0.000000
14
Coordinates from ORCA-job nitrobenzol_optfreq E -436.216915179971
  C      -5.461188      1.981989     -0.000000
  C      -6.540399      1.090907     -0.000000
  C      -6.302341     -0.283346     -0.000000
  C      -4.990013     -0.768401      0.000000
  C      -3.913937      0.125822     -0.000000
  C      -4.146867      1.501036     -0.000000
  H      -7.564557      1.465271     -0.000000
  H      -7.143899     -0.978738      0.000000
  H      -4.805579     -1.845323      0.000000
  H      -2.889013     -0.249996     -0.000000
  H      -3.305637      2.194893     -0.000000
  N      -5.706565      3.410919     -0.000000
  O      -6.869624      3.789771     -0.000000
  O      -4.737120      4.156927      0.000001
14
Coordinates from ORCA-job nitrobenzol_optfreq E -436.217458980251
  C      -5.459481      1.969769      0.000000
  C      -6.543143      1.088960      0.000000
  C      -6.303080     -0.284710     -0.000000
  C      -4.989811     -0.769056     -0.000000
  C      -3.912978      0.125196     -0.000000
  C      -4.144424      1.500348      0.000000
  H      -7.561763      1.477113      0.000000
  H      -7.145657     -0.980273     -0.000000
  H      -4.805034     -1.846609     -0.000000
  H      -2.886912     -0.250069     -0.000000
  H      -3.313295      2.205741      0.000000
  N      -5.706635      3.412930      0.000001
  O      -6.871128      3.788014     -0.000001
  O      -4.733399      4.154376     -0.000001
14
Coordinates from ORCA-job nitrobenzol_optfreq E -436.217696444593
  C      -5.457554      1.957243     -0.000005
  C      -6.547020      1.086923     -0.000003
  C      -6.303641     -0.286843      0.000000
  C      -4.989678     -0.769445      0.000002
  C      -3.911764      0.123521      0.000000
  C      -4.140518      1.499763     -0.000003
  H      -7.558694      1.491542     -0.000005
  H      -7.145620     -0.983238      0.000001
  H      -4.804856     -1.846649      0.000004
  H      -2.885919     -0.252556      0.000002
  H      -3.321683      2.218607     -0.000004
  N      -5.706694      3.414250     -0.000008
  O      -6.869544      3.786626      0.000010
  O      -4.733554      4.151985      0.000009
14
Coordinates from ORCA-job nitrobenzol_optfreq E -436.217706740204
  C      -5.457284      1.955878      0.000029
  C      -6.547865      1.086512      0.000017
  C      -6.303714     -0.287430     -0.000001
  C      -4.989729     -0.769202     -0.000011
  C      -3.911456      0.122933     -0.000001
  C      -4.139515      1.499604      0.000018
  H      -7.558149      1.494388      0.000025
  H      -7.144889     -0.984631     -0.000009
  H      -4.804960     -1.846273     -0.000025
  H      -2.886115     -0.254207     -0.000008
  H      -3.323076      2.221074      0.000026
  N      -5.706712      3.414237      0.000052
  O      -6.868588      3.786830     -0.000054
  O      -4.734687      4.152016     -0.000056
14
Coordinates from ORCA-job nitrobenzol_optfreq E -436.217708507369
  C      -5.457238      1.955781     -0.000204
  C      -6.548113      1.086371     -0.000124
  C      -6.303808     -0.287597      0.000008
  C      -4.989796     -0.768865      0.000075
  C      -3.911291      0.122773      0.000009
  C      -4.139184      1.499525     -0.000124
  H      -7.557809      1.495698     -0.000182
  H      -7.144378     -0.985444      0.000061
  H      -4.805051     -1.845916      0.000181
  H      -2.886311     -0.255194      0.000062
  H      -3.323782      2.222176     -0.000181
  N      -5.706659      3.413844     -0.000367
  O      -6.868219      3.786713      0.000396
  O      -4.735103      4.151863      0.000389
14
Coordinates from ORCA-job nitrobenzol_optfreq E -436.217704318135
  C      -5.457208      1.955815      0.001116
  C      -6.548348      1.086199      0.000674
  C      -6.303984     -0.287746     -0.000051
  C      -4.989894     -0.768359     -0.000413
  C      -3.911050      0.122652     -0.000053
  C      -4.138847      1.499406      0.000674
  H      -7.557263      1.497482      0.000997
  H      -7.143688     -0.986546     -0.000334
  H      -4.805172     -1.845411     -0.000985
  H      -2.886575     -0.256515     -0.000340
  H      -3.324838      2.223657      0.000993
  N      -5.706556      3.413150      0.002062
  O      -6.867856      3.786407     -0.002182
  O      -4.735461      4.151539     -0.002158
14
Coordinates from ORCA-job nitrobenzol_optfreq E -436.217709385883
  C      -5.457248      1.955912     -0.000023
  C      -6.548146      1.086293     -0.000019
  C      -6.303943     -0.287611     -0.000003
  C      -4.989849     -0.768581      0.000008
  C      -3.911151      0.122792     -0.000002
  C      -4.139109      1.499449     -0.000019
  H      -7.557451      1.496633     -0.000020
  H      -7.144038     -0.986008      0.000007
  H      -4.805107     -1.845656      0.000026
  H      -2.886435     -0.255848      0.000007
  H      -3.324423      2.222938     -0.000020
  N      -5.706580      3.413361      0.000002
  O      -6.868167      3.786445      0.000030
  O      -4.735092      4.151611      0.000027
14
Coordinates from ORCA-job nitrobenzol_optfreq E -436.217709462218
  C      -5.457257      1.955933     -0.000018
  C      -6.548110      1.086286     -0.000013
  C      -6.303964     -0.287591     -0.000001
  C      -4.989846     -0.768595      0.000007
  C      -3.911142      0.122823     -0.000001
  C      -4.139151      1.499434     -0.000013
  H      -7.557404      1.496674     -0.000017
  H      -7.144043     -0.986018      0.000004
  H      -4.805099     -1.845676      0.000021
  H      -2.886428     -0.255844      0.000004
  H      -3.324497      2.222968     -0.000016
  N      -5.706570      3.413330     -0.000007
  O      -6.868224      3.786417      0.000027
  O      -4.735005      4.151588      0.000025
