18
Coordinates from ORCA-job para_ts_optfreq_4
  C   -6.34067971845825      0.38805968759076     -0.14075864101167
  C   -7.16540876322032      1.05952746804544     -1.08697825769787
  C   -7.23798970528310      0.63348837127108     -2.36985966746769
  C   -6.54036576000435     -0.59020654977178     -2.78820476356076
  C   -5.63392318227756     -1.20531153610214     -1.81045636110237
  C   -5.58833713841980     -0.75124598933802     -0.53380579080251
  C   -6.24190758337082      0.91441815915446      1.23571174017106
  H   -5.81235617753988      1.92445573958670      1.20663141285817
  H   -5.63569516587915      0.29022101461561      1.88762657174434
  H   -7.24291645281449      1.03813793490005      1.66355750869850
  H   -7.70997054127416      1.94121601790796     -0.77426062096423
  H   -7.82399368779019      1.15830525753009     -3.11302189713685
  H   -5.03023597566570     -2.04136948613247     -2.13901331293044
  H   -4.94743819633897     -1.23430489554395      0.19182314835804
  N   -5.87606249362943     -0.44536130704066     -4.22609691273910
  O   -4.95893521122659     -1.18936245454507     -4.45032960261114
  O   -6.38556162244439      0.36891439569630     -4.94862506820149
  H   -7.32029262436277     -1.34239182782436     -3.01669948560399
