18
Coordinates from ORCA-job para_ts_optfreq_4 E -476.010371750815
  C      -6.441500      0.363440     -0.123210
  C      -7.240910      1.042730     -1.092890
  C      -7.261310      0.628010     -2.394740
  C      -6.534760     -0.586400     -2.803550
  C      -5.639190     -1.198620     -1.804730
  C      -5.645590     -0.762340     -0.513570
  C      -6.301360      0.897650      1.254670
  H      -5.322730      2.417800      0.868140
  H      -5.180100     -0.242840      2.193560
  H      -7.790500      1.119380      1.716960
  H      -7.827630      1.910660     -0.784460
  H      -7.837460      1.156410     -3.160000
  H      -5.007720     -2.030160     -2.129400
  H      -5.023500     -1.258320      0.237810
  N      -5.847420     -0.421230     -4.228460
  O      -4.892880     -1.124920     -4.425030
  O      -6.387760      0.356930     -4.968930
  H      -7.309750     -1.350990     -3.054930
18
Coordinates from ORCA-job para_ts_optfreq_4 E -476.055366317961
  C      -6.437056      0.361603     -0.126455
  C      -7.238183      1.040943     -1.092731
  C      -7.260054      0.628119     -2.387900
  C      -6.535050     -0.585638     -2.799280
  C      -5.639994     -1.197308     -1.802690
  C      -5.646335     -0.760545     -0.517253
  C      -6.300624      0.890325      1.240649
  H      -5.370344      2.348561      0.891071
  H      -5.236982     -0.178206      2.162276
  H      -7.690464      1.111015      1.700344
  H      -7.821350      1.905738     -0.784213
  H      -7.834337      1.155319     -3.147731
  H      -5.011356     -2.025300     -2.124985
  H      -5.033593     -1.244080      0.237046
  N      -5.848455     -0.420707     -4.223796
  O      -4.893534     -1.123727     -4.422628
  O      -6.386810      0.358271     -4.964899
  H      -7.307550     -1.347193     -3.049585
18
Coordinates from ORCA-job para_ts_optfreq_4 E -476.100620924579
  C      -6.433086      0.361332     -0.127809
  C      -7.236496      1.040803     -1.093056
  C      -7.259284      0.627835     -2.385777
  C      -6.534992     -0.586104     -2.798910
  C      -5.639467     -1.197860     -1.803639
  C      -5.645863     -0.759489     -0.520470
  C      -6.298572      0.887059      1.235734
  H      -5.416734      2.279975      0.924352
  H      -5.294455     -0.111869      2.130985
  H      -7.592994      1.106521      1.696157
  H      -7.818164      1.905122     -0.784149
  H      -7.833451      1.154704     -3.144058
  H      -5.011682     -2.025149     -2.125084
  H      -5.039328     -1.232759      0.241287
  N      -5.849413     -0.421116     -4.222791
  O      -4.894312     -1.123923     -4.423090
  O      -6.387034      0.358559     -4.963897
  H      -7.306743     -1.346450     -3.048543
18
Coordinates from ORCA-job para_ts_optfreq_4 E -476.142890729580
  C      -6.431176      0.359845     -0.130693
  C      -7.236508      1.038891     -1.093339
  C      -7.259744      0.627513     -2.378766
  C      -6.536596     -0.585769     -2.794052
  C      -5.642573     -1.196873     -1.800243
  C      -5.649700     -0.757746     -0.523078
  C      -6.305047      0.878412      1.220887
  H      -5.460707      2.232369      0.944430
  H      -5.347061     -0.059372      2.102909
  H      -7.474824      1.088175      1.666548
  H      -7.814873      1.899793     -0.784909
  H      -7.831371      1.152949     -3.131841
  H      -5.017501     -2.020416     -2.118576
  H      -5.054224     -1.218306      0.242699
  N      -5.850023     -0.420817     -4.216335
  O      -4.892220     -1.120508     -4.416918
  O      -6.382866      0.361874     -4.957856
  H      -7.305057     -1.342824     -3.043625
18
Coordinates from ORCA-job para_ts_optfreq_4 E -476.185804242148
  C      -6.426842      0.362706     -0.130517
  C      -7.234800      1.041429     -1.093116
  C      -7.259281      0.626886     -2.382466
  C      -6.536052     -0.587424     -2.797824
  C      -5.640044     -1.199201     -1.804357
  C      -5.646692     -0.756569     -0.525106
  C      -6.297446      0.880655      1.230084
  H      -5.503884      2.158220      0.988167
  H      -5.402464      0.008801      2.067187
  H      -7.394653      1.090124      1.677929
  H      -7.813321      1.904642     -0.784130
  H      -7.832691      1.152323     -3.137892
  H      -5.014206     -2.024963     -2.123370
  H      -5.053474     -1.209746      0.250850
  N      -5.851140     -0.422557     -4.220117
  O      -4.893850     -1.122705     -4.420965
  O      -6.385240      0.360119     -4.960821
  H      -7.305990     -1.345551     -3.046295
18
Coordinates from ORCA-job para_ts_optfreq_4 E -476.224980173521
  C      -6.418088      0.366452     -0.132731
  C      -7.229018      1.044514     -1.092583
  C      -7.257778      0.626261     -2.383189
  C      -6.536973     -0.589803     -2.798371
  C      -5.638468     -1.201853     -1.806726
  C      -5.641918     -0.754583     -0.527842
  C      -6.282258      0.883508      1.232840
  H      -5.551229      2.074604      1.023739
  H      -5.449726      0.076672      2.019402
  H      -7.340536      1.092436      1.689962
  H      -7.804805      1.909292     -0.783514
  H      -7.832194      1.150673     -3.138242
  H      -5.014790     -2.028979     -2.125514
  H      -5.051940     -1.198645      0.254507
  N      -5.856564     -0.428592     -4.222973
  O      -4.892476     -1.120090     -4.420291
  O      -6.384539      0.362582     -4.958962
  H      -7.308772     -1.347259     -3.042274
18
Coordinates from ORCA-job para_ts_optfreq_4 E -476.253162873062
  C      -6.409419      0.370752     -0.130551
  C      -7.219497      1.051416     -1.088182
  C      -7.246203      0.636118     -2.381214
  C      -6.524534     -0.578586     -2.798575
  C      -5.627347     -1.194301     -1.807865
  C      -5.633533     -0.749264     -0.527608
  C      -6.273952      0.882617      1.241178
  H      -5.601313      2.007831      1.067863
  H      -5.495679      0.126474      1.985512
  H      -7.314198      1.082095      1.699791
  H      -7.795205      1.915483     -0.777683
  H      -7.819078      1.162408     -3.135811
  H      -5.003310     -2.020379     -2.127810
  H      -5.047685     -1.189711      0.259205
  N      -5.842405     -0.413345     -4.221964
  O      -4.925839     -1.159556     -4.444097
  O      -6.416550      0.322387     -4.980459
  H      -7.296323     -1.335250     -3.044489
18
Coordinates from ORCA-job para_ts_optfreq_4 E -476.278186853522
  C      -6.399735      0.373009     -0.134784
  C      -7.213968      1.051603     -1.089343
  C      -7.249916      0.629412     -2.381889
  C      -6.534509     -0.589486     -2.797575
  C      -5.632704     -1.204212     -1.810026
  C      -5.630260     -0.751990     -0.531216
  C      -6.251782      0.890919      1.239331
  H      -5.638524      1.946118      1.087874
  H      -5.525885      0.188116      1.939269
  H      -7.278866      1.085317      1.705259
  H      -7.784552      1.919804     -0.779586
  H      -7.825656      1.153949     -3.136291
  H      -5.013036     -2.034072     -2.130165
  H      -5.042320     -1.186305      0.258573
  N      -5.862101     -0.433792     -4.226749
  O      -4.903819     -1.131558     -4.429027
  O      -6.393738      0.355386     -4.962188
  H      -7.310700     -1.345028     -3.034229
18
Coordinates from ORCA-job para_ts_optfreq_4 E -476.295793651574
  C      -6.384482      0.373902     -0.134843
  C      -7.201360      1.052657     -1.083864
  C      -7.242235      0.632347     -2.375518
  C      -6.529738     -0.585777     -2.794412
  C      -5.628241     -1.205600     -1.811013
  C      -5.621301     -0.755704     -0.532574
  C      -6.234672      0.895781      1.242193
  H      -5.694750      1.898091      1.128342
  H      -5.584501      0.257531      1.890297
  H      -7.246496      1.070985      1.699882
  H      -7.766058      1.923316     -0.773101
  H      -7.817486      1.159054     -3.127405
  H      -5.012531     -2.036030     -2.134134
  H      -5.031958     -1.193176      0.254579
  N      -5.860809     -0.429141     -4.225539
  O      -4.920051     -1.146652     -4.439796
  O      -6.407356      0.344565     -4.966213
  H      -7.308045     -1.338962     -3.029640
18
Coordinates from ORCA-job para_ts_optfreq_4 E -476.292319873430
  C      -6.367425      0.384988     -0.139989
  C      -7.192269      1.054555     -1.085933
  C      -7.242077      0.631066     -2.372772
  C      -6.531486     -0.585694     -2.791443
  C      -5.629512     -1.206394     -1.811066
  C      -5.611666     -0.757593     -0.534041
  C      -6.229959      0.927612      1.232954
  H      -5.781753      1.835106      1.149545
  H      -5.576252      0.273173      1.915694
  H      -7.220650      1.094007      1.672181
  H      -7.749248      1.930452     -0.778041
  H      -7.819518      1.156399     -3.122976
  H      -5.020110     -2.039693     -2.136552
  H      -5.010562     -1.215881      0.239028
  N      -5.866861     -0.431193     -4.225136
  O      -4.923580     -1.145225     -4.439435
  O      -6.408315      0.349968     -4.961404
  H      -7.310828     -1.338463     -3.023374
18
Coordinates from ORCA-job para_ts_optfreq_4 E -476.297269698358
  C      -6.360803      0.371787     -0.141264
  C      -7.188211      1.042392     -1.079990
  C      -7.242646      0.624856     -2.362940
  C      -6.533574     -0.589229     -2.786293
  C      -5.632723     -1.214221     -1.809930
  C      -5.610145     -0.771455     -0.534578
  C      -6.226494      0.911533      1.228654
  H      -5.763515      1.904915      1.172429
  H      -5.651946      0.313300      1.849737
  H      -7.188433      1.074607      1.661995
  H      -7.739653      1.919081     -0.769319
  H      -7.820032      1.152700     -3.109021
  H      -5.026568     -2.046364     -2.139148
  H      -5.004550     -1.239997      0.228748
  N      -5.870728     -0.430394     -4.220669
  O      -4.918153     -1.132508     -4.433325
  O      -6.401222      0.366389     -4.947841
  H      -7.312677     -1.340200     -3.020002
18
Coordinates from ORCA-job para_ts_optfreq_4 E -476.298584289211
  C      -6.364125      0.378014     -0.140361
  C      -7.191512      1.048004     -1.084427
  C      -7.244156      0.627106     -2.372043
  C      -6.533050     -0.588468     -2.792976
  C      -5.632366     -1.209995     -1.812056
  C      -5.610906     -0.763549     -0.533536
  C      -6.236671      0.909560      1.233321
  H      -5.741542      1.920030      1.166889
  H      -5.609500      0.269643      1.894046
  H      -7.228526      1.083485      1.685972
  H      -7.747151      1.923907     -0.773702
  H      -7.822935      1.153345     -3.120791
  H      -5.022808     -2.042648     -2.139454
  H      -5.004303     -1.230399      0.229624
  N      -5.865311     -0.429679     -4.224890
  O      -4.921948     -1.143610     -4.439738
  O      -6.404559      0.354166     -4.960002
  H      -7.310702     -1.341722     -3.028637
18
Coordinates from ORCA-job para_ts_optfreq_4 E -476.299697911568
  C      -6.354171      0.379727     -0.141071
  C      -7.184347      1.047817     -1.083230
  C      -7.243819      0.625942     -2.369290
  C      -6.535159     -0.589789     -2.791155
  C      -5.634317     -1.212335     -1.811929
  C      -5.605208     -0.765947     -0.533666
  C      -6.232820      0.916184      1.231309
  H      -5.770440      1.910605      1.178357
  H      -5.625868      0.289875      1.887056
  H      -7.219552      1.081810      1.674866
  H      -7.735012      1.926439     -0.772358
  H      -7.824932      1.151814     -3.116012
  H      -5.028186     -2.046470     -2.141012
  H      -4.990359     -1.241910      0.218384
  N      -5.868954     -0.431659     -4.224130
  O      -4.923788     -1.143194     -4.438468
  O      -6.401544      0.360727     -4.954709
  H      -7.313595     -1.342447     -3.025702
18
Coordinates from ORCA-job para_ts_optfreq_4 E -476.299791547764
  C      -6.351770      0.380533     -0.140344
  C      -7.179596      1.050373     -1.083565
  C      -7.242418      0.627965     -2.368951
  C      -6.536301     -0.589467     -2.790005
  C      -5.635185     -1.210659     -1.810534
  C      -5.602094     -0.763099     -0.532486
  C      -6.233832      0.915614      1.231093
  H      -5.779737      1.912842      1.183251
  H      -5.630822      0.291006      1.883267
  H      -7.222603      1.072252      1.670380
  H      -7.728829      1.929489     -0.772061
  H      -7.825192      1.153149     -3.114563
  H      -5.029869     -2.045280     -2.139477
  H      -4.980035     -1.242067      0.211389
  N      -5.869769     -0.433529     -4.223484
  O      -4.928872     -1.150276     -4.439106
  O      -6.400169      0.360335     -4.953973
  H      -7.314977     -1.341994     -3.023591
18
Coordinates from ORCA-job para_ts_optfreq_4 E -476.299855288581
  C      -6.345688      0.383773     -0.140251
  C      -7.172063      1.054459     -1.084995
  C      -7.240705      0.630433     -2.369237
  C      -6.538672     -0.589941     -2.789162
  C      -5.636098     -1.208679     -1.809910
  C      -5.596156     -0.758608     -0.532131
  C      -6.236647      0.915619      1.232578
  H      -5.794362      1.919040      1.193810
  H      -5.635311      0.291955      1.884607
  H      -7.231292      1.057887      1.665310
  H      -7.718926      1.934819     -0.772686
  H      -7.825804      1.155038     -3.113364
  H      -5.032200     -2.044464     -2.138782
  H      -4.963714     -1.242919      0.199847
  N      -5.872328     -0.438062     -4.223896
  O      -4.937506     -1.162108     -4.441169
  O      -6.396759      0.361314     -4.952521
  H      -7.317841     -1.342367     -3.020808
18
Coordinates from ORCA-job para_ts_optfreq_4 E -476.299872311125
  C      -6.342881      0.385756     -0.140273
  C      -7.168016      1.057087     -1.086062
  C      -7.239408      0.632097     -2.369533
  C      -6.539874     -0.590175     -2.788682
  C      -5.635889     -1.207142     -1.809807
  C      -5.592460     -0.755196     -0.532430
  C      -6.239136      0.915293      1.233947
  H      -5.803133      1.922340      1.200172
  H      -5.636165      0.290983      1.886574
  H      -7.237468      1.048468      1.663357
  H      -7.713302      1.938327     -0.773476
  H      -7.825221      1.156741     -3.112960
  H      -5.032391     -2.043273     -2.138464
  H      -4.954502     -1.240737      0.194007
  N      -5.874019     -0.441301     -4.224606
  O      -4.945068     -1.172145     -4.443988
  O      -6.393774      0.362523     -4.951603
  H      -7.319361     -1.342457     -3.018935
18
Coordinates from ORCA-job para_ts_optfreq_4 E -476.299876569365
  C      -6.341649      0.386928     -0.140515
  C      -7.166632      1.058282     -1.086555
  C      -7.238746      0.632765     -2.369764
  C      -6.540188     -0.590266     -2.788543
  C      -5.635148     -1.206386     -1.810105
  C      -5.590611     -0.753437     -0.533001
  C      -6.240364      0.914947      1.234862
  H      -5.807139      1.923336      1.203373
  H      -5.635996      0.290603      1.887308
  H      -7.240319      1.043913      1.663524
  H      -7.711494      1.939813     -0.773894
  H      -7.824665      1.157525     -3.113071
  H      -5.031635     -2.042590     -2.138674
  H      -4.951196     -1.238266      0.192746
  N      -5.874981     -0.443122     -4.225305
  O      -4.950401     -1.178884     -4.446446
  O      -6.391008      0.364520     -4.950686
  H      -7.319896     -1.342491     -3.018012
18
Coordinates from ORCA-job para_ts_optfreq_4 E -476.299880845491
  C      -6.340680      0.388060     -0.140759
  C      -7.165409      1.059527     -1.086978
  C      -7.237990      0.633488     -2.369860
  C      -6.540366     -0.590207     -2.788205
  C      -5.633923     -1.205312     -1.810456
  C      -5.588337     -0.751246     -0.533806
  C      -6.241908      0.914418      1.235712
  H      -5.812356      1.924456      1.206631
  H      -5.635695      0.290221      1.887627
  H      -7.242916      1.038138      1.663558
  H      -7.709971      1.941216     -0.774261
  H      -7.823994      1.158305     -3.113022
  H      -5.030236     -2.041369     -2.139013
  H      -4.947438     -1.234305      0.191823
  N      -5.876062     -0.445361     -4.226097
  O      -4.958935     -1.189362     -4.450330
  O      -6.385562      0.368914     -4.948625
  H      -7.320293     -1.342392     -3.016699
