18
Coordinates from ORCA-job educt_optfreq E -476.470474048846
  C       0.243494      0.591665      2.756312
  C      -0.299398      0.789729      1.461024
  C      -0.028268     -0.083655      0.434033
  C       0.777132     -1.226285      0.668338
  C       1.311394     -1.451137      1.956418
  C       1.052377     -0.564576      2.980337
  C      -0.017038      1.545496      3.876808
  H       0.929030      2.033835      4.187823
  H      -0.389773      1.014499      4.770408
  H      -0.730464      2.333178      3.603560
  H      -0.987524      1.625196      1.303903
  H      -0.443604      0.079315     -0.566950
  H       0.979683     -1.930633     -0.139689
  H       1.933671     -2.330386      2.133892
  H       1.463370     -0.738395      3.978152
  N      -2.000214     -0.733988    -11.153093
  O      -1.650104     -0.687118    -10.052207
  O      -2.143765     -0.266741    -12.199068
18
Coordinates from ORCA-job educt_optfreq E -476.485981308865
  C       0.245932      0.581476      2.748903
  C      -0.299675      0.794112      1.474733
  C      -0.021898     -0.097511      0.428765
  C       0.775120     -1.220011      0.671832
  C       1.309659     -1.453248      1.945924
  C       1.045530     -0.552162      2.981713
  C      -0.014653      1.548159      3.882464
  H       0.924415      2.032627      4.186414
  H      -0.389598      1.016907      4.767117
  H      -0.729017      2.330932      3.604246
  H      -0.984019      1.623736      1.304025
  H      -0.442349      0.079041     -0.562594
  H       0.979217     -1.928338     -0.137353
  H       1.931607     -2.327918      2.133514
  H       1.462100     -0.737699      3.975082
  N      -1.979540     -0.683565    -11.146896
  O      -1.665618     -0.706059    -10.080967
  O      -2.147364     -0.295286    -12.176865
18
Coordinates from ORCA-job educt_optfreq E -476.516780644718
  C       0.245562      0.578284      2.747926
  C      -0.297559      0.790014      1.479399
  C      -0.019081     -0.102878      0.432094
  C       0.775202     -1.218650      0.670982
  C       1.305948     -1.448983      1.942300
  C       1.042153     -0.547763      2.976527
  C      -0.011817      1.548827      3.885291
  H       0.919893      2.032120      4.185051
  H      -0.389878      1.019967      4.763705
  H      -0.726843      2.327856      3.605266
  H      -0.979118      1.622859      1.304922
  H      -0.440428      0.077981     -0.557331
  H       0.978188     -1.923755     -0.132615
  H       1.928432     -2.324482      2.132372
  H       1.459512     -0.735575      3.970117
  N      -1.957812     -0.627725    -11.143585
  O      -1.673839     -0.733745    -10.074741
  O      -2.159161     -0.320076    -12.186610
18
Coordinates from ORCA-job educt_optfreq E -476.521005656119
  C       0.244135      0.581425      2.752567
  C      -0.298088      0.786654      1.475495
  C      -0.020890     -0.100268      0.435035
  C       0.776356     -1.219905      0.669910
  C       1.305350     -1.446593      1.945066
  C       1.044255     -0.551624      2.973306
  C      -0.011139      1.547802      3.883047
  H       0.918674      2.032106      4.184611
  H      -0.389835      1.021367      4.762228
  H      -0.724945      2.325623      3.605851
  H      -0.974649      1.621519      1.305707
  H      -0.438752      0.077012     -0.552939
  H       0.977589     -1.921150     -0.129908
  H       1.925518     -2.321229      2.131378
  H       1.457350     -0.733835      3.965598
  N      -1.951931     -0.616311    -11.138022
  O      -1.670940     -0.744224    -10.052226
  O      -2.167490     -0.320212    -12.214511
18
Coordinates from ORCA-job educt_optfreq E -476.521647513579
  C       0.242894      0.585368      2.756346
  C      -0.298949      0.784338      1.470626
  C      -0.023692     -0.095548      0.437462
  C       0.777134     -1.220614      0.670339
  C       1.306269     -1.446198      1.948401
  C       1.047124     -0.556294      2.972257
  C      -0.011825      1.545784      3.878733
  H       0.919960      2.032575      4.184815
  H      -0.389694      1.021505      4.762244
  H      -0.723929      2.324660      3.605749
  H      -0.971588      1.620877      1.305896
  H      -0.437980      0.076467     -0.550753
  H       0.977635     -1.920917     -0.129813
  H       1.923671     -2.319254      2.130794
  H       1.456305     -0.732979      3.962789
  N      -1.957718     -0.622684    -11.149104
  O      -1.666811     -0.741883    -10.041009
  O      -2.166180     -0.316406    -12.214930
18
Coordinates from ORCA-job educt_optfreq E -476.523045829231
  C       0.242181      0.587800      2.758268
  C      -0.299917      0.783129      1.467761
  C      -0.025973     -0.091850      0.439335
  C       0.777558     -1.220442      0.671878
  C       1.307480     -1.446540      1.950827
  C       1.049167     -0.559359      2.972258
  C      -0.012656      1.543804      3.874706
  H       0.921632      2.032912      4.185041
  H      -0.389378      1.021361      4.762429
  H      -0.723262      2.324074      3.605261
  H      -0.968786      1.620671      1.305724
  H      -0.437614      0.076122     -0.549214
  H       0.977908     -1.921313     -0.130423
  H       1.922350     -2.317969      2.130472
  H       1.455863     -0.732546      3.960814
  N      -1.963752     -0.641986    -11.145287
  O      -1.664336     -0.733005    -10.043337
  O      -2.163128     -0.307064    -12.216519
18
Coordinates from ORCA-job educt_optfreq E -476.525677630178
  C       0.241617      0.589468      2.758395
  C      -0.303910      0.783404      1.465625
  C      -0.030901     -0.085400      0.442315
  C       0.778037     -1.218145      0.677834
  C       1.311224     -1.448413      1.955219
  C       1.052474     -0.563513      2.973881
  C      -0.014746      1.539019      3.864847
  H       0.925995      2.032595      4.184979
  H      -0.387625      1.020601      4.762216
  H      -0.721957      2.322718      3.602497
  H      -0.960306      1.621444      1.304112
  H      -0.437447      0.075568     -0.545357
  H       0.978918     -1.922465     -0.132432
  H       1.919854     -2.316150      2.130137
  H       1.456173     -0.732228      3.957007
  N      -1.996368     -0.730043    -11.144967
  O      -1.651168     -0.691024    -10.050222
  O      -2.146012     -0.266237    -12.210861
18
Coordinates from ORCA-job educt_optfreq E -476.526525398844
  C       0.242217      0.586114      2.755894
  C      -0.303366      0.784525      1.469075
  C      -0.028758     -0.089429      0.441190
  C       0.777676     -1.218562      0.675807
  C       1.309781     -1.446998      1.953445
  C       1.050274     -0.560441      2.973220
  C      -0.013458      1.541219      3.869226
  H       0.923653      2.031118      4.184044
  H      -0.387226      1.020725      4.761101
  H      -0.722590      2.322958      3.602030
  H      -0.962241      1.623202      1.303719
  H      -0.438181      0.076018     -0.546573
  H       0.978505     -1.920864     -0.130669
  H       1.921620     -2.318318      2.130704
  H       1.457243     -0.732788      3.959540
  N      -1.995599     -0.726163    -11.147443
  O      -1.651939     -0.690768    -10.053469
  O      -2.145747     -0.270122    -12.205259
18
Coordinates from ORCA-job educt_optfreq E -476.526923416807
  C       0.241949      0.584019      2.754977
  C      -0.303669      0.784584      1.470776
  C      -0.027978     -0.092080      0.441503
  C       0.777383     -1.218529      0.674528
  C       1.309188     -1.445853      1.952660
  C       1.049252     -0.558862      2.972780
  C      -0.012091      1.542490      3.871404
  H       0.921332      2.028580      4.182381
  H      -0.385995      1.020727      4.759073
  H      -0.722716      2.322336      3.600362
  H      -0.961890      1.626560      1.302748
  H      -0.439056      0.076417     -0.546388
  H       0.978106     -1.918198     -0.128052
  H       1.922759     -2.320003      2.131308
  H       1.458441     -0.733051      3.961059
  N      -2.004063     -0.743993    -11.153770
  O      -1.648592     -0.678908    -10.057205
  O      -2.140936     -0.265059    -12.195917
18
Coordinates from ORCA-job educt_optfreq E -476.526955383249
  C       0.241603      0.584553      2.756114
  C      -0.303707      0.784298      1.470250
  C      -0.028102     -0.092435      0.441383
  C       0.777354     -1.218213      0.674826
  C       1.309321     -1.446188      1.952272
  C       1.049562     -0.559075      2.972939
  C      -0.012060      1.542507      3.871120
  H       0.921030      2.028154      4.182014
  H      -0.385793      1.020750      4.758610
  H      -0.722396      2.321834      3.600121
  H      -0.961358      1.627128      1.302713
  H      -0.439031      0.076416     -0.545735
  H       0.978033     -1.917552     -0.127487
  H       1.922473     -2.319545      2.131304
  H       1.458318     -0.732804      3.960641
  N      -2.002126     -0.738389    -11.154172
  O      -1.649325     -0.681524    -10.056498
  O      -2.142035     -0.267660    -12.196410
18
Coordinates from ORCA-job educt_optfreq E -476.526971970352
  C       0.241373      0.584567      2.756573
  C      -0.303937      0.784195      1.470177
  C      -0.028460     -0.092528      0.441626
  C       0.777371     -1.217810      0.675473
  C       1.309531     -1.446248      1.952314
  C       1.049818     -0.559269      2.972935
  C      -0.012179      1.542260      3.870441
  H       0.921059      2.027614      4.181551
  H      -0.385415      1.020687      4.758054
  H      -0.722053      2.321268      3.599530
  H      -0.960138      1.627945      1.302477
  H      -0.439117      0.076399     -0.544959
  H       0.978041     -1.916867     -0.126984
  H       1.922217     -2.319224      2.131314
  H       1.458406     -0.732599      3.960249
  N      -2.002321     -0.738854    -11.154174
  O      -1.649244     -0.681378    -10.056480
  O      -2.141975     -0.267339    -12.196739
18
Coordinates from ORCA-job educt_optfreq E -476.527016370258
  C       0.240410      0.583730      2.757406
  C      -0.304754      0.783775      1.470582
  C      -0.029918     -0.093060      0.443444
  C       0.777353     -1.216251      0.677792
  C       1.310233     -1.445864      1.952732
  C       1.050472     -0.559534      2.972758
  C      -0.012364      1.541147      3.868068
  H       0.921065      2.024918      4.179205
  H      -0.383714      1.020248      4.755498
  H      -0.720903      2.318962      3.596444
  H      -0.954608      1.632164      1.301266
  H      -0.439860      0.076376     -0.541997
  H       0.978131     -1.913521     -0.124529
  H       1.921564     -2.318334      2.131454
  H       1.459180     -0.731787      3.959077
  N      -2.002997     -0.740225    -11.154485
  O      -1.649063     -0.680789    -10.057096
  O      -2.141687     -0.266541    -12.197433
18
Coordinates from ORCA-job educt_optfreq E -476.527040740303
  C       0.239756      0.582550      2.757170
  C      -0.305369      0.783793      1.471431
  C      -0.031097     -0.093391      0.445129
  C       0.777231     -1.215197      0.679396
  C       1.310778     -1.445298      1.953233
  C       1.050688     -0.559384      2.972820
  C      -0.012316      1.540069      3.866468
  H       0.921301      2.022785      4.177218
  H      -0.382571      1.019617      4.753775
  H      -0.720424      2.317448      3.593683
  H      -0.950075      1.635679      1.300283
  H      -0.440714      0.076349     -0.540062
  H       0.978387     -1.911056     -0.122896
  H       1.921475     -2.317994      2.131616
  H       1.460078     -0.731199      3.958598
  N      -2.003191     -0.740372    -11.154822
  O      -1.649074     -0.680715    -10.057757
  O      -2.141626     -0.266437    -12.197885
18
Coordinates from ORCA-job educt_optfreq E -476.527062991994
  C       0.239152      0.580966      2.756290
  C      -0.306022      0.784194      1.472645
  C      -0.032565     -0.093520      0.447129
  C       0.776933     -1.214278      0.680947
  C       1.311491     -1.444526      1.954050
  C       1.050723     -0.559080      2.973185
  C      -0.012178      1.538708      3.864916
  H       0.921953      2.020463      4.174826
  H      -0.381648      1.018498      4.752343
  H      -0.720351      2.316029      3.590266
  H      -0.944801      1.639843      1.299236
  H      -0.441987      0.076267     -0.538331
  H       0.978974     -1.908673     -0.121640
  H       1.921920     -2.317954      2.131847
  H       1.461409     -0.730536      3.958638
  N      -2.003184     -0.739858    -11.155359
  O      -1.649150     -0.680920    -10.058525
  O      -2.141717     -0.266704    -12.198398
18
Coordinates from ORCA-job educt_optfreq E -476.527074666156
  C       0.238953      0.580180      2.755652
  C      -0.306284      0.784738      1.473249
  C      -0.033513     -0.093353      0.448073
  C       0.776601     -1.214090      0.681535
  C       1.312019     -1.444161      1.954661
  C       1.050678     -0.558998      2.973735
  C      -0.012177      1.537972      3.864357
  H       0.922686      2.019355      4.173399
  H      -0.381576      1.017519      4.752102
  H      -0.720678      2.315440      3.588254
  H      -0.941893      1.642293      1.298816
  H      -0.442969      0.076152     -0.537805
  H       0.979609     -1.907858     -0.121625
  H       1.922706     -2.318146      2.132005
  H       1.462382     -0.730113      3.959225
  N      -2.003142     -0.739381    -11.155832
  O      -1.649168     -0.681118    -10.058906
  O      -2.141851     -0.266978    -12.198687
18
Coordinates from ORCA-job educt_optfreq E -476.527084719947
  C       0.238926      0.579813      2.755354
  C      -0.306290      0.785486      1.473509
  C      -0.034371     -0.093162      0.448438
  C       0.776139     -1.214271      0.681740
  C       1.312567     -1.444084      1.955158
  C       1.050645     -0.559101      2.974569
  C      -0.012372      1.537567      3.864359
  H       0.923539      2.018619      4.172081
  H      -0.381994      1.016436      4.752385
  H      -0.721222      2.315018      3.586598
  H      -0.939598      1.644570      1.298698
  H      -0.444088      0.075979     -0.537767
  H       0.980444     -1.907649     -0.122264
  H       1.923930     -2.318377      2.132156
  H       1.463370     -0.729626      3.960292
  N      -2.003104     -0.738981    -11.156269
  O      -1.649162     -0.681300    -10.059262
  O      -2.142032     -0.267217    -12.198987
18
Coordinates from ORCA-job educt_optfreq E -476.527092595659
  C       0.238979      0.579853      2.755608
  C      -0.305990      0.786221      1.473382
  C      -0.035076     -0.093095      0.448333
  C       0.775647     -1.214683      0.681703
  C       1.313009     -1.444248      1.955479
  C       1.050703     -0.559412      2.975438
  C      -0.012773      1.537494      3.864780
  H       0.924235      2.018149      4.170895
  H      -0.382675      1.015516      4.752831
  H      -0.721753      2.314588      3.585406
  H      -0.937823      1.646702      1.298825
  H      -0.445253      0.075767     -0.537960
  H       0.981311     -1.907683     -0.123117
  H       1.925338     -2.318417      2.132265
  H       1.464225     -0.729044      3.961508
  N      -2.003168     -0.738928    -11.156632
  O      -1.649096     -0.681341    -10.059586
  O      -2.142202     -0.267276    -12.199323
18
Coordinates from ORCA-job educt_optfreq E -476.527097850869
  C       0.239038      0.580082      2.756249
  C      -0.305441      0.786782      1.473044
  C      -0.035537     -0.093226      0.448001
  C       0.775247     -1.215102      0.681618
  C       1.313219     -1.444539      1.955602
  C       1.050836     -0.559781      2.976100
  C      -0.013254      1.537595      3.865330
  H       0.924528      2.017889      4.169982
  H      -0.383351      1.015025      4.753142
  H      -0.722109      2.314123      3.584789
  H      -0.936492      1.648455      1.299093
  H      -0.446284      0.075548     -0.538135
  H       0.981995     -1.907658     -0.123744
  H       1.926573     -2.318113      2.132287
  H       1.464774     -0.728430      3.962444
  N      -2.003319     -0.739191    -11.156879
  O      -1.648996     -0.681241    -10.059879
  O      -2.142331     -0.267171    -12.199659
18
Coordinates from ORCA-job educt_optfreq E -476.527100821319
  C       0.239079      0.580210      2.756815
  C      -0.304833      0.787083      1.472778
  C      -0.035720     -0.093443      0.447744
  C       0.775029     -1.215352      0.681624
  C       1.313159     -1.444753      1.955616
  C       1.050945     -0.560025      2.976372
  C      -0.013621      1.537654      3.865687
  H       0.924399      2.017832      4.169519
  H      -0.383813      1.015035      4.753234
  H      -0.722260      2.313749      3.584740
  H      -0.935582      1.649471      1.299370
  H      -0.446970      0.075355     -0.538157
  H       0.982351     -1.907493     -0.123937
  H       1.927349     -2.317561      2.132217
  H       1.464947     -0.727943      3.962823
  N      -2.003474     -0.739504    -11.157036
  O      -1.648907     -0.681114    -10.060080
  O      -2.142412     -0.267031    -12.199897
18
Coordinates from ORCA-job educt_optfreq E -476.527103654492
  C       0.239136      0.580175      2.757271
  C      -0.304015      0.787349      1.472588
  C      -0.035823     -0.093695      0.447600
  C       0.774824     -1.215547      0.681706
  C       1.312928     -1.444901      1.955653
  C       1.050998     -0.560194      2.976506
  C      -0.013959      1.537579      3.865942
  H       0.923995      2.017886      4.169204
  H      -0.384307      1.015320      4.753294
  H      -0.722421      2.313373      3.584964
  H      -0.934458      1.650337      1.299719
  H      -0.447688      0.075087     -0.538067
  H       0.982640     -1.907204     -0.123935
  H       1.928147     -2.316722      2.132062
  H       1.464984     -0.727407      3.962979
  N      -2.003624     -0.739798    -11.157196
  O      -1.648829     -0.680992    -10.060355
  O      -2.142511     -0.266907    -12.200122
18
Coordinates from ORCA-job educt_optfreq E -476.527107185207
  C       0.239254      0.579937      2.757652
  C      -0.302740      0.787713      1.472449
  C      -0.035940     -0.093983      0.447568
  C       0.774501     -1.215767      0.681887
  C       1.312515     -1.444998      1.955782
  C       1.050961     -0.560344      2.976628
  C      -0.014364      1.537290      3.866142
  H       0.923261      2.018071      4.168922
  H      -0.385056      1.015877      4.753464
  H      -0.722742      2.312901      3.585448
  H      -0.932567      1.651408      1.300250
  H      -0.448726      0.074615     -0.537818
  H       0.983013     -1.906769     -0.123824
  H       1.929363     -2.315390      2.131777
  H       1.464977     -0.726661      3.963051
  N      -2.003825     -0.740062    -11.157568
  O      -1.648719     -0.680874    -10.060758
  O      -2.142676     -0.266832    -12.200364
18
Coordinates from ORCA-job educt_optfreq E -476.527110362227
  C       0.239420      0.579506      2.757677
  C      -0.301406      0.788098      1.472487
  C      -0.036081     -0.094140      0.447761
  C       0.774099     -1.215942      0.682144
  C       1.312106     -1.444957      1.956020
  C       1.050772     -0.560417      2.976763
  C      -0.014688      1.536792      3.866161
  H       0.922446      2.018344      4.168792
  H      -0.385871      1.016480      4.753796
  H      -0.723231      2.312498      3.585976
  H      -0.930190      1.652427      1.300781
  H      -0.449829      0.074023     -0.537416
  H       0.983393     -1.906361     -0.123662
  H       1.930763     -2.314002      2.131440
  H       1.464993     -0.725962      3.963058
  N      -2.003920     -0.740135    -11.157831
  O      -1.648664     -0.680868    -10.061331
  O      -2.142912     -0.266836    -12.200705
18
Coordinates from ORCA-job educt_optfreq E -476.527112155820
  C       0.239615      0.579243      2.757551
  C      -0.300428      0.788346      1.472532
  C      -0.036134     -0.094141      0.447934
  C       0.773739     -1.216089      0.682301
  C       1.311870     -1.444895      1.956194
  C       1.050513     -0.560488      2.976892
  C      -0.014902      1.536418      3.866135
  H       0.921793      2.018734      4.168989
  H      -0.386529      1.016955      4.754258
  H      -0.723724      2.312318      3.586524
  H      -0.928341      1.652957      1.301177
  H      -0.450586      0.073494     -0.537044
  H       0.983621     -1.906276     -0.123584
  H       1.931918     -2.313031      2.131150
  H       1.464985     -0.725593      3.963054
  N      -2.004029     -0.739962    -11.158414
  O      -1.648571     -0.680939    -10.061566
  O      -2.143114     -0.266982    -12.200820
18
Coordinates from ORCA-job educt_optfreq E -476.527113190509
  C       0.239699      0.579137      2.757294
  C      -0.300289      0.788392      1.472672
  C      -0.036190     -0.094028      0.448170
  C       0.773578     -1.216093      0.682407
  C       1.311967     -1.444778      1.956292
  C       1.050320     -0.560504      2.976981
  C      -0.014916      1.536260      3.866009
  H       0.921647      2.018873      4.169222
  H      -0.386649      1.016996      4.754496
  H      -0.723992      2.312323      3.586556
  H      -0.927455      1.653145      1.301160
  H      -0.450776      0.073270     -0.536768
  H       0.983633     -1.906357     -0.123523
  H       1.932342     -2.312911      2.131056
  H       1.465064     -0.725670      3.963061
  N      -2.003933     -0.739748    -11.158345
  O      -1.648613     -0.681088    -10.061814
  O      -2.143242     -0.267055    -12.201070
18
Coordinates from ORCA-job educt_optfreq E -476.527114002431
  C       0.239747      0.579246      2.757238
  C      -0.300409      0.788347      1.472727
  C      -0.036191     -0.093969      0.448273
  C       0.773519     -1.216110      0.682437
  C       1.312180     -1.444731      1.956267
  C       1.050208     -0.560571      2.977049
  C      -0.014934      1.536343      3.866001
  H       0.921627      2.018982      4.169534
  H      -0.386580      1.016927      4.754625
  H      -0.724141      2.312375      3.586506
  H      -0.927129      1.653210      1.301005
  H      -0.450740      0.073172     -0.536586
  H       0.983518     -1.906561     -0.123479
  H       1.932483     -2.313065      2.131021
  H       1.465118     -0.725929      3.963089
  N      -2.003894     -0.739548    -11.158428
  O      -1.648622     -0.681210    -10.061854
  O      -2.143311     -0.267126    -12.201209
