18
Coordinates from ORCA-job educt_optfreq
  C   0.23974659291837      0.57924609030204      2.75723771839686
  C   -0.30040885197924      0.78834690451441      1.47272696677356
  C   -0.03619060785875     -0.09396918250627      0.44827277547612
  C   0.77351943247442     -1.21611048885773      0.68243662046724
  C   1.31217977979059     -1.44473114016737      1.95626680685280
  C   1.05020777527816     -0.56057131669464      2.97704888134972
  C   -0.01493417043688      1.53634330266591      3.86600055353904
  H   0.92162672183982      2.01898167846235      4.16953359072210
  H   -0.38658003857793      1.01692684018122      4.75462489081394
  H   -0.72414130043963      2.31237462149390      3.58650606390599
  H   -0.92712911284901      1.65320958989399      1.30100477398112
  H   -0.45074021724409      0.07317179833424     -0.53658562485315
  H   0.98351760760732     -1.90656140025633     -0.12347928778564
  H   1.93248342145624     -2.31306525209223      2.13102102028006
  H   1.46511802177706     -0.72592880615454      3.96308915884287
  N   -2.00389433360711     -0.73954771483901    -11.15842807290795
  O   -1.64862233973245     -0.68120992103860    -10.06185381344489
  O   -2.14331140622883     -0.26712570346445    -12.20120943766699
