18
Coordinates from ORCA-job para_p_opt_3
  C   -5.72703427146964      1.01534957462634      0.03696149071032
  C   -6.84454018575559      1.46176741856509     -0.73233882647494
  C   -7.45799191329538      0.62651587394025     -1.64478219727150
  C   -6.95393427418581     -0.68058779692813     -1.79191189609400
  C   -5.85610498991532     -1.16602043398460     -1.05301132101584
  C   -5.25154532507924     -0.31569597088331     -0.14753119743350
  C   -5.05966207504511      1.93670336061047      0.99144457077189
  H   -4.45622837295099      1.40414183330862      1.73951240451427
  H   -5.78298456651414      2.60192689237097      1.49052164962716
  H   -4.37239020061200      2.60654928795642      0.43198061068561
  H   -7.21516033413545      2.47971594690919     -0.59175198476287
  H   -8.30742229989201      0.95029836886904     -2.24765866469416
  H   -5.51480320130702     -2.19131007175420     -1.20226797052613
  H   -4.39869006929925     -0.66322107686119      0.43955219399612
  N   -7.59943173896586     -1.57406770968429     -2.74978247183711
  O   -7.66605665597902     -2.75240132589317     -2.44909886633368
  O   -8.02320553669617     -1.07439753105240     -3.77617557544999
  H   -11.72025572419288     -6.68305117978372     -9.13045328731736
