18
Coordinates from ORCA-job para_p_opt_3 E -475.489092489228
  C      -5.771909      0.977230     -0.004297
  C      -6.818433      1.430238     -0.828201
  C      -7.411483      0.592908     -1.768780
  C      -6.949073     -0.719300     -1.884093
  C      -5.915864     -1.205549     -1.083186
  C      -5.335946     -0.351055     -0.147639
  C      -5.122568      1.904685      0.988358
  H      -4.572936      1.350674      1.763227
  H      -5.865660      2.549309      1.482982
  H      -4.401870      2.570938      0.482548
  H      -7.175107      2.458731     -0.727732
  H      -8.223558      0.932352     -2.410935
  H      -5.586630     -2.237405     -1.201708
  H      -4.527730     -0.723080      0.487164
  N      -7.571377     -1.613679     -2.872739
  O      -7.148309     -2.757543     -2.952223
  O      -8.476699     -1.161628     -3.558905
  H     -11.332290     -6.015610     -8.150630
18
Coordinates from ORCA-job para_p_opt_3 E -475.593500534856
  C      -5.774177      0.974293     -0.007736
  C      -6.820895      1.427595     -0.831543
  C      -7.414129      0.590555     -1.771972
  C      -6.951659     -0.721936     -1.887319
  C      -5.918195     -1.208526     -1.086448
  C      -5.338232     -0.354178     -0.151116
  C      -5.124832      1.901420      0.984821
  H      -4.575450      1.347372      1.759744
  H      -5.867789      2.546390      1.479074
  H      -4.403960      2.567255      0.478785
  H      -7.177375      2.456069     -0.730986
  H      -8.226157      0.930571     -2.413853
  H      -5.588677     -2.240307     -1.204769
  H      -4.530006     -0.726246      0.483517
  N      -7.573628     -1.615875     -2.875464
  O      -7.151467     -2.760380     -2.956483
  O      -8.479733     -1.165565     -3.562756
  H     -11.291081     -5.966294     -8.092286
18
Coordinates from ORCA-job para_p_opt_3 E -475.593820987517
  C      -5.775995      0.971274     -0.010895
  C      -6.825756      1.426858     -0.835015
  C      -7.419801      0.591070     -1.773018
  C      -6.954556     -0.723290     -1.888444
  C      -5.917596     -1.212308     -1.088365
  C      -5.338358     -0.359682     -0.154324
  C      -5.127835      1.895992      0.979659
  H      -4.578104      1.342730      1.754336
  H      -5.870530      2.543392      1.471031
  H      -4.407106      2.560457      0.470600
  H      -7.181615      2.455018     -0.733996
  H      -8.232740      0.932835     -2.412833
  H      -5.585498     -2.243300     -1.207092
  H      -4.529550     -0.731412      0.478930
  N      -7.574704     -1.615532     -2.873861
  O      -7.163464     -2.766044     -2.952823
  O      -8.476687     -1.169559     -3.574008
  H     -11.247546     -5.916284     -8.036673
18
Coordinates from ORCA-job para_p_opt_3 E -475.594727268246
  C      -5.778086      0.968019     -0.013593
  C      -6.833227      1.424382     -0.837816
  C      -7.428316      0.588010     -1.771596
  C      -6.956388     -0.726159     -1.888588
  C      -5.912967     -1.216009     -1.092608
  C      -5.335929     -0.365487     -0.158612
  C      -5.131728      1.891262      0.973130
  H      -4.577275      1.341164      1.746590
  H      -5.874425      2.541577      1.461740
  H      -4.413969      2.556722      0.458114
  H      -7.190290      2.451926     -0.735168
  H      -8.245825      0.927367     -2.407249
  H      -5.576680     -2.245358     -1.215376
  H      -4.524830     -0.735375      0.472719
  N      -7.576076     -1.617530     -2.870141
  O      -7.198057     -2.781007     -2.916633
  O      -8.446295     -1.159860     -3.602069
  H     -11.207079     -5.861428     -7.989635
18
Coordinates from ORCA-job para_p_opt_3 E -475.596644430525
  C      -5.777500      0.965704     -0.011735
  C      -6.845930      1.424472     -0.835699
  C      -7.440749      0.588327     -1.763500
  C      -6.956041     -0.725418     -1.884259
  C      -5.900729     -1.218771     -1.095776
  C      -5.325617     -0.373991     -0.162418
  C      -5.135645      1.884396      0.967020
  H      -4.565887      1.343231      1.735472
  H      -5.877324      2.542044      1.450292
  H      -4.427842      2.555647      0.437866
  H      -7.204524      2.450945     -0.726826
  H      -8.266125      0.919647     -2.393796
  H      -5.561580     -2.246177     -1.229681
  H      -4.509950     -0.739517      0.465731
  N      -7.579583     -1.618989     -2.863694
  O      -7.267880     -2.797960     -2.831453
  O      -8.372954     -1.129360     -3.650817
  H     -11.191581     -5.842017     -7.993517
18
Coordinates from ORCA-job para_p_opt_3 E -475.597548350684
  C      -5.775726      0.964656     -0.009711
  C      -6.857089      1.424208     -0.829144
  C      -7.452913      0.588920     -1.751940
  C      -6.958974     -0.724918     -1.877331
  C      -5.891882     -1.219597     -1.096937
  C      -5.315291     -0.378081     -0.167118
  C      -5.135004      1.880630      0.961771
  H      -4.549689      1.347903      1.723587
  H      -5.873846      2.543602      1.442805
  H      -4.438538      2.556669      0.419564
  H      -7.216366      2.449268     -0.713139
  H      -8.283811      0.915183     -2.377782
  H      -5.550895     -2.245374     -1.239348
  H      -4.493455     -0.738001      0.455424
  N      -7.586880     -1.622125     -2.857047
  O      -7.352053     -2.813862     -2.753804
  O      -8.300298     -1.114355     -3.704871
  H     -11.174733     -5.832512     -8.011771
18
Coordinates from ORCA-job para_p_opt_3 E -475.598108929924
  C      -5.774267      0.963706     -0.009994
  C      -6.866464      1.421719     -0.821252
  C      -7.463532      0.587110     -1.741610
  C      -6.963032     -0.725316     -1.871625
  C      -5.886847     -1.219632     -1.100101
  C      -5.306651     -0.378377     -0.174559
  C      -5.131919      1.879572      0.957187
  H      -4.533374      1.352034      1.711896
  H      -5.868453      2.542800      1.441454
  H      -4.445808      2.560572      0.406282
  H      -7.228139      2.444884     -0.697705
  H      -8.299209      0.910303     -2.363189
  H      -5.544522     -2.244495     -1.248020
  H      -4.477621     -0.733178      0.441060
  N      -7.593379     -1.622790     -2.848421
  O      -7.444495     -2.821074     -2.681277
  O      -8.222724     -1.108229     -3.756650
  H     -11.157006     -5.827394     -8.030268
18
Coordinates from ORCA-job para_p_opt_3 E -475.598561062355
  C      -5.773452      0.962350     -0.011751
  C      -6.874353      1.417775     -0.811976
  C      -7.472328      0.584467     -1.733116
  C      -6.967358     -0.725257     -1.868967
  C      -5.884968     -1.218518     -1.106280
  C      -5.299853     -0.376070     -0.184483
  C      -5.127602      1.879162      0.953980
  H      -4.517629      1.353497      1.700771
  H      -5.862302      2.538038      1.446585
  H      -4.450912      2.566151      0.398866
  H      -7.239636      2.438601     -0.679743
  H      -8.311375      0.905863     -2.351503
  H      -5.543361     -2.243357     -1.257753
  H      -4.463536     -0.726712      0.423719
  N      -7.599587     -1.620994     -2.842274
  O      -7.540220     -2.816489     -2.614871
  O      -8.139663     -1.105928     -3.805137
  H     -11.139309     -5.830362     -8.042856
18
Coordinates from ORCA-job para_p_opt_3 E -475.598843970388
  C      -5.771954      0.962660     -0.014816
  C      -6.880503      1.412914     -0.801098
  C      -7.482696      0.578769     -1.720334
  C      -6.974973     -0.728098     -1.861710
  C      -5.885379     -1.216861     -1.109882
  C      -5.294185     -0.370354     -0.193690
  C      -5.119437      1.882918      0.947432
  H      -4.501304      1.357259      1.687638
  H      -5.852026      2.535527      1.450720
  H      -4.450016      2.573124      0.389290
  H      -7.248923      2.431982     -0.663373
  H      -8.324378      0.900170     -2.335247
  H      -5.543279     -2.241502     -1.261689
  H      -4.449750     -0.716875      0.405764
  N      -7.607475     -1.620458     -2.830907
  O      -7.637084     -2.807055     -2.555211
  O      -8.060182     -1.113116     -3.841617
  H     -11.123898     -5.838792     -8.078062
18
Coordinates from ORCA-job para_p_opt_3 E -475.598906858649
  C      -5.768989      0.965768     -0.014209
  C      -6.880092      1.413587     -0.793681
  C      -7.483592      0.579941     -1.713763
  C      -6.976126     -0.726093     -1.858050
  C      -5.884804     -1.212959     -1.109853
  C      -5.289910     -0.364294     -0.196651
  C      -5.113634      1.886655      0.948232
  H      -4.494021      1.358708      1.685861
  H      -5.846161      2.534109      1.457951
  H      -4.445906      2.578741      0.391613
  H      -7.251151      2.431390     -0.652940
  H      -8.327168      0.902285     -2.325590
  H      -5.542777     -2.237876     -1.260226
  H      -4.442315     -0.710386      0.398847
  N      -7.610211     -1.617618     -2.824415
  O      -7.676569     -2.797451     -2.528569
  O      -8.025793     -1.115778     -3.853178
  H     -11.148223     -5.886514     -8.138171
18
Coordinates from ORCA-job para_p_opt_3 E -475.598931330713
  C      -5.766438      0.969301     -0.011344
  C      -6.877456      1.416387     -0.789756
  C      -7.481000      0.582979     -1.710378
  C      -6.973598     -0.722953     -1.855863
  C      -5.882196     -1.209065     -1.107858
  C      -5.287147     -0.360053     -0.194738
  C      -5.110911      1.889845      0.952010
  H      -4.492913      1.360170      1.689860
  H      -5.844230      2.535063      1.463325
  H      -4.442197      2.582107      0.397390
  H      -7.249991      2.433625     -0.648742
  H      -8.325211      0.906430     -2.320706
  H      -5.539112     -2.233771     -1.257025
  H      -4.439144     -0.706826      0.399802
  N      -7.608420     -1.614666     -2.821004
  O      -7.682468     -2.792983     -2.521141
  O      -8.017529     -1.115128     -3.853657
  H     -11.187482     -5.938248     -8.196965
18
Coordinates from ORCA-job para_p_opt_3 E -475.598953485169
  C      -5.763985      0.972899     -0.007978
  C      -6.874536      1.419543     -0.786684
  C      -7.477877      0.586087     -1.707572
  C      -6.970824     -0.720017     -1.853335
  C      -5.879626     -1.205559     -1.104810
  C      -5.284829     -0.356437     -0.191495
  C      -5.108581      1.893175      0.956052
  H      -4.492764      1.362079      1.694789
  H      -5.842731      2.537107      1.467796
  H      -4.438299      2.585088      0.403267
  H      -7.248056      2.436547     -0.646599
  H      -8.322050      0.910607     -2.317396
  H      -5.535373     -2.230026     -1.252900
  H      -4.436956     -0.704133      0.402676
  N      -7.606216     -1.612257     -2.818326
  O      -7.678530     -2.790567     -2.518706
  O      -8.017494     -1.112625     -3.849964
  H     -11.228715     -5.989296     -8.255608
18
Coordinates from ORCA-job para_p_opt_3 E -475.598974370830
  C      -5.761492      0.976323     -0.004482
  C      -6.871871      1.422799     -0.783726
  C      -7.475374      0.589076     -1.704199
  C      -6.968566     -0.717219     -1.849800
  C      -5.877276     -1.202479     -1.101100
  C      -5.282642     -0.353419     -0.187744
  C      -5.106050      1.896432      0.959564
  H      -4.492085      1.364534      1.699288
  H      -5.840589      2.540337      1.470786
  H      -4.434292      2.587462      0.407638
  H      -7.245791      2.439815     -0.644905
  H      -8.319394      0.914396     -2.313783
  H      -5.532023     -2.226702     -1.248505
  H      -4.434962     -0.701896      0.406203
  N      -7.604199     -1.609725     -2.814883
  O      -7.672354     -2.788769     -2.517220
  O      -8.019878     -1.109517     -3.844485
  H     -11.268605     -6.039232     -8.315440
18
Coordinates from ORCA-job para_p_opt_3 E -475.598995183449
  C      -5.758956      0.979463     -0.001060
  C      -6.869627      1.425870     -0.780315
  C      -7.473518      0.591889     -1.700241
  C      -6.966877     -0.714504     -1.845631
  C      -5.875289     -1.199711     -1.097218
  C      -5.280329     -0.350615     -0.184193
  C      -5.103132      1.899593      0.962543
  H      -4.490051      1.367466      1.702856
  H      -5.837526      2.544221      1.473090
  H      -4.430474      2.589727      0.410562
  H      -7.243618      2.442952     -0.642212
  H      -8.317578      0.917507     -2.309620
  H      -5.529670     -2.223861     -1.244360
  H      -4.432557     -0.699429      0.409410
  N      -7.602731     -1.607059     -2.810762
  O      -7.668698     -2.786427     -2.513961
  O      -8.020449     -1.106272     -3.839166
  H     -11.306361     -6.088594     -8.376515
18
Coordinates from ORCA-job para_p_opt_3 E -475.599016768207
  C      -5.756392      0.982314      0.002360
  C      -6.867685      1.428878     -0.776561
  C      -7.472212      0.594660     -1.695736
  C      -6.965604     -0.711761     -1.840892
  C      -5.873551     -1.197207     -1.093129
  C      -5.277989     -0.348104     -0.180627
  C      -5.099930      1.902600      0.965087
  H      -4.486976      1.370862      1.705756
  H      -5.833564      2.549019      1.474451
  H      -4.426722      2.591565      0.412107
  H      -7.241285      2.446116     -0.638624
  H      -8.316507      0.920015     -2.304933
  H      -5.528221     -2.221420     -1.240520
  H      -4.429972     -0.696803      0.412685
  N      -7.601678     -1.604225     -2.806025
  O      -7.666328     -2.783863     -2.509791
  O      -8.020557     -1.102925     -3.833666
  H     -11.342269     -6.137506     -8.438732
18
Coordinates from ORCA-job para_p_opt_3 E -475.599038724255
  C      -5.753850      0.984991      0.005703
  C      -6.865853      1.431770     -0.772420
  C      -7.471067      0.597477     -1.691023
  C      -6.964450     -0.708900     -1.836189
  C      -5.871924     -1.194655     -1.089254
  C      -5.275591     -0.345503     -0.177334
  C      -5.096566      1.905494      0.967519
  H      -4.483317      1.374327      1.708329
  H      -5.829095      2.553997      1.475782
  H      -4.422995      2.593242      0.413229
  H      -7.238897      2.449135     -0.633953
  H      -8.315782      0.922244     -2.299959
  H      -5.527363     -2.219051     -1.237202
  H      -4.427167     -0.693753      0.415667
  N      -7.600924     -1.601250     -2.801070
  O      -7.666323     -2.780766     -2.504365
  O      -8.019157     -1.099897     -3.828928
  H     -11.377121     -6.186689     -8.501324
18
Coordinates from ORCA-job para_p_opt_3 E -475.599060536666
  C      -5.751352      0.987782      0.008989
  C      -6.863801      1.434654     -0.768285
  C      -7.469555      0.600413     -1.686614
  C      -6.962998     -0.705925     -1.832038
  C      -5.870135     -1.191801     -1.085750
  C      -5.273196     -0.342583     -0.174237
  C      -5.093334      1.908411      0.970260
  H      -4.480201      1.377443      1.711305
  H      -5.824962      2.558407      1.477837
  H      -4.419150      2.595018      0.415226
  H      -7.236497      2.452055     -0.629147
  H      -8.314680      0.924777     -2.295197
  H      -5.526210     -2.216347     -1.234112
  H      -4.424404     -0.690480      0.418454
  N      -7.600046     -1.598280     -2.796444
  O      -7.666875     -2.777504     -2.498913
  O      -8.017340     -1.097270     -3.824866
  H     -11.412706     -6.236554     -8.563258
18
Coordinates from ORCA-job para_p_opt_3 E -475.599082112736
  C      -5.748865      0.990735      0.012248
  C      -6.861573      1.437572     -0.764298
  C      -7.467763      0.603399     -1.682467
  C      -6.961362     -0.702948     -1.828201
  C      -5.868236     -1.188769     -1.082391
  C      -5.270815     -0.339472     -0.171197
  C      -5.090193      1.911416      0.973203
  H      -4.477678      1.380303      1.714674
  H      -5.821174      2.562404      1.480366
  H      -4.415093      2.596888      0.417929
  H      -7.234110      2.454966     -0.624669
  H      -8.313210      0.927602     -2.290688
  H      -5.524684     -2.213404     -1.230972
  H      -4.421711     -0.687206      0.421153
  N      -7.599079     -1.595403     -2.792065
  O      -7.666937     -2.774356     -2.493831
  O      -8.015978     -1.094770     -3.820842
  H     -11.448980     -6.286742     -8.624743
18
Coordinates from ORCA-job para_p_opt_3 E -475.599103307718
  C      -5.746371      0.993793      0.015550
  C      -6.859207      1.440597     -0.760623
  C      -7.465805      0.606390     -1.678520
  C      -6.959599     -0.700015     -1.824400
  C      -5.866256     -1.185748     -1.078918
  C      -5.268507     -0.336424     -0.167947
  C      -5.087191      1.914473      0.976248
  H      -4.475664      1.383094      1.718368
  H      -5.817717      2.566367      1.482847
  H      -4.410938      2.598746      0.420954
  H      -7.231620      2.458027     -0.620926
  H      -8.311453      0.930585     -2.286459
  H      -5.522873     -2.210434     -1.227527
  H      -4.419262     -0.684203      0.424175
  N      -7.597926     -1.592614     -2.787826
  O      -7.664833     -2.771662     -2.489839
  O      -8.016299     -1.091977     -3.816005
  H     -11.485921     -6.336779     -8.685944
18
Coordinates from ORCA-job para_p_opt_3 E -475.599124447908
  C      -5.743798      0.996850      0.018780
  C      -6.856990      1.443600     -0.756812
  C      -7.464208      0.609295     -1.674219
  C      -6.958223     -0.697191     -1.820203
  C      -5.864495     -1.182855     -1.075269
  C      -5.266162     -0.333444     -0.164768
  C      -5.083862      1.917597      0.978939
  H      -4.473320      1.386033      1.721764
  H      -5.813740      2.570730      1.484832
  H      -4.406383      2.600403      0.423357
  H      -7.229186      2.461101     -0.617060
  H      -8.310147      0.933428     -2.281792
  H      -5.521320     -2.207596     -1.223995
  H      -4.416609     -0.681196      0.426929
  N      -7.597184     -1.589867     -2.783159
  O      -7.663484     -2.768963     -2.485250
  O      -8.016640     -1.089211     -3.810884
  H     -11.521689     -6.386498     -8.747980
18
Coordinates from ORCA-job para_p_opt_3 E -475.599145561427
  C      -5.741148      0.999906      0.021936
  C      -6.854869      1.446601     -0.752893
  C      -7.462870      0.612159     -1.669655
  C      -6.957116     -0.694409     -1.815755
  C      -5.862876     -1.180024     -1.071556
  C      -5.263771     -0.330496     -0.161693
  C      -5.080272      1.920749      0.981371
  H      -4.470730      1.389036      1.724941
  H      -5.809344      2.575402      1.486416
  H      -4.401472      2.601869      0.425315
  H      -7.226823      2.464177     -0.613045
  H      -8.309226      0.936188     -2.276706
  H      -5.519973     -2.204840     -1.220405
  H      -4.413806     -0.678191      0.429443
  N      -7.596810     -1.587146     -2.778155
  O      -7.662905     -2.766215     -2.480083
  O      -8.016957     -1.086513     -3.805604
  H     -11.556475     -6.436037     -8.810665
18
Coordinates from ORCA-job para_p_opt_3 E -475.599166669122
  C      -5.738450      1.002961      0.025052
  C      -6.852796      1.449599     -0.748898
  C      -7.461566      0.615069     -1.665062
  C      -6.956029     -0.691573     -1.811346
  C      -5.861207     -1.177161     -1.067988
  C      -5.261268     -0.327519     -0.158797
  C      -5.076631      1.923846      0.983794
  H      -4.468063      1.391953      1.728052
  H      -5.804877      2.580026      1.487981
  H      -4.396514      2.603286      0.427284
  H      -7.224605      2.467197     -0.608846
  H      -8.308423      0.939019     -2.271457
  H      -5.518560     -2.202049     -1.216946
  H      -4.410829     -0.675168      0.431690
  N      -7.596621     -1.584396     -2.773029
  O      -7.663471     -2.763230     -2.474214
  O      -8.016654     -1.083981     -3.800621
  H     -11.590878     -6.485665     -8.873442
18
Coordinates from ORCA-job para_p_opt_3 E -475.599187639642
  C      -5.735703      1.006020      0.028137
  C      -6.850725      1.452617     -0.744836
  C      -7.460433      0.617959     -1.660271
  C      -6.955151     -0.688761     -1.806780
  C      -5.859700     -1.174330     -1.064350
  C      -5.258822     -0.324563     -0.155898
  C      -5.072761      1.926983      0.986039
  H      -4.465270      1.394923      1.731083
  H      -5.800013      2.585015      1.489182
  H      -4.391146      2.604461      0.428945
  H      -7.222311      2.470270     -0.604606
  H      -8.307836      0.941847     -2.265935
  H      -5.517341     -2.199298     -1.213421
  H      -4.407860     -0.672165      0.433867
  N      -7.596751     -1.581706     -2.767686
  O      -7.663967     -2.760355     -2.468265
  O      -8.017128     -1.081481     -3.795227
  H     -11.624522     -6.535222     -8.936770
18
Coordinates from ORCA-job para_p_opt_3 E -475.599208472670
  C      -5.732907      1.009099      0.031177
  C      -6.848632      1.455656     -0.740760
  C      -7.459372      0.620849     -1.655385
  C      -6.954418     -0.685974     -1.802096
  C      -5.858293     -1.171514     -1.060665
  C      -5.256395     -0.321603     -0.153024
  C      -5.068742      1.930148      0.988155
  H      -4.462451      1.397913      1.734077
  H      -5.794896      2.590242      1.490106
  H      -4.385463      2.605452      0.430425
  H      -7.219964      2.473378     -0.600399
  H      -8.307358      0.944709     -2.260257
  H      -5.516226     -2.196570     -1.209802
  H      -4.404906     -0.669188      0.435992
  N      -7.597134     -1.579072     -2.762141
  O      -7.664283     -2.757602     -2.462295
  O      -8.018383     -1.079017     -3.789398
  H     -11.657622     -6.584690     -9.000499
18
Coordinates from ORCA-job para_p_opt_3 E -475.599229207343
  C      -5.730027      1.012202      0.034129
  C      -6.846573      1.458697     -0.736590
  C      -7.458559      0.623689     -1.650219
  C      -6.954012     -0.683256     -1.797134
  C      -5.857102     -1.168747     -1.056871
  C      -5.253983     -0.318650     -0.150215
  C      -5.064382      1.933394      0.989961
  H      -4.459422      1.401003      1.736881
  H      -5.789224      2.595885      1.490561
  H      -4.379237      2.606163      0.431429
  H      -7.217577      2.476525     -0.596118
  H      -8.307203      0.947516     -2.254176
  H      -5.515379     -2.193905     -1.206077
  H      -4.401861     -0.666203      0.437909
  N      -7.598003     -1.576527     -2.756192
  O      -7.664927     -2.754965     -2.455950
  O      -8.020391     -1.076646     -3.783065
  H     -11.689578     -6.633959     -9.065053
18
Coordinates from ORCA-job para_p_opt_3 E -475.599249824325
  C      -5.727036      1.015346      0.036964
  C      -6.844537      1.461764     -0.732338
  C      -7.457990      0.626511     -1.644782
  C      -6.953937     -0.680595     -1.791907
  C      -5.856111     -1.166026     -1.053000
  C      -5.251554     -0.315697     -0.147519
  C      -5.059665      1.936707      0.991443
  H      -4.456226      1.404155      1.739513
  H      -5.782983      2.601947      1.490506
  H      -4.372396      2.606549      0.431971
  H      -7.215149      2.479714     -0.591753
  H      -8.307417      0.950295     -2.247668
  H      -5.514811     -2.191316     -1.202254
  H      -4.398704     -0.663218      0.439574
  N      -7.599423     -1.574075     -2.749790
  O      -7.665972     -2.752421     -2.449140
  O      -8.023254     -1.074388     -3.776153
  H     -11.720274     -6.683035     -9.130458
18
Coordinates from ORCA-job para_p_opt_3 E -475.599249834635
  C      -5.727034      1.015350      0.036961
  C      -6.844540      1.461767     -0.732339
  C      -7.457992      0.626516     -1.644782
  C      -6.953934     -0.680588     -1.791912
  C      -5.856105     -1.166020     -1.053011
  C      -5.251545     -0.315696     -0.147531
  C      -5.059662      1.936703      0.991445
  H      -4.456228      1.404142      1.739512
  H      -5.782985      2.601927      1.490522
  H      -4.372390      2.606549      0.431981
  H      -7.215160      2.479716     -0.591752
  H      -8.307422      0.950298     -2.247659
  H      -5.514803     -2.191310     -1.202268
  H      -4.398690     -0.663221      0.439552
  N      -7.599432     -1.574068     -2.749782
  O      -7.666057     -2.752401     -2.449099
  O      -8.023206     -1.074398     -3.776176
  H     -11.720256     -6.683051     -9.130453
