18
Coordinates from ORCA-job neb_educts_optfreq2
  C   -4.23528000000000      2.34526000000000      0.03244000000000
  C   -5.43614000000000      1.62886000000000      0.15209000000000
  C   -5.42344000000000      0.23005000000000      0.18646000000000
  C   -4.21365000000000     -0.46114000000000      0.10214000000000
  C   -3.01460000000000      0.24535000000000     -0.01687000000000
  C   -3.02294000000000      1.64412000000000     -0.05166000000000
  C   -4.25902000000000      3.84584000000000     -0.00441000000000
  H   -4.20514000000000     -1.54354000000000      0.12897000000000
  H   -6.35144000000000     -0.31822000000000      0.27832000000000
  H   -6.37975000000000      2.15346000000000      0.21759000000000
  H   -3.25301000000000      4.26553000000000     -0.09279000000000
  H   -4.71116000000000      4.23201000000000      0.91138000000000
  H   -4.84417000000000      4.19646000000000     -0.86055000000000
  H   -2.08539000000000      2.17695000000000     -0.14406000000000
  H   -2.07833000000000     -0.29089000000000     -0.08186000000000
  N   -3.80550000000000      0.88346000000000     -7.33713000000000
  O   -2.46272000000000      1.75460000000000     -6.98996000000000
  O   -5.07028000000000      1.30526000000000     -7.63067000000000
