17
Coordinates from ORCA-job opt2_1 E -492.335097747678
  C      -4.450539      0.588279      0.114236
  C      -5.249551     -0.570485      0.300337
  C      -4.673987     -1.815977      0.226826
  C      -3.302626     -1.949923     -0.029962
  C      -2.507816     -0.810377     -0.214497
  C      -3.062125      0.445180     -0.146391
  H      -6.308229     -0.459597      0.498429
  H      -5.283699     -2.698076      0.368227
  H      -2.857203     -2.933699     -0.085814
  H      -1.450111     -0.920031     -0.412628
  H      -2.452544      1.328795     -0.288015
  N      -5.005322      1.812484      0.184801
  H      -5.989266      1.931918      0.364404
  H      -4.455405      2.645454      0.050354
  N       9.754385      4.222212     -1.706654
  O      10.440238      5.160944     -1.640579
  O       8.708041      3.782611     -1.441056
17
Coordinates from ORCA-job opt2_1 E -492.335131036693
  C      -4.466133      0.583069      0.115903
  C      -5.264935     -0.575855      0.301864
  C      -4.688964     -1.821158      0.228773
  C      -3.317478     -1.954809     -0.027888
  C      -2.522786     -0.815193     -0.212626
  C      -3.077654      0.440166     -0.144234
  H      -6.323677     -0.465170      0.499726
  H      -5.298392     -2.703456      0.370155
  H      -2.871991     -2.938550     -0.083884
  H      -1.465058     -0.924781     -0.410834
  H      -2.468796      1.324225     -0.285994
  N      -5.021165      1.807150      0.186337
  H      -6.005044      1.926477      0.366373
  H      -4.471233      2.640280      0.052917
  N       9.826156      4.245863     -1.715225
  O      10.512102      5.184503     -1.648993
  O       8.779288      3.806948     -1.450350
17
Coordinates from ORCA-job opt2_1 E -492.335164012332
  C      -4.482315      0.577779      0.117652
  C      -5.280328     -0.581764      0.303301
  C      -4.703216     -1.826518      0.230525
  C      -3.331498     -1.959062     -0.025852
  C      -2.537500     -0.818952     -0.210615
  C      -3.093671      0.435799     -0.141787
  H      -6.339239     -0.471886      0.500713
  H      -5.311775     -2.709428      0.371817
  H      -2.885456     -2.942549     -0.082024
  H      -1.479731     -0.927800     -0.408797
  H      -2.486096      1.320704     -0.283692
  N      -5.038250      1.801452      0.187645
  H      -6.022059      1.920221      0.368408
  H      -4.488599      2.635047      0.055931
  N       9.898448      4.268695     -1.723813
  O      10.584554      5.207238     -1.657786
  O       8.850970      3.830732     -1.459605
17
Coordinates from ORCA-job opt2_1 E -492.335196562474
  C      -4.499095      0.572419      0.119474
  C      -5.295661     -0.588208      0.304765
  C      -4.716719     -1.832092      0.232099
  C      -3.344723     -1.962716     -0.023956
  C      -2.552084     -0.821622     -0.208508
  C      -3.110180      0.432224     -0.139358
  H      -6.354801     -0.479772      0.501745
  H      -5.323892     -2.715987      0.373213
  H      -2.897543     -2.945685     -0.080230
  H      -1.494167     -0.929068     -0.406509
  H      -2.504267      1.318279     -0.281377
  N      -5.056635      1.795367      0.188957
  H      -6.040413      1.913011      0.370637
  H      -4.507704      2.629739      0.059123
  N       9.971260      4.290738     -1.732310
  O      10.657764      5.229073     -1.667014
  O       8.923099      3.854010     -1.468732
17
Coordinates from ORCA-job opt2_1 E -492.335228826680
  C      -4.516292      0.567015      0.121355
  C      -5.310889     -0.595025      0.306293
  C      -4.729669     -1.837837      0.233547
  C      -3.357390     -1.965981     -0.022195
  C      -2.566653     -0.823492     -0.206359
  C      -3.127054      0.429298     -0.137108
  H      -6.370270     -0.488491      0.503001
  H      -5.335156     -2.722926      0.374401
  H      -2.908576     -2.948212     -0.078473
  H      -1.508477     -0.929010     -0.404039
  H      -2.522964      1.316610     -0.279147
  N      -5.075977      1.788993      0.190473
  H      -6.059778      1.905020      0.373043
  H      -4.528190      2.624356      0.062226
  N      10.044437      4.312258     -1.740722
  O      10.731592      5.250196     -1.676497
  O       8.995547      3.876940     -1.477780
17
Coordinates from ORCA-job opt2_1 E -492.335261114676
  C      -4.534217      0.561539      0.123304
  C      -5.325991     -0.602484      0.307725
  C      -4.741655     -1.843842      0.234789
  C      -3.369003     -1.968526     -0.020518
  C      -2.581063     -0.824012     -0.204072
  C      -3.144555      0.427380     -0.134878
  H      -6.385680     -0.498639      0.504199
  H      -5.344930     -2.730516      0.375194
  H      -2.917758     -2.949643     -0.076776
  H      -1.522515     -0.926739     -0.401253
  H      -2.542688      1.316219     -0.276785
  N      -5.096959      1.782134      0.192294
  H      -6.080901      1.895744      0.375617
  H      -4.550978      2.618888      0.065447
  N      10.118234      4.332835     -1.749074
  O      10.806374      5.270141     -1.686440
  O       9.068525      3.899232     -1.486753
17
Coordinates from ORCA-job opt2_1 E -492.335293570815
  C      -4.553291      0.555949      0.125371
  C      -5.340904     -0.610967      0.308950
  C      -4.752101     -1.850232      0.235714
  C      -3.378914     -1.969891     -0.018938
  C      -2.595132     -0.822399     -0.201558
  C      -3.163051      0.427000     -0.132464
  H      -6.401027     -0.511055      0.505117
  H      -5.352294     -2.739110      0.375395
  H      -2.924021     -2.949315     -0.075224
  H      -1.536046     -0.920989     -0.398025
  H      -2.564144      1.317885     -0.273956
  N      -5.120519      1.774500      0.194552
  H      -6.104792      1.884455      0.378295
  H      -4.577375      2.613271      0.068916
  N      10.192990      4.351891     -1.757419
  O      10.882549      5.288254     -1.697017
  O       9.142313      3.920464     -1.495690
17
Coordinates from ORCA-job opt2_1 E -492.335326158227
  C      -4.573800      0.550213      0.127619
  C      -5.355576     -0.620754      0.309877
  C      -4.760564     -1.857065      0.236241
  C      -3.386632     -1.969695     -0.017461
  C      -2.608682     -0.818074     -0.198730
  C      -3.182796      0.428512     -0.129576
  H      -6.416304     -0.526355      0.505509
  H      -5.356529     -2.748950      0.374865
  H      -2.926606     -2.946699     -0.073932
  H      -1.548892     -0.910860     -0.394296
  H      -2.587900      1.322199     -0.270209
  N      -5.147297      1.765857      0.197339
  H      -6.132168      1.870613      0.380880
  H      -4.608297      2.607438      0.072704
  N      10.268899      4.368982     -1.765869
  O      10.960321      5.304077     -1.708245
  O       9.217063      3.940269     -1.504695
17
Coordinates from ORCA-job opt2_1 E -492.335358733635
  C      -4.595563      0.544336      0.130060
  C      -5.370023     -0.631711      0.310502
  C      -4.767210     -1.864230      0.236403
  C      -3.392360     -1.968009     -0.016060
  C      -2.621669     -0.811290     -0.195575
  C      -3.203637      0.431668     -0.126019
  H      -6.431505     -0.544244      0.505273
  H      -5.357847     -2.759862      0.373671
  H      -2.925953     -2.941956     -0.072943
  H      -1.561078     -0.896845     -0.390158
  H      -2.613863      1.328946     -0.265290
  N      -5.176889      1.756261      0.200550
  H      -6.162606      1.854469      0.383130
  H      -4.643207      2.601343      0.076783
  N      10.345758      4.384259     -1.774543
  O      11.039297      5.317890     -1.719871
  O       9.292594      3.958683     -1.513893
17
Coordinates from ORCA-job opt2_1 E -492.335391258864
  C      -4.618239      0.538325      0.132669
  C      -5.384282     -0.643549      0.310873
  C      -4.772446     -1.871576      0.236268
  C      -3.396580     -1.965097     -0.014716
  C      -2.634173     -0.802611     -0.192106
  C      -3.225279      0.436026     -0.121795
  H      -6.446609     -0.564080      0.504469
  H      -5.356832     -2.771541      0.371935
  H      -2.922933     -2.935509     -0.072214
  H      -1.572769     -0.879948     -0.385701
  H      -2.641630      1.337592     -0.259215
  N      -5.208524      1.745883      0.204033
  H      -6.195266      1.836553      0.384927
  H      -4.681047      2.594965      0.081076
  N      10.423241      4.398121     -1.783524
  O      11.118974      5.330225     -1.731566
  O       9.368633      3.975930     -1.523391
17
Coordinates from ORCA-job opt2_1 E -492.335423602160
  C      -4.641445      0.532189      0.135385
  C      -5.398403     -0.655924      0.311051
  C      -4.776771     -1.878960      0.235909
  C      -3.399873     -1.961324     -0.013394
  C      -2.646350     -0.792710     -0.188351
  C      -3.247389      0.441106     -0.117068
  H      -6.461595     -0.585097      0.503239
  H      -5.354242     -2.783647      0.369778
  H      -2.918534     -2.927907     -0.071628
  H      -1.584178     -0.861323     -0.380979
  H      -2.670662      1.347471     -0.252226
  N      -5.241334      1.734944      0.207617
  H      -6.229185      1.817499      0.386305
  H      -4.720611      2.588307      0.085519
  N      10.501011      4.411078     -1.792850
  O      11.198894      5.341676     -1.743028
  O       9.444907      3.992334     -1.533260
17
Coordinates from ORCA-job opt2_1 E -492.335455812505
  C      -4.665903      0.525804      0.138239
  C      -5.412205     -0.669510      0.310826
  C      -4.779088     -1.886569      0.235062
  C      -3.401080     -1.955803     -0.012125
  C      -2.657961     -0.780113     -0.184069
  C      -3.270607      0.447922     -0.111732
  H      -6.476328     -0.608789      0.501280
  H      -5.348298     -2.796801      0.366706
  H      -2.910840     -2.917859     -0.071169
  H      -1.594989     -0.838677     -0.375562
  H      -2.702235      1.359979     -0.244067
  N      -5.276962      1.722843      0.211396
  H      -6.266039      1.795923      0.387407
  H      -4.764164      2.581161      0.090477
  N      10.579468      4.422092     -1.802588
  O      11.279741      5.350995     -1.754474
  O       9.521730      4.007113     -1.543587
17
Coordinates from ORCA-job opt2_1 E -492.335487724827
  C      -4.691749      0.519112      0.141174
  C      -5.425562     -0.684440      0.310106
  C      -4.779102     -1.894396      0.233643
  C      -3.399938     -1.948288     -0.010897
  C      -2.669034     -0.764448     -0.179191
  C      -3.295117      0.456708     -0.105879
  H      -6.490652     -0.635482      0.498487
  H      -5.338554     -2.811046      0.362579
  H      -2.899384     -2.904976     -0.070732
  H      -1.605215     -0.811397     -0.369246
  H      -2.736643      1.375343     -0.234887
  N      -5.315760      1.709373      0.215281
  H      -6.306087      1.771434      0.388456
  H      -4.812179      2.573382      0.096168
  N      10.658556      4.430937     -1.812738
  O      11.361619      5.357816     -1.765898
  O       9.599042      4.020076     -1.554410
17
Coordinates from ORCA-job opt2_1 E -492.335520014662
  C      -4.722956      0.511434      0.144534
  C      -5.437171     -0.704626      0.307669
  C      -4.770113     -1.903268      0.230187
  C      -3.389461     -1.933265     -0.009936
  C      -2.677764     -0.736979     -0.172370
  C      -3.324532      0.473221     -0.097921
  H      -6.503517     -0.673937      0.492703
  H      -5.314224     -2.829709      0.354753
  H      -2.872954     -2.881378     -0.070760
  H      -1.612841     -0.766005     -0.359956
  H      -2.781593      1.401838     -0.221715
  N      -5.366999      1.690885      0.219906
  H      -6.358929      1.735807      0.389146
  H      -4.877764      2.563571      0.104289
  N      10.739839      4.431228     -1.824129
  O      11.447325      5.354783     -1.777689
  O       9.677895      4.026111     -1.566691
17
Coordinates from ORCA-job opt2_1 E -492.335520196503
  C      -4.722997      0.511471      0.144449
  C      -5.437119     -0.704600      0.307773
  C      -4.770156     -1.903314      0.230311
  C      -3.389529     -1.933394     -0.009947
  C      -2.677980     -0.737078     -0.172630
  C      -3.324665      0.473203     -0.098243
  H      -6.503452     -0.673934      0.492914
  H      -5.314434     -2.829634      0.355040
  H      -2.872899     -2.881439     -0.070702
  H      -1.613040     -0.765895     -0.360022
  H      -2.781350      1.401542     -0.222469
  N      -5.367123      1.690915      0.219738
  H      -6.358933      1.735802      0.389686
  H      -4.877826      2.563607      0.104455
  N      10.739952      4.431453     -1.824039
  O      11.447745      5.354724     -1.777601
  O       9.678046      4.026279     -1.566693
