67
Coordinates from ORCA-job opt
  C   -1.37842000000000      1.74482000000000     -0.67431000000000
  C   -2.55921000000000      0.76761000000000     -0.90393000000000
  C   -2.07061000000000     -0.62633000000000     -1.34830000000000
  H   -3.22933000000000      1.17667000000000     -1.66381000000000
  H   -3.13412000000000      0.67031000000000      0.02118000000000
  C   -1.03017000000000     -1.15481000000000     -0.34027000000000
  C   0.12918000000000     -0.15110000000000     -0.11951000000000
  O   -0.42914000000000      1.14223000000000      0.25266000000000
  C   -1.92240000000000      3.06669000000000     -0.07071000000000
  H   -0.86932000000000      1.94378000000000     -1.62233000000000
  O   -0.91959000000000      4.08626000000000      0.01510000000000
  H   -2.31933000000000      2.87162000000000      0.92941000000000
  H   -2.73745000000000      3.43668000000000     -0.69871000000000
  H   -1.33825000000000      4.91236000000000      0.34164000000000
  O   -3.18124000000000     -1.54182000000000     -1.37789000000000
  H   -1.61441000000000     -0.55596000000000     -2.34039000000000
  H   -3.84937000000000     -1.25159000000000     -2.02577000000000
  N   -0.52731000000000     -2.47019000000000     -0.76935000000000
  H   -1.53180000000000     -1.29000000000000      0.62231000000000
  H   -1.30708000000000     -3.11958000000000     -0.85158000000000
  H   0.11550000000000     -2.84369000000000     -0.07436000000000
  O   1.01638000000000     -0.07546000000000     -1.28311000000000
  H   0.71902000000000     -0.50508000000000      0.73899000000000
  C   2.88512000000000      1.62128000000000     -1.28755000000000
  C   3.55394000000000      1.70646000000000     -2.70306000000000
  C   4.63546000000000      0.60823000000000     -2.97927000000000
  O   3.92632000000000     -0.66570000000000     -2.84683000000000
  C   3.35301000000000     -1.03045000000000     -1.53679000000000
  C   2.42946000000000      0.13486000000000     -0.95976000000000
  C   2.69830000000000     -2.47755000000000     -1.69648000000000
  H   4.20396000000000     -1.13361000000000     -0.85825000000000
  H   2.52278000000000      0.04533000000000      0.12545000000000
  O   2.66993000000000     -3.35279000000000     -0.51095000000000
  H   3.27642000000000     -3.00572000000000     -2.45968000000000
  H   1.68884000000000     -2.37076000000000     -2.09762000000000
  H   2.38354000000000     -4.32280000000000     -0.66655000000000
  N   4.15729000000000      3.03883000000000     -2.87932000000000
  H   2.76513000000000      1.58839000000000     -3.45194000000000
  H   3.43385000000000      3.74861000000000     -2.78095000000000
  H   4.52733000000000      3.11359000000000     -3.82485000000000
  O   5.19117000000000      0.81597000000000     -4.35403000000000
  H   5.45607000000000      0.65517000000000     -2.24754000000000
  C   6.49489000000000      0.30348000000000     -4.89089000000000
  C   6.84876000000000     -1.15163000000000     -4.27974000000000
  C   8.31994000000000     -1.50763000000000     -4.58198000000000
  C   7.67844000000000      1.43805000000000     -4.84493000000000
  H   6.31765000000000      0.13429000000000     -5.95628000000000
  C   7.72213000000000      2.67322000000000     -5.90462000000000
  O   8.95674000000000      0.77827000000000     -5.03371000000000
  H   7.68459000000000      1.86607000000000     -3.83881000000000
  O   8.94025000000000      3.57959000000000     -5.87908000000000
  H   6.83403000000000      3.28882000000000     -5.73886000000000
  H   7.64163000000000      2.25039000000000     -6.90948000000000
  H   9.13369000000000      4.36481000000000     -6.55540000000000
  N   8.71390000000000     -2.73067000000000     -3.85869000000000
  H   8.12172000000000     -3.50695000000000     -4.14538000000000
  H   8.58282000000000     -2.60316000000000     -2.85753000000000
  O   1.77914000000000      2.60979000000000     -1.20311000000000
  H   3.64331000000000      1.89561000000000     -0.54919000000000
  H   1.78622000000000      3.37096000000000     -0.52639000000000
  C   9.24683000000000     -0.34779000000000     -4.17932000000000
  H   8.43166000000000     -1.68446000000000     -5.65587000000000
  H   10.28970000000000     -0.63557000000000     -4.33982000000000
  H   9.10534000000000     -0.06736000000000     -3.13145000000000
  O   6.01674000000000     -2.29621000000000     -4.75053000000000
  H   6.74627000000000     -1.08621000000000     -3.19380000000000
  H   6.25235000000000     -3.26053000000000     -4.46687000000000
