18
Coordinates from ORCA-job e_c_14 E -476.268158721510
  C      -5.589201      0.760320      4.353771
  C      -6.176274      1.507238      3.311676
  C      -6.191493      1.025067      2.019771
  C      -5.615886     -0.218995      1.731241
  C      -5.039474     -0.977451      2.755703
  C      -5.029622     -0.492810      4.049858
  C      -5.550284      1.304508      5.742498
  H      -5.314365      0.533415      6.473712
  H      -6.500425      1.771656      6.010578
  H      -4.784751      2.085244      5.820348
  H      -6.623532      2.467511      3.536131
  H      -6.670260      1.591356      1.231529
  H      -5.585559     -0.566555      0.707377
  H      -4.599130     -1.940855      2.536507
  H      -4.584712     -1.080406      4.842415
  N     -10.847409     -2.104732    -25.661811
  O     -10.533024     -1.929883    -24.573268
  O     -10.908653     -2.717340    -26.627600
18
Coordinates from ORCA-job e_c_14 E -476.268396850715
  C      -5.589035      0.759497      4.358624
  C      -6.173942      1.511670      3.315191
  C      -6.186849      1.032668      2.023656
  C      -5.611711     -0.213060      1.734587
  C      -5.035961     -0.975998      2.759224
  C      -5.028034     -0.495710      4.052879
  C      -5.555784      1.298406      5.747428
  H      -5.321304      0.525926      6.478032
  H      -6.506230      1.767053      6.012808
  H      -4.790172      2.079824      5.828846
  H      -6.618557      2.472606      3.541499
  H      -6.659165      1.602734      1.235040
  H      -5.583158     -0.562609      0.711010
  H      -4.596359     -1.938898      2.536630
  H      -4.584606     -1.084437      4.845465
  N     -10.853400     -2.105730    -25.682130
  O     -10.537463     -1.930144    -24.589512
  O     -10.912325     -2.726512    -26.648838
18
Coordinates from ORCA-job e_c_14 E -476.268523853920
  C      -5.589752      0.757675      4.367523
  C      -6.169350      1.516765      3.322844
  C      -6.177753      1.043085      2.030623
  C      -5.603889     -0.203755      1.740182
  C      -5.030847     -0.972531      2.764623
  C      -5.026621     -0.498479      4.058589
  C      -5.564022      1.289530      5.756974
  H      -5.331555      0.515621      6.486665
  H      -6.514458      1.760376      6.018977
  H      -4.798650      2.071617      5.843601
  H      -6.610877      2.478174      3.552698
  H      -6.639556      1.619608      1.240763
  H      -5.578556     -0.556467      0.717538
  H      -4.592667     -1.934792      2.536754
  H      -4.586559     -1.088894      4.851737
  N     -10.864810     -2.107077    -25.721027
  O     -10.547649     -1.930976    -24.625883
  O     -10.916485     -2.742194    -26.682743
18
Coordinates from ORCA-job e_c_14 E -476.268596069301
  C      -5.589804      0.756386      4.383056
  C      -6.163051      1.521114      3.337673
  C      -6.165730      1.052909      2.043883
  C      -5.593272     -0.194150      1.752045
  C      -5.024550     -0.967898      2.776358
  C      -5.025056     -0.499410      4.071445
  C      -5.571292      1.282249      5.773738
  H      -5.341148      0.507057      6.502625
  H      -6.521861      1.754649      6.032617
  H      -4.806454      2.064763      5.865895
  H      -6.602714      2.482530      3.570990
  H      -6.616433      1.636082      1.252480
  H      -5.571613     -0.550233      0.730523
  H      -4.587808     -1.929721      2.543971
  H      -4.589382     -1.091639      4.865645
  N     -10.882843     -2.111625    -25.794735
  O     -10.565162     -1.935320    -24.698692
  O     -10.925882     -2.760456    -26.749080
18
Coordinates from ORCA-job e_c_14 E -476.268633336177
  C      -5.589684      0.755835      4.398013
  C      -6.157113      1.523894      3.352226
  C      -6.154133      1.059719      2.056780
  C      -5.582674     -0.187125      1.764335
  C      -5.018685     -0.963916      2.788961
  C      -5.023984     -0.498899      4.085368
  C      -5.576917      1.278166      5.790061
  H      -5.349197      0.501852      6.518374
  H      -6.528123      1.750692      6.046340
  H      -4.812771      2.060819      5.887050
  H      -6.596482      2.485040      3.587364
  H      -6.596037      1.647875      1.263981
  H      -5.564187     -0.545958      0.743783
  H      -4.582855     -1.925665      2.554520
  H      -4.592535     -1.092752      4.880666
  N     -10.899745     -2.117275    -25.868160
  O     -10.582026     -1.940968    -24.772315
  O     -10.936908     -2.774047    -26.816911
18
Coordinates from ORCA-job e_c_14 E -476.268652420045
  C      -5.588483      0.756610      4.412745
  C      -6.152512      1.525572      3.366498
  C      -6.145850      1.062868      2.070227
  C      -5.574690     -0.183911      1.778243
  C      -5.013878     -0.961516      2.803589
  C      -5.022395     -0.497391      4.100697
  C      -5.578992      1.278123      5.805577
  H      -5.352995      0.501116      6.533668
  H      -6.531162      1.749614      6.060120
  H      -4.815478      2.060840      5.905376
  H      -6.592431      2.486571      3.601321
  H      -6.583494      1.653106      1.276543
  H      -5.557880     -0.544239      0.758221
  H      -4.578153     -1.923452      2.569676
  H      -4.593444     -1.092187      4.896644
  N     -10.914603     -2.124485    -25.942143
  O     -10.597177     -1.948262    -24.846668
  O     -10.950436     -2.781688    -26.889897
18
Coordinates from ORCA-job e_c_14 E -476.268668620588
  C      -5.587423      0.757673      4.427430
  C      -6.147631      1.527269      3.380162
  C      -6.136648      1.065529      2.083324
  C      -5.565650     -0.181438      1.792532
  C      -5.008434     -0.959499      2.819127
  C      -5.020767     -0.495794      4.116727
  C      -5.581993      1.278800      5.820911
  H      -5.357942      0.501104      6.548901
  H      -6.535670      1.748510      6.073096
  H      -4.819467      2.061845      5.923804
  H      -6.588197      2.488305      3.613668
  H      -6.569759      1.657587      1.288486
  H      -5.550548     -0.543498      0.773107
  H      -4.572513     -1.921721      2.586758
  H      -4.594497     -1.091560      4.913385
  N     -10.929471     -2.132297    -26.015869
  O     -10.612379     -1.956027    -24.920695
  O     -10.965068     -2.787501    -26.964417
18
Coordinates from ORCA-job e_c_14 E -476.268681763900
  C      -5.586236      0.759056      4.442204
  C      -6.142784      1.529018      3.393398
  C      -6.127688      1.067561      2.096413
  C      -5.556757     -0.179844      1.807310
  C      -5.002804     -0.957985      2.835467
  C      -5.018826     -0.494262      4.133187
  C      -5.585156      1.280095      5.835982
  H      -5.362667      0.502053      6.564128
  H      -6.540508      1.747832      6.085530
  H      -4.823928      2.063887      5.941589
  H      -6.583747      2.490314      3.625066
  H      -6.556487      1.660949      1.300242
  H      -5.543032     -0.543751      0.788513
  H      -4.566520     -1.920509      2.605032
  H      -4.594982     -1.090697      4.930631
  N     -10.944454     -2.140289    -26.089611
  O     -10.627775     -1.963781    -24.994506
  O     -10.979706     -2.792360    -27.040138
18
Coordinates from ORCA-job e_c_14 E -476.268692070064
  C      -5.584513      0.760737      4.457088
  C      -6.138659      1.530543      3.406732
  C      -6.120918      1.068595      2.110005
  C      -5.549945     -0.179273      1.822578
  C      -4.997967     -0.957006      2.852147
  C      -5.016425     -0.492760      4.149610
  C      -5.586635      1.282126      5.850721
  H      -5.364642      0.504363      6.579340
  H      -6.543261      1.748363      6.098267
  H      -4.826698      2.066960      5.957660
  H      -6.579708      2.492186      3.636751
  H      -6.546885      1.662415      1.312662
  H      -5.536783     -0.544704      0.804303
  H      -4.561338     -1.919760      2.623342
  H      -4.594074     -1.089210      4.947832
  N     -10.959292     -2.147965    -26.163743
  O     -10.643174     -1.971106    -25.068506
  O     -10.993140     -2.797220    -27.116353
18
Coordinates from ORCA-job e_c_14 E -476.268701131286
  C      -5.582400      0.762569      4.471983
  C      -6.135176      1.531772      3.420253
  C      -6.115918      1.068873      2.123966
  C      -5.544811     -0.179372      1.838094
  C      -4.993876     -0.956349      2.868878
  C      -5.013783     -0.491218      4.165906
  C      -5.586581      1.284706      5.865216
  H      -5.364255      0.507682      6.594521
  H      -6.544107      1.749834      6.111442
  H      -4.827863      2.070720      5.972379
  H      -6.576205      2.493739      3.648932
  H      -6.540255      1.662487      1.325617
  H      -5.531602     -0.546051      0.820259
  H      -4.556969     -1.919284      2.641374
  H      -4.592245     -1.087186      4.964921
  N     -10.974026     -2.155261    -26.238144
  O     -10.658598     -1.978006    -25.142710
  O     -11.005385     -2.802369    -27.192452
18
Coordinates from ORCA-job e_c_14 E -476.268709433795
  C      -5.580172      0.764947      4.486743
  C      -6.131961      1.532385      3.432735
  C      -6.111621      1.067040      2.137542
  C      -5.540129     -0.181758      1.854368
  C      -4.989707     -0.956837      2.887102
  C      -5.010798     -0.489549      4.183053
  C      -5.586436      1.289060      5.878841
  H      -5.362158      0.514167      6.609768
  H      -6.545051      1.752746      6.123690
  H      -4.829921      2.077526      5.984697
  H      -6.572795      2.494897      3.659477
  H      -6.534749      1.659271      1.337545
  H      -5.525850     -0.550348      0.837228
  H      -4.552439     -1.920035      2.661407
  H      -4.589782     -1.083823      4.983612
  N     -10.989986     -2.162021    -26.312210
  O     -10.675794     -1.983739    -25.216403
  O     -11.014706     -2.806642    -27.268760
18
Coordinates from ORCA-job e_c_14 E -476.268716273570
  C      -5.578147      0.767551      4.501306
  C      -6.128571      1.532663      3.444506
  C      -6.106576      1.064298      2.150593
  C      -5.534554     -0.185139      1.870921
  C      -4.985065     -0.957780      2.906168
  C      -5.007875     -0.487698      4.200851
  C      -5.587039      1.294335      5.892062
  H      -5.360488      0.522033      6.624985
  H      -6.547151      1.755932      6.135169
  H      -4.833328      2.085805      5.996418
  H      -6.569398      2.495788      3.668653
  H      -6.528145      1.654800      1.348507
  H      -5.519000     -0.556175      0.854684
  H      -4.547303     -1.921341      2.682989
  H      -4.587671     -1.079914      5.003372
  N     -11.006459     -2.168667    -26.385898
  O     -10.693714     -1.989222    -25.289737
  O     -11.023571     -2.809981    -27.345113
18
Coordinates from ORCA-job e_c_14 E -476.268716582625
  C      -5.578380      0.767917      4.501082
  C      -6.128430      1.532143      3.443536
  C      -6.105749      1.062849      2.149930
  C      -5.533434     -0.186701      1.871433
  C      -4.984380     -0.958480      2.907495
  C      -5.007867     -0.487412      4.201874
  C      -5.587957      1.295790      5.891502
  H      -5.360928      0.524180      6.625007
  H      -6.548625      1.756520      6.134106
  H      -4.835068      2.088048      5.995490
  H      -6.569574      2.495348      3.666725
  H      -6.527085      1.652695      1.347242
  H      -5.517405     -0.558447      0.855465
  H      -4.546380     -1.922169      2.685334
  H      -4.587971     -1.079028      5.004999
  N     -11.006544     -2.168039    -26.385862
  O     -10.693736     -1.988918    -25.289722
  O     -11.024542     -2.809008    -27.345200
18
Coordinates from ORCA-job e_c_14 E -476.268703936321
  C      -5.584621      0.784436      4.495302
  C      -6.124545      1.510128      3.406044
  C      -6.083456      0.998535      2.128945
  C      -5.501105     -0.255734      1.898086
  C      -4.962360     -0.989938      2.966008
  C      -5.004978     -0.476797      4.243895
  C      -5.616951      1.356545      5.867390
  H      -5.358481      0.621715      6.627374
  H      -6.596103      1.786327      6.094647
  H      -4.900831      2.185314      5.943883
  H      -6.572329      2.477998      3.593985
  H      -6.497358      1.558158      1.300914
  H      -5.462474     -0.656936      0.893874
  H      -4.517047     -1.957969      2.780063
  H      -4.593002     -1.037862      5.072822
  N     -11.034413     -2.152199    -26.391366
  O     -10.731236     -1.969170    -25.293876
  O     -11.002765     -2.765263    -27.367551
18
Coordinates from ORCA-job e_c_14 E -476.268718110501
  C      -5.582257      0.776910      4.501073
  C      -6.123710      1.521322      3.425409
  C      -6.087625      1.029862      2.140215
  C      -5.509904     -0.222717      1.888710
  C      -4.969311     -0.974966      2.943180
  C      -5.006345     -0.481561      4.229162
  C      -5.607807      1.328530      5.882255
  H      -5.366319      0.575425      6.630069
  H      -6.579914      1.771130      6.113910
  H      -4.875000      2.140602      5.974758
  H      -6.569135      2.487116      3.628224
  H      -6.501973      1.604646      1.323046
  H      -5.482849     -0.611868      0.879544
  H      -4.527316     -1.941424      2.741877
  H      -4.593148     -1.057824      5.046809
  N     -11.024211     -2.159514    -26.405939
  O     -10.715169     -1.979686    -25.309229
  O     -11.022061     -2.788696    -27.372636
18
Coordinates from ORCA-job e_c_14 E -476.268718662729
  C      -5.582959      0.777542      4.500426
  C      -6.122741      1.520581      3.422952
  C      -6.084504      1.027457      2.138440
  C      -5.506276     -0.225442      1.889722
  C      -4.967256     -0.976261      2.946052
  C      -5.006430     -0.481149      4.231369
  C      -5.611106      1.331135      5.880903
  H      -5.369513      0.579200      6.629873
  H      -6.584558      1.771758      6.110720
  H      -4.879962      2.144602      5.973431
  H      -6.568713      2.486572      3.623510
  H      -6.497666      1.601187      1.319939
  H      -5.478514     -0.616533      0.881281
  H      -4.524879     -1.942986      2.746908
  H      -4.594528     -1.056477      5.050294
  N     -11.025242     -2.157832    -26.405268
  O     -10.716065     -1.978496    -25.308449
  O     -11.023143     -2.787569    -27.371665
18
Coordinates from ORCA-job e_c_14 E -476.268718107176
  C      -5.585055      0.780742      4.497748
  C      -6.120470      1.516483      3.412951
  C      -6.076058      1.014988      2.131879
  C      -5.495636     -0.239050      1.894338
  C      -4.960748     -0.982550      2.958013
  C      -5.006233     -0.479118      4.239937
  C      -5.621085      1.343403      5.874525
  H      -5.375958      0.598059      6.628906
  H      -6.599232      1.776648      6.098720
  H      -4.897292      2.163612      5.963812
  H      -6.568233      2.483390      3.604783
  H      -6.486539      1.582818      1.307952
  H      -5.463615     -0.637341      0.888813
  H      -4.516689     -1.950210      2.767370
  H      -4.597691     -1.049030      5.064263
  N     -11.030185     -2.152094    -26.401102
  O     -10.721892     -1.973213    -25.303806
  O     -11.021443     -2.780250    -27.368666
18
Coordinates from ORCA-job e_c_14 E -476.268718005573
  C      -5.585284      0.781383      4.497356
  C      -6.120284      1.515703      3.411311
  C      -6.075188      1.012606      2.130904
  C      -5.494345     -0.241595      1.895205
  C      -4.959836     -0.983688      2.960077
  C      -5.006084     -0.478724      4.241344
  C      -5.622368      1.345649      5.873408
  H      -5.376704      0.601470      6.628756
  H      -6.601130      1.778007      6.096673
  H      -4.899560      2.166807      5.961899
  H      -6.568311      2.482783      3.601654
  H      -6.485792      1.579170      1.306170
  H      -5.461279     -0.640906      0.890146
  H      -4.515371     -1.951438      2.770851
  H      -4.597805     -1.047631      5.066498
  N     -11.030897     -2.151026    -26.400492
  O     -10.722779     -1.972290    -25.303073
  O     -11.021041     -2.778995    -27.368252
18
Coordinates from ORCA-job e_c_14 E -476.268717683502
  C      -5.585798      0.782511      4.496721
  C      -6.120019      1.514181      3.408438
  C      -6.073535      1.008251      2.129200
  C      -5.491883     -0.246174      1.896764
  C      -4.958122     -0.985668      2.963822
  C      -5.005863     -0.477941      4.243923
  C      -5.624751      1.349673      5.871478
  H      -5.378198      0.607627      6.628618
  H      -6.604515      1.780674      6.093058
  H      -4.903618      2.172457      5.958533
  H      -6.568616      2.481520      3.596153
  H      -6.484171      1.572598      1.302963
  H      -5.456925     -0.647315      0.892517
  H      -4.512885     -1.953566      2.777186
  H      -4.598098     -1.044987      5.070623
  N     -11.031833     -2.149030    -26.399711
  O     -10.723889     -1.970836    -25.302129
  O     -11.021335     -2.776686    -27.367719
18
Coordinates from ORCA-job e_c_14 E -476.268717553617
  C      -5.586200      0.783147      4.496516
  C      -6.119932      1.513241      3.406923
  C      -6.072471      1.005749      2.128336
  C      -5.490221     -0.248724      1.897735
  C      -4.956949     -0.986693      2.966083
  C      -5.005728     -0.477430      4.245527
  C      -5.626304      1.351923      5.870536
  H      -5.379860      0.610952      6.628753
  H      -6.606403      1.782804      6.090871
  H      -4.905619      2.175177      5.956978
  H      -6.568988      2.480668      3.593127
  H      -6.483161      1.568822      1.301253
  H      -5.453974     -0.650829      0.893940
  H      -4.511140     -1.954622      2.780967
  H      -4.598283     -1.043429      5.073113
  N     -11.031858     -2.147518    -26.400073
  O     -10.723717     -1.970229    -25.302399
  O     -11.023250     -2.775723    -27.367749
18
Coordinates from ORCA-job e_c_14 E -476.268717669486
  C      -5.587055      0.783996      4.497039
  C      -6.120048      1.511797      3.405598
  C      -6.070641      1.002398      2.127821
  C      -5.487028     -0.251854      1.899624
  C      -4.954595     -0.987675      2.969827
  C      -5.005414     -0.476517      4.248431
  C      -5.628997      1.354824      5.870097
  H      -5.385147      0.614658      6.629925
  H      -6.608681      1.787958      6.087692
  H      -4.906921      2.176899      5.956569
  H      -6.570219      2.479122      3.589700
  H      -6.481692      1.563668      1.299672
  H      -5.448215     -0.654908      0.896355
  H      -4.507537     -1.955443      2.786881
  H      -4.598474     -1.041185      5.077198
  N     -11.030035     -2.144121    -26.404830
  O     -10.720531     -1.970420    -25.306984
  O     -11.032826     -2.775910    -27.370177
18
Coordinates from ORCA-job e_c_14 E -476.268720171273
  C      -5.587288      0.783514      4.501712
  C      -6.120712      1.512380      3.411339
  C      -6.070432      1.005162      2.132699
  C      -5.485537     -0.248112      1.902388
  C      -4.952989     -0.985189      2.971609
  C      -5.004698     -0.476167      4.251026
  C      -5.628879      1.352299      5.875604
  H      -5.393090      0.608906      6.634856
  H      -6.605219      1.793723      6.091021
  H      -4.899614      2.167735      5.965487
  H      -6.571988      2.478935      3.596808
  H      -6.482544      1.567352      1.305680
  H      -5.445223     -0.648971      0.898342
  H      -4.504899     -1.952244      2.787402
  H      -4.597510     -1.042110      5.078820
  N     -11.025153     -2.142258    -26.427611
  O     -10.712704     -1.975780    -25.329501
  O     -11.055575     -2.781890    -27.387246
18
Coordinates from ORCA-job e_c_14 E -476.268726198867
  C      -5.586723      0.783305      4.510743
  C      -6.119779      1.513821      3.421453
  C      -6.068093      1.008850      2.141972
  C      -5.482350     -0.243757      1.910199
  C      -4.950334     -0.982532      2.978489
  C      -5.003295     -0.475668      4.258748
  C      -5.628671      1.350160      5.885532
  H      -5.398677      0.604191      6.644086
  H      -6.602837      1.796796      6.099685
  H      -4.894728      2.161051      5.978660
  H      -6.571771      2.479745      3.608345
  H      -6.478808      1.572569      1.315329
  H      -5.442021     -0.643492      0.905598
  H      -4.502081     -1.949240      2.792872
  H      -4.596724     -1.042542      5.086178
  N     -11.026952     -2.144570    -26.473256
  O     -10.712962     -1.983305    -25.374843
  O     -11.077250     -2.788095    -27.429351
18
Coordinates from ORCA-job e_c_14 E -476.268732430931
  C      -5.586391      0.785861      4.521858
  C      -6.116437      1.512782      3.428708
  C      -6.060131      1.003680      2.151085
  C      -5.472708     -0.249278      1.925758
  C      -4.943492     -0.984418      2.997980
  C      -5.000955     -0.473434      4.276413
  C      -5.633392      1.357303      5.894683
  H      -5.402813      0.614691      6.656360
  H      -6.609535      1.801295      6.105458
  H      -4.902573      2.171069      5.987002
  H      -6.569581      2.478935      3.611394
  H      -6.466560      1.564723      1.320548
  H      -5.430243     -0.653249      0.922855
  H      -4.494637     -1.951614      2.816459
  H      -4.597033     -1.036598      5.107616
  N     -11.040188     -2.147594    -26.535078
  O     -10.726833     -1.987575    -25.436324
  O     -11.090552     -2.789294    -27.492340
18
Coordinates from ORCA-job e_c_14 E -476.268734036764
  C      -5.584288      0.789025      4.530419
  C      -6.111801      1.512287      3.433176
  C      -6.054200      0.997458      2.158041
  C      -5.467810     -0.257270      1.939501
  C      -4.940327     -0.988364      3.015562
  C      -4.999047     -0.471845      4.291568
  C      -5.634965      1.365863      5.900756
  H      -5.392628      0.629883      6.665172
  H      -6.616983      1.796746      6.112333
  H      -4.916109      2.190725      5.987585
  H      -6.563656      2.479881      3.611269
  H      -6.456668      1.555544      1.323636
  H      -5.426252     -0.666958      0.938791
  H      -4.492439     -1.956806      2.838362
  H      -4.596855     -1.031064      5.126229
  N     -11.064814     -2.157038    -26.580887
  O     -10.756666     -1.985877    -25.482213
  O     -11.068547     -2.784900    -27.548862
18
Coordinates from ORCA-job e_c_14 E -476.268734501655
  C      -5.584934      0.789958      4.530003
  C      -6.111635      1.510878      3.430832
  C      -6.052584      0.993865      2.156639
  C      -5.465424     -0.260938      1.940611
  C      -4.938754     -0.989773      3.018570
  C      -4.999005     -0.471068      4.293598
  C      -5.637241      1.369005      5.899268
  H      -5.395423      0.634473      6.665214
  H      -6.619557      1.800183      6.108843
  H      -4.918686      2.194242      5.985296
  H      -6.564143      2.478592      3.606702
  H      -6.455289      1.550183      1.321126
  H      -5.421939     -0.671919      0.940600
  H      -4.489960     -1.958218      2.843690
  H      -4.597277     -1.028943      5.129412
  N     -11.065821     -2.155504    -26.580175
  O     -10.758063     -1.984859    -25.481327
  O     -11.068319     -2.782872    -27.548464
18
Coordinates from ORCA-job e_c_14 E -476.268735005657
  C      -5.585683      0.790903      4.529966
  C      -6.111692      1.509470      3.428925
  C      -6.051246      0.990656      2.155509
  C      -5.463166     -0.264050      1.941238
  C      -4.937251     -0.990685      3.020991
  C      -4.999068     -0.470182      4.295177
  C      -5.639380      1.371621      5.898305
  H      -5.401332      0.637350      6.665657
  H      -6.620717      1.806482      6.104610
  H      -4.918169      2.194586      5.984601
  H      -6.565105      2.477209      3.602555
  H      -6.455733      1.545183      1.319624
  H      -5.416808     -0.675363      0.941672
  H      -4.486932     -1.958870      2.848543
  H      -4.597434     -1.027474      5.131494
  N     -11.067291     -2.154352    -26.579595
  O     -10.760475     -1.984284    -25.480393
  O     -11.066572     -2.780914    -27.548442
18
Coordinates from ORCA-job e_c_14 E -476.268735334081
  C      -5.585436      0.790292      4.530541
  C      -6.112042      1.510315      3.430767
  C      -6.052437      0.993239      2.156592
  C      -5.464647     -0.261238      1.940109
  C      -4.938225     -0.989356      3.018597
  C      -4.999209     -0.470581      4.293533
  C      -5.637918      1.369172      5.899697
  H      -5.402554      0.632957      6.666028
  H      -6.617845      1.807050      6.106126
  H      -4.913803      2.189448      5.987480
  H      -6.565311      2.477868      3.605830
  H      -6.457943      1.548903      1.321953
  H      -5.418659     -0.670949      0.939873
  H      -4.487954     -1.957315      2.844755
  H      -4.597035     -1.029311      5.128640
  N     -11.067172     -2.155714    -26.580131
  O     -10.760691     -1.985365    -25.480874
  O     -11.065174     -2.782130    -27.549081
18
Coordinates from ORCA-job e_c_14 E -476.268736572433
  C      -5.584581      0.787556      4.532513
  C      -6.113476      1.513812      3.438137
  C      -6.057015      1.004012      2.160819
  C      -5.470353     -0.249456      1.935561
  C      -4.942032     -0.983897      3.008742
  C      -4.999827     -0.472332      4.286796
  C      -5.632225      1.358970      5.905042
  H      -5.407136      0.615151      6.667168
  H      -6.606563      1.808282      6.112585
  H      -4.897061      2.168759      5.998795
  H      -6.566149      2.480509      3.619366
  H      -6.465426      1.564560      1.330865
  H      -5.426408     -0.652991      0.932658
  H      -4.492387     -1.951045      2.828843
  H      -4.595861     -1.036562      5.117347
  N     -11.066263     -2.161097    -26.581696
  O     -10.760934     -1.989785    -25.482282
  O     -11.060360     -2.787160    -27.550822
18
Coordinates from ORCA-job e_c_14 E -476.268737615315
  C      -5.584503      0.785587      4.533502
  C      -6.114598      1.515910      3.442657
  C      -6.059403      1.011017      2.163252
  C      -5.473040     -0.241555      1.932592
  C      -4.943891     -0.980182      3.002410
  C      -5.000341     -0.473438      4.282526
  C      -5.629361      1.352215      5.908236
  H      -5.413015      0.603126      6.667799
  H      -6.599251      1.810729      6.115885
  H      -4.885614      2.153620      6.006651
  H      -6.567262      2.481831      3.627959
  H      -6.468990      1.574745      1.336031
  H      -5.429965     -0.641070      0.927979
  H      -4.494638     -1.946760      2.818510
  H      -4.595688     -1.040975      5.110482
  N     -11.065880     -2.164461    -26.582141
  O     -10.761616     -1.992917    -25.482518
  O     -11.056999     -2.790136    -27.551375
18
Coordinates from ORCA-job e_c_14 E -476.268738679034
  C      -5.585185      0.783669      4.533889
  C      -6.115979      1.517429      3.446064
  C      -6.060759      1.016897      2.164826
  C      -5.473870     -0.234550      1.930067
  C      -4.944504     -0.976821      2.997154
  C      -5.000878     -0.474328      4.279059
  C      -5.628165      1.346317      5.910529
  H      -5.422742      0.592154      6.668202
  H      -6.592837      1.815804      6.117224
  H      -4.874624      2.137902      6.014244
  H      -6.569229      2.482347      3.635020
  H      -6.470326      1.583194      1.339356
  H      -5.430514     -0.630516      0.924035
  H      -4.495518     -1.942822      2.809628
  H      -4.596298     -1.044114      5.105481
  N     -11.065853     -2.167039    -26.581685
  O     -10.763032     -1.996014    -25.481684
  O     -11.053743     -2.792222    -27.550972
18
Coordinates from ORCA-job e_c_14 E -476.268738767102
  C      -5.585770      0.783598      4.533511
  C      -6.116320      1.517170      3.445558
  C      -6.060252      1.016511      2.164371
  C      -5.472677     -0.234706      1.930272
  C      -4.943653     -0.976859      2.997590
  C      -5.000889     -0.474240      4.279414
  C      -5.629225      1.346500      5.910094
  H      -5.426386      0.591963      6.668119
  H      -6.592922      1.818305      6.115891
  H      -4.873827      2.136188      6.014790
  H      -6.570003      2.481858      3.634569
  H      -6.468960      1.582449      1.338210
  H      -5.428263     -0.630666      0.924328
  H      -4.494608     -1.942800      2.809930
  H      -4.596828     -1.043296      5.106579
  N     -11.066349     -2.166780    -26.581194
  O     -10.764080     -1.996281    -25.480996
  O     -11.053043     -2.791629    -27.550598
18
Coordinates from ORCA-job e_c_14 E -476.268738582220
  C      -5.586115      0.784285      4.533021
  C      -6.116072      1.516311      3.443728
  C      -6.059077      1.013854      2.163300
  C      -5.471025     -0.237572      1.931436
  C      -4.942527     -0.978187      3.000085
  C      -5.000735     -0.473792      4.281146
  C      -5.630832      1.349004      5.908821
  H      -5.426581      0.595947      6.667933
  H      -6.595592      1.818989      6.113910
  H      -4.877203      2.140490      6.012547
  H      -6.569996      2.481172      3.631269
  H      -6.467070      1.578410      1.335845
  H      -5.425607     -0.634868      0.926080
  H      -4.493251     -1.944286      2.813810
  H      -4.597190     -1.041358      5.109582
  N     -11.066987     -2.165581    -26.580918
  O     -10.764790     -1.995389    -25.480652
  O     -11.053406     -2.790147    -27.550506
18
Coordinates from ORCA-job e_c_14 E -476.268738638100
  C      -5.586038      0.784234      4.533070
  C      -6.116110      1.516457      3.443966
  C      -6.059336      1.014172      2.163471
  C      -5.471360     -0.237263      1.931347
  C      -4.942739     -0.978077      2.999795
  C      -5.000737     -0.473859      4.280922
  C      -5.630537      1.348724      5.908967
  H      -5.426250      0.595513      6.667918
  H      -6.595257      1.818700      6.114255
  H      -4.876832      2.140131      6.012736
  H      -6.569922      2.481325      3.631746
  H      -6.467384      1.578790      1.336091
  H      -5.425996     -0.634357      0.925913
  H      -4.493536     -1.944153      2.813235
  H      -4.597101     -1.041500      5.109265
  N     -11.066915     -2.165737    -26.580975
  O     -10.764767     -1.995541    -25.480690
  O     -11.053238     -2.790272    -27.550595
18
Coordinates from ORCA-job e_c_14 E -476.268738738531
  C      -5.585879      0.784117      4.533195
  C      -6.116092      1.516806      3.444476
  C      -6.059704      1.014950      2.163815
  C      -5.471941     -0.236516      1.931103
  C      -4.943169     -0.977798      2.999140
  C      -5.000800     -0.474012      4.280433
  C      -5.630014      1.348056      5.909329
  H      -5.425727      0.594457      6.667899
  H      -6.594689      1.817975      6.114959
  H      -4.876160      2.139284      6.013292
  H      -6.569677      2.481693      3.632722
  H      -6.467885      1.579757      1.336634
  H      -5.426717     -0.633150      0.925485
  H      -4.494111     -1.943835      2.812028
  H      -4.597040     -1.041937      5.108527
  N     -11.066794     -2.166100    -26.581076
  O     -10.764782     -1.995930    -25.480741
  O     -11.052873     -2.790532    -27.550782
18
Coordinates from ORCA-job e_c_14 E -476.268738832262
  C      -5.585744      0.783968      4.533334
  C      -6.115978      1.517203      3.445003
  C      -6.059888      1.015859      2.164144
  C      -5.472390     -0.235649      1.930801
  C      -4.943587     -0.977477      2.998432
  C      -5.000933     -0.474195      4.279925
  C      -5.629599      1.347284      5.909739
  H      -5.425301      0.593266      6.667889
  H      -6.594272      1.817070      6.115680
  H      -4.875664      2.138384      6.013966
  H      -6.569332      2.482110      3.633707
  H      -6.468145      1.580938      1.337187
  H      -5.427321     -0.631785      0.924979
  H      -4.494696     -1.943488      2.810795
  H      -4.597135     -1.042512      5.107734
  N     -11.066704     -2.166502    -26.581155
  O     -10.764882     -1.996417    -25.480750
  O     -11.052484     -2.790771    -27.550973
