18
Coordinates from ORCA-job e_c_14
  C   -5.58574423359905      0.78396817022186      4.53333442619357
  C   -6.11597751212294      1.51720286056397      3.44500274107876
  C   -6.05988762746481      1.01585924689116      2.16414443294746
  C   -5.47238954182816     -0.23564887128812      1.93080110936400
  C   -4.94358740617005     -0.97747682693717      2.99843171498578
  C   -5.00093293381761     -0.47419547833076      4.27992471377542
  C   -5.62959920779774      1.34728444173844      5.90973891260478
  H   -5.42530138486472      0.59326588030710      6.66788928532448
  H   -6.59427159486761      1.81706984326484      6.11567990755415
  H   -4.87566421726873      2.13838377294659      6.01396583889400
  H   -6.56933196081799      2.48210985715212      3.63370683941465
  H   -6.46814544502392      1.58093823070827      1.33718672850112
  H   -5.42732139831249     -0.63178498615208      0.92497896441115
  H   -4.49469568398530     -1.94348802271142      2.81079533493009
  H   -4.59713515058158     -1.04251153145135      5.10773421092923
  N   -11.06670419693025     -2.16650155242517    -26.58115483281927
  O   -10.76488206867745     -1.99641698969910    -25.48075021685628
  O   -11.05248368299649     -2.79077140814266    -27.55097328369189
