17
Coordinates from ORCA-job opt2_2 E -491.978008841522
  C      -3.727290      0.776080      0.042290
  C      -4.655600     -0.259290      0.262640
  C      -4.255330     -1.558870      0.172170
  C      -2.936260     -1.872040     -0.137080
  C      -2.014160     -0.857550     -0.356820
  C      -2.392280      0.449290     -0.271260
  H      -5.677490     -0.012210      0.502030
  H      -4.967320     -2.347880      0.341990
  H      -2.629030     -2.901570     -0.206480
  H      -0.993260     -1.104990     -0.597000
  H      -1.680770      1.239580     -0.442170
  N      -4.106510      2.046600      0.129230
  H      -5.050480      2.294310      0.350920
  H      -3.458480      2.791810     -0.023920
  N       6.990690      3.510450     -1.358280
  O       7.187940      4.726880     -1.820690
  O       6.253220      2.865680     -0.451840
17
Coordinates from ORCA-job opt2_2 E -492.029624038365
  C      -3.732229      0.787185      0.040243
  C      -4.661687     -0.265632      0.272305
  C      -4.248752     -1.573116      0.183178
  C      -2.916147     -1.878620     -0.136895
  C      -1.991993     -0.848719     -0.369754
  C      -2.382903      0.466296     -0.284223
  H      -5.693131     -0.023606      0.519819
  H      -4.959960     -2.375405      0.362090
  H      -2.599142     -2.916245     -0.205310
  H      -0.962357     -1.093542     -0.617416
  H      -1.677716      1.268122     -0.462768
  N      -4.122638      2.064929      0.126706
  H      -5.077606      2.309594      0.356381
  H      -3.473731      2.824265     -0.034669
  N       6.974774      3.498426     -1.348885
  O       7.144409      4.638480     -1.732941
  O       6.268400      2.903869     -0.532131
17
Coordinates from ORCA-job opt2_2 E -492.033795677538
  C      -3.739809      0.793691      0.040240
  C      -4.663134     -0.273227      0.278451
  C      -4.236078     -1.583499      0.188504
  C      -2.895918     -1.877311     -0.139194
  C      -1.977569     -0.833736     -0.378761
  C      -2.382145      0.484377     -0.291111
  H      -5.699861     -0.039467      0.531132
  H      -4.941154     -2.396539      0.371820
  H      -2.568624     -2.916465     -0.209142
  H      -0.942747     -1.071428     -0.632105
  H      -1.682854      1.300982     -0.475043
  N      -4.143833      2.073624      0.128160
  H      -5.102242      2.309509      0.362158
  H      -3.502510      2.841612     -0.036899
  N       6.941494      3.491411     -1.321689
  O       7.142657      4.542968     -1.703836
  O       6.281916      2.939777     -0.576955
17
Coordinates from ORCA-job opt2_2 E -492.038828206862
  C      -3.742705      0.791164      0.041774
  C      -4.667648     -0.273805      0.277267
  C      -4.243612     -1.584851      0.186205
  C      -2.904437     -1.881442     -0.139407
  C      -1.984918     -0.839436     -0.375400
  C      -2.386119      0.479415     -0.287698
  H      -5.704696     -0.038075      0.528555
  H      -4.951219     -2.396789      0.367521
  H      -2.578815     -2.921528     -0.209901
  H      -0.949448     -1.078039     -0.627355
  H      -1.680609      1.294300     -0.469195
  N      -4.144779      2.072098      0.129962
  H      -5.103840      2.309471      0.362566
  H      -3.501549      2.839661     -0.033993
  N       6.961796      3.503489     -1.323589
  O       7.193970      4.578197     -1.737108
  O       6.276219      2.932452     -0.554470
17
Coordinates from ORCA-job opt2_2 E -492.039162053980
  C      -3.757679      0.786953      0.043637
  C      -4.679077     -0.280360      0.280607
  C      -4.251850     -1.590966      0.188719
  C      -2.912671     -1.884393     -0.139045
  C      -1.996662     -0.839584     -0.375722
  C      -2.401081      0.478888     -0.287569
  H      -5.716217     -0.047170      0.533317
  H      -4.957070     -2.404585      0.371003
  H      -2.584564     -2.923447     -0.210390
  H      -0.960971     -1.075123     -0.629398
  H      -1.697440      1.294939     -0.469627
  N      -4.163818      2.067539      0.132022
  H      -5.123025      2.301609      0.365535
  H      -3.523743      2.836793     -0.033467
  N       7.014826      3.524395     -1.323670
  O       7.269335      4.585068     -1.746954
  O       6.329297      2.955723     -0.563268
17
Coordinates from ORCA-job opt2_2 E -492.039279493842
  C      -3.773772      0.782438      0.045269
  C      -4.690198     -0.287426      0.284493
  C      -4.258997     -1.597037      0.192143
  C      -2.920213     -1.886519     -0.138208
  C      -2.009231     -0.838509     -0.376386
  C      -2.417726      0.479024     -0.288128
  H      -5.727357     -0.057554      0.539221
  H      -4.961206     -2.412538      0.376267
  H      -2.588787     -2.924190     -0.209971
  H      -0.973303     -1.069875     -0.632225
  H      -1.716160      1.296240     -0.471326
  N      -4.185016      2.062298      0.133608
  H      -5.144496      2.292162      0.368366
  H      -3.548820      2.833650     -0.034278
  N       7.071265      3.545023     -1.326566
  O       7.349506      4.596223     -1.750255
  O       6.382100      2.972872     -0.576293
17
Coordinates from ORCA-job opt2_2 E -492.039331336202
  C      -3.788388      0.778084      0.046400
  C      -4.701618     -0.293422      0.288027
  C      -4.267813     -1.602218      0.195935
  C      -2.929252     -1.889182     -0.136542
  C      -2.021483     -0.839277     -0.376869
  C      -2.432668      0.477508     -0.288933
  H      -5.738803     -0.065728      0.544445
  H      -4.968081     -2.418894      0.382009
  H      -2.595615     -2.926094     -0.208114
  H      -0.985438     -1.068054     -0.634476
  H      -1.732547      1.295534     -0.473767
  N      -4.202700      2.057280      0.134359
  H      -5.162390      2.284696      0.370323
  H      -3.568800      2.829941     -0.035700
  N       7.129087      3.563816     -1.333696
  O       7.416909      4.616758     -1.746868
  O       6.437190      2.985532     -0.590801
17
Coordinates from ORCA-job opt2_2 E -492.039384536196
  C      -3.808420      0.773974      0.047101
  C      -4.712732     -0.302940      0.294201
  C      -4.270669     -1.609082      0.203112
  C      -2.931871     -1.888022     -0.133840
  C      -2.033131     -0.832258     -0.379460
  C      -2.452752      0.482009     -0.292528
  H      -5.750440     -0.082066      0.554263
  H      -4.965161     -2.429561      0.393739
  H      -2.591299     -2.922654     -0.204499
  H      -0.996341     -1.053243     -0.640774
  H      -1.757159      1.302942     -0.481138
  N      -4.231745      2.050789      0.134165
  H      -5.192330      2.271088      0.372752
  H      -3.604252      2.827415     -0.040845
  N       7.192252      3.577505     -1.344444
  O       7.503136      4.637178     -1.722778
  O       6.490504      2.983207     -0.623297
17
Coordinates from ORCA-job opt2_2 E -492.039438696663
  C      -3.832179      0.770246      0.047731
  C      -4.723853     -0.315202      0.301341
  C      -4.269059     -1.617078      0.211486
  C      -2.929191     -1.883481     -0.130776
  C      -2.043131     -0.818996     -0.382880
  C      -2.475595      0.491263     -0.297060
  H      -5.762652     -0.104718      0.565585
  H      -4.954821     -2.443622      0.407350
  H      -2.578238     -2.914655     -0.200485
  H      -1.005095     -1.028768     -0.648514
  H      -1.787456      1.317356     -0.490435
  N      -4.268658      2.042994      0.133921
  H      -5.230687      2.253034      0.375735
  H      -3.650305      2.825581     -0.046693
  N       7.259141      3.584947     -1.356798
  O       7.597659      4.651405     -1.690377
  O       6.541711      2.975974     -0.663401
17
Coordinates from ORCA-job opt2_2 E -492.039504126406
  C      -3.859942      0.766825      0.048591
  C      -4.735128     -0.330694      0.308383
  C      -4.262527     -1.626277      0.219580
  C      -2.920368     -1.874758     -0.127716
  C      -2.050696     -0.798364     -0.386296
  C      -2.501070      0.505955     -0.301409
  H      -5.775776     -0.134613      0.576529
  H      -4.936217     -2.461592      0.420200
  H      -2.555210     -2.901054     -0.196773
  H      -1.010762     -0.993269     -0.655986
  H      -1.824186      1.340202     -0.499778
  N      -4.313953      2.033387      0.134364
  H      -5.278030      2.229884      0.379546
  H      -3.707506      2.824152     -0.051186
  N       7.330191      3.583908     -1.369322
  O       7.698378      4.653776     -1.658064
  O       6.590393      2.968811     -0.704931
17
Coordinates from ORCA-job opt2_2 E -492.039574576581
  C      -3.890186      0.763491      0.049791
  C      -4.746340     -0.348543      0.314573
  C      -4.252200     -1.636088      0.226439
  C      -2.906771     -1.862445     -0.124856
  C      -2.055761     -0.771991     -0.388809
  C      -2.527831      0.524657     -0.304696
  H      -5.789354     -0.169601      0.585713
  H      -4.911121     -2.482309      0.430633
  H      -2.524767     -2.882693     -0.193570
  H      -1.013551     -0.949791     -0.661604
  H      -1.865943      1.369937     -0.507608
  N      -4.364517      2.022116      0.135311
  H      -5.330922      2.203278      0.383502
  H      -3.771678      2.822506     -0.053580
  N       7.402537      3.575382     -1.381431
  O       7.799041      4.645331     -1.629664
  O       6.636956      2.963042     -0.744412
17
Coordinates from ORCA-job opt2_2 E -492.039636372686
  C      -3.922299      0.759902      0.051095
  C      -4.756557     -0.368028      0.320613
  C      -4.238024     -1.646024      0.233022
  C      -2.889330     -1.847104     -0.122107
  C      -2.059701     -0.741040     -0.390846
  C      -2.556423      0.546295     -0.307538
  H      -5.801956     -0.208359      0.594671
  H      -4.879763     -2.504545      0.440679
  H      -2.488284     -2.860092     -0.190367
  H      -1.015071     -0.899613     -0.666528
  H      -1.912493      1.404329     -0.514590
  N      -4.419559      2.009327      0.136031
  H      -5.388313      2.173390      0.387103
  H      -3.842202      2.820356     -0.055749
  N       7.473534      3.563303     -1.393557
  O       7.904560      4.628837     -1.597961
  O       6.679474      2.955347     -0.788243
17
Coordinates from ORCA-job opt2_2 E -492.039699954632
  C      -3.959349      0.756337      0.052278
  C      -4.763914     -0.392000      0.326976
  C      -4.212919     -1.656448      0.240124
  C      -2.860495     -1.823545     -0.119041
  C      -2.059823     -0.697231     -0.392940
  C      -2.589397      0.576689     -0.310598
  H      -5.812098     -0.258106      0.604191
  H      -4.831272     -2.531039      0.451668
  H      -2.434081     -2.826204     -0.186426
  H      -1.012290     -0.830170     -0.671562
  H      -1.970312      1.451723     -0.521923
  N      -4.487109      1.992972      0.136185
  H      -5.458648      2.134253      0.390384
  H      -3.930561      2.817802     -0.058468
  N       7.540794      3.538923     -1.406985
  O       8.020831      4.592937     -1.551675
  O       6.708234      2.939388     -0.846459
17
Coordinates from ORCA-job opt2_2 E -492.039758039142
  C      -3.997100      0.752214      0.053458
  C      -4.769210     -0.417319      0.331958
  C      -4.183088     -1.665932      0.245841
  C      -2.827260     -1.795625     -0.116014
  C      -2.058065     -0.648116     -0.393652
  C      -2.623184      0.609917     -0.312128
  H      -5.820000     -0.311395      0.611327
  H      -4.775390     -2.557680      0.460245
  H      -2.373479     -2.786292     -0.182254
  H      -1.007816     -0.753696     -0.673935
  H      -2.032764      1.503761     -0.526263
  N      -4.557615      1.974218      0.136002
  H      -5.531759      2.091112      0.392603
  H      -4.023613      2.813559     -0.059930
  N       7.603018      3.509003     -1.419886
  O       8.136193      4.543585     -1.503868
  O       6.728721      2.924966     -0.907775
17
Coordinates from ORCA-job opt2_2 E -492.039568694292
  C      -4.011953      0.742796      0.055438
  C      -4.778597     -0.427235      0.332836
  C      -4.186452     -1.671414      0.243862
  C      -2.832827     -1.791814     -0.117677
  C      -2.065314     -0.642090     -0.388696
  C      -2.635591      0.615671     -0.308270
  H      -5.829192     -0.322376      0.612227
  H      -4.768758     -2.570053      0.455980
  H      -2.374580     -2.780353     -0.182325
  H      -1.020327     -0.752602     -0.664589
  H      -2.064379      1.525078     -0.516836
  N      -4.579790      1.962968      0.132711
  H      -5.552870      2.081096      0.391915
  H      -4.049276      2.806207     -0.054544
  N       7.651718      3.517930     -1.412543
  O       8.231013      4.525777     -1.520884
  O       6.754766      2.966695     -0.922876
17
Coordinates from ORCA-job opt2_2 E -492.039841825431
  C      -4.040019      0.742686      0.056578
  C      -4.786833     -0.441839      0.335871
  C      -4.174277     -1.677324      0.249374
  C      -2.816934     -1.777669     -0.113082
  C      -2.071748     -0.614587     -0.390182
  C      -2.663406      0.631202     -0.309311
  H      -5.839403     -0.357548      0.615679
  H      -4.746262     -2.582253      0.463579
  H      -2.342287     -2.758470     -0.179211
  H      -1.020188     -0.700646     -0.669903
  H      -2.096512      1.540074     -0.523193
  N      -4.626975      1.952815      0.137750
  H      -5.602819      2.050013      0.395949
  H      -4.110958      2.803604     -0.056710
  N       7.719743      3.506602     -1.430935
  O       8.299272      4.518003     -1.492145
  O       6.807195      2.951617     -0.954378
17
Coordinates from ORCA-job opt2_2 E -492.039888170483
  C      -4.053176      0.739648      0.058008
  C      -4.797907     -0.446318      0.337712
  C      -4.183944     -1.681350      0.251389
  C      -2.826347     -1.780427     -0.111585
  C      -2.083769     -0.616065     -0.389237
  C      -2.676943      0.629356     -0.308443
  H      -5.850615     -0.364523      0.617875
  H      -4.756003     -2.586168      0.465969
  H      -2.350219     -2.760456     -0.178537
  H      -1.031461     -0.698855     -0.669885
  H      -2.107418      1.536435     -0.523729
  N      -4.642613      1.948625      0.140038
  H      -5.618813      2.042153      0.398241
  H      -4.128583      2.800201     -0.056246
  N       7.776662      3.521577     -1.437328
  O       8.355764      4.533596     -1.497312
  O       6.862976      2.968852     -0.961201
17
Coordinates from ORCA-job opt2_2 E -492.039931815270
  C      -4.071003      0.735619      0.059643
  C      -4.808727     -0.454769      0.339286
  C      -4.187810     -1.686377      0.252979
  C      -2.829591     -1.777749     -0.109935
  C      -2.094079     -0.608987     -0.387506
  C      -2.694342      0.633320     -0.306897
  H      -5.861939     -0.379577      0.619420
  H      -4.755214     -2.594118      0.467587
  H      -2.347665     -2.754911     -0.177105
  H      -1.041336     -0.684876     -0.668186
  H      -2.128266      1.542525     -0.522367
  N      -4.668052      1.940932      0.141834
  H      -5.644854      2.027515      0.400047
  H      -4.159457      2.795599     -0.055016
  N       7.838052      3.529863     -1.443606
  O       8.426453      4.536503     -1.498955
  O       6.915420      2.985770     -0.975493
17
Coordinates from ORCA-job opt2_2 E -492.039973469981
  C      -4.088599      0.731321      0.061231
  C      -4.819675     -0.463264      0.340528
  C      -4.192000     -1.691390      0.254175
  C      -2.833238     -1.775095     -0.108450
  C      -2.104280     -0.602182     -0.385665
  C      -2.711379      0.637088     -0.305148
  H      -5.873361     -0.394208      0.620454
  H      -4.754577     -2.602165      0.468633
  H      -2.345681     -2.749472     -0.175460
  H      -1.051297     -0.671616     -0.666004
  H      -2.149150      1.548830     -0.519985
  N      -4.692843      1.933084      0.143489
  H      -5.670174      2.013416      0.401672
  H      -4.189355      2.790762     -0.053322
  N       7.899150      3.537938     -1.448856
  O       8.497026      4.538927     -1.503064
  O       6.967023      3.004305     -0.988500
17
Coordinates from ORCA-job opt2_2 E -492.040014646859
  C      -4.107472      0.726828      0.062796
  C      -4.830344     -0.472770      0.341769
  C      -4.194215     -1.696508      0.255472
  C      -2.834877     -1.770754     -0.106840
  C      -2.113976     -0.592860     -0.383757
  C      -2.729598      0.642239     -0.303287
  H      -5.884561     -0.411024      0.621393
  H      -4.750568     -2.611147      0.469687
  H      -2.340499     -2.741701     -0.173648
  H      -1.060424     -0.654748     -0.663747
  H      -2.173106      1.557595     -0.517479
  N      -4.720171      1.924348      0.145050
  H      -5.698062      1.997676      0.403186
  H      -4.222701      2.785577     -0.051541
  N       7.960825      3.543860     -1.454424
  O       8.569718      4.538424     -1.505145
  O       7.017621      3.021244     -1.003756
17
Coordinates from ORCA-job opt2_2 E -492.040054471071
  C      -4.125120      0.722402      0.064382
  C      -4.841185     -0.481387      0.342879
  C      -4.198012     -1.701445      0.256514
  C      -2.838201     -1.767806     -0.105423
  C      -2.123976     -0.585801     -0.381743
  C      -2.746673      0.645904     -0.301273
  H      -5.895825     -0.425577      0.622109
  H      -4.749081     -2.619374      0.470343
  H      -2.338194     -2.735875     -0.172068
  H      -1.070112     -0.641296     -0.661377
  H      -2.194844      1.564355     -0.514678
  N      -4.744743      1.916367      0.146582
  H      -5.723073      1.984122      0.404560
  H      -4.252216      2.780524     -0.049606
  N       8.021246      3.551166     -1.459017
  O       8.638836      4.540298     -1.510417
  O       7.068763      3.039701     -1.016038
17
Coordinates from ORCA-job opt2_2 E -492.040094911488
  C      -4.144924      0.717856      0.066028
  C      -4.851389     -0.491704      0.343953
  C      -4.198258     -1.706514      0.257656
  C      -2.837754     -1.761877     -0.103681
  C      -2.132972     -0.574100     -0.379393
  C      -2.765777      0.652264     -0.298897
  H      -5.906588     -0.444306      0.622616
  H      -4.741892     -2.628986      0.470955
  H      -2.329981     -2.725905     -0.170323
  H      -1.078420     -0.620975     -0.658639
  H      -2.221549      1.575224     -0.511841
  N      -4.774019      1.906865      0.148030
  H      -5.752934      1.967031      0.405632
  H      -4.288240      2.774942     -0.047660
  N       8.082474      3.554817     -1.464900
  O       8.710940      4.537344     -1.511329
  O       7.118875      3.054304     -1.032477
17
Coordinates from ORCA-job opt2_2 E -492.040133137244
  C      -4.161472      0.713459      0.067537
  C      -4.862210     -0.499547      0.344991
  C      -4.203224     -1.711120      0.258663
  C      -2.842385     -1.759920     -0.102272
  C      -2.143171     -0.568741     -0.377528
  C      -2.781877      0.654674     -0.296945
  H      -5.917692     -0.457083      0.623381
  H      -4.742360     -2.636298      0.471629
  H      -2.330063     -2.721537     -0.168889
  H      -1.088452     -0.610346     -0.656484
  H      -2.242011      1.580409     -0.509378
  N      -4.796184      1.899443      0.149594
  H      -5.775427      1.955172      0.406961
  H      -4.314407      2.769871     -0.045617
  N       8.141711      3.563136     -1.468688
  O       8.776624      4.541296     -1.518189
  O       7.170188      3.073410     -1.043035
17
Coordinates from ORCA-job opt2_2 E -492.040172048778
  C      -4.180607      0.708895      0.069188
  C      -4.872350     -0.509452      0.345886
  C      -4.204027     -1.715949      0.259589
  C      -2.842592     -1.754371     -0.100557
  C      -2.152182     -0.557838     -0.375019
  C      -2.800360      0.660387     -0.294375
  H      -5.928295     -0.474952      0.623596
  H      -4.736132     -2.645353      0.471893
  H      -2.323087     -2.712121     -0.167216
  H      -1.096946     -0.591512     -0.653419
  H      -2.268181      1.590585     -0.506367
  N      -4.824057      1.890139      0.151013
  H      -5.803823      1.938874      0.407785
  H      -4.348481      2.764138     -0.043475
  N       8.202037      3.567207     -1.474019
  O       8.846141      4.539446     -1.520536
  O       7.220532      3.088157     -1.058239
17
Coordinates from ORCA-job opt2_2 E -492.040209059100
  C      -4.197054      0.704442      0.070654
  C      -4.883043     -0.517233      0.346928
  C      -4.208859     -1.720396      0.260652
  C      -2.847171     -1.752141     -0.099066
  C      -2.162374     -0.552264     -0.373242
  C      -2.816421      0.662801     -0.292568
  H      -5.939205     -0.487843      0.624396
  H      -4.736466     -2.652430      0.472672
  H      -2.323094     -2.707404     -0.165695
  H      -1.106934     -0.580907     -0.651212
  H      -2.289129      1.595880     -0.504198
  N      -4.846088      1.882598      0.152617
  H      -5.826138      1.926761      0.409118
  H      -4.374507      2.758867     -0.041407
  N       8.261116      3.575406     -1.477636
  O       8.911340      4.543387     -1.526590
  O       7.271618      3.106758     -1.069692
17
Coordinates from ORCA-job opt2_2 E -492.040245722283
  C      -4.214358      0.699961      0.072214
  C      -4.893470     -0.525678      0.347932
  C      -4.212263     -1.724921      0.261628
  C      -2.850256     -1.748691     -0.097516
  C      -2.172201     -0.544815     -0.371156
  C      -2.833336      0.666313     -0.290507
  H      -5.949897     -0.502436      0.624957
  H      -4.734528     -2.660061      0.473178
  H      -2.320669     -2.700920     -0.164124
  H      -1.116432     -0.567533     -0.648548
  H      -2.311946      1.602750     -0.501761
  N      -4.870019      1.874434      0.154166
  H      -5.850401      1.913114      0.410250
  H      -4.403207      2.753365     -0.039347
  N       8.320530      3.582169     -1.481658
  O       8.977574      4.545453     -1.531308
  O       7.322469      3.123776     -1.082670
17
Coordinates from ORCA-job opt2_2 E -492.040281167004
  C      -4.230044      0.695571      0.073651
  C      -4.904182     -0.532817      0.349168
  C      -4.218057     -1.729218      0.262828
  C      -2.855964     -1.747244     -0.096114
  C      -2.182795     -0.540567     -0.369698
  C      -2.848847      0.667864     -0.289124
  H      -5.960709     -0.513982      0.626144
  H      -4.736507     -2.666504      0.474249
  H      -2.322389     -2.697253     -0.162656
  H      -1.126872     -0.559125     -0.646677
  H      -2.331505      1.606610     -0.500142
  N      -4.890494      1.867356      0.155856
  H      -5.871039      1.901945      0.411871
  H      -4.427217      2.748194     -0.037475
  N       8.379220      3.591432     -1.484477
  O       9.041558      4.550854     -1.537598
  O       7.373432      3.143163     -1.094076
17
Coordinates from ORCA-job opt2_2 E -492.040316254712
  C      -4.246246      0.691253      0.075210
  C      -4.914693     -0.540294      0.350449
  C      -4.222967     -1.733541      0.263964
  C      -2.860735     -1.745149     -0.094743
  C      -2.193174     -0.535287     -0.367986
  C      -2.864921      0.669985     -0.287470
  H      -5.971340     -0.526459      0.627250
  H      -4.737150     -2.673245      0.475097
  H      -2.322654     -2.692607     -0.161309
  H      -1.137049     -0.549068     -0.644589
  H      -2.352022      1.611167     -0.498350
  N      -4.912106      1.859992      0.157491
  H      -5.892844      1.889968      0.413342
  H      -4.452851      2.742964     -0.035711
  N       8.438063      3.599899     -1.487542
  O       9.105767      4.555417     -1.543430
  O       7.424512      3.161283     -1.105942
17
Coordinates from ORCA-job opt2_2 E -492.040350183174
  C      -4.260721      0.687051      0.076634
  C      -4.925516     -0.546371      0.352094
  C      -4.230446     -1.737628      0.265460
  C      -2.868318     -1.745256     -0.093554
  C      -2.204375     -0.533479     -0.367105
  C      -2.879501      0.669988     -0.286644
  H      -5.982107     -0.535620      0.629249
  H      -4.741973     -2.678740      0.476773
  H      -2.327396     -2.691094     -0.160129
  H      -1.148253     -0.544341     -0.643690
  H      -2.369012      1.612484     -0.497635
  N      -4.930035      1.853839      0.159271
  H      -5.910772      1.880749      0.415442
  H      -4.473493      2.738147     -0.034220
  N       8.496126      3.611102     -1.489244
  O       9.167791      4.563483     -1.550699
  O       7.475593      3.181964     -1.116275
17
Coordinates from ORCA-job opt2_2 E -492.040383877148
  C      -4.275942      0.682855      0.078166
  C      -4.936099     -0.553024      0.353713
  C      -4.236666     -1.741756      0.266863
  C      -2.874563     -1.744380     -0.092373
  C      -2.215190     -0.530137     -0.365930
  C      -2.894811      0.670820     -0.285410
  H      -5.992672     -0.546167      0.631054
  H      -4.744762     -2.684724      0.478181
  H      -2.330107     -2.688179     -0.159034
  H      -1.159020     -0.537172     -0.642583
  H      -2.387634      1.615041     -0.496527
  N      -4.949562      1.847186      0.160921
  H      -5.930337      1.870432      0.417283
  H      -4.496352      2.733166     -0.032732
  N       8.554346      3.621114     -1.491227
  O       9.230274      4.570140     -1.557569
  O       7.526689      3.201065     -1.127064
17
Coordinates from ORCA-job opt2_2 E -492.040416581047
  C      -4.289770      0.678875      0.079668
  C      -4.946915     -0.558474      0.355809
  C      -4.244946     -1.745714      0.268650
  C      -2.883052     -1.745441     -0.091427
  C      -2.226661     -0.529750     -0.365460
  C      -2.908942      0.669846     -0.284796
  H      -6.003330     -0.553946      0.633805
  H      -4.750959     -2.689714      0.480368
  H      -2.336492     -2.688004     -0.158297
  H      -1.170641     -0.534380     -0.642734
  H      -2.403367      1.614829     -0.496465
  N      -4.966082      1.841673      0.162660
  H      -5.946747      1.862573      0.419635
  H      -4.515115      2.728661     -0.031594
  N       8.611881      3.633432     -1.492114
  O       9.290772      4.579820     -1.565756
  O       7.577957      3.221995     -1.136222
17
Coordinates from ORCA-job opt2_2 E -492.040448513722
  C      -4.302900      0.674873      0.081064
  C      -4.957826     -0.563401      0.358189
  C      -4.254153     -1.749537      0.270760
  C      -2.892613     -1.747285     -0.090585
  C      -2.238421     -0.530674     -0.365635
  C      -2.922475      0.667940     -0.284709
  H      -6.013974     -0.560398      0.637221
  H      -4.758546     -2.694228      0.483266
  H      -2.344656     -2.689018     -0.157638
  H      -1.182697     -0.533595     -0.643929
  H      -2.418101      1.613420     -0.497064
  N      -4.981063      1.836599      0.164400
  H      -5.961491      1.855942      0.422373
  H      -4.531771      2.724270     -0.030591
  N       8.668983      3.646837     -1.492168
  O       9.350409      4.590718     -1.574140
  O       7.628884      3.243816     -1.145084
17
Coordinates from ORCA-job opt2_2 E -492.040479627247
  C      -4.314993      0.671147      0.082523
  C      -4.968844     -0.567375      0.361226
  C      -4.264759     -1.753253      0.273344
  C      -2.903731     -1.750711     -0.090049
  C      -2.250592     -0.533925     -0.366500
  C      -2.935158      0.664548     -0.285092
  H      -6.024598     -0.564731      0.641756
  H      -4.768465     -2.698045      0.487025
  H      -2.355549     -2.692279     -0.157542
  H      -1.195379     -0.536056     -0.646677
  H      -2.431043      1.609920     -0.498762
  N      -4.993702      1.832553      0.166123
  H      -5.973762      1.851515      0.425502
  H      -4.545185      2.720364     -0.030000
  N       8.725349      3.661978     -1.491248
  O       9.408221      4.603876     -1.583556
  O       7.679780      3.266752     -1.152344
17
Coordinates from ORCA-job opt2_2 E -492.040510589884
  C      -4.327248      0.667187      0.083868
  C      -4.979878     -0.571591      0.364148
  C      -4.275077     -1.756936      0.275949
  C      -2.914597     -1.753630     -0.089407
  C      -2.262664     -0.536577     -0.367520
  C      -2.947918      0.661331     -0.285639
  H      -6.035228     -0.569507      0.646202
  H      -4.777737     -2.701998      0.490906
  H      -2.365959     -2.694906     -0.157172
  H      -1.207939     -0.537864     -0.649418
  H      -2.444933      1.607021     -0.500355
  N      -5.006604      1.828190      0.167814
  H      -5.986287      1.846720      0.428642
  H      -4.558905      2.716205     -0.029265
  N       8.781786      3.676942     -1.490454
  O       9.466259      4.616685     -1.592210
  O       7.730519      3.289008     -1.160361
17
Coordinates from ORCA-job opt2_2 E -492.040539568865
  C      -4.335961      0.663864      0.085216
  C      -4.991293     -0.572676      0.369314
  C      -4.290196     -1.760169      0.280374
  C      -2.930930     -1.761611     -0.089676
  C      -2.276299     -0.546910     -0.371430
  C      -2.957809      0.653104     -0.288442
  H      -6.045708     -0.567143      0.654805
  H      -4.794802     -2.703515      0.498302
  H      -2.385693     -2.704797     -0.158267
  H      -1.222804     -0.550684     -0.657829
  H      -2.453060      1.597262     -0.506116
  N      -5.011501      1.827020      0.169551
  H      -5.990265      1.849104      0.433541
  H      -4.561608      2.713410     -0.029880
  N       8.835943      3.697599     -1.486440
  O       9.519619      4.636344     -1.601906
  O       7.779955      3.316077     -1.165386
17
Coordinates from ORCA-job opt2_2 E -492.040569365721
  C      -4.346919      0.660210      0.086671
  C      -5.002620     -0.575658      0.372810
  C      -4.302543     -1.763793      0.283291
  C      -2.943974     -1.766524     -0.089317
  C      -2.289002     -0.552458     -0.372961
  C      -2.969448      0.648121     -0.289509
  H      -6.056513     -0.569297      0.660204
  H      -4.807528     -2.706588      0.502727
  H      -2.399556     -2.710157     -0.158380
  H      -1.236114     -0.557027     -0.661443
  H      -2.464594      1.591762     -0.508832
  N      -5.021438      1.823959      0.171361
  H      -5.999723      1.846855      0.437023
  H      -4.571203      2.709828     -0.029573
  N       8.891738      3.715369     -1.485295
  O       9.575775      4.652383     -1.611758
  O       7.831250      3.339293     -1.171290
17
Coordinates from ORCA-job opt2_2 E -492.040596719487
  C      -4.353625      0.657088      0.087974
  C      -5.014479     -0.574945      0.378711
  C      -4.320753     -1.766805      0.288254
  C      -2.963737     -1.777133     -0.089887
  C      -2.303721     -0.566875     -0.378043
  C      -2.977669      0.637207     -0.293607
  H      -6.067165     -0.562980      0.670311
  H      -4.829663     -2.706649      0.511263
  H      -2.424509     -2.723687     -0.159750
  H      -1.252140     -0.576695     -0.671253
  H      -2.469458      1.578211     -0.516510
  N      -5.021702      1.824488      0.173411
  H      -5.998825      1.852838      0.442782
  H      -4.567542      2.707624     -0.030693
  N       8.944869      3.740053     -1.480927
  O       9.626919      4.676484     -1.621563
  O       7.880790      3.368057     -1.174743
17
Coordinates from ORCA-job opt2_2 E -492.040623479745
  C      -4.359680      0.654038      0.089262
  C      -5.026486     -0.573639      0.384596
  C      -4.340079     -1.769730      0.293114
  C      -2.984720     -1.788546     -0.090525
  C      -2.318868     -0.582568     -0.383216
  C      -2.985420      0.625533     -0.297969
  H      -6.077881     -0.555327      0.680499
  H      -4.853669     -2.706169      0.519676
  H      -2.451155     -2.738250     -0.161081
  H      -1.268509     -0.598929     -0.680653
  H      -2.472888      1.563312     -0.524517
  N      -5.020520      1.825508      0.175657
  H      -5.996414      1.859792      0.448754
  H      -4.562002      2.705575     -0.031898
  N       8.997672      3.766293     -1.476875
  O       9.677516      4.702071     -1.631777
  O       7.930692      3.397315     -1.177317
17
Coordinates from ORCA-job opt2_2 E -492.040649376020
  C      -4.364675      0.651121      0.090538
  C      -5.038582     -0.571413      0.390868
  C      -4.360891     -1.772446      0.298235
  C      -3.007437     -1.801224     -0.091372
  C      -2.334583     -0.600310     -0.388989
  C      -2.992425      0.612495     -0.302887
  H      -6.088481     -0.545516      0.691479
  H      -4.880065     -2.704857      0.528631
  H      -2.480516     -2.754576     -0.162656
  H      -1.285534     -0.624828     -0.690724
  H      -2.474507      1.546338     -0.533431
  N      -5.016966      1.827321      0.178014
  H      -5.991440      1.868626      0.455155
  H      -4.553347      2.703771     -0.033431
  N       9.049678      3.794540     -1.472786
  O       9.726885      4.729765     -1.641953
  O       7.980476      3.427475     -1.178962
17
Coordinates from ORCA-job opt2_2 E -492.040674334958
  C      -4.368920      0.648254      0.091788
  C      -5.050669     -0.568593      0.397419
  C      -4.382640     -1.774953      0.303578
  C      -3.031324     -1.814659     -0.092349
  C      -2.350699     -0.619380     -0.395183
  C      -2.998934      0.598514     -0.308126
  H      -6.098889     -0.534194      0.703006
  H      -4.907875     -2.702946      0.538026
  H      -2.511815     -2.772010     -0.164432
  H      -1.303144     -0.653141     -0.701371
  H      -2.474958      1.527935     -0.542847
  N      -5.011771      1.829572      0.180349
  H      -5.984640      1.878741      0.461796
  H      -4.542584      2.702040     -0.035216
  N       9.101018      3.824153     -1.468820
  O       9.775343      4.758852     -1.651804
  O       8.030090      3.458095     -1.180084
17
Coordinates from ORCA-job opt2_2 E -492.040698484315
  C      -4.372924      0.645397      0.093033
  C      -5.062667     -0.565611      0.404034
  C      -4.404569     -1.777328      0.309016
  C      -3.055521     -1.828247     -0.093319
  C      -2.366979     -0.638804     -0.401396
  C      -3.005342      0.584231     -0.313291
  H      -6.109097     -0.522390      0.714607
  H      -4.935887     -2.700803      0.547562
  H      -2.543788     -2.789710     -0.166305
  H      -1.321124     -0.681952     -0.712279
  H      -2.475104      1.509024     -0.552231
  N      -5.006089      1.831857      0.182549
  H      -5.977231      1.889215      0.468374
  H      -4.531244      2.700236     -0.037095
  N       9.152004      3.854245     -1.465343
  O       9.823391      4.788446     -1.661156
  O       8.079762      3.488474     -1.181029
17
Coordinates from ORCA-job opt2_2 E -492.040722568323
  C      -4.377716      0.642331      0.094219
  C      -5.074561     -0.563359      0.410140
  C      -4.425405     -1.779751      0.314183
  C      -3.078530     -1.840668     -0.093973
  C      -2.383012     -0.656541     -0.406979
  C      -3.012420      0.571003     -0.317941
  H      -6.119277     -0.512140      0.725248
  H      -4.962018     -2.699158      0.556545
  H      -2.573875     -2.805802     -0.167742
  H      -1.338841     -0.708034     -0.722253
  H      -2.476528      1.491535     -0.560634
  N      -5.002219      1.833306      0.184604
  H      -5.971691      1.898020      0.474507
  H      -4.522403      2.698019     -0.038683
  N       9.203478      3.883260     -1.463303
  O       9.872436      4.817024     -1.669227
  O       8.130172      3.517236     -1.182982
17
Coordinates from ORCA-job opt2_2 E -492.040745897584
  C      -4.381971      0.639392      0.095418
  C      -5.086344     -0.560634      0.416475
  C      -4.446715     -1.782031      0.319556
  C      -3.102173     -1.853755     -0.094691
  C      -2.399298     -0.675338     -0.412678
  C      -3.019153      0.557054     -0.322644
  H      -6.129201     -0.500935      0.736216
  H      -4.988969     -2.697073      0.565876
  H      -2.605251     -2.822831     -0.169333
  H      -1.357124     -0.735050     -0.733034
  H      -2.477323      1.473043     -0.569384
  N      -4.997155      1.835141      0.186515
  H      -5.964783      1.907769      0.480657
  H      -4.511929      2.695882     -0.040391
  N       9.254205      3.912977     -1.461412
  O       9.920420      4.846487     -1.677064
  O       8.180354      3.546182     -1.184351
17
Coordinates from ORCA-job opt2_2 E -492.040770282261
  C      -4.388312      0.635901      0.096448
  C      -5.098062     -0.559799      0.421595
  C      -4.465399     -1.784622      0.324152
  C      -3.122779     -1.863949     -0.094773
  C      -2.414730     -0.689798     -0.417126
  C      -3.027469      0.545957     -0.326545
  H      -6.139393     -0.493841      0.745061
  H      -5.011489     -2.696484      0.573770
  H      -2.631390     -2.835812     -0.169757
  H      -1.374103     -0.755716     -0.741103
  H      -2.481452      1.458619     -0.576143
  N      -4.996793      1.835034      0.188349
  H      -5.962891      1.913299      0.486058
  H      -4.507838      2.692922     -0.041337
  N       9.306502      3.939652     -1.461918
  O       9.971168      4.873030     -1.682866
  O       8.232021      3.571888     -1.188136
17
Coordinates from ORCA-job opt2_2 E -492.040794368068
  C      -4.394653      0.632685      0.097640
  C      -5.109556     -0.558852      0.426941
  C      -4.483781     -1.787249      0.328834
  C      -3.143116     -1.874421     -0.094933
  C      -2.430095     -0.704476     -0.421287
  C      -3.035872      0.534831     -0.330078
  H      -6.149344     -0.486836      0.754055
  H      -5.033783     -2.695870      0.581630
  H      -2.657359     -2.849063     -0.170509
  H      -1.391194     -0.775831     -0.749504
  H      -2.485771      1.444119     -0.583053
  N      -4.996426      1.835183      0.190006
  H      -5.960982      1.919066      0.491158
  H      -4.503683      2.690148     -0.042461
  N       9.358302      3.966113     -1.463154
  O      10.020960      4.899875     -1.688457
  O       8.283942      3.596857     -1.191099
17
Coordinates from ORCA-job opt2_2 E -492.040819237826
  C      -4.402585      0.629060      0.098685
  C      -5.120948     -0.559323      0.431584
  C      -4.500053     -1.790107      0.333092
  C      -3.161049     -1.882667     -0.094677
  C      -2.444726     -0.715825     -0.424806
  C      -3.045486      0.525824     -0.333248
  H      -6.159425     -0.482996      0.761863
  H      -5.052551     -2.696413      0.588747
  H      -2.679157     -2.859214     -0.170429
  H      -1.407124     -0.791172     -0.756223
  H      -2.492919      1.432852     -0.588838
  N      -4.999588      1.833927      0.191586
  H      -5.962831      1.921742      0.495795
  H      -4.504308      2.686786     -0.043185
  N       9.411054      3.990074     -1.466270
  O      10.072420      4.924673     -1.691879
  O       8.336865      3.619058     -1.196067
17
Coordinates from ORCA-job opt2_2 E -492.040844722108
  C      -4.412131      0.625412      0.099833
  C      -5.132090     -0.561129      0.435745
  C      -4.513994     -1.793332      0.336886
  C      -3.176284     -1.889090     -0.094192
  C      -2.458420     -0.724073     -0.427281
  C      -3.056340      0.519008     -0.335499
  H      -6.169556     -0.482376      0.768617
  H      -5.067737     -2.698226      0.594835
  H      -2.696569     -2.866691     -0.170165
  H      -1.421860     -0.801634     -0.761280
  H      -2.502715      1.424705     -0.593482
  N      -5.006405      1.831637      0.193000
  H      -5.968665      1.921698      0.499640
  H      -4.509865      2.683215     -0.043732
  N       9.464508      4.011412     -1.471125
  O      10.124866      4.947246     -1.694484
  O       8.390846      3.638497     -1.201587
17
Coordinates from ORCA-job opt2_2 E -492.040870688070
  C      -4.422955      0.621636      0.100980
  C      -5.143060     -0.564035      0.439531
  C      -4.526093     -1.796789      0.340404
  C      -3.189410     -1.893900     -0.093485
  C      -2.471382     -0.729730     -0.429199
  C      -3.068180      0.513864     -0.337245
  H      -6.179727     -0.484304      0.774653
  H      -5.079976     -2.701015      0.600368
  H      -2.710494     -2.871884     -0.169618
  H      -1.435556     -0.808309     -0.765292
  H      -2.514714      1.419070     -0.597310
  N      -5.016087      1.828427      0.194323
  H      -5.977600      1.919447      0.503001
  H      -4.519324      2.679382     -0.044161
  N       9.518480      4.030651     -1.477169
  O      10.178177      4.967983     -1.696065
  O       8.445490      3.655787     -1.207986
17
Coordinates from ORCA-job opt2_2 E -492.040897079108
  C      -4.435145      0.617809      0.102185
  C      -5.153877     -0.568108      0.442803
  C      -4.536265     -1.800557      0.343473
  C      -3.200250     -1.897129     -0.092573
  C      -2.483512     -0.732715     -0.430238
  C      -3.081028      0.510571     -0.338190
  H      -6.190025     -0.488906      0.779646
  H      -5.089192     -2.704930      0.604980
  H      -2.720739     -2.874806     -0.168887
  H      -1.448205     -0.810971     -0.767889
  H      -2.528741      1.416015     -0.599974
  N      -5.028891      1.824297      0.195561
  H      -5.989960      1.914899      0.505731
  H      -4.533040      2.675371     -0.044380
  N       9.573103      4.047762     -1.484157
  O      10.232519      4.986495     -1.697708
  O       8.500837      3.671182     -1.214654
17
Coordinates from ORCA-job opt2_2 E -492.040923572613
  C      -4.448050      0.613894      0.103386
  C      -5.164651     -0.572823      0.445746
  C      -4.545451     -1.804468      0.346309
  C      -3.209917     -1.899469     -0.091515
  C      -2.495226     -0.734259     -0.430886
  C      -3.094400      0.508201     -0.338757
  H      -6.200438     -0.494903      0.784002
  H      -5.096789     -2.709427      0.609143
  H      -2.729098     -2.876493     -0.167943
  H      -1.460269     -0.811473     -0.769888
  H      -2.543832      1.414305     -0.601929
  N      -5.043312      1.819624      0.196784
  H      -6.004087      1.909124      0.508171
  H      -4.548962      2.671213     -0.044426
  N       9.628092      4.063774     -1.491390
  O      10.287458      5.003702     -1.699670
  O       8.556521      3.685757     -1.221408
17
Coordinates from ORCA-job opt2_2 E -492.040950182007
  C      -4.461636      0.609866      0.104628
  C      -5.175621     -0.578163      0.447931
  C      -4.554004     -1.808573      0.348510
  C      -3.218611     -1.901061     -0.090237
  C      -2.506459     -0.734536     -0.430573
  C      -3.108096      0.506650     -0.338399
  H      -6.211326     -0.502196      0.786878
  H      -5.103331     -2.714543      0.612076
  H      -2.735894     -2.877147     -0.166694
  H      -1.471600     -0.810054     -0.770346
  H      -2.559558      1.413806     -0.602257
  N      -5.059204      1.814440      0.198019
  H      -6.019954      1.902213      0.509979
  H      -4.566760      2.666920     -0.043962
  N       9.683711      4.078933     -1.498573
  O      10.343376      5.019441     -1.703197
  O       8.612556      3.700286     -1.228054
17
Coordinates from ORCA-job opt2_2 E -492.040976480759
  C      -4.475150      0.605835      0.105862
  C      -5.186557     -0.583439      0.450187
  C      -4.562607     -1.812676      0.350770
  C      -3.227408     -1.902752     -0.089011
  C      -2.517782     -0.734971     -0.430409
  C      -3.121768      0.505040     -0.338200
  H      -6.222149     -0.509336      0.789890
  H      -5.109937     -2.719620      0.615136
  H      -2.742875     -2.877939     -0.165446
  H      -1.483091     -0.808749     -0.771038
  H      -2.575215      1.413192     -0.602785
  N      -5.074939      1.809302      0.199288
  H      -6.035617      1.895404      0.511917
  H      -4.584362      2.662628     -0.043503
  N       9.739295      4.094203     -1.505426
  O      10.399233      5.035123     -1.707223
  O       8.668519      3.715035     -1.234279
17
Coordinates from ORCA-job opt2_2 E -492.041002458969
  C      -4.488482      0.601805      0.107098
  C      -5.197476     -0.588558      0.452567
  C      -4.571435     -1.816741      0.353098
  C      -3.236486     -1.904653     -0.087868
  C      -2.529250     -0.735764     -0.430432
  C      -3.135338      0.503218     -0.338191
  H      -6.232893     -0.516117      0.793151
  H      -5.116902     -2.724560      0.618337
  H      -2.750330     -2.879034     -0.164286
  H      -1.494761     -0.807857     -0.772019
  H      -2.590637      1.412237     -0.603613
  N      -5.090282      1.804273      0.200591
  H      -6.050826      1.888853      0.514031
  H      -4.601441      2.658346     -0.043061
  N       9.794825      4.109739     -1.511742
  O      10.454941      5.050841     -1.712050
  O       8.724364      3.730253     -1.239881
17
Coordinates from ORCA-job opt2_2 E -492.041028160131
  C      -4.501737      0.597780      0.108332
  C      -5.208349     -0.593624      0.455043
  C      -4.580311     -1.820786      0.355479
  C      -3.245667     -1.906619     -0.086801
  C      -2.540790     -0.736685     -0.430588
  C      -3.148883      0.501328     -0.338295
  H      -6.243550     -0.522783      0.796626
  H      -5.123946     -2.729425      0.621653
  H      -2.757957     -2.880220     -0.163235
  H      -1.506514     -0.807067     -0.773191
  H      -2.605990      1.411151     -0.604645
  N      -5.105497      1.799278      0.201896
  H      -6.065872      1.882362      0.516253
  H      -4.618356      2.654067     -0.042649
  N       9.850329      4.125344     -1.517659
  O      10.510528      5.066464     -1.717531
  O       8.780152      3.745714     -1.244957
17
Coordinates from ORCA-job opt2_2 E -492.041053592864
  C      -4.514959      0.593764      0.109566
  C      -5.219176     -0.598663      0.457587
  C      -4.589181     -1.824811      0.357892
  C      -3.254871     -1.908598     -0.085791
  C      -2.552359     -0.737641     -0.430849
  C      -3.162430      0.499414     -0.338475
  H      -6.254126     -0.529408      0.800253
  H      -5.130993     -2.734251      0.625050
  H      -2.765624     -2.881422     -0.162288
  H      -1.518315     -0.806287     -0.774505
  H      -2.621334      1.410012     -0.605821
  N      -5.120674      1.794289      0.203204
  H      -6.080847      1.875867      0.518557
  H      -4.635235      2.649782     -0.042250
  N       9.905815      4.140947     -1.523210
  O      10.565998      5.081937     -1.723672
  O       8.835901      3.761352     -1.249515
17
Coordinates from ORCA-job opt2_2 E -492.041078771567
  C      -4.528191      0.589758      0.110795
  C      -5.229947     -0.603714      0.460185
  C      -4.597963     -1.828824      0.360337
  C      -3.264018     -1.910534     -0.084829
  C      -2.563927     -0.738537     -0.431207
  C      -3.176018      0.497532     -0.338722
  H      -6.264623     -0.536085      0.804000
  H      -5.137918     -2.739064      0.628525
  H      -2.773197     -2.882558     -0.161428
  H      -1.530129     -0.805414     -0.775960
  H      -2.636754      1.408906     -0.607116
  N      -5.135908      1.789279      0.204516
  H      -6.095855      1.869304      0.520937
  H      -4.652212      2.645489     -0.041865
  N       9.961284      4.156468     -1.528445
  O      10.621340      5.097208     -1.730434
  O       8.891626      3.777067     -1.253560
17
Coordinates from ORCA-job opt2_2 E -492.041103685120
  C      -4.541431      0.585763      0.112021
  C      -5.240645     -0.608771      0.462873
  C      -4.606633     -1.832818      0.362849
  C      -3.273095     -1.912419     -0.083919
  C      -2.575500     -0.739370     -0.431715
  C      -3.189655      0.495677     -0.339088
  H      -6.275017     -0.542807      0.807927
  H      -5.144680     -2.743864      0.632145
  H      -2.780660     -2.883615     -0.160655
  H      -1.541991     -0.804479     -0.777657
  H      -2.652277      1.407836     -0.608603
  N      -5.151183      1.784255      0.205841
  H      -6.110874      1.862698      0.523429
  H      -4.669282      2.641193     -0.041521
  N      10.016696      4.171901     -1.533391
  O      10.676491      5.112306     -1.737734
  O       8.947326      3.792792     -1.257070
17
Coordinates from ORCA-job opt2_2 E -492.041103639826
  C      -4.541402      0.585775      0.112015
  C      -5.240581     -0.608744      0.462989
  C      -4.606585     -1.832799      0.362945
  C      -3.273101     -1.912426     -0.083968
  C      -2.575536     -0.739390     -0.431890
  C      -3.189676      0.495663     -0.339240
  H      -6.274915     -0.542769      0.808154
  H      -5.144610     -2.743828      0.632338
  H      -2.780671     -2.883623     -0.160722
  H      -1.542070     -0.804539     -0.777953
  H      -2.652326      1.407812     -0.608847
  N      -5.151136      1.784272      0.205856
  H      -6.110788      1.862732      0.523552
  H      -4.669258      2.641198     -0.041588
  N      10.016628      4.171886     -1.533207
  O      10.676323      5.112273     -1.737963
  O       8.947295      3.792789     -1.256739
