18
Coordinates from ORCA-job educts_optfreq_5
  C   0.52090680871194      0.64635684178778      3.95375336548163
  C   -0.16088231409265      1.23259653783247      2.85008152369378
  C   -0.08632900086693      0.66019410483775      1.59315293504013
  C   0.67398896775458     -0.51869175606439      1.39870131344151
  C   1.35769779383823     -1.11676899872307      2.48105016045146
  C   1.28360660032146     -0.54518222654854      3.73668807490731
  C   0.44260113098650      1.23978361086548      5.31323782625552
  H   1.44867889383279      1.33897769661346      5.75981849360489
  H   -0.10817672329960      0.55706125397979      5.99177904239395
  H   -0.06123879643067      2.21512544185021      5.32338725404929
  H   -0.74347753852899      2.14276200739656      3.00920590339546
  H   -0.60974644155694      1.11208301268058      0.74792213435087
  H   0.73178394597467     -0.96854974179989      0.40430936885656
  H   1.94118056000124     -2.02555258214596      2.31955512827320
  H   1.80937447690331     -0.99749778623218      4.58127669036045
  N   -3.08432259919726     -1.46187278521646    -17.27253498612000
  O   -2.70524733070200     -2.24671538815547    -16.54433275963303
  O   -2.33127843364967     -1.35504924295810    -15.29879146880295
