18
Coordinates from ORCA-job educts_optfreq_5 E -475.547013132654
  C       0.442588      0.571313      3.445200
  C      -0.225910      1.203619      2.359030
  C      -0.185738      0.651539      1.091531
  C       0.527973     -0.551480      0.867974
  C       1.196433     -1.196095      1.932919
  C       1.155984     -0.645095      3.199215
  C       0.401312      1.142999      4.815440
  H       1.417423      1.207791      5.245773
  H      -0.156211      0.464151      5.492136
  H      -0.073831      2.132003      4.849266
  H      -0.770652      2.132892      2.540096
  H      -0.699517      1.138152      0.260098
  H       0.559219     -0.984562     -0.134525
  H       1.742289     -2.123988      1.750117
  H       1.670535     -1.133204      4.030723
  N      -2.318175     -2.320408    -13.509254
  O      -2.139759     -1.228861    -13.239681
  O      -2.224842     -0.551706    -14.647797
18
Coordinates from ORCA-job educts_optfreq_5 E -475.547039398164
  C       0.444218      0.572568      3.456832
  C      -0.223286      1.204509      2.369774
  C      -0.181480      0.652295      1.102365
  C       0.531206     -0.551315      0.880155
  C       1.200102     -1.194740      1.945544
  C       1.158353     -0.643555      3.211744
  C       0.401029      1.144306      4.827073
  H       1.416485      1.209661      5.258966
  H      -0.156701      0.464974      5.503068
  H      -0.075313      2.132765      4.860538
  H      -0.768983      2.133373      2.550217
  H      -0.694263      1.138912      0.269881
  H       0.563476     -0.984670     -0.122671
  H       1.746837     -2.122218      1.763176
  H       1.672706     -1.131146      4.043654
  N      -2.339854     -2.324300    -13.564814
  O      -2.144476     -1.234709    -13.299364
  O      -2.230935     -0.557649    -14.707878
18
Coordinates from ORCA-job educts_optfreq_5 E -475.547064096776
  C       0.445473      0.573831      3.468106
  C      -0.221099      1.204585      2.379650
  C      -0.176462      0.652005      1.112472
  C       0.536563     -0.551430      0.892259
  C       1.205396     -1.193218      1.958744
  C       1.161488     -0.641460      3.224622
  C       0.399310      1.146030      4.838092
  H       1.413752      1.213051      5.272154
  H      -0.158063      0.465661      5.513372
  H      -0.079655      2.133249      4.870871
  H      -0.768498      2.132687      2.558957
  H      -0.687980      1.137990      0.278561
  H       0.569786     -0.985745     -0.110434
  H       1.753310     -2.120201      1.777335
  H       1.675638     -1.127966      4.057272
  N      -2.377473     -2.324653    -13.615980
  O      -2.141476     -1.241237    -13.359349
  O      -2.230888     -0.564118    -14.768444
18
Coordinates from ORCA-job educts_optfreq_5 E -475.547087376318
  C       0.446740      0.575010      3.479428
  C      -0.219505      1.204667      2.390078
  C      -0.173318      0.651480      1.123220
  C       0.541084     -0.551357      0.904244
  C       1.209521     -1.192092      1.971680
  C       1.164064     -0.639740      3.237212
  C       0.399046      1.147982      4.848971
  H       1.413021      1.216251      5.283896
  H      -0.157972      0.467246      5.524248
  H      -0.081282      2.134551      4.880992
  H      -0.767705      2.132466      2.568462
  H      -0.684273      1.136671      0.288609
  H       0.575403     -0.986180     -0.098070
  H       1.758295     -2.118731      1.791128
  H       1.677999     -1.125387      4.070497
  N      -2.406410     -2.325735    -13.670145
  O      -2.141038     -1.248090    -13.418701
  O      -2.234551     -0.569953    -14.827489
18
Coordinates from ORCA-job educts_optfreq_5 E -475.547110218774
  C       0.447967      0.576202      3.490641
  C      -0.217959      1.204732      2.400450
  C      -0.170458      0.650818      1.133964
  C       0.545708     -0.551288      0.916106
  C       1.213413     -1.191132      1.984559
  C       1.166366     -0.638152      3.249730
  C       0.398900      1.150025      4.859710
  H       1.412536      1.219369      5.295216
  H      -0.157983      0.469232      5.535082
  H      -0.082175      2.136245      4.890806
  H      -0.766747      2.132354      2.577879
  H      -0.681135      1.135095      0.298816
  H       0.581615     -0.986405     -0.085839
  H       1.762958     -2.117491      1.804963
  H       1.679793     -1.123066      4.083761
  N      -2.433630     -2.326809    -13.725463
  O      -2.139692     -1.255930    -13.477436
  O      -2.240354     -0.574740    -14.884686
18
Coordinates from ORCA-job educts_optfreq_5 E -475.547132924009
  C       0.449272      0.577412      3.501864
  C      -0.216113      1.205085      2.410910
  C      -0.167480      0.650545      1.144749
  C       0.549922     -0.551105      0.927888
  C       1.216793     -1.190272      1.997217
  C       1.168342     -0.636761      3.262106
  C       0.398981      1.151920      4.870599
  H       1.412368      1.221906      5.306581
  H      -0.158182      0.471380      5.545968
  H      -0.082147      2.138144      4.900746
  H      -0.765332      2.132614      2.587467
  H      -0.677999      1.134073      0.309140
  H       0.587455     -0.986386     -0.073842
  H       1.766916     -2.116459      1.818515
  H       1.681115     -1.121143      4.096853
  N      -2.455484     -2.329340    -13.782902
  O      -2.140176     -1.264431    -13.535550
  O      -2.249131     -0.578123    -14.940050
18
Coordinates from ORCA-job educts_optfreq_5 E -475.547154971139
  C       0.450304      0.578651      3.512762
  C      -0.214145      1.205140      2.420605
  C      -0.163528      0.649842      1.154856
  C       0.555178     -0.551339      0.939606
  C       1.220998     -1.189431      2.010189
  C       1.170487     -0.635184      3.274690
  C       0.397972      1.154035      4.881077
  H       1.410845      1.225019      5.318090
  H      -0.159576      0.473661      5.556264
  H      -0.083650      2.140060      4.909923
  H      -0.764197      2.132417      2.595872
  H      -0.673457      1.132470      0.318400
  H       0.594611     -0.987109     -0.061800
  H       1.771979     -2.115351      1.832758
  H       1.682474     -1.118710      4.110418
  N      -2.483843     -2.330270    -13.839514
  O      -2.136833     -1.275090    -13.593084
  O      -2.256499     -0.579751    -14.992852
18
Coordinates from ORCA-job educts_optfreq_5 E -475.547178553657
  C       0.451907      0.579960      3.523957
  C      -0.211856      1.205976      2.431204
  C      -0.160620      0.650082      1.165751
  C       0.558024     -0.551282      0.951385
  C       1.223148     -1.188989      2.022544
  C       1.171989     -0.634150      3.286803
  C       0.399003      1.156004      4.892045
  H       1.411787      1.226914      5.329287
  H      -0.159354      0.476434      5.567291
  H      -0.081820      2.142462      4.919903
  H      -0.761971      2.133367      2.605687
  H      -0.670276      1.132323      0.328846
  H       0.598143     -0.987411     -0.049913
  H       1.774234     -2.114999      1.845905
  H       1.683422     -1.117315      4.123079
  N      -2.491387     -2.337457    -13.901173
  O      -2.145346     -1.283198    -13.649551
  O      -2.269908     -0.579662    -15.044790
18
Coordinates from ORCA-job educts_optfreq_5 E -475.547200440231
  C       0.452526      0.581345      3.534122
  C      -0.209769      1.205396      2.439373
  C      -0.155424      0.648110      1.174657
  C       0.564687     -0.552818      0.963132
  C       1.228425     -1.188597      2.036299
  C       1.174301     -0.632310      3.299804
  C       0.396564      1.159057      4.901406
  H       1.408467      1.231525      5.340410
  H      -0.162395      0.479832      5.576494
  H      -0.085324      2.145060      4.927100
  H      -0.761176      2.132432      2.611647
  H      -0.663748      1.129019      0.336195
  H       0.606978     -0.990196     -0.037505
  H       1.780761     -2.114267      1.861792
  H       1.684716     -1.113913      4.137597
  N      -2.525837     -2.337041    -13.958221
  O      -2.138719     -1.297550    -13.705243
  O      -2.275914     -0.576025    -15.090799
18
Coordinates from ORCA-job educts_optfreq_5 E -475.547204205293
  C       0.451427      0.584204      3.534597
  C      -0.204751      1.203941      2.433135
  C      -0.142961      0.640847      1.171152
  C       0.573539     -0.563396      0.970338
  C       1.233403     -1.193690      2.049783
  C       1.174810     -0.630521      3.309801
  C       0.389305      1.168463      4.898787
  H       1.398154      1.241356      5.344449
  H      -0.174576      0.492772      5.573760
  H      -0.094277      2.153811      4.917310
  H      -0.757081      2.131915      2.597342
  H      -0.642463      1.119840      0.326658
  H       0.612162     -1.009475     -0.026584
  H       1.785164     -2.121113      1.883058
  H       1.682695     -1.107202      4.151846
  N      -2.514194     -2.365029    -14.041872
  O      -2.158333     -1.336880    -13.713059
  O      -2.292902     -0.500782    -15.032243
18
Coordinates from ORCA-job educts_optfreq_5 E -475.547236997529
  C       0.452673      0.585835      3.544722
  C      -0.202638      1.203760      2.441914
  C      -0.139835      0.638840      1.180843
  C       0.578225     -0.565083      0.982020
  C       1.236663     -1.193929      2.063021
  C       1.176162     -0.629238      3.322316
  C       0.388910      1.171912      4.908033
  H       1.397431      1.245200      5.354395
  H      -0.176046      0.497453      5.583235
  H      -0.093660      2.157797      4.924559
  H      -0.755144      2.131912      2.604399
  H      -0.639653      1.116203      0.335424
  H       0.620007     -1.011477     -0.014642
  H       1.789212     -2.121214      1.898085
  H       1.682646     -1.104971      4.165779
  N      -2.532420     -2.368143    -14.105649
  O      -2.157221     -1.349931    -13.767135
  O      -2.306191     -0.495866    -15.073059
18
Coordinates from ORCA-job educts_optfreq_5 E -475.547272588117
  C       0.454691      0.587215      3.556049
  C      -0.201030      1.204518      2.453559
  C      -0.140562      0.638473      1.192981
  C       0.579704     -0.564586      0.993345
  C       1.237239     -1.193532      2.074322
  C       1.176625     -0.628654      3.333716
  C       0.391852      1.173988      4.919174
  H       1.401110      1.245840      5.364279
  H      -0.174105      0.501141      5.594857
  H      -0.086790      2.161788      4.935368
  H      -0.752317      2.133331      2.616379
  H      -0.644007      1.113966      0.348453
  H       0.626858     -1.008516     -0.004316
  H       1.789873     -2.120768      1.909348
  H       1.681766     -1.105052      4.177681
  N      -2.537468     -2.372006    -14.168829
  O      -2.159524     -1.355970    -13.822355
  O      -2.324794     -0.502116    -15.125750
18
Coordinates from ORCA-job educts_optfreq_5 E -475.547300786446
  C       0.455461      0.589462      3.563647
  C      -0.198088      1.203822      2.458202
  C      -0.134696      0.634656      1.199170
  C       0.585978     -0.568957      1.004186
  C       1.241420     -1.194979      2.088172
  C       1.178093     -0.626852      3.345953
  C       0.389278      1.179419      4.925216
  H       1.397294      1.251661      5.373017
  H      -0.178996      0.508435      5.600843
  H      -0.089015      2.167450      4.937874
  H      -0.750027      2.132857      2.617467
  H      -0.636319      1.107995      0.352248
  H       0.634658     -1.015742      0.007874
  H       1.794595     -2.122534      1.926803
  H       1.681578     -1.100950      4.192208
  N      -2.550659     -2.380454    -14.246955
  O      -2.166144     -1.380084    -13.864845
  O      -2.335291     -0.476145    -15.132820
18
Coordinates from ORCA-job educts_optfreq_5 E -475.547323933447
  C       0.457517      0.590893      3.574347
  C      -0.196167      1.204900      2.468857
  C      -0.133217      0.635313      1.210017
  C       0.587577     -0.568303      1.015170
  C       1.242984     -1.194082      2.099189
  C       1.179904     -0.625588      3.356859
  C       0.391312      1.180998      4.935903
  H       1.399350      1.252500      5.383797
  H      -0.177766      0.510637      5.611405
  H      -0.085689      2.169665      4.948305
  H      -0.748040      2.133982      2.628098
  H      -0.635694      1.107995      0.363145
  H       0.636657     -1.015226      0.018822
  H       1.796048     -2.121737      1.937992
  H       1.683328     -1.099556      4.203227
  N      -2.554246     -2.388505    -14.314562
  O      -2.183698     -1.389855    -13.915739
  O      -2.341040     -0.474971    -15.176574
18
Coordinates from ORCA-job educts_optfreq_5 E -475.547347791138
  C       0.459557      0.591843      3.584199
  C      -0.196468      1.205327      2.479692
  C      -0.133627      0.637048      1.220290
  C       0.589107     -0.564761      1.023904
  C       1.246936     -1.189977      2.106642
  C       1.184577     -0.622583      3.364913
  C       0.392698      1.180087      4.946660
  H       1.400468      1.251728      5.395177
  H      -0.175464      0.507903      5.621138
  H      -0.085282      2.168253      4.960952
  H      -0.750389      2.132885      2.640946
  H      -0.638834      1.108313      0.374399
  H       0.637798     -1.011547      0.027417
  H       1.800978     -2.116738      1.943692
  H       1.690407     -1.096140      4.210033
  N      -2.588925     -2.389094    -14.373903
  O      -2.209933     -1.400637    -13.956648
  O      -2.304484     -0.482850    -15.221243
18
Coordinates from ORCA-job educts_optfreq_5 E -475.547372246451
  C       0.461074      0.592739      3.592405
  C      -0.197868      1.204565      2.488503
  C      -0.134108      0.637139      1.228771
  C       0.591501     -0.562438      1.031713
  C       1.252686     -1.185733      2.113632
  C       1.190257     -0.618869      3.372119
  C       0.392828      1.179906      4.955251
  H       1.399962      1.252878      5.404902
  H      -0.174001      0.505641      5.628911
  H      -0.087845      2.166742      4.970709
  H      -0.754753      2.130133      2.651083
  H      -0.641165      1.106843      0.383281
  H       0.639206     -1.010065      0.035679
  H       1.809039     -2.110888      1.949436
  H       1.699228     -1.090850      4.216197
  N      -2.635765     -2.387105    -14.436085
  O      -2.242261     -1.416188    -13.989755
  O      -2.248895     -0.485392    -15.248491
18
Coordinates from ORCA-job educts_optfreq_5 E -475.547397857879
  C       0.460218      0.594205      3.598999
  C      -0.196646      1.201672      2.491291
  C      -0.127586      0.630500      1.233460
  C       0.600213     -0.568820      1.042665
  C       1.260063     -1.187388      2.128666
  C       1.192541     -0.616711      3.384972
  C       0.387914      1.186618      4.959056
  H       1.393379      1.262679      5.411638
  H      -0.180088      0.514079      5.633710
  H      -0.095775      2.172041      4.969185
  H      -0.755150      2.127112      2.648634
  H      -0.629729      1.098814      0.384406
  H       0.649719     -1.020011      0.048798
  H       1.819380     -2.111565      1.969095
  H       1.700384     -1.084725      4.231950
  N      -2.676527     -2.385241    -14.503115
  O      -2.239074     -1.444645    -14.032971
  O      -2.244117     -0.459556    -15.252178
18
Coordinates from ORCA-job educts_optfreq_5 E -475.547383415626
  C       0.455339      0.594946      3.594068
  C      -0.198602      1.193577      2.479287
  C      -0.118730      0.615475      1.225046
  C       0.614135     -0.582830      1.046318
  C       1.272954     -1.191377      2.140119
  C       1.195320     -0.613525      3.391993
  C       0.375654      1.198097      4.948161
  H       1.377580      1.281098      5.406614
  H      -0.193863      0.528395      5.625143
  H      -0.116376      2.179397      4.947787
  H      -0.760923      2.118280      2.626311
  H      -0.609906      1.082287      0.369354
  H       0.665947     -1.041268      0.057186
  H       1.839070     -2.112852      1.989255
  H       1.702053     -1.073195      4.244191
  N      -2.753871     -2.363822    -14.560249
  O      -2.224364     -1.505299    -14.032689
  O      -2.202297     -0.398322    -15.149635
18
Coordinates from ORCA-job educts_optfreq_5 E -475.547400669721
  C       0.457811      0.596271      3.604073
  C      -0.196789      1.194922      2.489983
  C      -0.118677      0.616584      1.235740
  C       0.614763     -0.581832      1.056024
  C       1.273167     -1.190985      2.149361
  C       1.196295     -0.613039      3.401372
  C       0.378929      1.199180      4.958500
  H       1.381532      1.281453      5.415713
  H      -0.191286      0.530436      5.635620
  H      -0.110841      2.181631      4.958044
  H      -0.758859      2.119720      2.637368
  H      -0.612703      1.083092      0.380829
  H       0.667695     -1.039088      0.065701
  H       1.838813     -2.112753      1.998469
  H       1.702031     -1.073536      4.253761
  N      -2.750187     -2.370301    -14.613541
  O      -2.236095     -1.511031    -14.082106
  O      -2.216478     -0.401662    -15.196651
18
Coordinates from ORCA-job educts_optfreq_5 E -475.547456659854
  C       0.461047      0.598519      3.614828
  C      -0.194833      1.196116      2.501431
  C      -0.118491      0.618042      1.247100
  C       0.617299     -0.578196      1.065341
  C       1.274960     -1.187763      2.157544
  C       1.199027     -0.610491      3.410462
  C       0.380374      1.198545      4.971208
  H       1.383344      1.279416      5.428406
  H      -0.190192      0.528933      5.646575
  H      -0.105269      2.183077      4.973104
  H      -0.758591      2.119607      2.651140
  H      -0.621043      1.079254      0.393780
  H       0.675342     -1.033187      0.073086
  H       1.839559     -2.110017      2.005544
  H       1.704156     -1.072136      4.262615
  N      -2.771779     -2.367925    -14.660254
  O      -2.245692     -1.509837    -14.130366
  O      -2.210097     -0.422897    -15.263286
18
Coordinates from ORCA-job educts_optfreq_5 E -475.547486805307
  C       0.461393      0.599715      3.621558
  C      -0.195857      1.194160      2.507164
  C      -0.117645      0.614546      1.253666
  C       0.620999     -0.580263      1.073901
  C       1.280558     -1.186318      2.167073
  C       1.202986     -0.607436      3.419054
  C       0.379507      1.201835      4.976823
  H       1.381989      1.284392      5.434685
  H      -0.190976      0.532690      5.652825
  H      -0.107579      2.185660      4.976827
  H      -0.761877      2.116525      2.655310
  H      -0.620431      1.073651      0.399701
  H       0.679737     -1.036793      0.082857
  H       1.848016     -2.107026      2.016419
  H       1.709907     -1.066083      4.271732
  N      -2.807867     -2.360738    -14.735991
  O      -2.268111     -1.537285    -14.166247
  O      -2.175627     -0.412172    -15.259098
18
Coordinates from ORCA-job educts_optfreq_5 E -475.547511557969
  C       0.461581      0.599695      3.623435
  C      -0.203359      1.190841      2.511607
  C      -0.126103      0.612397      1.257613
  C       0.618485     -0.578043      1.074757
  C       1.286479     -1.180219      2.165007
  C       1.210673     -0.602312      3.417426
  C       0.381876      1.200815      4.979153
  H       1.385269      1.286022      5.434456
  H      -0.184907      0.529523      5.656234
  H      -0.108250      2.183140      4.981108
  H      -0.774429      2.109718      2.662408
  H      -0.634648      1.068224      0.406347
  H       0.675355     -1.034509      0.084314
  H       1.859361     -2.097060      2.011513
  H       1.725277     -1.057264      4.267374
  N      -2.864080     -2.337701    -14.799730
  O      -2.320183     -1.563016    -14.167044
  O      -2.069275     -0.421191    -15.217718
18
Coordinates from ORCA-job educts_optfreq_5 E -475.547525721302
  C       0.463458      0.601478      3.632127
  C      -0.201857      1.190741      2.519660
  C      -0.124675      0.610596      1.266504
  C       0.620672     -0.579795      1.085139
  C       1.288303     -1.180725      2.176114
  C       1.212377     -0.601041      3.427796
  C       0.383183      1.203986      4.987262
  H       1.386692      1.290090      5.442135
  H      -0.183660      0.533599      5.665063
  H      -0.106355      2.186624      4.987781
  H      -0.773219      2.109600      2.669287
  H      -0.634155      1.065051      0.414376
  H       0.677596     -1.037448      0.094782
  H       1.861151     -2.097845      2.024039
  H       1.726613     -1.054907      4.278587
  N      -2.872693     -2.334885    -14.849858
  O      -2.319440     -1.574577    -14.215005
  O      -2.084869     -0.421484    -15.257527
18
Coordinates from ORCA-job educts_optfreq_5 E -475.547556345238
  C       0.465385      0.603949      3.640767
  C      -0.197447      1.190707      2.525872
  C      -0.118752      0.607281      1.274228
  C       0.627248     -0.583448      1.096470
  C       1.291155     -1.182825      2.190415
  C       1.212248     -0.600445      3.440851
  C       0.381437      1.209189      4.994656
  H       1.383786      1.295053      5.452135
  H      -0.188506      0.541087      5.671997
  H      -0.106411      2.192677      4.991650
  H      -0.768381      2.110306      2.672123
  H      -0.627136      1.060400      0.419686
  H       0.688918     -1.041750      0.105826
  H       1.863138     -2.101124      2.041989
  H       1.721812     -1.054258      4.294607
  N      -2.876431     -2.340954    -14.912287
  O      -2.318527     -1.588728    -14.267641
  O      -2.114416     -0.408056    -15.285084
18
Coordinates from ORCA-job educts_optfreq_5 E -475.547575933301
  C       0.464769      0.605810      3.642011
  C      -0.197517      1.186766      2.523823
  C      -0.115223      0.598538      1.274549
  C       0.633978     -0.591141      1.102594
  C       1.297761     -1.184529      2.200168
  C       1.214774     -0.597580      3.448154
  C       0.377213      1.216771      4.993028
  H       1.377993      1.304915      5.453290
  H      -0.194732      0.551313      5.671447
  H      -0.112208      2.199449      4.984412
  H      -0.770569      2.105810      2.664912
  H      -0.621504      1.048773      0.417143
  H       0.698737     -1.052522      0.113759
  H       1.872360     -2.101964      2.056570
  H       1.723318     -1.047136      4.304798
  N      -2.906391     -2.320808    -14.990748
  O      -2.332441     -1.630047    -14.290945
  O      -2.091200     -0.383357    -15.220706
18
Coordinates from ORCA-job educts_optfreq_5 E -475.547597857917
  C       0.463385      0.607579      3.637653
  C      -0.199693      1.181849      2.516432
  C      -0.114393      0.588351      1.269740
  C       0.637959     -0.600235      1.103696
  C       1.303349     -1.186311      2.204420
  C       1.217811     -0.593917      3.449521
  C       0.373790      1.224912      4.985574
  H       1.373437      1.315505      5.447636
  H      -0.199511      0.562400      5.665922
  H      -0.117335      2.206681      4.971443
  H      -0.775664      2.099860      2.652421
  H      -0.620085      1.034325      0.410389
  H       0.703511     -1.066181      0.117824
  H       1.881057     -2.102486      2.065560
  H       1.727665     -1.037668      4.308356
  N      -2.929985     -2.284324    -15.074023
  O      -2.352947     -1.684535    -14.294689
  O      -2.053230     -0.356745    -15.089614
18
Coordinates from ORCA-job educts_optfreq_5 E -475.547645135412
  C       0.462415      0.607802      3.634560
  C      -0.203147      1.179344      2.513179
  C      -0.117102      0.584949      1.266965
  C       0.637421     -0.602512      1.102046
  C       1.306926     -1.184511      2.202513
  C       1.221668     -0.590661      3.446775
  C       0.373009      1.226559      4.981751
  H       1.372472      1.319009      5.443775
  H      -0.198920      0.563615      5.662985
  H      -0.120613      2.207065      4.967073
  H      -0.781825      2.095782      2.648783
  H      -0.624387      1.028810      0.408176
  H       0.700933     -1.070746      0.118183
  H       1.887423     -2.098914      2.063879
  H       1.735611     -1.030807      4.304905
  N      -2.946591     -2.249832    -15.120060
  O      -2.382283     -1.714351    -14.289848
  O      -2.003892     -0.361541    -15.007378
18
Coordinates from ORCA-job educts_optfreq_5 E -475.547678190529
  C       0.463476      0.609886      3.625678
  C      -0.206394      1.177626      2.505083
  C      -0.123735      0.580489      1.260022
  C       0.632369     -0.606432      1.095138
  C       1.305638     -1.184589      2.194850
  C       1.223883     -0.587803      3.437933
  C       0.376111      1.230094      4.972441
  H       1.376247      1.321305      5.433220
  H      -0.196856      0.569054      5.654574
  H      -0.114933      2.211904      4.957082
  H      -0.786485      2.093271      2.640387
  H      -0.637138      1.020511      0.403519
  H       0.693849     -1.077484      0.112646
  H       1.886839     -2.098635      2.056849
  H       1.741384     -1.024980      4.295384
  N      -2.914115     -2.202955    -15.205844
  O      -2.427958     -1.765838    -14.273757
  O      -1.973063     -0.356365    -14.816944
18
Coordinates from ORCA-job educts_optfreq_5 E -475.547491153284
  C       0.467735      0.614035      3.633283
  C      -0.198606      1.180431      2.510281
  C      -0.117311      0.579316      1.267196
  C       0.635542     -0.609658      1.106042
  C       1.301625     -1.189504      2.208120
  C       1.220471     -0.589205      3.450041
  C       0.378146      1.235828      4.979669
  H       1.377949      1.323739      5.442037
  H      -0.199058      0.578083      5.660976
  H      -0.106154      2.220974      4.962175
  H      -0.775457      2.098487      2.642785
  H      -0.632705      1.015810      0.408249
  H       0.699180     -1.082841      0.119616
  H       1.877565     -2.107453      2.073380
  H       1.732331     -1.027973      4.310211
  N      -2.872619     -2.218272    -15.260904
  O      -2.409471     -1.782345    -14.331974
  O      -2.060042     -0.330391    -14.832923
18
Coordinates from ORCA-job educts_optfreq_5 E -475.547727109885
  C       0.468445      0.613802      3.638439
  C      -0.202019      1.180158      2.517799
  C      -0.121887      0.581178      1.273618
  C       0.633141     -0.605392      1.108853
  C       1.303816     -1.185082      2.208358
  C       1.224556     -0.586819      3.451392
  C       0.380883      1.233393      4.985966
  H       1.381617      1.322427      5.446114
  H      -0.193596      0.573615      5.667602
  H      -0.105059      2.217793      4.971029
  H      -0.781271      2.096288      2.653219
  H      -0.640352      1.016957      0.416536
  H       0.694779     -1.077743      0.123415
  H       1.882042     -2.101148      2.070651
  H       1.740522     -1.025097      4.309356
  N      -2.900864     -2.215166    -15.292503
  O      -2.431634     -1.782618    -14.352174
  O      -2.014002     -0.347486    -14.849410
18
Coordinates from ORCA-job educts_optfreq_5 E -475.547747921773
  C       0.468220      0.613310      3.647043
  C      -0.203677      1.179318      2.526821
  C      -0.123259      0.580830      1.282344
  C       0.633515     -0.605080      1.117368
  C       1.307954     -1.182811      2.216440
  C       1.227393     -0.585376      3.459632
  C       0.381969      1.234134      4.993770
  H       1.382834      1.324238      5.453311
  H      -0.191146      0.574212      5.676618
  H      -0.105900      2.217568      4.978583
  H      -0.783204      2.095137      2.662845
  H      -0.639171      1.018629      0.424420
  H       0.696816     -1.075550      0.133707
  H       1.889354     -2.096712      2.077795
  H       1.745472     -1.022362      4.317000
  N      -2.918399     -2.198885    -15.352000
  O      -2.456463     -1.794691    -14.394741
  O      -1.993189     -0.366848    -14.872696
18
Coordinates from ORCA-job educts_optfreq_5 E -475.547773290327
  C       0.470455      0.614329      3.657298
  C      -0.203772      1.180480      2.538512
  C      -0.124718      0.582999      1.293537
  C       0.633001     -0.601712      1.126506
  C       1.309430     -1.179958      2.224028
  C       1.230394     -0.583575      3.467843
  C       0.385441      1.233762      5.004766
  H       1.386920      1.323779      5.463045
  H      -0.186545      0.572971      5.687660
  H      -0.102242      2.217313      4.991183
  H      -0.784129      2.095501      2.676511
  H      -0.642785      1.019830      0.436667
  H       0.695444     -1.071645      0.141986
  H       1.891193     -2.093348      2.083594
  H       1.750088     -1.020871      4.324044
  N      -2.930292     -2.196808    -15.414138
  O      -2.475138     -1.803899    -14.448378
  O      -1.983626     -0.380091    -14.906403
18
Coordinates from ORCA-job educts_optfreq_5 E -475.547793064853
  C       0.471200      0.612488      3.664461
  C      -0.211226      1.181130      2.551309
  C      -0.136205      0.588745      1.303656
  C       0.623790     -0.593015      1.128910
  C       1.310443     -1.172278      2.220467
  C       1.236411     -0.580783      3.466528
  C       0.393887      1.228605      5.013490
  H       1.397640      1.319486      5.466511
  H      -0.172257      0.564483      5.698353
  H      -0.097650      2.210265      5.005445
  H      -0.793732      2.093776      2.696247
  H      -0.656290      1.027482      0.450542
  H       0.680411     -1.059973      0.143923
  H       1.895569     -2.082278      2.072803
  H       1.764482     -1.018093      4.317416
  N      -2.950683     -2.169596    -15.479732
  O      -2.517747     -1.820381    -14.486779
  O      -1.918923     -0.421002    -14.885289
18
Coordinates from ORCA-job educts_optfreq_5 E -475.547826978650
  C       0.475122      0.615139      3.670794
  C      -0.208984      1.182958      2.558568
  C      -0.135770      0.590275      1.311004
  C       0.624607     -0.591035      1.135023
  C       1.310157     -1.171224      2.226061
  C       1.238345     -0.579080      3.472094
  C       0.396930      1.229616      5.020836
  H       1.400632      1.319587      5.474143
  H      -0.170181      0.565247      5.704513
  H      -0.093221      2.211989      5.013554
  H      -0.792256      2.095000      2.704215
  H      -0.660493      1.026962      0.459362
  H       0.679542     -1.059423      0.148442
  H       1.893077     -2.082678      2.078401
  H       1.765703     -1.017358      4.322970
  N      -2.939374     -2.158134    -15.547573
  O      -2.534281     -1.840555    -14.533285
  O      -1.930434     -0.428224    -14.870862
18
Coordinates from ORCA-job educts_optfreq_5 E -475.547836476673
  C       0.478126      0.616914      3.671509
  C      -0.208706      1.184658      2.561147
  C      -0.139030      0.592082      1.313286
  C       0.620899     -0.589297      1.134765
  C       1.308372     -1.169644      2.224090
  C       1.240043     -0.577501      3.470445
  C       0.401604      1.230060      5.022504
  H       1.405620      1.318077      5.475377
  H      -0.166437      0.565923      5.705612
  H      -0.087234      2.213109      5.016549
  H      -0.791972      2.096453      2.708195
  H      -0.668156      1.028576      0.463931
  H       0.673451     -1.057933      0.148106
  H       1.890096     -2.081701      2.075189
  H       1.768931     -1.016305      4.320170
  N      -2.904213     -2.111681    -15.636566
  O      -2.565222     -1.881352    -14.571100
  O      -1.937053     -0.451379    -14.754949
18
Coordinates from ORCA-job educts_optfreq_5 E -475.547898127546
  C       0.479753      0.616940      3.678743
  C      -0.206498      1.187578      2.569497
  C      -0.138535      0.596466      1.320825
  C       0.619217     -0.585865      1.140268
  C       1.307968     -1.167938      2.227683
  C       1.240743     -0.577622      3.475113
  C       0.404496      1.228441      5.030672
  H       1.408554      1.314709      5.483685
  H      -0.164345      0.564087      5.712908
  H      -0.083986      2.211679      5.026079
  H      -0.788315      2.100073      2.717694
  H      -0.667976      1.035053      0.471816
  H       0.670491     -1.051565      0.151783
  H       1.889241     -2.079998      2.076868
  H       1.770235     -1.017794      4.323824
  N      -2.892699     -2.100095    -15.692900
  O      -2.577306     -1.901367    -14.620670
  O      -1.951920     -0.463721    -14.745626
18
Coordinates from ORCA-job educts_optfreq_5 E -475.547866303582
  C       0.481477      0.616622      3.678712
  C      -0.209084      1.189592      2.573313
  C      -0.145677      0.601234      1.323077
  C       0.611312     -0.580950      1.137002
  C       1.304780     -1.164803      2.220666
  C       1.242086     -0.577184      3.469565
  C       0.411586      1.225869      5.031850
  H       1.416846      1.309805      5.482458
  H      -0.156461      0.561053      5.714443
  H      -0.076687      2.209223      5.030400
  H      -0.790155      2.101974      2.725105
  H      -0.677323      1.042972      0.477429
  H       0.659030     -1.044019      0.149106
  H       1.886220     -2.076056      2.065748
  H       1.775473     -1.018633      4.315149
  N      -2.855581     -2.050823    -15.765335
  O      -2.607761     -1.933184    -14.656573
  O      -1.950961     -0.503633    -14.623856
18
Coordinates from ORCA-job educts_optfreq_5 E -475.547928449280
  C       0.482442      0.618459      3.690643
  C      -0.207210      1.188238      2.583082
  C      -0.140764      0.597807      1.334120
  C       0.619019     -0.583137      1.151543
  C       1.309529     -1.165517      2.237838
  C       1.243795     -0.575766      3.485573
  C       0.409183      1.229575      5.042672
  H       1.414068      1.315836      5.493887
  H      -0.158536      0.565079      5.725688
  H      -0.078818      2.213062      5.038959
  H      -0.789669      2.100090      2.732883
  H      -0.671646      1.036292      0.486377
  H       0.669868     -1.048327      0.162862
  H       1.891562     -2.076839      2.085664
  H       1.774785     -1.015974      4.333266
  N      -2.893037     -2.081574    -15.779151
  O      -2.605068     -1.918092    -14.691904
  O      -1.950382     -0.490154    -14.765742
18
Coordinates from ORCA-job educts_optfreq_5 E -475.547944830229
  C       0.484112      0.619028      3.699303
  C      -0.204754      1.190851      2.592290
  C      -0.139937      0.600931      1.343026
  C       0.617795     -0.581074      1.159454
  C       1.308216     -1.165154      2.244880
  C       1.243633     -0.576270      3.493128
  C       0.412892      1.229704      5.051620
  H       1.418242      1.313432      5.502287
  H      -0.156094      0.566278      5.734589
  H      -0.072506      2.214485      5.048505
  H      -0.785319      2.103773      2.742818
  H      -0.670488      1.040470      0.495431
  H       0.668249     -1.044640      0.170194
  H       1.889291     -2.076930      2.091718
  H       1.774556     -1.017650      4.340285
  N      -2.881006     -2.084486    -15.840104
  O      -2.604564     -1.933862    -14.748214
  O      -1.983197     -0.489824    -14.772950
18
Coordinates from ORCA-job educts_optfreq_5 E -475.547912028664
  C       0.484474      0.618514      3.700245
  C      -0.203519      1.193637      2.594353
  C      -0.141548      0.604682      1.344393
  C       0.612697     -0.579513      1.158931
  C       1.304576     -1.165147      2.242768
  C       1.242200     -0.577583      3.491738
  C       0.417513      1.229044      5.052788
  H       1.423559      1.308993      5.502502
  H      -0.153189      0.567386      5.736139
  H      -0.065143      2.215177      5.050526
  H      -0.781197      2.108217      2.745801
  H      -0.670797      1.047769      0.497766
  H       0.661621     -1.040681      0.170031
  H       1.884788     -2.077204      2.088025
  H       1.774144     -1.020222      4.337633
  N      -2.829481     -2.048212    -15.903217
  O      -2.616432     -1.968120    -14.784525
  O      -2.025146     -0.507677    -14.677639
18
Coordinates from ORCA-job educts_optfreq_5 E -475.547082764573
  C       0.485702      0.620697      3.700103
  C      -0.206269      1.191375      2.594432
  C      -0.145266      0.600040      1.345484
  C       0.611026     -0.583141      1.161136
  C       1.305580     -1.164942      2.245711
  C       1.245220     -0.574339      3.493152
  C       0.420593      1.234390      5.051207
  H       1.427497      1.317791      5.498392
  H      -0.146566      0.572847      5.737688
  H      -0.064536      2.219292      5.047895
  H      -0.785987      2.104762      2.745492
  H      -0.675897      1.040888      0.499839
  H       0.658098     -1.048973      0.175106
  H       1.886507     -2.076708      2.092143
  H       1.779514     -1.014305      4.338878
  N      -2.772615     -1.935855    -15.959856
  O      -2.670385     -2.012230    -14.814844
  O      -2.033096     -0.582530    -14.603699
18
Coordinates from ORCA-job educts_optfreq_5 E -475.547859318709
  C       0.486294      0.620983      3.708201
  C      -0.203803      1.191564      2.600951
  C      -0.139197      0.600107      1.352282
  C       0.617337     -0.582670      1.170727
  C       1.308285     -1.166166      2.256888
  C       1.245032     -0.575274      3.503980
  C       0.417821      1.234666      5.059028
  H       1.423575      1.318273      5.508708
  H      -0.150459      0.572832      5.744388
  H      -0.067806      2.219304      5.054688
  H      -0.783785      2.104966      2.750939
  H      -0.665872      1.039919      0.502928
  H       0.664203     -1.048744      0.182733
  H       1.888278     -2.078726      2.104625
  H       1.776254     -1.015887      4.351245
  N      -2.832499     -2.034062    -15.934098
  O      -2.634270     -1.974517    -14.821507
  O      -2.030267     -0.517505    -14.748446
18
Coordinates from ORCA-job educts_optfreq_5 E -475.547838251543
  C       0.486540      0.618860      3.706463
  C      -0.203373      1.195794      2.602509
  C      -0.142842      0.608823      1.351514
  C       0.610756     -0.575189      1.163504
  C       1.303565     -1.163376      2.245733
  C       1.242949     -0.577646      3.495568
  C       0.421481      1.227457      5.059885
  H       1.427772      1.305553      5.509234
  H      -0.149311      0.565271      5.742794
  H      -0.060774      2.213780      5.059574
  H      -0.780371      2.110397      2.756381
  H      -0.670938      1.053447      0.505080
  H       0.657595     -1.034482      0.174379
  H       1.882713     -2.075725      2.088862
  H       1.775397     -1.022063      4.340181
  N      -2.832099     -2.056823    -15.946047
  O      -2.616311     -1.971751    -14.831293
  O      -2.033630     -0.513266    -14.676063
18
Coordinates from ORCA-job educts_optfreq_5 E -475.544525645134
  C       0.486472      0.625305      3.696859
  C      -0.197014      1.189076      2.584197
  C      -0.130734      0.591123      1.339078
  C       0.629399     -0.591650      1.163755
  C       1.311485     -1.168519      2.255517
  C       1.245387     -0.570553      3.499557
  C       0.406073      1.240650      5.047493
  H       1.409072      1.327342      5.502653
  H      -0.165637      0.578932      5.729243
  H      -0.077381      2.226260      5.039180
  H      -0.780050      2.101301      2.728310
  H      -0.672326      1.021691      0.493177
  H       0.685392     -1.066128      0.176540
  H       1.887209     -2.085124      2.111264
  H       1.770655     -1.009011      4.351743
  N      -2.865623     -1.919415    -15.869322
  O      -2.592597     -2.034153    -14.803695
  O      -2.030660     -0.548067    -14.697287
18
Coordinates from ORCA-job educts_optfreq_5 E -475.547936027429
  C       0.486936      0.622698      3.702403
  C      -0.199260      1.192158      2.592935
  C      -0.134835      0.598454      1.345342
  C       0.622914     -0.584753      1.165543
  C       1.308916     -1.167316      2.253388
  C       1.244761     -0.574007      3.499963
  C       0.412098      1.235418      5.054274
  H       1.415957      1.318025      5.508330
  H      -0.160499      0.573959      5.735993
  H      -0.070949      2.221452      5.048523
  H      -0.779961      2.105587      2.740507
  H      -0.671233      1.034063      0.497795
  H       0.674043     -1.051578      0.175722
  H       1.886053     -2.082359      2.104050
  H       1.772953     -1.014750      4.349331
  N      -2.888374     -2.013536    -15.912157
  O      -2.585510     -1.999472    -14.822089
  O      -2.014890     -0.504981    -14.691593
18
Coordinates from ORCA-job educts_optfreq_5 E -475.547629801681
  C       0.483565      0.618100      3.705523
  C      -0.207965      1.193359      2.601150
  C      -0.147171      0.604205      1.351093
  C       0.602555     -0.580968      1.164532
  C       1.299939     -1.166381      2.247485
  C       1.239995     -0.579607      3.496489
  C       0.425584      1.230473      5.056688
  H       1.435486      1.310469      5.497901
  H      -0.141581      0.571551      5.745665
  H      -0.053990      2.218119      5.054214
  H      -0.783125      2.109248      2.753649
  H      -0.666104      1.047732      0.503447
  H       0.649581     -1.042185      0.180591
  H       1.884925     -2.075159      2.091288
  H       1.776629     -1.020070      4.340559
  N      -2.758151     -2.068200    -15.940149
  O      -2.646410     -1.925209    -14.807739
  O      -2.074642     -0.536417    -14.694128
18
Coordinates from ORCA-job educts_optfreq_5 E -475.548008359670
  C       0.486109      0.620821      3.707901
  C      -0.203268      1.192612      2.601009
  C      -0.140466      0.601274      1.352276
  C       0.614797     -0.582476      1.169590
  C       1.306065     -1.166309      2.255207
  C       1.243436     -0.576131      3.502721
  C       0.419192      1.234121      5.058961
  H       1.425472      1.315678      5.507809
  H      -0.150600      0.573622      5.744165
  H      -0.063510      2.220155      5.054735
  H      -0.781257      2.107178      2.751021
  H      -0.667739      1.042314      0.503828
  H       0.663693     -1.046810      0.181421
  H       1.886411     -2.078543      2.102530
  H       1.775012     -1.017078      4.349579
  N      -2.846894     -2.026359    -15.951661
  O      -2.607784     -1.985308    -14.842468
  O      -2.039549     -0.519700    -14.700365
18
Coordinates from ORCA-job educts_optfreq_5 E -475.548035907686
  C       0.490179      0.622911      3.720543
  C      -0.201191      1.195992      2.615864
  C      -0.140954      0.606476      1.366248
  C       0.614568     -0.577078      1.180020
  C       1.305636     -1.163324      2.263835
  C       1.246262     -0.574319      3.512136
  C       0.424226      1.232831      5.073354
  H       1.431464      1.312940      5.520636
  H      -0.145749      0.571579      5.757453
  H      -0.056061      2.220128      5.071429
  H      -0.780047      2.109716      2.768571
  H      -0.673578      1.046816      0.521369
  H       0.660919     -1.041484      0.191815
  H       1.884174     -2.076420      2.109447
  H       1.778333     -1.017018      4.357737
  N      -2.864774     -2.010607    -16.026008
  O      -2.600888     -2.007910    -14.921557
  O      -2.053401     -0.542169    -14.734634
18
Coordinates from ORCA-job educts_optfreq_5 E -475.548064272858
  C       0.492402      0.623688      3.733715
  C      -0.199983      1.198456      2.630562
  C      -0.141876      0.610280      1.380220
  C       0.612420     -0.573546      1.191703
  C       1.305479     -1.160940      2.273751
  C       1.248173     -0.573384      3.522831
  C       0.429600      1.232749      5.087075
  H       1.437725      1.311557      5.532499
  H      -0.139668      0.571529      5.771813
  H      -0.049725      2.220520      5.086764
  H      -0.777854      2.112415      2.785159
  H      -0.674795      1.052337      0.536185
  H       0.656969     -1.037228      0.202922
  H       1.883785     -2.073895      2.117344
  H       1.781926     -1.016913      4.367046
  N      -2.876621     -1.993877    -16.102275
  O      -2.594477     -2.030807    -15.002938
  O      -2.074359     -0.563883    -14.766116
18
Coordinates from ORCA-job educts_optfreq_5 E -475.548089048200
  C       0.495029      0.624222      3.747047
  C      -0.198904      1.201023      2.645768
  C      -0.143443      0.614390      1.394484
  C       0.609498     -0.569705      1.203352
  C       1.305283     -1.158424      2.283201
  C       1.250126     -0.572725      3.533270
  C       0.435590      1.232351      5.101001
  H       1.444431      1.309972      5.544930
  H      -0.132606      0.570718      5.786327
  H      -0.043929      2.220028      5.102718
  H      -0.775593      2.115341      2.802615
  H      -0.676205      1.058857      0.550869
  H       0.652446     -1.031455      0.213427
  H       1.883289     -2.071131      2.124219
  H       1.785314     -1.017597      4.375871
  N      -2.884239     -1.983807    -16.176161
  O      -2.593146     -2.049957    -15.080154
  O      -2.093820     -0.583040    -14.804525
18
Coordinates from ORCA-job educts_optfreq_5 E -475.548110845582
  C       0.498477      0.624748      3.760410
  C      -0.198081      1.204385      2.662155
  C      -0.145974      0.620545      1.409390
  C       0.605853     -0.563444      1.213925
  C       1.304405     -1.154800      2.290654
  C       1.252515     -0.571925      3.542156
  C       0.442451      1.230125      5.115702
  H       1.452047      1.306285      5.558074
  H      -0.124438      0.567048      5.800817
  H      -0.037564      2.217513      5.120762
  H      -0.773826      2.118678      2.822527
  H      -0.679739      1.067497      0.567726
  H       0.646176     -1.022472      0.222756
  H       1.881480     -2.067415      2.128000
  H       1.789516     -1.019014      4.382395
  N      -2.891591     -1.976839    -16.248256
  O      -2.596174     -2.067745    -15.154866
  O      -2.106415     -0.604108    -14.846065
18
Coordinates from ORCA-job educts_optfreq_5 E -475.548135484680
  C       0.502931      0.624306      3.774490
  C      -0.198691      1.209741      2.682307
  C      -0.152826      0.631885      1.426453
  C       0.597123     -0.551638      1.222030
  C       1.301331     -1.148064      2.292510
  C       1.255687     -0.571154      3.546939
  C       0.453272      1.223707      5.132586
  H       1.464086      1.297247      5.572325
  H      -0.110874      0.557128      5.816854
  H      -0.028645      2.210026      5.144606
  H      -0.772919      2.123706      2.849647
  H      -0.688905      1.084077      0.589170
  H       0.632051     -1.005326      0.228830
  H       1.876928     -2.060237      2.122444
  H       1.796860     -1.022427      4.382228
  N      -2.903798     -1.956031    -16.324143
  O      -2.596402     -2.094941    -15.238664
  O      -2.108091     -0.642947    -14.872353
18
Coordinates from ORCA-job educts_optfreq_5 E -475.548158700710
  C       0.508538      0.622617      3.787995
  C      -0.201371      1.217238      2.705752
  C      -0.165459      0.649166      1.444986
  C       0.581657     -0.533333      1.225988
  C       1.295178     -1.137672      2.286250
  C       1.259559     -0.570504      3.545319
  C       0.468966      1.212157      5.150561
  H       1.481615      1.281722      5.586215
  H      -0.090583      0.539579      5.833241
  H      -0.016512      2.196398      5.173979
  H      -0.773332      2.130464      2.884258
  H      -0.705452      1.109786      0.615050
  H       0.607897     -0.978365      0.229679
  H       1.868640     -2.048856      2.104181
  H       1.807765     -1.028296      4.372409
  N      -2.918220     -1.917416    -16.396071
  O      -2.593200     -2.131217    -15.327277
  O      -2.096565     -0.704409    -14.874256
18
Coordinates from ORCA-job educts_optfreq_5 E -475.548133672145
  C       0.507948      0.630659      3.789691
  C      -0.198042      1.210874      2.698934
  C      -0.156420      0.630674      1.444461
  C       0.597575     -0.551293      1.237422
  C       1.297228     -1.148289      2.308390
  C       1.256340     -0.568301      3.562143
  C       0.461564      1.228967      5.149052
  H       1.476761      1.300746      5.580121
  H      -0.103586      0.566706      5.835337
  H      -0.006022      2.222487      5.160452
  H      -0.774511      2.123523      2.867004
  H      -0.707341      1.074230      0.614268
  H       0.633747     -1.009627      0.243206
  H       1.872161     -2.061384      2.140492
  H       1.797830     -1.018641      4.397835
  N      -2.988682     -1.905097    -16.397812
  O      -2.504327     -2.135113    -15.400008
  O      -2.143104     -0.682060    -14.882729
18
Coordinates from ORCA-job educts_optfreq_5 E -475.548158665533
  C       0.511830      0.629266      3.792944
  C      -0.202291      1.216286      2.711103
  C      -0.169979      0.644258      1.452537
  C       0.582193     -0.536481      1.232142
  C       1.289241     -1.140114      2.294474
  C       1.257920     -0.568137      3.552156
  C       0.474794      1.218731      5.156435
  H       1.492106      1.286972      5.582711
  H      -0.086335      0.551688      5.841651
  H       0.005876      2.211370      5.177804
  H      -0.777203      2.128051      2.888817
  H      -0.726664      1.094144      0.630561
  H       0.611152     -0.988203      0.235354
  H       1.862301     -2.052481      2.116601
  H       1.805906     -1.023887      4.380639
  N      -3.024968     -1.855956    -16.401223
  O      -2.459945     -2.161799    -15.468721
  O      -2.126816     -0.744649    -14.827722
18
Coordinates from ORCA-job educts_optfreq_5 E -475.548216804153
  C       0.516219      0.624701      3.808132
  C      -0.206852      1.224484      2.738178
  C      -0.185502      0.664934      1.473568
  C       0.564189     -0.513714      1.235915
  C       1.285298     -1.126678      2.284836
  C       1.264149     -0.567699      3.548404
  C       0.491195      1.202569      5.176415
  H       1.510691      1.267614      5.597636
  H      -0.063071      0.527411      5.860025
  H       0.015745      2.191720      5.211396
  H      -0.779679      2.134763      2.930033
  H      -0.745311      1.125100      0.657019
  H       0.582655     -0.952938      0.234124
  H       1.858074     -2.036132      2.091226
  H       1.821021     -1.030976      4.366788
  N      -2.985985     -1.842947    -16.487031
  O      -2.533243     -2.182261    -15.503107
  O      -2.090473     -0.800892    -14.875296
18
Coordinates from ORCA-job educts_optfreq_5 E -475.548213648809
  C       0.519273      0.619420      3.818298
  C      -0.206788      1.232503      2.756929
  C      -0.190061      0.685124      1.486734
  C       0.553191     -0.493269      1.237211
  C       1.285643     -1.114363      2.275462
  C       1.269026     -0.568174      3.544168
  C       0.498033      1.185761      5.190735
  H       1.516112      1.248144      5.614802
  H      -0.052348      0.501141      5.869104
  H       0.011507      2.168747      5.237248
  H      -0.776749      2.141938      2.959727
  H      -0.741587      1.158639      0.670240
  H       0.562191     -0.920895      0.233003
  H       1.857451     -2.021356      2.068792
  H       1.830386     -1.039147      4.354821
  N      -2.901154     -1.869306    -16.556764
  O      -2.644946     -2.174333    -15.490694
  O      -2.070060     -0.831513    -14.921554
18
Coordinates from ORCA-job educts_optfreq_5 E -475.548250592610
  C       0.523335      0.620169      3.830376
  C      -0.211220      1.235653      2.776420
  C      -0.204070      0.692622      1.504336
  C       0.542249     -0.483025      1.243779
  C       1.279155     -1.108621      2.275274
  C       1.271375     -0.566629      3.546254
  C       0.512789      1.181285      5.205456
  H       1.535383      1.241428      5.619511
  H      -0.033716      0.495966      5.885821
  H       0.032356      2.167210      5.258372
  H      -0.781259      2.143597      2.986805
  H      -0.769214      1.164960      0.696619
  H       0.548056     -0.906546      0.235548
  H       1.850682     -2.014516      2.061904
  H       1.838559     -1.040072      4.351694
  N      -2.935656     -1.835558    -16.608187
  O      -2.626562     -2.199239    -15.576109
  O      -2.053124     -0.879625    -14.945615
18
Coordinates from ORCA-job educts_optfreq_5 E -475.548271540430
  C       0.526396      0.623502      3.833767
  C      -0.208481      1.237756      2.780816
  C      -0.199858      0.696547      1.508289
  C       0.544386     -0.478864      1.246305
  C       1.278987     -1.105177      2.277745
  C       1.271096     -0.564706      3.549228
  C       0.511354      1.179324      5.211183
  H       1.533296      1.238696      5.626637
  H      -0.036836      0.492394      5.887950
  H       0.033568      2.166131      5.265810
  H      -0.779492      2.144451      2.992189
  H      -0.763316      1.169617      0.702982
  H       0.549825     -0.904284      0.240272
  H       1.849218     -2.011509      2.064861
  H       1.836297     -1.039763      4.354643
  N      -2.984580     -1.774459    -16.622314
  O      -2.576953     -2.224432    -15.663491
  O      -2.065787     -0.936164    -14.908612
18
Coordinates from ORCA-job educts_optfreq_5 E -475.548271591634
  C       0.522514      0.626491      3.828909
  C      -0.201733      1.235094      2.766802
  C      -0.182020      0.687870      1.497121
  C       0.560879     -0.490308      1.246891
  C       1.284842     -1.111353      2.288167
  C       1.266520     -0.564861      3.556879
  C       0.495866      1.187524      5.204316
  H       1.515067      1.248335      5.626128
  H      -0.058564      0.504711      5.879573
  H       0.021835      2.176479      5.250389
  H      -0.773379      2.143323      2.968459
  H      -0.736441      1.158983      0.686200
  H       0.574535     -0.923670      0.245178
  H       1.855877     -2.019456      2.086042
  H       1.823483     -1.036650      4.369833
  N      -3.027447     -1.736597    -16.594584
  O      -2.505572     -2.221991    -15.714059
  O      -2.117141     -0.954863    -14.843984
18
Coordinates from ORCA-job educts_optfreq_5 E -475.548308978644
  C       0.520874      0.625217      3.839527
  C      -0.201281      1.238003      2.778245
  C      -0.182312      0.693583      1.507065
  C       0.561430     -0.484775      1.253447
  C       1.285573     -1.108165      2.293570
  C       1.266993     -0.564641      3.563836
  C       0.498489      1.185308      5.215686
  H       1.519274      1.245166      5.634188
  H      -0.055104      0.502732      5.891873
  H       0.026603      2.175621      5.263329
  H      -0.771775      2.146936      2.981530
  H      -0.738853      1.167850      0.697401
  H       0.576472     -0.915600      0.249375
  H       1.858179     -2.015429      2.089607
  H       1.825190     -1.037670      4.375914
  N      -3.035854     -1.682474    -16.642378
  O      -2.492994     -2.229954    -15.812310
  O      -2.141784     -1.032648    -14.831647
18
Coordinates from ORCA-job educts_optfreq_5 E -475.548237258374
  C       0.517374      0.617168      3.850238
  C      -0.204565      1.242677      2.791741
  C      -0.189663      0.704180      1.516847
  C       0.557558     -0.473509      1.257200
  C       1.288416     -1.104327      2.291572
  C       1.271846     -0.567070      3.565044
  C       0.506145      1.178278      5.225845
  H       1.528125      1.238264      5.642185
  H      -0.041764      0.492216      5.904902
  H       0.023591      2.164027      5.278317
  H      -0.772609      2.153335      2.999832
  H      -0.750215      1.184225      0.704097
  H       0.568405     -0.893129      0.245560
  H       1.862689     -2.009874      2.078861
  H       1.835961     -1.042667      4.372789
  N      -2.904731     -1.677573    -16.729834
  O      -2.613420     -2.241876    -15.783537
  O      -2.164024     -1.055287    -14.863400
18
Coordinates from ORCA-job educts_optfreq_5 E -475.548332048025
  C       0.521286      0.621995      3.850600
  C      -0.199391      1.243669      2.791001
  C      -0.180010      0.705009      1.517009
  C       0.564032     -0.472852      1.260022
  C       1.290104     -1.102746      2.296884
  C       1.270118     -0.565597      3.569708
  C       0.499555      1.178256      5.227644
  H       1.519081      1.237588      5.649471
  H      -0.052337      0.490786      5.901256
  H       0.019290      2.164371      5.279568
  H      -0.768518      2.153046      2.997710
  H      -0.732902      1.184749      0.704427
  H       0.577935     -0.895138      0.252091
  H       1.862513     -2.008969      2.087248
  H       1.828155     -1.042718      4.379332
  N      -2.946932     -1.645997    -16.732065
  O      -2.569029     -2.243648    -15.841224
  O      -2.183831     -1.092743    -14.842423
18
Coordinates from ORCA-job educts_optfreq_5 E -475.548362772045
  C       0.521846      0.623798      3.855471
  C      -0.193792      1.246152      2.793443
  C      -0.168604      0.708811      1.519220
  C       0.574263     -0.469508      1.264800
  C       1.294441     -1.100817      2.304429
  C       1.269259     -0.564878      3.577459
  C       0.492089      1.177279      5.233377
  H       1.509271      1.236315      5.660624
  H      -0.062787      0.488273      5.902764
  H       0.011367      2.162964      5.284698
  H      -0.763391      2.155330      2.998554
  H      -0.715816      1.189656      0.705105
  H       0.592141     -0.891587      0.257667
  H       1.865930     -2.007769      2.096825
  H       1.822168     -1.043756      4.389262
  N      -2.954286     -1.591315    -16.757427
  O      -2.553383     -2.243863    -15.917110
  O      -2.221595     -1.166025    -14.820902
18
Coordinates from ORCA-job educts_optfreq_5 E -475.548380772829
  C       0.523491      0.626014      3.860611
  C      -0.187203      1.249895      2.797027
  C      -0.155645      0.715697      1.521988
  C       0.585253     -0.462868      1.269007
  C       1.299172     -1.096632      2.310782
  C       1.268594     -0.563565      3.584483
  C       0.483526      1.174017      5.240185
  H       1.497439      1.232484      5.674662
  H      -0.074451      0.481580      5.903230
  H       0.000844      2.158256      5.292428
  H      -0.757522      2.158242      3.001728
  H      -0.695642      1.198875      0.707350
  H       0.606991     -0.883664      0.263140
  H       1.869019     -2.004293      2.104164
  H       1.815684     -1.045551      4.397891
  N      -2.962150     -1.513381    -16.777261
  O      -2.541402     -2.238392    -16.009595
  O      -2.256878     -1.277653    -14.793559
18
Coordinates from ORCA-job educts_optfreq_5 E -475.548363987211
  C       0.524765      0.627531      3.865946
  C      -0.182124      1.253683      2.801742
  C      -0.145640      0.723243      1.525502
  C       0.594028     -0.455409      1.272444
  C       1.303399     -1.091745      2.315441
  C       1.268436     -0.562179      3.590128
  C       0.476812      1.170166      5.247127
  H       1.488030      1.228205      5.687465
  H      -0.083105      0.474101      5.904646
  H      -0.008419      2.152721      5.301002
  H      -0.753011      2.161192      3.007009
  H      -0.679901      1.209586      0.711180
  H       0.618954     -0.874082      0.267606
  H       1.872238     -1.999597      2.108672
  H       1.811172     -1.047249      4.404240
  N      -2.965239     -1.424798    -16.785980
  O      -2.540281     -2.227249    -16.102221
  O      -2.280995     -1.409058    -14.773689
18
Coordinates from ORCA-job educts_optfreq_5 E -475.548407007292
  C       0.523629      0.625946      3.870430
  C      -0.185960      1.252585      2.806828
  C      -0.153649      0.720710      1.530463
  C       0.589663     -0.458094      1.275752
  C       1.301801     -1.094667      2.317797
  C       1.268772     -0.564047      3.592905
  C       0.483443      1.172363      5.250859
  H       1.497809      1.230233      5.685213
  H      -0.074946      0.479291      5.912989
  H       0.001677      2.157460      5.304044
  H      -0.755883      2.161458      3.012499
  H      -0.694824      1.206649      0.715359
  H       0.615589     -0.874929      0.265887
  H       1.872518     -2.002223      2.110269
  H       1.814586     -1.047896      4.406682
  N      -2.958353     -1.476138    -16.814433
  O      -2.548974     -2.240523    -16.079634
  O      -2.277779     -1.339120    -14.815647
18
Coordinates from ORCA-job educts_optfreq_5 E -475.548418754967
  C       0.523104      0.626168      3.877089
  C      -0.183161      1.253894      2.812496
  C      -0.147359      0.723491      1.535928
  C       0.595932     -0.454038      1.281974
  C       1.304362     -1.092470      2.324530
  C       1.269487     -0.562793      3.599917
  C       0.480447      1.171527      5.257923
  H       1.494125      1.229577      5.693445
  H      -0.078225      0.477755      5.918914
  H      -0.001098      2.156564      5.311257
  H      -0.754074      2.161926      3.018275
  H      -0.687389      1.207629      0.720412
  H       0.622652     -0.870662      0.272331
  H       1.874466     -2.000152      2.116934
  H       1.813624     -1.047453      4.414189
  N      -2.952076     -1.453215    -16.844563
  O      -2.563668     -2.241094    -16.124607
  O      -2.292029     -1.377597    -14.838184
18
Coordinates from ORCA-job educts_optfreq_5 E -475.548425998275
  C       0.521941      0.625888      3.880982
  C      -0.183121      1.253543      2.815220
  C      -0.145898      0.722615      1.538776
  C       0.599367     -0.454517      1.285821
  C       1.306127     -1.093153      2.329543
  C       1.269516     -0.562896      3.604838
  C       0.479820      1.173206      5.261196
  H       1.493873      1.232196      5.695937
  H      -0.078573      0.480401      5.923511
  H      -0.001549      2.158561      5.313123
  H      -0.754286      2.161848      3.019892
  H      -0.686929      1.205819      0.722503
  H       0.627670     -0.870996      0.275853
  H       1.877404     -2.000521      2.122800
  H       1.813296     -1.046840      4.419961
  N      -2.949414     -1.445049    -16.862978
  O      -2.573201     -2.241639    -16.145801
  O      -2.296923     -1.389407    -14.852920
18
Coordinates from ORCA-job educts_optfreq_5 E -475.548432553182
  C       0.520565      0.626402      3.886165
  C      -0.182151      1.252545      2.817714
  C      -0.142003      0.719566      1.542076
  C       0.605526     -0.457474      1.292313
  C       1.309501     -1.094912      2.338742
  C       1.269529     -0.562638      3.613304
  C       0.477239      1.177011      5.265208
  H       1.491399      1.237958      5.699766
  H      -0.081262      0.485857      5.929116
  H      -0.003904      2.162782      5.314053
  H      -0.754036      2.161212      3.019547
  H      -0.683455      1.200668      0.724069
  H       0.636645     -0.875339      0.282448
  H       1.882468     -2.002003      2.134688
  H       1.811829     -1.044921      4.430544
  N      -2.957304     -1.438615    -16.887279
  O      -2.583514     -2.241526    -16.176094
  O      -2.297953     -1.397513    -14.878121
18
Coordinates from ORCA-job educts_optfreq_5 E -475.548441304719
  C       0.518763      0.628065      3.892305
  C      -0.179062      1.250673      2.818570
  C      -0.132613      0.713681      1.544749
  C       0.617135     -0.463716      1.302041
  C       1.316142     -1.097822      2.353807
  C       1.269624     -0.561593      3.626584
  C       0.469917      1.183447      5.269362
  H       1.482980      1.248018      5.706194
  H      -0.089516      0.494144      5.934275
  H      -0.012181      2.169070      5.312739
  H      -0.752361      2.159753      3.014736
  H      -0.671570      1.191499      0.722868
  H       0.653158     -0.885059      0.293485
  H       1.891208     -2.004890      2.155390
  H       1.808215     -1.040956      4.448042
  N      -2.972245     -1.428153    -16.918072
  O      -2.597955     -2.239456    -16.217227
  O      -2.300519     -1.407645    -14.911587
18
Coordinates from ORCA-job educts_optfreq_5 E -475.548454824570
  C       0.515591      0.631211      3.901169
  C      -0.172895      1.246991      2.817647
  C      -0.114612      0.702498      1.547443
  C       0.638194     -0.475749      1.318250
  C       1.328252     -1.103066      2.379873
  C       1.269744     -0.559452      3.649043
  C       0.455282      1.194867      5.274506
  H       1.465643      1.266006      5.716768
  H      -0.106146      0.508320      5.940358
  H      -0.029296      2.179680      5.308061
  H      -0.748577      2.156801      3.003172
  H      -0.647109      1.174736      0.718077
  H       0.683347     -0.903593      0.312563
  H       1.906338     -2.010475      2.192145
  H       1.801205     -1.033435      4.478245
  N      -2.997749     -1.414847    -16.966206
  O      -2.621472     -2.235216    -16.277668
  O      -2.306619     -1.416217    -14.965185
18
Coordinates from ORCA-job educts_optfreq_5 E -475.548469118228
  C       0.512381      0.634808      3.909444
  C      -0.165816      1.242616      2.815181
  C      -0.094309      0.689754      1.549264
  C       0.661291     -0.489427      1.335426
  C       1.341476     -1.108794      2.407916
  C       1.269808     -0.556922      3.672758
  C       0.438542      1.207336      5.278449
  H       1.445372      1.285839      5.727579
  H      -0.125078      0.523221      5.944755
  H      -0.049580      2.190661      5.301360
  H      -0.743991      2.153142      2.988785
  H      -0.618333      1.156140      0.711414
  H       0.716715     -0.924316      0.333297
  H       1.922245     -2.016814      2.232197
  H       1.793231     -1.024883      4.510418
  N      -3.023062     -1.405223    -17.015839
  O      -2.646389     -2.230604    -16.333824
  O      -2.315383     -1.417475    -15.020322
18
Coordinates from ORCA-job educts_optfreq_5 E -475.548483465999
  C       0.509412      0.638574      3.917328
  C      -0.158281      1.237980      2.812217
  C      -0.073181      0.676615      1.550920
  C       0.685111     -0.503414      1.352973
  C       1.354969     -1.114546      2.436537
  C       1.269870     -0.554180      3.696694
  C       0.421157      1.220072      5.281663
  H       1.423924      1.306315      5.738438
  H      -0.144599      0.537966      5.948078
  H      -0.071318      2.201348      5.293798
  H      -0.738947      2.149092      2.973570
  H      -0.588048      1.137117      0.704509
  H       0.751185     -0.945229      0.354697
  H       1.937925     -2.023395      2.273149
  H       1.784866     -1.015987      4.542877
  N      -3.047560     -1.395908    -17.065464
  O      -2.672023     -2.225782    -16.388333
  O      -2.325341     -1.417580    -15.075389
18
Coordinates from ORCA-job educts_optfreq_5 E -475.548497363238
  C       0.506628      0.642303      3.925034
  C      -0.150500      1.233120      2.809155
  C      -0.051912      0.663148      1.552766
  C       0.708855     -0.517622      1.370975
  C       1.368352     -1.120296      2.465515
  C       1.270010     -0.551297      3.720694
  C       0.403795      1.232954      5.284302
  H       1.402119      1.327199      5.749156
  H      -0.163788      0.552430      5.950745
  H      -0.093784      2.211635      5.285770
  H      -0.733485      2.144759      2.958184
  H      -0.557157      1.117802      0.697821
  H       0.785659     -0.966089      0.376755
  H       1.953034     -2.030089      2.314441
  H       1.776632     -1.006834      4.575219
  N      -3.070255     -1.391698    -17.117570
  O      -2.698657     -2.221799    -16.438212
  O      -2.336425     -1.410566    -15.132490
18
Coordinates from ORCA-job educts_optfreq_5 E -475.548504954463
  C       0.505053      0.644558      3.929438
  C      -0.145645      1.229685      2.806790
  C      -0.039045      0.653879      1.553752
  C       0.723140     -0.527383      1.382411
  C       1.376467     -1.124352      2.483821
  C       1.270257     -0.549497      3.735601
  C       0.393332      1.241597      5.285067
  H       1.388618      1.341167      5.755274
  H      -0.174988      0.561861      5.951793
  H      -0.108263      2.218158      5.279783
  H      -0.729882      2.141737      2.947949
  H      -0.538186      1.104811      0.693423
  H       0.806388     -0.980073      0.390987
  H       1.961939     -2.034867      2.340466
  H       1.771958     -1.000829      4.595214
  N      -3.084162     -1.399538    -17.152349
  O      -2.715344     -2.220674    -16.460090
  O      -2.342518     -1.391179    -15.171069
18
Coordinates from ORCA-job educts_optfreq_5 E -475.548507946938
  C       0.503503      0.647100      3.933237
  C      -0.140911      1.224588      2.802844
  C      -0.026425      0.640839      1.554203
  C       0.737412     -0.541025      1.395349
  C       1.384779     -1.130309      2.504608
  C       1.270815     -0.547454      3.751943
  C       0.382949      1.253199      5.283867
  H       1.374852      1.359496      5.759676
  H      -0.185392      0.574775      5.952179
  H      -0.123952      2.226894      5.270333
  H      -0.726359      2.137255      2.934646
  H      -0.519578      1.086768      0.687872
  H       0.827022     -0.999429      0.407626
  H       1.971056     -2.041720      2.370252
  H       1.767978     -0.993029      4.617188
  N      -3.105170     -1.429957    -17.190888
  O      -2.731280     -2.220831    -16.465830
  O      -2.342179     -1.338100    -15.220846
18
Coordinates from ORCA-job educts_optfreq_5 E -475.548510198245
  C       0.501319      0.650537      3.940298
  C      -0.134593      1.218377      2.800123
  C      -0.009341      0.624982      1.557082
  C       0.757047     -0.557248      1.413957
  C       1.396073     -1.137015      2.533156
  C       1.271404     -0.544468      3.774861
  C       0.369311      1.267579      5.284740
  H       1.357288      1.382491      5.766737
  H      -0.199386      0.591342      5.955110
  H      -0.142984      2.238208      5.260438
  H      -0.721885      2.131502      2.920000
  H      -0.495347      1.064078      0.683263
  H       0.855503     -1.022775      0.430634
  H       1.984005     -2.049043      2.410460
  H       1.762191     -0.982780      4.647444
  N      -3.133340     -1.452484    -17.244707
  O      -2.754882     -2.218893    -16.495462
  O      -2.343263     -1.295331    -15.289875
18
Coordinates from ORCA-job educts_optfreq_5 E -475.548517819827
  C       0.503131      0.649518      3.942233
  C      -0.136876      1.222463      2.807095
  C      -0.016961      0.634227      1.561032
  C       0.748576     -0.547507      1.409469
  C       1.391222     -1.132633      2.523458
  C       1.271708     -0.545348      3.768276
  C       0.376846      1.260195      5.290411
  H       1.367462      1.370951      5.768096
  H      -0.191683      0.583215      5.959855
  H      -0.131307      2.233147      5.271588
  H      -0.723694      2.135051      2.933333
  H      -0.508297      1.075714      0.691285
  H       0.842519     -1.009659      0.423402
  H       1.978828     -2.044003      2.394829
  H       1.765289     -0.987621      4.637267
  N      -3.125809     -1.431724    -17.239112
  O      -2.748016     -2.221847    -16.515881
  O      -2.343819     -1.335078    -15.278375
18
Coordinates from ORCA-job educts_optfreq_5 E -475.548516387771
  C       0.503772      0.649496      3.942279
  C      -0.138257      1.222021      2.808015
  C      -0.020182      0.633512      1.561913
  C       0.745392     -0.548160      1.409436
  C       1.389954     -1.132925      2.522606
  C       1.272194     -0.545369      3.767466
  C       0.379633      1.260713      5.290366
  H       1.370961      1.371576      5.766531
  H      -0.187982      0.584089      5.960958
  H      -0.128485      2.233706      5.271847
  H      -0.724921      2.134613      2.934957
  H      -0.512883      1.074817      0.692893
  H       0.837832     -1.010516      0.423397
  H       1.977839     -2.044020      2.393223
  H       1.767258     -0.987322      4.635795
  N      -3.127535     -1.441554    -17.240812
  O      -2.745205     -2.222787    -16.510203
  O      -2.340263     -1.322833    -15.282408
18
Coordinates from ORCA-job educts_optfreq_5 E -475.548515153880
  C       0.505630      0.649119      3.943285
  C      -0.141280      1.222652      2.812290
  C      -0.028292      0.635373      1.565146
  C       0.736818     -0.546058      1.408282
  C       1.386240     -1.131804      2.518160
  C       1.273439     -0.545508      3.764082
  C       0.387102      1.259150      5.292418
  H       1.380412      1.368931      5.764674
  H      -0.178639      0.582635      5.964658
  H      -0.120102      2.232676      5.276414
  H      -0.727502      2.135049      2.942622
  H      -0.524760      1.077349      0.698646
  H       0.825007     -1.007494      0.421416
  H       1.974164     -2.042369      2.385417
  H       1.772119     -0.988212      4.629955
  N      -3.125630     -1.452316    -17.244455
  O      -2.739235     -2.225742    -16.507768
  O      -2.336372     -1.314371    -15.286982
18
Coordinates from ORCA-job educts_optfreq_5 E -475.548514470834
  C       0.509909      0.648164      3.946107
  C      -0.147542      1.225067      2.822945
  C      -0.045788      0.641721      1.573008
  C       0.718049     -0.539057      1.405350
  C       1.377873     -1.128116      2.507321
  C       1.276165     -0.545780      3.756066
  C       0.403575      1.253983      5.298203
  H       1.401135      1.360719      5.762077
  H      -0.158173      0.576911      5.973126
  H      -0.101534      2.228701      5.288890
  H      -0.732735      2.136889      2.961586
  H      -0.550386      1.086016      0.712474
  H       0.796942     -0.997443      0.416220
  H       1.965304     -2.037729      2.366400
  H       1.782699     -0.991023      4.616057
  N      -3.116261     -1.465159    -17.253099
  O      -2.727808     -2.232440    -16.511349
  O      -2.332302     -1.312364    -15.293120
18
Coordinates from ORCA-job educts_optfreq_5 E -475.548514508744
  C       0.518275      0.646330      3.951981
  C      -0.158891      1.230293      2.844341
  C      -0.078429      0.655334      1.589005
  C       0.682708     -0.523966      1.400141
  C       1.361883     -1.119960      2.486452
  C       1.281434     -0.545968      3.740618
  C       0.434762      1.242933      5.309882
  H       1.439961      1.343731      5.758216
  H      -0.119178      0.563754      5.988997
  H      -0.066867      2.219494      5.314244
  H      -0.742067      2.140767      2.999271
  H      -0.598095      1.104699      0.740269
  H       0.744208     -0.975630      0.406556
  H       1.947596     -2.027993      2.329499
  H       1.802775     -0.996546      4.588889
  N      -3.093121     -1.479063    -17.271368
  O      -2.708881     -2.245229    -16.526730
  O      -2.328953     -1.323919    -15.302002
18
Coordinates from ORCA-job educts_optfreq_5 E -475.548517031443
  C       0.522304      0.645576      3.954907
  C      -0.163415      1.233297      2.854588
  C      -0.092504      0.662802      1.596645
  C       0.667295     -0.515694      1.397725
  C       1.354747     -1.115397      2.476678
  C       1.283992     -0.545772      3.733428
  C       0.448510      1.237013      5.315694
  H       1.456719      1.335002      5.757761
  H      -0.101815      0.555842      5.995776
  H      -0.052300      2.213927      5.327088
  H      -0.745744      2.142973      3.017203
  H      -0.618745      1.115058      0.753556
  H       0.721073     -0.963855      0.402176
  H       1.938968     -2.023056      2.312166
  H       1.811898     -0.999213      4.576078
  N      -3.078674     -1.475138    -17.279679
  O      -2.702539     -2.250819    -16.540912
  O      -2.330650     -1.343487    -15.302618
18
Coordinates from ORCA-job educts_optfreq_5 E -475.548521465030
  C       0.521953      0.645881      3.954905
  C      -0.161517      1.234034      2.853427
  C      -0.088822      0.663761      1.595460
  C       0.671124     -0.514800      1.397653
  C       1.356307     -1.114858      2.477773
  C       1.284053     -0.545349      3.734497
  C       0.445348      1.236700      5.315797
  H       1.452227      1.334836      5.760783
  H      -0.105407      0.553800      5.994017
  H      -0.057441      2.212559      5.327665
  H      -0.744113      2.143722      3.015107
  H      -0.613536      1.116702      0.751737
  H       0.726669     -0.962995      0.402546
  H       1.939374     -2.023486      2.314098
  H       1.810769     -0.999084      4.577724
  N      -3.074152     -1.457854    -17.277497
  O      -2.707268     -2.249378    -16.550725
  O      -2.336448     -1.365130    -15.296707
18
Coordinates from ORCA-job educts_optfreq_5 E -475.548521256368
  C       0.520895      0.646079      3.954149
  C      -0.160494      1.233216      2.850793
  C      -0.085620      0.661710      1.593504
  C       0.674664     -0.517081      1.398284
  C       1.357890     -1.116070      2.480289
  C       1.283473     -0.545346      3.736324
  C       0.442162      1.238412      5.314193
  H       1.448237      1.337228      5.760843
  H      -0.109189      0.555714      5.992201
  H      -0.061178      2.214002      5.324582
  H      -0.743151      2.143224      3.010479
  H      -0.608770      1.114014      0.748429
  H       0.732431     -0.966142      0.403596
  H       1.941182     -2.024902      2.318458
  H       1.808835     -0.998268      4.580841
  N      -3.078258     -1.459499    -17.275150
  O      -2.708306     -2.247964    -16.546435
  O      -2.335682     -1.359267    -15.297120
18
Coordinates from ORCA-job educts_optfreq_5 E -475.548520924509
  C       0.520638      0.646267      3.953792
  C      -0.160450      1.232697      2.849818
  C      -0.085134      0.660481      1.592866
  C       0.675270     -0.518410      1.398661
  C       1.358194     -1.116717      2.481322
  C       1.283357     -0.545292      3.736997
  C       0.441569      1.239485      5.313354
  H       1.447456      1.338642      5.760367
  H      -0.109677      0.556846      5.991562
  H      -0.062096      2.214919      5.323246
  H      -0.743099      2.142859      3.008735
  H      -0.607993      1.112435      0.747371
  H       0.733663     -0.968042      0.404206
  H       1.941675     -2.025551      2.320123
  H       1.808551     -0.997724      4.581883
  N      -3.081884     -1.461369    -17.273709
  O      -2.707232     -2.247046    -16.544216
  O      -2.333688     -1.355421    -15.298117
18
Coordinates from ORCA-job educts_optfreq_5 E -475.548520777815
  C       0.520907      0.646357      3.953753
  C      -0.160882      1.232597      2.850082
  C      -0.086329      0.660194      1.593153
  C       0.673989     -0.518692      1.398701
  C       1.357698     -1.116769      2.481050
  C       1.283607     -0.545182      3.736688
  C       0.442601      1.239784      5.313238
  H       1.448679      1.338978      5.759818
  H      -0.108177      0.557061      5.991779
  H      -0.061239      2.215125      5.323387
  H      -0.743478      2.142762      3.009206
  H      -0.609746      1.112083      0.747922
  H       0.731784     -0.968550      0.404309
  H       1.941181     -2.025553      2.319555
  H       1.809374     -0.997498      4.581277
  N      -3.084323     -1.461873    -17.272535
  O      -2.705247     -2.246715    -16.544333
  O      -2.331278     -1.355049    -15.298791
