17
Coordinates from ORCA-job opt4 E -491.665104782827
  C      -2.774044      1.408236     -1.582756
  C      -3.688557      0.417766     -2.082766
  C      -3.626159     -0.891047     -1.654583
  C      -2.656348     -1.284586     -0.709954
  C      -1.745460     -0.342821     -0.199073
  C      -1.792829      0.974480     -0.617154
  H      -4.437479      0.730474     -2.814295
  H      -4.332000     -1.624627     -2.049672
  H      -2.606853     -2.321047     -0.370199
  H      -0.987522     -0.625655      0.532167
  H      11.666439     -3.079923     21.411358
  N      -2.856953      2.665034     -2.013896
  H      -3.561174      2.934994     -2.694498
  H      -2.187004      3.343243     -1.634815
  N      -0.808905      1.910244     -0.041582
  O      -0.849459      3.081950     -0.415292
  O      -0.020215      1.470405      0.763640
17
Coordinates from ORCA-job opt4 E -491.665112022753
  C      -2.777535      1.409154     -1.588239
  C      -3.692047      0.418693     -2.088260
  C      -3.629626     -0.890129     -1.660101
  C      -2.659806     -1.283657     -0.715479
  C      -1.748920     -0.341890     -0.204586
  C      -1.796307      0.975406     -0.622668
  H      -4.440982      0.731411     -2.819772
  H      -4.335457     -1.623716     -2.055195
  H      -2.610293     -2.320119     -0.375732
  H      -0.991021     -0.624815      0.526652
  H      11.721924     -3.095018     21.500099
  N      -2.860435      2.665972     -2.019332
  H      -3.564656      2.935963     -2.699921
  H      -2.190482      3.344164     -1.640224
  N      -0.812358      1.911244     -0.047288
  O      -0.853065      3.082901     -0.421139
  O      -0.023454      1.471557      0.757813
17
Coordinates from ORCA-job opt4 E -491.665119253475
  C      -2.781071      1.410070     -1.593847
  C      -3.695500      0.419479     -2.093749
  C      -3.632983     -0.889287     -1.665438
  C      -2.663160     -1.282604     -0.720748
  C      -1.752352     -0.340714     -0.209943
  C      -1.799792      0.976520     -0.628197
  H      -4.444451      0.732054     -2.825305
  H      -4.338743     -1.622983     -2.060457
  H      -2.613576     -2.319014     -0.380857
  H      -0.994540     -0.623662      0.521377
  H      11.777394     -3.110517     21.588844
  N      -2.864130      2.666806     -2.025159
  H      -3.568390      2.936578     -2.705798
  H      -2.194241      3.345139     -1.646185
  N      -0.815768      1.912403     -0.053009
  O      -0.856542      3.084076     -0.426835
  O      -0.026674      1.472778      0.751935
17
Coordinates from ORCA-job opt4 E -491.665126447805
  C      -2.784518      1.410938     -1.599519
  C      -3.698865      0.420237     -2.099344
  C      -3.636339     -0.888467     -1.670811
  C      -2.666586     -1.281572     -0.725964
  C      -1.755824     -0.339563     -0.215275
  C      -1.803282      0.977581     -0.633772
  H      -4.447778      0.732679     -2.830996
  H      -4.342035     -1.622257     -2.065767
  H      -2.616984     -2.317917     -0.385871
  H      -0.998110     -0.622480      0.516156
  H      11.832954     -3.126002     21.677508
  N      -2.867610      2.667635     -2.030955
  H      -3.571828      2.937298     -2.711672
  H      -2.197776      3.346028     -1.652000
  N      -0.819364      1.913603     -0.058720
  O      -0.860474      3.085293     -0.432484
  O      -0.030102      1.474085      0.746116
17
Coordinates from ORCA-job opt4 E -491.665133611591
  C      -2.787950      1.411802     -1.605263
  C      -3.702126      0.420943     -2.105085
  C      -3.639650     -0.887664     -1.676235
  C      -2.670074     -1.280514     -0.731104
  C      -1.759412     -0.338359     -0.220487
  C      -1.806850      0.978696     -0.639269
  H      -4.450902      0.733197     -2.836957
  H      -4.345241     -1.621567     -2.071168
  H      -2.620498     -2.316771     -0.390745
  H      -1.001814     -0.621159      0.511103
  H      11.888685     -3.141566     21.766162
  N      -2.871083      2.668430     -2.036905
  H      -3.575177      2.937908     -2.717822
  H      -2.201456      3.346962     -1.657835
  N      -0.823041      1.914853     -0.064243
  O      -0.864256      3.086531     -0.438040
  O      -0.033673      1.475400      0.740523
17
Coordinates from ORCA-job opt4 E -491.665140880412
  C      -2.790741      1.412229     -1.612631
  C      -3.703521      0.420376     -2.113064
  C      -3.642052     -0.887504     -1.681805
  C      -2.674356     -1.278876     -0.734107
  C      -1.764472     -0.335894     -0.223586
  C      -1.811349      0.980630     -0.644260
  H      -4.450726      0.731387     -2.847073
  H      -4.346892     -1.621998     -2.076970
  H      -2.625443     -2.314543     -0.391881
  H      -1.007495     -0.617115      0.509204
  H      11.946851     -3.159383     21.854101
  N      -2.873530      2.668403     -2.045696
  H      -3.576163      2.936819     -2.728556
  H      -2.205714      3.347824     -1.665037
  N      -0.828863      1.917566     -0.067850
  O      -0.869798      3.089162     -0.441789
  O      -0.040256      1.478036      0.737630
17
Coordinates from ORCA-job opt4 E -491.665147925253
  C      -2.794650      1.413396     -1.617124
  C      -3.708235      0.422059     -2.117052
  C      -3.646039     -0.886214     -1.687133
  C      -2.677213     -1.278292     -0.740904
  C      -1.767016     -0.335677     -0.230312
  C      -1.814256      0.981075     -0.650091
  H      -4.456364      0.733681     -2.849854
  H      -4.351261     -1.620454     -2.082100
  H      -2.627857     -2.314270     -0.399658
  H      -1.009794     -0.617768      0.501940
  H      12.000869     -3.173316     21.943220
  N      -2.877543      2.669747     -2.049649
  H      -3.580997      2.938678     -2.731439
  H      -2.208494      3.348648     -1.670224
  N      -0.831012      1.917742     -0.074838
  O      -0.872895      3.089458     -0.448388
  O      -0.041765      1.478629      0.730236
17
Coordinates from ORCA-job opt4 E -491.665154961017
  C      -2.798026      1.414245     -1.622951
  C      -3.711407      0.422747     -2.122924
  C      -3.649295     -0.885419     -1.692658
  C      -2.680751     -1.277239     -0.746033
  C      -1.770738     -0.334466     -0.235419
  C      -1.817903      0.982182     -0.655536
  H      -4.459343      0.734162     -2.856011
  H      -4.354381     -1.619774     -2.087655
  H      -2.631462     -2.313130     -0.404515
  H      -1.013655     -0.616251      0.497096
  H      12.056824     -3.188912     22.031877
  N      -2.880914      2.670522     -2.055698
  H      -3.584171      2.939273     -2.737763
  H      -2.212158      3.349586     -1.676048
  N      -0.834854      1.918998     -0.080170
  O      -0.876554      3.090614     -0.454043
  O      -0.045733      1.479983      0.725082
17
Coordinates from ORCA-job opt4 E -491.665161922626
  C      -2.801474      1.415137     -1.628630
  C      -3.714778      0.423549     -2.128563
  C      -3.652641     -0.884565     -1.698149
  C      -2.684191     -1.276256     -0.751374
  C      -1.774310     -0.333386     -0.240738
  C      -1.821461      0.983210     -0.661039
  H      -4.462672      0.734846     -2.861743
  H      -4.357652     -1.618993     -2.093144
  H      -2.634896     -2.312115     -0.409765
  H      -1.017303     -0.614892      0.491962
  H      12.112607     -3.204346     22.120617
  N      -2.884347      2.671352     -2.061565
  H      -3.587544      2.939998     -2.743735
  H      -2.215643      3.350487     -1.681958
  N      -0.838530      1.920138     -0.085634
  O      -0.880052      3.091650     -0.459849
  O      -0.049634      1.481306      0.719937
17
Coordinates from ORCA-job opt4 E -491.665168720597
  C      -2.805111      1.416201     -1.633787
  C      -3.718828      0.424841     -2.133421
  C      -3.656413     -0.883439     -1.703555
  C      -2.687377     -1.275507     -0.757551
  C      -1.777221     -0.332844     -0.247054
  C      -1.824544      0.983893     -0.666913
  H      -4.467240      0.736434     -2.865949
  H      -4.361703     -1.617705     -2.098351
  H      -2.637931     -2.311492     -0.416360
  H      -1.020007     -0.614524      0.485374
  H      12.167401     -3.218806     22.209576
  N      -2.888175      2.672531     -2.066338
  H      -3.591841      2.941431     -2.747917
  H      -2.219023      3.351469     -1.687180
  N      -0.841327      1.920644     -0.091754
  O      -0.883000      3.092236     -0.465727
  O      -0.052179      1.481758      0.713537
17
Coordinates from ORCA-job opt4 E -491.665175548854
  C      -2.808651      1.417171     -1.639259
  C      -3.722419      0.425819     -2.138821
  C      -3.659940     -0.882479     -1.709013
  C      -2.690783     -1.274596     -0.763149
  C      -1.780554     -0.331954     -0.252766
  C      -1.827974      0.984813     -0.672535
  H      -4.470922      0.737428     -2.871248
  H      -4.365267     -1.616734     -2.103764
  H      -2.641270     -2.310612     -0.422056
  H      -1.023191     -0.613517      0.479556
  H      12.222821     -3.233834     22.298373
  N      -2.891758      2.673517     -2.071758
  H      -3.595533      2.942460     -2.753210
  H      -2.222546      3.352438     -1.692675
  N      -0.844706      1.921525     -0.097418
  O      -0.886153      3.093058     -0.471607
  O      -0.055677      1.482617      0.707981
17
Coordinates from ORCA-job opt4 E -491.665182311004
  C      -2.812236      1.418154     -1.644671
  C      -3.726133      0.426838     -2.144071
  C      -3.663525     -0.881500     -1.714403
  C      -2.694103     -1.273711     -0.768838
  C      -1.783764     -0.331097     -0.258611
  C      -1.831346      0.985723     -0.678212
  H      -4.474817      0.738495     -2.876291
  H      -4.368942     -1.615728     -2.109046
  H      -2.644477     -2.309772     -0.427889
  H      -1.026129     -0.612628      0.473438
  H      12.278078     -3.248809     22.387213
  N      -2.895434      2.674533     -2.077064
  H      -3.599420      2.943548     -2.758268
  H      -2.226066      3.353402     -1.698171
  N      -0.847973      1.922382     -0.103188
  O      -0.889061      3.093811     -0.477738
  O      -0.059171      1.483480      0.702440
17
Coordinates from ORCA-job opt4 E -491.665189055181
  C      -2.815787      1.419069     -1.650220
  C      -3.729698      0.427687     -2.149457
  C      -3.667016     -0.880617     -1.719694
  C      -2.697450     -1.272731     -0.774230
  C      -1.787067     -0.330049     -0.264199
  C      -1.834785      0.986756     -0.683834
  H      -4.478439      0.739263     -2.881652
  H      -4.372450     -1.614897     -2.114207
  H      -2.647728     -2.308769     -0.433225
  H      -1.029219     -0.611595      0.467617
  H      12.333480     -3.264140     22.475947
  N      -2.899009      2.675408     -2.082747
  H      -3.603081      2.944358     -2.763890
  H      -2.229509      3.354280     -1.704087
  N      -0.851448      1.923504     -0.108879
  O      -0.892539      3.094892     -0.483545
  O      -0.062774      1.484701      0.696931
17
Coordinates from ORCA-job opt4 E -491.665195707919
  C      -2.819354      1.420026     -1.655654
  C      -3.733412      0.428694     -2.154685
  C      -3.670585     -0.879650     -1.725063
  C      -2.700744     -1.271834     -0.779908
  C      -1.790262     -0.329164     -0.270018
  C      -1.838107      0.987663     -0.689558
  H      -4.482383      0.740332     -2.886616
  H      -4.376132     -1.613905     -2.119425
  H      -2.650909     -2.307901     -0.439002
  H      -1.032167     -0.610780      0.461531
  H      12.388672     -3.279153     22.564779
  N      -2.902712      2.676402     -2.088041
  H      -3.607004      2.945412     -2.768922
  H      -2.233075      3.355227     -1.709556
  N      -0.854679      1.924400     -0.114741
  O      -0.895553      3.095699     -0.489698
  O      -0.066113      1.485652      0.691207
17
Coordinates from ORCA-job opt4 E -491.665202354273
  C      -2.822889      1.420940     -1.661222
  C      -3.736941      0.429532     -2.160115
  C      -3.674047     -0.878775     -1.730379
  C      -2.704110     -1.270846     -0.785283
  C      -1.793617     -0.328107     -0.275542
  C      -1.841549      0.988690     -0.695161
  H      -4.485957      0.741083     -2.892040
  H      -4.379588     -1.613090     -2.124636
  H      -2.654187     -2.306881     -0.444304
  H      -1.035422     -0.609719      0.455888
  H      12.444109     -3.294499     22.653500
  N      -2.906274      2.677274     -2.093760
  H      -3.610604      2.946193     -2.774645
  H      -2.236586      3.356138     -1.715424
  N      -0.858152      1.925518     -0.120418
  O      -0.899129      3.096808     -0.495392
  O      -0.069575      1.486860      0.685563
17
Coordinates from ORCA-job opt4 E -491.665208885572
  C      -2.826487      1.421937     -1.666570
  C      -3.740757      0.430616     -2.165240
  C      -3.677660     -0.877769     -1.735765
  C      -2.707367     -1.269988     -0.791106
  C      -1.796747     -0.327322     -0.281490
  C      -1.844822      0.989532     -0.700901
  H      -4.490084      0.742289     -2.896796
  H      -4.383343     -1.612025     -2.129875
  H      -2.657294     -2.306085     -0.450341
  H      -1.038355     -0.608992      0.449714
  H      12.499200     -3.309364     22.742377
  N      -2.910033      2.678337     -2.098897
  H      -3.614642      2.947367     -2.779450
  H      -2.240177      3.357142     -1.720748
  N      -0.861258      1.926289     -0.126343
  O      -0.901969      3.097491     -0.501634
  O      -0.072726      1.487666      0.679694
17
Coordinates from ORCA-job opt4 E -491.665215424991
  C      -2.830035      1.422870     -1.672081
  C      -3.744334      0.431511     -2.170615
  C      -3.681153     -0.876864     -1.741116
  C      -2.710724     -1.269034     -0.796578
  C      -1.800051     -0.326329     -0.287111
  C      -1.848231      0.990524     -0.706531
  H      -4.493750      0.743148     -2.902093
  H      -4.386869     -1.611144     -2.135122
  H      -2.660568     -2.305123     -0.455793
  H      -1.041574     -0.607991      0.444014
  H      12.554548     -3.324586     22.831128
  N      -2.913645      2.679247     -2.104454
  H      -3.618337      2.948232     -2.784931
  H      -2.243729      3.358059     -1.726442
  N      -0.864625      1.927325     -0.132114
  O      -0.905438      3.098530     -0.507391
  O      -0.076006      1.488744      0.673863
17
Coordinates from ORCA-job opt4 E -491.665221920204
  C      -2.833542      1.423795     -1.677629
  C      -3.747866      0.432409     -2.176052
  C      -3.684630     -0.875953     -1.746518
  C      -2.714114     -1.268082     -0.802053
  C      -1.803404     -0.325347     -0.292706
  C      -1.851654      0.991497     -0.712152
  H      -4.497349      0.744013     -2.907475
  H      -4.390378     -1.610250     -2.140439
  H      -2.663915     -2.304155     -0.461230
  H      -1.044867     -0.606961      0.438373
  H      12.609953     -3.339779     22.919867
  N      -2.917219      2.680164     -2.110016
  H      -3.621980      2.949121     -2.790434
  H      -2.247285      3.358998     -1.732068
  N      -0.868032      1.928335     -0.137821
  O      -0.908937      3.099545     -0.513073
  O      -0.079300      1.489770      0.668055
17
Coordinates from ORCA-job opt4 E -491.665228376675
  C      -2.837051      1.424724     -1.683170
  C      -3.751367      0.433301     -2.181528
  C      -3.688092     -0.875044     -1.751949
  C      -2.717533     -1.267124     -0.807508
  C      -1.806807     -0.324359     -0.298252
  C      -1.855099      0.992471     -0.717741
  H      -4.500886      0.744866     -2.912932
  H      -4.393845     -1.609364     -2.145815
  H      -2.667307     -2.303182     -0.466644
  H      -1.048225     -0.605925      0.432799
  H      12.665388     -3.354966     23.008597
  N      -2.920786      2.681088     -2.115575
  H      -3.625584      2.950012     -2.795967
  H      -2.250877      3.359954     -1.737640
  N      -0.871435      1.929333     -0.143529
  O      -0.912456      3.100556     -0.518727
  O      -0.082556      1.490779      0.662210
17
Coordinates from ORCA-job opt4 E -491.665234794834
  C      -2.840546      1.425648     -1.688734
  C      -3.754851      0.434184     -2.187025
  C      -3.691542     -0.874140     -1.757384
  C      -2.720957     -1.266160     -0.812945
  C      -1.810234     -0.323357     -0.303763
  C      -1.858557      0.993454     -0.723318
  H      -4.504393      0.745698     -2.918425
  H      -4.397292     -1.608491     -2.151199
  H      -2.670713     -2.302200     -0.472027
  H      -1.051618     -0.604857      0.427278
  H      12.720857     -3.370182     23.097319
  N      -2.924331      2.681995     -2.121182
  H      -3.629147      2.950870     -2.801571
  H      -2.254452      3.360898     -1.743266
  N      -0.874876      1.930355     -0.149195
  O      -0.916030      3.101595     -0.524326
  O      -0.085837      1.491811      0.656394
17
Coordinates from ORCA-job opt4 E -491.665241171021
  C      -2.844045      1.426566     -1.694287
  C      -3.758334      0.435060     -2.192517
  C      -3.694989     -0.873242     -1.762813
  C      -2.724380     -1.265197     -0.818374
  C      -1.813658     -0.322354     -0.309270
  C      -1.862014      0.994437     -0.728893
  H      -4.507903      0.746522     -2.923913
  H      -4.400732     -1.607627     -2.156576
  H      -2.674114     -2.301219     -0.477407
  H      -1.055002     -0.603801      0.421752
  H      12.776313     -3.385405     23.186037
  N      -2.927878      2.682900     -2.126767
  H      -3.632712      2.951737     -2.807155
  H      -2.258027      3.361835     -1.748852
  N      -0.878318      1.931393     -0.154900
  O      -0.919586      3.102629     -0.530016
  O      -0.089142      1.492886      0.650582
17
Coordinates from ORCA-job opt4 E -491.665247502646
  C      -2.847550      1.427488     -1.699861
  C      -3.761826      0.435924     -2.197999
  C      -3.698429     -0.872349     -1.768215
  C      -2.727777     -1.264221     -0.823785
  C      -1.817065     -0.321325     -0.314771
  C      -1.865465      0.995439     -0.734480
  H      -4.511431      0.747319     -2.929386
  H      -4.404167     -1.606779     -2.161906
  H      -2.677483     -2.300220     -0.482751
  H      -1.058373     -0.602695      0.416241
  H      12.831767     -3.400672     23.274765
  N      -2.931455      2.683797     -2.132414
  H      -3.636316      2.952556     -2.812800
  H      -2.261637      3.362787     -1.754551
  N      -0.881746      1.932434     -0.160584
  O      -0.923125      3.103685     -0.535655
  O      -0.092441      1.493953      0.644782
17
Coordinates from ORCA-job opt4 E -491.665253788078
  C      -2.851049      1.428401     -1.705438
  C      -3.765312      0.436778     -2.203479
  C      -3.701868     -0.871464     -1.773601
  C      -2.731176     -1.263242     -0.829174
  C      -1.820464     -0.320289     -0.320269
  C      -1.868918      0.996443     -0.740068
  H      -4.514949      0.748101     -2.934863
  H      -4.407598     -1.605943     -2.167215
  H      -2.680845     -2.299216     -0.488068
  H      -1.061735     -0.601597      0.410727
  H      12.887219     -3.415962     23.363480
  N      -2.935009      2.684682     -2.138070
  H      -3.639897      2.953370     -2.818459
  H      -2.265212      3.363726     -1.760264
  N      -0.885207      1.933501     -0.166273
  O      -0.926727      3.104757     -0.541331
  O      -0.095773      1.495074      0.638992
17
Coordinates from ORCA-job opt4 E -491.665260015143
  C      -2.854579      1.429335     -1.710959
  C      -3.768865      0.437680     -2.208888
  C      -3.705344     -0.870553     -1.778994
  C      -2.734551     -1.262293     -0.834660
  C      -1.823813     -0.319311     -0.325866
  C      -1.872340      0.997415     -0.745688
  H      -4.518587      0.748972     -2.940199
  H      -4.411096     -1.605055     -2.172522
  H      -2.684163     -2.298259     -0.493545
  H      -1.064997     -0.600559      0.405065
  H      12.942597     -3.431156     23.452234
  N      -2.938623      2.685609     -2.143597
  H      -3.643590      2.954264     -2.823914
  H      -2.268820      3.364682     -1.765863
  N      -0.888571      1.934499     -0.172022
  O      -0.930093      3.105728     -0.547169
  O      -0.099084      1.496123      0.633217
17
Coordinates from ORCA-job opt4 E -491.665266207616
  C      -2.858101      1.430253     -1.716510
  C      -3.772401      0.438548     -2.214307
  C      -3.708803     -0.869663     -1.784354
  C      -2.737914     -1.261329     -0.840086
  C      -1.827164     -0.318290     -0.331417
  C      -1.875775      0.998414     -0.751298
  H      -4.522190      0.749781     -2.945573
  H      -4.414567     -1.604206     -2.177787
  H      -2.687464     -2.297278     -0.498923
  H      -1.068274     -0.599482      0.399458
  H      12.997999     -3.446432     23.540967
  N      -2.942208      2.686501     -2.149216
  H      -3.647240      2.955100     -2.829488
  H      -2.272373      3.365607     -1.771599
  N      -0.892003      1.935563     -0.177746
  O      -0.933593      3.106770     -0.552953
  O      -0.102448      1.497261      0.627464
17
Coordinates from ORCA-job opt4 E -491.665272339533
  C      -2.861634      1.431174     -1.722054
  C      -3.775949      0.439416     -2.219712
  C      -3.712264     -0.868774     -1.789706
  C      -2.741268     -1.260365     -0.845518
  C      -1.830498     -0.317273     -0.336985
  C      -1.879195      0.999412     -0.756923
  H      -4.525823      0.750591     -2.950916
  H      -4.418045     -1.603356     -2.183032
  H      -2.690748     -2.296295     -0.504311
  H      -1.071525     -0.598407      0.393826
  H      13.053371     -3.461705     23.629710
  N      -2.945827      2.687403     -2.154808
  H      -3.650941      2.955948     -2.835014
  H      -2.275969      3.366544     -1.777295
  N      -0.895393      1.936619     -0.183514
  O      -0.937012      3.107794     -0.558819
  O      -0.105799      1.498393      0.621702
17
Coordinates from ORCA-job opt4 E -491.665278462411
  C      -2.865138      1.432071     -1.727645
  C      -3.779433      0.440241     -2.225186
  C      -3.715694     -0.867909     -1.795062
  C      -2.744651     -1.259383     -0.850873
  C      -1.833890     -0.316211     -0.342462
  C      -1.882657      1.000439     -0.762509
  H      -4.529334      0.751326     -2.956399
  H      -4.421464     -1.602550     -2.188302
  H      -2.694078     -2.295281     -0.509571
  H      -1.074867     -0.597277      0.388324
  H      13.108827     -3.477057     23.718416
  N      -2.949370      2.688259     -2.160506
  H      -3.654505      2.956732     -2.840715
  H      -2.279500      3.367432     -1.783073
  N      -0.898905      1.937757     -0.189215
  O      -0.940617      3.108898     -0.564587
  O      -0.109243      1.499632      0.615996
17
Coordinates from ORCA-job opt4 E -491.665284511522
  C      -2.868685      1.433003     -1.733171
  C      -3.783018      0.441129     -2.230549
  C      -3.719163     -0.867010     -1.800408
  C      -2.747976     -1.258426     -0.856346
  C      -1.837197     -0.315210     -0.348067
  C      -1.886056      1.001425     -0.768149
  H      -4.533042      0.752169     -2.961657
  H      -4.424961     -1.601686     -2.193529
  H      -2.697317     -2.294313     -0.515029
  H      -1.078087     -0.596208      0.382651
  H      13.164163     -3.492305     23.807183
  N      -2.953034      2.689179     -2.166063
  H      -3.658289      2.957602     -2.846170
  H      -2.283136      3.368394     -1.788753
  N      -0.902243      1.938777     -0.195009
  O      -0.943905      3.109874     -0.570539
  O      -0.112572      1.500727      0.610235
17
Coordinates from ORCA-job opt4 E -491.665290424163
  C      -2.872386      1.434030     -1.738396
  C      -3.787039      0.442259     -2.235395
  C      -3.722838     -0.865989     -1.805642
  C      -2.751068     -1.257597     -0.862266
  C      -1.840105     -0.314455     -0.354211
  C      -1.889220      1.002265     -0.773995
  H      -4.537546      0.753450     -2.965942
  H      -4.428830     -1.600606     -2.198525
  H      -2.700153     -2.293575     -0.521265
  H      -1.080710     -0.595545      0.376173
  H      13.218976     -3.507174     23.896110
  N      -2.957000      2.690281     -2.171036
  H      -3.662724      2.958829     -2.850610
  H      -2.286774      3.369411     -1.794152
  N      -0.905136      1.939521     -0.201183
  O      -0.946392      3.110474     -0.577236
  O      -0.115575      1.501541      0.604201
17
Coordinates from ORCA-job opt4 E -491.665296521490
  C      -2.875759      1.434837     -1.744262
  C      -3.790125      0.442846     -2.241336
  C      -3.726094     -0.865244     -1.811062
  C      -2.754670     -1.256490     -0.867174
  C      -1.843834     -0.313152     -0.359214
  C      -1.892899      1.003444     -0.779406
  H      -4.540316      0.753756     -2.972326
  H      -4.431927     -1.600009     -2.203953
  H      -2.703848     -2.292336     -0.525759
  H      -1.084530     -0.594048      0.371344
  H      13.274886     -3.522896     23.984648
  N      -2.960255      2.690956     -2.177299
  H      -3.665677      2.959257     -2.857273
  H      -2.290262      3.370223     -1.800271
  N      -0.909065      1.940939     -0.206529
  O      -0.950829      3.111978     -0.582225
  O      -0.119314      1.503059      0.598727
17
Coordinates from ORCA-job opt4 E -491.665302546506
  C      -2.879111      1.435651     -1.750127
  C      -3.793220      0.443463     -2.247267
  C      -3.729331     -0.864482     -1.816522
  C      -2.758248     -1.255395     -0.872150
  C      -1.847587     -0.311877     -0.364210
  C      -1.896568      1.004588     -0.784814
  H      -4.543128      0.754113     -2.978660
  H      -4.435009     -1.599387     -2.209431
  H      -2.707537     -2.291117     -0.530345
  H      -1.088427     -0.592547      0.366585
  H      13.330799     -3.538571     24.073213
  N      -2.963531      2.691662     -2.183510
  H      -3.668677      2.959730     -2.863869
  H      -2.293817      3.371103     -1.806277
  N      -0.912963      1.942291     -0.211878
  O      -0.955141      3.113385     -0.587355
  O      -0.123023      1.504511      0.593247
17
Coordinates from ORCA-job opt4 E -491.665308381965
  C      -2.882737      1.436657     -1.755442
  C      -3.797044      0.444543     -2.252366
  C      -3.732926     -0.863482     -1.821900
  C      -2.761492     -1.254534     -0.877949
  C      -1.850727     -0.311073     -0.370121
  C      -1.899857      1.005447     -0.790533
  H      -4.547261      0.755301     -2.983397
  H      -4.438716     -1.598346     -2.214685
  H      -2.710621     -2.290327     -0.536379
  H      -1.091390     -0.591758      0.360481
  H      13.385883     -3.553488     24.162072
  N      -2.967332      2.692722     -2.188639
  H      -3.672768      2.960880     -2.868662
  H      -2.297439      3.372114     -1.811641
  N      -0.916038      1.943065     -0.217844
  O      -0.957939      3.114063     -0.593683
  O      -0.126115      1.505337      0.587317
17
Coordinates from ORCA-job opt4 E -491.665314209516
  C      -2.886330      1.437622     -1.760868
  C      -3.800750      0.445506     -2.257583
  C      -3.736457     -0.862545     -1.827224
  C      -2.764762     -1.253619     -0.883552
  C      -1.853926     -0.310147     -0.375874
  C      -1.903192      1.006395     -0.796223
  H      -4.551184      0.756277     -2.988382
  H      -4.442317     -1.597416     -2.219872
  H      -2.713766     -2.289435     -0.542067
  H      -1.094460     -0.590822      0.354599
  H      13.441067     -3.568618     24.250875
  N      -2.971081      2.693694     -2.194011
  H      -3.676725      2.961849     -2.873810
  H      -2.301071      3.373083     -1.817235
  N      -0.919236      1.944005     -0.223757
  O      -0.961044      3.114948     -0.599795
  O      -0.129287      1.506340      0.581410
17
Coordinates from ORCA-job opt4 E -491.665320002556
  C      -2.889905      1.438566     -1.766320
  C      -3.804433      0.446445     -2.262819
  C      -3.739989     -0.861618     -1.832524
  C      -2.768043     -1.252692     -0.889113
  C      -1.857121     -0.309205     -0.381626
  C      -1.906534      1.007350     -0.801922
  H      -4.555065      0.757219     -2.993415
  H      -4.445922     -1.596499     -2.225018
  H      -2.716927     -2.288517     -0.547682
  H      -1.097506     -0.589883      0.348694
  H      13.496264     -3.583777     24.339649
  N      -2.974782      2.694644     -2.199430
  H      -3.680624      2.962801     -2.879033
  H      -2.304631      3.374027     -1.822879
  N      -0.922502      1.944988     -0.229636
  O      -0.964298      3.115888     -0.605809
  O      -0.132499      1.507382      0.575511
17
Coordinates from ORCA-job opt4 E -491.665325749017
  C      -2.893506      1.439524     -1.771741
  C      -3.808178      0.447412     -2.267989
  C      -3.743565     -0.860676     -1.837789
  C      -2.771294     -1.251778     -0.894720
  C      -1.860238     -0.308290     -0.387466
  C      -1.909827      1.008290     -0.807666
  H      -4.559053      0.758210     -2.998324
  H      -4.449612     -1.595552     -2.230090
  H      -2.720039     -2.287624     -0.553361
  H      -1.100420     -0.589007      0.342623
  H      13.551362     -3.598887     24.428433
  N      -2.978537      2.695620     -2.204776
  H      -3.684613      2.963796     -2.884117
  H      -2.308238      3.374978     -1.828462
  N      -0.925680      1.945936     -0.235590
  O      -0.967473      3.116807     -0.611846
  O      -0.135611      1.508361      0.569511
17
Coordinates from ORCA-job opt4 E -491.665331524785
  C      -2.896988      1.440417     -1.777370
  C      -3.811590      0.448218     -2.273563
  C      -3.746984     -0.859813     -1.843180
  C      -2.774748     -1.250777     -0.900016
  C      -1.863697     -0.307214     -0.392887
  C      -1.913324      1.009320     -0.813223
  H      -4.562417      0.758907     -3.003994
  H      -4.453005     -1.594748     -2.235416
  H      -2.723480     -2.286573     -0.558515
  H      -1.103808     -0.587850      0.337158
  H      13.606878     -3.614229     24.517099
  N      -2.982029      2.696473     -2.210530
  H      -3.688060      2.964558     -2.889953
  H      -2.311805      3.375890     -1.834192
  N      -0.929226      1.947062     -0.241210
  O      -0.971226      3.117957     -0.617349
  O      -0.139012      1.509521      0.563770
17
Coordinates from ORCA-job opt4 E -491.665337226469
  C      -2.900558      1.441371     -1.782814
  C      -3.815254      0.449182     -2.278846
  C      -3.750522     -0.858870     -1.848549
  C      -2.778081     -1.249867     -0.905615
  C      -1.866960     -0.306304     -0.398610
  C      -1.916701      1.010254     -0.818877
  H      -4.566243      0.759892     -3.009101
  H      -4.456605     -1.593800     -2.240679
  H      -2.726712     -2.285682     -0.564189
  H      -1.106886     -0.586936      0.331252
  H      13.662129     -3.629319     24.605866
  N      -2.985684      2.697440     -2.215908
  H      -3.691860      2.965561     -2.895163
  H      -2.315350      3.376824     -1.839703
  N      -0.932521      1.948011     -0.247038
  O      -0.974443      3.118850     -0.623335
  O      -0.142271      1.510511      0.557939
17
Coordinates from ORCA-job opt4 E -491.665342927057
  C      -2.904043      1.442269     -1.788442
  C      -3.818679      0.449989     -2.284393
  C      -3.753925     -0.858009     -1.853926
  C      -2.781495     -1.248859     -0.910919
  C      -1.870407     -0.305212     -0.404020
  C      -1.920178      1.011289     -0.824447
  H      -4.569656      0.760587     -3.014708
  H      -4.459982     -1.593008     -2.245980
  H      -2.730110     -2.284627     -0.569346
  H      -1.110313     -0.585754      0.325850
  H      13.717618     -3.644684     24.694548
  N      -2.989225      2.698294     -2.221670
  H      -3.695383      2.966299     -2.900991
  H      -2.318968      3.377762     -1.845476
  N      -0.936014      1.949122     -0.252705
  O      -0.978158      3.119998     -0.628881
  O      -0.145604      1.511665      0.552135
17
Coordinates from ORCA-job opt4 E -491.665348567843
  C      -2.907553      1.443196     -1.793988
  C      -3.822195      0.450875     -2.289844
  C      -3.757382     -0.857105     -1.859329
  C      -2.784893     -1.247896     -0.916363
  C      -1.873796     -0.304213     -0.409561
  C      -1.923623      1.012270     -0.830038
  H      -4.573225      0.761426     -3.020124
  H      -4.463440     -1.592136     -2.251317
  H      -2.733460     -2.283650     -0.574763
  H      -1.113639     -0.584686      0.320270
  H      13.773040     -3.659908     24.783272
  N      -2.992796      2.699205     -2.227265
  H      -3.698999      2.967159     -2.906561
  H      -2.322539      3.378712     -1.851143
  N      -0.939441      1.950137     -0.258387
  O      -0.981660      3.121010     -0.634590
  O      -0.148919      1.512726      0.546360
17
Coordinates from ORCA-job opt4 E -491.665354192433
  C      -2.911022      1.444088     -1.799627
  C      -3.825597      0.451671     -2.295412
  C      -3.760771     -0.856252     -1.864720
  C      -2.788315     -1.246893     -0.921660
  C      -1.877258     -0.303120     -0.414951
  C      -1.927104      1.013311     -0.835602
  H      -4.576604      0.762106     -3.025765
  H      -4.466797     -1.591350     -2.256640
  H      -2.736883     -2.282598     -0.579904
  H      -1.117124     -0.583487      0.314946
  H      13.828553     -3.675288     24.871954
  N      -2.996321      2.700049     -2.233032
  H      -3.702495      2.967884     -2.912401
  H      -2.326169      3.379649     -1.856899
  N      -0.942952      1.951267     -0.264051
  O      -0.985388      3.122160     -0.640180
  O      -0.152274      1.513924      0.540575
17
Coordinates from ORCA-job opt4 E -491.665359747248
  C      -2.914565      1.445032     -1.805114
  C      -3.829190      0.452599     -2.300776
  C      -3.764262     -0.855328     -1.870114
  C      -2.791673     -1.245958     -0.927189
  C      -1.880584     -0.302168     -0.420588
  C      -1.930519      1.014267     -0.841222
  H      -4.580307      0.763021     -3.031022
  H      -4.470316     -1.590443     -2.261954
  H      -2.740165     -2.281668     -0.585469
  H      -1.120361     -0.582476      0.309237
  H      13.883898     -3.690447     24.960708
  N      -2.999946      2.700992     -2.238514
  H      -3.706227      2.968814     -2.917784
  H      -2.329740      3.380607     -1.862499
  N      -0.946298      1.952238     -0.269802
  O      -0.988698      3.123093     -0.646064
  O      -0.155566      1.514945      0.534797
17
Coordinates from ORCA-job opt4 E -491.665365285862
  C      -2.918060      1.445933     -1.810716
  C      -3.832644      0.453420     -2.306286
  C      -3.767674     -0.854464     -1.875496
  C      -2.795071     -1.244969     -0.932533
  C      -1.884008     -0.301099     -0.426034
  C      -1.933991      1.015295     -0.846795
  H      -4.583771      0.763745     -3.036562
  H      -4.473706     -1.589638     -2.267262
  H      -2.743534     -2.280643     -0.590705
  H      -1.123773     -0.581321      0.303814
  H      13.939367     -3.705789     25.049405
  N      -3.003497      2.701855     -2.244220
  H      -3.709785      2.969585     -2.923511
  H      -2.333334      3.381531     -1.868248
  N      -0.949783      1.953351     -0.275496
  O      -0.992308      3.124195     -0.651772
  O      -0.158948      1.516133      0.529043
17
Coordinates from ORCA-job opt4 E -491.665370794149
  C      -2.921551      1.446830     -1.816329
  C      -3.836094      0.454234     -2.311802
  C      -3.771082     -0.853602     -1.880874
  C      -2.798469     -1.243977     -0.937868
  C      -1.887433     -0.300026     -0.431473
  C      -1.937462      1.016325     -0.852369
  H      -4.587230      0.764458     -3.042111
  H      -4.477090     -1.588840     -2.272563
  H      -2.746901     -2.279611     -0.595928
  H      -1.127185     -0.580152      0.298398
  H      13.994850     -3.721147     25.138104
  N      -3.007040      2.702709     -2.249951
  H      -3.713337      2.970345     -2.929271
  H      -2.336914      3.382450     -1.874030
  N      -0.953289      1.954478     -0.281167
  O      -0.995916      3.125302     -0.657482
  O      -0.162378      1.517343      0.523345
17
Coordinates from ORCA-job opt4 E -491.665376263982
  C      -2.925050      1.447731     -1.821928
  C      -3.839558      0.455056     -2.317302
  C      -3.774495     -0.852738     -1.886250
  C      -2.801859     -1.242987     -0.943216
  C      -1.890850     -0.298957     -0.436924
  C      -1.940931      1.017352     -0.857945
  H      -4.590711      0.765185     -3.047636
  H      -4.480480     -1.588039     -2.277863
  H      -2.750252     -2.278588     -0.601177
  H      -1.130581     -0.578994      0.292957
  H      14.050322     -3.736494     25.226808
  N      -3.010593      2.703571     -2.255662
  H      -3.716906      2.971118     -2.934999
  H      -2.340496      3.383372     -1.879799
  N      -0.956782      1.955593     -0.286852
  O      -0.999481      3.126390     -0.663242
  O      -0.165817      1.518550      0.517659
17
Coordinates from ORCA-job opt4 E -491.665381692041
  C      -2.928551      1.448635     -1.827523
  C      -3.843036      0.455886     -2.322788
  C      -3.777915     -0.851869     -1.891625
  C      -2.805242     -1.242004     -0.948584
  C      -1.894256     -0.297898     -0.442394
  C      -1.944395      1.018373     -0.863527
  H      -4.594218      0.765926     -3.053128
  H      -4.483884     -1.587229     -2.283156
  H      -2.753589     -2.277573     -0.606456
  H      -1.133958     -0.577844      0.287493
  H      14.105788     -3.751832     25.315519
  N      -3.014150      2.704437     -2.261364
  H      -3.720489      2.971899     -2.940705
  H      -2.344066      3.384291     -1.885575
  N      -0.960270      1.956700     -0.292533
  O      -1.003016      3.127464     -0.669025
  O      -0.169274      1.519757      0.512002
17
Coordinates from ORCA-job opt4 E -491.665387088092
  C      -2.932056      1.449539     -1.833106
  C      -3.846520      0.456724     -2.328267
  C      -3.781341     -0.850997     -1.897007
  C      -2.808627     -1.241027     -0.953964
  C      -1.897658     -0.296850     -0.447874
  C      -1.947857      1.019389     -0.869109
  H      -4.597733      0.766683     -3.058608
  H      -4.487296     -1.586412     -2.288461
  H      -2.756926     -2.276569     -0.611758
  H      -1.137329     -0.576716      0.282012
  H      14.161245     -3.767153     25.404229
  N      -3.017703      2.705306     -2.267036
  H      -3.724069      2.972701     -2.946374
  H      -2.347620      3.385200     -1.891314
  N      -0.963755      1.957806     -0.298232
  O      -1.006544      3.128529     -0.674838
  O      -0.172729      1.520967      0.506335
17
Coordinates from ORCA-job opt4 E -491.665392449891
  C      -2.935569      1.450453     -1.838683
  C      -3.850026      0.457568     -2.333720
  C      -3.784771     -0.850122     -1.902373
  C      -2.811991     -1.240048     -0.959358
  C      -1.901040     -0.295801     -0.453377
  C      -1.951308      1.020406     -0.874702
  H      -4.601292      0.767447     -3.064043
  H      -4.490718     -1.585591     -2.293738
  H      -2.760231     -2.275563     -0.617085
  H      -1.140670     -0.575581      0.276496
  H      14.216684     -3.782472     25.492952
  N      -3.021287      2.706187     -2.272711
  H      -3.727708      2.973501     -2.952026
  H      -2.351198      3.386131     -1.897093
  N      -0.967212      1.958888     -0.303928
  O      -1.009996      3.129569     -0.680670
  O      -0.176187      1.522148      0.500690
17
Coordinates from ORCA-job opt4 E -491.665397778374
  C      -2.939079      1.451366     -1.844258
  C      -3.853523      0.458419     -2.339186
  C      -3.788204     -0.849241     -1.907756
  C      -2.815372     -1.239074     -0.964758
  C      -1.904432     -0.294763     -0.458880
  C      -1.954765      1.021416     -0.880291
  H      -4.604830      0.768224     -3.069496
  H      -4.494142     -1.584759     -2.299043
  H      -2.763558     -2.274565     -0.622422
  H      -1.144020     -0.574460      0.270983
  H      14.272136     -3.797775     25.581672
  N      -3.024855      2.707067     -2.278373
  H      -3.731318      2.974309     -2.957669
  H      -2.354763      3.387056     -1.902849
  N      -0.970676      1.959966     -0.309611
  O      -1.013473      3.130610     -0.686484
  O      -0.179645      1.523323      0.495051
17
Coordinates from ORCA-job opt4 E -491.665403067948
  C      -2.942586      1.452280     -1.849832
  C      -3.857020      0.459273     -2.344652
  C      -3.791639     -0.848358     -1.913143
  C      -2.818753     -1.238102     -0.970164
  C      -1.907825     -0.293727     -0.464384
  C      -1.958221      1.022424     -0.885879
  H      -4.608369      0.769007     -3.074949
  H      -4.497572     -1.583924     -2.304354
  H      -2.766890     -2.273570     -0.627764
  H      -1.147373     -0.573347      0.265466
  H      14.327585     -3.813069     25.670390
  N      -3.028420      2.707951     -2.284025
  H      -3.734925      2.975124     -2.963304
  H      -2.358325      3.387984     -1.908588
  N      -0.974138      1.961040     -0.315299
  O      -1.016955      3.131646     -0.692289
  O      -0.183096      1.524490      0.489400
17
Coordinates from ORCA-job opt4 E -491.665408321309
  C      -2.946091      1.453193     -1.855405
  C      -3.860514      0.460127     -2.350122
  C      -3.795074     -0.847476     -1.918534
  C      -2.822138     -1.237130     -0.975570
  C      -1.911222     -0.292693     -0.469887
  C      -1.961677      1.023429     -0.891466
  H      -4.611903      0.769792     -3.080409
  H      -4.500999     -1.583087     -2.309671
  H      -2.770229     -2.272574     -0.633107
  H      -1.150733     -0.572241      0.259952
  H      14.383036     -3.828359     25.759104
  N      -3.031980      2.708835     -2.289677
  H      -3.738524      2.975943     -2.968941
  H      -2.361883      3.388911     -1.914321
  N      -0.977602      1.962114     -0.320984
  O      -1.020449      3.132687     -0.698075
  O      -0.186537      1.525649      0.483739
17
Coordinates from ORCA-job opt4 E -491.665413547081
  C      -2.949590      1.454109     -1.860957
  C      -3.864015      0.461009     -2.355594
  C      -3.798531     -0.846576     -1.923957
  C      -2.825543     -1.236175     -0.981021
  C      -1.914622     -0.291697     -0.475416
  C      -1.965125      1.024410     -0.897049
  H      -4.615442      0.770630     -3.085857
  H      -4.504461     -1.582217     -2.315031
  H      -2.773599     -2.271606     -0.638516
  H      -1.154096     -0.571203      0.254402
  H      14.438482     -3.843587     25.847813
  N      -3.035510      2.709734     -2.295268
  H      -3.742084      2.976813     -2.974508
  H      -2.365399      3.389821     -1.919961
  N      -0.981066      1.963167     -0.326671
  O      -1.023982      3.133712     -0.703817
  O      -0.189938      1.526777      0.478039
17
Coordinates from ORCA-job opt4 E -491.665418731997
  C      -2.953132      1.455079     -1.866433
  C      -3.867612      0.461988     -2.360984
  C      -3.802064     -0.845614     -1.929413
  C      -2.828948     -1.235251     -0.986631
  C      -1.917962     -0.290793     -0.481118
  C      -1.968525      1.025345     -0.902663
  H      -4.619141      0.771635     -3.091133
  H      -4.508044     -1.581240     -2.320425
  H      -2.776947     -2.270696     -0.644184
  H      -1.157312     -0.570317      0.248590
  H      14.493848     -3.858641     25.936585
  N      -3.039161      2.710716     -2.300702
  H      -3.745843      2.977783     -2.979838
  H      -2.369026      3.390820     -1.925466
  N      -0.984340      1.964056     -0.332340
  O      -1.027165      3.134598     -0.709519
  O      -0.193147      1.527651      0.472305
17
Coordinates from ORCA-job opt4 E -491.665423894559
  C      -2.956631      1.456018     -1.871934
  C      -3.871152      0.462934     -2.366418
  C      -3.805562     -0.844675     -1.934865
  C      -2.832364     -1.234322     -0.992171
  C      -1.921345     -0.289866     -0.486727
  C      -1.971964      1.026270     -0.908253
  H      -4.622735      0.772585     -3.096510
  H      -4.511569     -1.580300     -2.325828
  H      -2.780325     -2.269769     -0.649743
  H      -1.160622     -0.569376      0.242895
  H      14.549270     -3.873748     26.025284
  N      -3.042641      2.711665     -2.306195
  H      -3.749360      2.978761     -2.985278
  H      -2.372430      3.391734     -1.931039
  N      -0.987785      1.965005     -0.338011
  O      -1.030787      3.135560     -0.715149
  O      -0.196518      1.528643      0.466574
17
Coordinates from ORCA-job opt4 E -491.665429017795
  C      -2.960155      1.456961     -1.877476
  C      -3.874686      0.463831     -2.371845
  C      -3.809016     -0.843764     -1.940258
  C      -2.835727     -1.233350     -0.997634
  C      -1.924701     -0.288847     -0.492295
  C      -1.975390      1.027270     -0.913869
  H      -4.626349      0.773436     -3.101873
  H      -4.515038     -1.579422     -2.331134
  H      -2.783631     -2.268787     -0.655172
  H      -1.163912     -0.568309      0.237262
  H      14.604645     -3.888958     26.114004
  N      -3.046279      2.712592     -2.311757
  H      -3.753082      2.979629     -2.990774
  H      -2.376083      3.392710     -1.936666
  N      -0.991160      1.965995     -0.343737
  O      -1.034086      3.136535     -0.720938
  O      -0.199870      1.529599      0.460793
17
Coordinates from ORCA-job opt4 E -491.665434120359
  C      -2.963658      1.457904     -1.882989
  C      -3.878239      0.464772     -2.377273
  C      -3.812519     -0.842827     -1.945703
  C      -2.839135     -1.232415     -1.003181
  C      -1.928061     -0.287911     -0.497920
  C      -1.978790      1.028211     -0.919493
  H      -4.629981      0.774380     -3.107220
  H      -4.518578     -1.578483     -2.336513
  H      -2.787006     -2.267853     -0.660729
  H      -1.167210     -0.567381      0.231570
  H      14.660038     -3.904070     26.202725
  N      -3.049833      2.713536     -2.317248
  H      -3.756709      2.980574     -2.996186
  H      -2.379603      3.393655     -1.942231
  N      -0.994531      1.966953     -0.349435
  O      -1.037556      3.137515     -0.726551
  O      -0.203150      1.530560      0.455007
17
Coordinates from ORCA-job opt4 E -491.665439183153
  C      -2.967161      1.458849     -1.888480
  C      -3.881773      0.465738     -2.382737
  C      -3.816026     -0.841872     -1.951205
  C      -2.842579     -1.231488     -1.008759
  C      -1.931461     -0.287007     -0.503541
  C      -1.982225      1.029128     -0.925073
  H      -4.633563      0.775369     -3.112622
  H      -4.522112     -1.577516     -2.341989
  H      -2.790426     -2.266936     -0.666345
  H      -1.170557     -0.566510      0.225880
  H      14.715462     -3.919119     26.291445
  N      -3.053360      2.714507     -2.322673
  H      -3.760281      2.981583     -3.001556
  H      -2.383117      3.394618     -1.947643
  N      -0.997923      1.967877     -0.355093
  O      -1.040981      3.138431     -0.732226
  O      -0.206435      1.531468      0.449247
17
Coordinates from ORCA-job opt4 E -491.665444230501
  C      -2.970675      1.459782     -1.894020
  C      -3.885304      0.466649     -2.388184
  C      -3.819500     -0.840950     -1.956628
  C      -2.845975     -1.230527     -1.014246
  C      -1.934845     -0.286019     -0.509110
  C      -1.985665      1.030105     -0.930663
  H      -4.637144      0.776248     -3.118032
  H      -4.525600     -1.576618     -2.347346
  H      -2.793781     -2.265966     -0.671811
  H      -1.173894     -0.565505      0.220269
  H      14.770897     -3.934305     26.380159
  N      -3.056908      2.715420     -2.328277
  H      -3.763873      2.982455     -3.007126
  H      -2.386624      3.395543     -1.953349
  N      -1.001338      1.968875     -0.360753
  O      -1.044510      3.139458     -0.737777
  O      -0.209780      1.532476      0.443525
17
Coordinates from ORCA-job opt4 E -491.665449234191
  C      -2.974153      1.460724     -1.899550
  C      -3.888787      0.467593     -2.393708
  C      -3.822979     -0.840010     -1.962155
  C      -2.849441     -1.229589     -1.019786
  C      -1.938290     -0.285085     -0.514679
  C      -1.989124      1.031042     -0.936223
  H      -4.640647      0.777198     -3.123533
  H      -4.529088     -1.575675     -2.352857
  H      -2.797241     -2.265029     -0.677355
  H      -1.177308     -0.564580      0.214666
  H      14.826377     -3.949387     26.468872
  N      -3.060417      2.716381     -2.333753
  H      -3.767396      2.983431     -3.012577
  H      -2.390169      3.396505     -1.958774
  N      -1.004778      1.969813     -0.366359
  O      -1.047924      3.140375     -0.743453
  O      -0.213154      1.533411      0.437851
17
Coordinates from ORCA-job opt4 E -491.665454223133
  C      -2.977649      1.461652     -1.905105
  C      -3.892288      0.468492     -2.399186
  C      -3.826440     -0.839096     -1.967596
  C      -2.852853     -1.228631     -1.025265
  C      -1.941702     -0.284095     -0.520220
  C      -1.992569      1.032020     -0.941807
  H      -4.644181      0.778060     -3.128992
  H      -4.532555     -1.574785     -2.358243
  H      -2.800627     -2.264057     -0.682795
  H      -1.180697     -0.563560      0.209112
  H      14.881845     -3.964583     26.557581
  N      -3.063940      2.717288     -2.339367
  H      -3.770949      2.984299     -3.018178
  H      -2.393661      3.397428     -1.964458
  N      -1.008223      1.970827     -0.372005
  O      -1.051475      3.141405     -0.749031
  O      -0.216559      1.534457      0.432187
17
Coordinates from ORCA-job opt4 E -491.665459177046
  C      -2.981130      1.462590     -1.910664
  C      -3.895747      0.469401     -2.404732
  C      -3.829890     -0.838175     -1.973104
  C      -2.856314     -1.227674     -1.030747
  C      -1.945173     -0.283114     -0.525727
  C      -1.996053      1.032990     -0.947347
  H      -4.647635      0.778940     -3.134556
  H      -4.535989     -1.573884     -2.363744
  H      -2.804072     -2.263091     -0.688254
  H      -1.184158     -0.562549      0.203607
  H      14.937375     -3.979744     26.646294
  N      -3.067441      2.718216     -2.344952
  H      -3.774443      2.985197     -3.023775
  H      -2.397192      3.398374     -1.970040
  N      -1.011708      1.971811     -0.377569
  O      -1.054926      3.142369     -0.754674
  O      -0.220025      1.535462      0.426613
17
Coordinates from ORCA-job opt4 E -491.665464100580
  C      -2.984608      1.463523     -1.916220
  C      -3.899251      0.470324     -2.410218
  C      -3.833362     -0.837247     -1.978577
  C      -2.859730     -1.226731     -1.036269
  C      -1.948580     -0.282155     -0.531299
  C      -1.999483      1.033941     -0.952945
  H      -4.651187      0.779850     -3.139997
  H      -4.539487     -1.572961     -2.369160
  H      -2.807475     -2.262139     -0.693751
  H      -1.187551     -0.561558      0.198028
  H      14.992847     -3.994892     26.735013
  N      -3.070956      2.719145     -2.350520
  H      -3.778003      2.986109     -3.029307
  H      -2.400692      3.399317     -1.975658
  N      -1.015138      1.972781     -0.383199
  O      -1.058433      3.143352     -0.760263
  O      -0.223432      1.536462      0.420972
17
Coordinates from ORCA-job opt4 E -491.665468995636
  C      -2.988091      1.464457     -1.921771
  C      -3.902694      0.471231     -2.415779
  C      -3.836804     -0.836327     -1.984098
  C      -2.863206     -1.225770     -1.041742
  C      -1.952077     -0.281171     -0.536784
  C      -2.002992      1.034914     -0.958462
  H      -4.654601      0.780724     -3.145603
  H      -4.542898     -1.572064     -2.374696
  H      -2.810936     -2.261171     -0.699208
  H      -1.191046     -0.560542      0.192557
  H      15.048405     -4.010055     26.823719
  N      -3.074432      2.720065     -2.356115
  H      -3.781456      2.986999     -3.034938
  H      -2.404190      3.400256     -1.981246
  N      -1.018652      1.973774     -0.388745
  O      -1.061906      3.144317     -0.765903
  O      -0.226946      1.537484      0.415442
17
Coordinates from ORCA-job opt4 E -491.665473860343
  C      -2.991566      1.465388     -1.927334
  C      -3.906191      0.472149     -2.421275
  C      -3.840271     -0.835402     -1.989577
  C      -2.866625     -1.224825     -1.047262
  C      -1.955494     -0.280207     -0.542346
  C      -2.006430      1.035871     -0.964051
  H      -4.658141      0.781628     -3.151061
  H      -4.546385     -1.571146     -2.380122
  H      -2.814344     -2.260217     -0.704699
  H      -1.194452     -0.559550      0.186993
  H      15.103889     -4.025209     26.912438
  N      -3.077945      2.720992     -2.361691
  H      -3.785008      2.987907     -3.040478
  H      -2.407690      3.401195     -1.986871
  N      -1.022096      1.974754     -0.394361
  O      -1.065390      3.145298     -0.771510
  O      -0.230383      1.538494      0.409836
17
Coordinates from ORCA-job opt4 E -491.665478694271
  C      -2.995050      1.466322     -1.932888
  C      -3.909637      0.473054     -2.426835
  C      -3.843713     -0.834483     -1.995094
  C      -2.870097     -1.223863     -1.052733
  C      -1.958986     -0.279222     -0.547830
  C      -2.009933      1.036845     -0.969572
  H      -4.661561      0.782497     -3.156663
  H      -4.549796     -1.570251     -2.385651
  H      -2.817802     -2.259247     -0.710151
  H      -1.197944     -0.558536      0.181522
  H      15.159446     -4.040377     27.001146
  N      -3.081424      2.721910     -2.367294
  H      -3.788468      2.988795     -3.046113
  H      -2.411184      3.402131     -1.992479
  N      -1.025604      1.975752     -0.399910
  O      -1.068864      3.146270     -0.777144
  O      -0.233903      1.539523      0.404317
17
Coordinates from ORCA-job opt4 E -491.665483500935
  C      -2.998525      1.467255     -1.938445
  C      -3.913136      0.473982     -2.432333
  C      -3.847184     -0.833553     -2.000584
  C      -2.873520     -1.222921     -1.058268
  C      -1.962405     -0.278267     -0.553399
  C      -2.013370      1.037794     -0.975159
  H      -4.665103      0.783416     -3.162121
  H      -4.553290     -1.569324     -2.391092
  H      -2.821218     -2.258298     -0.715664
  H      -1.201355     -0.557565      0.175948
  H      15.214932     -4.055513     27.089865
  N      -3.084931      2.722843     -2.372853
  H      -3.792013      2.989720     -3.051634
  H      -2.414676      3.403070     -1.998079
  N      -1.029046      1.976722     -0.405519
  O      -1.072341      3.147241     -0.782746
  O      -0.237339      1.540516      0.398714
17
Coordinates from ORCA-job opt4 E -491.665488279553
  C      -3.002007      1.468191     -1.943998
  C      -3.916585      0.474893     -2.437893
  C      -3.850630     -0.832629     -2.006107
  C      -2.876995     -1.221960     -1.063748
  C      -1.965895     -0.277286     -0.558891
  C      -2.016870      1.038765     -0.980682
  H      -4.668525      0.784298     -3.167719
  H      -4.556708     -1.568422     -2.396627
  H      -2.824678     -2.257331     -0.721129
  H      -1.204845     -0.556563      0.170465
  H      15.270489     -4.070669     27.178572
  N      -3.088407      2.723766     -2.378450
  H      -3.795471      2.990615     -3.057261
  H      -2.418167      3.404008     -2.003679
  N      -1.032552      1.977709     -0.411063
  O      -1.075815      3.148208     -0.788356
  O      -0.240858      1.541527      0.393196
17
Coordinates from ORCA-job opt4 E -491.665493031728
  C      -3.005476      1.469124     -1.949562
  C      -3.920052      0.475812     -2.443429
  C      -3.854087     -0.831702     -2.011619
  C      -2.880443     -1.221010     -1.069260
  C      -1.969355     -0.276318     -0.564418
  C      -2.020338      1.039725     -0.986238
  H      -4.672001      0.785198     -3.173255
  H      -4.560165     -1.567506     -2.402118
  H      -2.828125     -2.256372     -0.726613
  H      -1.208306     -0.555575      0.164946
  H      15.326018     -4.085815     27.267284
  N      -3.091893      2.724692     -2.384032
  H      -3.798965      2.991523     -3.062839
  H      -2.421657      3.404945     -2.009277
  N      -1.036031      1.978687     -0.416634
  O      -1.079295      3.149177     -0.793957
  O      -0.244348      1.542533      0.387651
17
Coordinates from ORCA-job opt4 E -491.665497753500
  C      -3.008950      1.470059     -1.955116
  C      -3.923514      0.476736     -2.448974
  C      -3.857545     -0.830772     -2.017145
  C      -2.883907     -1.220061     -1.074771
  C      -1.972828     -0.275356     -0.569939
  C      -2.023815      1.040682     -0.991781
  H      -4.675459      0.786106     -3.178811
  H      -4.563615     -1.566586     -2.407639
  H      -2.831583     -2.255417     -0.732110
  H      -1.211783     -0.554602      0.159434
  H      15.381558     -4.100949     27.355992
  N      -3.095366      2.725621     -2.389607
  H      -3.802433      2.992440     -3.068424
  H      -2.425128      3.405878     -2.014860
  N      -1.039521      1.979665     -0.422190
  O      -1.082787      3.150144     -0.799541
  O      -0.247842      1.543533      0.382113
17
Coordinates from ORCA-job opt4 E -491.665502452610
  C      -3.012424      1.470998     -1.960672
  C      -3.926983      0.477663     -2.454514
  C      -3.861006     -0.829840     -2.022666
  C      -2.887364     -1.219110     -1.080290
  C      -1.976292     -0.274393     -0.575471
  C      -2.027287      1.041638     -0.997331
  H      -4.678931      0.787018     -3.184353
  H      -4.567072     -1.565663     -2.413149
  H      -2.835034     -2.254461     -0.737613
  H      -1.215250     -0.553624      0.153910
  H      15.437093     -4.116080     27.444705
  N      -3.098850      2.726555     -2.395184
  H      -3.805922      2.993356     -3.074003
  H      -2.428617      3.406821     -2.020451
  N      -1.042996      1.980628     -0.427747
  O      -1.086258      3.151104     -0.805113
  O      -0.251326      1.544510      0.376571
17
Coordinates from ORCA-job opt4 E -491.665507116204
  C      -3.015898      1.471946     -1.966203
  C      -3.930466      0.478620     -2.460044
  C      -3.864486     -0.828889     -2.028215
  C      -2.890834     -1.218175     -1.085856
  C      -1.979753     -0.273467     -0.581039
  C      -2.030750      1.042570     -1.002884
  H      -4.682425      0.787988     -3.189867
  H      -4.570562     -1.564704     -2.418697
  H      -2.838503     -2.253531     -0.743191
  H      -1.218705     -0.552705      0.148334
  H      15.492613     -4.131151     27.533419
  N      -3.102328      2.727511     -2.400695
  H      -3.809410      2.994324     -3.079498
  H      -2.432090      3.407771     -2.025958
  N      -1.046448      1.981551     -0.433305
  O      -1.089714      3.152031     -0.810665
  O      -0.254762      1.545429      0.370995
17
Coordinates from ORCA-job opt4 E -491.665511762249
  C      -3.019370      1.472889     -1.971752
  C      -3.933933      0.479558     -2.465588
  C      -3.867952     -0.827949     -2.033749
  C      -2.894303     -1.217227     -1.091387
  C      -1.983226     -0.272515     -0.586576
  C      -2.034226      1.043521     -1.008427
  H      -4.685889      0.788918     -3.195417
  H      -4.574023     -1.563768     -2.424230
  H      -2.841968     -2.252580     -0.748718
  H      -1.222176     -0.551748      0.142796
  H      15.548153     -4.146260     27.622128
  N      -3.105801      2.728451     -2.406259
  H      -3.812881      2.995253     -3.085066
  H      -2.435564      3.408715     -2.031531
  N      -1.049927      1.982501     -0.438845
  O      -1.093192      3.152983     -0.816203
  O      -0.258243      1.546379      0.365454
17
Coordinates from ORCA-job opt4 E -491.665516366775
  C      -3.022838      1.473831     -1.977293
  C      -3.937404      0.480505     -2.471130
  C      -3.871425     -0.827004     -2.039297
  C      -2.897774     -1.216289     -1.096941
  C      -1.986694     -0.271580     -0.592129
  C      -2.037692      1.044459     -1.013977
  H      -4.689365      0.789871     -3.200952
  H      -4.577503     -1.562818     -2.429776
  H      -2.845443     -2.251644     -0.754272
  H      -1.225644     -0.550819      0.137241
  H      15.603682     -4.161344     27.710837
  N      -3.109270      2.729398     -2.411781
  H      -3.816353      2.996211     -3.090579
  H      -2.439034      3.409656     -2.037037
  N      -1.053394      1.983444     -0.444408
  O      -1.096660      3.153921     -0.821770
  O      -0.261708      1.547321      0.359895
17
Coordinates from ORCA-job opt4 E -491.665520964780
  C      -3.026312      1.474775     -1.982843
  C      -3.940872      0.481444     -2.476676
  C      -3.874892     -0.826063     -2.044834
  C      -2.901244     -1.215341     -1.102472
  C      -1.990168     -0.270628     -0.597664
  C      -2.041168      1.045409     -1.019518
  H      -4.692828      0.790801     -3.206506
  H      -4.580964     -1.561881     -2.435315
  H      -2.848909     -2.250693     -0.759800
  H      -1.229118     -0.549862      0.131706
  H      15.659228     -4.176453     27.799546
  N      -3.112741      2.730338     -2.417356
  H      -3.819822      2.997137     -3.096162
  H      -2.442501      3.410599     -2.042629
  N      -1.056875      1.984394     -0.449934
  O      -1.100142      3.154878     -0.827279
  O      -0.265190      1.548265      0.354365
17
Coordinates from ORCA-job opt4 E -491.665525514518
  C      -3.029785      1.475725     -1.988368
  C      -3.944357      0.482411     -2.482208
  C      -3.878376     -0.825106     -2.050395
  C      -2.904714     -1.214411     -1.108057
  C      -1.993628     -0.269713     -0.603244
  C      -2.044624      1.046332     -1.025077
  H      -4.696330      0.791790     -3.212012
  H      -4.584463     -1.560911     -2.440876
  H      -2.852385     -2.249769     -0.765401
  H      -1.232572     -0.548962      0.126115
  H      15.714740     -4.191502     27.888262
  N      -3.116228      2.731307     -2.422830
  H      -3.823327      2.998130     -3.101608
  H      -2.445994      3.411560     -2.048078
  N      -1.060303      1.985298     -0.455511
  O      -1.103550      3.155780     -0.832870
  O      -0.268624      1.549160      0.348787
17
Coordinates from ORCA-job opt4 E -491.665530060566
  C      -3.033253      1.476669     -1.993917
  C      -3.947823      0.483355     -2.487757
  C      -3.881846     -0.824161     -2.055940
  C      -2.908192     -1.213464     -1.113596
  C      -1.997109     -0.268766     -0.608780
  C      -2.048108      1.047281     -1.030609
  H      -4.699785      0.792730     -3.217574
  H      -4.587926     -1.559968     -2.446429
  H      -2.855859     -2.248822     -0.770945
  H      -1.236055     -0.548016      0.120580
  H      15.770299     -4.206602     27.976967
  N      -3.119674      2.732242     -2.428411
  H      -3.826760      2.999056     -3.107204
  H      -2.449421      3.412490     -2.053689
  N      -1.063812      1.986250     -0.461007
  O      -1.107070      3.156741     -0.838336
  O      -0.272124      1.550105      0.343277
17
Coordinates from ORCA-job opt4 E -491.665534560035
  C      -3.036724      1.477619     -1.999448
  C      -3.951297      0.484315     -2.493300
  C      -3.885323     -0.823208     -2.061502
  C      -2.911668     -1.212529     -1.119167
  C      -2.000578     -0.267842     -0.614346
  C      -2.051569      1.048209     -1.036163
  H      -4.703265      0.793704     -3.223103
  H      -4.591413     -1.559004     -2.451992
  H      -2.859344     -2.247891     -0.776524
  H      -1.239523     -0.547105      0.115008
  H      15.825820     -4.221662     28.065680
  N      -3.123159      2.733207     -2.433901
  H      -3.830256      3.000036     -3.112677
  H      -2.452925      3.413454     -2.059144
  N      -1.067242      1.987159     -0.466584
  O      -1.110490      3.157652     -0.843913
  O      -0.275565      1.551005      0.337706
17
Coordinates from ORCA-job opt4 E -491.665539055106
  C      -3.040179      1.478555     -2.005021
  C      -3.954737      0.485242     -2.498880
  C      -3.888780     -0.822273     -2.067052
  C      -2.915154     -1.211577     -1.124681
  C      -2.004084     -0.266880     -0.619844
  C      -2.055070      1.049168     -1.041679
  H      -4.706674      0.794615     -3.228724
  H      -4.594853     -1.558076     -2.457558
  H      -2.862836     -2.246935     -0.782023
  H      -1.243047     -0.546134      0.109532
  H      15.881415     -4.236788     28.154379
  N      -3.126577      2.734128     -2.439532
  H      -3.833639      3.000937     -3.118351
  H      -2.456336      3.414377     -2.064791
  N      -1.070795      1.988138     -0.472041
  O      -1.114062      3.158637     -0.849349
  O      -0.279112      1.551985      0.332245
17
Coordinates from ORCA-job opt4 E -491.665543498989
  C      -3.043650      1.479508     -2.010543
  C      -3.958212      0.486212     -2.504425
  C      -3.892260     -0.821314     -2.072629
  C      -2.918636     -1.210645     -1.130268
  C      -2.007554     -0.265967     -0.625422
  C      -2.058524      1.050088     -1.047238
  H      -4.710159      0.795609     -3.234247
  H      -4.598347     -1.557101     -2.463140
  H      -2.866330     -2.246008     -0.787625
  H      -1.246519     -0.545238      0.103951
  H      15.936931     -4.251826     28.243095
  N      -3.130070      2.735102     -2.444990
  H      -3.837146      3.001937     -3.123783
  H      -2.459857      3.415348     -2.070196
  N      -1.074203      1.989027     -0.477633
  O      -1.117447      3.159526     -0.854942
  O      -0.282537      1.552863      0.326664
17
Coordinates from ORCA-job opt4 E -491.665547944491
  C      -3.047103      1.480444     -2.016117
  C      -3.961651      0.487141     -2.510006
  C      -3.895717     -0.820377     -2.078182
  C      -2.922122     -1.209694     -1.135786
  C      -2.011062     -0.265006     -0.630921
  C      -2.062025      1.051046     -1.052752
  H      -4.713566      0.796522     -3.239868
  H      -4.601786     -1.556172     -2.468710
  H      -2.869823     -2.245052     -0.793127
  H      -1.250050     -0.544267      0.098478
  H      15.992528     -4.266950     28.331792
  N      -3.133484      2.736024     -2.450621
  H      -3.840526      3.002840     -3.129457
  H      -2.463259      3.416268     -2.075846
  N      -1.077761      1.990005     -0.483085
  O      -1.121021      3.160511     -0.860372
  O      -0.286091      1.553840      0.321208
17
Coordinates from ORCA-job opt4 E -491.665552341347
  C      -3.050582      1.481405     -2.021628
  C      -3.965142      0.488123     -2.515531
  C      -3.899203     -0.819412     -2.083755
  C      -2.925596     -1.208764     -1.141387
  C      -2.014518     -0.264096     -0.636518
  C      -2.065473      1.051964     -1.058319
  H      -4.717079      0.797534     -3.245358
  H      -4.605291     -1.555189     -2.474288
  H      -2.873299     -2.244131     -0.798756
  H      -1.253501     -0.543374      0.092870
  H      16.048029     -4.281976     28.420512
  N      -3.136996      2.737006     -2.456065
  H      -3.844067      3.003844     -3.134860
  H      -2.466787      3.417248     -2.081267
  N      -1.081150      1.990871     -0.488677
  O      -1.124368      3.161385     -0.865959
  O      -0.289499      1.554682      0.315616
17
Coordinates from ORCA-job opt4 E -491.665556724278
  C      -3.054044      1.482354     -2.027161
  C      -3.968615      0.489091     -2.521081
  C      -3.902688     -0.818453     -2.089330
  C      -2.929083     -1.207834     -1.146973
  C      -2.018000     -0.263185     -0.642082
  C      -2.068946      1.052888     -1.063855
  H      -4.720549      0.798523     -3.250901
  H      -4.608779     -1.554216     -2.479880
  H      -2.876795     -2.243209     -0.804364
  H      -1.256988     -0.542484      0.087301
  H      16.103579     -4.297024     28.509218
  N      -3.140437      2.737966     -2.461576
  H      -3.847504      3.004827     -3.140367
  H      -2.470205      3.418187     -2.086777
  N      -1.084636      1.991793     -0.494183
  O      -1.127850      3.162307     -0.871460
  O      -0.292979      1.555590      0.310099
17
Coordinates from ORCA-job opt4 E -491.665561078540
  C      -3.057517      1.483303     -2.032697
  C      -3.972086      0.490045     -2.526628
  C      -3.906162     -0.817502     -2.094887
  C      -2.932561     -1.206894     -1.152531
  C      -2.021477     -0.262252     -0.647633
  C      -2.072420      1.053826     -1.069394
  H      -4.724017      0.799483     -3.256450
  H      -4.612254     -1.553261     -2.485446
  H      -2.880275     -2.242271     -0.809933
  H      -1.260466     -0.541564      0.081747
  H      16.159120     -4.312099     28.597925
  N      -3.143902      2.738918     -2.467109
  H      -3.850966      3.005786     -3.145898
  H      -2.473663      3.419129     -2.092308
  N      -1.088103      1.992723     -0.499719
  O      -1.131315      3.163243     -0.876976
  O      -0.296456      1.556508      0.304568
17
Coordinates from ORCA-job opt4 E -491.665565409203
  C      -3.060981      1.484249     -2.038241
  C      -3.975554      0.491001     -2.532182
  C      -3.909638     -0.816551     -2.100450
  C      -2.936041     -1.205955     -1.158096
  C      -2.024955     -0.261322     -0.653186
  C      -2.075893      1.054760     -1.074935
  H      -4.727482      0.800449     -3.262002
  H      -4.615733     -1.552302     -2.491016
  H      -2.883762     -2.241336     -0.815504
  H      -1.263948     -0.540648      0.076193
  H      16.214666     -4.327168     28.686632
  N      -3.147361      2.739872     -2.472639
  H      -3.854424      3.006751     -3.151426
  H      -2.477121      3.420076     -2.097824
  N      -1.091579      1.993650     -0.505242
  O      -1.134773      3.164170     -0.882499
  O      -0.299942      1.557423      0.299049
17
Coordinates from ORCA-job opt4 E -491.665569712635
  C      -3.064450      1.485198     -2.043777
  C      -3.979025      0.491961     -2.537729
  C      -3.913115     -0.815597     -2.106014
  C      -2.939522     -1.205017     -1.163664
  C      -2.028433     -0.260394     -0.658744
  C      -2.079363      1.055693     -1.080478
  H      -4.730951      0.801421     -3.267547
  H      -4.619214     -1.551339     -2.496589
  H      -2.887247     -2.240401     -0.821084
  H      -1.267427     -0.539734      0.070631
  H      16.270207     -4.342233     28.775337
  N      -3.150821      2.740826     -2.478163
  H      -3.857881      3.007715     -3.156947
  H      -2.480577      3.421020     -2.103340
  N      -1.095047      1.994572     -0.510773
  O      -1.138236      3.165098     -0.888010
  O      -0.303418      1.558333      0.293520
17
Coordinates from ORCA-job opt4 E -491.665573995301
  C      -3.067914      1.486146     -2.049319
  C      -3.982488      0.492916     -2.543287
  C      -3.916589     -0.814646     -2.111579
  C      -2.943005     -1.204078     -1.169225
  C      -2.031917     -0.259462     -0.664290
  C      -2.082840      1.056630     -1.086014
  H      -4.734406      0.802384     -3.273109
  H      -4.622687     -1.550382     -2.502167
  H      -2.890737     -2.239465     -0.826653
  H      -1.270918     -0.538813      0.065087
  H      16.325758     -4.357304     28.864043
  N      -3.154276      2.741779     -2.483698
  H      -3.861331      3.008675     -3.162485
  H      -2.484036      3.421969     -2.108861
  N      -1.098526      1.995497     -0.516292
  O      -1.141698      3.166025     -0.893528
  O      -0.306909      1.559249      0.288007
17
Coordinates from ORCA-job opt4 E -491.665578252198
  C      -3.071381      1.487095     -2.054855
  C      -3.985961      0.493879     -2.548833
  C      -3.920068     -0.813690     -2.117147
  C      -2.946486     -1.203143     -1.174800
  C      -2.035394     -0.258540     -0.669852
  C      -2.086309      1.057559     -1.091559
  H      -4.737879      0.803363     -3.278648
  H      -4.626173     -1.549416     -2.507743
  H      -2.894224     -2.238535     -0.832242
  H      -1.274399     -0.537905      0.059524
  H      16.381298     -4.372364     28.952749
  N      -3.157736      2.742735     -2.489215
  H      -3.864791      3.009644     -3.167996
  H      -2.487491      3.422914     -2.114370
  N      -1.101990      1.996416     -0.521821
  O      -1.145160      3.166951     -0.899040
  O      -0.310377      1.560155      0.282477
17
Coordinates from ORCA-job opt4 E -491.665582486383
  C      -3.074847      1.488045     -2.060391
  C      -3.989430      0.494841     -2.554384
  C      -3.923546     -0.812735     -2.122714
  C      -2.949969     -1.202206     -1.180371
  C      -2.038874     -0.257614     -0.675409
  C      -2.089781      1.058491     -1.097099
  H      -4.741345      0.804337     -3.284198
  H      -4.629653     -1.548451     -2.513323
  H      -2.897713     -2.237603     -0.837826
  H      -1.277883     -0.536991      0.053966
  H      16.436842     -4.387424     29.041454
  N      -3.161194      2.743693     -2.494737
  H      -3.868246      3.010613     -3.173516
  H      -2.490946      3.423864     -2.119882
  N      -1.105461      1.997331     -0.527344
  O      -1.148619      3.167871     -0.904547
  O      -0.313855      1.561056      0.276951
17
Coordinates from ORCA-job opt4 E -491.665586697795
  C      -3.078314      1.488999     -2.065919
  C      -3.992907      0.495813     -2.559929
  C      -3.927031     -0.811773     -2.128289
  C      -2.953454     -1.201275     -1.185959
  C      -2.042349     -0.256702     -0.680982
  C      -2.093248      1.059415     -1.102641
  H      -4.744823      0.805332     -3.289731
  H      -4.633149     -1.547473     -2.518910
  H      -2.901205     -2.236679     -0.843438
  H      -1.281355     -0.536099      0.048384
  H      16.492379     -4.402466     29.130162
  N      -3.164654      2.744658     -2.500236
  H      -3.871708      3.011598     -3.179003
  H      -2.494401      3.424816     -2.125368
  N      -1.108919      1.998234     -0.532871
  O      -1.152067      3.168781     -0.910057
  O      -0.317314      1.561941      0.271417
17
Coordinates from ORCA-job opt4 E -491.665590876941
  C      -3.081783      1.489950     -2.071451
  C      -3.996381      0.496778     -2.565473
  C      -3.930512     -0.810817     -2.133854
  C      -2.956934     -1.200339     -1.191534
  C      -2.045825     -0.255779     -0.686546
  C      -2.096717      1.060346     -1.108184
  H      -4.748298      0.806311     -3.295268
  H      -4.636634     -1.546506     -2.524485
  H      -2.904690     -2.235749     -0.849028
  H      -1.284830     -0.535190      0.042813
  H      16.547915     -4.417522     29.218865
  N      -3.168117      2.745618     -2.505751
  H      -3.875173      3.012570     -3.184512
  H      -2.497858      3.425765     -2.130879
  N      -1.112382      1.999147     -0.538400
  O      -1.155521      3.169703     -0.915563
  O      -0.320780      1.562835      0.265880
17
Coordinates from ORCA-job opt4 E -491.665595042415
  C      -3.085249      1.490898     -2.076990
  C      -3.999851      0.497735     -2.571023
  C      -3.933988     -0.809864     -2.139416
  C      -2.960414     -1.199401     -1.197099
  C      -2.049303     -0.254851     -0.692100
  C      -2.100188      1.061279     -1.113727
  H      -4.751766      0.807280     -3.300815
  H      -4.640114     -1.545546     -2.530056
  H      -2.908176     -2.234815     -0.854603
  H      -1.288312     -0.534273      0.037257
  H      16.603454     -4.432588     29.307568
  N      -3.171579      2.746572     -2.511274
  H      -3.878633      3.013536     -3.190031
  H      -2.501318      3.426712     -2.136391
  N      -1.115849      2.000072     -0.543932
  O      -1.158984      3.170632     -0.921081
  O      -0.324252      1.563744      0.260344
17
Coordinates from ORCA-job opt4 E -491.665599184043
  C      -3.088715      1.491842     -2.082537
  C      -4.003312      0.498682     -2.576581
  C      -3.937456     -0.808919     -2.144974
  C      -2.963894     -1.198458     -1.202646
  C      -2.052787     -0.253911     -0.697638
  C      -2.103666      1.062220     -1.119264
  H      -4.755218      0.808227     -3.306382
  H      -4.643579     -1.544599     -2.535623
  H      -2.911661     -2.233872     -0.860151
  H      -1.291803     -0.533338      0.031726
  H      16.659003     -4.447674     29.396269
  N      -3.175037      2.747519     -2.516823
  H      -3.882083      3.014483     -3.195588
  H      -2.504780      3.427657     -2.141931
  N      -1.119330      2.001011     -0.549455
  O      -1.162458      3.171573     -0.926600
  O      -0.327743      1.564676      0.254827
17
Coordinates from ORCA-job opt4 E -491.665603299061
  C      -3.092181      1.492789     -2.088076
  C      -4.006780      0.499638     -2.582130
  C      -3.940931     -0.807967     -2.150536
  C      -2.967373     -1.197519     -1.208210
  C      -2.056264     -0.252980     -0.703191
  C      -2.107137      1.063154     -1.124808
  H      -4.758685      0.809194     -3.311928
  H      -4.647057     -1.543640     -2.541192
  H      -2.915147     -2.232936     -0.865722
  H      -1.295287     -0.532418      0.026175
  H      16.714541     -4.462742     29.484971
  N      -3.178498      2.748471     -2.522349
  H      -3.885543      3.015444     -3.201110
  H      -2.508242      3.428603     -2.147447
  N      -1.122800      2.001936     -0.554988
  O      -1.165922      3.172501     -0.932119
  O      -0.331215      1.565592      0.249290
17
Coordinates from ORCA-job opt4 E -491.665607385686
  C      -3.095648      1.493734     -2.093620
  C      -4.010244      0.500588     -2.587685
  C      -3.944401     -0.807020     -2.156094
  C      -2.970853     -1.196579     -1.213762
  C      -2.059746     -0.252044     -0.708733
  C      -2.110612      1.064093     -1.130346
  H      -4.762142      0.810147     -3.317488
  H      -4.650526     -1.542689     -2.546759
  H      -2.918632     -2.231997     -0.871277
  H      -1.298777     -0.531487      0.020638
  H      16.770085     -4.477823     29.573672
  N      -3.181958      2.749420     -2.527889
  H      -3.888998      3.016396     -3.206654
  H      -2.511704      3.429549     -2.152979
  N      -1.126276      2.002871     -0.560516
  O      -1.169396      3.173440     -0.937640
  O      -0.334694      1.566520      0.243763
17
Coordinates from ORCA-job opt4 E -491.665611457480
  C      -3.099111      1.494675     -2.099164
  C      -4.013708      0.501535     -2.593235
  C      -3.947872     -0.806074     -2.161648
  C      -2.974329     -1.195639     -1.219312
  C      -2.063223     -0.251105     -0.714276
  C      -2.114084      1.065034     -1.135887
  H      -4.765602      0.811099     -3.323040
  H      -4.653998     -1.541741     -2.552317
  H      -2.922113     -2.231058     -0.876827
  H      -1.302262     -0.530557      0.015102
  H      16.825623     -4.492907     29.662368
  N      -3.185414      2.750364     -2.533426
  H      -3.892448      3.017348     -3.212193
  H      -2.515158      3.430484     -2.158502
  N      -1.129761      2.003816     -0.566059
  O      -1.172879      3.174381     -0.943181
  O      -0.338182      1.567467      0.238228
17
Coordinates from ORCA-job opt4 E -491.665615510848
  C      -3.102583      1.495619     -2.104716
  C      -4.017169      0.502471     -2.598789
  C      -3.951334     -0.805134     -2.167191
  C      -2.977802     -1.194690     -1.224843
  C      -2.066703     -0.250154     -0.719806
  C      -2.117561      1.065984     -1.141425
  H      -4.769056      0.812027     -3.328605
  H      -4.657454     -1.540805     -2.557863
  H      -2.925586     -2.230106     -0.882352
  H      -1.305750     -0.529601      0.009580
  H      16.881168     -4.508011     29.751070
  N      -3.188886      2.751305     -2.538997
  H      -3.895915      3.018276     -3.217773
  H      -2.518635      3.431431     -2.164079
  N      -1.133238      2.004763     -0.571585
  O      -1.176351      3.175334     -0.948702
  O      -0.341666      1.568412      0.232707
17
Coordinates from ORCA-job opt4 E -491.665619531336
  C      -3.106055      1.496569     -2.110244
  C      -4.020657      0.503437     -2.604316
  C      -3.954819     -0.804178     -2.172745
  C      -2.981269     -1.193759     -1.230425
  C      -2.070160     -0.249236     -0.725384
  C      -2.121019      1.066910     -1.146982
  H      -4.772560      0.813012     -3.334107
  H      -4.660952     -1.539837     -2.563416
  H      -2.929054     -2.229180     -0.887951
  H      -1.309202     -0.528695      0.003992
  H      16.936681     -4.523066     29.839773
  N      -3.192364      2.752268     -2.544490
  H      -3.899409      3.019258     -3.223243
  H      -2.522106      3.432384     -2.169566
  N      -1.136682      2.005674     -0.577143
  O      -1.179786      3.176246     -0.954261
  O      -0.345107      1.569313      0.227139
17
Coordinates from ORCA-job opt4 E -491.665623536319
  C      -3.109526      1.497514     -2.115788
  C      -4.024119      0.504380     -2.609868
  C      -3.958286     -0.803235     -2.178293
  C      -2.984749     -1.192812     -1.235961
  C      -2.073643     -0.248289     -0.730919
  C      -2.124501      1.067856     -1.152517
  H      -4.776011      0.813951     -3.339672
  H      -4.664412     -1.538896     -2.568973
  H      -2.932532     -2.228234     -0.893488
  H      -1.312683     -0.527747     -0.001542
  H      16.992224     -4.538160     29.928471
  N      -3.195827      2.753209     -2.550047
  H      -3.902863      3.020192     -3.228809
  H      -2.525569      3.433325     -2.175128
  N      -1.140164      2.006617     -0.582668
  O      -1.183267      3.177193     -0.959781
  O      -0.348592      1.570256      0.221614
17
Coordinates from ORCA-job opt4 E -491.665627510726
  C      -3.112998      1.498461     -2.121320
  C      -4.027609      0.505338     -2.615389
  C      -3.961769     -0.802284     -2.183834
  C      -2.988209     -1.191880     -1.241533
  C      -2.077093     -0.247364     -0.736496
  C      -2.127955      1.068787     -1.158078
  H      -4.779521      0.814923     -3.345166
  H      -4.667911     -1.537935     -2.574505
  H      -2.935992     -2.227305     -0.899071
  H      -1.316123     -0.526829     -0.007133
  H      17.047729     -4.553228     30.017173
  N      -3.199311      2.754167     -2.555552
  H      -3.906368      3.021165     -3.234288
  H      -2.529046      3.434278     -2.180634
  N      -1.143606      2.007539     -0.588237
  O      -1.186706      3.178115     -0.965348
  O      -0.352032      1.571171      0.216041
17
Coordinates from ORCA-job opt4 E -491.665631474261
  C      -3.116472      1.499404     -2.126864
  C      -4.031074      0.506275     -2.620934
  C      -3.965234     -0.801344     -2.189372
  C      -2.991682     -1.190932     -1.247061
  C      -2.080568     -0.246413     -0.742029
  C      -2.131433      1.069737     -1.163615
  H      -4.782979      0.815853     -3.350722
  H      -4.671369     -1.536998     -2.580047
  H      -2.939462     -2.226357     -0.904598
  H      -1.319595     -0.525874     -0.012669
  H      17.103263     -4.568331     30.105868
  N      -3.202780      2.755105     -2.561113
  H      -3.909831      3.022093     -3.239858
  H      -2.532515      3.435218     -2.186204
  N      -1.147088      2.008491     -0.593774
  O      -1.190188      3.179068     -0.970883
  O      -0.355513      1.572124      0.210502
17
Coordinates from ORCA-job opt4 E -491.665635402615
  C      -3.119948      1.500347     -2.132396
  C      -4.034565      0.507225     -2.626449
  C      -3.968714     -0.800399     -2.194901
  C      -2.995136     -1.189997     -1.252621
  C      -2.084013     -0.245483     -0.747599
  C      -2.134885      1.070671     -1.169178
  H      -4.786493      0.816812     -3.356209
  H      -4.674864     -1.536047     -2.585560
  H      -2.942913     -2.225423     -0.910162
  H      -1.323029     -0.524950     -0.018254
  H      17.158758     -4.583413     30.194566
  N      -3.206272      2.756058     -2.566620
  H      -3.913344      3.023056     -3.245338
  H      -2.536002      3.436168     -2.191712
  N      -1.150528      2.009427     -0.599362
  O      -1.193636      3.180001     -0.976478
  O      -0.358937      1.573067      0.204904
17
Coordinates from ORCA-job opt4 E -491.665639330147
  C      -3.123417      1.501280     -2.137972
  C      -4.037990      0.508125     -2.632036
  C      -3.972149     -0.799480     -2.200429
  C      -2.998618     -1.189028     -1.258080
  C      -2.087526     -0.244486     -0.753058
  C      -2.138398      1.071655     -1.174681
  H      -4.789875      0.817668     -3.361860
  H      -4.678262     -1.535156     -2.591103
  H      -2.946392     -2.224443     -0.915587
  H      -1.326557     -0.523930     -0.023686
  H      17.214337     -4.598579     30.283255
  N      -3.209726      2.756964     -2.572280
  H      -3.916760      3.023913     -3.251057
  H      -2.539476      3.437100     -2.197384
  N      -1.154067      2.010431     -0.604852
  O      -1.197172      3.181003     -0.981978
  O      -0.362473      1.574084      0.199417
17
Coordinates from ORCA-job opt4 E -491.665643210045
  C      -3.126889      1.502219     -2.143497
  C      -4.041497      0.509081     -2.637528
  C      -3.975637     -0.798533     -2.205949
  C      -3.002059     -1.188102     -1.263658
  C      -2.090946     -0.243569     -0.758657
  C      -2.141826      1.072574     -1.180272
  H      -4.793427      0.818646     -3.367296
  H      -4.681783     -1.534196     -2.596590
  H      -2.949832     -2.223518     -0.921170
  H      -1.329965     -0.523021     -0.029303
  H      17.269800     -4.613648     30.371950
  N      -3.213221      2.757924     -2.577745
  H      -3.920291      3.024904     -3.256471
  H      -2.542961      3.438046     -2.202844
  N      -1.157479      2.011354     -0.610496
  O      -1.200645      3.181927     -0.987612
  O      -0.365863      1.575030      0.193766
17
Coordinates from ORCA-job opt4 E -491.665647080410
  C      -3.130379      1.503164     -2.149050
  C      -4.044973      0.510003     -2.643055
  C      -3.979093     -0.797602     -2.211455
  C      -3.005507     -1.187141     -1.269164
  C      -2.094403     -0.242590     -0.764187
  C      -2.145299      1.073549     -1.185817
  H      -4.796912      0.819544     -3.372823
  H      -4.685229     -1.533282     -2.602082
  H      -2.953260     -2.222552     -0.926663
  H      -1.333419     -0.522029     -0.034829
  H      17.325311     -4.628783     30.460654
  N      -3.216751      2.758853     -2.583334
  H      -3.923837      3.025789     -3.262061
  H      -2.546511      3.439005     -2.208454
  N      -1.160933      2.012323     -0.616045
  O      -1.204022      3.182889     -0.993199
  O      -0.369303      1.575979      0.188192
17
Coordinates from ORCA-job opt4 E -491.665647086067
  C      -3.130377      1.503164     -2.149045
  C      -4.044973      0.510004     -2.643053
  C      -3.979098     -0.797602     -2.211452
  C      -3.005514     -1.187144     -1.269159
  C      -2.094403     -0.242594     -0.764186
  C      -2.145302      1.073545     -1.185814
  H      -4.796904      0.819545     -3.372830
  H      -4.685232     -1.533280     -2.602085
  H      -2.953265     -2.222556     -0.926663
  H      -1.333415     -0.522034     -0.034833
  H      17.325317     -4.628783     30.460646
  N      -3.216724      2.758850     -2.583343
  H      -3.923799      3.025790     -3.262076
  H      -2.546462      3.438988     -2.208487
  N      -1.160954      2.012328     -0.616035
  O      -1.204102      3.182904     -0.993147
  O      -0.369311      1.575995      0.188193
