18
Coordinates from ORCA-job para_p_opt_9 E -475.483726608786
  C      -5.676952      0.992666      0.171778
  C      -6.676895      1.581444     -0.616812
  C      -7.289422      0.880461     -1.634976
  C      -6.901639     -0.436599     -1.868295
  C      -5.926052     -1.051971     -1.106203
  C      -5.318033     -0.326492     -0.087686
  C      -5.011381      1.803827      1.247591
  H      -4.335822      1.193710      1.864216
  H      -5.756162      2.268884      1.914036
  H      -4.418309      2.624273      0.808312
  H      -6.972985      2.616193     -0.423615
  H      -8.063376      1.325580     -2.259803
  H      -5.652440     -2.085259     -1.318043
  H      -4.541867     -0.802908      0.517074
  N      -7.543592     -1.188551     -2.954219
  O      -7.227435     -2.360625     -3.103949
  O      -8.357914     -0.599317     -3.650518
  H     -13.738533     -9.813418    -11.525099
18
Coordinates from ORCA-job para_p_opt_9 E -475.484190919255
  C      -5.674257      0.999020      0.171741
  C      -6.675948      1.590386     -0.622917
  C      -7.289850      0.886265     -1.649598
  C      -6.900082     -0.435119     -1.883738
  C      -5.918353     -1.053451     -1.116960
  C      -5.310974     -0.327271     -0.092030
  C      -5.016161      1.798349      1.264947
  H      -4.346283      1.180228      1.880282
  H      -5.766327      2.256483      1.929947
  H      -4.418500      2.622955      0.840367
  H      -6.975545      2.623571     -0.427056
  H      -8.064064      1.331164     -2.274158
  H      -5.644776     -2.086727     -1.328628
  H      -4.538325     -0.805576      0.515648
  N      -7.545198     -1.190069     -2.969612
  O      -7.222979     -2.359547     -3.120842
  O      -8.367114     -0.604149     -3.658817
  H     -13.734073     -9.804611    -11.484786
18
Coordinates from ORCA-job para_p_opt_9 E -475.484263347970
  C      -5.677469      0.999335      0.168520
  C      -6.677762      1.590898     -0.628175
  C      -7.292227      0.885392     -1.657133
  C      -6.902267     -0.436355     -1.890349
  C      -5.919241     -1.055843     -1.121646
  C      -5.312818     -0.329667     -0.095870
  C      -5.018890      1.792429      1.266413
  H      -4.351729      1.169051      1.879111
  H      -5.769287      2.248976      1.932161
  H      -4.418395      2.617473      0.846583
  H      -6.976928      2.624344     -0.433664
  H      -8.065559      1.330680     -2.282383
  H      -5.645314     -2.088920     -1.333626
  H      -4.540557     -0.807587      0.512247
  N      -7.548124     -1.192797     -2.975632
  O      -7.218905     -2.359532     -3.129921
  O      -8.376832     -0.609736     -3.658461
  H     -13.696507     -9.756241    -11.424386
18
Coordinates from ORCA-job para_p_opt_9 E -475.484308221697
  C      -5.680743      0.998412      0.164575
  C      -6.679502      1.589380     -0.632911
  C      -7.294363      0.882850     -1.662145
  C      -6.904867     -0.438586     -1.894095
  C      -5.921556     -1.058296     -1.124426
  C      -5.315985     -0.331996     -0.099093
  C      -5.020729      1.788073      1.264083
  H      -4.355387      1.161151      1.874963
  H      -5.770531      2.244626      1.930518
  H      -4.418167      2.612695      0.846353
  H      -6.978258      2.623272     -0.440067
  H      -8.067287      1.328438     -2.287615
  H      -5.647724     -2.091395     -1.336252
  H      -4.544067     -0.809305      0.509861
  N      -7.551176     -1.196361     -2.978760
  O      -7.214888     -2.360373     -3.137394
  O      -8.386728     -0.616560     -3.655747
  H     -13.656851     -9.704123    -11.368056
18
Coordinates from ORCA-job para_p_opt_9 E -475.484348106230
  C      -5.683672      0.996960      0.160385
  C      -6.681184      1.587038     -0.637597
  C      -7.296695      0.879294     -1.665978
  C      -6.907919     -0.441850     -1.896335
  C      -5.924664     -1.061314     -1.125975
  C      -5.319523     -0.334465     -0.101716
  C      -5.021823      1.785159      1.259843
  H      -4.357921      1.155938      1.869818
  H      -5.770608      2.242926      1.926624
  H      -4.417514      2.608730      0.842569
  H      -6.979491      2.621489     -0.446861
  H      -8.069520      1.325067     -2.291428
  H      -5.651238     -2.094617     -1.337290
  H      -4.547981     -0.810966      0.508347
  N      -7.554543     -1.200953     -2.980233
  O      -7.210112     -2.361763     -3.144686
  O      -8.398098     -0.625233     -3.650669
  H     -13.616304     -9.649538    -11.315028
18
Coordinates from ORCA-job para_p_opt_9 E -475.484385476950
  C      -5.685964      0.994601      0.156457
  C      -6.683174      1.583944     -0.641820
  C      -7.299224      0.875167     -1.669069
  C      -6.910890     -0.446020     -1.898135
  C      -5.927676     -1.064935     -1.127432
  C      -5.322432     -0.337275     -0.104154
  C      -5.023060      1.783393      1.254875
  H      -4.359736      1.153868      1.865156
  H      -5.771147      2.242639      1.921441
  H      -4.417985      2.605969      0.836757
  H      -6.981274      2.618754     -0.452644
  H      -8.072266      1.320786     -2.294369
  H      -5.654558     -2.098443     -1.338144
  H      -4.551042     -0.813079      0.506682
  N      -7.557697     -1.206067     -2.981285
  O      -7.207767     -2.364696     -3.149811
  O      -8.406728     -0.633392     -3.647432
  H     -13.576187     -9.593313    -11.263284
18
Coordinates from ORCA-job para_p_opt_9 E -475.484423425236
  C      -5.687619      0.992426      0.152082
  C      -6.684832      1.580467     -0.646972
  C      -7.302089      0.869510     -1.671559
  C      -6.914318     -0.452153     -1.898111
  C      -5.931021     -1.069595     -1.126879
  C      -5.325375     -0.340029     -0.105328
  C      -5.023505      1.784113      1.247686
  H      -4.361201      1.155591      1.860141
  H      -5.770633      2.247052      1.912771
  H      -4.417147      2.604318      0.826819
  H      -6.982467      2.615967     -0.460799
  H      -8.075693      1.314488     -2.296652
  H      -5.658488     -2.103582     -1.336056
  H      -4.554349     -0.814542      0.507001
  N      -7.561519     -1.213997     -2.979502
  O      -7.200339     -2.367979     -3.156743
  O      -8.422090     -0.647701     -3.636391
  H     -13.536127     -9.532453    -11.217719
18
Coordinates from ORCA-job para_p_opt_9 E -475.484459008419
  C      -5.689468      0.990481      0.147768
  C      -6.686783      1.577066     -0.651985
  C      -7.304916      0.864019     -1.674383
  C      -6.917573     -0.458049     -1.898450
  C      -5.934077     -1.074034     -1.126585
  C      -5.327984     -0.342562     -0.106817
  C      -5.024252      1.784547      1.240983
  H      -4.362904      1.156804      1.855307
  H      -5.770593      2.250706      1.904716
  H      -4.416648      2.602620      0.817735
  H      -6.984112      2.613121     -0.468444
  H      -8.079154      1.308109     -2.299309
  H      -5.661712     -2.108336     -1.334378
  H      -4.556986     -0.815772      0.506625
  N      -7.565224     -1.221843     -2.978095
  O      -7.194617     -2.371841     -3.162123
  O      -8.435268     -0.661290     -3.627439
  H     -13.496539     -9.471849    -11.171336
18
Coordinates from ORCA-job para_p_opt_9 E -475.484494507196
  C      -5.691453      0.988599      0.143510
  C      -6.689042      1.573623     -0.656771
  C      -7.307852      0.858588     -1.677265
  C      -6.920579     -0.463717     -1.899152
  C      -5.936663     -1.078208     -1.126788
  C      -5.330248     -0.344936     -0.108665
  C      -5.025341      1.784702      1.234695
  H      -4.364780      1.157673      1.850611
  H      -5.771083      2.253542      1.897219
  H      -4.416687      2.600945      0.809394
  H      -6.986290      2.610077     -0.475358
  H      -8.082779      1.301592     -2.302110
  H      -5.664164     -2.112733     -1.333269
  H      -4.559047     -0.816885      0.505535
  N      -7.568675     -1.229443     -2.977132
  O      -7.191347     -2.376613     -3.165448
  O      -8.445415     -0.673371     -3.621290
  H     -13.457365     -9.411534    -11.123925
18
Coordinates from ORCA-job para_p_opt_9 E -475.484528644629
  C      -5.691737      0.988805      0.137495
  C      -6.692504      1.568181     -0.664248
  C      -7.312962      0.846343     -1.678394
  C      -6.924066     -0.477135     -1.893686
  C      -5.937575     -1.085369     -1.120322
  C      -5.329688     -0.345294     -0.107343
  C      -5.025120      1.794775      1.221000
  H      -4.366072      1.173802      1.844763
  H      -5.770371      2.272527      1.877627
  H      -4.414320      2.604969      0.787149
  H      -6.990292      2.605350     -0.488120
  H      -8.090892      1.283933     -2.303341
  H      -5.663308     -2.120420     -1.321774
  H      -4.556751     -0.813091      0.507912
  N      -7.573767     -1.249510     -2.965464
  O      -7.183021     -2.391385     -3.159514
  O      -8.464257     -0.704283     -3.599934
  H     -13.422107     -9.330298    -11.100016
18
Coordinates from ORCA-job para_p_opt_9 E -475.484566285133
  C      -5.693762      0.987864      0.132841
  C      -6.695377      1.564635     -0.669417
  C      -7.316507      0.839868     -1.681293
  C      -6.926938     -0.483739     -1.893820
  C      -5.939165     -1.089550     -1.119905
  C      -5.331028     -0.346828     -0.109181
  C      -5.026280      1.796161      1.214068
  H      -4.368366      1.176044      1.839854
  H      -5.771053      2.277076      1.868909
  H      -4.414004      2.603997      0.777852
  H      -6.993433      2.602117     -0.495591
  H      -8.095461      1.275373     -2.306403
  H      -5.664140     -2.124781     -1.319331
  H      -4.557315     -0.812761      0.506504
  N      -7.577348     -1.259219     -2.963096
  O      -7.181543     -2.399038     -3.158803
  O      -8.473071     -0.718466     -3.593908
  H     -13.384019     -9.266854    -11.055489
18
Coordinates from ORCA-job para_p_opt_9 E -475.484565781351
  C      -5.693413      1.006327      0.118834
  C      -6.710429      1.556400     -0.683596
  C      -7.333790      0.805727     -1.680106
  C      -6.928890     -0.517332     -1.873610
  C      -5.921946     -1.097919     -1.098514
  C      -5.312194     -0.330555     -0.106680
  C      -5.024489      1.833402      1.184620
  H      -4.373751      1.223543      1.827200
  H      -5.769879      2.334427      1.823000
  H      -4.402668      2.624328      0.730784
  H      -7.016055      2.593186     -0.519114
  H      -8.122960      1.215902     -2.309292
  H      -5.633923     -2.133165     -1.278147
  H      -4.525182     -0.779930      0.503605
  N      -7.586337     -1.322865     -2.918751
  O      -7.213288     -2.476525     -3.065673
  O      -8.467569     -0.787294     -3.572302
  H     -13.372045     -9.125755    -11.108469
18
Coordinates from ORCA-job para_p_opt_9 E -475.484642846141
  C      -5.695329      0.995853      0.118670
  C      -6.707105      1.554452     -0.684557
  C      -7.331093      0.811046     -1.683024
  C      -6.932591     -0.512939     -1.880631
  C      -5.932872     -1.100961     -1.105691
  C      -5.322892     -0.340416     -0.108898
  C      -5.025950      1.821086      1.185695
  H      -4.374068      1.210023      1.826331
  H      -5.770030      2.320459      1.827098
  H      -4.405886      2.614527      0.734039
  H      -7.009522      2.592214     -0.520327
  H      -8.117446      1.229959     -2.310072
  H      -5.650393     -2.136773     -1.291128
  H      -4.541162     -0.794313      0.505278
  N      -7.587520     -1.309180     -2.932707
  O      -7.189976     -2.450948     -3.109412
  O      -8.488954     -0.781706     -3.566177
  H     -13.326019     -9.100485    -11.030697
18
Coordinates from ORCA-job para_p_opt_9 E -475.484683934852
  C      -5.697209      0.994666      0.113725
  C      -6.710229      1.550380     -0.689609
  C      -7.335052      0.803854     -1.685035
  C      -6.935991     -0.520228     -1.879620
  C      -5.934969     -1.105521     -1.104490
  C      -5.324403     -0.341940     -0.110573
  C      -5.026424      1.823250      1.177285
  H      -4.375924      1.213440      1.820535
  H      -5.769473      2.326988      1.816456
  H      -4.404598      2.613496      0.722428
  H      -7.013235      2.588415     -0.528183
  H      -8.122635      1.220810     -2.311868
  H      -5.652077     -2.141574     -1.287817
  H      -4.541732     -0.793487      0.504177
  N      -7.591427     -1.319485     -2.929003
  O      -7.188814     -2.459202     -3.107853
  O      -8.498100     -0.796561     -3.558865
  H     -13.286518     -9.035401    -10.987901
18
Coordinates from ORCA-job para_p_opt_9 E -475.484735454413
  C      -5.696905      0.998190      0.103593
  C      -6.719156      1.540633     -0.696922
  C      -7.346684      0.781410     -1.679078
  C      -6.942995     -0.542487     -1.862947
  C      -5.934724     -1.114978     -1.089688
  C      -5.320395     -0.337630     -0.109035
  C      -5.020391      1.843952      1.150010
  H      -4.375196      1.241542      1.805689
  H      -5.758505      2.367551      1.778739
  H      -4.391767      2.619724      0.679820
  H      -7.028114      2.578323     -0.544797
  H      -8.140712      1.189609     -2.303674
  H      -5.649949     -2.151978     -1.264551
  H      -4.531165     -0.777742      0.505848
  N      -7.599766     -1.354006     -2.900608
  O      -7.200992     -2.497253     -3.067774
  O      -8.506300     -0.836165     -3.535874
  H     -13.245093     -8.926796    -10.994961
18
Coordinates from ORCA-job para_p_opt_9 E -475.484778583392
  C      -5.697657      0.999919      0.096040
  C      -6.724794      1.534268     -0.703932
  C      -7.354048      0.766901     -1.678265
  C      -6.947423     -0.557162     -1.854966
  C      -5.934573     -1.121572     -1.082142
  C      -5.318519     -0.335977     -0.109054
  C      -5.018890      1.855489      1.132967
  H      -4.377393      1.258257      1.797026
  H      -5.755101      2.390682      1.754015
  H      -4.385682      2.622206      0.654058
  H      -7.036347      2.572010     -0.557620
  H      -8.151776      1.168986     -2.302120
  H      -5.647886     -2.158996     -1.251262
  H      -4.525814     -0.769708      0.505931
  N      -7.605638     -1.377434     -2.884513
  O      -7.202935     -2.520046     -3.046522
  O      -8.517454     -0.867886     -3.519398
  H     -13.206880     -8.838036    -10.976452
18
Coordinates from ORCA-job para_p_opt_9 E -475.484824914523
  C      -5.696804      1.007626      0.083693
  C      -6.735143      1.524191     -0.714212
  C      -7.367529      0.739620     -1.672670
  C      -6.953373     -0.584240     -1.835000
  C      -5.929773     -1.131065     -1.063765
  C      -5.310195     -0.328119     -0.106862
  C      -5.014072      1.882815      1.101386
  H      -4.380347      1.296879      1.782830
  H      -5.746853      2.441216      1.705557
  H      -4.371225      2.630416      0.605176
  H      -7.053181      2.561420     -0.578811
  H      -8.173314      1.128188     -2.294738
  H      -5.638183     -2.169013     -1.220927
  H      -4.509131     -0.748048      0.506873
  N      -7.615044     -1.423733     -2.846366
  O      -7.213921     -2.569697     -2.985864
  O      -8.528572     -0.927472     -3.490038
  H     -13.172150     -8.709085    -11.002474
18
Coordinates from ORCA-job para_p_opt_9 E -475.484871252944
  C      -5.696933      1.013807      0.072160
  C      -6.744276      1.515206     -0.723698
  C      -7.379241      0.716081     -1.668621
  C      -6.958764     -0.607232     -1.818748
  C      -5.926276     -1.139400     -1.048814
  C      -5.303949     -0.321991     -0.106078
  C      -5.010565      1.904388      1.073868
  H      -4.383176      1.327736      1.768990
  H      -5.740332      2.481258      1.663961
  H      -4.359842      2.635931      0.563996
  H      -7.067705      2.551922     -0.597581
  H      -8.191748      1.093220     -2.288954
  H      -5.630492     -2.177660     -1.195867
  H      -4.495875     -0.730200      0.506351
  N      -7.623582     -1.462517     -2.814615
  O      -7.224516     -2.611324     -2.934871
  O      -8.537356     -0.976375     -3.465835
  H     -13.134181     -8.590951    -11.011855
18
Coordinates from ORCA-job para_p_opt_9 E -475.484916242723
  C      -5.698215      1.016056      0.064209
  C      -6.750306      1.508849     -0.731009
  C      -7.386876      0.701107     -1.668106
  C      -6.963074     -0.622030     -1.810924
  C      -5.925868     -1.145948     -1.041169
  C      -5.302108     -0.320065     -0.106375
  C      -5.009280      1.915666      1.056760
  H      -4.385304      1.343768      1.759357
  H      -5.737114      2.503259      1.639687
  H      -4.354211      2.638446      0.538672
  H      -7.076420      2.545600     -0.610782
  H      -8.203212      1.071674     -2.287744
  H      -5.627735     -2.184496     -1.182338
  H      -4.490302     -0.721621      0.505934
  N      -7.629436     -1.486020     -2.798658
  O      -7.227842     -2.634854     -2.912119
  O      -8.546300     -1.006413     -3.450622
  H     -13.095205     -8.501077    -10.990984
18
Coordinates from ORCA-job para_p_opt_9 E -475.484860433041
  C      -5.702271      1.031677      0.046502
  C      -6.765901      1.498539     -0.744187
  C      -7.404259      0.666135     -1.662649
  C      -6.966927     -0.652559     -1.788059
  C      -5.915808     -1.154342     -1.017789
  C      -5.291399     -0.306481     -0.106432
  C      -5.005561      1.944131      1.020747
  H      -4.387967      1.381097      1.733758
  H      -5.729346      2.548135      1.588561
  H      -4.341753      2.646890      0.489283
  H      -7.100304      2.534044     -0.635818
  H      -8.231777      1.014703     -2.279854
  H      -5.606843     -2.191708     -1.142930
  H      -4.467182     -0.689914      0.500727
  N      -7.639634     -1.537815     -2.753206
  O      -7.260153     -2.698496     -2.815230
  O      -8.526895     -1.052628     -3.431541
  H     -13.064831     -8.359508    -11.028090
18
Coordinates from ORCA-job para_p_opt_9 E -475.485002163025
  C      -5.701377      1.023836      0.046485
  C      -6.763579      1.496199     -0.746302
  C      -7.401214      0.669457     -1.667133
  C      -6.967948     -0.651704     -1.794204
  C      -5.919730     -1.156531     -1.025115
  C      -5.294779     -0.312251     -0.108768
  C      -5.009335      1.939510      1.021605
  H      -4.394220      1.377785      1.739915
  H      -5.734509      2.547042      1.586375
  H      -4.344083      2.642654      0.490263
  H      -7.097511      2.531610     -0.637278
  H      -8.226005      1.023960     -2.284737
  H      -5.614971     -2.194895     -1.152648
  H      -4.474517     -0.698581      0.501867
  N      -7.639016     -1.536207     -2.761319
  O      -7.244339     -2.690098     -2.844723
  O      -8.551156     -1.066122     -3.425174
  H     -13.030520     -8.323763    -10.965318
18
Coordinates from ORCA-job para_p_opt_9 E -475.485049981264
  C      -5.704711      1.018891      0.045508
  C      -6.763229      1.495111     -0.749489
  C      -7.400004      0.671424     -1.673659
  C      -6.968974     -0.650130     -1.802509
  C      -5.924504     -1.158953     -1.031230
  C      -5.300908     -0.317940     -0.111064
  C      -5.013388      1.931129      1.024774
  H      -4.396177      1.366911      1.739294
  H      -5.739429      2.533707      1.594063
  H      -4.350642      2.639200      0.496396
  H      -7.094650      2.531281     -0.639654
  H      -8.222481      1.028632     -2.292840
  H      -5.620691     -2.197392     -1.160742
  H      -4.483372     -0.707370      0.501227
  N      -7.638248     -1.530154     -2.774767
  O      -7.232290     -2.677937     -2.874613
  O      -8.559747     -1.061556     -3.426015
  H     -12.995364     -8.292954    -10.890889
18
Coordinates from ORCA-job para_p_opt_9 E -475.485097966736
  C      -5.707267      1.017384      0.040772
  C      -6.765631      1.491892     -0.754811
  C      -7.402349      0.666332     -1.677407
  C      -6.971016     -0.655088     -1.804035
  C      -5.926275     -1.162370     -1.032142
  C      -5.303107     -0.319756     -0.113635
  C      -5.015830      1.930415      1.018929
  H      -4.399172      1.366826      1.733937
  H      -5.741702      2.533532      1.587105
  H      -4.352708      2.637434      0.490272
  H      -7.097153      2.528206     -0.646852
  H      -8.224946      1.022220     -2.296922
  H      -5.622089     -2.200818     -1.160027
  H      -4.485597     -0.707946      0.499294
  N      -7.640241     -1.537200     -2.774534
  O      -7.228820     -2.683522     -2.877298
  O      -8.567689     -1.071188     -3.421126
  H     -12.957220     -8.234454    -10.837731
18
Coordinates from ORCA-job para_p_opt_9 E -475.485149513993
  C      -5.709140      1.017503      0.034045
  C      -6.770368      1.486215     -0.761243
  C      -7.407407      0.655289     -1.678410
  C      -6.973923     -0.665867     -1.799731
  C      -5.926442     -1.167453     -1.028003
  C      -5.302743     -0.319311     -0.115046
  C      -5.017061      1.936582      1.005915
  H      -4.402485      1.377284      1.725998
  H      -5.742055      2.545673      1.568358
  H      -4.351718      2.637843      0.472749
  H      -7.103885      2.522208     -0.657340
  H      -8.232062      1.006777     -2.297642
  H      -5.620551     -2.205825     -1.151700
  H      -4.483037     -0.702961      0.497840
  N      -7.643422     -1.553855     -2.764564
  O      -7.230247     -2.699838     -2.864196
  O      -8.573153     -1.093204     -3.410971
  H     -12.919110     -8.155162    -10.802269
18
Coordinates from ORCA-job para_p_opt_9 E -475.485200521908
  C      -5.711000      1.018221      0.026633
  C      -6.775724      1.479848     -0.768298
  C      -7.413405      0.642243     -1.678674
  C      -6.976770     -0.678440     -1.793888
  C      -5.925831     -1.173055     -1.022394
  C      -5.301774     -0.318341     -0.115912
  C      -5.018291      1.944701      0.990723
  H      -4.406141      1.391003      1.717331
  H      -5.742633      2.561237      1.545811
  H      -4.350060      2.638774      0.451832
  H      -7.111512      2.515491     -0.669131
  H      -8.240789      0.988043     -2.297486
  H      -5.617559     -2.211314     -1.140955
  H      -4.479430     -0.696632      0.496663
  N      -7.646506     -1.573274     -2.751841
  O      -7.231916     -2.719011     -2.846067
  O      -8.578043     -1.118623     -3.399009
  H     -12.881425     -8.068971    -10.771548
18
Coordinates from ORCA-job para_p_opt_9 E -475.485251962838
  C      -5.713047      1.018519      0.019697
  C      -6.780782      1.473882     -0.774852
  C      -7.418858      0.630480     -1.679430
  C      -6.979662     -0.689827     -1.789176
  C      -5.925817     -1.178375     -1.017769
  C      -5.301350     -0.317830     -0.117119
  C      -5.019568      1.951386      0.976923
  H      -4.409242      1.402559      1.708727
  H      -5.743173      2.574033      1.525947
  H      -4.349116      2.639417      0.433116
  H      -7.118548      2.509260     -0.679943
  H      -8.248529      0.971382     -2.297891
  H      -5.615563     -2.216542     -1.131782
  H      -4.476711     -0.691396      0.495290
  N      -7.649505     -1.590647     -2.741230
  O      -7.233242     -2.736099     -2.830861
  O      -8.582912     -1.141163     -3.389013
  H     -12.843186     -7.987138    -10.736845
18
Coordinates from ORCA-job para_p_opt_9 E -475.485303780758
  C      -5.715018      1.019485      0.011927
  C      -6.786767      1.466958     -0.781880
  C      -7.425374      0.616366     -1.679167
  C      -6.982766     -0.703449     -1.782295
  C      -5.925167     -1.184359     -1.011158
  C      -5.300081     -0.316538     -0.117851
  C      -5.020592      1.960518      0.960223
  H      -4.412118      1.418335      1.698470
  H      -5.743416      2.590601      1.501556
  H      -4.347633      2.640998      0.410059
  H      -7.126998      2.501978     -0.692057
  H      -8.257997      0.950991     -2.297090
  H      -5.612320     -2.222375     -1.119426
  H      -4.472419     -0.684268      0.494029
  N      -7.652630     -1.611587     -2.726966
  O      -7.235864     -2.757356     -2.808782
  O      -8.586746     -1.167689     -3.377334
  H     -12.804904     -7.896710    -10.708466
18
Coordinates from ORCA-job para_p_opt_9 E -475.485354420182
  C      -5.718515      1.016250      0.009676
  C      -6.787182      1.466334     -0.785463
  C      -7.424808      0.617752     -1.686423
  C      -6.982889     -0.701479     -1.792046
  C      -5.927545     -1.185384     -1.019315
  C      -5.304633     -0.320758     -0.122254
  C      -5.024841      1.952273      0.963859
  H      -4.416495      1.405000      1.699058
  H      -5.748978      2.579034      1.508980
  H      -4.351685      2.636678      0.417820
  H      -7.126957      2.501563     -0.694073
  H      -8.256180      0.954583     -2.304785
  H      -5.615656     -2.223590     -1.129494
  H      -4.479410     -0.690695      0.491256
  N      -7.652511     -1.607583     -2.739446
  O      -7.229947     -2.751253     -2.824276
  O      -8.590498     -1.162405     -3.385968
  H     -12.770080     -7.864420    -10.633316
18
Coordinates from ORCA-job para_p_opt_9 E -475.485368119520
  C      -5.719980      1.011478      0.007224
  C      -6.786988      1.464727     -0.788212
  C      -7.426803      0.618843     -1.687663
  C      -6.988893     -0.701038     -1.792891
  C      -5.935010     -1.188064     -1.021379
  C      -5.310106     -0.325400     -0.124540
  C      -5.023437      1.945826      0.960201
  H      -4.416499      1.397073      1.694428
  H      -5.744005      2.573656      1.505955
  H      -4.350074      2.628441      0.414432
  H      -7.123395      2.500697     -0.698653
  H      -8.256956      0.958937     -2.305676
  H      -5.624553     -2.226013     -1.134323
  H      -4.485174     -0.696542      0.488944
  N      -7.659366     -1.603190     -2.742748
  O      -7.227849     -2.740628     -2.856452
  O      -8.608689     -1.165847     -3.370855
  H     -12.721033     -7.831056    -10.574001
18
Coordinates from ORCA-job para_p_opt_9 E -475.485432434805
  C      -5.720608      1.018524     -0.006759
  C      -6.799732      1.451268     -0.798331
  C      -7.440608      0.587346     -1.679901
  C      -6.993123     -0.731327     -1.769539
  C      -5.928388     -1.198262     -1.000075
  C      -5.300967     -0.316795     -0.122504
  C      -5.022039      1.974227      0.923030
  H      -4.418940      1.443704      1.673501
  H      -5.740817      2.620328      1.448886
  H      -4.342979      2.637733      0.360863
  H      -7.143838      2.485662     -0.719629
  H      -8.278876      0.911065     -2.295875
  H      -5.611341     -2.235812     -1.098257
  H      -4.467178     -0.672946      0.488065
  N      -7.664107     -1.652639     -2.699815
  O      -7.243561     -2.797302     -2.776761
  O      -8.603558     -1.222930     -3.349163
  H     -12.688148     -7.679945    -10.603946
18
Coordinates from ORCA-job para_p_opt_9 E -475.485488049333
  C      -5.721880      1.022134     -0.017987
  C      -6.809002      1.441066     -0.806691
  C      -7.450446      0.564983     -1.676060
  C      -6.996720     -0.752759     -1.755028
  C      -5.924837     -1.206148     -0.987109
  C      -5.295723     -0.311992     -0.123004
  C      -5.022043      1.991868      0.896335
  H      -4.421932      1.473339      1.657422
  H      -5.739410      2.649906      1.408759
  H      -4.339100      2.642480      0.323741
  H      -7.158409      2.474300     -0.735427
  H      -8.294051      0.877795     -2.290515
  H      -5.603546     -2.243364     -1.075309
  H      -4.456048     -0.657873      0.485630
  N      -7.668699     -1.686731     -2.671765
  O      -7.255319     -2.835227     -2.724145
  O      -8.602166     -1.262990     -3.334929
  H     -12.649480     -7.558886    -10.600127
18
Coordinates from ORCA-job para_p_opt_9 E -475.485541033133
  C      -5.723643      1.023747     -0.027350
  C      -6.816428      1.432746     -0.813750
  C      -7.458278      0.548006     -1.674123
  C      -7.000159     -0.768966     -1.745376
  C      -5.923244     -1.212668     -0.978694
  C      -5.292924     -0.309461     -0.124559
  C      -5.022736      2.003388      0.875569
  H      -4.424716      1.493537      1.644067
  H      -5.739039      2.669838      1.378332
  H      -4.337067      2.644676      0.295601
  H      -7.169617      2.465094     -0.747892
  H      -8.305700      0.852998     -2.287333
  H      -5.598884     -2.249547     -1.059741
  H      -4.448968     -0.647886      0.482512
  N      -7.672706     -1.711834     -2.652409
  O      -7.264366     -2.862655     -2.687196
  O      -8.601549     -1.292524     -3.325563
  H     -12.608786     -7.456588    -10.578304
18
Coordinates from ORCA-job para_p_opt_9 E -475.485594449855
  C      -5.725633      1.024351     -0.035619
  C      -6.822745      1.425497     -0.820245
  C      -7.464828      0.533931     -1.673432
  C      -7.003294     -0.782397     -1.738468
  C      -5.922542     -1.218449     -0.972703
  C      -5.291371     -0.308109     -0.126529
  C      -5.023991      2.011752      0.858267
  H      -4.427527      1.508837      1.632474
  H      -5.739525      2.684545      1.353429
  H      -4.336346      2.645815      0.272644
  H      -7.178892      2.457135     -0.758786
  H      -8.315169      0.832759     -2.285707
  H      -5.595750     -2.255026     -1.048037
  H      -4.444144     -0.640619      0.479385
  N      -7.676134     -1.732197     -2.637920
  O      -7.271364     -2.884496     -2.659226
  O      -8.601504     -1.316663     -3.318721
  H     -12.568048     -7.364766    -10.547016
18
Coordinates from ORCA-job para_p_opt_9 E -475.485648344244
  C      -5.727750      1.024441     -0.043338
  C      -6.828542      1.418763     -0.826425
  C      -7.470791      0.521290     -1.673287
  C      -7.006297     -0.794432     -1.732874
  C      -5.922280     -1.223843     -0.967908
  C      -5.290445     -0.307345     -0.128697
  C      -5.025498      2.018546      0.842610
  H      -4.430368      1.521737      1.621734
  H      -5.740388      2.696760      1.331105
  H      -4.336171      2.646308      0.252139
  H      -7.187240      2.449766     -0.768855
  H      -8.323618      0.814768     -2.284743
  H      -5.593347     -2.260111     -1.038276
  H      -4.440421     -0.634701      0.476207
  N      -7.679287     -1.750186     -2.625767
  O      -7.277486     -2.903590     -2.635598
  O      -8.601688     -1.338112     -3.313103
  H     -12.527192     -7.278159    -10.511134
18
Coordinates from ORCA-job para_p_opt_9 E -475.485702839330
  C      -5.729930      1.024252     -0.050775
  C      -6.834064      1.412293     -0.832437
  C      -7.476438      0.509407     -1.673428
  C      -7.009227     -0.805729     -1.727972
  C      -5.922249     -1.229033     -0.963751
  C      -5.289843     -0.306896     -0.130989
  C      -5.027148      2.024495      0.827807
  H      -4.433231      1.533380      1.611421
  H      -5.741466      2.707615      1.310111
  H      -4.336306      2.646440      0.232928
  H      -7.195092      2.442698     -0.778476
  H      -8.331521      0.797963     -2.284120
  H      -5.591330     -2.264985     -1.029542
  H      -4.437278     -0.629506      0.472975
  N      -7.682303     -1.766896     -2.614844
  O      -7.283191     -2.921197     -2.614231
  O      -8.601981     -1.358114     -3.308150
  H     -12.486210     -7.194286    -10.472737
18
Coordinates from ORCA-job para_p_opt_9 E -475.485757440295
  C      -5.732118      1.023936     -0.058159
  C      -6.839517      1.405888     -0.838338
  C      -7.482033      0.497779     -1.673573
  C      -7.012182     -0.816763     -1.723256
  C      -5.922315     -1.234145     -0.959842
  C      -5.289333     -0.306566     -0.133406
  C      -5.028799      2.030105      0.813192
  H      -4.436076      1.544582      1.601149
  H      -5.742542      2.717976      1.289404
  H      -4.336468      2.646323      0.214061
  H      -7.202806      2.435693     -0.787851
  H      -8.339321      0.781559     -2.283456
  H      -5.589462     -2.269767     -1.021209
  H      -4.434285     -0.624576      0.469572
  N      -7.685387     -1.783101     -2.604250
  O      -7.289053     -2.938228     -2.593368
  O      -8.602322     -1.377542     -3.303473
  H     -12.444792     -7.111252    -10.433405
18
Coordinates from ORCA-job para_p_opt_9 E -475.485781940313
  C      -5.733890      1.021322     -0.052642
  C      -6.834718      1.411353     -0.837421
  C      -7.474171      0.509661     -1.683614
  C      -7.007627     -0.805885     -1.739126
  C      -5.923996     -1.231222     -0.970726
  C      -5.294170     -0.310661     -0.133967
  C      -5.034141      2.018837      0.832560
  H      -4.436976      1.523972      1.611879
  H      -5.751699      2.695288      1.321697
  H      -4.346942      2.649247      0.240949
  H      -7.195871      2.442061     -0.782247
  H      -8.326886      0.799605     -2.297204
  H      -5.593923     -2.267725     -1.036316
  H      -4.444377     -0.634992      0.473037
  N      -7.677545     -1.766836     -2.630033
  O      -7.275143     -2.920088     -2.623961
  O      -8.594560     -1.353588     -3.326679
  H     -12.462175     -7.158448    -10.392397
18
Coordinates from ORCA-job para_p_opt_9 E -475.485787449204
  C      -5.734584      1.019655     -0.049770
  C      -6.831952      1.413756     -0.837180
  C      -7.469942      0.515549     -1.688199
  C      -7.004664     -0.800192     -1.746670
  C      -5.923741     -1.229285     -0.976450
  C      -5.296179     -0.312592     -0.134051
  C      -5.037267      2.012884      0.841966
  H      -4.438915      1.514009      1.617948
  H      -5.756759      2.684208      1.335751
  H      -4.351807      2.649255      0.254699
  H      -7.192158      2.444710     -0.780067
  H      -8.320417      0.808727     -2.303403
  H      -5.594792     -2.265946     -1.044490
  H      -4.449076     -0.639887      0.475046
  N      -7.673603     -1.757763     -2.642170
  O      -7.270405     -2.910726     -2.639862
  O      -8.592015     -1.342587     -3.337015
  H     -12.470533     -7.181874    -10.372295
18
Coordinates from ORCA-job para_p_opt_9 E -475.485803549158
  C      -5.738124      1.011381     -0.036485
  C      -6.820912      1.423652     -0.834082
  C      -7.452845      0.541604     -1.706083
  C      -6.994216     -0.775523     -1.777541
  C      -5.926029     -1.222155     -0.999274
  C      -5.306492     -0.322290     -0.133574
  C      -5.049313      1.986478      0.881041
  H      -4.440380      1.472337      1.638753
  H      -5.776431      2.632357      1.398424
  H      -4.375956      2.650832      0.310694
  H      -7.175441      2.456194     -0.768574
  H      -8.293304      0.849123     -2.328074
  H      -5.601720     -2.259445     -1.078536
  H      -4.470591     -0.663260      0.483354
  N      -7.656967     -1.715912     -2.695673
  O      -7.251276     -2.867678     -2.712445
  O      -8.576541     -1.290073     -3.384794
  H     -12.502273     -7.285720    -10.283344
18
Coordinates from ORCA-job para_p_opt_9 E -475.485817331145
  C      -5.742632      1.000146     -0.020098
  C      -6.806710      1.435913     -0.830042
  C      -7.430176      0.575039     -1.728400
  C      -6.980377     -0.743945     -1.815933
  C      -5.929286     -1.213215     -1.027886
  C      -5.319746     -0.334976     -0.133707
  C      -5.065815      1.951956      0.929740
  H      -4.441956      1.420719      1.663363
  H      -5.802512      2.562585      1.476287
  H      -4.410236      2.651887      0.382081
  H      -7.153908      2.470065     -0.753237
  H      -8.257292      0.900730     -2.358807
  H      -5.610686     -2.250998     -1.121541
  H      -4.498436     -0.693764      0.492197
  N      -7.635726     -1.661115     -2.762300
  O      -7.229346     -2.812053     -2.804831
  O      -8.553100     -1.220568     -3.446406
  H     -12.540870     -7.416505    -10.166690
18
Coordinates from ORCA-job para_p_opt_9 E -475.485836816574
  C      -5.746756      0.990166     -0.006732
  C      -6.795049      1.446272     -0.826279
  C      -7.411107      0.603744     -1.746431
  C      -6.969012     -0.716788     -1.847440
  C      -5.933239     -1.205646     -1.051719
  C      -5.331537     -0.345907     -0.134730
  C      -5.080174      1.922079      0.969604
  H      -4.443294      1.378028      1.682344
  H      -5.824135      2.501531      1.539946
  H      -4.440920      2.651108      0.441424
  H      -7.135566      2.481574     -0.739290
  H      -8.226195      0.944836     -2.383899
  H      -5.619399     -2.243560     -1.157870
  H      -4.522176     -0.720026      0.497178
  N      -7.617631     -1.614439     -2.816528
  O      -7.211949     -2.765026     -2.881821
  O      -8.529741     -1.160770     -3.497514
  H     -12.570931     -7.525276    -10.066450
18
Coordinates from ORCA-job para_p_opt_9 E -475.485851972562
  C      -5.749014      0.984757      0.000258
  C      -6.788805      1.452381     -0.824248
  C      -7.400797      0.620126     -1.756372
  C      -6.963600     -0.701532     -1.864314
  C      -5.936812     -1.201520     -1.064501
  C      -5.338260     -0.351783     -0.136005
  C      -5.088072      1.905630      0.991212
  H      -4.444011      1.354954      1.692102
  H      -5.835303      2.467024      1.574829
  H      -4.458817      2.650362      0.473604
  H      -7.125014      2.488416     -0.731127
  H      -8.208663      0.969837     -2.398185
  H      -5.626040     -2.239638     -1.177543
  H      -4.534967     -0.734585      0.498311
  N      -7.607684     -1.589746     -2.844803
  O      -7.200796     -2.739536     -2.924635
  O      -8.515128     -1.128611     -3.522953
  H     -12.587028     -7.584636    -10.011839
18
Coordinates from ORCA-job para_p_opt_9 E -475.485855513689
  C      -5.747992      0.987354     -0.003120
  C      -6.792142      1.449578     -0.825452
  C      -7.406093      0.612399     -1.751993
  C      -6.966917     -0.709005     -1.856019
  C      -5.936163     -1.203733     -1.057958
  C      -5.335140     -0.348900     -0.135604
  C      -5.084413      1.914009      0.980872
  H      -4.443982      1.366572      1.687515
  H      -5.829555      2.483963      1.558661
  H      -4.451062      2.651001      0.457172
  H      -7.129880      2.485386     -0.734812
  H      -8.216795      0.958065     -2.392525
  H      -5.624262     -2.241898     -1.167742
  H      -4.528302     -0.727591      0.496861
  N      -7.612308     -1.603101     -2.830170
  O      -7.203693     -2.752427     -2.905603
  O      -8.520499     -1.145268     -3.508351
  H     -12.579613     -7.554502    -10.037942
18
Coordinates from ORCA-job para_p_opt_9 E -475.485855890742
  C      -5.747930      0.987557     -0.003302
  C      -6.792465      1.449435     -0.825360
  C      -7.406672      0.611988     -1.751546
  C      -6.967307     -0.709322     -1.855486
  C      -5.936143     -1.203705     -1.057724
  C      -5.334841     -0.348620     -0.135784
  C      -5.083981      1.914581      0.980170
  H      -4.444727      1.367011      1.687697
  H      -5.828672      2.485965      1.557042
  H      -4.449545      2.650248      0.455939
  H      -7.130368      2.485225     -0.734753
  H      -8.217628      0.957630     -2.391802
  H      -5.624316     -2.241886     -1.167577
  H      -4.527630     -0.726951      0.496477
  N      -7.612769     -1.604211     -2.828957
  O      -7.204086     -2.753593     -2.903946
  O      -8.521066     -1.146864     -3.507300
  H     -12.578664     -7.552588    -10.039997
18
Coordinates from ORCA-job para_p_opt_9 E -475.485855796317
  C      -5.748234      0.987153     -0.002632
  C      -6.792157      1.449796     -0.825054
  C      -7.405953      0.613198     -1.752335
  C      -6.966617     -0.708025     -1.857077
  C      -5.935942     -1.203152     -1.059062
  C      -5.335133     -0.348972     -0.135981
  C      -5.084833      1.913361      0.982002
  H      -4.446591      1.364971      1.689811
  H      -5.829720      2.484744      1.558599
  H      -4.449681      2.648938      0.458568
  H      -7.129971      2.485577     -0.733747
  H      -8.216510      0.959683     -2.392687
  H      -5.624344     -2.241321     -1.169773
  H      -4.528374     -0.727846      0.496557
  N      -7.611578     -1.602519     -2.831301
  O      -7.202756     -2.751785     -2.906997
  O      -8.519864     -1.144966     -3.509579
  H     -12.580551     -7.556935    -10.035524
18
Coordinates from ORCA-job para_p_opt_9 E -475.485855582537
  C      -5.748797      0.986669     -0.001762
  C      -6.792116      1.449958     -0.824600
  C      -7.405167      0.614279     -1.753261
  C      -6.965499     -0.706715     -1.858995
  C      -5.935327     -1.202498     -1.060613
  C      -5.335356     -0.349303     -0.136120
  C      -5.086194      1.912096      0.984142
  H      -4.450148      1.362834      1.693260
  H      -5.831406      2.484487      1.559296
  H      -4.449126      2.646633      0.461623
  H      -7.130062      2.485622     -0.732368
  H      -8.215291      0.961604     -2.393715
  H      -5.623733     -2.240555     -1.172405
  H      -4.529066     -0.728657      0.496736
  N      -7.609544     -1.600709     -2.834256
  O      -7.200417     -2.749773     -2.910659
  O      -8.517746     -1.142860     -3.512558
  H     -12.583815     -7.561211    -10.029957
18
Coordinates from ORCA-job para_p_opt_9 E -475.485855118423
  C      -5.749904      0.985912     -0.000300
  C      -6.792378      1.449984     -0.823783
  C      -7.403913      0.615631     -1.754715
  C      -6.963371     -0.704918     -1.862048
  C      -5.933922     -1.201484     -1.063042
  C      -5.335575     -0.349694     -0.136260
  C      -5.088768      1.910228      0.987604
  H      -4.457246      1.359704      1.699803
  H      -5.834617      2.485275      1.559223
  H      -4.447453      2.642207      0.466735
  H      -7.130855      2.485344     -0.730038
  H      -8.213425      0.963988     -2.395383
  H      -5.621964     -2.239267     -1.176495
  H      -4.529996     -0.729670      0.497118
  N      -7.605687     -1.597919     -2.839286
  O      -7.195875     -2.746601     -2.916889
  O      -8.513590     -1.139545     -3.517776
  H     -12.590270     -7.567274    -10.020678
18
Coordinates from ORCA-job para_p_opt_9 E -475.485854363890
  C      -5.751961      0.985031      0.001819
  C      -6.793827      1.449332     -0.822311
  C      -7.402614      0.616338     -1.756371
  C      -6.959754     -0.703238     -1.866031
  C      -5.930840     -1.200052     -1.066275
  C      -5.335330     -0.349713     -0.136417
  C      -5.093089      1.908394      0.992077
  H      -4.471566      1.356247      1.711812
  H      -5.839677      2.490990      1.554898
  H      -4.441932      2.633365      0.473592
  H      -7.133965      2.483936     -0.726328
  H      -8.211636      0.965410     -2.397248
  H      -5.617509     -2.237187     -1.182032
  H      -4.530343     -0.729941      0.497539
  N      -7.599004     -1.595092     -2.846203
  O      -7.187789     -2.743128     -2.925146
  O      -8.506255     -1.136319     -3.525434
  H     -12.601718     -7.572474    -10.008152
18
Coordinates from ORCA-job para_p_opt_9 E -475.485852582726
  C      -5.755970      0.984009      0.005189
  C      -6.797810      1.447296     -0.819524
  C      -7.401271      0.615592     -1.758353
  C      -6.953078     -0.701887     -1.871794
  C      -5.924228     -1.197757     -1.071122
  C      -5.334055     -0.348810     -0.136703
  C      -5.100968      1.906742      0.998526
  H      -4.501192      1.352394      1.734890
  H      -5.847987      2.507127      1.541414
  H      -4.428338      2.615158      0.484441
  H      -7.142073      2.480172     -0.719949
  H      -8.210147      0.964461     -2.399493
  H      -5.607294     -2.233440     -1.190284
  H      -4.529340     -0.728454      0.497922
  N      -7.586603     -1.592378     -2.856769
  O      -7.172474     -2.739223     -2.937386
  O      -8.492549     -1.133645     -3.537866
  H     -12.623433     -7.575456     -9.989348
18
Coordinates from ORCA-job para_p_opt_9 E -475.485850620425
  C      -5.760989      0.984588      0.007465
  C      -6.805974      1.442489     -0.816221
  C      -7.403043      0.608931     -1.757696
  C      -6.945632     -0.705148     -1.874109
  C      -5.913969     -1.195898     -1.073695
  C      -5.330003     -0.345149     -0.137098
  C      -5.109560      1.910023      1.000569
  H      -4.544541      1.355673      1.764015
  H      -5.854146      2.541551      1.509856
  H      -4.403222      2.588560      0.491091
  H      -7.157722      2.472502     -0.713665
  H      -8.213995      0.953893     -2.398299
  H      -5.590396     -2.229299     -1.195001
  H      -4.523209     -0.720973      0.497175
  N      -7.572311     -1.597146     -2.862016
  O      -7.153742     -2.742444     -2.941702
  O      -8.477174     -1.141029     -3.546270
  H     -12.649180     -7.559224     -9.980610
18
Coordinates from ORCA-job para_p_opt_9 E -475.485860457962
  C      -5.771644      0.987141      0.009429
  C      -6.825904      1.429726     -0.810699
  C      -7.410155      0.589075     -1.754415
  C      -6.931271     -0.716957     -1.875104
  C      -5.891032     -1.193106     -1.076454
  C      -5.319547     -0.335423     -0.138690
  C      -5.126914      1.921524      0.998349
  H      -4.642843      1.374187      1.820470
  H      -5.858713      2.621846      1.428770
  H      -4.348230      2.527943      0.502913
  H      -7.195161      2.453008     -0.703392
  H      -8.227513      0.922693     -2.392877
  H      -5.551997     -2.221249     -1.200403
  H      -4.506245     -0.700119      0.493859
  N      -7.544086     -1.615794     -2.865385
  O      -7.115624     -2.757745     -2.939893
  O      -8.447724     -1.168034     -3.556781
  H     -12.694207     -7.496818     -9.965909
18
Coordinates from ORCA-job para_p_opt_9 E -475.485868076019
  C      -5.760894      0.984762      0.005297
  C      -6.802685      1.445438     -0.820353
  C      -7.399046      0.613385     -1.764053
  C      -6.943218     -0.700786     -1.881436
  C      -5.912834     -1.193910     -1.080419
  C      -5.330206     -0.345159     -0.141433
  C      -5.115620      1.902709      1.008823
  H      -4.554705      1.341736      1.770962
  H      -5.864143      2.527749      1.520001
  H      -4.407352      2.586290      0.510498
  H      -7.153478      2.475817     -0.717754
  H      -8.208320      0.959318     -2.406233
  H      -5.588521     -2.226962     -1.202627
  H      -4.524491     -0.722662      0.493506
  N      -7.569741     -1.591616     -2.870909
  O      -7.153395     -2.737886     -2.950950
  O      -8.473681     -1.134954     -3.555824
  H     -12.646481     -7.561372     -9.943307
18
Coordinates from ORCA-job para_p_opt_9 E -475.485868542113
  C      -5.762089      0.990658      0.000009
  C      -6.819414      1.432242     -0.817141
  C      -7.418223      0.584532     -1.744777
  C      -6.951495     -0.727234     -1.853104
  C      -5.909003     -1.202303     -1.057517
  C      -5.322727     -0.337190     -0.135331
  C      -5.102093      1.932704      0.971848
  H      -4.553269      1.391056      1.755821
  H      -5.838005      2.593317      1.455438
  H      -4.377765      2.582426      0.449875
  H      -7.179425      2.459946     -0.720830
  H      -8.237847      0.915289     -2.381886
  H      -5.578240     -2.234482     -1.169505
  H      -4.507082     -0.700998      0.494678
  N      -7.579469     -1.632006     -2.828566
  O      -7.157428     -2.776724     -2.895990
  O      -8.486728     -1.186143     -3.516182
  H     -12.628507     -7.463191    -10.033051
18
Coordinates from ORCA-job para_p_opt_9 E -475.485871998940
  C      -5.762834      0.986572      0.004440
  C      -6.811622      1.438763     -0.817412
  C      -7.407350      0.600389     -1.755440
  C      -6.945478     -0.712242     -1.870072
  C      -5.910291     -1.197557     -1.071134
  C      -5.327494     -0.341941     -0.138186
  C      -5.110926      1.915682      0.993927
  H      -4.560723      1.363156      1.769429
  H      -5.852748      2.562087      1.488183
  H      -4.390074      2.579880      0.485497
  H      -7.167570      2.467492     -0.717013
  H      -8.220995      0.939331     -2.395844
  H      -5.582014     -2.229755     -1.189425
  H      -4.517571     -0.713391      0.494748
  N      -7.570846     -1.607914     -2.855584
  O      -7.150665     -2.752982     -2.931961
  O      -8.476003     -1.155608     -3.541811
  H     -12.643608     -7.520062     -9.978552
