18
Coordinates from ORCA-job para_p_opt_9
  C   -5.76349080715420      0.98521230561200      0.00611570815311
  C   -6.80977734708061      1.44033696391529     -0.81722975531120
  C   -7.40423682992715      0.60457176844674     -1.75834779882496
  C   -6.94354787535904     -0.70830006417348     -1.87475127053803
  C   -5.91054260644691     -1.19638462157651     -1.07471253173775
  C   -5.32907317525022     -0.34337241510601     -0.13856712180674
  C   -5.11350758931673      1.91122552595715      0.99977598492968
  H   -4.56255906511459      1.35630348839485      1.77304014143319
  H   -5.85662682060077      2.55409540893717      1.49662932294595
  H   -4.39390962816746      2.57907157360829      0.49451314287056
  H   -7.16489415385142      2.46925659363940     -0.71558146182463
  H   -8.21616887383827      0.94552987142268     -2.39988496884517
  H   -5.58286396913981     -2.22863571501069     -1.19437881596011
  H   -4.52103428217861     -0.71705597489190      0.49546570580078
  N   -7.56796487578436     -1.60142094665224     -2.86330360973456
  O   -7.14737992315621     -2.74617844509739     -2.94274533968645
  O   -8.47271704477158     -1.14750568891816     -3.54889266684473
  H   -12.64851513286164     -7.53484962850717     -9.96335466501884
