18
Coordinates from ORCA-job neb_orto_ts_optfreq E -475.714746093117
  C      -4.007180      2.279000     -0.806070
  C      -4.995490      1.492260     -1.659720
  C      -4.872400     -0.011270     -1.488460
  C      -3.983250     -0.602180     -0.698050
  C      -3.044330      0.247610      0.080430
  C      -3.079470      1.636440      0.009460
  C      -4.049870      3.794020     -0.899890
  H      -3.937690     -1.685600     -0.618520
  H      -5.568280     -0.617080     -2.064480
  H      -6.015700      1.794940     -1.407020
  H      -3.294670      4.149610     -1.604330
  H      -3.854410      4.247270      0.074520
  H      -5.028360      4.136720     -1.244270
  H      -2.374940      2.220960      0.596640
  H      -2.317100     -0.246460      0.720230
  N      -4.883290      1.712370     -3.183790
  O      -3.768830      1.664380     -3.677920
  O      -5.887740      2.086240     -3.765710
18
Coordinates from ORCA-job neb_orto_ts_optfreq E -475.724597582693
  C      -4.016899      2.284590     -0.813430
  C      -4.992150      1.490242     -1.638975
  C      -4.880533     -0.004669     -1.492865
  C      -3.973340     -0.597068     -0.692154
  C      -3.059349      0.238681      0.061282
  C      -3.094717      1.635042     -0.005675
  C      -4.062176      3.779232     -0.912278
  H      -3.912495     -1.683673     -0.608177
  H      -5.580145     -0.606382     -2.082025
  H      -6.019372      1.796732     -1.384025
  H      -3.299652      4.124783     -1.633395
  H      -3.845340      4.241629      0.062024
  H      -5.044093      4.129919     -1.259256
  H      -2.387400      2.220957      0.585500
  H      -2.321641     -0.255688      0.700882
  N      -4.854961      1.783587     -3.154709
  O      -3.745672      1.650814     -3.627174
  O      -5.873066      2.070500     -3.742498
18
Coordinates from ORCA-job neb_orto_ts_optfreq E -475.725285437325
  C      -4.034291      2.274231     -0.832310
  C      -4.990268      1.448739     -1.608836
  C      -4.894789     -0.028382     -1.487914
  C      -3.961520     -0.607066     -0.665452
  C      -3.081894      0.220238      0.045524
  C      -3.117201      1.626493     -0.027906
  C      -4.082590      3.741647     -0.964525
  H      -3.880376     -1.694511     -0.561975
  H      -5.598372     -0.628947     -2.084031
  H      -6.025241      1.757859     -1.351404
  H      -3.314750      4.056891     -1.712442
  H      -3.829227      4.235571     -0.007126
  H      -5.063993      4.102512     -1.320066
  H      -2.405395      2.218168      0.559602
  H      -2.329156     -0.261553      0.687685
  N      -4.830220      1.831677     -3.123628
  O      -3.691982      1.811998     -3.512764
  O      -5.831734      2.193665     -3.669383
18
Coordinates from ORCA-job neb_orto_ts_optfreq E -475.727567778151
  C      -4.028392      2.282622     -0.812741
  C      -4.988096      1.454336     -1.606576
  C      -4.885764     -0.024286     -1.502564
  C      -3.961746     -0.605555     -0.681952
  C      -3.079801      0.226585      0.056722
  C      -3.118795      1.631527      0.001884
  C      -4.066641      3.760174     -0.947079
  H      -3.884976     -1.691612     -0.590361
  H      -5.582043     -0.619594     -2.102673
  H      -6.019942      1.754052     -1.344668
  H      -3.302620      4.068909     -1.690289
  H      -3.806639      4.253846      0.002442
  H      -5.039906      4.130285     -1.301574
  H      -2.415554      2.215190      0.601509
  H      -2.332241     -0.254803      0.697080
  N      -4.849719      1.844639     -3.136848
  O      -3.727307      1.765171     -3.571789
  O      -5.872819      2.107741     -3.707473
18
Coordinates from ORCA-job neb_orto_ts_optfreq E -475.727885342134
  C      -4.025953      2.279735     -0.808550
  C      -4.986890      1.452486     -1.606026
  C      -4.878556     -0.026888     -1.507008
  C      -3.960929     -0.608500     -0.684427
  C      -3.081570      0.226777      0.068619
  C      -3.123368      1.630069      0.017717
  C      -4.056988      3.759319     -0.951975
  H      -3.885259     -1.694821     -0.597046
  H      -5.571463     -0.622611     -2.109895
  H      -6.018489      1.749831     -1.342298
  H      -3.299837      4.057729     -1.704841
  H      -3.782630      4.258391     -0.009989
  H      -5.030811      4.133438     -1.299785
  H      -2.425347      2.212363      0.624357
  H      -2.336494     -0.253310      0.712297
  N      -4.864524      1.840439     -3.144428
  O      -3.738746      1.820977     -3.580519
  O      -5.895144      2.083807     -3.713153
18
Coordinates from ORCA-job neb_orto_ts_optfreq E -475.728179931611
  C      -4.024415      2.278119     -0.803938
  C      -4.982568      1.449657     -1.600919
  C      -4.871278     -0.027492     -1.514069
  C      -3.958611     -0.609516     -0.686842
  C      -3.089653      0.224564      0.079331
  C      -3.133069      1.627511      0.035241
  C      -4.045428      3.755677     -0.959576
  H      -3.881240     -1.696094     -0.604913
  H      -5.560072     -0.621545     -2.122770
  H      -6.014766      1.744398     -1.335359
  H      -3.302006      4.035901     -1.732758
  H      -3.740789      4.263256     -0.032062
  H      -5.020682      4.138623     -1.293529
  H      -2.441081      2.206310      0.651783
  H      -2.348111     -0.253822      0.728076
  N      -4.878029      1.849667     -3.148371
  O      -3.751531      1.909856     -3.576563
  O      -5.919669      2.024158     -3.719712
18
Coordinates from ORCA-job neb_orto_ts_optfreq E -475.728628350106
  C      -4.019840      2.278319     -0.798945
  C      -4.973352      1.451015     -1.596780
  C      -4.863322     -0.023461     -1.522294
  C      -3.957256     -0.608305     -0.689489
  C      -3.101021      0.221183      0.091477
  C      -3.143890      1.624135      0.055167
  C      -4.028884      3.752617     -0.962680
  H      -3.878872     -1.695410     -0.615053
  H      -5.548208     -0.614156     -2.138490
  H      -6.006645      1.745167     -1.331522
  H      -3.308488      4.011500     -1.765394
  H      -3.682254      4.266860     -0.054358
  H      -5.007413      4.147531     -1.273760
  H      -2.459764      2.197107      0.685600
  H      -2.366277     -0.256690      0.748296
  N      -4.894703      1.857810     -3.158053
  O      -3.778413      2.034948     -3.576134
  O      -5.944398      1.909062     -3.734538
18
Coordinates from ORCA-job neb_orto_ts_optfreq E -475.729106598020
  C      -4.013905      2.280652     -0.795148
  C      -4.962164      1.456779     -1.595774
  C      -4.857779     -0.015946     -1.528493
  C      -3.958238     -0.605595     -0.690615
  C      -3.111514      0.217567      0.100817
  C      -3.151175      1.621070      0.069229
  C      -4.013166      3.752193     -0.958899
  H      -3.880735     -1.693307     -0.622483
  H      -5.540210     -0.602461     -2.151612
  H      -5.996778      1.752846     -1.334017
  H      -3.316396      3.995617     -1.788205
  H      -3.631006      4.268121     -0.066365
  H      -4.995099      4.157256     -1.247582
  H      -2.473216      2.188249      0.711467
  H      -2.383802     -0.261494      0.764794
  N      -4.908600      1.859849     -3.170943
  O      -3.816096      2.149318     -3.583791
  O      -5.953121      1.778517     -3.749328
18
Coordinates from ORCA-job neb_orto_ts_optfreq E -475.729590696834
  C      -4.005304      2.285457     -0.794106
  C      -4.947877      1.467841     -1.600402
  C      -4.854639     -0.004825     -1.532550
  C      -3.962929     -0.602003     -0.688746
  C      -3.120608      0.213338      0.107522
  C      -3.153137      1.618174      0.074939
  C      -3.998129      3.755841     -0.946281
  H      -3.889884     -1.690433     -0.624179
  H      -5.535727     -0.586076     -2.162618
  H      -5.983896      1.769050     -1.346090
  H      -3.324410      3.994103     -1.797452
  H      -3.591415      4.266649     -0.061943
  H      -4.984324      4.167309     -1.213296
  H      -2.479207      2.180577      0.725810
  H      -2.401036     -0.269199      0.778264
  N      -4.919174      1.853091     -3.188859
  O      -3.865082      2.247946     -3.607424
  O      -5.946221      1.632389     -3.759539
18
Coordinates from ORCA-job neb_orto_ts_optfreq E -475.730038457336
  C      -3.999247      2.285764     -0.791942
  C      -4.939811      1.471473     -1.601560
  C      -4.850319     -0.000912     -1.537338
  C      -3.967335     -0.602586     -0.687112
  C      -3.129498      0.209593      0.118207
  C      -3.157509      1.614643      0.084980
  C      -3.982164      3.756015     -0.945712
  H      -3.897475     -1.691370     -0.625810
  H      -5.527503     -0.578399     -2.174669
  H      -5.976244      1.774045     -1.349444
  H      -3.333749      3.983894     -1.819154
  H      -3.545900      4.265747     -0.075539
  H      -4.971328      4.175740     -1.188187
  H      -2.487655      2.174207      0.742362
  H      -2.416695     -0.274412      0.794886
  N      -4.931283      1.854736     -3.197856
  O      -3.927112      2.366376     -3.609218
  O      -5.922172      1.514676     -3.773844
18
Coordinates from ORCA-job neb_orto_ts_optfreq E -475.730613294479
  C      -3.986595      2.285930     -0.802606
  C      -4.930453      1.479856     -1.622986
  C      -4.854517      0.001001     -1.532449
  C      -3.986594     -0.608695     -0.669372
  C      -3.130277      0.203839      0.126246
  C      -3.141990      1.609888      0.064860
  C      -3.970912      3.765014     -0.932326
  H      -3.932798     -1.697441     -0.595935
  H      -5.527388     -0.572341     -2.177442
  H      -5.965345      1.791394     -1.377937
  H      -3.346433      4.019663     -1.814270
  H      -3.539613      4.253681     -0.047813
  H      -4.970187      4.176683     -1.143097
  H      -2.465672      2.177605      0.708874
  H      -2.425918     -0.287157      0.806357
  N      -4.922715      1.839897     -3.210454
  O      -3.984219      2.457216     -3.628678
  O      -5.881374      1.403197     -3.787925
18
Coordinates from ORCA-job neb_orto_ts_optfreq E -475.730991636942
  C      -3.974481      2.283340     -0.809630
  C      -4.923630      1.475992     -1.626974
  C      -4.852444     -0.000027     -1.535759
  C      -3.995346     -0.608320     -0.663073
  C      -3.137995      0.202325      0.133707
  C      -3.141148      1.606603      0.069338
  C      -3.958613      3.762158     -0.936202
  H      -3.950390     -1.696871     -0.583312
  H      -5.522509     -0.571797     -2.184419
  H      -5.956424      1.790041     -1.373562
  H      -3.358576      4.019685     -1.832127
  H      -3.501056      4.245488     -0.062446
  H      -4.961802      4.178597     -1.117894
  H      -2.466493      2.172499      0.716440
  H      -2.439696     -0.289043      0.819376
  N      -4.931171      1.844549     -3.217448
  O      -4.063793      2.569101     -3.617388
  O      -5.827434      1.314910     -3.815577
18
Coordinates from ORCA-job neb_orto_ts_optfreq E -475.731150389099
  C      -3.960600      2.282972     -0.821490
  C      -4.912161      1.475618     -1.639390
  C      -4.853298      0.001176     -1.536140
  C      -4.009837     -0.606227     -0.650364
  C      -3.145683      0.200641      0.138342
  C      -3.133611      1.603301      0.062022
  C      -3.948321      3.762180     -0.930553
  H      -3.977536     -1.694432     -0.559417
  H      -5.518632     -0.569376     -2.190597
  H      -5.942109      1.796520     -1.377737
  H      -3.367288      4.037991     -1.832535
  H      -3.477583      4.231469     -0.055976
  H      -4.956274      4.178659     -1.085785
  H      -2.455527      2.168552      0.706116
  H      -2.452867     -0.292572      0.828438
  N      -4.935623      1.840926     -3.230386
  O      -4.152593      2.659848     -3.621603
  O      -5.763456      1.221985     -3.839896
18
Coordinates from ORCA-job neb_orto_ts_optfreq E -475.731166964112
  C      -3.957760      2.279665     -0.829841
  C      -4.911127      1.468558     -1.646319
  C      -4.854085     -0.005427     -1.534833
  C      -4.016855     -0.607823     -0.641130
  C      -3.147435      0.201103      0.140165
  C      -3.129228      1.602278      0.054769
  C      -3.947134      3.759540     -0.935949
  H      -3.990022     -1.695338     -0.540495
  H      -5.514192     -0.578593     -2.191854
  H      -5.938125      1.790384     -1.371830
  H      -3.364783      4.047677     -1.832432
  H      -3.479020      4.222484     -0.056274
  H      -4.955932      4.175200     -1.086510
  H      -2.446876      2.169981      0.692074
  H      -2.455023     -0.290726      0.831697
  N      -4.935460      1.844719     -3.228934
  O      -4.174022      2.693835     -3.601522
  O      -5.745923      1.221713     -3.857734
18
Coordinates from ORCA-job neb_orto_ts_optfreq E -475.731203468496
  C      -3.955648      2.281026     -0.830647
  C      -4.907215      1.471093     -1.648429
  C      -4.851957     -0.003037     -1.537355
  C      -4.016988     -0.607107     -0.642123
  C      -3.149008      0.200605      0.141102
  C      -3.129817      1.602090      0.055681
  C      -3.943244      3.760901     -0.932932
  H      -3.991097     -1.694765     -0.542431
  H      -5.510750     -0.575344     -2.196680
  H      -5.933969      1.792810     -1.371559
  H      -3.357945      4.050536     -1.827433
  H      -3.477911      4.222022     -0.050847
  H      -4.951017      4.177629     -1.087608
  H      -2.449212      2.168812      0.695751
  H      -2.459080     -0.291323      0.835103
  N      -4.941546      1.842253     -3.232033
  O      -4.193717      2.700171     -3.610862
  O      -5.742880      1.200859     -3.853647
18
Coordinates from ORCA-job neb_orto_ts_optfreq E -475.731217325025
  C      -3.954412      2.280956     -0.832223
  C      -4.904697      1.470897     -1.650271
  C      -4.848473     -0.003386     -1.540351
  C      -4.015766     -0.607677     -0.642907
  C      -3.150932      0.200425      0.143424
  C      -3.131690      1.602017      0.057293
  C      -3.939474      3.760827     -0.934529
  H      -3.989544     -1.695376     -0.543759
  H      -5.505001     -0.575782     -2.201898
  H      -5.930722      1.790067     -1.366315
  H      -3.345621      4.050415     -1.823525
  H      -3.481320      4.221604     -0.048482
  H      -4.944972      4.178998     -1.099296
  H      -2.453024      2.168716      0.699439
  H      -2.462653     -0.290686      0.839631
  N      -4.948899      1.843619     -3.231251
  O      -4.208590      2.707523     -3.611536
  O      -5.747210      1.196073     -3.850395
18
Coordinates from ORCA-job neb_orto_ts_optfreq E -475.731240185674
  C      -3.951226      2.280082     -0.836908
  C      -4.899072      1.468772     -1.655295
  C      -4.838627     -0.005804     -1.548203
  C      -4.011320     -0.609515     -0.645029
  C      -3.154682      0.200368      0.148686
  C      -3.136984      1.602052      0.061535
  C      -3.930312      3.759955     -0.941007
  H      -3.983507     -1.697234     -0.546735
  H      -5.489913     -0.579022     -2.214216
  H      -5.922744      1.779114     -1.350095
  H      -3.309597      4.048135     -1.812000
  H      -3.495733      4.220666     -0.042984
  H      -4.928473      4.181467     -1.137079
  H      -2.464117      2.169427      0.709184
  H      -2.471683     -0.288304      0.851743
  N      -4.968047      1.849082     -3.226835
  O      -4.240740      2.723362     -3.610092
  O      -5.766223      1.196629     -3.841618
18
Coordinates from ORCA-job neb_orto_ts_optfreq E -475.731249392026
  C      -3.950145      2.279449     -0.838810
  C      -4.896678      1.466746     -1.657637
  C      -4.832875     -0.007880     -1.552619
  C      -4.008246     -0.610589     -0.646244
  C      -3.156942      0.200589      0.151809
  C      -3.140377      1.602215      0.064287
  C      -3.926014      3.759122     -0.946076
  H      -3.978488     -1.698331     -0.548786
  H      -5.481552     -0.581629     -2.220729
  H      -5.919073      1.770392     -1.339733
  H      -3.287878      4.043882     -1.805530
  H      -3.506841      4.220957     -0.041207
  H      -4.918901      4.182468     -1.162558
  H      -2.470400      2.170240      0.714391
  H      -2.476007     -0.286926      0.857663
  N      -4.978061      1.853664     -3.222364
  O      -4.254044      2.730577     -3.607140
  O      -5.780477      1.204285     -3.835664
18
Coordinates from ORCA-job neb_orto_ts_optfreq E -475.731253561812
  C      -3.949722      2.279255     -0.839176
  C      -4.895976      1.465540     -1.658366
  C      -4.830741     -0.009058     -1.554269
  C      -4.006836     -0.610840     -0.646760
  C      -3.157071      0.200876      0.152258
  C      -3.141393      1.602385      0.065396
  C      -3.925357      3.758749     -0.948456
  H      -3.976223     -1.698574     -0.549387
  H      -5.479165     -0.582852     -2.222561
  H      -5.918038      1.765682     -1.335406
  H      -3.279736      4.040540     -1.803268
  H      -3.512636      4.221520     -0.041034
  H      -4.915960      4.182531     -1.173494
  H      -2.472619      2.170779      0.716445
  H      -2.477395     -0.286473      0.859444
  N      -4.980867      1.856062     -3.219772
  O      -4.255387      2.731565     -3.605707
  O      -5.787878      1.211542     -3.832836
18
Coordinates from ORCA-job neb_orto_ts_optfreq E -475.731254631245
  C      -3.949924      2.279384     -0.838598
  C      -4.896201      1.465449     -1.658072
  C      -4.830905     -0.009193     -1.554229
  C      -4.006851     -0.610653     -0.646755
  C      -3.157041      0.201039      0.152158
  C      -3.141158      1.602470      0.065515
  C      -3.926200      3.758780     -0.948550
  H      -3.976078     -1.698392     -0.549382
  H      -5.479628     -0.582729     -2.222441
  H      -5.918519      1.765010     -1.335492
  H      -3.280711      4.039000     -1.804012
  H      -3.512899      4.221981     -0.041612
  H      -4.916866      4.182481     -1.173263
  H      -2.472063      2.170878      0.716232
  H      -2.476979     -0.286675      0.858729
  N      -4.979907      1.856409     -3.219181
  O      -4.252599      2.730212     -3.605574
  O      -5.788470      1.213780     -3.832421
