18
XYZ file generated by orca_plot on BaseName=neutral
  C      -3.865167      0.944342     -0.075387
  C      -4.922728      0.268737     -0.702646
  C      -5.030578     -1.117981     -0.597844
  C      -4.083527     -1.842236      0.135530
  C      -3.029811     -1.171996      0.760882
  C      -2.919533      0.218640      0.657227
  C      -3.810734      2.464785     -0.195181
  H      -5.654060      0.843499     -1.274913
  H      -5.856239     -1.638508     -1.090276
  H      -4.168023     -2.929139      0.216988
  H      -2.286111     -1.733281      1.332827
  H      -2.097925      0.749481      1.139115
  O      -4.893782      3.071329      0.447200
  H      -4.930727      2.711045      1.343481
  O      -2.596084      2.902960      0.345207
  H      -2.621165      3.870680      0.295058
  O      -3.952709      2.890803     -1.518041
  H      -3.246086      2.469252     -2.025937
