18
Coordinates from ORCA-job para_p_opt_5 E -475.477832152049
  C      -5.806530      0.939670      0.118780
  C      -6.871220      1.433000     -0.679770
  C      -7.428310      0.652680     -1.651270
  C      -6.920640     -0.646330     -1.829020
  C      -5.873720     -1.176980     -1.063150
  C      -5.324860     -0.381160     -0.098540
  C      -5.197540      1.801130      1.139300
  H      -4.676460      1.228450      1.885010
  H      -5.921380      2.476550      1.616560
  H      -4.466600      2.446850      0.665800
  H      -7.246370      2.443100     -0.514750
  H      -8.236400      1.013330     -2.277240
  H      -5.527110     -2.193530     -1.238900
  H      -4.512100     -0.764470      0.510690
  N      -7.506660     -1.481330     -2.850100
  O      -7.593570     -2.662760     -2.612220
  O      -7.864750     -0.934050     -3.861770
  H     -12.549170     -6.058160     -9.870510
18
Coordinates from ORCA-job para_p_opt_5 E -475.483901505834
  C      -5.801817      0.948342      0.131178
  C      -6.859030      1.428324     -0.670666
  C      -7.418753      0.641769     -1.665897
  C      -6.930878     -0.655622     -1.845968
  C      -5.895898     -1.174206     -1.064475
  C      -5.333819     -0.363512     -0.088777
  C      -5.174320      1.824970      1.167631
  H      -4.651049      1.241847      1.937358
  H      -5.903788      2.493884      1.649415
  H      -4.424139      2.484670      0.695094
  H      -7.236297      2.440453     -0.503805
  H      -8.224938      1.008275     -2.301498
  H      -5.554648     -2.195878     -1.231206
  H      -4.517384     -0.748446      0.527465
  N      -7.525662     -1.500374     -2.883561
  O      -7.551671     -2.705317     -2.684329
  O      -7.950992     -0.943030     -3.883173
  H     -12.568309     -6.090158     -9.895885
18
Coordinates from ORCA-job para_p_opt_5 E -475.485108110614
  C      -5.800716      0.949848      0.130548
  C      -6.847695      1.429525     -0.677367
  C      -7.410149      0.640185     -1.677923
  C      -6.933083     -0.658309     -1.853093
  C      -5.908714     -1.176291     -1.062079
  C      -5.343550     -0.361658     -0.082065
  C      -5.169361      1.830690      1.174938
  H      -4.662404      1.243316      1.956407
  H      -5.905271      2.495755      1.652400
  H      -4.406652      2.486536      0.713335
  H      -7.222582      2.443884     -0.516013
  H      -8.208534      1.011169     -2.321739
  H      -5.574894     -2.202319     -1.219766
  H      -4.531967     -0.750537      0.539213
  N      -7.528115     -1.503925     -2.895632
  O      -7.451296     -2.716914     -2.758373
  O      -8.054738     -0.939357     -3.845335
  H     -12.563667     -6.085608     -9.868556
18
Coordinates from ORCA-job para_p_opt_5 E -475.485847873169
  C      -5.800538      0.950034      0.129635
  C      -6.835602      1.435202     -0.687494
  C      -7.399093      0.645425     -1.690015
  C      -6.930341     -0.656531     -1.858887
  C      -5.915994     -1.178401     -1.058592
  C      -5.352272     -0.364539     -0.074125
  C      -5.170536      1.830893      1.180872
  H      -4.684886      1.238585      1.972290
  H      -5.913520      2.493699      1.650459
  H      -4.395271      2.479129      0.732387
  H      -7.206197      2.452429     -0.534456
  H      -8.189777      1.020024     -2.340418
  H      -5.588146     -2.206981     -1.210289
  H      -4.548766     -0.759896      0.553265
  N      -7.523991     -1.501783     -2.905027
  O      -7.339603     -2.708712     -2.838856
  O      -8.159232     -0.943227     -3.790425
  H     -12.569626     -6.089360     -9.841425
18
Coordinates from ORCA-job para_p_opt_5 E -475.486321641771
  C      -5.802180      0.948113      0.128238
  C      -6.824843      1.441683     -0.699885
  C      -7.386061      0.654546     -1.704524
  C      -6.924103     -0.651664     -1.867708
  C      -5.919343     -1.180015     -1.058356
  C      -5.360647     -0.370542     -0.068780
  C      -5.178749      1.824664      1.186687
  H      -4.712662      1.227045      1.984697
  H      -5.927065      2.487855      1.647182
  H      -4.392654      2.465889      0.750834
  H      -7.190434      2.461633     -0.554285
  H      -8.171566      1.031653     -2.358825
  H      -5.594526     -2.209348     -1.208714
  H      -4.567172     -0.773443      0.565951
  N      -7.517214     -1.496443     -2.915627
  O      -7.243608     -2.687452     -2.913530
  O      -8.244773     -0.955203     -3.737740
  H     -12.565791     -6.082978     -9.786714
18
Coordinates from ORCA-job para_p_opt_5 E -475.486593208091
  C      -5.805107      0.945736      0.127888
  C      -6.816259      1.446200     -0.711315
  C      -7.376893      0.660221     -1.715107
  C      -6.919792     -0.649137     -1.873929
  C      -5.922435     -1.182236     -1.057241
  C      -5.370812     -0.377286     -0.062270
  C      -5.186960      1.818885      1.189669
  H      -4.735963      1.218644      1.993562
  H      -5.935634      2.488635      1.639935
  H      -4.391055      2.451632      0.760767
  H      -7.173950      2.470084     -0.574747
  H      -8.158139      1.038864     -2.373221
  H      -5.598674     -2.211557     -1.208003
  H      -4.587853     -0.786544      0.581092
  N      -7.510427     -1.492346     -2.925021
  O      -7.154376     -2.659465     -2.988858
  O      -8.322981     -0.976540     -3.680024
  H     -12.556081     -6.067799     -9.734280
18
Coordinates from ORCA-job para_p_opt_5 E -475.486723218176
  C      -5.808474      0.942642      0.126166
  C      -6.814251      1.446399     -0.718136
  C      -7.374615      0.661604     -1.722257
  C      -6.920833     -0.649224     -1.879435
  C      -5.927363     -1.184963     -1.059446
  C      -5.378789     -0.382498     -0.061650
  C      -5.191573      1.813511      1.188893
  H      -4.745687      1.212691      1.995064
  H      -5.936880      2.490252      1.634138
  H      -4.390742      2.441182      0.761141
  H      -7.166985      2.472412     -0.584700
  H      -8.154464      1.041115     -2.381556
  H      -5.604215     -2.214312     -1.211423
  H      -4.601502     -0.794782      0.586689
  N      -7.510146     -1.490916     -2.932177
  O      -7.114380     -2.642914     -3.029445
  O      -8.362733     -0.990965     -3.652461
  H     -12.519757     -6.035244     -9.670506
18
Coordinates from ORCA-job para_p_opt_5 E -475.486825607303
  C      -5.811733      0.939801      0.123524
  C      -6.815798      1.444175     -0.722640
  C      -7.376329      0.659333     -1.726525
  C      -6.923760     -0.651949     -1.883050
  C      -5.931629     -1.188282     -1.061798
  C      -5.384149     -0.386239     -0.063156
  C      -5.194290      1.810300      1.185528
  H      -4.749176      1.210367      1.992799
  H      -5.936147      2.492407      1.628273
  H      -4.391359      2.434933      0.756469
  H      -7.166131      2.471156     -0.590072
  H      -8.155841      1.038958     -2.386266
  H      -5.608508     -2.217570     -1.214294
  H      -4.608841     -0.798818      0.587448
  N      -7.512072     -1.492465     -2.936932
  O      -7.099930     -2.637542     -3.049340
  O      -8.381160     -0.998981     -3.641713
  H     -12.476535     -5.993595     -9.609356
18
Coordinates from ORCA-job para_p_opt_5 E -475.486923951796
  C      -5.814614      0.937022      0.120413
  C      -6.818150      1.441740     -0.726224
  C      -7.379053      0.656963     -1.729990
  C      -6.927209     -0.654571     -1.886481
  C      -5.935505     -1.191256     -1.064948
  C      -5.388212     -0.389445     -0.065945
  C      -5.196204      1.807239      1.181805
  H      -4.751440      1.207942      1.989765
  H      -5.935412      2.493126      1.623100
  H      -4.391824      2.429654      0.751687
  H      -7.167125      2.469174     -0.593435
  H      -8.158426      1.036874     -2.389751
  H      -5.612639     -2.220604     -1.217720
  H      -4.613645     -0.801923      0.585656
  N      -7.515221     -1.494271     -2.940981
  O      -7.095633     -2.635998     -3.060890
  O      -8.391894     -1.003677     -3.638463
  H     -12.431184     -5.952000     -9.548697
18
Coordinates from ORCA-job para_p_opt_5 E -475.487023016241
  C      -5.817405      0.934217      0.117194
  C      -6.820835      1.439248     -0.729401
  C      -7.382266      0.654608     -1.733057
  C      -6.931027     -0.657111     -1.889794
  C      -5.939441     -1.194140     -1.068357
  C      -5.391972     -0.392551     -0.069153
  C      -5.197688      1.804095      1.177914
  H      -4.753433      1.205430      1.986658
  H      -5.934004      2.494013      1.617721
  H      -4.391644      2.423986      0.746718
  H      -7.168614      2.467007     -0.595867
  H      -8.161600      1.034933     -2.392638
  H      -5.616928     -2.223582     -1.221415
  H      -4.617732     -0.804718      0.583081
  N      -7.518981     -1.495973     -2.944779
  O      -7.094270     -2.635307     -3.070358
  O      -8.400976     -1.007169     -3.637015
  H     -12.384576     -5.910997     -9.488552
18
Coordinates from ORCA-job para_p_opt_5 E -475.487122474171
  C      -5.820147      0.931304      0.113889
  C      -6.824513      1.436497     -0.731431
  C      -7.386950      0.652085     -1.734938
  C      -6.936121     -0.659688     -1.892622
  C      -5.943902     -1.196999     -1.072184
  C      -5.395406     -0.395537     -0.073119
  C      -5.197863      1.800741      1.173449
  H      -4.754290      1.203096      1.983398
  H      -5.929676      2.496670      1.611255
  H      -4.389281      2.416681      0.740543
  H      -7.171160      2.464356     -0.595635
  H      -8.166466      1.033183     -2.393852
  H      -5.622024     -2.226641     -1.225557
  H      -4.620560     -0.806616      0.579138
  N      -7.524429     -1.497413     -2.947979
  O      -7.098515     -2.636148     -3.076344
  O      -8.407881     -1.007966     -3.638513
  H     -12.334206     -5.871614     -9.430598
18
Coordinates from ORCA-job para_p_opt_5 E -475.487231626847
  C      -5.822283      0.928659      0.110150
  C      -6.826072      1.434684     -0.735466
  C      -7.388605      0.650834     -1.739137
  C      -6.938162     -0.661040     -1.896925
  C      -5.946295     -1.199067     -1.076438
  C      -5.397816     -0.398334     -0.077089
  C      -5.200669      1.797457      1.170493
  H      -4.759366      1.198746      1.980845
  H      -5.933603      2.492517      1.607801
  H      -4.391161      2.412973      0.739129
  H      -7.172602      2.462648     -0.600315
  H      -8.168173      1.032125     -2.397889
  H      -5.624494     -2.228630     -1.230275
  H      -4.623444     -0.810560      0.574960
  N      -7.527024     -1.498768     -2.952004
  O      -7.099873     -2.636778     -3.081855
  O      -8.412419     -1.010577     -3.640604
  H     -12.291328     -5.830898     -9.366480
18
Coordinates from ORCA-job para_p_opt_5 E -475.487234804676
  C      -5.821767      0.928419      0.109868
  C      -6.827639      1.434569     -0.733132
  C      -7.391452      0.651210     -1.736453
  C      -6.940730     -0.660451     -1.895668
  C      -5.947237     -1.198705     -1.077217
  C      -5.396853     -0.398276     -0.078733
  C      -5.197785      1.797064      1.169162
  H      -4.758349      1.198386      1.980544
  H      -5.929007      2.494773      1.605090
  H      -4.386329      2.409455      0.737245
  H      -7.174779      2.462043     -0.596015
  H      -8.171542      1.033182     -2.394138
  H      -5.626035     -2.228401     -1.231333
  H      -4.620692     -0.810193      0.571338
  N      -7.530479     -1.497728     -2.950579
  O      -7.111157     -2.639219     -3.074523
  O      -8.408094     -1.005169     -3.646138
  H     -12.283466     -5.834967     -9.370419
18
Coordinates from ORCA-job para_p_opt_5 E -475.487236101919
  C      -5.821316      0.928256      0.109786
  C      -6.828245      1.434705     -0.731738
  C      -7.392966      0.651812     -1.734884
  C      -6.942341     -0.659775     -1.895033
  C      -5.947968     -1.198367     -1.077813
  C      -5.396410     -0.398346     -0.079748
  C      -5.195987      1.796595      1.168590
  H      -4.758966      1.197724      1.981113
  H      -5.925929      2.496743      1.602705
  H      -4.382400      2.406073      0.736688
  H      -7.175684      2.461942     -0.593684
  H      -8.173484      1.034206     -2.391796
  H      -5.627137     -2.228106     -1.232360
  H      -4.619408     -0.810548      0.569119
  N      -7.532795     -1.496640     -2.949921
  O      -7.116461     -2.639367     -3.072096
  O      -8.407654     -1.002354     -3.647667
  H     -12.278240     -5.838564     -9.372361
18
Coordinates from ORCA-job para_p_opt_5 E -475.487239837194
  C      -5.819692      0.927754      0.109573
  C      -6.829326      1.435600     -0.727754
  C      -7.396844      0.654520     -1.730674
  C      -6.946750     -0.656809     -1.893996
  C      -5.949955     -1.196855     -1.080520
  C      -5.395006     -0.398568     -0.083270
  C      -5.190904      1.794481      1.167751
  H      -4.764422      1.194291      1.984846
  H      -5.916932      2.502889      1.594791
  H      -4.368868      2.393422      0.737506
  H      -7.177541      2.462208     -0.587241
  H      -8.178879      1.038231     -2.384988
  H      -5.630120     -2.226584     -1.237008
  H      -4.615833     -0.812437      0.561871
  N      -7.539996     -1.492310     -2.948576
  O      -7.131192     -2.638028     -3.067041
  O      -8.408784     -0.993758     -3.650582
  H     -12.262346     -5.852057     -9.375788
18
Coordinates from ORCA-job para_p_opt_5 E -475.487242479000
  C      -5.816708      0.927054      0.108933
  C      -6.829650      1.437804     -0.722461
  C      -7.401034      0.660262     -1.725921
  C      -6.951748     -0.650464     -1.894835
  C      -5.951686     -1.193385     -1.087093
  C      -5.391963     -0.398506     -0.090274
  C      -5.184661      1.789761      1.168628
  H      -4.780529      1.185976      1.994401
  H      -5.905439      2.510772      1.582984
  H      -4.346599      2.370539      0.745221
  H      -7.179025      2.463496     -0.578508
  H      -8.186007      1.045882     -2.375593
  H      -5.632658     -2.222637     -1.247920
  H      -4.609775     -0.815911      0.548855
  N      -7.550793     -1.483996     -2.947950
  O      -7.155404     -2.635001     -3.059276
  O      -8.410347     -0.978929     -3.656153
  H     -12.239365     -5.876726     -9.374137
18
Coordinates from ORCA-job para_p_opt_5 E -475.593856791505
  C      -5.817972      0.927379      0.109387
  C      -6.829530      1.436809     -0.724224
  C      -7.399738      0.657774     -1.727774
  C      -6.950260     -0.653170     -1.895189
  C      -5.951277     -1.194747     -1.085414
  C      -5.393463     -0.398284     -0.087925
  C      -5.186979      1.791069      1.169182
  H      -4.776246      1.189115      1.993150
  H      -5.906913      2.511479      1.586069
  H      -4.352358      2.376001      0.743555
  H      -7.177602      2.463050     -0.580579
  H      -8.183681      1.042941     -2.378919
  H      -5.631760     -2.224167     -1.244869
  H      -4.612333     -0.813473      0.554069
  N      -7.547682     -1.486806     -2.948888
  O      -7.145396     -2.635285     -3.065508
  O      -8.413449     -0.983941     -3.652112
  H     -12.246750     -5.869754     -9.375112
18
Coordinates from ORCA-job para_p_opt_5 E -475.593955252876
  C      -5.820738      0.928109      0.110406
  C      -6.830123      1.435468     -0.729092
  C      -7.397172      0.653328     -1.732398
  C      -6.945404     -0.658213     -1.896971
  C      -5.947591     -1.197586     -1.083172
  C      -5.395124     -0.398661     -0.083714
  C      -5.194240      1.792510      1.171077
  H      -4.769014      1.193920      1.990519
  H      -5.913022      2.510963      1.593592
  H      -4.367143      2.387726      0.741238
  H      -7.175329      2.462874     -0.586272
  H      -8.179990      1.036568     -2.386188
  H      -5.625705     -2.226801     -1.241434
  H      -4.616203     -0.808939      0.564342
  N      -7.540166     -1.492461     -2.951145
  O      -7.131321     -2.639069     -3.070005
  O      -8.411603     -0.990398     -3.649651
  H     -12.263501     -5.853348     -9.372234
18
Coordinates from ORCA-job para_p_opt_5 E -475.594459723293
  C      -5.819150      0.937227      0.107845
  C      -6.799592      1.458944     -0.782105
  C      -7.337376      0.678676     -1.793503
  C      -6.868330     -0.635578     -1.946147
  C      -5.884397     -1.185642     -1.107551
  C      -5.374666     -0.398699     -0.085366
  C      -5.268555      1.778207      1.211775
  H      -4.907746      1.137726      2.033332
  H      -6.056308      2.413456      1.648034
  H      -4.434102      2.415707      0.861426
  H      -7.142115      2.491202     -0.678458
  H      -8.123893      1.042880     -2.456515
  H      -5.539748     -2.205553     -1.282136
  H      -4.621459     -0.827379      0.580806
  N      -7.475498     -1.486019     -2.981362
  O      -7.052658     -2.628380     -3.075737
  O      -8.383181     -1.012849     -3.644587
  H     -12.434616     -5.837935     -9.220852
18
Coordinates from ORCA-job para_p_opt_5 E -475.595614224406
  C      -5.830161      0.938926      0.113187
  C      -6.798823      1.462069     -0.807314
  C      -7.319548      0.675324     -1.816221
  C      -6.844402     -0.646448     -1.950624
  C      -5.868907     -1.197947     -1.091518
  C      -5.380492     -0.408493     -0.066079
  C      -5.303652      1.777878      1.215794
  H      -4.900717      1.146287      2.025271
  H      -6.097857      2.395624      1.668033
  H      -4.496531      2.452125      0.855409
  H      -7.129940      2.499063     -0.715978
  H      -8.097127      1.030510     -2.495233
  H      -5.519654     -2.217481     -1.262879
  H      -4.642180     -0.828692      0.621769
  N      -7.438342     -1.500299     -2.992846
  O      -6.934805     -2.602798     -3.142435
  O      -8.410785     -1.063867     -3.583988
  H     -12.509467     -5.775792     -9.185449
18
Coordinates from ORCA-job para_p_opt_5 E -475.597104380768
  C      -5.842619      0.933954      0.119667
  C      -6.816921      1.449507     -0.803201
  C      -7.334203      0.654878     -1.804591
  C      -6.862206     -0.672469     -1.923267
  C      -5.889194     -1.218760     -1.056118
  C      -5.397958     -0.419848     -0.041954
  C      -5.297617      1.787326      1.195438
  H      -4.795485      1.198475      1.978792
  H      -6.067181      2.423942      1.664568
  H      -4.542650      2.489193      0.771409
  H      -7.143298      2.487120     -0.700934
  H      -8.099005      1.010660     -2.496570
  H      -5.549901     -2.243771     -1.212723
  H      -4.659342     -0.819054      0.657392
  N      -7.429162     -1.524370     -2.984332
  O      -6.857139     -2.579312     -3.202658
  O      -8.439099     -1.117708     -3.532332
  H     -12.500411     -5.703772     -9.239684
18
Coordinates from ORCA-job para_p_opt_5 E -475.597856783721
  C      -5.847193      0.926950      0.124113
  C      -6.828484      1.445788     -0.794874
  C      -7.346518      0.652888     -1.792575
  C      -6.882321     -0.680166     -1.899150
  C      -5.914794     -1.233655     -1.027236
  C      -5.412288     -0.434949     -0.023952
  C      -5.281743      1.789409      1.176246
  H      -4.735565      1.226056      1.945871
  H      -6.037890      2.447247      1.638158
  H      -4.550522      2.490839      0.709647
  H      -7.155077      2.482289     -0.685369
  H      -8.098188      1.014301     -2.495561
  H      -5.594103     -2.266526     -1.171315
  H      -4.673170     -0.830129      0.676125
  N      -7.429595     -1.528976     -2.974535
  O      -6.781940     -2.512046     -3.282418
  O      -8.487493     -1.177317     -3.462460
  H     -12.466506     -5.676013     -9.271815
18
Coordinates from ORCA-job para_p_opt_5 E -475.598241847568
  C      -5.842191      0.919987      0.124043
  C      -6.836693      1.443821     -0.772357
  C      -7.368469      0.658208     -1.769750
  C      -6.914464     -0.675101     -1.880107
  C      -5.945293     -1.237135     -1.018082
  C      -5.417665     -0.441750     -0.025420
  C      -5.246965      1.787895      1.159777
  H      -4.713369      1.230064      1.940189
  H      -5.984502      2.486043      1.590192
  H      -4.495753      2.450079      0.671501
  H      -7.167706      2.477389     -0.649854
  H      -8.117892      1.030100     -2.469140
  H      -5.642230     -2.275713     -1.157270
  H      -4.667846     -0.841465      0.659988
  N      -7.459859     -1.515778     -2.960154
  O      -6.783852     -2.461021     -3.317546
  O      -8.537959     -1.189628     -3.420189
  H     -12.380682     -5.710003     -9.316923
18
Coordinates from ORCA-job para_p_opt_5 E -475.598555249651
  C      -5.834392      0.913843      0.123320
  C      -6.838342      1.448514     -0.750999
  C      -7.387644      0.674425     -1.750021
  C      -6.944000     -0.658730     -1.871315
  C      -5.971748     -1.234021     -1.022603
  C      -5.420937     -0.447497     -0.035066
  C      -5.212501      1.779476      1.149967
  H      -4.741945      1.214213      1.964517
  H      -5.923713      2.532310      1.526346
  H      -4.404070      2.369176      0.662793
  H      -7.171469      2.479903     -0.617194
  H      -8.140683      1.058044     -2.439045
  H      -5.683662     -2.276412     -1.163677
  H      -4.662935     -0.859778      0.633437
  N      -7.499496     -1.488156     -2.950393
  O      -6.796546     -2.386871     -3.370673
  O      -8.608592     -1.200005     -3.358801
  H     -12.280715     -5.782445     -9.341691
18
Coordinates from ORCA-job para_p_opt_5 E -475.598811920606
  C      -5.827193      0.911164      0.121473
  C      -6.835413      1.455912     -0.736327
  C      -7.400620      0.692393     -1.737379
  C      -6.964980     -0.640049     -1.873467
  C      -5.988132     -1.226015     -1.038724
  C      -5.422672     -0.448660     -0.050479
  C      -5.187018      1.767914      1.148791
  H      -4.800796      1.193567      2.001619
  H      -5.861939      2.574900      1.472019
  H      -4.312075      2.273656      0.684251
  H      -7.166167      2.486844     -0.593454
  H      -8.161400      1.085702     -2.412423
  H      -5.706671     -2.269090     -1.187517
  H      -4.660350     -0.873088      0.605676
  N      -7.537802     -1.458530     -2.946079
  O      -6.821403     -2.320079     -3.420894
  O      -8.674209     -1.204250     -3.298770
  H     -12.194549     -5.866300     -9.349416
18
Coordinates from ORCA-job para_p_opt_5 E -475.599062401676
  C      -5.820783      0.912838      0.117618
  C      -6.828570      1.465563     -0.730462
  C      -7.406000      0.710203     -1.733055
  C      -6.976837     -0.622019     -1.884335
  C      -5.994384     -1.214668     -1.062703
  C      -5.422247     -0.444937     -0.070284
  C      -5.172787      1.754292      1.155968
  H      -4.882263      1.171426      2.042639
  H      -5.803944      2.609659      1.435886
  H      -4.233032      2.173430      0.735130
  H      -7.152150      2.497993     -0.581812
  H      -8.175882      1.110705     -2.393668
  H      -5.711014     -2.255446     -1.223744
  H      -4.658271     -0.878452      0.578609
  N      -7.571216     -1.431440     -2.946476
  O      -6.852145     -2.264695     -3.468809
  O      -8.730916     -1.207320     -3.240243
  H     -12.130952     -5.951141     -9.341359
18
Coordinates from ORCA-job para_p_opt_5 E -475.599207308265
  C      -5.815839      0.917727      0.112385
  C      -6.821464      1.476378     -0.730509
  C      -7.409717      0.725281     -1.730820
  C      -6.986258     -0.608125     -1.894607
  C      -5.997786     -1.204067     -1.084675
  C      -5.422984     -0.439692     -0.088572
  C      -5.163772      1.740965      1.163787
  H      -4.961828      1.153880      2.074536
  H      -5.745828      2.638595      1.412669
  H      -4.172107      2.078108      0.793027
  H      -7.132258      2.512475     -0.579832
  H      -8.186796      1.131122     -2.379956
  H      -5.708107     -2.241101     -1.259113
  H      -4.657701     -0.877459      0.556523
  N      -7.599835     -1.410432     -2.947431
  O      -6.880310     -2.211047     -3.519337
  O      -8.780718     -1.222326     -3.176957
  H     -12.080080     -6.024292     -9.332220
18
Coordinates from ORCA-job para_p_opt_5 E -475.599226683954
  C      -5.815899      0.920179      0.110459
  C      -6.819987      1.478841     -0.733361
  C      -7.408418      0.726737     -1.732236
  C      -6.985250     -0.607249     -1.897066
  C      -5.996102     -1.202098     -1.088419
  C      -5.423002     -0.437545     -0.091674
  C      -5.166011      1.738242      1.166303
  H      -4.976248      1.148079      2.078268
  H      -5.740242      2.640990      1.415275
  H      -4.167214      2.066056      0.807593
  H      -7.126931      2.516165     -0.583035
  H      -8.185934      1.132509     -2.380979
  H      -5.703813     -2.238111     -1.264924
  H      -4.657816     -0.873557      0.554803
  N      -7.601503     -1.409460     -2.948748
  O      -6.883580     -2.204282     -3.529591
  O      -8.785415     -1.226008     -3.166278
  H     -12.080026     -6.033498     -9.327489
18
Coordinates from ORCA-job para_p_opt_5 E -475.599231257739
  C      -5.816879      0.921265      0.109780
  C      -6.819646      1.479598     -0.735322
  C      -7.406441      0.726585     -1.734012
  C      -6.982957     -0.607719     -1.898112
  C      -5.994197     -1.201630     -1.089207
  C      -5.422628     -0.436546     -0.092210
  C      -5.169003      1.737348      1.167732
  H      -4.979113      1.144936      2.078239
  H      -5.743205      2.639501      1.419219
  H      -4.169577      2.067311      0.813150
  H      -7.125803      2.517134     -0.584950
  H      -8.183224      1.131768     -2.383980
  H      -5.700944     -2.237422     -1.265554
  H      -4.657473     -0.870793      0.555457
  N      -7.599423     -1.410736     -2.949898
  O      -6.883203     -2.205123     -3.532184
  O      -8.783689     -1.226204     -3.165322
  H     -12.085983     -6.033283     -9.323928
18
Coordinates from ORCA-job para_p_opt_5 E -475.599232003908
  C      -5.817264      0.921400      0.109665
  C      -6.819757      1.479648     -0.735533
  C      -7.405842      0.726484     -1.734464
  C      -6.982202     -0.607881     -1.898180
  C      -5.993782     -1.201700     -1.089142
  C      -5.422441     -0.436466     -0.092136
  C      -5.169694      1.737257      1.167938
  H      -4.978631      1.144298      2.077773
  H      -5.744844      2.638651      1.420008
  H      -4.170647      2.068996      0.813955
  H      -7.126254      2.517051     -0.585027
  H      -8.182147      1.131463     -2.385108
  H      -5.700527     -2.237550     -1.265154
  H      -4.657106     -0.870236      0.555607
  N      -7.598544     -1.411177     -2.950164
  O      -6.883218     -2.206293     -3.532017
  O      -8.782710     -1.225418     -3.165945
  H     -12.087779     -6.032536     -9.323177
18
Coordinates from ORCA-job para_p_opt_5 E -475.599232270094
  C      -5.817292      0.921372      0.109605
  C      -6.819783      1.479727     -0.735315
  C      -7.405775      0.726688     -1.734442
  C      -6.982127     -0.607701     -1.898159
  C      -5.993856     -1.201726     -1.089252
  C      -5.422360     -0.436563     -0.092228
  C      -5.169528      1.737136      1.167920
  H      -4.978701      1.144097      2.077731
  H      -5.744892      2.638506      1.419567
  H      -4.170339      2.068925      0.814384
  H      -7.126576      2.517022     -0.584718
  H      -8.181903      1.131653     -2.385297
  H      -5.700732     -2.237626     -1.265174
  H      -4.656880     -0.870365      0.555306
  N      -7.598596     -1.410951     -2.950179
  O      -6.883830     -2.206351     -3.532092
  O      -8.782882     -1.224819     -3.165657
  H     -12.087338     -6.033034     -9.323100
18
Coordinates from ORCA-job para_p_opt_5 E -475.599232382039
  C      -5.817164      0.921332      0.109561
  C      -6.819695      1.479849     -0.735097
  C      -7.405864      0.726992     -1.734307
  C      -6.982289     -0.607411     -1.898228
  C      -5.994016     -1.201651     -1.089532
  C      -5.422341     -0.436632     -0.092456
  C      -5.169200      1.736937      1.167946
  H      -4.979241      1.143916      2.077966
  H      -5.744257      2.638646      1.419057
  H      -4.169629      2.068003      0.814846
  H      -7.126547      2.517117     -0.584441
  H      -8.182029      1.132026     -2.385073
  H      -5.700968     -2.237554     -1.265549
  H      -4.656815     -0.870611      0.554908
  N      -7.599028     -1.410504     -2.950164
  O      -6.884590     -2.205948     -3.532370
  O      -8.783465     -1.224351     -3.165077
  H     -12.086253     -6.034165     -9.323089
