18
Coordinates from ORCA-job para_p_opt_5
  C   -5.81716378032961      0.92133151424606      0.10956141703760
  C   -6.81969515798901      1.47984854927388     -0.73509725217477
  C   -7.40586442541534      0.72699238253383     -1.73430730194413
  C   -6.98228862760070     -0.60741146573086     -1.89822750599895
  C   -5.99401592000692     -1.20165089268099     -1.08953194967425
  C   -5.42234130118785     -0.43663201216215     -0.09245565130235
  C   -5.16919984669373      1.73693722783170      1.16794578739562
  H   -4.97924088099923      1.14391559648811      2.07796588430928
  H   -5.74425709688698      2.63864593343875      1.41905719247567
  H   -4.16962885234449      2.06800272829284      0.81484562869895
  H   -7.12654672625179      2.51711734335794     -0.58444059977078
  H   -8.18202883502008      1.13202615536915     -2.38507289192773
  H   -5.70096802491469     -2.23755427515534     -1.26554930249069
  H   -4.65681510519403     -0.87061125973381      0.55490782804862
  N   -7.59902842759903     -1.41050354458535     -2.95016434505183
  O   -6.88458965736401     -2.20594814321706     -3.53237007743886
  O   -8.78346465602103     -1.22435076614349     -3.16507742660185
  H   -12.08625267818130     -6.03416507142322     -9.32308943358951
