20
Coordinates from ORCA-job opt2 E -515.703080822915
  C      -3.000860      2.281810     -0.013040
  C      -4.381960      2.017470      0.018210
  C      -4.873470      0.708000      0.026710
  C      -3.978150     -0.350800      0.008350
  C      -2.610800     -0.114530     -0.021470
  C      -2.122300      1.198720     -0.034440
  H      -5.101060      2.834330      0.035030
  H      -5.946170      0.541910      0.049340
  H      -1.047630      1.308690     -0.064860
  H      -1.917770     -0.952170     -0.038090
  O      -4.401490     -1.645090      0.016520
  H      -5.372930     -1.656840      0.036200
  N      -2.637400      3.640470     -0.028260
  C      -1.456620      4.317570      0.002200
  H      -3.406410      4.302230     -0.053290
  C      -0.132460      3.615540      0.049740
  H       0.019240      3.034040     -0.866670
  H      -0.060970      2.995370      0.945960
  H       0.669290      4.362920      0.098060
  O      -1.502930      5.552040     -0.011000
20
Coordinates from ORCA-job opt2 E -515.704954878919
  C      -3.009851      2.292949     -0.016330
  C      -4.389403      2.021481      0.017409
  C      -4.873454      0.713468      0.028700
  C      -3.976071     -0.356206      0.008462
  C      -2.605545     -0.104771     -0.025293
  C      -2.124902      1.208079     -0.039510
  H      -5.108140      2.841989      0.035915
  H      -5.950675      0.542872      0.054581
  H      -1.048172      1.334499     -0.071971
  H      -1.907168     -0.939364     -0.043322
  O      -4.389013     -1.664529      0.019077
  H      -5.359839     -1.687281      0.041663
  N      -2.642186      3.654226     -0.031156
  C      -1.449299      4.339117      0.000674
  H      -3.415993      4.315951     -0.056139
  C      -0.134897      3.600663      0.053472
  H       0.010374      2.999772     -0.854687
  H      -0.074988      2.964001      0.946166
  H       0.670137      4.339673      0.103046
  O      -1.483764      5.575092     -0.015556
20
Coordinates from ORCA-job opt2 E -515.705465612402
  C      -3.008962      2.291554     -0.019767
  C      -4.388176      2.020533      0.018939
  C      -4.873481      0.716946      0.032463
  C      -3.983073     -0.364030      0.008915
  C      -2.610300     -0.109121     -0.030930
  C      -2.126793      1.198980     -0.047079
  H      -5.099693      2.848110      0.039989
  H      -5.952239      0.547103      0.062605
  H      -1.051708      1.333645     -0.085045
  H      -1.914506     -0.946612     -0.052520
  O      -4.394245     -1.677349      0.021435
  H      -5.365159     -1.699105      0.047956
  N      -2.637678      3.653324     -0.036306
  C      -1.443436      4.356114     -0.003034
  H      -3.417893      4.307967     -0.062352
  C      -0.128068      3.610737      0.059938
  H       0.024476      2.995383     -0.837535
  H      -0.073110      2.961352      0.945117
  H       0.667906      4.358213      0.114807
  O      -1.486710      5.587936     -0.022395
20
Coordinates from ORCA-job opt2 E -515.705517238686
  C      -3.008775      2.293435     -0.021735
  C      -4.387780      2.021039      0.019965
  C      -4.871842      0.717542      0.034443
  C      -3.982146     -0.363241      0.009407
  C      -2.609623     -0.106631     -0.033378
  C      -2.126391      1.200489     -0.050848
  H      -5.097480      2.849957      0.042418
  H      -5.949845      0.545067      0.066693
  H      -1.051865      1.340932     -0.091527
  H      -1.914531     -0.944813     -0.056473
  O      -4.391130     -1.676134      0.023049
  H      -5.362212     -1.697016      0.051389
  N      -2.636864      3.653321     -0.039251
  C      -1.442710      4.358374     -0.003602
  H      -3.418573      4.305819     -0.067131
  C      -0.130663      3.608281      0.063179
  H       0.022514      2.989977     -0.832001
  H      -0.082976      2.952810      0.943758
  H       0.666399      4.354526      0.123142
  O      -1.486357      5.587946     -0.026297
20
Coordinates from ORCA-job opt2 E -515.705531254734
  C      -3.007081      2.292184     -0.025074
  C      -4.386335      2.020521      0.021497
  C      -4.871396      0.717248      0.037875
  C      -3.983175     -0.363502      0.010197
  C      -2.610722     -0.108277     -0.037655
  C      -2.126018      1.197922     -0.057364
  H      -5.094050      2.850965      0.046292
  H      -5.949000      0.544115      0.073854
  H      -1.052206      1.340270     -0.102936
  H      -1.917533     -0.948008     -0.063286
  O      -4.393047     -1.674847      0.025714
  H      -5.364161     -1.693841      0.057306
  N      -2.634925      3.651087     -0.044742
  C      -1.442390      4.359001     -0.006508
  H      -3.418020      4.301718     -0.075053
  C      -0.130024      3.611759      0.068516
  H       0.030261      2.994907     -0.826326
  H      -0.089452      2.952065      0.945978
  H       0.665718      4.358800      0.137018
  O      -1.489295      5.587593     -0.030105
20
Coordinates from ORCA-job opt2 E -515.705539236117
  C      -3.006357      2.291893     -0.029111
  C      -4.385621      2.020520      0.023512
  C      -4.870881      0.717132      0.042203
  C      -3.982959     -0.363111      0.011023
  C      -2.610668     -0.108650     -0.043223
  C      -2.125720      1.197278     -0.065631
  H      -5.092342      2.851681      0.051460
  H      -5.948102      0.543138      0.082920
  H      -1.052444      1.341455     -0.117453
  H      -1.918626     -0.949217     -0.072182
  O      -4.393274     -1.673585      0.028752
  H      -5.364272     -1.692021      0.064485
  N      -2.634041      3.650250     -0.051096
  C      -1.442434      4.358845     -0.008175
  H      -3.417545      4.300122     -0.085602
  C      -0.130710      3.612610      0.075833
  H       0.036367      2.997832     -0.819271
  H      -0.098436      2.949759      0.951181
  H       0.665258      4.358515      0.152869
  O      -1.490042      5.587233     -0.037295
20
Coordinates from ORCA-job opt2 E -515.705567284590
  C      -3.004456      2.291169     -0.046992
  C      -4.383086      2.021010      0.031682
  C      -4.868671      0.717437      0.060560
  C      -3.981678     -0.361755      0.014797
  C      -2.610328     -0.109623     -0.066594
  C      -2.125324      1.195592     -0.100870
  H      -5.086635      2.854275      0.072781
  H      -5.944425      0.541132      0.121525
  H      -1.054290      1.345214     -0.178512
  H      -1.921979     -0.952617     -0.109136
  O      -4.393150     -1.670236      0.042507
  H      -5.363350     -1.687679      0.095993
  N      -2.631314      3.648220     -0.079558
  C      -1.442323      4.358171     -0.018898
  H      -3.415362      4.296295     -0.130263
  C      -0.134158      3.614274      0.105936
  H       0.065213      3.011001     -0.790622
  H      -0.137513      2.937603      0.971229
  H       0.660744      4.355921      0.222312
  O      -1.490764      5.586277     -0.062679
20
Coordinates from ORCA-job opt2 E -515.705641541511
  C      -2.998479      2.288498     -0.095941
  C      -4.372896      2.023365      0.053922
  C      -4.859599      0.720048      0.110670
  C      -3.977357     -0.358035      0.024792
  C      -2.611051     -0.113314     -0.130922
  C      -2.126246      1.189709     -0.197428
  H      -5.066406      2.862424      0.130896
  H      -5.929847      0.539750      0.227083
  H      -1.064131      1.350999     -0.345305
  H      -1.934236     -0.962893     -0.210242
  O      -4.391903     -1.661704      0.079932
  H      -5.358186     -1.676131      0.182203
  N      -2.622233      3.642121     -0.156976
  C      -1.441377      4.355534     -0.046856
  H      -3.405748      4.285656     -0.252422
  C      -0.148093      3.618773      0.188746
  H       0.141910      3.047921     -0.704954
  H      -0.241875      2.906698      1.019902
  H       0.633325      4.350030      0.410224
  O      -1.488421      5.582231     -0.132124
20
Coordinates from ORCA-job opt2 E -515.705705121544
  C      -2.993170      2.287531     -0.143920
  C      -4.359328      2.028138      0.077359
  C      -4.845461      0.725126      0.160892
  C      -3.969160     -0.352366      0.034400
  C      -2.611725     -0.114813     -0.194575
  C      -2.129893      1.186597     -0.292510
  H      -5.041857      2.872085      0.190075
  H      -5.907676      0.541915      0.332033
  H      -1.080602      1.358114     -0.508668
  H      -1.947400     -0.970014     -0.309769
  O      -4.384918     -1.652344      0.116242
  H      -5.344774     -1.664737      0.266891
  N      -2.612540      3.637455     -0.234556
  C      -1.439901      4.350398     -0.074130
  H      -3.391375      4.277939     -0.376894
  C      -0.172111      3.616953      0.270563
  H       0.209477      3.080831     -0.610789
  H      -0.348494      2.871876      1.058511
  H       0.584181      4.335865      0.594122
  O      -1.476123      5.575130     -0.200078
20
Coordinates from ORCA-job opt2 E -515.705965207618
  C      -2.994224      2.292769     -0.181350
  C      -4.349592      2.035547      0.097484
  C      -4.830214      0.731550      0.201236
  C      -3.955743     -0.344353      0.041939
  C      -2.608320     -0.108194     -0.243727
  C      -2.135546      1.194421     -0.366033
  H      -5.026301      2.879824      0.238879
  H      -5.884229      0.545314      0.415241
  H      -1.098364      1.374018     -0.633081
  H      -1.950550     -0.964217     -0.386069
  O      -4.367259     -1.645028      0.144440
  H      -5.320081     -1.660532      0.333247
  N      -2.609000      3.640712     -0.298423
  C      -1.438979      4.343220     -0.094746
  H      -3.377405      4.283125     -0.482980
  C      -0.203209      3.599383      0.333886
  H       0.247262      3.090223     -0.531146
  H      -0.441785      2.833988      1.085660
  H       0.530762      4.303240      0.732560
  O      -1.450071      5.566669     -0.251819
20
Coordinates from ORCA-job opt2 E -515.706617386878
  C      -3.010921      2.315395     -0.234414
  C      -4.343742      2.053140      0.121059
  C      -4.803164      0.745338      0.254995
  C      -3.923737     -0.326890      0.053254
  C      -2.594793     -0.078978     -0.307059
  C      -2.149572      1.230462     -0.462827
  H      -5.022272      2.888629      0.300160
  H      -5.843374      0.554158      0.527814
  H      -1.128994      1.418549     -0.789099
  H      -1.933039     -0.925804     -0.481376
  O      -4.313572     -1.638236      0.186164
  H      -5.253654     -1.667927      0.428068
  N      -2.616887      3.663779     -0.391362
  C      -1.437671      4.328988     -0.120360
  H      -3.356433      4.319286     -0.638327
  C      -0.267526      3.536002      0.412892
  H       0.266175      3.052596     -0.418998
  H      -0.586995      2.758693      1.121187
  H       0.437159      4.215684      0.898542
  O      -1.379839      5.548814     -0.305115
20
Coordinates from ORCA-job opt2 E -515.706951095702
  C      -3.003397      2.314626     -0.281389
  C      -4.313664      2.062193      0.151565
  C      -4.771200      0.756711      0.310992
  C      -3.910942     -0.321176      0.058395
  C      -2.604435     -0.081071     -0.382450
  C      -2.164519      1.225974     -0.566641
  H      -4.974289      2.901898      0.372010
  H      -5.794567      0.570619      0.644504
  H      -1.169105      1.413161     -0.964730
  H      -1.960595     -0.931811     -0.599713
  O      -4.298485     -1.631342      0.213947
  H      -5.222765     -1.655514      0.511430
  N      -2.600411      3.657649     -0.474037
  C      -1.432937      4.320847     -0.144663
  H      -3.322793      4.309389     -0.775268
  C      -0.316939      3.530031      0.501104
  H       0.307889      3.065177     -0.275669
  H      -0.692967      2.738666      1.163736
  H       0.325391      4.215217      1.060952
  O      -1.342119      5.530435     -0.368876
20
Coordinates from ORCA-job opt2 E -515.706942240872
  C      -3.012792      2.322138     -0.296209
  C      -4.310806      2.061832      0.160334
  C      -4.759324      0.755721      0.328601
  C      -3.909167     -0.325179      0.056650
  C      -2.614299     -0.072109     -0.410280
  C      -2.179580      1.235627     -0.601998
  H      -4.976230      2.893529      0.393851
  H      -5.776341      0.576481      0.684294
  H      -1.189054      1.405571     -1.016525
  H      -1.962512     -0.912592     -0.645219
  O      -4.283179     -1.639991      0.212031
  H      -5.201305     -1.659090      0.531578
  N      -2.605595      3.665737     -0.495966
  C      -1.425924      4.320108     -0.148110
  H      -3.312769      4.321261     -0.821958
  C      -0.330335      3.517383      0.533391
  H       0.294400      3.002323     -0.207838
  H      -0.703372      2.763710      1.236153
  H       0.298877      4.246543      1.055916
  O      -1.303542      5.512675     -0.393495
20
Coordinates from ORCA-job opt2 E -515.707194614834
  C      -3.004333      2.323359     -0.334008
  C      -4.286680      2.072884      0.172315
  C      -4.735154      0.767437      0.359019
  C      -3.894202     -0.312887      0.063778
  C      -2.613644     -0.071918     -0.447108
  C      -2.183687      1.233852     -0.661027
  H      -4.934957      2.910975      0.429898
  H      -5.738554      0.587236      0.750581
  H      -1.207266      1.412131     -1.107499
  H      -1.977076     -0.919838     -0.695681
  O      -4.269572     -1.621708      0.243699
  H      -5.176416     -1.638038      0.593117
  N      -2.590226      3.660729     -0.548722
  C      -1.428977      4.310940     -0.159021
  H      -3.286253      4.312439     -0.905078
  C      -0.373864      3.504241      0.571243
  H       0.322645      3.051291     -0.148092
  H      -0.793008      2.700607      1.188460
  H       0.200195      4.200970      1.190403
  O      -1.291822      5.506978     -0.401079
20
Coordinates from ORCA-job opt2 E -515.707207319156
  C      -3.006624      2.323436     -0.322266
  C      -4.296107      2.069284      0.165251
  C      -4.745034      0.762905      0.346515
  C      -3.898677     -0.315360      0.062347
  C      -2.611316     -0.071960     -0.429369
  C      -2.179193      1.234518     -0.635475
  H      -4.950163      2.906083      0.412519
  H      -5.753535      0.581210      0.724052
  H      -1.194691      1.412824     -1.063189
  H      -1.969097     -0.918463     -0.668014
  O      -4.275601     -1.623799      0.235492
  H      -5.187419     -1.641503      0.571553
  N      -2.595531      3.662925     -0.526262
  C      -1.429950      4.313692     -0.153385
  H      -3.296130      4.314843     -0.873381
  C      -0.357535      3.507965      0.550672
  H       0.317127      3.049394     -0.185945
  H      -0.765641      2.708015      1.179934
  H       0.233934      4.203305      1.154456
  O      -1.301667      5.512367     -0.390305
20
Coordinates from ORCA-job opt2 E -515.707213991435
  C      -3.006717      2.324540     -0.325924
  C      -4.293320      2.070074      0.168573
  C      -4.741394      0.763533      0.351795
  C      -3.897051     -0.314759      0.062612
  C      -2.612249     -0.070972     -0.435674
  C      -2.181207      1.235532     -0.643827
  H      -4.946248      2.906569      0.419672
  H      -5.747796      0.582450      0.735191
  H      -1.198414      1.413004     -1.075952
  H      -1.970474     -0.916768     -0.678048
  O      -4.273300     -1.622869      0.236925
  H      -5.183302     -1.640145      0.578009
  N      -2.594864      3.663679     -0.531872
  C      -1.429262      4.312497     -0.155535
  H      -3.291695      4.314632     -0.888164
  C      -0.363053      3.505967      0.557598
  H       0.318370      3.048451     -0.173254
  H      -0.776558      2.704847      1.181584
  H       0.220913      4.201944      1.167973
  O      -1.295230      5.509472     -0.396484
20
Coordinates from ORCA-job opt2 E -515.707218210754
  C      -3.006867      2.325599     -0.327462
  C      -4.290978      2.070474      0.172673
  C      -4.738477      0.763732      0.356369
  C      -3.895852     -0.314537      0.062218
  C      -2.613118     -0.070041     -0.441237
  C      -2.183060      1.236640     -0.650090
  H      -4.942832      2.906614      0.427672
  H      -5.743100      0.583136      0.744636
  H      -1.201767      1.413643     -1.086002
  H      -1.971517     -0.914852     -0.687510
  O      -4.271725     -1.622460      0.236561
  H      -5.180135     -1.639877      0.581879
  N      -2.594825      3.664693     -0.534410
  C      -1.428032      4.311217     -0.158749
  H      -3.287636      4.313979     -0.901264
  C      -0.367537      3.504957      0.563891
  H       0.318785      3.046295     -0.161458
  H      -0.786620      2.704357      1.184841
  H       0.210553      4.201908      1.178645
  O      -1.288110      5.506203     -0.406002
20
Coordinates from ORCA-job opt2 E -515.707220036960
  C      -3.007070      2.326022     -0.326997
  C      -4.290273      2.070447      0.175059
  C      -4.737581      0.763597      0.358118
  C      -3.895511     -0.314609      0.061599
  C      -2.613523     -0.069611     -0.443630
  C      -2.183882      1.237269     -0.651945
  H      -4.941531      2.906428      0.432115
  H      -5.741583      0.582974      0.747989
  H      -1.203265      1.414527     -1.089354
  H      -1.971991     -0.913897     -0.691865
  O      -4.271236     -1.622648      0.235314
  H      -5.179017     -1.640542      0.582225
  N      -2.595286      3.665342     -0.533479
  C      -1.427130      4.310589     -0.160853
  H      -3.286050      4.313465     -0.906137
  C      -0.369181      3.505064      0.566747
  H       0.318539      3.044405     -0.155962
  H      -0.790865      2.705958      1.187964
  H       0.207475      4.202779      1.181901
  O      -1.283889      5.504122     -0.413611
