18
Coordinates from ORCA-job educts_combinded_optfreq3
  C   -6.16196786031982      0.63456608817732      1.80070023325944
  C   -6.68663240979867      0.95323835159622      0.52241945150008
  C   -6.43720693649871      0.13433192426003     -0.56857118959928
  C   -5.65273248392365     -1.02838495250979     -0.41242745904751
  C   -5.12145358034595     -1.36104899655133      0.85020689849794
  C   -5.37211140807765     -0.54315939541428      1.93905485374930
  C   -6.41875943958409      1.50394195272794      2.98496331682346
  H   -5.46854083243818      1.91188530568113      3.37779338428848
  H   -6.85508833985482      0.91748342841729      3.81366562772367
  H   -7.08767204005009      2.34360498303608      2.75346819334671
  H   -7.29248887323711      1.85490186109546      0.40645095628016
  H   -6.84669516712151      0.38458861291414     -1.54966993355801
  H   -5.45720456424413     -1.67233900292957     -1.27341556636919
  H   -4.51624111614581     -2.26280300524188      0.96580553706305
  H   -4.96551131607386     -0.79633868957753      2.92139255657198
  N   -8.62528405824465     -0.88389905300117    -13.51212481752855
  O   -8.33027882321737     -0.94643480462231    -12.39466074174088
  O   -8.70463075082231     -0.30098460805779    -14.50810130126064
