67
Coordinates from ORCA-job opt
  C   -0.79813358115136      1.54868890309047     -0.65429195443343
  C   -1.98439877304807      0.73116792393456     -1.16429931783726
  C   -1.44922949427715     -0.58121390854549     -1.76880402048641
  H   -2.53656314336436      1.30475700242581     -1.92053933021736
  H   -2.65897164532863      0.47381023153551     -0.33986432905312
  C   -0.62709180015740     -1.32332897371509     -0.72811411750994
  C   0.48849739988391     -0.41655347005145     -0.24022278920745
  O   -0.07260315049367      0.76584032278754      0.38642166998284
  C   -1.14739901705953      2.83889998106385      0.05582387800966
  H   -0.09840991466296      1.75438113131190     -1.45899110152106
  O   0.15513932758554      3.49884596594550      0.31923682839869
  H   -1.65779231634139      2.60816564212510      0.99661659472360
  H   -1.79025890238717      3.46146339097774     -0.57920090689532
  H   -0.00086282222095      4.37143194588363      0.75916422705547
  O   -2.53572470873581     -1.51892626407117     -2.10229284335894
  H   -0.79579698184762     -0.38204284707513     -2.62369804764823
  H   -3.02103276820772     -1.14452787571741     -2.88261162822280
  N   -0.06095950361450     -2.54292962361061     -1.34860181031770
  H   -1.29522431861271     -1.51568972141579      0.12674698811125
  H   -0.83015075077582     -3.09106393469252     -1.74315606929517
  H   0.45116321217497     -3.08919743454826     -0.65002016375858
  O   1.26363077194198     -0.04319397689099     -1.41972093518202
  H   1.13276074026505     -0.89901993975474      0.49252585166754
  C   2.78099613476694      1.87363280087920     -1.72939380107527
  C   3.18808309993640      1.69030319146614     -3.18262730009354
  C   4.39074626038199      0.78747249665337     -3.25356009659215
  O   3.99550735286718     -0.54538240793583     -2.79402550783737
  C   3.65341468871946     -0.50614479283888     -1.35863918274391
  C   2.55971275889977      0.52575103427401     -1.01693494392404
  C   3.16493637240181     -1.92569499906670     -1.12294432705293
  H   4.54283309711258     -0.29817492298860     -0.74616685806540
  H   2.57445934264364      0.68603908023152      0.06814770370077
  O   2.92634763520705     -2.03810406274401      0.33778444431950
  H   3.94596488348780     -2.61779435440664     -1.45935295873813
  H   2.24076969501162     -2.06761722429728     -1.68180581959329
  H   2.77068022669095     -2.99609991760417      0.54145790872130
  N   3.57205629366471      3.01711745517880     -3.71200058980632
  H   2.35316808015597      1.19353680957377     -3.69555109284629
  H   2.79780389438088      3.66140668876137     -3.53279743907369
  H   3.75887333991058      2.93384899596172     -4.71323056843652
  O   4.78380637333858      0.73575623521365     -4.62675073669882
  H   5.19005767482626      1.17953713102746     -2.60645533791372
  C   6.13092483313725      0.17452313643379     -4.87620375190894
  C   6.35121328960808     -1.20076833014483     -4.26566219853208
  C   7.79824337430378     -1.65642886109085     -4.47114386215320
  C   7.19225060282819      1.17562107497149     -4.39835663267293
  H   6.16543417839735      0.06728625659586     -5.96440153556152
  C   7.06731959144784      2.49526062534061     -5.12984440298789
  O   8.53743804755067      0.65408441303216     -4.67314679610015
  H   7.06888062345880      1.36981361133093     -3.32503499278681
  O   8.02827992179487      3.40009218616355     -4.49184722656438
  H   6.03336368612470      2.83420859587301     -5.01159125321760
  H   7.28560764555824      2.31931793101029     -6.19167015018432
  H   7.98320516013058      4.26643829123846     -4.97227679152870
  N   8.09449130289184     -2.96793534687727     -3.84388537461501
  H   7.61853616624775     -3.73233968321029     -4.32566258097479
  H   7.85317369190139     -2.96608338503670     -2.84850719972872
  O   1.59532302019564      2.72224350424484     -1.81467015089896
  H   3.60347720056125      2.39952091797107     -1.22071088416212
  H   1.31048510356139      3.05890933114124     -0.90916924225520
  C   8.75081332082967     -0.59698484643084     -3.92686094221340
  H   7.96836269245296     -1.74516227707581     -5.54785299277097
  H   9.78720011749943     -0.89583224994772     -4.08508382697352
  H   8.56638159130780     -0.44471911461957     -2.85066257110271
  O   5.43266754301149     -2.10001576535843     -4.97295727799522
  H   6.13119024951096     -1.16331288443679     -3.19330710193822
  H   5.40312198171915     -2.94095083945004     -4.44749042942697
