67
Coordinates from ORCA-job opt E -1682.758067759577
  C      -1.378420      1.744820     -0.674310
  C      -2.559210      0.767610     -0.903930
  C      -2.070610     -0.626330     -1.348300
  H      -3.229330      1.176670     -1.663810
  H      -3.134120      0.670310      0.021180
  C      -1.030170     -1.154810     -0.340270
  C       0.129180     -0.151100     -0.119510
  O      -0.429140      1.142230      0.252660
  C      -1.922400      3.066690     -0.070710
  H      -0.869320      1.943780     -1.622330
  O      -0.919590      4.086260      0.015100
  H      -2.319330      2.871620      0.929410
  H      -2.737450      3.436680     -0.698710
  H      -1.338250      4.912360      0.341640
  O      -3.181240     -1.541820     -1.377890
  H      -1.614410     -0.555960     -2.340390
  H      -3.849370     -1.251590     -2.025770
  N      -0.527310     -2.470190     -0.769350
  H      -1.531800     -1.290000      0.622310
  H      -1.307080     -3.119580     -0.851580
  H       0.115500     -2.843690     -0.074360
  O       1.016380     -0.075460     -1.283110
  H       0.719020     -0.505080      0.738990
  C       2.885120      1.621280     -1.287550
  C       3.553940      1.706460     -2.703060
  C       4.635460      0.608230     -2.979270
  O       3.926320     -0.665700     -2.846830
  C       3.353010     -1.030450     -1.536790
  C       2.429460      0.134860     -0.959760
  C       2.698300     -2.477550     -1.696480
  H       4.203960     -1.133610     -0.858250
  H       2.522780      0.045330      0.125450
  O       2.669930     -3.352790     -0.510950
  H       3.276420     -3.005720     -2.459680
  H       1.688840     -2.370760     -2.097620
  H       2.383540     -4.322800     -0.666550
  N       4.157290      3.038830     -2.879320
  H       2.765130      1.588390     -3.451940
  H       3.433850      3.748610     -2.780950
  H       4.527330      3.113590     -3.824850
  O       5.191170      0.815970     -4.354030
  H       5.456070      0.655170     -2.247540
  C       6.494890      0.303480     -4.890890
  C       6.848760     -1.151630     -4.279740
  C       8.319940     -1.507630     -4.581980
  C       7.678440      1.438050     -4.844930
  H       6.317650      0.134290     -5.956280
  C       7.722130      2.673220     -5.904620
  O       8.956740      0.778270     -5.033710
  H       7.684590      1.866070     -3.838810
  O       8.940250      3.579590     -5.879080
  H       6.834030      3.288820     -5.738860
  H       7.641630      2.250390     -6.909480
  H       9.133690      4.364810     -6.555400
  N       8.713900     -2.730670     -3.858690
  H       8.121720     -3.506950     -4.145380
  H       8.582820     -2.603160     -2.857530
  O       1.779140      2.609790     -1.203110
  H       3.643310      1.895610     -0.549190
  H       1.786220      3.370960     -0.526390
  C       9.246830     -0.347790     -4.179320
  H       8.431660     -1.684460     -5.655870
  H      10.289700     -0.635570     -4.339820
  H       9.105340     -0.067360     -3.131450
  O       6.016740     -2.296210     -4.750530
  H       6.746270     -1.086210     -3.193800
  H       6.252350     -3.260530     -4.466870
67
Coordinates from ORCA-job opt E -1682.827195241003
  C      -1.265757      1.721222     -0.668924
  C      -2.455212      0.759035     -0.904590
  C      -1.969833     -0.626790     -1.373023
  H      -3.128400      1.183664     -1.656482
  H      -3.026019      0.648196      0.022582
  C      -0.933731     -1.174617     -0.388777
  C       0.211467     -0.176512     -0.155249
  O      -0.317512      1.108556      0.249723
  C      -1.769899      3.032214     -0.042542
  H      -0.761855      1.928697     -1.618290
  O      -0.711684      4.014140      0.032148
  H      -2.158588      2.824100      0.960848
  H      -2.588586      3.425498     -0.656488
  H      -1.090275      4.855330      0.377601
  O      -3.074695     -1.560907     -1.409986
  H      -1.512828     -0.534774     -2.364552
  H      -3.749005     -1.259709     -2.055737
  N      -0.424121     -2.478537     -0.864622
  H      -1.430280     -1.328619      0.577315
  H      -1.206672     -3.127195     -0.961757
  H       0.234046     -2.873322     -0.190068
  O       1.051551     -0.089056     -1.333326
  H       0.815728     -0.538948      0.688378
  C       2.885563      1.605019     -1.358928
  C       3.521660      1.709249     -2.769441
  C       4.594825      0.629548     -3.048385
  O       3.910761     -0.652586     -2.933365
  C       3.369899     -1.002847     -1.612024
  C       2.455577      0.131711     -1.023577
  C       2.699023     -2.416721     -1.754964
  H       4.233816     -1.102721     -0.943544
  H       2.565251      0.039486      0.063577
  O       2.702363     -3.232486     -0.533212
  H       3.258649     -2.954338     -2.528389
  H       1.680670     -2.296523     -2.131730
  H       2.403511     -4.183848     -0.674828
  N       4.108028      3.054538     -2.939841
  H       2.725342      1.576153     -3.511337
  H       3.371522      3.753001     -2.826121
  H       4.470902      3.137928     -3.890467
  O       5.111809      0.848632     -4.406872
  H       5.421144      0.683345     -2.322934
  C       6.412656      0.315846     -4.879289
  C       6.739573     -1.105341     -4.234171
  C       8.220273     -1.484938     -4.460944
  C       7.581998      1.426140     -4.791899
  H       6.270540      0.128163     -5.948479
  C       7.621529      2.605297     -5.868040
  O       8.878180      0.781183     -4.929043
  H       7.546560      1.873615     -3.791380
  O       8.826649      3.482475     -5.777886
  H       6.717738      3.211146     -5.744666
  H       7.578717      2.154232     -6.864943
  H       9.000229      4.224838     -6.465203
  N       8.586093     -2.702808     -3.702112
  H       8.011101     -3.489820     -4.001488
  H       8.415324     -2.559876     -2.704643
  O       1.765380      2.554992     -1.264934
  H       3.654493      1.887593     -0.631750
  H       1.793438      3.291294     -0.582216
  C       9.129734     -0.327684     -4.035192
  H       8.378792     -1.677121     -5.525318
  H      10.177336     -0.617934     -4.143952
  H       8.939023     -0.033363     -2.995312
  O       5.894780     -2.207874     -4.735645
  H       6.594181     -1.019028     -3.151672
  H       6.115716     -3.143295     -4.418363
67
Coordinates from ORCA-job opt E -1682.876852538316
  C      -1.128350      1.701598     -0.673180
  C      -2.343136      0.775653     -0.913600
  C      -1.884345     -0.613239     -1.396097
  H      -3.007301      1.223965     -1.662050
  H      -2.915826      0.666988      0.013629
  C      -0.865615     -1.195747     -0.429184
  C       0.283888     -0.221508     -0.184732
  O      -0.196276      1.065520      0.245508
  C      -1.563837      3.016144     -0.033379
  H      -0.621595      1.902144     -1.622169
  O      -0.428429      3.926872      0.022716
  H      -1.950091      2.812744      0.973160
  H      -2.372783      3.452259     -0.634210
  H      -0.744529      4.791167      0.381281
  O      -3.000977     -1.545062     -1.440911
  H      -1.420556     -0.513405     -2.384714
  H      -3.670342     -1.221967     -2.088209
  N      -0.373647     -2.495571     -0.943764
  H      -1.362262     -1.356008      0.538647
  H      -1.171485     -3.126305     -1.053175
  H       0.289031     -2.916400     -0.286357
  O       1.085755     -0.127357     -1.376973
  H       0.894568     -0.597146      0.647490
  C       2.875492      1.570241     -1.429003
  C       3.473973      1.697901     -2.836223
  C       4.550086      0.647671     -3.122281
  O       3.905635     -0.651476     -3.021834
  C       3.401391     -0.994077     -1.686959
  C       2.485619      0.104332     -1.084781
  C       2.735462     -2.385213     -1.816881
  H       4.278183     -1.081099     -1.028931
  H       2.614531      0.010814      0.002467
  O       2.780341     -3.141583     -0.561372
  H       3.284909     -2.924816     -2.598786
  H       1.708678     -2.267735     -2.169273
  H       2.482062     -4.083559     -0.691382
  N       4.029737      3.059995     -3.001513
  H       2.670407      1.540787     -3.568094
  H       3.274107      3.737131     -2.870072
  H       4.380812      3.155217     -3.957083
  O       5.028479      0.875884     -4.467669
  H       5.381957      0.718084     -2.403207
  C       6.332515      0.327500     -4.869542
  C       6.637956     -1.055126     -4.190921
  C       8.124008     -1.446217     -4.331797
  C       7.471773      1.422564     -4.735518
  H       6.233249      0.117515     -5.940721
  C       7.499842      2.540905     -5.826655
  O       8.791522      0.805979     -4.812954
  H       7.385053      1.889416     -3.744407
  O       8.677588      3.404903     -5.666637
  H       6.573700      3.124014     -5.750951
  H       7.503636      2.059750     -6.812503
  H       8.825758      4.106822     -6.369398
  N       8.454584     -2.656559     -3.536703
  H       7.901930     -3.455893     -3.853264
  H       8.233677     -2.498163     -2.548646
  O       1.728038      2.471351     -1.320584
  H       3.654698      1.869641     -0.716643
  H       1.767442      3.186043     -0.630305
  C       9.003699     -0.283280     -3.878362
  H       8.338558     -1.653511     -5.382927
  H      10.056832     -0.566562     -3.926349
  H       8.753498      0.024382     -2.852353
  O       5.796620     -2.123223     -4.730279
  H       6.445122     -0.950168     -3.115124
  H       6.013171     -3.029984     -4.374044
67
Coordinates from ORCA-job opt E -1682.906980089357
  C      -0.994217      1.687316     -0.675912
  C      -2.235354      0.809258     -0.945174
  C      -1.805997     -0.583909     -1.440221
  H      -2.872351      1.289687     -1.698999
  H      -2.826110      0.702283     -0.028210
  C      -0.824875     -1.214266     -0.475424
  C       0.334392     -0.273734     -0.199438
  O      -0.099934      1.015731      0.257251
  C      -1.359610      3.005962     -0.021587
  H      -0.464843      1.881052     -1.612113
  O      -0.148179      3.830779      0.042650
  H      -1.761453      2.805420      0.979939
  H      -2.140475      3.497284     -0.618855
  H      -0.400610      4.712237      0.415592
  O      -2.940477     -1.503512     -1.515668
  H      -1.315846     -0.478177     -2.416014
  H      -3.588555     -1.150966     -2.174470
  N      -0.348364     -2.506475     -1.028626
  H      -1.339503     -1.379477      0.484448
  H      -1.161327     -3.113360     -1.167713
  H       0.305382     -2.957041     -0.380064
  O       1.115410     -0.170592     -1.400898
  H       0.939336     -0.668679      0.627455
  C       2.857464      1.546526     -1.486004
  C       3.422568      1.678798     -2.892081
  C       4.507860      0.657175     -3.170960
  O       3.906570     -0.660749     -3.070629
  C       3.434617     -0.982535     -1.718901
  C       2.510499      0.085886     -1.116698
  C       2.773380     -2.356292     -1.826747
  H       4.319210     -1.049377     -1.065757
  H       2.651379      0.001503     -0.028653
  O       2.845566     -3.038000     -0.529842
  H       3.318130     -2.908241     -2.605319
  H       1.740520     -2.242831     -2.160970
  H       2.545706     -3.976608     -0.637591
  N       3.947844      3.054327     -3.065961
  H       2.614679      1.482814     -3.611868
  H       3.173524      3.710048     -2.925688
  H       4.290413      3.150761     -4.025598
  O       4.957460      0.877184     -4.512713
  H       5.341029      0.757096     -2.455616
  C       6.269095      0.316450     -4.860482
  C       6.573091     -1.033257     -4.165961
  C       8.063681     -1.413553     -4.241136
  C       7.360879      1.410627     -4.676917
  H       6.205784      0.091252     -5.932272
  C       7.352107      2.481834     -5.772120
  O       8.709262      0.843135     -4.714132
  H       7.221300      1.883912     -3.693040
  O       8.485634      3.366083     -5.552490
  H       6.394615      3.019251     -5.727265
  H       7.403113      1.981135     -6.748935
  H       8.589172      4.041194     -6.271935
  N       8.381000     -2.620786     -3.429559
  H       7.862011     -3.436175     -3.766749
  H       8.117930     -2.462629     -2.449782
  O       1.677218      2.397094     -1.386606
  H       3.641087      1.876594     -0.789557
  H       1.708790      3.103781     -0.696052
  C       8.901380     -0.237046     -3.756898
  H       8.326832     -1.619335     -5.281280
  H       9.960915     -0.497091     -3.757556
  H       8.597278      0.067012     -2.742369
  O       5.742775     -2.072944     -4.753010
  H       6.343328     -0.926363     -3.096364
  H       5.965054     -2.958541     -4.368627
67
Coordinates from ORCA-job opt E -1682.922290893979
  C      -0.927668      1.673619     -0.641215
  C      -2.168134      0.820057     -0.965725
  C      -1.734751     -0.558032     -1.495286
  H      -2.781431      1.332520     -1.719073
  H      -2.780434      0.681799     -0.066463
  C      -0.785952     -1.230936     -0.532003
  C       0.370950     -0.309266     -0.205440
  O      -0.061479      0.965008      0.300516
  C      -1.280728      2.972647      0.055596
  H      -0.369327      1.892245     -1.551080
  O      -0.044255      3.767806      0.177729
  H      -1.705186      2.735519      1.039472
  H      -2.040082      3.502714     -0.536797
  H      -0.286187      4.638024      0.585780
  O      -2.867948     -1.482468     -1.624006
  H      -1.210923     -0.426761     -2.450285
  H      -3.493896     -1.105241     -2.293827
  N      -0.293192     -2.494375     -1.137139
  H      -1.325745     -1.419334      0.410981
  H      -1.104474     -3.091739     -1.322830
  H       0.355490     -2.967217     -0.498834
  O       1.143849     -0.175789     -1.414371
  H       0.973447     -0.727714      0.611227
  C       2.854881      1.580248     -1.551861
  C       3.397989      1.679135     -2.961479
  C       4.489955      0.671276     -3.208968
  O       3.919592     -0.658074     -3.082219
  C       3.469337     -0.930938     -1.710459
  C       2.533756      0.129215     -1.128818
  C       2.799695     -2.292323     -1.779827
  H       4.354004     -0.974566     -1.054364
  H       2.675127      0.070008     -0.038725
  O       2.861219     -2.877570     -0.431723
  H       3.345933     -2.880071     -2.531456
  H       1.767108     -2.175514     -2.110859
  H       2.549082     -3.814603     -0.499004
  N       3.912869      3.055238     -3.167907
  H       2.587608      1.434150     -3.664469
  H       3.130340      3.703509     -3.034334
  H       4.254553      3.130543     -4.130157
  O       4.926462      0.855950     -4.556799
  H       5.319931      0.808981     -2.495094
  C       6.243497      0.274507     -4.865804
  C       6.541943     -1.057073     -4.169026
  C       8.034165     -1.424668     -4.202136
  C       7.291763      1.371158     -4.624335
  H       6.208347      0.045730     -5.938153
  C       7.244341      2.426382     -5.712040
  O       8.662651      0.849329     -4.640804
  H       7.101122      1.833604     -3.643304
  O       8.327160      3.356187     -5.442590
  H       6.255203      2.906266     -5.681025
  H       7.342012      1.925532     -6.686357
  H       8.379723      4.021142     -6.172808
  N       8.345124     -2.637677     -3.393947
  H       7.859792     -3.463727     -3.756853
  H       8.051684     -2.493546     -2.419680
  O       1.652990      2.395403     -1.501660
  H       3.636815      1.951206     -0.872939
  H       1.654890      3.108520     -0.819202
  C       8.838140     -0.241027     -3.683680
  H       8.333370     -1.614673     -5.235637
  H       9.901549     -0.480888     -3.652817
  H       8.493144      0.045014     -2.675812
  O       5.721550     -2.069679     -4.812728
  H       6.283304     -0.962127     -3.104268
  H       5.942526     -2.946632     -4.411536
67
Coordinates from ORCA-job opt E -1682.927013354566
  C      -0.794247      1.654022     -0.707702
  C      -2.084831      0.873738     -0.997759
  C      -1.731039     -0.542579     -1.480841
  H      -2.664640      1.396115     -1.770850
  H      -2.701696      0.800173     -0.093706
  C      -0.820176     -1.242580     -0.499937
  C       0.390455     -0.374325     -0.207217
  O       0.024396      0.930189      0.275553
  C      -1.038311      3.001699     -0.062126
  H      -0.216577      1.795873     -1.618139
  O       0.271221      3.685657      0.017129
  H      -1.469581      2.836049      0.933092
  H      -1.754584      3.570872     -0.671758
  H       0.114045      4.587992      0.396068
  O      -2.912878     -1.414485     -1.574682
  H      -1.194670     -0.477609     -2.435216
  H      -3.514002     -1.027697     -2.263211
  N      -0.398576     -2.539587     -1.085586
  H      -1.366720     -1.367003      0.449913
  H      -1.241866     -3.095603     -1.257416
  H       0.234135     -3.026449     -0.442831
  O       1.147380     -0.263841     -1.430570
  H       0.993059     -0.798497      0.605664
  C       2.807219      1.541785     -1.579900
  C       3.333640      1.640677     -2.994583
  C       4.453718      0.664484     -3.227249
  O       3.933668     -0.686861     -3.093794
  C       3.498970     -0.951234     -1.712450
  C       2.529767      0.087606     -1.136681
  C       2.856167     -2.324737     -1.780852
  H       4.377805     -0.969563     -1.048033
  H       2.665221      0.042999     -0.045862
  O       2.884838     -2.854200     -0.402183
  H       3.434108     -2.919456     -2.501958
  H       1.829037     -2.225979     -2.128182
  H       2.588865     -3.798309     -0.452753
  N       3.822556      3.025214     -3.207056
  H       2.526084      1.352075     -3.684024
  H       3.027364      3.657372     -3.069977
  H       4.164732      3.102952     -4.168656
  O       4.885367      0.846697     -4.578575
  H       5.275450      0.838441     -2.511016
  C       6.218597      0.277521     -4.861611
  C       6.518896     -1.051982     -4.177819
  C       8.016905     -1.388861     -4.183432
  C       7.221748      1.391004     -4.546228
  H       6.214440      0.065811     -5.937065
  C       7.144250      2.470339     -5.606858
  O       8.611753      0.918352     -4.551005
  H       6.978155      1.818117     -3.561602
  O       8.166092      3.455286     -5.274840
  H       6.127026      2.886318     -5.584682
  H       7.297620      1.999631     -6.588883
  H       8.178029      4.132786     -5.996777
  N       8.338028     -2.613252     -3.397235
  H       7.894526     -3.446659     -3.794693
  H       8.019243     -2.501172     -2.426760
  O       1.573110      2.310276     -1.548752
  H       3.578493      1.947376     -0.909194
  H       1.532151      3.000174     -0.840615
  C       8.782518     -0.200013     -3.618925
  H       8.346142     -1.545403     -5.213683
  H       9.850072     -0.415613     -3.567232
  H       8.403680      0.049835     -2.613194
  O       5.726534     -2.051161     -4.884385
  H       6.229360     -0.985991     -3.118809
  H       5.945949     -2.928863     -4.480551
67
Coordinates from ORCA-job opt E -1682.935248920567
  C      -0.858909      1.626503     -0.611694
  C      -2.115803      0.806888     -0.914911
  C      -1.708443     -0.561714     -1.479907
  H      -2.734720      1.344298     -1.646369
  H      -2.705716      0.648689     -0.003530
  C      -0.751944     -1.270340     -0.548850
  C       0.438301     -0.371904     -0.245934
  O       0.021776      0.889203      0.321750
  C      -1.154528      2.919922      0.124010
  H      -0.303988      1.843886     -1.517664
  O       0.121260      3.667280      0.233192
  H      -1.553607      2.665316      1.113244
  H      -1.909832      3.490654     -0.434316
  H      -0.074816      4.529888      0.679650
  O      -2.851494     -1.487159     -1.589022
  H      -1.187553     -0.434130     -2.435898
  H      -3.478869     -1.098156     -2.253508
  N      -0.289507     -2.513204     -1.213131
  H      -1.277285     -1.448829      0.404071
  H      -1.111707     -3.094660     -1.400793
  H       0.382688     -2.997803     -0.611622
  O       1.165711     -0.181345     -1.485840
  H       1.082116     -0.814313      0.523422
  C       2.836941      1.650803     -1.690769
  C       3.361059      1.695873     -3.110147
  C       4.475633      0.708045     -3.301517
  O       3.954711     -0.640553     -3.131492
  C       3.521394     -0.845756     -1.737289
  C       2.546802      0.213614     -1.191890
  C       2.859976     -2.212810     -1.769972
  H       4.390894     -0.851222     -1.061762
  H       2.674635      0.194950     -0.100778
  O       2.828191     -2.649286     -0.352180
  H       3.450968     -2.852699     -2.438328
  H       1.843504     -2.107078     -2.140277
  H       2.514341     -3.590314     -0.359793
  N       3.876534      3.064242     -3.356688
  H       2.549775      1.378611     -3.781679
  H       3.092832      3.713353     -3.234194
  H       4.227009      3.110881     -4.316680
  O       4.916652      0.841049     -4.657692
  H       5.291404      0.903895     -2.583583
  C       6.247107      0.231539     -4.891028
  C       6.491874     -1.089600     -4.181260
  C       7.981173     -1.453151     -4.143468
  C       7.246420      1.332285     -4.525935
  H       6.272914      0.009600     -5.962761
  C       7.190986      2.413275     -5.587133
  O       8.634560      0.853380     -4.498006
  H       6.961319      1.758245     -3.553246
  O       8.184766      3.418262     -5.210627
  H       6.165871      2.806507     -5.593856
  H       7.389729      1.944872     -6.561598
  H       8.192107      4.089120     -5.940489
  N       8.261641     -2.677921     -3.344377
  H       7.831021     -3.511282     -3.754668
  H       7.918684     -2.558999     -2.383570
  O       1.610572      2.424242     -1.720127
  H       3.606466      2.079202     -1.033364
  H       1.541940      3.111896     -1.005749
  C       8.752836     -0.274667     -3.562751
  H       8.337636     -1.617598     -5.163745
  H       9.814564     -0.507830     -3.480112
  H       8.347190     -0.018369     -2.569052
  O       5.697612     -2.067069     -4.925700
  H       6.167003     -1.011597     -3.133979
  H       5.875812     -2.942969     -4.493776
67
Coordinates from ORCA-job opt E -1682.940827919599
  C      -0.816281      1.620251     -0.575850
  C      -2.092941      0.843619     -0.908445
  C      -1.714107     -0.517659     -1.510932
  H      -2.691485      1.417011     -1.629296
  H      -2.692121      0.673675     -0.005821
  C      -0.783559     -1.277217     -0.589432
  C       0.422912     -0.416326     -0.258877
  O       0.028436      0.833377      0.350571
  C      -1.077351      2.907842      0.184641
  H      -0.239640      1.835436     -1.470546
  O       0.219374      3.611493      0.319003
  H      -1.490595      2.647021      1.166104
  H      -1.807239      3.515765     -0.367594
  H       0.049976      4.468652      0.786070
  O      -2.879041     -1.409373     -1.656106
  H      -1.179213     -0.378620     -2.457545
  H      -3.486833     -0.991701     -2.320775
  N      -0.342887     -2.510005     -1.286455
  H      -1.320799     -1.463120      0.354724
  H      -1.172894     -3.069859     -1.499972
  H       0.316316     -3.025129     -0.697271
  O       1.142718     -0.192574     -1.495691
  H       1.063375     -0.900993      0.485911
  C       2.785499      1.655758     -1.733027
  C       3.316674      1.661056     -3.153808
  C       4.451487      0.683036     -3.302595
  O       3.943122     -0.666674     -3.091523
  C       3.501933     -0.835330     -1.695288
  C       2.512581      0.231755     -1.193476
  C       2.846755     -2.208578     -1.688258
  H       4.363401     -0.816803     -1.010358
  H       2.627595      0.246753     -0.101951
  O       2.742876     -2.573524     -0.252257
  H       3.471183     -2.882190     -2.287690
  H       1.846678     -2.125753     -2.108258
  H       2.435800     -3.516514     -0.221198
  N       3.820018      3.025696     -3.437057
  H       2.511428      1.309835     -3.814800
  H       3.032812      3.673474     -3.332932
  H       4.174997      3.051014     -4.395897
  O       4.909522      0.783677     -4.659355
  H       5.253457      0.913786     -2.581073
  C       6.260803      0.204396     -4.886834
  C       6.536979     -1.111867     -4.167240
  C       8.034202     -1.444032     -4.159655
  C       7.244040      1.329839     -4.524740
  H       6.289621     -0.018109     -5.957753
  C       7.157513      2.426527     -5.572314
  O       8.639804      0.877280     -4.522971
  H       6.960939      1.741640     -3.546419
  O       8.116198      3.460021     -5.180379
  H       6.121781      2.787441     -5.576212
  H       7.378070      1.980099     -6.551773
  H       8.106326      4.146580     -5.896124
  N       8.356672     -2.659885     -3.364775
  H       7.946354     -3.504671     -3.770923
  H       8.028098     -2.550971     -2.398500
  O       1.548146      2.416223     -1.794019
  H       3.543836      2.115973     -1.085083
  H       1.428835      3.062695     -1.047769
  C       8.798851     -0.252018     -3.595716
  H       8.371473     -1.602996     -5.187431
  H       9.865752     -0.468707     -3.538047
  H       8.412564     -0.002919     -2.592858
  O       5.760641     -2.116325     -4.897552
  H       6.222897     -1.037390     -3.118973
  H       5.943856     -2.984924     -4.452294
67
Coordinates from ORCA-job opt E -1682.944681189460
  C      -0.835490      1.582295     -0.620709
  C      -2.106810      0.785912     -0.917823
  C      -1.703298     -0.580559     -1.490690
  H      -2.713641      1.329155     -1.654821
  H      -2.699171      0.633218     -0.008398
  C      -0.755677     -1.301297     -0.552292
  C       0.433742     -0.413603     -0.244936
  O       0.015459      0.839811      0.341765
  C      -1.079023      2.906498      0.075815
  H      -0.258514      1.751037     -1.525880
  O       0.232341      3.591383      0.140593
  H      -1.474719      2.706057      1.077917
  H      -1.806939      3.496651     -0.497039
  H       0.096111      4.475907      0.564943
  O      -2.851344     -1.496734     -1.612349
  H      -1.169871     -0.456500     -2.439924
  H      -3.464268     -1.113088     -2.291969
  N      -0.291538     -2.538619     -1.224754
  H      -1.289014     -1.468777      0.396639
  H      -1.106195     -3.121285     -1.431459
  H       0.378443     -3.027538     -0.627570
  O       1.138565     -0.169224     -1.485258
  H       1.091783     -0.883434      0.490402
  C       2.781575      1.703615     -1.715670
  C       3.306168      1.700735     -3.142086
  C       4.440532      0.713975     -3.285628
  O       3.925475     -0.634256     -3.063434
  C       3.489601     -0.794118     -1.665473
  C       2.501670      0.280340     -1.174067
  C       2.826520     -2.165237     -1.645829
  H       4.349646     -0.779715     -0.979291
  H       2.612180      0.302651     -0.083599
  O       2.669024     -2.493812     -0.203473
  H       3.466883     -2.862507     -2.196559
  H       1.838857     -2.086409     -2.097576
  H       2.360015     -3.435344     -0.149979
  N       3.826993      3.057300     -3.423798
  H       2.491791      1.353902     -3.792996
  H       3.054196      3.719966     -3.308877
  H       4.178788      3.084147     -4.383230
  O       4.905781      0.810071     -4.642184
  H       5.238726      0.944539     -2.561966
  C       6.255995      0.222677     -4.887019
  C       6.510045     -1.117142     -4.193337
  C       7.999947     -1.477420     -4.226831
  C       7.265731      1.321698     -4.494445
  H       6.276144      0.031400     -5.963332
  C       7.190539      2.466061     -5.492448
  O       8.649986      0.842225     -4.534445
  H       7.000334      1.701366     -3.499418
  O       8.156845      3.472483     -5.052673
  H       6.160069      2.837218     -5.480414
  H       7.414218      2.063556     -6.489410
  H       8.158254      4.196748     -5.730955
  N       8.316854     -2.718077     -3.471682
  H       7.894571     -3.546140     -3.897272
  H       8.011248     -2.634311     -2.496559
  O       1.563320      2.502818     -1.770059
  H       3.546672      2.156937     -1.072094
  H       1.436807      3.084774     -0.968968
  C       8.806771     -0.319986     -3.648878
  H       8.308580     -1.615325     -5.266645
  H       9.868830     -0.565025     -3.625558
  H       8.452723     -0.090585     -2.629994
  O       5.714821     -2.097816     -4.938376
  H       6.205747     -1.061850     -3.143692
  H       5.867784     -2.977453     -4.502727
67
Coordinates from ORCA-job opt E -1682.949830618802
  C      -0.787745      1.570634     -0.573425
  C      -2.077068      0.813833     -0.890135
  C      -1.705986     -0.539155     -1.514959
  H      -2.677050      1.396910     -1.602114
  H      -2.665244      0.637887      0.017474
  C      -0.772870     -1.312793     -0.602560
  C       0.442892     -0.464327     -0.275730
  O       0.048198      0.775012      0.363084
  C      -0.998249      2.878687      0.165173
  H      -0.206535      1.748451     -1.473377
  O       0.328416      3.533785      0.248150
  H      -1.392038      2.657125      1.163229
  H      -1.713465      3.504410     -0.385143
  H       0.217274      4.405685      0.704219
  O      -2.875759     -1.423903     -1.661788
  H      -1.172676     -0.396720     -2.461267
  H      -3.478275     -1.008083     -2.331912
  N      -0.352234     -2.543420     -1.311753
  H      -1.308642     -1.489569      0.343301
  H      -1.185157     -3.093250     -1.535092
  H       0.300090     -3.070050     -0.729424
  O       1.139369     -0.185239     -1.518657
  H       1.101994     -0.974453      0.428122
  C       2.747226      1.707372     -1.795308
  C       3.265239      1.680652     -3.223087
  C       4.426590      0.724176     -3.338242
  O       3.955890     -0.633109     -3.077419
  C       3.528804     -0.764970     -1.674710
  C       2.498078      0.294339     -1.212267
  C       2.941911     -2.168158     -1.616343
  H       4.389470     -0.696862     -0.992397
  H       2.602573      0.352942     -0.122628
  O       2.769654     -2.447547     -0.164061
  H       3.640411     -2.850870     -2.111370
  H       1.966564     -2.169872     -2.097985
  H       2.530176     -3.406023     -0.074471
  N       3.750104      3.041717     -3.540459
  H       2.456357      1.294485     -3.858234
  H       2.964399      3.689650     -3.430073
  H       4.093400      3.056583     -4.502980
  O       4.892204      0.795535     -4.692162
  H       5.215167      0.997408     -2.618792
  C       6.248112      0.217719     -4.892732
  C       6.475823     -1.105396     -4.167369
  C       7.963122     -1.476156     -4.169255
  C       7.245289      1.317695     -4.483045
  H       6.298043      0.012360     -5.965215
  C       7.186090      2.460525     -5.481701
  O       8.629239      0.837286     -4.497337
  H       6.960843      1.698966     -3.493619
  O       8.124086      3.477922     -5.007035
  H       6.151167      2.818133     -5.502535
  H       7.450651      2.062384     -6.470324
  H       8.136993      4.205489     -5.681175
  N       8.260962     -2.707307     -3.391639
  H       7.851972     -3.541238     -3.817902
  H       7.936897     -2.612769     -2.423900
  O       1.524196      2.495284     -1.875661
  H       3.505713      2.193489     -1.167997
  H       1.348501      3.023485     -1.043637
  C       8.770585     -0.316092     -3.596875
  H       8.284604     -1.631868     -5.202464
  H       9.830483     -0.568015     -3.558376
  H       8.406498     -0.071247     -2.585175
  O       5.691179     -2.095489     -4.911512
  H       6.145291     -1.026359     -3.126224
  H       5.808392     -2.961764     -4.440466
67
Coordinates from ORCA-job opt E -1682.953273893447
  C      -0.781788      1.569961     -0.556933
  C      -2.064351      0.823418     -0.920917
  C      -1.678917     -0.516581     -1.567216
  H      -2.648808      1.424530     -1.631009
  H      -2.671051      0.624027     -0.030714
  C      -0.771780     -1.309260     -0.643383
  C       0.436024     -0.468700     -0.273549
  O       0.022559      0.753073      0.390002
  C      -1.003596      2.868205      0.194898
  H      -0.171446      1.753052     -1.436784
  O       0.326594      3.511079      0.322685
  H      -1.420661      2.635782      1.180612
  H      -1.699377      3.508323     -0.363349
  H       0.216289      4.376598      0.790161
  O      -2.845462     -1.396411     -1.762864
  H      -1.120713     -0.355265     -2.495718
  H      -3.424312     -0.970734     -2.447623
  N      -0.332951     -2.530244     -1.357508
  H      -1.334285     -1.497369      0.285112
  H      -1.160216     -3.071745     -1.619079
  H       0.296708     -3.071858     -0.761585
  O       1.141167     -0.161083     -1.507117
  H       1.090731     -0.994276      0.422045
  C       2.751657      1.723185     -1.793850
  C       3.259889      1.663014     -3.223719
  C       4.417383      0.702912     -3.322321
  O       3.937105     -0.645168     -3.029494
  C       3.517826     -0.741956     -1.621589
  C       2.491173      0.325817     -1.182184
  C       2.916581     -2.135549     -1.536349
  H       4.383194     -0.666677     -0.945424
  H       2.580746      0.403709     -0.091992
  O       2.707438     -2.371800     -0.081408
  H       3.623231     -2.840681     -1.986953
  H       1.955644     -2.144133     -2.047232
  H       2.466005     -3.327510      0.030723
  N       3.746588      3.014803     -3.572897
  H       2.444522      1.266416     -3.844119
  H       2.967277      3.668981     -3.457755
  H       4.074692      3.011673     -4.540824
  O       4.879526      0.748537     -4.678468
  H       5.206061      0.989582     -2.607795
  C       6.243472      0.188170     -4.883160
  C       6.504823     -1.129619     -4.163670
  C       7.994143     -1.486108     -4.208415
  C       7.230076      1.297264     -4.485028
  H       6.286576     -0.014664     -5.956527
  C       7.122553      2.453176     -5.462412
  O       8.620367      0.837779     -4.544976
  H       6.969941      1.659700     -3.481685
  O       8.036277      3.489249     -4.978779
  H       6.076743      2.779678     -5.463680
  H       7.387922      2.080026     -6.460671
  H       8.015457      4.230305     -5.637627
  N       8.325810     -2.718030     -3.446197
  H       7.923767     -3.555539     -3.871797
  H       8.021978     -2.636414     -2.470933
  O       1.548711      2.540055     -1.887263
  H       3.523561      2.210857     -1.183036
  H       1.345826      3.014007     -1.025900
  C       8.807141     -0.319644     -3.656837
  H       8.284581     -1.635557     -5.251725
  H       9.870485     -0.559410     -3.656673
  H       8.475481     -0.084814     -2.631632
  O       5.710280     -2.127485     -4.886196
  H       6.200326     -1.052826     -3.115269
  H       5.824995     -2.983891     -4.397171
67
Coordinates from ORCA-job opt E -1682.956327292304
  C      -0.792336      1.563972     -0.588474
  C      -2.047152      0.795782     -1.002716
  C      -1.612291     -0.540374     -1.627724
  H      -2.614187      1.385156     -1.736359
  H      -2.683738      0.586556     -0.136321
  C      -0.736410     -1.311582     -0.655958
  C       0.441869     -0.451419     -0.243773
  O      -0.020885      0.764031      0.401495
  C      -1.059480      2.867012      0.136599
  H      -0.144803      1.741582     -1.443545
  O       0.261746      3.517558      0.307812
  H      -1.511307      2.646269      1.109294
  H      -1.735080      3.496122     -0.457172
  H       0.137380      4.389455      0.758639
  O      -2.754883     -1.438217     -1.870793
  H      -1.017099     -0.373372     -2.531582
  H      -3.303202     -1.031670     -2.590964
  N      -0.249662     -2.536015     -1.332125
  H      -1.339258     -1.495776      0.248023
  H      -1.056265     -3.087583     -1.633864
  H       0.349256     -3.071061     -0.697800
  O       1.174645     -0.134208     -1.461606
  H       1.085765     -0.965591      0.466508
  C       2.762508      1.762243     -1.752665
  C       3.242064      1.683358     -3.192312
  C       4.407551      0.734223     -3.295935
  O       3.941623     -0.610704     -2.968656
  C       3.552538     -0.686970     -1.551438
  C       2.513155      0.373283     -1.119785
  C       2.984968     -2.093239     -1.438731
  H       4.433096     -0.587887     -0.898157
  H       2.593414      0.470580     -0.030196
  O       2.793507     -2.329727      0.017145
  H       3.711705     -2.788835     -1.872453
  H       2.027394     -2.137479     -1.955840
  H       2.589984     -3.292785      0.140725
  N       3.706245      3.033566     -3.573378
  H       2.415929      1.272104     -3.788578
  H       2.929036      3.684740     -3.434233
  H       3.999726      3.023031     -4.551968
  O       4.851006      0.761918     -4.657752
  H       5.202445      1.038499     -2.596082
  C       6.206537      0.193352     -4.882638
  C       6.451977     -1.140215     -4.187029
  C       7.929272     -1.534353     -4.276969
  C       7.223660      1.271553     -4.474962
  H       6.238105      0.011500     -5.960558
  C       7.122059      2.467496     -5.403172
  O       8.599615      0.779969     -4.587963
  H       7.003940      1.603830     -3.451476
  O       8.053674      3.470561     -4.884499
  H       6.081757      2.808741     -5.381938
  H       7.376526      2.132951     -6.417856
  H       8.038761      4.244107     -5.505142
  N       8.247745     -2.788580     -3.547599
  H       7.822068     -3.607342     -3.985680
  H       7.966067     -2.723945     -2.564847
  O       1.573012      2.601468     -1.838385
  H       3.550249      2.256664     -1.166116
  H       1.355961      3.020265     -0.949032
  C       8.790357     -0.399989     -3.731421
  H       8.182221     -1.673909     -5.331334
  H       9.846315     -0.666857     -3.774874
  H       8.502744     -0.177654     -2.690438
  O       5.618820     -2.113229     -4.899820
  H       6.171395     -1.067850     -3.131409
  H       5.694834     -2.969145     -4.402889
67
Coordinates from ORCA-job opt E -1682.958828410107
  C      -0.778451      1.535084     -0.592139
  C      -2.022345      0.754534     -1.014483
  C      -1.565362     -0.568519     -1.653665
  H      -2.600833      1.343146     -1.739455
  H      -2.652610      0.523514     -0.148784
  C      -0.682863     -1.336262     -0.685288
  C       0.483405     -0.460070     -0.264630
  O       0.001252      0.737201      0.397306
  C      -1.044682      2.830097      0.140583
  H      -0.131865      1.723962     -1.444489
  O       0.287585      3.461858      0.304337
  H      -1.490701      2.606539      1.115321
  H      -1.718826      3.467009     -0.446117
  H       0.182580      4.333793      0.759515
  O      -2.692775     -1.482534     -1.909245
  H      -0.969632     -0.382624     -2.552840
  H      -3.237946     -1.082696     -2.635696
  N      -0.181541     -2.551408     -1.367187
  H      -1.287464     -1.531951      0.215235
  H      -0.982590     -3.102757     -1.684935
  H       0.409396     -3.092367     -0.729880
  O       1.203896     -0.097047     -1.478040
  H       1.146879     -0.968568      0.431716
  C       2.760043      1.816677     -1.779534
  C       3.218884      1.708652     -3.224905
  C       4.398922      0.777122     -3.316504
  O       3.960588     -0.567973     -2.950313
  C       3.587598     -0.610256     -1.525958
  C       2.527498      0.439128     -1.120114
  C       3.046869     -2.023871     -1.380940
  H       4.470845     -0.477505     -0.883049
  H       2.589372      0.558843     -0.031572
  O       2.823588     -2.218341      0.076387
  H       3.796996     -2.719929     -1.773434
  H       2.105310     -2.099668     -1.921616
  H       2.637952     -3.181649      0.223639
  N       3.654914      3.056073     -3.647517
  H       2.390796      1.267257     -3.796573
  H       2.875376      3.700724     -3.494165
  H       3.918772      3.028485     -4.633865
  O       4.832209      0.776200     -4.679931
  H       5.193280      1.110499     -2.629372
  C       6.181735      0.195044     -4.885503
  C       6.388076     -1.143503     -4.193468
  C       7.853753     -1.576397     -4.281039
  C       7.212300      1.244896     -4.443477
  H       6.231779      0.022209     -5.964386
  C       7.132462      2.470975     -5.331796
  O       8.578715      0.727381     -4.569921
  H       7.000468      1.550929     -3.410225
  O       8.063446      3.448875     -4.761957
  H       6.094710      2.817907     -5.312773
  H       7.401493      2.168474     -6.352736
  H       8.056597      4.244590     -5.354675
  N       8.135435     -2.844544     -3.562437
  H       7.698482     -3.648215     -4.016545
  H       7.845774     -2.785819     -2.581813
  O       1.567609      2.657351     -1.870804
  H       3.556252      2.326850     -1.217025
  H       1.319545      3.037346     -0.970912
  C       8.744674     -0.468503     -3.728443
  H       8.102179     -1.715805     -5.336652
  H       9.793794     -0.759554     -3.780833
  H       8.468139     -0.251544     -2.683416
  O       5.531150     -2.091623     -4.914405
  H       6.102725     -1.064140     -3.138222
  H       5.552575     -2.937642     -4.395080
67
Coordinates from ORCA-job opt E -1682.961494295620
  C      -0.789081      1.550094     -0.618942
  C      -2.008547      0.757534     -1.088175
  C      -1.518314     -0.561895     -1.713106
  H      -2.571481      1.343146     -1.827385
  H      -2.662412      0.514080     -0.243295
  C      -0.669912     -1.322349     -0.708733
  C       0.476525     -0.436477     -0.252260
  O      -0.039616      0.754442      0.395765
  C      -1.089877      2.841718      0.106858
  H      -0.114060      1.745826     -1.446659
  O       0.234069      3.476320      0.323131
  H      -1.569425      2.614335      1.064636
  H      -1.744772      3.477760     -0.502078
  H       0.111574      4.347996      0.774763
  O      -2.629818     -1.483003     -2.009748
  H      -0.891801     -0.370999     -2.589803
  H      -3.143284     -1.092493     -2.763948
  N      -0.141791     -2.542264     -1.361174
  H      -1.308413     -1.513706      0.169048
  H      -0.930792     -3.088255     -1.717371
  H       0.408756     -3.088335     -0.692545
  O       1.226414     -0.069477     -1.448835
  H       1.129304     -0.935591      0.461297
  C       2.777731      1.833620     -1.750973
  C       3.209680      1.690448     -3.201553
  C       4.394592      0.766691     -3.285549
  O       3.968504     -0.571454     -2.877100
  C       3.612976     -0.575670     -1.446170
  C       2.541469      0.471078     -1.067173
  C       3.093440     -1.992166     -1.264721
  H       4.501553     -0.413075     -0.818091
  H       2.581254      0.608653      0.020455
  O       2.861669     -2.153381      0.193869
  H       3.857572     -2.687481     -1.632309
  H       2.160991     -2.094794     -1.816100
  H       2.689939     -3.115413      0.362181
  N       3.628408      3.028366     -3.671327
  H       2.374809      1.228087     -3.746301
  H       2.854310      3.675553     -3.502553
  H       3.856050      2.977136     -4.665995
  O       4.807507      0.741386     -4.654172
  H       5.193682      1.123181     -2.616323
  C       6.159581      0.176842     -4.879255
  C       6.387765     -1.173676     -4.220891
  C       7.848559     -1.606712     -4.367686
  C       7.194989      1.214468     -4.427279
  H       6.201382      0.029692     -5.962492
  C       7.075293      2.479800     -5.249806
  O       8.557659      0.706542     -4.626361
  H       7.025263      1.471720     -3.373353
  O       8.007178      3.439242     -4.651011
  H       6.033684      2.810207     -5.185882
  H       7.323739      2.233386     -6.290853
  H       7.969254      4.265573     -5.197840
  N       8.150943     -2.891438     -3.688990
  H       7.703109     -3.682877     -4.153821
  H       7.886240     -2.859282     -2.700040
  O       1.594991      2.688653     -1.838751
  H       3.591766      2.344948     -1.214773
  H       1.330074      3.042890     -0.933339
  C       8.760895     -0.511546     -3.824961
  H       8.057356     -1.724284     -5.434662
  H       9.807400     -0.797883     -3.930121
  H       8.529537     -0.323369     -2.763493
  O       5.505017     -2.107041     -4.929338
  H       6.137609     -1.111774     -3.155839
  H       5.509526     -2.947313     -4.401436
