18
Coordinates from ORCA-job meta_ts_optfreq E -475.739582282337
  C      -4.068000      2.510050     -0.529300
  C      -4.965260      1.905650     -1.421320
  C      -4.741720      0.584840     -1.898370
  C      -3.554320     -0.083510     -1.499640
  C      -2.668690      0.520940     -0.606370
  C      -2.928040      1.804320     -0.122220
  C      -4.319900      3.891730      0.000260
  H      -3.328820     -1.082970     -1.871210
  H      -5.853770      2.452450     -1.739360
  H      -4.519810      3.850590      1.075670
  H      -5.181550      4.358230     -0.488370
  H      -3.449650      4.531070     -0.180410
  H      -2.224620      2.260390      0.572690
  H      -1.770150     -0.005420     -0.292080
  N      -5.135510      0.356270     -3.353040
  O      -4.737140     -0.685510     -3.892890
  O      -5.878750      1.192890     -3.884520
  H      -5.594380     -0.036510     -1.508940
18
Coordinates from ORCA-job meta_ts_optfreq E -475.750819148817
  C      -4.090251      2.524097     -0.529515
  C      -4.969971      1.930726     -1.420788
  C      -4.748515      0.573526     -1.893665
  C      -3.528986     -0.108791     -1.503156
  C      -2.667442      0.492469     -0.611191
  C      -2.942006      1.791239     -0.134018
  C      -4.329554      3.910149      0.006148
  H      -3.305350     -1.104632     -1.892662
  H      -5.854389      2.476624     -1.755844
  H      -4.524726      3.871455      1.089900
  H      -5.190705      4.388567     -0.479117
  H      -3.447306      4.546204     -0.166910
  H      -2.229621      2.254397      0.556263
  H      -1.762710     -0.029587     -0.293197
  N      -5.141340      0.345672     -3.379919
  O      -4.733230     -0.673520     -3.891456
  O      -5.866077      1.177252     -3.880063
  H      -5.587901     -0.040347     -1.460231
18
Coordinates from ORCA-job meta_ts_optfreq E -475.753106000577
  C      -4.105270      2.530843     -0.527043
  C      -4.970054      1.940263     -1.423171
  C      -4.759558      0.561808     -1.884686
  C      -3.517649     -0.119114     -1.505072
  C      -2.669811      0.481266     -0.610694
  C      -2.955149      1.784525     -0.139496
  C      -4.330347      3.917857      0.011567
  H      -3.300166     -1.107813     -1.916578
  H      -5.849514      2.479670     -1.783139
  H      -4.519794      3.882749      1.097520
  H      -5.189417      4.403470     -0.470479
  H      -3.441155      4.547760     -0.154076
  H      -2.238206      2.254450      0.543537
  H      -1.760204     -0.030935     -0.289305
  N      -5.149658      0.335811     -3.400428
  O      -4.718199     -0.668479     -3.894690
  O      -5.865335      1.171751     -3.878485
  H      -5.580594     -0.040382     -1.414701
18
Coordinates from ORCA-job meta_ts_optfreq E -475.753106079523
  C      -4.107811      2.533384     -0.523321
  C      -4.963372      1.944276     -1.429352
  C      -4.758305      0.561340     -1.885763
  C      -3.511359     -0.116851     -1.507372
  C      -2.669582      0.481604     -0.605363
  C      -2.960286      1.783112     -0.134192
  C      -4.328183      3.919316      0.016555
  H      -3.297163     -1.100711     -1.932404
  H      -5.837561      2.480372     -1.807875
  H      -4.519164      3.883981      1.102136
  H      -5.184720      4.408144     -0.466553
  H      -3.435786      4.546283     -0.141758
  H      -2.244642      2.254403      0.549400
  H      -1.758477     -0.025307     -0.280107
  N      -5.143440      0.337775     -3.415780
  O      -4.731202     -0.682084     -3.895821
  O      -5.894649      1.152939     -3.876114
  H      -5.574377     -0.036476     -1.405736
18
Coordinates from ORCA-job meta_ts_optfreq E -475.753017782506
  C      -4.115221      2.533958     -0.518562
  C      -4.965538      1.940758     -1.428426
  C      -4.773058      0.550008     -1.870720
  C      -3.514705     -0.119913     -1.504287
  C      -2.672273      0.481155     -0.602196
  C      -2.967628      1.781203     -0.134470
  C      -4.323835      3.920459      0.017977
  H      -3.311277     -1.097900     -1.948541
  H      -5.835575      2.467112     -1.831474
  H      -4.505286      3.890057      1.105050
  H      -5.182333      4.410627     -0.459859
  H      -3.429009      4.542891     -0.141716
  H      -2.247759      2.258693      0.540321
  H      -1.754713     -0.014004     -0.277649
  N      -5.168295      0.320681     -3.416984
  O      -4.689853     -0.662880     -3.916680
  O      -5.887804      1.161690     -3.886724
  H      -5.575918     -0.039094     -1.364479
18
Coordinates from ORCA-job meta_ts_optfreq E -475.753403593458
  C      -4.108883      2.532634     -0.522819
  C      -4.964944      1.941395     -1.428256
  C      -4.762869      0.558318     -1.879034
  C      -3.515072     -0.117780     -1.505314
  C      -2.670641      0.481913     -0.605327
  C      -2.961775      1.782496     -0.134894
  C      -4.326417      3.918854      0.014966
  H      -3.307136     -1.101057     -1.935149
  H      -5.838979      2.472957     -1.814155
  H      -4.512199      3.885075      1.101346
  H      -5.185399      4.406649     -0.464608
  H      -3.434588      4.545400     -0.146735
  H      -2.245341      2.254817      0.546902
  H      -1.757514     -0.021288     -0.280513
  N      -5.156059      0.330681     -3.409258
  O      -4.706984     -0.666135     -3.906216
  O      -5.889139      1.158116     -3.878415
  H      -5.576140     -0.037545     -1.391939
18
Coordinates from ORCA-job meta_ts_optfreq E -475.753410481956
  C      -4.108679      2.532927     -0.522909
  C      -4.963815      1.942020     -1.429435
  C      -4.761503      0.559104     -1.879521
  C      -3.514350     -0.117578     -1.505670
  C      -2.670615      0.481627     -0.604801
  C      -2.962432      1.781979     -0.134119
  C      -4.326049      3.919037      0.014916
  H      -3.308230     -1.100681     -1.936792
  H      -5.837452      2.472356     -1.817929
  H      -4.511150      3.885048      1.101428
  H      -5.185461      4.406753     -0.463939
  H      -3.434329      4.545736     -0.146831
  H      -2.246834      2.253776      0.548941
  H      -1.757604     -0.021034     -0.278822
  N      -5.155879      0.331128     -3.409376
  O      -4.705350     -0.664694     -3.907061
  O      -5.895567      1.154452     -3.875423
  H      -5.574784     -0.036456     -1.392076
18
Coordinates from ORCA-job meta_ts_optfreq E -475.753415438159
  C      -4.108211      2.533254     -0.523174
  C      -4.962284      1.942902     -1.431155
  C      -4.759373      0.560312     -1.880369
  C      -3.513449     -0.117498     -1.506067
  C      -2.670713      0.481031     -0.603939
  C      -2.963346      1.781156     -0.132961
  C      -4.325391      3.919323      0.014540
  H      -3.310111     -1.100576     -1.938554
  H      -5.835604      2.471342     -1.822925
  H      -4.508647      3.885229      1.101382
  H      -5.185955      4.406532     -0.462707
  H      -3.434202      4.546489     -0.148363
  H      -2.249099      2.251985      0.552187
  H      -1.758058     -0.020979     -0.275988
  N      -5.156743      0.331315     -3.408773
  O      -4.700559     -0.660338     -3.909710
  O      -5.905524      1.148860     -3.870587
  H      -5.572810     -0.034837     -1.392257
18
Coordinates from ORCA-job meta_ts_optfreq E -475.753416986749
  C      -4.107980      2.533334     -0.523267
  C      -4.961529      1.943445     -1.432101
  C      -4.758381      0.560835     -1.881039
  C      -3.512973     -0.117573     -1.506296
  C      -2.670982      0.480555     -0.603266
  C      -2.963887      1.780658     -0.132196
  C      -4.324995      3.919498      0.014282
  H      -3.310475     -1.100631     -1.939218
  H      -5.834659      2.471280     -1.825102
  H      -4.506626      3.885657      1.101404
  H      -5.186481      4.406181     -0.461819
  H      -3.434308      4.547006     -0.150119
  H      -2.250302      2.250938      0.554018
  H      -1.758683     -0.021353     -0.274173
  N      -5.157623      0.331207     -3.408454
  O      -4.696943     -0.657092     -3.911985
  O      -5.911458      1.145515     -3.867920
  H      -5.571796     -0.033961     -1.392170
