18
Coordinates from ORCA-job neb_orto_educts_ts_initial_path E   0.000000000000
  C       0.282504      0.587724      3.016425
  C      -0.242160      0.906397      1.738144
  C       0.007265      0.087490      0.647154
  C       0.791740     -1.075227      0.803298
  C       1.323019     -1.407891      2.065932
  C       1.072361     -0.590001      3.154780
  C       0.025713      1.457100      4.200688
  H       0.975931      1.865044      4.593518
  H      -0.410616      0.870642      5.029391
  H      -0.643200      2.296763      3.969193
  H      -0.848017      1.808060      1.622176
  H      -0.402223      0.337747     -0.333945
  H       0.987268     -1.719181     -0.057691
  H       1.928231     -2.309645      2.181531
  H       1.478961     -0.843180      4.137118
  N      -2.180812     -0.930741    -12.296400
  O      -1.885807     -0.993276    -11.178936
  O      -2.260159     -0.347826    -13.292376
18
Coordinates from ORCA-job neb_orto_educts_ts_initial_path E   0.000000000000
  C       0.241935      0.588406      2.764982
  C      -0.282949      0.805672      1.459724
  C      -0.028926     -0.095926      0.426483
  C       0.771767     -1.225810      0.669180
  C       1.311638     -1.451499      1.952890
  C       1.049029     -0.560624      2.982639
  C      -0.014687      1.546150      3.877140
  H       0.928613      2.034324      4.186775
  H      -0.390274      1.013741      4.768750
  H      -0.730125      2.333778      3.604480
  H      -0.997922      1.618016      1.306268
  H      -0.441862      0.080746     -0.569044
  H       0.979935     -1.930010     -0.140008
  H       1.934475     -2.330587      2.134150
  H       1.463169     -0.738835      3.978220
  N      -2.012857     -0.765946    -11.155439
  O      -1.645243     -0.669541    -10.057003
  O      -2.135715     -0.252057    -12.190186
18
Coordinates from ORCA-job neb_orto_educts_ts_initial_path E   0.000000000000
  C       0.200332      0.588211      2.509835
  C      -0.310568      0.711737      1.179044
  C      -0.065208     -0.285868      0.222163
  C       0.750105     -1.376646      0.549144
  C       1.296359     -1.490200      1.845994
  C       1.022843     -0.526488      2.807742
  C      -0.053155      1.633906      3.538978
  H       0.877986      2.193212      3.749927
  H      -0.363050      1.170249      4.491316
  H      -0.815381      2.362940      3.231310
  H      -1.150161      1.395044      1.016448
  H      -0.477591     -0.185033     -0.784087
  H       0.970531     -2.139649     -0.201235
  H       1.934428     -2.342230      2.093424
  H       1.444256     -0.625492      3.811264
  N      -1.844276     -0.594859    -10.010372
  O      -1.399727     -0.318149     -8.967165
  O      -2.017724     -0.170685    -11.083731
18
Coordinates from ORCA-job neb_orto_educts_ts_initial_path E   0.000000000000
  C       0.160996      0.588585      2.248971
  C      -0.340441      0.615750      0.899066
  C      -0.099130     -0.479524      0.036546
  C       0.727569     -1.526504      0.443844
  C       1.277561     -1.523009      1.744844
  C       0.994491     -0.487255      2.628496
  C      -0.090273      1.718316      3.184510
  H       0.822408      2.336297      3.283355
  H      -0.330471      1.337830      4.191454
  H      -0.898876      2.382989      2.849562
  H      -1.290394      1.147204      0.757562
  H      -0.513070     -0.461131     -0.973741
  H       0.958858     -2.346162     -0.240481
  H       1.927908     -2.343752      2.058490
  H       1.421939     -0.503839      3.634156
  N      -1.672230     -0.413174     -8.857972
  O      -1.150234      0.064572     -7.923370
  O      -1.906612     -0.107196     -9.965292
18
Coordinates from ORCA-job neb_orto_educts_ts_initial_path E   0.000000000000
  C       0.128101      0.590967      1.980666
  C      -0.383791      0.505472      0.626586
  C      -0.127749     -0.677040     -0.127468
  C       0.706918     -1.676310      0.355367
  C       1.256952     -1.548926      1.650358
  C       0.965664     -0.442440      2.443855
  C      -0.126380      1.797988      2.811630
  H       0.760604      2.459490      2.787433
  H      -0.293982      1.514154      3.863351
  H      -0.980339      2.393343      2.458347
  H      -1.410627      0.890734      0.528170
  H      -0.560899     -0.760883     -1.125517
  H       0.946634     -2.549689     -0.255518
  H       1.916101     -2.334106      2.030354
  H       1.396472     -0.373747      3.445713
  N      -1.489455     -0.207894     -7.697985
  O      -0.900362      0.486721     -6.950870
  O      -1.803863     -0.067835     -8.824471
18
Coordinates from ORCA-job neb_orto_educts_ts_initial_path E   0.000000000000
  C       0.103233      0.595172      1.701985
  C      -0.437902      0.374528      0.364425
  C      -0.151797     -0.881694     -0.269514
  C       0.692313     -1.825512      0.286975
  C       1.236751     -1.565497      1.564253
  C       0.937923     -0.390628      2.252959
  C      -0.160922      1.870680      2.418095
  H       0.692694      2.558121      2.263377
  H      -0.254623      1.696271      3.501616
  H      -1.057979      2.393763      2.056411
  H      -1.510101      0.636384      0.326016
  H      -0.644449     -1.111644     -1.215022
  H       0.938943     -2.749228     -0.241675
  H       1.900898     -2.309864      2.012044
  H       1.368173     -0.233691      3.244868
  N      -1.283545      0.053797     -6.551716
  O      -0.666062      0.939007     -6.063564
  O      -1.703547     -0.049964     -7.651533
18
Coordinates from ORCA-job neb_orto_educts_ts_initial_path E   0.000000000000
  C       0.084433      0.597891      1.408746
  C      -0.497802      0.217347      0.114420
  C      -0.183534     -1.099620     -0.399044
  C       0.684467     -1.965681      0.234201
  C       1.215711     -1.569277      1.482325
  C       0.910923     -0.331649      2.052730
  C      -0.192740      1.931027      2.004203
  H       0.620297      2.625469      1.717078
  H      -0.213370      1.877148      3.103682
  H      -1.128995      2.382540      1.644519
  H      -1.591218      0.388378      0.149279
  H      -0.757563     -1.501677     -1.237381
  H       0.939373     -2.936070     -0.199240
  H       1.881132     -2.265156      2.001320
  H       1.336748     -0.084168      3.027938
  N      -1.067927      0.382811     -5.461882
  O      -0.459429      1.366038     -5.191328
  O      -1.580505     -0.015351     -6.451566
18
Coordinates from ORCA-job neb_orto_educts_ts_initial_path E   0.000000000000
  C       0.065516      0.593920      1.102649
  C      -0.564138      0.043473     -0.116568
  C      -0.237647     -1.323666     -0.514537
  C       0.670199     -2.085867      0.184844
  C       1.187077     -1.558880      1.392132
  C       0.882506     -0.268661      1.838528
  C      -0.221861      1.972365      1.577653
  H       0.546071      2.653906      1.162787
  H      -0.171472      2.043574      2.674909
  H      -1.192490      2.357944      1.231949
  H      -1.662344      0.153008     -0.003053
  H      -0.827451     -1.838413     -1.279819
  H       0.935991     -3.094229     -0.143312
  H       1.850951     -2.196928      1.983410
  H       1.303114      0.068419      2.789020
  N      -0.890130      0.714621     -4.405744
  O      -0.253724      1.702254     -4.230716
  O      -1.420167      0.063160     -5.244131
18
Coordinates from ORCA-job neb_orto_educts_ts_initial_path E   0.000000000000
  C       0.035213      0.587915      0.801777
  C      -0.624647     -0.090127     -0.346276
  C      -0.277988     -1.488324     -0.648463
  C       0.622077     -2.173927      0.125643
  C       1.141832     -1.535396      1.279280
  C       0.847393     -0.206103      1.611141
  C      -0.251616      1.998696      1.169011
  H       0.471814      2.653511      0.644905
  H      -0.133594      2.179921      2.248082
  H      -1.251397      2.331354      0.852048
  H      -1.719370     -0.034769     -0.163318
  H      -0.777805     -2.024880     -1.461245
  H       0.892985     -3.207475     -0.105055
  H       1.804288     -2.114689      1.930587
  H       1.269830      0.209179      2.529685
  N      -0.735904      0.880165     -3.250177
  O      -0.056520      1.855720     -3.154485
  O      -1.256590      0.179228     -4.063141
18
Coordinates from ORCA-job neb_orto_educts_ts_initial_path E   0.000000000000
  C       0.001561      0.600852      0.563297
  C      -0.617005     -0.094991     -0.604028
  C      -0.250201     -1.505509     -0.859975
  C       0.543615     -2.191413      0.013936
  C       1.072517     -1.508141      1.142071
  C       0.797420     -0.157911      1.412193
  C      -0.279437      2.032613      0.832300
  H       0.407457      2.648535      0.219266
  H      -0.112317      2.282611      1.889411
  H      -1.294869      2.329087      0.528260
  H      -1.715664     -0.076157     -0.426477
  H      -0.655440     -1.967056     -1.764987
  H       0.794372     -3.240676     -0.158615
  H       1.731905     -2.054030      1.825302
  H       1.225978      0.307192      2.303386
  N      -0.555561      0.702390     -2.003073
  O       0.013837      1.759544     -2.007363
  O      -1.108169      0.133060     -2.904904
