18
Coordinates from ORCA-job neb_orto_educts_ts_MEP_ALL E -475.663166774593
  C       0.282504      0.587724      3.016425
  C      -0.242160      0.906397      1.738144
  C       0.007265      0.087490      0.647154
  C       0.791740     -1.075227      0.803298
  C       1.323019     -1.407891      2.065932
  C       1.072361     -0.590001      3.154780
  C       0.025713      1.457100      4.200688
  H       0.975931      1.865044      4.593518
  H      -0.410616      0.870642      5.029391
  H      -0.643200      2.296763      3.969193
  H      -0.848017      1.808060      1.622176
  H      -0.402223      0.337747     -0.333945
  H       0.987268     -1.719181     -0.057691
  H       1.928231     -2.309645      2.181531
  H       1.478961     -0.843180      4.137118
  N      -2.180812     -0.930741    -12.296400
  O      -1.885807     -0.993276    -11.178936
  O      -2.260159     -0.347826    -13.292376
18
Coordinates from ORCA-job neb_orto_educts_ts_MEP_ALL E -475.719686653540
  C       0.241969      0.588295      2.764761
  C      -0.282966      0.805592      1.459927
  C      -0.028834     -0.096013      0.426517
  C       0.771776     -1.225771      0.669214
  C       1.311595     -1.451505      1.952743
  C       1.048940     -0.560465      2.982639
  C      -0.014665      1.546178      3.877235
  H       0.928592      2.034337      4.186767
  H      -0.390287      1.013765      4.768743
  H      -0.730138      2.333779      3.604472
  H      -0.997884      1.618059      1.306252
  H      -0.441875      0.080736     -0.569052
  H       0.979938     -1.930017     -0.140011
  H       1.934478     -2.330591      2.134149
  H       1.463173     -0.738831      3.978227
  N      -2.012387     -0.764781    -11.155296
  O      -1.645579     -0.670037    -10.057498
  O      -2.135848     -0.252729    -12.189789
18
Coordinates from ORCA-job neb_orto_educts_ts_MEP_ALL E -475.713363929198
  C       0.200447      0.588274      2.510199
  C      -0.310710      0.711653      1.179559
  C      -0.065129     -0.285335      0.222587
  C       0.750195     -1.376389      0.549330
  C       1.296395     -1.490111      1.846256
  C       1.022938     -0.526618      2.808041
  C      -0.053132      1.633737      3.539583
  H       0.878084      2.192933      3.750718
  H      -0.363089      1.169977      4.491828
  H      -0.815233      2.362885      3.231965
  H      -1.149800      1.395546      1.016907
  H      -0.477554     -0.184578     -0.783703
  H       0.970546     -2.139283     -0.201129
  H       1.934431     -2.342206      2.093494
  H       1.444296     -0.625689      3.811563
  N      -1.844484     -0.594912    -10.012438
  O      -1.400216     -0.318917     -8.969077
  O      -2.017984     -0.170967    -11.085683
18
Coordinates from ORCA-job neb_orto_educts_ts_MEP_ALL E -475.701531776959
  C       0.161077      0.588679      2.248841
  C      -0.340711      0.615324      0.899155
  C      -0.099097     -0.479240      0.036578
  C       0.727629     -1.526508      0.443808
  C       1.277573     -1.522973      1.744950
  C       0.994550     -0.487342      2.628487
  C      -0.090336      1.718289      3.184510
  H       0.822419      2.336300      3.283354
  H      -0.330454      1.337850      4.191462
  H      -0.898878      2.382986      2.849543
  H      -1.290276      1.147368      0.757462
  H      -0.513112     -0.461167     -0.973730
  H       0.958846     -2.346175     -0.240475
  H       1.927908     -2.343743      2.058491
  H       1.421943     -0.503828      3.634154
  N      -1.672087     -0.412763     -8.858078
  O      -1.150290      0.064368     -7.923257
  O      -1.906705     -0.107426     -9.965256
18
Coordinates from ORCA-job neb_orto_educts_ts_MEP_ALL E -475.686198913094
  C       0.128195      0.591072      1.980515
  C      -0.384061      0.504907      0.626784
  C      -0.127734     -0.676709     -0.127504
  C       0.706979     -1.676290      0.355325
  C       1.256972     -1.548881      1.650484
  C       0.965729     -0.442530      2.443859
  C      -0.126442      1.797955      2.811642
  H       0.760618      2.459496      2.787432
  H      -0.293961      1.514180      3.863357
  H      -0.980339      2.393340      2.458325
  H      -1.410513      0.890944      0.528016
  H      -0.560947     -0.760919     -1.125511
  H       0.946611     -2.549704     -0.255508
  H       1.916102     -2.334095      2.030361
  H       1.396475     -0.373734      3.445711
  N      -1.489282     -0.207337     -7.698262
  O      -0.900393      0.486473     -6.950605
  O      -1.804010     -0.068170     -8.824425
18
Coordinates from ORCA-job neb_orto_educts_ts_MEP_ALL E -475.673516656310
  C       0.103309      0.595263      1.701814
  C      -0.438105      0.373887      0.364745
  C      -0.151857     -0.881373     -0.269610
  C       0.692377     -1.825456      0.286946
  C       1.236790     -1.565456      1.564373
  C       0.937992     -0.390706      2.252977
  C      -0.160965      1.870653      2.418122
  H       0.692709      2.558132      2.263381
  H      -0.254601      1.696298      3.501621
  H      -1.057977      2.393758      2.056389
  H      -1.510009      0.636608      0.325816
  H      -0.644481     -1.111647     -1.215032
  H       0.938908     -2.749242     -0.241657
  H       1.900901     -2.309847      2.012063
  H       1.368177     -0.233677      3.244871
  N      -1.283399      0.054385     -6.552196
  O      -0.666069      0.938765     -6.063218
  O      -1.703698     -0.050345     -7.651404
18
Coordinates from ORCA-job neb_orto_educts_ts_MEP_ALL E -475.671024783252
  C       0.084462      0.597914      1.408544
  C      -0.497924      0.216703      0.114840
  C      -0.183677     -1.099322     -0.399118
  C       0.684534     -1.965605      0.234195
  C       1.215774     -1.569246      1.482406
  C       0.911000     -0.331707      2.052747
  C      -0.192756      1.931027      2.004219
  H       0.620310      2.625484      1.717081
  H      -0.213347      1.877174      3.103677
  H      -1.128992      2.382534      1.644496
  H      -1.591155      0.388590      0.149041
  H      -0.757571     -1.501631     -1.237418
  H       0.939331     -2.936084     -0.199210
  H       1.881133     -2.265132      2.001347
  H       1.336752     -0.084150      3.027940
  N      -1.067856      0.383219     -5.462386
  O      -0.459498      1.365772     -5.191114
  O      -1.580518     -0.015540     -6.451287
18
Coordinates from ORCA-job neb_orto_educts_ts_MEP_ALL E -475.672264965911
  C       0.065494      0.593818      1.102446
  C      -0.564213      0.042939     -0.116079
  C      -0.237758     -1.323387     -0.514584
  C       0.670251     -2.085811      0.184883
  C       1.187154     -1.558885      1.392141
  C       0.882571     -0.268668      1.838515
  C      -0.221854      1.972412      1.577628
  H       0.546081      2.653923      1.162783
  H      -0.171450      2.043593      2.674889
  H      -1.192488      2.357939      1.231926
  H      -1.662314      0.153203     -0.003311
  H      -0.827461     -1.838351     -1.279848
  H       0.935950     -3.094240     -0.143271
  H       1.850948     -2.196901      1.983437
  H       1.303115      0.068442      2.789019
  N      -0.890072      0.714777     -4.406059
  O      -0.253944      1.701879     -4.230732
  O      -1.420010      0.063320     -5.243783
18
Coordinates from ORCA-job neb_orto_educts_ts_MEP_ALL E -475.687459422951
  C       0.035154      0.587782      0.801608
  C      -0.624670     -0.090473     -0.345897
  C      -0.278027     -1.488061     -0.648531
  C       0.622133     -2.173892      0.125724
  C       1.141876     -1.535444      1.279262
  C       0.847447     -0.206109      1.611107
  C      -0.251611      1.998760      1.168974
  H       0.471826      2.653520      0.644910
  H      -0.133574      2.179922      2.248073
  H      -1.251390      2.331356      0.852043
  H      -1.719373     -0.034597     -0.163542
  H      -0.777853     -2.024835     -1.461225
  H       0.892957     -3.207473     -0.105022
  H       1.804287     -2.114669      1.930606
  H       1.269833      0.209199      2.529688
  N      -0.735771      0.880238     -3.250431
  O      -0.056823      1.855316     -3.154573
  O      -1.256421      0.179461     -4.062774
18
Coordinates from ORCA-job neb_orto_educts_ts_MEP_ALL E -475.759630607748
  C       0.001566      0.600855      0.563293
  C      -0.617008     -0.094992     -0.604025
  C      -0.250210     -1.505514     -0.859964
  C       0.543607     -2.191415      0.013948
  C       1.072515     -1.508138      1.142076
  C       0.797424     -0.157905      1.412191
  C      -0.279426      2.032620      0.832288
  H       0.407468      2.648535      0.219248
  H      -0.112301      2.282623      1.889397
  H      -1.294858      2.329096      0.528250
  H      -1.715666     -0.076153     -0.426470
  H      -0.655454     -1.967065     -1.764972
  H       0.794359     -3.240680     -0.158597
  H       1.731904     -2.054025      1.825308
  H       1.225988      0.307202      2.303379
  N      -0.555566      0.702379     -2.003075
  O       0.013837      1.759531     -2.007375
  O      -1.108179      0.133046     -2.904900
18
Coordinates from ORCA-job neb_orto_educts_ts_MEP_ALL E -475.663166774593
  C       0.282504      0.587724      3.016425
  C      -0.242160      0.906397      1.738144
  C       0.007265      0.087490      0.647154
  C       0.791740     -1.075227      0.803298
  C       1.323019     -1.407891      2.065932
  C       1.072361     -0.590001      3.154780
  C       0.025713      1.457100      4.200688
  H       0.975931      1.865044      4.593518
  H      -0.410616      0.870642      5.029391
  H      -0.643200      2.296763      3.969193
  H      -0.848017      1.808060      1.622176
  H      -0.402223      0.337747     -0.333945
  H       0.987268     -1.719181     -0.057691
  H       1.928231     -2.309645      2.181531
  H       1.478961     -0.843180      4.137118
  N      -2.180812     -0.930741    -12.296400
  O      -1.885807     -0.993276    -11.178936
  O      -2.260159     -0.347826    -13.292376
18
Coordinates from ORCA-job neb_orto_educts_ts_MEP_ALL E -475.719724338934
  C       0.241991      0.588290      2.764609
  C      -0.283089      0.805420      1.459984
  C      -0.028807     -0.095919      0.426607
  C       0.771822     -1.225773      0.669211
  C       1.311579     -1.451496      1.952737
  C       1.048944     -0.560458      2.982619
  C      -0.014684      1.546185      3.877265
  H       0.928591      2.034339      4.186770
  H      -0.390285      1.013780      4.768751
  H      -0.730144      2.333775      3.604459
  H      -0.997800      1.618128      1.306225
  H      -0.441896      0.080720     -0.569050
  H       0.979937     -1.930026     -0.140009
  H       1.934475     -2.330592      2.134147
  H       1.463177     -0.738827      3.978229
  N      -2.012134     -0.764146    -11.155230
  O      -1.645745     -0.670316    -10.057700
  O      -2.135932     -0.253084    -12.189623
18
Coordinates from ORCA-job neb_orto_educts_ts_MEP_ALL E -475.713428869220
  C       0.200556      0.588388      2.510213
  C      -0.311044      0.711260      1.179792
  C      -0.065078     -0.284844      0.222850
  C       0.750299     -1.376304      0.549374
  C       1.296414     -1.490051      1.846465
  C       1.023042     -0.526769      2.808143
  C      -0.053184      1.633647      3.539823
  H       0.878138      2.192813      3.751045
  H      -0.363087      1.169882      4.492050
  H      -0.815173      2.362857      3.232213
  H      -1.149515      1.395892      1.017025
  H      -0.477577     -0.184424     -0.783534
  H       0.970541     -2.139148     -0.201081
  H       1.934424     -2.342194      2.093520
  H       1.444314     -0.625766      3.811684
  N      -1.844430     -0.594559    -10.013310
  O      -1.400483     -0.319409     -8.969828
  O      -2.018157     -0.171274    -11.086444
18
Coordinates from ORCA-job neb_orto_educts_ts_MEP_ALL E -475.701658744794
  C       0.161227      0.588848      2.248602
  C      -0.341209      0.614541      0.899323
  C      -0.099036     -0.478720      0.036636
  C       0.727735     -1.526517      0.443743
  C       1.277588     -1.522914      1.745143
  C       0.994656     -0.487506      2.628471
  C      -0.090446      1.718238      3.184512
  H       0.822445      2.336298      3.283354
  H      -0.330421      1.337885      4.191479
  H      -0.898877      2.382981      2.849510
  H      -1.290055      1.147675      0.757278
  H      -0.513190     -0.461230     -0.973711
  H       0.958816     -2.346201     -0.240464
  H       1.927899     -2.343736      2.058493
  H       1.421946     -0.503817      3.634151
  N      -1.671819     -0.411995     -8.858273
  O      -1.150386      0.064002     -7.923049
  O      -1.906872     -0.107836     -9.965197
18
Coordinates from ORCA-job neb_orto_educts_ts_MEP_ALL E -475.686424298387
  C       0.128370      0.591262      1.980239
  C      -0.384561      0.503870      0.627151
  C      -0.127706     -0.676103     -0.127572
  C       0.707085     -1.676254      0.355250
  C       1.257004     -1.548805      1.650714
  C       0.965845     -0.442698      2.443867
  C      -0.126551      1.797893      2.811666
  H       0.760650      2.459503      2.787434
  H      -0.293919      1.514224      3.863370
  H      -0.980333      2.393336      2.458285
  H      -1.410301      0.891336      0.527732
  H      -0.561036     -0.760981     -1.125499
  H       0.946560     -2.549734     -0.255490
  H       1.916095     -2.334082      2.030374
  H       1.396478     -0.373719      3.445710
  N      -1.488960     -0.206302     -7.698770
  O      -0.900443      0.486028     -6.950116
  O      -1.804277     -0.068772     -8.824344
18
Coordinates from ORCA-job neb_orto_educts_ts_MEP_ALL E -475.673809625174
  C       0.103450      0.595427      1.701501
  C      -0.438482      0.372709      0.365335
  C      -0.151970     -0.880786     -0.269789
  C       0.692488     -1.825352      0.286893
  C       1.236857     -1.565387      1.564591
  C       0.938116     -0.390853      2.253010
  C      -0.161039      1.870603      2.418172
  H       0.692743      2.558147      2.263391
  H      -0.254555      1.696346      3.501630
  H      -1.057967      2.393750      2.056351
  H      -1.509838      0.637027      0.325445
  H      -0.644545     -1.111648     -1.215051
  H       0.938834     -2.749271     -0.241625
  H       1.900897     -2.309824      2.012097
  H       1.368180     -0.233659      3.244876
  N      -1.283125      0.055475     -6.553077
  O      -0.666072      0.938331     -6.062578
  O      -1.703971     -0.051035     -7.651173
18
Coordinates from ORCA-job neb_orto_educts_ts_MEP_ALL E -475.671277670938
  C       0.084516      0.597953      1.408174
  C      -0.498151      0.215520      0.115614
  C      -0.183942     -1.098777     -0.399254
  C       0.684651     -1.965465      0.234181
  C       1.215884     -1.569195      1.482554
  C       0.911139     -0.331817      2.052778
  C      -0.192781      1.931025      2.004250
  H       0.620342      2.625508      1.717089
  H      -0.213301      1.877218      3.103668
  H      -1.128981      2.382524      1.644456
  H      -1.591036      0.388988      0.148600
  H      -0.757589     -1.501542     -1.237489
  H       0.939242     -2.936111     -0.199155
  H       1.881128     -2.265095      2.001396
  H       1.336756     -0.084125      3.027945
  N      -1.067721      0.383978     -5.463312
  O      -0.459615      1.365294     -5.190716
  O      -1.580540     -0.015878     -6.450781
18
Coordinates from ORCA-job neb_orto_educts_ts_MEP_ALL E -475.672473618685
  C       0.065456      0.593628      1.102075
  C      -0.564352      0.041957     -0.115176
  C      -0.237963     -1.322875     -0.514671
  C       0.670340     -2.085710      0.184951
  C       1.187289     -1.558899      1.392156
  C       0.882688     -0.268686      1.838493
  C      -0.221835      1.972497      1.577583
  H       0.546106      2.653950      1.162778
  H      -0.171405      2.043624      2.674853
  H      -1.192478      2.357933      1.231886
  H      -1.662259      0.153568     -0.003789
  H      -0.827485     -1.838232     -1.279905
  H       0.935864     -3.094262     -0.143196
  H       1.850934     -2.196858      1.983486
  H       1.303117      0.068477      2.789019
  N      -0.889961      0.715069     -4.406637
  O      -0.254337      1.701200     -4.230760
  O      -1.419719      0.063620     -5.243147
18
Coordinates from ORCA-job neb_orto_educts_ts_MEP_ALL E -475.687630123455
  C       0.035048      0.587535      0.801298
  C      -0.624714     -0.091106     -0.345199
  C      -0.278102     -1.487580     -0.648657
  C       0.622227     -2.173831      0.125869
  C       1.141952     -1.535538      1.279230
  C       0.847546     -0.206123      1.611044
  C      -0.251595      1.998875      1.168906
  H       0.471857      2.653535      0.644922
  H      -0.133531      2.179921      2.248057
  H      -1.251370      2.331362      0.852034
  H      -1.719377     -0.034274     -0.163959
  H      -0.777948     -2.024748     -1.461192
  H       0.892894     -3.207472     -0.104963
  H       1.804275     -2.114640      1.930641
  H       1.269838      0.209229      2.529695
  N      -0.735523      0.880374     -3.250894
  O      -0.057366      1.854584     -3.154731
  O      -1.256111      0.179895     -4.062103
18
Coordinates from ORCA-job neb_orto_educts_ts_MEP_ALL E -475.759630607748
  C       0.001576      0.600861      0.563286
  C      -0.617012     -0.094992     -0.604020
  C      -0.250231     -1.505520     -0.859946
  C       0.543583     -2.191420      0.013969
  C       1.072506     -1.508138      1.142086
  C       0.797431     -0.157899      1.412188
  C      -0.279399      2.032632      0.832268
  H       0.407498      2.648533      0.219217
  H      -0.112265      2.282645      1.889373
  H      -1.294829      2.329115      0.528233
  H      -1.715669     -0.076139     -0.426459
  H      -0.655486     -1.967077     -1.764947
  H       0.794323     -3.240690     -0.158567
  H       1.731893     -2.054024      1.825320
  H       1.226005      0.307214      2.303369
  N      -0.555570      0.702363     -2.003079
  O       0.013843      1.759510     -2.007394
  O      -1.108195      0.133027     -2.904895
18
Coordinates from ORCA-job neb_orto_educts_ts_MEP_ALL E -475.663166774593
  C       0.282504      0.587724      3.016425
  C      -0.242160      0.906397      1.738144
  C       0.007265      0.087490      0.647154
  C       0.791740     -1.075227      0.803298
  C       1.323019     -1.407891      2.065932
  C       1.072361     -0.590001      3.154780
  C       0.025713      1.457100      4.200688
  H       0.975931      1.865044      4.593518
  H      -0.410616      0.870642      5.029391
  H      -0.643200      2.296763      3.969193
  H      -0.848017      1.808060      1.622176
  H      -0.402223      0.337747     -0.333945
  H       0.987268     -1.719181     -0.057691
  H       1.928231     -2.309645      2.181531
  H       1.478961     -0.843180      4.137118
  N      -2.180812     -0.930741    -12.296400
  O      -1.885807     -0.993276    -11.178936
  O      -2.260159     -0.347826    -13.292376
18
Coordinates from ORCA-job neb_orto_educts_ts_MEP_ALL E -475.719754903651
  C       0.242924      0.588810      2.760299
  C      -0.291301      0.799136      1.462644
  C      -0.027556     -0.092749      0.428690
  C       0.774201     -1.225214      0.669437
  C       1.311292     -1.451870      1.952564
  C       1.049615     -0.560548      2.981538
  C      -0.015162      1.545927      3.877256
  H       0.928486      2.034232      4.187110
  H      -0.390285      1.014245      4.769494
  H      -0.730476      2.333545      3.603973
  H      -0.992437      1.621425      1.305061
  H      -0.442619      0.079983     -0.567614
  H       0.979867     -1.930386     -0.139949
  H       1.934031     -2.330499      2.134010
  H       1.463216     -0.738511      3.978108
  N      -2.004082     -0.744374    -11.152762
  O      -1.648195     -0.681653    -10.052114
  O      -2.141518     -0.261499    -12.197744
18
Coordinates from ORCA-job neb_orto_educts_ts_MEP_ALL E -475.713537470621
  C       0.205895      0.590861      2.510069
  C      -0.330410      0.697247      1.195804
  C      -0.060371     -0.269819      0.229863
  C       0.755230     -1.368857      0.554572
  C       1.297348     -1.490708      1.850741
  C       1.026348     -0.529200      2.813807
  C      -0.054233      1.629975      3.549400
  H       0.879685      2.186955      3.765326
  H      -0.363010      1.165464      4.502131
  H      -0.813032      2.361779      3.242708
  H      -1.134666      1.412804      1.020989
  H      -0.478926     -0.177520     -0.774708
  H       0.970353     -2.133741     -0.199529
  H       1.933990     -2.341992      2.095024
  H       1.445367     -0.629238      3.817249
  N      -1.841675     -0.580099    -10.048839
  O      -1.410445     -0.340897     -8.997427
  O      -2.027449     -0.183014    -11.127184
18
Coordinates from ORCA-job neb_orto_educts_ts_MEP_ALL E -475.701915273076
  C       0.168480      0.592629      2.237208
  C      -0.369714      0.583102      0.914329
  C      -0.093121     -0.464001      0.034678
  C       0.733571     -1.521625      0.445184
  C       1.278077     -1.524770      1.747591
  C       0.998464     -0.489815      2.629065
  C      -0.093653      1.716558      3.183298
  H       0.822348      2.335184      3.283750
  H      -0.328905      1.338959      4.192894
  H      -0.899365      2.382842      2.847822
  H      -1.277347      1.164996      0.746782
  H      -0.517492     -0.463550     -0.971343
  H       0.957447     -2.347822     -0.240627
  H       1.927299     -2.343848      2.059138
  H       1.422437     -0.503496      3.634460
  N      -1.659318     -0.379594     -8.863164
  O      -1.151973      0.048963     -7.907649
  O      -1.917237     -0.124712     -9.973414
18
Coordinates from ORCA-job neb_orto_educts_ts_MEP_ALL E -475.686880241411
  C       0.136954      0.594678      1.967758
  C      -0.414063      0.460262      0.650633
  C      -0.122724     -0.658402     -0.133324
  C       0.713352     -1.668353      0.355586
  C       1.257807     -1.550025      1.655192
  C       0.970859     -0.445580      2.445055
  C      -0.129815      1.795879      2.810707
  H       0.760791      2.458682      2.788011
  H      -0.291878      1.515766      3.864667
  H      -0.980531      2.393111      2.456138
  H      -1.398234      0.913862      0.511260
  H      -0.566570     -0.763133     -1.124367
  H       0.943959     -2.551405     -0.255163
  H       1.915591     -2.334206      2.031812
  H       1.397082     -0.373157      3.446103
  N      -1.473869     -0.162261     -7.716112
  O      -0.898515      0.469919     -6.921437
  O      -1.820197     -0.095637     -8.832519
18
Coordinates from ORCA-job neb_orto_educts_ts_MEP_ALL E -475.674402282221
  C       0.111373      0.596696      1.689254
  C      -0.463367      0.321414      0.397336
  C      -0.152661     -0.864155     -0.277580
  C       0.698197     -1.814170      0.285644
  C       1.238939     -1.565766      1.570292
  C       0.943954     -0.393814      2.254454
  C      -0.163256      1.868766      2.417716
  H       0.693407      2.557958      2.264535
  H      -0.252152      1.698032      3.502798
  H      -1.057648      2.393261      2.054203
  H      -1.499961      0.661401      0.303764
  H      -0.649377     -1.110621     -1.216580
  H       0.934700     -2.750267     -0.240181
  H       1.900666     -2.309806      2.014784
  H       1.368824     -0.232918      3.245636
  N      -1.271007      0.100551     -6.587065
  O      -0.659314      0.927591     -6.026592
  O      -1.721319     -0.084153     -7.652418
18
Coordinates from ORCA-job neb_orto_educts_ts_MEP_ALL E -475.671788273975
  C       0.089558      0.594170      1.396190
  C      -0.516612      0.162730      0.155141
  C      -0.191377     -1.083822     -0.403110
  C       0.688951     -1.953248      0.231944
  C       1.220281     -1.569085      1.487216
  C       0.917727     -0.334439      2.053150
  C      -0.193305      1.929869      2.002938
  H       0.621765      2.626111      1.718678
  H      -0.210767      1.878463      3.104086
  H      -1.128330      2.381987      1.642715
  H      -1.584240      0.412688      0.122758
  H      -0.759952     -1.494942     -1.241728
  H       0.933908     -2.936314     -0.196513
  H       1.880903     -2.264733      2.004883
  H       1.337328     -0.083247      3.028825
  N      -1.062258      0.413164     -5.499403
  O      -0.454687      1.358287     -5.166561
  O      -1.588892     -0.037637     -6.441209
18
Coordinates from ORCA-job neb_orto_educts_ts_MEP_ALL E -475.672893126445
  C       0.066268      0.582851      1.091810
  C      -0.577286     -0.003602     -0.070039
  C      -0.242652     -1.308140     -0.515926
  C       0.671399     -2.077152      0.183885
  C       1.193518     -1.559759      1.393064
  C       0.888630     -0.269472      1.835537
  C      -0.220641      1.973263      1.573207
  H       0.548095      2.655398      1.163452
  H      -0.168964      2.044104      2.673289
  H      -1.192024      2.357776      1.230250
  H      -1.660175      0.175518     -0.031940
  H      -0.829356     -1.829353     -1.282999
  H       0.930342     -3.094356     -0.139823
  H       1.850326     -2.196366      1.986622
  H       1.303099      0.069688      2.789070
  N      -0.885691      0.724901     -4.425482
  O      -0.259449      1.688705     -4.226657
  O      -1.415441      0.065998     -5.227318
18
Coordinates from ORCA-job neb_orto_educts_ts_MEP_ALL E -475.687971784341
  C       0.032252      0.575254      0.792378
  C      -0.630285     -0.119535     -0.309792
  C      -0.276383     -1.472412     -0.651633
  C       0.622883     -2.168148      0.127017
  C       1.145821     -1.539964      1.278840
  C       0.851955     -0.206826      1.605827
  C      -0.250589      2.000822      1.164642
  H       0.474380      2.654658      0.646370
  H      -0.131431      2.178620      2.247356
  H      -1.250791      2.332113      0.852064
  H      -1.721027     -0.014915     -0.189075
  H      -0.783388     -2.017721     -1.459370
  H       0.888759     -3.206830     -0.102739
  H       1.803469     -2.114798      1.932794
  H       1.269477      0.209792      2.529670
  N      -0.726478      0.880597     -3.263481
  O      -0.067839      1.841529     -3.158201
  O      -1.250785      0.187765     -4.042666
18
Coordinates from ORCA-job neb_orto_educts_ts_MEP_ALL E -475.759630607748
  C       0.002106      0.600999      0.563138
  C      -0.617131     -0.094636     -0.603955
  C      -0.251524     -1.505528     -0.859557
  C       0.541788     -2.191862      0.014473
  C       1.071348     -1.508734      1.142386
  C       0.797398     -0.158203      1.412172
  C      -0.277676      2.033066      0.831784
  H       0.409683      2.648253      0.218534
  H      -0.110265      2.283204      1.888816
  H      -1.292884      2.330306      0.527745
  H      -1.715760     -0.074839     -0.426322
  H      -0.657219     -1.966976     -1.764415
  H       0.791656     -3.241379     -0.157819
  H       1.730334     -2.054991      1.825710
  H       1.226414      0.306779      2.303209
  N      -0.555132      0.702323     -2.003215
  O       0.015148      1.759001     -2.007830
  O      -1.108284      0.133216     -2.904852
18
Coordinates from ORCA-job neb_orto_educts_ts_MEP_ALL E -475.663166774593
  C       0.282504      0.587724      3.016425
  C      -0.242160      0.906397      1.738144
  C       0.007265      0.087490      0.647154
  C       0.791740     -1.075227      0.803298
  C       1.323019     -1.407891      2.065932
  C       1.072361     -0.590001      3.154780
  C       0.025713      1.457100      4.200688
  H       0.975931      1.865044      4.593518
  H      -0.410616      0.870642      5.029391
  H      -0.643200      2.296763      3.969193
  H      -0.848017      1.808060      1.622176
  H      -0.402223      0.337747     -0.333945
  H       0.987268     -1.719181     -0.057691
  H       1.928231     -2.309645      2.181531
  H       1.478961     -0.843180      4.137118
  N      -2.180812     -0.930741    -12.296400
  O      -1.885807     -0.993276    -11.178936
  O      -2.260159     -0.347826    -13.292376
18
Coordinates from ORCA-job neb_orto_educts_ts_MEP_ALL E -475.719754903651
  C       0.243209      0.590238      2.758303
  C      -0.295350      0.794431      1.461832
  C      -0.027912     -0.088202      0.431360
  C       0.775666     -1.225751      0.668886
  C       1.311343     -1.451504      1.954490
  C       1.050996     -0.562562      2.980936
  C      -0.016100      1.545712      3.877029
  H       0.928758      2.034035      4.187464
  H      -0.390029      1.014373      4.769949
  H      -0.730471      2.333362      3.603764
  H      -0.989981      1.623309      1.304480
  H      -0.443112      0.079647     -0.567284
  H       0.979775     -1.930511     -0.139820
  H       1.933851     -2.330443      2.133950
  H       1.463293     -0.738452      3.978129
  N      -2.002146     -0.739179    -11.152919
  O      -1.649148     -0.684383    -10.052152
  O      -2.142641     -0.264120    -12.198398
18
Coordinates from ORCA-job neb_orto_educts_ts_MEP_ALL E -475.713537470621
  C       0.207995      0.593836      2.505275
  C      -0.340030      0.684889      1.196561
  C      -0.059640     -0.260664      0.232751
  C       0.757570     -1.369513      0.553474
  C       1.297489     -1.489978      1.854096
  C       1.028531     -0.532469      2.813038
  C      -0.056341      1.629330      3.548962
  H       0.880114      2.186840      3.765204
  H      -0.362387      1.166081      4.502446
  H      -0.813094      2.361592      3.241811
  H      -1.129960      1.417596      1.018387
  H      -0.480272     -0.178748     -0.774380
  H       0.969968     -2.134359     -0.199414
  H       1.933707     -2.341929      2.094953
  H       1.445437     -0.629023      3.817095
  N      -1.836776     -0.567091    -10.049074
  O      -1.412552     -0.346848     -8.995682
  O      -2.029756     -0.189543    -11.125502
18
Coordinates from ORCA-job neb_orto_educts_ts_MEP_ALL E -475.701915273076
  C       0.172524      0.597038      2.230932
  C      -0.383208      0.562268      0.919174
  C      -0.091407     -0.450194      0.036171
  C       0.736392     -1.521661      0.443588
  C       1.278420     -1.523342      1.752638
  C       1.001251     -0.494158      2.628774
  C      -0.096524      1.715148      3.183512
  H       0.823083      2.335003      3.284046
  H      -0.328013      1.339755      4.193529
  H      -0.899247      2.382715      2.847130
  H      -1.271241      1.173494      0.741897
  H      -0.519584     -0.465047     -0.970722
  H       0.956584     -2.348455     -0.240369
  H       1.926962     -2.343739      2.059212
  H       1.422498     -0.503326      3.634487
  N      -1.652162     -0.359030     -8.868895
  O      -1.154550      0.039072     -7.902400
  O      -1.921779     -0.135540     -9.972704
18
Coordinates from ORCA-job neb_orto_educts_ts_MEP_ALL E -475.686880241411
  C       0.141681      0.599605      1.960395
  C      -0.427641      0.432549      0.660701
  C      -0.121899     -0.642380     -0.135222
  C       0.716179     -1.667232      0.353658
  C       1.258561     -1.548191      1.661192
  C       0.973924     -0.450053      2.445318
  C      -0.132653      1.794189      2.811352
  H       0.761694      2.458755      2.788165
  H      -0.290732      1.516898      3.865077
  H      -0.980298      2.393016      2.455126
  H      -1.392423      0.924605      0.503551
  H      -0.569026     -0.764707     -1.124045
  H       0.942468     -2.552237     -0.254718
  H       1.915265     -2.333995      2.032195
  H       1.397133     -0.372859      3.446113
  N      -1.465164     -0.134458     -7.729772
  O      -0.899677      0.458128     -6.908240
  O      -1.827392     -0.111634     -8.830846
18
Coordinates from ORCA-job neb_orto_educts_ts_MEP_ALL E -475.674402282221
  C       0.115198      0.600891      1.680882
  C      -0.473702      0.289860      0.413279
  C      -0.155603     -0.848677     -0.282394
  C       0.701087     -1.811286      0.284210
  C       1.240576     -1.564119      1.576011
  C       0.947216     -0.397743      2.255330
  C      -0.165146      1.867403      2.418955
  H       0.694403      2.558288      2.264807
  H      -0.250874      1.699280      3.503038
  H      -1.057273      2.393088      2.053105
  H      -1.495279      0.672843      0.293631
  H      -0.651195     -1.110639     -1.217157
  H       0.932524     -2.751105     -0.239352
  H       1.900374     -2.309364      2.015720
  H       1.368851     -0.232545      3.245785
  N      -1.263506      0.129912     -6.610415
  O      -0.659008      0.916389     -6.009076
  O      -1.728643     -0.102478     -7.646361
18
Coordinates from ORCA-job neb_orto_educts_ts_MEP_ALL E -475.671788273975
  C       0.091085      0.595010      1.386348
  C      -0.522937      0.131013      0.175993
  C      -0.198446     -1.069478     -0.406760
  C       0.691908     -1.949426      0.231489
  C       1.223043     -1.567898      1.491103
  C       0.921380     -0.337454      2.053929
  C      -0.193851      1.929753      2.003650
  H       0.622757      2.626663      1.718894
  H      -0.209448      1.879598      3.103835
  H      -1.127897      2.381763      1.641582
  H      -1.580996      0.423575      0.110691
  H      -0.760585     -1.492471     -1.243718
  H       0.931270     -2.937115     -0.195084
  H       1.880516     -2.263966      2.006235
  H       1.337350     -0.082715      3.028973
  N      -1.058417      0.433647     -5.523891
  O      -0.457248      1.346088     -5.155504
  O      -1.589484     -0.046587     -6.427766
18
Coordinates from ORCA-job neb_orto_educts_ts_MEP_ALL E -475.672893126445
  C       0.065331      0.577636      1.082063
  C      -0.581222     -0.029900     -0.045693
  C      -0.248114     -1.294583     -0.518237
  C       0.673537     -2.074381      0.185558
  C       1.196988     -1.560297      1.393470
  C       0.891707     -0.270090      1.834897
  C      -0.220030      1.975413      1.572010
  H       0.548962      2.656054      1.163472
  H      -0.167669      2.044840      2.672410
  H      -1.191613      2.357664      1.229243
  H      -1.658682      0.185587     -0.044995
  H      -0.830121     -1.825945     -1.284628
  H       0.927771     -3.094986     -0.137915
  H       1.849738     -2.195478      1.987939
  H       1.303060      0.070432      2.789115
  N      -0.882542      0.732855     -4.440820
  O      -0.269394      1.671143     -4.227218
  O      -1.407708      0.074037     -5.210672
18
Coordinates from ORCA-job neb_orto_educts_ts_MEP_ALL E -475.687971784341
  C       0.029479      0.568575      0.784216
  C      -0.631587     -0.136486     -0.290958
  C      -0.278331     -1.459628     -0.655017
  C       0.625152     -2.166459      0.130692
  C       1.147727     -1.542619      1.277968
  C       0.854525     -0.207329      1.604086
  C      -0.250056      2.003802      1.162841
  H       0.475404      2.655020      0.646811
  H      -0.130190      2.178496      2.247001
  H      -1.250142      2.332343      0.851872
  H      -1.721179     -0.006001     -0.200499
  H      -0.786056     -2.015195     -1.458596
  H       0.886822     -3.206860     -0.101284
  H       1.802949     -2.114263      1.933723
  H       1.269522      0.210405      2.529889
  N      -0.719708      0.884288     -3.275614
  O      -0.081795      1.822580     -3.162189
  O      -1.242537      0.199333     -4.024940
18
Coordinates from ORCA-job neb_orto_educts_ts_MEP_ALL E -475.759630607748
  C       0.002396      0.601135      0.562991
  C      -0.617241     -0.094557     -0.603856
  C      -0.252181     -1.505645     -0.859159
  C       0.540987     -2.192057      0.014940
  C       1.070936     -1.508848      1.142621
  C       0.797515     -0.158151      1.412112
  C      -0.276829      2.033370      0.831324
  H       0.410680      2.648155      0.217839
  H      -0.109196      2.283704      1.888274
  H      -1.291966      2.330908      0.527337
  H      -1.715840     -0.074314     -0.426093
  H      -0.658157     -1.967165     -1.763856
  H       0.790449     -3.241708     -0.157128
  H       1.729807     -2.055181      1.825997
  H       1.226810      0.306890      2.302983
  N      -0.555122      0.702038     -2.003318
  O       0.015544      1.758507     -2.008260
  O      -1.108594      0.132915     -2.904748
18
Coordinates from ORCA-job neb_orto_educts_ts_MEP_ALL E -475.663166774593
  C       0.282504      0.587724      3.016425
  C      -0.242160      0.906397      1.738144
  C       0.007265      0.087490      0.647154
  C       0.791740     -1.075227      0.803298
  C       1.323019     -1.407891      2.065932
  C       1.072361     -0.590001      3.154780
  C       0.025713      1.457100      4.200688
  H       0.975931      1.865044      4.593518
  H      -0.410616      0.870642      5.029391
  H      -0.643200      2.296763      3.969193
  H      -0.848017      1.808060      1.622176
  H      -0.402223      0.337747     -0.333945
  H       0.987268     -1.719181     -0.057691
  H       1.928231     -2.309645      2.181531
  H       1.478961     -0.843180      4.137118
  N      -2.180812     -0.930741    -12.296400
  O      -1.885807     -0.993276    -11.178936
  O      -2.260159     -0.347826    -13.292376
18
Coordinates from ORCA-job neb_orto_educts_ts_MEP_ALL E -475.719754903651
  C       0.243209      0.590238      2.758303
  C      -0.295350      0.794431      1.461832
  C      -0.027912     -0.088202      0.431360
  C       0.775666     -1.225751      0.668886
  C       1.311343     -1.451504      1.954490
  C       1.050996     -0.562562      2.980936
  C      -0.016100      1.545712      3.877029
  H       0.928758      2.034035      4.187464
  H      -0.390029      1.014373      4.769949
  H      -0.730471      2.333362      3.603764
  H      -0.989981      1.623309      1.304480
  H      -0.443112      0.079647     -0.567284
  H       0.979775     -1.930511     -0.139820
  H       1.933851     -2.330443      2.133950
  H       1.463293     -0.738452      3.978129
  N      -2.002146     -0.739179    -11.152919
  O      -1.649148     -0.684383    -10.052152
  O      -2.142641     -0.264120    -12.198398
18
Coordinates from ORCA-job neb_orto_educts_ts_MEP_ALL E -475.713537470621
  C       0.207995      0.593836      2.505275
  C      -0.340030      0.684889      1.196561
  C      -0.059640     -0.260664      0.232751
  C       0.757570     -1.369513      0.553474
  C       1.297489     -1.489978      1.854096
  C       1.028531     -0.532469      2.813038
  C      -0.056341      1.629330      3.548962
  H       0.880114      2.186840      3.765204
  H      -0.362387      1.166081      4.502446
  H      -0.813094      2.361592      3.241811
  H      -1.129960      1.417596      1.018387
  H      -0.480272     -0.178748     -0.774380
  H       0.969968     -2.134359     -0.199414
  H       1.933707     -2.341929      2.094953
  H       1.445437     -0.629023      3.817095
  N      -1.836776     -0.567091    -10.049074
  O      -1.412552     -0.346848     -8.995682
  O      -2.029756     -0.189543    -11.125502
18
Coordinates from ORCA-job neb_orto_educts_ts_MEP_ALL E -475.701915273076
  C       0.172524      0.597038      2.230932
  C      -0.383208      0.562268      0.919174
  C      -0.091407     -0.450194      0.036171
  C       0.736392     -1.521661      0.443588
  C       1.278420     -1.523342      1.752638
  C       1.001251     -0.494158      2.628774
  C      -0.096524      1.715148      3.183512
  H       0.823083      2.335003      3.284046
  H      -0.328013      1.339755      4.193529
  H      -0.899247      2.382715      2.847130
  H      -1.271241      1.173494      0.741897
  H      -0.519584     -0.465047     -0.970722
  H       0.956584     -2.348455     -0.240369
  H       1.926962     -2.343739      2.059212
  H       1.422498     -0.503326      3.634487
  N      -1.652162     -0.359030     -8.868895
  O      -1.154550      0.039072     -7.902400
  O      -1.921779     -0.135540     -9.972704
18
Coordinates from ORCA-job neb_orto_educts_ts_MEP_ALL E -475.686880241411
  C       0.141681      0.599605      1.960395
  C      -0.427641      0.432549      0.660701
  C      -0.121899     -0.642380     -0.135222
  C       0.716179     -1.667232      0.353658
  C       1.258561     -1.548191      1.661192
  C       0.973924     -0.450053      2.445318
  C      -0.132653      1.794189      2.811352
  H       0.761694      2.458755      2.788165
  H      -0.290732      1.516898      3.865077
  H      -0.980298      2.393016      2.455126
  H      -1.392423      0.924605      0.503551
  H      -0.569026     -0.764707     -1.124045
  H       0.942468     -2.552237     -0.254718
  H       1.915265     -2.333995      2.032195
  H       1.397133     -0.372859      3.446113
  N      -1.465164     -0.134458     -7.729772
  O      -0.899677      0.458128     -6.908240
  O      -1.827392     -0.111634     -8.830846
18
Coordinates from ORCA-job neb_orto_educts_ts_MEP_ALL E -475.674402282221
  C       0.115198      0.600891      1.680882
  C      -0.473702      0.289860      0.413279
  C      -0.155603     -0.848677     -0.282394
  C       0.701087     -1.811286      0.284210
  C       1.240576     -1.564119      1.576011
  C       0.947216     -0.397743      2.255330
  C      -0.165146      1.867403      2.418955
  H       0.694403      2.558288      2.264807
  H      -0.250874      1.699280      3.503038
  H      -1.057273      2.393088      2.053105
  H      -1.495279      0.672843      0.293631
  H      -0.651195     -1.110639     -1.217157
  H       0.932524     -2.751105     -0.239352
  H       1.900374     -2.309364      2.015720
  H       1.368851     -0.232545      3.245785
  N      -1.263506      0.129912     -6.610415
  O      -0.659008      0.916389     -6.009076
  O      -1.728643     -0.102478     -7.646361
18
Coordinates from ORCA-job neb_orto_educts_ts_MEP_ALL E -475.671788273975
  C       0.091085      0.595010      1.386348
  C      -0.522937      0.131013      0.175993
  C      -0.198446     -1.069478     -0.406760
  C       0.691908     -1.949426      0.231489
  C       1.223043     -1.567898      1.491103
  C       0.921380     -0.337454      2.053929
  C      -0.193851      1.929753      2.003650
  H       0.622757      2.626663      1.718894
  H      -0.209448      1.879598      3.103835
  H      -1.127897      2.381763      1.641582
  H      -1.580996      0.423575      0.110691
  H      -0.760585     -1.492471     -1.243718
  H       0.931270     -2.937115     -0.195084
  H       1.880516     -2.263966      2.006235
  H       1.337350     -0.082715      3.028973
  N      -1.058417      0.433647     -5.523891
  O      -0.457248      1.346088     -5.155504
  O      -1.589484     -0.046587     -6.427766
18
Coordinates from ORCA-job neb_orto_educts_ts_MEP_ALL E -475.672893126445
  C       0.065331      0.577636      1.082063
  C      -0.581222     -0.029900     -0.045693
  C      -0.248114     -1.294583     -0.518237
  C       0.673537     -2.074381      0.185558
  C       1.196988     -1.560297      1.393470
  C       0.891707     -0.270090      1.834897
  C      -0.220030      1.975413      1.572010
  H       0.548962      2.656054      1.163472
  H      -0.167669      2.044840      2.672410
  H      -1.191613      2.357664      1.229243
  H      -1.658682      0.185587     -0.044995
  H      -0.830121     -1.825945     -1.284628
  H       0.927771     -3.094986     -0.137915
  H       1.849738     -2.195478      1.987939
  H       1.303060      0.070432      2.789115
  N      -0.882542      0.732855     -4.440820
  O      -0.269394      1.671143     -4.227218
  O      -1.407708      0.074037     -5.210672
18
Coordinates from ORCA-job neb_orto_educts_ts_MEP_ALL E -475.687971784341
  C       0.029479      0.568575      0.784216
  C      -0.631587     -0.136486     -0.290958
  C      -0.278331     -1.459628     -0.655017
  C       0.625152     -2.166459      0.130692
  C       1.147727     -1.542619      1.277968
  C       0.854525     -0.207329      1.604086
  C      -0.250056      2.003802      1.162841
  H       0.475404      2.655020      0.646811
  H      -0.130190      2.178496      2.247001
  H      -1.250142      2.332343      0.851872
  H      -1.721179     -0.006001     -0.200499
  H      -0.786056     -2.015195     -1.458596
  H       0.886822     -3.206860     -0.101284
  H       1.802949     -2.114263      1.933723
  H       1.269522      0.210405      2.529889
  N      -0.719708      0.884288     -3.275614
  O      -0.081795      1.822580     -3.162189
  O      -1.242537      0.199333     -4.024940
18
Coordinates from ORCA-job neb_orto_educts_ts_MEP_ALL E -475.759630607748
  C       0.002396      0.601135      0.562991
  C      -0.617241     -0.094557     -0.603856
  C      -0.252181     -1.505645     -0.859159
  C       0.540987     -2.192057      0.014940
  C       1.070936     -1.508848      1.142621
  C       0.797515     -0.158151      1.412112
  C      -0.276829      2.033370      0.831324
  H       0.410680      2.648155      0.217839
  H      -0.109196      2.283704      1.888274
  H      -1.291966      2.330908      0.527337
  H      -1.715840     -0.074314     -0.426093
  H      -0.658157     -1.967165     -1.763856
  H       0.790449     -3.241708     -0.157128
  H       1.729807     -2.055181      1.825997
  H       1.226810      0.306890      2.302983
  N      -0.555122      0.702038     -2.003318
  O       0.015544      1.758507     -2.008260
  O      -1.108594      0.132915     -2.904748
18
Coordinates from ORCA-job neb_orto_educts_ts_MEP_ALL E -475.663166774593
  C       0.282504      0.587724      3.016425
  C      -0.242160      0.906397      1.738144
  C       0.007265      0.087490      0.647154
  C       0.791740     -1.075227      0.803298
  C       1.323019     -1.407891      2.065932
  C       1.072361     -0.590001      3.154780
  C       0.025713      1.457100      4.200688
  H       0.975931      1.865044      4.593518
  H      -0.410616      0.870642      5.029391
  H      -0.643200      2.296763      3.969193
  H      -0.848017      1.808060      1.622176
  H      -0.402223      0.337747     -0.333945
  H       0.987268     -1.719181     -0.057691
  H       1.928231     -2.309645      2.181531
  H       1.478961     -0.843180      4.137118
  N      -2.180812     -0.930741    -12.296400
  O      -1.885807     -0.993276    -11.178936
  O      -2.260159     -0.347826    -13.292376
18
Coordinates from ORCA-job neb_orto_educts_ts_MEP_ALL E -475.719754903651
  C       0.243494      0.591665      2.756312
  C      -0.299398      0.789729      1.461024
  C      -0.028268     -0.083655      0.434033
  C       0.777132     -1.226285      0.668338
  C       1.311394     -1.451137      1.956418
  C       1.052377     -0.564576      2.980337
  C      -0.017038      1.545496      3.876808
  H       0.929030      2.033835      4.187823
  H      -0.389773      1.014499      4.770408
  H      -0.730464      2.333178      3.603560
  H      -0.987524      1.625196      1.303903
  H      -0.443604      0.079315     -0.566950
  H       0.979683     -1.930633     -0.139689
  H       1.933671     -2.330386      2.133892
  H       1.463370     -0.738395      3.978152
  N      -2.000214     -0.733988    -11.153093
  O      -1.650104     -0.687118    -10.052207
  O      -2.143765     -0.266741    -12.199068
18
Coordinates from ORCA-job neb_orto_educts_ts_MEP_ALL E -475.713537470621
  C       0.210099      0.596811      2.500506
  C      -0.349651      0.672534      1.197347
  C      -0.058906     -0.251487      0.235655
  C       0.759912     -1.370154      0.552385
  C       1.297632     -1.489243      1.857461
  C       1.030717     -0.535744      2.812287
  C      -0.058448      1.628674      3.548560
  H       0.880547      2.186711      3.765127
  H      -0.361767      1.166681      4.502791
  H      -0.813149      2.361403      3.240952
  H      -1.125239      1.422414      1.015810
  H      -0.481615     -0.179948     -0.774034
  H       0.969583     -2.134957     -0.199296
  H       1.933424     -2.341866      2.094885
  H       1.445508     -0.628820      3.816958
  N      -1.831890     -0.554093    -10.049427
  O      -1.414682     -0.352837     -8.994037
  O      -2.032075     -0.196079    -11.123930
18
Coordinates from ORCA-job neb_orto_educts_ts_MEP_ALL E -475.701915273076
  C       0.176570      0.601444      2.224682
  C      -0.396699      0.541446      0.924047
  C      -0.089689     -0.436369      0.037679
  C       0.739213     -1.521683      0.442000
  C       1.278761     -1.521913      1.757693
  C       1.004039     -0.498509      2.628501
  C      -0.099391      1.713727      3.183764
  H       0.823826      2.334806      3.284393
  H      -0.327125      1.340531      4.194196
  H      -0.899121      2.382585      2.846479
  H      -1.265121      1.182016      0.737035
  H      -0.521672     -0.466514     -0.970087
  H       0.955720     -2.349069     -0.240111
  H       1.926622     -2.343634      2.059287
  H       1.422560     -0.503173      3.634532
  N      -1.645018     -0.338480     -8.874739
  O      -1.157148      0.029148     -7.897248
  O      -1.926326     -0.146361     -9.972104
18
Coordinates from ORCA-job neb_orto_educts_ts_MEP_ALL E -475.686880241411
  C       0.146411      0.604526      1.953055
  C      -0.441217      0.404848      0.670793
  C      -0.121074     -0.626342     -0.137113
  C       0.718996     -1.666105      0.351734
  C       1.259303     -1.546368      1.667198
  C       0.976983     -0.454542      2.445597
  C      -0.135483      1.792490      2.812031
  H       0.762612      2.458810      2.788367
  H      -0.289587      1.518009      3.865518
  H      -0.980050      2.392921      2.454149
  H      -1.386598      0.935374      0.495856
  H      -0.571478     -0.766247     -1.123718
  H       0.940963     -2.553058     -0.254279
  H       1.914921     -2.333802      2.032577
  H       1.397176     -0.372588      3.446140
  N      -1.456457     -0.106650     -7.743529
  O      -0.900842      0.446324     -6.895111
  O      -1.834579     -0.127600     -8.829267
18
Coordinates from ORCA-job neb_orto_educts_ts_MEP_ALL E -475.674402282221
  C       0.119020      0.605074      1.672484
  C      -0.484046      0.258298      0.429199
  C      -0.158557     -0.833217     -0.287228
  C       0.703948     -1.808428      0.282765
  C       1.242179     -1.562500      1.581719
  C       0.950456     -0.401694      2.256189
  C      -0.167024      1.866036      2.420162
  H       0.695417      2.558603      2.265041
  H      -0.249584      1.700531      3.503246
  H      -1.056880      2.392920      2.051972
  H      -1.490595      0.684279      0.283476
  H      -0.653033     -1.110679     -1.217746
  H       0.930308     -2.751974     -0.238527
  H       1.900035     -2.308956      2.016653
  H       1.368854     -0.232195      3.245919
  N      -1.255941      0.159355     -6.633663
  O      -0.658639      0.905273     -5.991474
  O      -1.735916     -0.120726     -7.640189
18
Coordinates from ORCA-job neb_orto_educts_ts_MEP_ALL E -475.671788273975
  C       0.092608      0.595831      1.376477
  C      -0.529276      0.099292      0.196818
  C      -0.205537     -1.055151     -0.410436
  C       0.694820     -1.945637      0.231017
  C       1.225755     -1.566752      1.494976
  C       0.925002     -0.340501      2.054689
  C      -0.194377      1.929627      2.004329
  H       0.623781      2.627189      1.719078
  H      -0.208112      1.880727      3.103552
  H      -1.127436      2.381544      1.640414
  H      -1.577749      0.434466      0.098592
  H      -0.761247     -1.490010     -1.245735
  H       0.928570     -2.937952     -0.193668
  H       1.880057     -2.263252      2.007580
  H       1.337338     -0.082224      3.029106
  N      -1.054486      0.454236     -5.548260
  O      -0.459713      1.333992     -5.144333
  O      -1.589999     -0.055425     -6.414196
18
Coordinates from ORCA-job neb_orto_educts_ts_MEP_ALL E -475.672893126445
  C       0.064390      0.572402      1.072335
  C      -0.585167     -0.056175     -0.021344
  C      -0.253587     -1.281006     -0.520570
  C       0.675634     -2.071622      0.187206
  C       1.200412     -1.560882      1.393868
  C       0.894758     -0.270757      1.834268
  C      -0.219397      1.977542      1.570853
  H       0.549869      2.656680      1.163555
  H      -0.166367      2.045531      2.671572
  H      -1.191170      2.357556      1.228270
  H      -1.657179      0.195691     -0.058065
  H      -0.830904     -1.822493     -1.286295
  H       0.925141     -3.095627     -0.136045
  H       1.849085     -2.194659      1.989244
  H       1.302990      0.071104      2.789183
  N      -0.879328      0.740882     -4.456186
  O      -0.279269      1.653647     -4.227777
  O      -1.399913      0.082185     -5.194072
18
Coordinates from ORCA-job neb_orto_educts_ts_MEP_ALL E -475.687971784341
  C       0.026706      0.561882      0.776053
  C      -0.632900     -0.153437     -0.272127
  C      -0.280297     -1.446833     -0.658438
  C       0.627383     -2.164784      0.134328
  C       1.149594     -1.545312      1.277081
  C       0.857073     -0.207874      1.602345
  C      -0.249503      2.006763      1.161060
  H       0.476461      2.655362      0.647288
  H      -0.128938      2.178338      2.246668
  H      -1.249467      2.332577      0.851693
  H      -1.721325      0.002937     -0.211955
  H      -0.788733     -2.012634     -1.457877
  H       0.884832     -3.206906     -0.099875
  H       1.802371     -2.113790      1.934633
  H       1.269540      0.210957      2.530118
  N      -0.712887      0.888058     -3.287707
  O      -0.095679      1.803703     -3.166096
  O      -1.234229      0.210993     -4.007192
18
Coordinates from ORCA-job neb_orto_educts_ts_MEP_ALL E -475.759630607748
  C       0.002689      0.601262      0.562855
  C      -0.617345     -0.094457     -0.603765
  C      -0.252854     -1.505742     -0.858791
  C       0.540150     -2.192260      0.015374
  C       1.070487     -1.509000      1.142841
  C       0.797613     -0.158138      1.412058
  C      -0.275957      2.033664      0.830895
  H       0.411718      2.648047      0.217194
  H      -0.108109      2.284172      1.887770
  H      -1.291014      2.331522      0.526956
  H      -1.715916     -0.073754     -0.425883
  H      -0.659108     -1.967311     -1.763337
  H       0.789191     -3.242045     -0.156485
  H       1.729225     -2.055430      1.826267
  H       1.227187      0.306941      2.302776
  N      -0.555078      0.701799     -2.003414
  O       0.015992      1.758047     -2.008659
  O      -1.108869      0.132684     -2.904654
