18
Coordinates from ORCA-job neb_orto_educts_ts_MEP E -475.663166774593
  C       0.282504      0.587724      3.016425
  C      -0.242160      0.906397      1.738144
  C       0.007265      0.087490      0.647154
  C       0.791740     -1.075227      0.803298
  C       1.323019     -1.407891      2.065932
  C       1.072361     -0.590001      3.154780
  C       0.025713      1.457100      4.200688
  H       0.975931      1.865044      4.593518
  H      -0.410616      0.870642      5.029391
  H      -0.643200      2.296763      3.969193
  H      -0.848017      1.808060      1.622176
  H      -0.402223      0.337747     -0.333945
  H       0.987268     -1.719181     -0.057691
  H       1.928231     -2.309645      2.181531
  H       1.478961     -0.843180      4.137118
  N      -2.180812     -0.930741    -12.296400
  O      -1.885807     -0.993276    -11.178936
  O      -2.260159     -0.347826    -13.292376
18
Coordinates from ORCA-job neb_orto_educts_ts_MEP E -475.719754903651
  C       0.243494      0.591665      2.756312
  C      -0.299398      0.789729      1.461024
  C      -0.028268     -0.083655      0.434033
  C       0.777132     -1.226285      0.668338
  C       1.311394     -1.451137      1.956418
  C       1.052377     -0.564576      2.980337
  C      -0.017038      1.545496      3.876808
  H       0.929030      2.033835      4.187823
  H      -0.389773      1.014499      4.770408
  H      -0.730464      2.333178      3.603560
  H      -0.987524      1.625196      1.303903
  H      -0.443604      0.079315     -0.566950
  H       0.979683     -1.930633     -0.139689
  H       1.933671     -2.330386      2.133892
  H       1.463370     -0.738395      3.978152
  N      -2.000214     -0.733988    -11.153093
  O      -1.650104     -0.687118    -10.052207
  O      -2.143765     -0.266741    -12.199068
18
Coordinates from ORCA-job neb_orto_educts_ts_MEP E -475.713537470621
  C       0.210099      0.596811      2.500506
  C      -0.349651      0.672534      1.197347
  C      -0.058906     -0.251487      0.235655
  C       0.759912     -1.370154      0.552385
  C       1.297632     -1.489243      1.857461
  C       1.030717     -0.535744      2.812287
  C      -0.058448      1.628674      3.548560
  H       0.880547      2.186711      3.765127
  H      -0.361767      1.166681      4.502791
  H      -0.813149      2.361403      3.240952
  H      -1.125239      1.422414      1.015810
  H      -0.481615     -0.179948     -0.774034
  H       0.969583     -2.134957     -0.199296
  H       1.933424     -2.341866      2.094885
  H       1.445508     -0.628820      3.816958
  N      -1.831890     -0.554093    -10.049427
  O      -1.414682     -0.352837     -8.994037
  O      -2.032075     -0.196079    -11.123930
18
Coordinates from ORCA-job neb_orto_educts_ts_MEP E -475.701915273076
  C       0.176570      0.601444      2.224682
  C      -0.396699      0.541446      0.924047
  C      -0.089689     -0.436369      0.037679
  C       0.739213     -1.521683      0.442000
  C       1.278761     -1.521913      1.757693
  C       1.004039     -0.498509      2.628501
  C      -0.099391      1.713727      3.183764
  H       0.823826      2.334806      3.284393
  H      -0.327125      1.340531      4.194196
  H      -0.899121      2.382585      2.846479
  H      -1.265121      1.182016      0.737035
  H      -0.521672     -0.466514     -0.970087
  H       0.955720     -2.349069     -0.240111
  H       1.926622     -2.343634      2.059287
  H       1.422560     -0.503173      3.634532
  N      -1.645018     -0.338480     -8.874739
  O      -1.157148      0.029148     -7.897248
  O      -1.926326     -0.146361     -9.972104
18
Coordinates from ORCA-job neb_orto_educts_ts_MEP E -475.686880241411
  C       0.146411      0.604526      1.953055
  C      -0.441217      0.404848      0.670793
  C      -0.121074     -0.626342     -0.137113
  C       0.718996     -1.666105      0.351734
  C       1.259303     -1.546368      1.667198
  C       0.976983     -0.454542      2.445597
  C      -0.135483      1.792490      2.812031
  H       0.762612      2.458810      2.788367
  H      -0.289587      1.518009      3.865518
  H      -0.980050      2.392921      2.454149
  H      -1.386598      0.935374      0.495856
  H      -0.571478     -0.766247     -1.123718
  H       0.940963     -2.553058     -0.254279
  H       1.914921     -2.333802      2.032577
  H       1.397176     -0.372588      3.446140
  N      -1.456457     -0.106650     -7.743529
  O      -0.900842      0.446324     -6.895111
  O      -1.834579     -0.127600     -8.829267
18
Coordinates from ORCA-job neb_orto_educts_ts_MEP E -475.674402282221
  C       0.119020      0.605074      1.672484
  C      -0.484046      0.258298      0.429199
  C      -0.158557     -0.833217     -0.287228
  C       0.703948     -1.808428      0.282765
  C       1.242179     -1.562500      1.581719
  C       0.950456     -0.401694      2.256189
  C      -0.167024      1.866036      2.420162
  H       0.695417      2.558603      2.265041
  H      -0.249584      1.700531      3.503246
  H      -1.056880      2.392920      2.051972
  H      -1.490595      0.684279      0.283476
  H      -0.653033     -1.110679     -1.217746
  H       0.930308     -2.751974     -0.238527
  H       1.900035     -2.308956      2.016653
  H       1.368854     -0.232195      3.245919
  N      -1.255941      0.159355     -6.633663
  O      -0.658639      0.905273     -5.991474
  O      -1.735916     -0.120726     -7.640189
18
Coordinates from ORCA-job neb_orto_educts_ts_MEP E -475.671788273975
  C       0.092608      0.595831      1.376477
  C      -0.529276      0.099292      0.196818
  C      -0.205537     -1.055151     -0.410436
  C       0.694820     -1.945637      0.231017
  C       1.225755     -1.566752      1.494976
  C       0.925002     -0.340501      2.054689
  C      -0.194377      1.929627      2.004329
  H       0.623781      2.627189      1.719078
  H      -0.208112      1.880727      3.103552
  H      -1.127436      2.381544      1.640414
  H      -1.577749      0.434466      0.098592
  H      -0.761247     -1.490010     -1.245735
  H       0.928570     -2.937952     -0.193668
  H       1.880057     -2.263252      2.007580
  H       1.337338     -0.082224      3.029106
  N      -1.054486      0.454236     -5.548260
  O      -0.459713      1.333992     -5.144333
  O      -1.589999     -0.055425     -6.414196
18
Coordinates from ORCA-job neb_orto_educts_ts_MEP E -475.672893126445
  C       0.064390      0.572402      1.072335
  C      -0.585167     -0.056175     -0.021344
  C      -0.253587     -1.281006     -0.520570
  C       0.675634     -2.071622      0.187206
  C       1.200412     -1.560882      1.393868
  C       0.894758     -0.270757      1.834268
  C      -0.219397      1.977542      1.570853
  H       0.549869      2.656680      1.163555
  H      -0.166367      2.045531      2.671572
  H      -1.191170      2.357556      1.228270
  H      -1.657179      0.195691     -0.058065
  H      -0.830904     -1.822493     -1.286295
  H       0.925141     -3.095627     -0.136045
  H       1.849085     -2.194659      1.989244
  H       1.302990      0.071104      2.789183
  N      -0.879328      0.740882     -4.456186
  O      -0.279269      1.653647     -4.227777
  O      -1.399913      0.082185     -5.194072
18
Coordinates from ORCA-job neb_orto_educts_ts_MEP E -475.687971784341
  C       0.026706      0.561882      0.776053
  C      -0.632900     -0.153437     -0.272127
  C      -0.280297     -1.446833     -0.658438
  C       0.627383     -2.164784      0.134328
  C       1.149594     -1.545312      1.277081
  C       0.857073     -0.207874      1.602345
  C      -0.249503      2.006763      1.161060
  H       0.476461      2.655362      0.647288
  H      -0.128938      2.178338      2.246668
  H      -1.249467      2.332577      0.851693
  H      -1.721325      0.002937     -0.211955
  H      -0.788733     -2.012634     -1.457877
  H       0.884832     -3.206906     -0.099875
  H       1.802371     -2.113790      1.934633
  H       1.269540      0.210957      2.530118
  N      -0.712887      0.888058     -3.287707
  O      -0.095679      1.803703     -3.166096
  O      -1.234229      0.210993     -4.007192
18
Coordinates from ORCA-job neb_orto_educts_ts_MEP E -475.759630607748
  C       0.002689      0.601262      0.562855
  C      -0.617345     -0.094457     -0.603765
  C      -0.252854     -1.505742     -0.858791
  C       0.540150     -2.192260      0.015374
  C       1.070487     -1.509000      1.142841
  C       0.797613     -0.158138      1.412058
  C      -0.275957      2.033664      0.830895
  H       0.411718      2.648047      0.217194
  H      -0.108109      2.284172      1.887770
  H      -1.291014      2.331522      0.526956
  H      -1.715916     -0.073754     -0.425883
  H      -0.659108     -1.967311     -1.763337
  H       0.789191     -3.242045     -0.156485
  H       1.729225     -2.055430      1.826267
  H       1.227187      0.306941      2.302776
  N      -0.555078      0.701799     -2.003414
  O       0.015992      1.758047     -2.008659
  O      -1.108869      0.132684     -2.904654
