17
Coordinates from ORCA-job first_job E -296.613266825718
  C      -2.590090     -1.691920      0.017560
  C      -3.786420     -0.744300     -0.021590
  C      -5.108130     -1.520430      0.010280
  H      -3.733730     -0.136390     -0.951270
  H      -3.733890     -0.061950      0.854910
  C      -6.306680     -0.565470     -0.029210
  H      -5.154190     -2.128890      0.940560
  H      -5.154010     -2.203390     -0.866780
  C      -7.624700     -1.333800      0.002310
  H      -6.268840      0.043610     -0.958720
  H      -6.269030      0.118030      0.847040
  H      -7.698680     -2.009880     -0.876060
  H      -8.473440     -0.618430     -0.027270
  H      -7.698890     -1.935300      0.933330
  F      -1.416740     -0.960850     -0.012470
  H      -2.610930     -2.373130     -0.859730
  H      -2.611080     -2.298620      0.947930
17
Coordinates from ORCA-job first_job E -296.614873186349
  C      -2.570477     -1.686974      0.017723
  C      -3.769288     -0.749825     -0.022189
  C      -5.104214     -1.509362      0.008199
  H      -3.708817     -0.139331     -0.939130
  H      -3.710726     -0.066335      0.841756
  C      -6.320348     -0.573764     -0.029922
  H      -5.152690     -2.124389      0.924952
  H      -5.152285     -2.197376     -0.855168
  C      -7.654219     -1.331183      0.003578
  H      -6.276498      0.040770     -0.946194
  H      -6.274703      0.115314      0.831606
  H      -7.741299     -2.007759     -0.862411
  H      -8.502322     -0.627688     -0.024926
  H      -7.739105     -1.932495      0.923705
  F      -1.390249     -0.965621     -0.006629
  H      -2.583568     -2.367671     -0.853234
  H      -2.588661     -2.297421      0.939105
17
Coordinates from ORCA-job first_job E -296.615110572349
  C      -2.569620     -1.685555      0.017869
  C      -3.767168     -0.752698     -0.022532
  C      -5.103031     -1.504575      0.007009
  H      -3.702317     -0.136760     -0.935409
  H      -3.705142     -0.064388      0.837224
  C      -6.322672     -0.577042     -0.030569
  H      -5.152945     -2.127217      0.918627
  H      -5.152326     -2.199452     -0.850862
  C      -7.658096     -1.329349      0.004476
  H      -6.275073      0.043787     -0.942216
  H      -6.271901      0.119167      0.824728
  H      -7.752084     -2.009883     -0.857286
  H      -8.509336     -0.631693     -0.023594
  H      -7.748328     -1.933289      0.921989
  F      -1.389100     -0.964722     -0.002513
  H      -2.575758     -2.367043     -0.852220
  H      -2.584573     -2.300398      0.936100
17
Coordinates from ORCA-job first_job E -296.615176994625
  C      -2.571443     -1.685420      0.017871
  C      -3.768570     -0.754808     -0.022559
  C      -5.103185     -1.502708      0.006548
  H      -3.701153     -0.134147     -0.933220
  H      -3.704132     -0.062293      0.834899
  C      -6.322945     -0.578303     -0.031028
  H      -5.153946     -2.131328      0.915310
  H      -5.153127     -2.203228     -0.848060
  C      -7.656057     -1.327638      0.004958
  H      -6.273302      0.047392     -0.940439
  H      -6.269376      0.123698      0.820640
  H      -7.753839     -2.011796     -0.854608
  H      -8.510730     -0.633403     -0.023149
  H      -7.749354     -1.933874      0.921672
  F      -1.392228     -0.961854     -0.000018
  H      -2.572444     -2.367555     -0.852391
  H      -2.583638     -2.303843      0.934392
17
Coordinates from ORCA-job first_job E -296.615181474270
  C      -2.572008     -1.685696      0.017747
  C      -3.769603     -0.755315     -0.022391
  C      -5.103682     -1.503180      0.006751
  H      -3.701999     -0.133761     -0.932754
  H      -3.704624     -0.062154      0.834850
  C      -6.322657     -0.578061     -0.031101
  H      -5.154624     -2.132633      0.915267
  H      -5.153711     -2.204649     -0.847440
  C      -7.654567     -1.327133      0.004933
  H      -6.272803      0.048242     -0.940445
  H      -6.268939      0.124942      0.820118
  H      -7.752530     -2.012078     -0.854354
  H      -8.509978     -0.633330     -0.023465
  H      -7.748241     -1.933636      0.921778
  F      -1.393720     -0.960224      0.000132
  H      -2.572196     -2.367677     -0.852822
  H      -2.583588     -2.304767      0.934015
17
Coordinates from ORCA-job first_job E -296.615181986475
  C      -2.571967     -1.685797      0.017611
  C      -3.769948     -0.755556     -0.022240
  C      -5.103936     -1.503593      0.006961
  H      -3.702389     -0.133827     -0.932518
  H      -3.704697     -0.062443      0.835053
  C      -6.322535     -0.577890     -0.031131
  H      -5.154999     -2.132998      0.915526
  H      -5.154000     -2.205179     -0.847161
  C      -7.654226     -1.326931      0.004880
  H      -6.272554      0.048310     -0.940579
  H      -6.268822      0.125293      0.819982
  H      -7.752082     -2.012124     -0.854281
  H      -8.509769     -0.633183     -0.023791
  H      -7.748042     -1.933307      0.921851
  F      -1.394186     -0.959357      0.000086
  H      -2.571980     -2.367483     -0.853193
  H      -2.583340     -2.305045      0.933765
