17
Coordinates from ORCA-job neb_ed_ts_initial_path E   0.000000000000
  C      -0.991212      0.918522      0.253171
  C      -1.670956     -0.327061      0.049878
  C      -1.017951     -1.557044     -0.141452
  C       0.356312     -1.618580     -0.171136
  C       1.111952     -0.398138      0.114730
  C       0.404441      0.877538      0.206308
  H      -2.765608     -0.315740      0.018882
  H      -1.615993     -2.456739     -0.302083
  H       0.907822     -2.542930     -0.356355
  H       1.506587     -0.591322      1.148739
  H       1.010708      1.783399      0.280071
  N      -1.687932      2.060286      0.439178
  H      -2.699411      2.074914      0.402219
  H      -1.217620      2.950436      0.548401
  N       2.484773     -0.303908     -0.673904
  O       2.947268      0.801531     -0.774006
  O       2.936819     -1.355165     -1.042641
17
Coordinates from ORCA-job neb_ed_ts_initial_path E   0.000000000000
  C      -1.035786      0.925877      0.207854
  C      -1.725072     -0.312573     -0.009943
  C      -1.072955     -1.540296     -0.202596
  C       0.306945     -1.599417     -0.242405
  C       1.076474     -0.387770      0.039961
  C       0.365531      0.880214      0.155991
  H      -2.818839     -0.293718     -0.059272
  H      -1.672887     -2.436166     -0.379470
  H       0.838448     -2.514305     -0.516829
  H       2.403342     -0.872106      2.599678
  H       0.958207      1.798832      0.167153
  N      -1.727989      2.071053      0.388587
  H      -2.739403      2.093242      0.340783
  H      -1.254218      2.957948      0.512863
  N       2.380251     -0.274205     -0.854262
  O       2.875493      0.822517     -0.912275
  O       2.842459     -1.319128     -1.235818
17
Coordinates from ORCA-job neb_ed_ts_initial_path E   0.000000000000
  C      -1.126595      0.937874      0.144766
  C      -1.823970     -0.280017     -0.149980
  C      -1.177312     -1.512906     -0.305589
  C       0.203032     -1.595639     -0.225065
  C       0.968625     -0.384975      0.016778
  C       0.276471      0.868628      0.211656
  H      -2.909605     -0.237699     -0.283909
  H      -1.770489     -2.397366     -0.549012
  H       0.749006     -2.513747     -0.453895
  H       3.877915     -1.120325      3.397120
  H       0.888680      1.769707      0.297326
  N      -1.802845      2.096814      0.284177
  H      -2.807300      2.143256      0.159895
  H      -1.319048      2.970569      0.456532
  N       2.289341     -0.271292     -0.826142
  O       2.769289      0.832946     -0.897780
  O       2.714804     -1.305829     -1.276878
17
Coordinates from ORCA-job neb_ed_ts_initial_path E   0.000000000000
  C      -1.235440      0.960748      0.039155
  C      -1.936022     -0.238227     -0.316552
  C      -1.299255     -1.474738     -0.454936
  C       0.071160     -1.583377     -0.264028
  C       0.825267     -0.400581      0.087436
  C       0.158770      0.864185      0.217455
  H      -3.012181     -0.175529     -0.504414
  H      -1.885055     -2.350694     -0.741955
  H       0.615325     -2.514178     -0.437315
  H       5.453743     -1.269881      3.632193
  H       0.776322      1.748163      0.392361
  N      -1.893090      2.130245      0.165009
  H      -2.888908      2.197638     -0.011074
  H      -1.403195      2.990398      0.384194
  N       2.238700     -0.316617     -0.566731
  O       2.738583      0.782345     -0.606301
  O       2.675273     -1.349899     -1.014499
17
Coordinates from ORCA-job neb_ed_ts_initial_path E   0.000000000000
  C      -1.337373      0.985961     -0.069149
  C      -2.040897     -0.196043     -0.470772
  C      -1.411750     -1.433461     -0.604174
  C      -0.049719     -1.561090     -0.355133
  C       0.673539     -0.407463      0.107764
  C       0.048446      0.871212      0.172043
  H      -3.109086     -0.116898     -0.692606
  H      -1.991835     -2.302528     -0.921397
  H       0.484101     -2.504086     -0.487061
  H       6.985661     -1.379576      3.767721
  H       0.660779      1.739392      0.424660
  N      -1.980125      2.162324      0.055332
  H      -2.968676      2.247097     -0.153217
  H      -1.486947      3.009835      0.314367
  N       2.169988     -0.378698     -0.273102
  O       2.713517      0.697023     -0.185621
  O       2.640378     -1.433001     -0.629655
17
Coordinates from ORCA-job neb_ed_ts_initial_path E   0.000000000000
  C      -1.433314      1.008172     -0.159959
  C      -2.142761     -0.158269     -0.595368
  C      -1.517744     -1.394966     -0.727542
  C      -0.159380     -1.535034     -0.446590
  C       0.545174     -0.401170      0.066449
  C      -0.051798      0.879542      0.117923
  H      -3.204873     -0.065421     -0.838869
  H      -2.094286     -2.257892     -1.067011
  H       0.367281     -2.484351     -0.557017
  H       8.556515     -1.520903      4.114525
  H       0.556231      1.733672      0.422082
  N      -2.064175      2.189725     -0.034556
  H      -3.047441      2.289849     -0.262492
  H      -1.567698      3.025837      0.254910
  N       2.068758     -0.426269     -0.079967
  O       2.635893      0.618775      0.140687
  O       2.553619     -1.501297     -0.347204
17
Coordinates from ORCA-job neb_ed_ts_initial_path E   0.000000000000
  C      -1.525822      1.026582     -0.230642
  C      -2.242545     -0.126563     -0.689184
  C      -1.621213     -1.362148     -0.821900
  C      -0.264706     -1.512262     -0.519037
  C       0.436210     -0.388373     -0.000017
  C      -0.146912      0.886286      0.073006
  H      -3.300416     -0.022238     -0.945116
  H      -2.195185     -2.220520     -1.176824
  H       0.257313     -2.464573     -0.622659
  H      10.139663     -1.692852      4.641511
  H       0.459605      1.730077      0.406702
  N      -2.144899      2.213085     -0.103366
  H      -3.124811      2.326156     -0.341412
  H      -1.644263      3.039537      0.207268
  N       1.953460     -0.456163      0.015283
  O       2.526952      0.566401      0.317390
  O       2.437567     -1.542434     -0.211005
17
Coordinates from ORCA-job neb_ed_ts_initial_path E   0.000000000000
  C      -1.616359      1.043642     -0.294355
  C      -2.339971     -0.097043     -0.772859
  C      -1.722229     -1.331384     -0.906245
  C      -0.367754     -1.490809     -0.582373
  C       0.334911     -0.373449     -0.070563
  C      -0.240340      0.891873      0.033577
  H      -3.393958      0.017928     -1.038938
  H      -2.293392     -2.185891     -1.274679
  H       0.149888     -2.445514     -0.683612
  H      11.718545     -1.872679      5.212313
  H       0.364703      1.727151      0.389997
  N      -2.223510      2.235019     -0.165227
  H      -3.200458      2.360046     -0.411176
  H      -1.718858      3.052426      0.163593
  N       1.831134     -0.480901      0.082294
  O       2.405921      0.524033      0.441442
  O       2.311729     -1.574448     -0.123192
17
Coordinates from ORCA-job neb_ed_ts_initial_path E   0.000000000000
  C      -1.705342      1.060330     -0.356255
  C      -2.435227     -0.068034     -0.854024
  C      -1.820644     -1.300900     -0.987898
  C      -0.468559     -1.468823     -0.642585
  C       0.237589     -0.358140     -0.138021
  C      -0.332724      0.896653     -0.004193
  H      -3.485231      0.057184     -1.129932
  H      -2.388554     -2.151789     -1.369430
  H       0.044316     -2.426098     -0.742281
  H      13.295359     -2.054228      5.791159
  H       0.269824      1.724159      0.373593
  N      -2.300754      2.256369     -0.225380
  H      -3.274643      2.392973     -0.478957
  H      -1.792597      3.064849      0.120876
  N       1.702100     -0.504305      0.141149
  O       2.275904      0.483800      0.550118
  O       2.179185     -1.603999     -0.047939
17
Coordinates from ORCA-job neb_ed_ts_initial_path E   0.000000000000
  C      -1.792930      1.076901     -0.417580
  C      -2.528503     -0.039144     -0.934333
  C      -1.916560     -1.270278     -1.068552
  C      -0.567059     -1.445810     -0.701873
  C       0.141421     -0.344447     -0.195350
  C      -0.424023      0.901038     -0.042114
  H      -3.574372      0.096008     -1.220007
  H      -2.480809     -2.117706     -1.462958
  H      -0.059610     -2.406124     -0.799236
  H      14.871555     -2.236569      6.372640
  H       0.174632      1.720933      0.357670
  N      -2.376931      2.277318     -0.284901
  H      -3.347584      2.425268     -0.546140
  H      -1.865830      3.076878      0.078481
  N       1.567487     -0.526464      0.193455
  O       2.138225      0.444393      0.649882
  O       2.040891     -1.632195      0.020916
