17
Coordinates from ORCA-job neb_ed_ts_MEP E -491.787408094353
  C      -0.991212      0.918522      0.253171
  C      -1.670956     -0.327061      0.049878
  C      -1.017951     -1.557044     -0.141452
  C       0.356312     -1.618580     -0.171136
  C       1.111952     -0.398138      0.114730
  C       0.404441      0.877538      0.206308
  H      -2.765608     -0.315740      0.018882
  H      -1.615993     -2.456739     -0.302083
  H       0.907822     -2.542930     -0.356355
  H       1.506587     -0.591322      1.148739
  H       1.010708      1.783399      0.280071
  N      -1.687932      2.060286      0.439178
  H      -2.699411      2.074914      0.402219
  H      -1.217620      2.950436      0.548401
  N       2.484773     -0.303908     -0.673904
  O       2.947268      0.801531     -0.774006
  O       2.936819     -1.355165     -1.042641
17
Coordinates from ORCA-job neb_ed_ts_MEP E -491.631807605461
  C      -1.034665      0.924633      0.213793
  C      -1.751239     -0.352913     -0.016441
  C      -1.125672     -1.506324     -0.199667
  C       0.368624     -1.567162     -0.200589
  C       0.977667     -0.292643     -0.078423
  C       0.452072      0.796811      0.169873
  H      -2.823744     -0.292317     -0.064920
  H      -1.677308     -2.433502     -0.387100
  H       0.835875     -2.512711     -0.513501
  H       2.476300     -0.888142      2.615966
  H       0.955873      1.794563      0.170678
  N      -1.719548      2.049471      0.379477
  H      -2.749641      2.094447      0.334229
  H      -1.252818      2.963635      0.513709
  N       2.383784     -0.284460     -0.729094
  O       2.861291      0.835252     -0.937985
  O       2.823148     -1.328639     -1.270005
17
Coordinates from ORCA-job neb_ed_ts_MEP E -491.627808118925
  C      -1.109927      0.905660      0.154256
  C      -1.851062     -0.273757     -0.142584
  C      -1.165295     -1.512590     -0.293531
  C       0.207074     -1.570536     -0.225882
  C       0.958520     -0.388101     -0.077459
  C       0.283130      0.888067      0.216681
  H      -2.917069     -0.239603     -0.276671
  H      -1.769524     -2.394965     -0.540366
  H       0.752191     -2.507512     -0.454164
  H       3.880036     -1.120317      3.386334
  H       0.894164      1.763694      0.289527
  N      -1.795682      2.088790      0.287700
  H      -2.802242      2.139321      0.167942
  H      -1.315545      2.967695      0.460720
  N       2.297504     -0.277261     -0.779472
  O       2.759001      0.818398     -0.901594
  O       2.694727     -1.286983     -1.271437
17
Coordinates from ORCA-job neb_ed_ts_MEP E -491.632003126990
  C      -1.253832      0.942666      0.057986
  C      -1.948034     -0.269133     -0.309798
  C      -1.336149     -1.441972     -0.431378
  C       0.154820     -1.538718     -0.235794
  C       0.762743     -0.342388     -0.022102
  C       0.262633      0.791371      0.226668
  H      -3.005978     -0.179637     -0.484246
  H      -1.879546     -2.353088     -0.725045
  H       0.622202     -2.513967     -0.442135
  H       5.362921     -1.260680      3.606956
  H       0.784046      1.751030      0.378445
  N      -1.872970      2.110451      0.172992
  H      -2.889967      2.193158      0.004415
  H      -1.393677      2.993286      0.394104
  N       2.200865     -0.318472     -0.520170
  O       2.748604      0.787082     -0.630928
  O       2.681319     -1.350989     -1.039969
17
Coordinates from ORCA-job neb_ed_ts_MEP E -491.648821103206
  C      -1.321504      0.964336     -0.042788
  C      -2.041937     -0.205556     -0.447763
  C      -1.400438     -1.431017     -0.570971
  C      -0.024719     -1.549218     -0.323322
  C       0.695635     -0.386141      0.018376
  C       0.078610      0.857779      0.195203
  H      -3.103393     -0.125235     -0.661919
  H      -1.977693     -2.306375     -0.891738
  H       0.503368     -2.497225     -0.481754
  H       6.778013     -1.364256      3.735503
  H       0.681696      1.736061      0.413092
  N      -1.961169      2.148851      0.071751
  H      -2.956791      2.238541     -0.127289
  H      -1.472940      3.005003      0.328210
  N       2.164251     -0.373311     -0.288625
  O       2.718528      0.699984     -0.244955
  O       2.640483     -1.412220     -0.681013
17
Coordinates from ORCA-job neb_ed_ts_MEP E -491.654244186496
  C      -1.423828      0.992001     -0.145495
  C      -2.147003     -0.163548     -0.584389
  C      -1.511950     -1.391622     -0.709506
  C      -0.147614     -1.527105     -0.415831
  C       0.568015     -0.383976     -0.004926
  C      -0.035416      0.867737      0.142819
  H      -3.203283     -0.069635     -0.822933
  H      -2.086561     -2.259079     -1.052379
  H       0.378020     -2.478227     -0.553049
  H       8.429577     -1.509998      4.073436
  H       0.569181      1.729689      0.416960
  N      -2.051904      2.180781     -0.026314
  H      -3.040214      2.285062     -0.248103
  H      -1.559157      3.022827      0.263662
  N       2.061917     -0.427058     -0.067494
  O       2.643417      0.618097      0.107839
  O       2.556804     -1.485947     -0.374297
17
Coordinates from ORCA-job neb_ed_ts_MEP E -491.656906142709
  C      -1.519621      1.014960     -0.222190
  C      -2.246699     -0.129689     -0.683373
  C      -1.617862     -1.358818     -0.811556
  C      -0.257796     -1.505851     -0.495944
  C       0.455663     -0.375450     -0.052111
  C      -0.136390      0.876593      0.092109
  H      -3.300079     -0.024328     -0.935808
  H      -2.190609     -2.220502     -1.169022
  H       0.263774     -2.459530     -0.620869
  H      10.057179     -1.684980      4.599653
  H       0.468094      1.726691      0.403792
  N      -2.136473      2.206942     -0.098411
  H      -3.120099      2.323299     -0.332238
  H      -1.638694      3.037617      0.213452
  N       1.945317     -0.459173      0.035100
  O       2.533529      0.564353      0.301042
  O       2.440764     -1.532135     -0.223626
17
Coordinates from ORCA-job neb_ed_ts_MEP E -491.658416353309
  C      -1.612250      1.035939     -0.288402
  C      -2.343004     -0.098925     -0.768387
  C      -1.720267     -1.328983     -0.899224
  C      -0.363273     -1.485866     -0.567539
  C       0.349270     -0.365339     -0.102395
  C      -0.233241      0.884960      0.045701
  H      -3.394095      0.016813     -1.031741
  H      -2.290938     -2.185646     -1.269114
  H       0.153794     -2.441916     -0.682744
  H      11.663977     -1.867851      5.176127
  H       0.370480      1.724631      0.388315
  N      -2.217913      2.230972     -0.160921
  H      -3.197467      2.358271     -0.403738
  H      -1.715081      3.051153      0.168704
  N       1.824203     -0.483073      0.095301
  O       2.411267      0.522244      0.431096
  O       2.314539     -1.567385     -0.131039
17
Coordinates from ORCA-job neb_ed_ts_MEP E -491.659301758353
  C      -1.703242      1.056483     -0.351991
  C      -2.437035     -0.068859     -0.850148
  C      -1.820036     -1.299596     -0.983309
  C      -0.466242     -1.465850     -0.635811
  C       0.245141     -0.354676     -0.151272
  C      -0.328719      0.893112      0.001382
  H      -3.485759      0.056815     -1.124019
  H      -2.388020     -2.151508     -1.365268
  H       0.045989     -2.424170     -0.741995
  H      13.266863     -2.052540      5.762112
  H       0.273178      1.722706      0.373081
  N      -2.297859      2.254341     -0.221297
  H      -3.273247      2.392148     -0.472656
  H      -1.790417      3.064173      0.125176
  N       1.698582     -0.505059      0.145258
  O       2.279636      0.482736      0.543803
  O       2.181187     -1.600256     -0.053044
17
Coordinates from ORCA-job neb_ed_ts_MEP E -491.659697139142
  C      -1.793385      1.077092     -0.415126
  C      -2.529589     -0.038755     -0.931408
  C      -1.917836     -1.269859     -1.066761
  C      -0.567913     -1.445553     -0.701710
  C       0.141184     -0.344383     -0.195633
  C      -0.424048      0.901064     -0.041311
  H      -3.575785      0.096524     -1.215820
  H      -2.482566     -2.117137     -1.460803
  H      -0.060604     -2.405848     -0.799993
  H      14.878893     -2.239159      6.354587
  H       0.175094      1.720805      0.358059
  N      -2.377199      2.277480     -0.281357
  H      -3.348151      2.425546     -0.541416
  H      -1.865654      3.076902      0.081706
  N       1.567697     -0.526573      0.191452
  O       2.138992      0.444112      0.647549
  O       2.040870     -1.632257      0.017984
