17
Coordinates from ORCA-job neb_ed_ts_MEP_ALL E -491.787408094353
  C      -0.991212      0.918522      0.253171
  C      -1.670956     -0.327061      0.049878
  C      -1.017951     -1.557044     -0.141452
  C       0.356312     -1.618580     -0.171136
  C       1.111952     -0.398138      0.114730
  C       0.404441      0.877538      0.206308
  H      -2.765608     -0.315740      0.018882
  H      -1.615993     -2.456739     -0.302083
  H       0.907822     -2.542930     -0.356355
  H       1.506587     -0.591322      1.148739
  H       1.010708      1.783399      0.280071
  N      -1.687932      2.060286      0.439178
  H      -2.699411      2.074914      0.402219
  H      -1.217620      2.950436      0.548401
  N       2.484773     -0.303908     -0.673904
  O       2.947268      0.801531     -0.774006
  O       2.936819     -1.355165     -1.042641
17
Coordinates from ORCA-job neb_ed_ts_MEP_ALL E -491.631807605461
  C      -1.035808      0.925590      0.209583
  C      -1.734165     -0.325709     -0.012580
  C      -1.090822     -1.529043     -0.202038
  C       0.326596     -1.588894     -0.228505
  C       1.043498     -0.356393      0.000844
  C       0.393416      0.852737      0.160835
  H      -2.820925     -0.293020     -0.061940
  H      -1.674855     -2.435125     -0.382628
  H       0.837117     -2.513770     -0.515469
  H       2.435436     -0.878598      2.608895
  H       0.957059      1.797294      0.168855
  N      -1.725635      2.064077      0.385224
  H      -2.743124      2.093860      0.337995
  H      -1.254094      2.959870      0.512954
  N       2.380903     -0.277518     -0.813294
  O       2.870105      0.826829     -0.921065
  O       2.835297     -1.322187     -1.247665
17
Coordinates from ORCA-job neb_ed_ts_MEP_ALL E -491.626676869793
  C      -1.135086      0.933064      0.148697
  C      -1.830411     -0.292228     -0.149721
  C      -1.194274     -1.499742     -0.300333
  C       0.231671     -1.578247     -0.221904
  C       0.936201     -0.364430     -0.014991
  C       0.313618      0.843114      0.209000
  H      -2.909375     -0.238060     -0.280473
  H      -1.770598     -2.397544     -0.546148
  H       0.748510     -2.513996     -0.454622
  H       3.879033     -1.120017      3.392836
  H       0.888653      1.770290      0.294718
  N      -1.796288      2.089495      0.285093
  H      -2.809569      2.142414      0.162441
  H      -1.317308      2.972332      0.458478
  N       2.281633     -0.274446     -0.794006
  O       2.769955      0.835076     -0.904667
  O       2.713634     -1.307077     -1.284398
17
Coordinates from ORCA-job neb_ed_ts_MEP_ALL E -491.632003126990
  C      -1.241289      0.954775      0.045754
  C      -1.939754     -0.248496     -0.313595
  C      -1.311192     -1.464110     -0.446548
  C       0.098876     -1.568799     -0.254508
  C       0.805167     -0.381424      0.051207
  C       0.193136      0.840264      0.220468
  H      -3.010015     -0.177078     -0.496715
  H      -1.883123     -2.351650     -0.735488
  H       0.617814     -2.514130     -0.438919
  H       5.421280     -1.266250      3.622385
  H       0.779153      1.749192      0.387331
  N      -1.886311      2.123679      0.168134
  H      -2.889120      2.196020     -0.005182
  H      -1.399859      2.991308      0.387708
  N       2.226166     -0.317098     -0.552624
  O       2.741852      0.784013     -0.615558
  O       2.677220     -1.350216     -1.023850
17
Coordinates from ORCA-job neb_ed_ts_MEP_ALL E -491.640290194896
  C      -1.340993      0.980699     -0.062976
  C      -2.043213     -0.204845     -0.466300
  C      -1.420491     -1.425503     -0.596174
  C      -0.028127     -1.550143     -0.336525
  C       0.667401     -0.389361      0.069570
  C       0.075692      0.848055      0.183016
  H      -3.106181     -0.119049     -0.683383
  H      -1.989144     -2.303852     -0.913782
  H       0.488736     -2.503832     -0.487033
  H       6.935797     -1.375520      3.757507
  H       0.665766      1.739892      0.420625
  N      -1.973919      2.156635      0.059259
  H      -2.967737      2.245246     -0.146292
  H      -1.482854      3.010178      0.318612
  N       2.154298     -0.378218     -0.264865
  O       2.719565      0.700517     -0.203864
  O       2.645405     -1.430901     -0.647396
17
Coordinates from ORCA-job neb_ed_ts_MEP_ALL E -491.647323714429
  C      -1.436403      1.004295     -0.156574
  C      -2.144440     -0.165197     -0.592275
  C      -1.524916     -1.388472     -0.722862
  C      -0.144103     -1.526759     -0.427588
  C       0.544703     -0.385609      0.033880
  C      -0.031750      0.859235      0.130134
  H      -3.202573     -0.067015     -0.832061
  H      -2.092227     -2.258827     -1.061775
  H       0.371015     -2.484309     -0.556783
  H       8.513354     -1.516673      4.098470
  H       0.560442      1.734043      0.419716
  N      -2.059170      2.185452     -0.031671
  H      -3.046646      2.288492     -0.257406
  H      -1.564421      3.026175      0.258348
  N       2.053085     -0.427267     -0.067238
  O       2.643646      0.622484      0.126648
  O       2.560403     -1.500047     -0.360961
17
Coordinates from ORCA-job neb_ed_ts_MEP_ALL E -491.652662079908
  C      -1.528239      1.023868     -0.228753
  C      -2.243805     -0.131636     -0.687226
  C      -1.626736     -1.357108     -0.819212
  C      -0.253807     -1.505855     -0.504224
  C       0.437395     -0.376265     -0.023986
  C      -0.132300      0.870098      0.082444
  H      -3.298817     -0.023240     -0.940389
  H      -2.193838     -2.221034     -1.173450
  H       0.259942     -2.464553     -0.622721
  H      10.107401     -1.689109      4.623371
  H       0.462740      1.730350      0.405236
  N      -2.141205      2.210026     -0.101280
  H      -3.124288      2.325266     -0.337776
  H      -1.641889      3.039828      0.209921
  N       1.939622     -0.457677      0.027470
  O       2.534051      0.569214      0.309511
  O       2.443772     -1.542175     -0.218936
17
Coordinates from ORCA-job neb_ed_ts_MEP_ALL E -491.656626360195
  C      -1.617906      1.041879     -0.292808
  C      -2.340864     -0.100435     -0.771110
  C      -1.725984     -1.328047     -0.904175
  C      -0.360496     -1.486269     -0.572581
  C       0.336495     -0.365373     -0.085066
  C      -0.230443      0.880554      0.039498
  H      -3.393001      0.017257     -1.035091
  H      -2.292690     -2.186226     -1.271965
  H       0.151611     -2.445520     -0.683628
  H      11.695796     -1.869863      5.195597
  H       0.367000      1.727307      0.389118
  N      -2.221042      2.232959     -0.163312
  H      -3.200129      2.359441     -0.408045
  H      -1.717178      3.052594      0.165822
  N       1.820778     -0.481747      0.089313
  O       2.411507      0.525882      0.436569
  O       2.316546     -1.574392     -0.128139
17
Coordinates from ORCA-job neb_ed_ts_MEP_ALL E -491.658929350832
  C      -1.706144      1.059450     -0.354836
  C      -2.435865     -0.069756     -0.852326
  C      -1.822754     -1.299269     -0.986202
  C      -0.464941     -1.466368     -0.637894
  C       0.238536     -0.354270     -0.143972
  C      -0.327563      0.890817     -0.001561
  H      -3.485024      0.056831     -1.126811
  H      -2.388571     -2.151977     -1.367231
  H       0.045036     -2.426121     -0.742209
  H      13.283960     -2.052672      5.777356
  H       0.271185      1.724201      0.373226
  N      -2.299538      2.255299     -0.223579
  H      -3.274582      2.392648     -0.476220
  H      -1.791658      3.064906      0.122697
  N       1.696699     -0.504407      0.143044
  O       2.279274      0.484699      0.547300
  O       2.181949     -1.604011     -0.050781
17
Coordinates from ORCA-job neb_ed_ts_MEP_ALL E -491.659697139142
  C      -1.793194      1.076907     -0.416425
  C      -2.529080     -0.039120     -0.932772
  C      -1.917212     -1.270244     -1.067423
  C      -0.567483     -1.445783     -0.701585
  C       0.141302     -0.344437     -0.195453
  C      -0.424055      0.901037     -0.041812
  H      -3.575126      0.096038     -1.217793
  H      -2.481699     -2.117659     -1.461518
  H      -0.060088     -2.406090     -0.799304
  H      14.875505     -2.236749      6.363351
  H       0.174842      1.720918      0.357638
  N      -2.377122      2.277315     -0.283333
  H      -3.347937      2.425270     -0.543965
  H      -1.865801      3.076863      0.079768
  N       1.567610     -0.526463      0.192463
  O       2.138624      0.444379      0.648580
  O       2.040915     -1.632182      0.019584
17
Coordinates from ORCA-job neb_ed_ts_MEP_ALL E -491.787408094353
  C      -0.991212      0.918522      0.253171
  C      -1.670956     -0.327061      0.049878
  C      -1.017951     -1.557044     -0.141452
  C       0.356312     -1.618580     -0.171136
  C       1.111952     -0.398138      0.114730
  C       0.404441      0.877538      0.206308
  H      -2.765608     -0.315740      0.018882
  H      -1.615993     -2.456739     -0.302083
  H       0.907822     -2.542930     -0.356355
  H       1.506587     -0.591322      1.148739
  H       1.010708      1.783399      0.280071
  N      -1.687932      2.060286      0.439178
  H      -2.699411      2.074914      0.402219
  H      -1.217620      2.950436      0.548401
  N       2.484773     -0.303908     -0.673904
  O       2.947268      0.801531     -0.774006
  O       2.936819     -1.355165     -1.042641
17
Coordinates from ORCA-job neb_ed_ts_MEP_ALL E -491.631807605461
  C      -1.035751      0.925298      0.211107
  C      -1.741710     -0.336842     -0.014671
  C      -1.105776     -1.519547     -0.201448
  C       0.343399     -1.579953     -0.216828
  C       1.015759     -0.329934     -0.032141
  C       0.417166      0.829534      0.164832
  H      -2.822555     -0.292496     -0.063967
  H      -1.676374     -2.434293     -0.385110
  H       0.836126     -2.513324     -0.514395
  H       2.460297     -0.883740      2.615620
  H       0.956194      1.796036      0.170139
  N      -1.723519      2.058149      0.382489
  H      -2.746170      2.094318      0.335816
  H      -1.253895      2.961479      0.513084
  N       2.381564     -0.280334     -0.778641
  O       2.865765      0.830432     -0.928391
  O       2.829482     -1.324785     -1.257496
17
Coordinates from ORCA-job neb_ed_ts_MEP_ALL E -491.626676869793
  C      -1.142248      0.929005      0.151973
  C      -1.835864     -0.302517     -0.149603
  C      -1.208615     -1.488589     -0.295970
  C       0.255859     -1.563536     -0.219241
  C       0.908775     -0.347070     -0.041829
  C       0.345018      0.821536      0.206782
  H      -2.909174     -0.238313     -0.277728
  H      -1.770703     -2.397657     -0.543852
  H       0.748071     -2.514210     -0.455227
  H       3.879833     -1.119866      3.389415
  H       0.888643      1.770762      0.292582
  N      -1.790727      2.083332      0.285796
  H      -2.811461      2.141745      0.164471
  H      -1.315815      2.973837      0.460090
  N       2.275157     -0.277143     -0.766702
  O       2.770571      0.836838     -0.910331
  O       2.712680     -1.308152     -1.290625
17
Coordinates from ORCA-job neb_ed_ts_MEP_ALL E -491.632003126990
  C      -1.246278      0.949747      0.051244
  C      -1.942973     -0.257143     -0.311253
  C      -1.321362     -1.455072     -0.439598
  C       0.122243     -1.556442     -0.246533
  C       0.788028     -0.365231      0.020635
  C       0.222157      0.820024      0.222997
  H      -3.008226     -0.178312     -0.490432
  H      -1.881553     -2.352401     -0.730219
  H       0.619830     -2.514091     -0.440272
  H       5.394571     -1.263375      3.614398
  H       0.781489      1.750035      0.383181
  N      -1.880599      2.118155      0.170674
  H      -2.889318      2.194712     -0.000365
  H      -1.397061      2.992101      0.390628
  N       2.215596     -0.317563     -0.540391
  O       2.744613      0.785375     -0.623140
  O       2.678843     -1.350520     -1.031552
17
Coordinates from ORCA-job neb_ed_ts_MEP_ALL E -491.646230887656
  C      -1.338683      0.974434     -0.056313
  C      -2.044842     -0.208959     -0.460765
  C      -1.420557     -1.422604     -0.587552
  C      -0.017092     -1.543846     -0.324224
  C       0.669665     -0.380124      0.040649
  C       0.089642      0.838350      0.191026
  H      -3.103974     -0.121276     -0.674679
  H      -1.985983     -2.305076     -0.905994
  H       0.493744     -2.502780     -0.486156
  H       6.882992     -1.371440      3.748074
  H       0.671062      1.739329      0.417112
  N      -1.968701      2.152701      0.063515
  H      -2.965443      2.243195     -0.139315
  H      -1.479023      3.009532      0.322493
  N       2.148295     -0.377328     -0.264513
  O       2.722185      0.701556     -0.220905
  O       2.646712     -1.425665     -0.662454
17
Coordinates from ORCA-job neb_ed_ts_MEP_ALL E -491.652131032172
  C      -1.435395      0.999629     -0.153065
  C      -2.146452     -0.168044     -0.589436
  C      -1.525855     -1.385766     -0.718193
  C      -0.137443     -1.522123     -0.415501
  C       0.548741     -0.377822      0.009924
  C      -0.022536      0.850697      0.138785
  H      -3.201443     -0.068267     -0.826923
  H      -2.090514     -2.259390     -1.057569
  H       0.374049     -2.483394     -0.556170
  H       8.478958     -1.513473      4.085817
  H       0.563948      1.733352      0.417870
  N      -2.055592      2.182738     -0.029291
  H      -3.045313      2.287305     -0.253197
  H      -1.561916      3.025871      0.261002
  N       2.046620     -0.428004     -0.059960
  O       2.647284      0.622972      0.116057
  O       2.562859     -1.496280     -0.370150
17
Coordinates from ORCA-job neb_ed_ts_MEP_ALL E -491.655587788402
  C      -1.527674      1.020508     -0.226699
  C      -2.245494     -0.133587     -0.685537
  C      -1.627661     -1.354912     -0.816445
  C      -0.249340     -1.502250     -0.494922
  C       0.441445     -0.370346     -0.041597
  C      -0.125840      0.863325      0.089144
  H      -3.298163     -0.023953     -0.936990
  H      -2.192843     -2.221256     -1.170912
  H       0.261900     -2.463796     -0.622521
  H      10.083678     -1.686543      4.609745
  H       0.465179      1.729753      0.404076
  N      -2.138660      2.208125     -0.099665
  H      -3.123430      2.324532     -0.334866
  H      -1.640159      3.039669      0.211910
  N       1.933553     -0.458879      0.035550
  O       2.537379      0.569337      0.303633
  O       2.446131     -1.539728     -0.223904
17
Coordinates from ORCA-job neb_ed_ts_MEP_ALL E -491.657848745821
  C      -1.617529      1.039657     -0.291245
  C      -2.342077     -0.101701     -0.769667
  C      -1.726698     -1.326580     -0.902149
  C      -0.357560     -1.483663     -0.566489
  C       0.339742     -0.361569     -0.095801
  C      -0.226077      0.875843      0.043750
  H      -3.392690      0.016821     -1.032329
  H      -2.292230     -2.186342     -1.269975
  H       0.152821     -2.444988     -0.683518
  H      11.679746     -1.868088      5.183218
  H       0.368724      1.726850      0.388402
  N      -2.219345      2.231695     -0.161839
  H      -3.199600      2.358969     -0.405574
  H      -1.715975      3.052482      0.167498
  N       1.816092     -0.482516      0.094236
  O       2.414193      0.525868      0.432779
  O       2.318463     -1.572736     -0.131296
17
Coordinates from ORCA-job neb_ed_ts_MEP_ALL E -491.659180773065
  C      -1.705979      1.058336     -0.353564
  C      -2.436623     -0.070377     -0.850962
  C      -1.823298     -1.298545     -0.984698
  C      -0.463491     -1.464918     -0.635012
  C       0.240278     -0.352557     -0.148425
  C      -0.325236      0.888418      0.000372
  H      -3.485083      0.056633     -1.124511
  H      -2.388641     -2.152024     -1.365613
  H       0.045511     -2.425848     -0.742125
  H      13.275992     -2.051824      5.766984
  H       0.272207      1.723926      0.372926
  N      -2.298687      2.254656     -0.222168
  H      -3.274389      2.392415     -0.474058
  H      -1.790968      3.064838      0.124104
  N       1.694276     -0.504625      0.144478
  O       2.281010      0.484645      0.545003
  O       2.183120     -1.603149     -0.052732
17
Coordinates from ORCA-job neb_ed_ts_MEP_ALL E -491.659697139142
  C      -1.793388      1.076939     -0.415512
  C      -2.529525     -0.039057     -0.931568
  C      -1.917728     -1.270177     -1.066578
  C      -0.567825     -1.445742     -0.701393
  C       0.141207     -0.344427     -0.195539
  C      -0.424071      0.901042     -0.041561
  H      -3.575706      0.096122     -1.216084
  H      -2.482407     -2.117567     -1.460449
  H      -0.060481     -2.406046     -0.799406
  H      14.878529     -2.237171      6.356138
  H       0.175021      1.720898      0.357647
  N      -2.377246      2.277343     -0.282076
  H      -3.348184      2.425317     -0.542238
  H      -1.865748      3.076868      0.080824
  N       1.567699     -0.526481      0.191687
  O       2.138936      0.444333      0.647584
  O       2.040916     -1.632194      0.018522
17
Coordinates from ORCA-job neb_ed_ts_MEP_ALL E -491.787408094353
  C      -0.991212      0.918522      0.253171
  C      -1.670956     -0.327061      0.049878
  C      -1.017951     -1.557044     -0.141452
  C       0.356312     -1.618580     -0.171136
  C       1.111952     -0.398138      0.114730
  C       0.404441      0.877538      0.206308
  H      -2.765608     -0.315740      0.018882
  H      -1.615993     -2.456739     -0.302083
  H       0.907822     -2.542930     -0.356355
  H       1.506587     -0.591322      1.148739
  H       1.010708      1.783399      0.280071
  N      -1.687932      2.060286      0.439178
  H      -2.699411      2.074914      0.402219
  H      -1.217620      2.950436      0.548401
  N       2.484773     -0.303908     -0.673904
  O       2.947268      0.801531     -0.774006
  O       2.936819     -1.355165     -1.042641
17
Coordinates from ORCA-job neb_ed_ts_MEP_ALL E -491.631807605461
  C      -1.035204      0.924980      0.212482
  C      -1.746532     -0.345062     -0.015559
  C      -1.115930     -1.512794     -0.200529
  C       0.356312     -1.573433     -0.208547
  C       0.996330     -0.310895     -0.055684
  C       0.435020      0.812804      0.167385
  H      -2.823136     -0.292413     -0.064421
  H      -1.676832     -2.433899     -0.386103
  H       0.836013     -2.513017     -0.513951
  H       2.468142     -0.885937      2.615648
  H       0.956040      1.795296      0.170396
  N      -1.721477      2.053718      0.380967
  H      -2.747933      2.094378      0.335031
  H      -1.253334      2.962581      0.513410
  N       2.382700     -0.282438     -0.753378
  O       2.863520      0.832902     -0.933278
  O       2.826300     -1.326772     -1.263869
17
Coordinates from ORCA-job neb_ed_ts_MEP_ALL E -491.627808118925
  C      -1.125812      0.917125      0.153099
  C      -1.843616     -0.287867     -0.146066
  C      -1.186577     -1.500808     -0.294736
  C       0.231018     -1.567098     -0.222596
  C       0.934084     -0.367976     -0.059941
  C       0.313503      0.855416      0.211819
  H      -2.913198     -0.238962     -0.277245
  H      -1.770114     -2.396287     -0.542086
  H       0.750156     -2.510811     -0.454639
  H       3.880080     -1.120078      3.387969
  H       0.891440      1.767162      0.291026
  N      -1.793262      2.086124      0.286703
  H      -2.806778      2.140525      0.166156
  H      -1.315688      2.970722      0.460347
  N       2.286531     -0.277218     -0.773161
  O       2.764685      0.827431     -0.905849
  O       2.703546     -1.297399     -1.280799
17
Coordinates from ORCA-job neb_ed_ts_MEP_ALL E -491.632003126990
  C      -1.250235      0.946185      0.054612
  C      -1.945593     -0.263270     -0.310622
  C      -1.329035     -1.448333     -0.435492
  C       0.138852     -1.547388     -0.241055
  C       0.774987     -0.353532     -0.001071
  C       0.242826      0.805310      0.224862
  H      -3.007123     -0.178944     -0.487414
  H      -1.880599     -2.352726     -0.727692
  H       0.620955     -2.514041     -0.441203
  H       5.379270     -1.262085      3.610765
  H       0.782728      1.750540      0.380819
  N      -1.876745      2.114244      0.171771
  H      -2.889700      2.193962      0.001952
  H      -1.395374      2.992731      0.392342
  N       2.208016     -0.318059     -0.529917
  O       2.746657      0.786233     -0.626951
  O       2.680114     -1.350827     -1.035708
17
Coordinates from ORCA-job neb_ed_ts_MEP_ALL E -491.646345613565
  C      -1.328423      0.968200     -0.049389
  C      -2.044227     -0.205790     -0.454224
  C      -1.408170     -1.427929     -0.578991
  C      -0.023396     -1.547015     -0.324185
  C       0.685191     -0.385595      0.028865
  C       0.081067      0.851818      0.193503
  H      -3.103839     -0.123276     -0.668415
  H      -1.981937     -2.305681     -0.898945
  H       0.498663     -2.499776     -0.483870
  H       6.830804     -1.367895      3.741872
  H       0.676375      1.737129      0.414991
  N      -1.965168      2.151189      0.067589
  H      -2.960971      2.240893     -0.133326
  H      -1.476043      3.007126      0.325285
  N       2.158343     -0.375447     -0.277111
  O       2.719369      0.699367     -0.232785
  O       2.642360     -1.417318     -0.670864
17
Coordinates from ORCA-job neb_ed_ts_MEP_ALL E -491.652490726743
  C      -1.428214      0.994809     -0.149077
  C      -2.147389     -0.164689     -0.586832
  C      -1.516998     -1.389547     -0.713507
  C      -0.144315     -1.525000     -0.415970
  C       0.560410     -0.382863      0.002040
  C      -0.031177      0.862211      0.141120
  H      -3.202360     -0.069007     -0.824910
  H      -2.088548     -2.259252     -1.054956
  H       0.376190     -2.480615     -0.554501
  H       8.453288     -1.511688      4.079516
  H       0.566607      1.731045      0.417302
  N      -2.053873      2.182057     -0.027783
  H      -3.042592      2.286173     -0.250594
  H      -1.560511      3.024252      0.262325
  N       2.056288     -0.427644     -0.063883
  O       2.644437      0.619309      0.111600
  O       2.558755     -1.489550     -0.371888
17
Coordinates from ORCA-job neb_ed_ts_MEP_ALL E -491.655847576362
  C      -1.522569      1.016962     -0.224299
  C      -2.246601     -0.130796     -0.684417
  C      -1.621292     -1.357506     -0.813741
  C      -0.254923     -1.504341     -0.495704
  C       0.450117     -0.374448     -0.047163
  C      -0.132783      0.872296      0.090866
  H      -3.299093     -0.024178     -0.936411
  H      -2.191724     -2.220894     -1.169982
  H       0.262957     -2.461500     -0.621614
  H      10.069518     -1.685725      4.604579
  H       0.466663      1.727847      0.403846
  N      -2.137651      2.207756     -0.099036
  H      -3.121621      2.323910     -0.333529
  H      -1.639397      3.038576      0.212670
  N       1.941086     -0.459141      0.035462
  O       2.534711      0.565848      0.302002
  O       2.442602     -1.534665     -0.223530
17
Coordinates from ORCA-job neb_ed_ts_MEP_ALL E -491.657927219201
  C      -1.614152      1.037267     -0.289734
  C      -2.342864     -0.099744     -0.769014
  C      -1.722478     -1.328207     -0.900513
  C      -0.361322     -1.484944     -0.567221
  C       0.345559     -0.364539     -0.099286
  C      -0.230777      0.882011      0.044888
  H      -3.393362      0.016797     -1.032065
  H      -2.291575     -2.186003     -1.269574
  H       0.153392     -2.443337     -0.683078
  H      11.671117     -1.867963      5.179635
  H       0.369618      1.725479      0.388297
  N      -2.218668      2.231487     -0.161386
  H      -3.198430      2.358620     -0.404658
  H      -1.715501      3.051775      0.168087
  N       1.821322     -0.482905      0.094988
  O       2.412207      0.523355      0.431660
  O       2.315913     -1.569149     -0.131024
17
Coordinates from ORCA-job neb_ed_ts_MEP_ALL E -491.659177340584
  C      -1.704225      1.057138     -0.352744
  C      -2.436976     -0.069326     -0.850565
  C      -1.821146     -1.299280     -0.983926
  C      -0.465313     -1.465464     -0.635535
  C       0.243243     -0.354184     -0.149925
  C      -0.327536      0.891592      0.000955
  H      -3.485390      0.056723     -1.124309
  H      -2.388314     -2.151767     -1.365478
  H       0.045799     -2.424949     -0.742035
  H      13.270901     -2.052212      5.764627
  H       0.272704      1.723181      0.372975
  N      -2.298277      2.254583     -0.221748
  H      -3.273753      2.392288     -0.473381
  H      -1.790670      3.064486      0.124623
  N       1.697048     -0.504923      0.145038
  O       2.280055      0.483325      0.544245
  O       2.181851     -1.601212     -0.052818
17
Coordinates from ORCA-job neb_ed_ts_MEP_ALL E -491.659697139142
  C      -1.793374      1.077025     -0.415347
  C      -2.529541     -0.038892     -0.931534
  C      -1.917768     -1.270006     -1.066709
  C      -0.567863     -1.445643     -0.701567
  C       0.141198     -0.344405     -0.195585
  C      -0.424054      0.901055     -0.041440
  H      -3.575723      0.096343     -1.216016
  H      -2.482469     -2.117336     -1.460679
  H      -0.060539     -2.405944     -0.799709
  H      14.878587     -2.238253      6.355623
  H       0.175059      1.720849      0.357863
  N      -2.377207      2.277423     -0.281751
  H      -3.348147      2.425448     -0.541878
  H      -1.865689      3.076893      0.081243
  N       1.567692     -0.526535      0.191596
  O       2.138954      0.444211      0.647607
  O       2.040886     -1.632234      0.018284
17
Coordinates from ORCA-job neb_ed_ts_MEP_ALL E -491.787408094353
  C      -0.991212      0.918522      0.253171
  C      -1.670956     -0.327061      0.049878
  C      -1.017951     -1.557044     -0.141452
  C       0.356312     -1.618580     -0.171136
  C       1.111952     -0.398138      0.114730
  C       0.404441      0.877538      0.206308
  H      -2.765608     -0.315740      0.018882
  H      -1.615993     -2.456739     -0.302083
  H       0.907822     -2.542930     -0.356355
  H       1.506587     -0.591322      1.148739
  H       1.010708      1.783399      0.280071
  N      -1.687932      2.060286      0.439178
  H      -2.699411      2.074914      0.402219
  H      -1.217620      2.950436      0.548401
  N       2.484773     -0.303908     -0.673904
  O       2.947268      0.801531     -0.774006
  O       2.936819     -1.355165     -1.042641
17
Coordinates from ORCA-job neb_ed_ts_MEP_ALL E -491.631807605461
  C      -1.034665      0.924633      0.213793
  C      -1.751239     -0.352913     -0.016441
  C      -1.125672     -1.506324     -0.199667
  C       0.368624     -1.567162     -0.200589
  C       0.977667     -0.292643     -0.078423
  C       0.452072      0.796811      0.169873
  H      -2.823744     -0.292317     -0.064920
  H      -1.677308     -2.433502     -0.387100
  H       0.835875     -2.512711     -0.513501
  H       2.476300     -0.888142      2.615966
  H       0.955873      1.794563      0.170678
  N      -1.719548      2.049471      0.379477
  H      -2.749641      2.094447      0.334229
  H      -1.252818      2.963635      0.513709
  N       2.383784     -0.284460     -0.729094
  O       2.861291      0.835252     -0.937985
  O       2.823148     -1.328639     -1.270005
17
Coordinates from ORCA-job neb_ed_ts_MEP_ALL E -491.627808118925
  C      -1.109927      0.905660      0.154256
  C      -1.851062     -0.273757     -0.142584
  C      -1.165295     -1.512590     -0.293531
  C       0.207074     -1.570536     -0.225882
  C       0.958520     -0.388101     -0.077459
  C       0.283130      0.888067      0.216681
  H      -2.917069     -0.239603     -0.276671
  H      -1.769524     -2.394965     -0.540366
  H       0.752191     -2.507512     -0.454164
  H       3.880036     -1.120317      3.386334
  H       0.894164      1.763694      0.289527
  N      -1.795682      2.088790      0.287700
  H      -2.802242      2.139321      0.167942
  H      -1.315545      2.967695      0.460720
  N       2.297504     -0.277261     -0.779472
  O       2.759001      0.818398     -0.901594
  O       2.694727     -1.286983     -1.271437
17
Coordinates from ORCA-job neb_ed_ts_MEP_ALL E -491.632003126990
  C      -1.253832      0.942666      0.057986
  C      -1.948034     -0.269133     -0.309798
  C      -1.336149     -1.441972     -0.431378
  C       0.154820     -1.538718     -0.235794
  C       0.762743     -0.342388     -0.022102
  C       0.262633      0.791371      0.226668
  H      -3.005978     -0.179637     -0.484246
  H      -1.879546     -2.353088     -0.725045
  H       0.622202     -2.513967     -0.442135
  H       5.362921     -1.260680      3.606956
  H       0.784046      1.751030      0.378445
  N      -1.872970      2.110451      0.172992
  H      -2.889967      2.193158      0.004415
  H      -1.393677      2.993286      0.394104
  N       2.200865     -0.318472     -0.520170
  O       2.748604      0.787082     -0.630928
  O       2.681319     -1.350989     -1.039969
17
Coordinates from ORCA-job neb_ed_ts_MEP_ALL E -491.648821103206
  C      -1.321504      0.964336     -0.042788
  C      -2.041937     -0.205556     -0.447763
  C      -1.400438     -1.431017     -0.570971
  C      -0.024719     -1.549218     -0.323322
  C       0.695635     -0.386141      0.018376
  C       0.078610      0.857779      0.195203
  H      -3.103393     -0.125235     -0.661919
  H      -1.977693     -2.306375     -0.891738
  H       0.503368     -2.497225     -0.481754
  H       6.778013     -1.364256      3.735503
  H       0.681696      1.736061      0.413092
  N      -1.961169      2.148851      0.071751
  H      -2.956791      2.238541     -0.127289
  H      -1.472940      3.005003      0.328210
  N       2.164251     -0.373311     -0.288625
  O       2.718528      0.699984     -0.244955
  O       2.640483     -1.412220     -0.681013
17
Coordinates from ORCA-job neb_ed_ts_MEP_ALL E -491.654244186496
  C      -1.423828      0.992001     -0.145495
  C      -2.147003     -0.163548     -0.584389
  C      -1.511950     -1.391622     -0.709506
  C      -0.147614     -1.527105     -0.415831
  C       0.568015     -0.383976     -0.004926
  C      -0.035416      0.867737      0.142819
  H      -3.203283     -0.069635     -0.822933
  H      -2.086561     -2.259079     -1.052379
  H       0.378020     -2.478227     -0.553049
  H       8.429577     -1.509998      4.073436
  H       0.569181      1.729689      0.416960
  N      -2.051904      2.180781     -0.026314
  H      -3.040214      2.285062     -0.248103
  H      -1.559157      3.022827      0.263662
  N       2.061917     -0.427058     -0.067494
  O       2.643417      0.618097      0.107839
  O       2.556804     -1.485947     -0.374297
17
Coordinates from ORCA-job neb_ed_ts_MEP_ALL E -491.656906142709
  C      -1.519621      1.014960     -0.222190
  C      -2.246699     -0.129689     -0.683373
  C      -1.617862     -1.358818     -0.811556
  C      -0.257796     -1.505851     -0.495944
  C       0.455663     -0.375450     -0.052111
  C      -0.136390      0.876593      0.092109
  H      -3.300079     -0.024328     -0.935808
  H      -2.190609     -2.220502     -1.169022
  H       0.263774     -2.459530     -0.620869
  H      10.057179     -1.684980      4.599653
  H       0.468094      1.726691      0.403792
  N      -2.136473      2.206942     -0.098411
  H      -3.120099      2.323299     -0.332238
  H      -1.638694      3.037617      0.213452
  N       1.945317     -0.459173      0.035100
  O       2.533529      0.564353      0.301042
  O       2.440764     -1.532135     -0.223626
17
Coordinates from ORCA-job neb_ed_ts_MEP_ALL E -491.658416353309
  C      -1.612250      1.035939     -0.288402
  C      -2.343004     -0.098925     -0.768387
  C      -1.720267     -1.328983     -0.899224
  C      -0.363273     -1.485866     -0.567539
  C       0.349270     -0.365339     -0.102395
  C      -0.233241      0.884960      0.045701
  H      -3.394095      0.016813     -1.031741
  H      -2.290938     -2.185646     -1.269114
  H       0.153794     -2.441916     -0.682744
  H      11.663977     -1.867851      5.176127
  H       0.370480      1.724631      0.388315
  N      -2.217913      2.230972     -0.160921
  H      -3.197467      2.358271     -0.403738
  H      -1.715081      3.051153      0.168704
  N       1.824203     -0.483073      0.095301
  O       2.411267      0.522244      0.431096
  O       2.314539     -1.567385     -0.131039
17
Coordinates from ORCA-job neb_ed_ts_MEP_ALL E -491.659301758353
  C      -1.703242      1.056483     -0.351991
  C      -2.437035     -0.068859     -0.850148
  C      -1.820036     -1.299596     -0.983309
  C      -0.466242     -1.465850     -0.635811
  C       0.245141     -0.354676     -0.151272
  C      -0.328719      0.893112      0.001382
  H      -3.485759      0.056815     -1.124019
  H      -2.388020     -2.151508     -1.365268
  H       0.045989     -2.424170     -0.741995
  H      13.266863     -2.052540      5.762112
  H       0.273178      1.722706      0.373081
  N      -2.297859      2.254341     -0.221297
  H      -3.273247      2.392148     -0.472656
  H      -1.790417      3.064173      0.125176
  N       1.698582     -0.505059      0.145258
  O       2.279636      0.482736      0.543803
  O       2.181187     -1.600256     -0.053044
17
Coordinates from ORCA-job neb_ed_ts_MEP_ALL E -491.659697139142
  C      -1.793385      1.077092     -0.415126
  C      -2.529589     -0.038755     -0.931408
  C      -1.917836     -1.269859     -1.066761
  C      -0.567913     -1.445553     -0.701710
  C       0.141184     -0.344383     -0.195633
  C      -0.424048      0.901064     -0.041311
  H      -3.575785      0.096524     -1.215820
  H      -2.482566     -2.117137     -1.460803
  H      -0.060604     -2.405848     -0.799993
  H      14.878893     -2.239159      6.354587
  H       0.175094      1.720805      0.358059
  N      -2.377199      2.277480     -0.281357
  H      -3.348151      2.425546     -0.541416
  H      -1.865654      3.076902      0.081706
  N       1.567697     -0.526573      0.191452
  O       2.138992      0.444112      0.647549
  O       2.040870     -1.632257      0.017984
