18
Coordinates from ORCA-job para_products_optfreq_5
  C   -5.63725555436335      0.98899874329515      0.21143731105954
  C   -6.61524513455999      1.64479024878323     -0.54151690386741
  C   -7.25970173966677      1.00967137309125     -1.58904618989250
  C   -6.92062604431759     -0.30362370539239     -1.88291326135627
  C   -5.95831324748989     -0.98694197191882     -1.15534464262827
  C   -5.32131205703316     -0.33154419579735     -0.11375427455918
  C   -4.95759796008800      1.68707067612682      1.35420600464028
  H   -4.01505294221542      1.20546634971565      1.61127557408429
  H   -5.59048773687366      1.67367642391712      2.24555037853371
  H   -4.75615851271304      2.73184328865900      1.11603493305350
  H   -6.87004918838875      2.67076103014061     -0.30634972814763
  H   -8.01147152638620      1.51131297415801     -2.17909918625573
  H   -5.71641472066939     -2.00625554484822     -1.41503486752261
  H   -4.56130033440061     -0.85285320518107      0.45466036609449
  N   -7.58940947091777     -0.98171342884454     -3.00078187901111
  O   -7.31396723977917     -2.15557775105460     -3.20456096513483
  O   -8.38382380037584     -0.33444134289835     -3.66701453995351
  H   -14.01431599520870    -10.62009079787079    -11.87983500894279
