18
Coordinates from ORCA-job para_products_optfreq_5 E -476.282979010454
  C      -5.606716      0.983076      0.187093
  C      -6.702356      1.610798     -0.473966
  C      -7.355656      0.987376     -1.505481
  C      -6.918035     -0.288298     -1.883203
  C      -5.845103     -0.945116     -1.261218
  C      -5.195571     -0.301366     -0.235165
  C      -4.967197      1.661721      1.340070
  H      -4.021143      1.204027      1.620984
  H      -5.637777      1.606451      2.209711
  H      -4.821934      2.727030      1.144667
  H      -7.017280      2.593699     -0.149840
  H      -8.182663      1.449105     -2.025211
  H      -5.555731     -1.931792     -1.592731
  H      -4.362542     -0.780250      0.261189
  N      -7.608847     -0.971379     -2.970935
  O      -7.803396     -2.166757     -2.833121
  O      -7.939033     -0.298420     -3.929691
  H     -13.960030    -10.691104    -11.969382
18
Coordinates from ORCA-job para_products_optfreq_5 E -476.284484244480
  C      -5.613801      0.979460      0.177948
  C      -6.691248      1.607180     -0.465969
  C      -7.352934      0.979445     -1.510541
  C      -6.914078     -0.287523     -1.879137
  C      -5.854455     -0.942432     -1.266860
  C      -5.196039     -0.291075     -0.230509
  C      -4.967636      1.664522      1.345171
  H      -4.020305      1.204471      1.620646
  H      -5.635787      1.606252      2.209163
  H      -4.820291      2.726274      1.144514
  H      -7.017205      2.593900     -0.149508
  H      -8.182418      1.448975     -2.025339
  H      -5.555976     -1.931716     -1.592823
  H      -4.362005     -0.780229      0.261234
  N      -7.606614     -0.969741     -2.966833
  O      -7.803969     -2.170152     -2.835429
  O      -7.942092     -0.297719     -3.932793
  H     -13.960495    -10.690924    -11.969048
18
Coordinates from ORCA-job para_products_optfreq_5 E -476.284684132377
  C      -5.614406      0.980149      0.178557
  C      -6.689579      1.604451     -0.466531
  C      -7.348848      0.978245     -1.509869
  C      -6.913984     -0.287690     -1.879397
  C      -5.855811     -0.940401     -1.265280
  C      -5.198310     -0.288937     -0.232312
  C      -4.968716      1.665180      1.346535
  H      -4.019775      1.205059      1.620330
  H      -5.634732      1.606030      2.209853
  H      -4.818597      2.726108      1.144395
  H      -7.016216      2.592589     -0.149175
  H      -8.181207      1.448043     -2.025166
  H      -5.556956     -1.930508     -1.592755
  H      -4.362481     -0.779142      0.261056
  N      -7.606957     -0.970088     -2.967366
  O      -7.803589     -2.170161     -2.837407
  O      -7.943550     -0.298724     -3.931928
  H     -13.960801    -10.690744    -11.968800
18
Coordinates from ORCA-job para_products_optfreq_5 E -476.285006386600
  C      -5.615051      0.982482      0.182195
  C      -6.685929      1.600222     -0.466974
  C      -7.340247      0.976063     -1.510566
  C      -6.914179     -0.288914     -1.880995
  C      -5.859502     -0.937245     -1.261928
  C      -5.202034     -0.283909     -0.234864
  C      -4.970789      1.666575      1.349565
  H      -4.018923      1.207167      1.619300
  H      -5.632318      1.605443      2.213211
  H      -4.813495      2.725816      1.144196
  H      -7.012781      2.586984     -0.148687
  H      -8.175512      1.444317     -2.023604
  H      -5.560351     -1.925580     -1.591848
  H      -4.365750     -0.774696      0.259515
  N      -7.607808     -0.971363     -2.968511
  O      -7.802170     -2.170998     -2.843275
  O      -7.948374     -0.300854     -3.930147
  H     -13.961527    -10.690209    -11.968120
18
Coordinates from ORCA-job para_products_optfreq_5 E -476.285210288358
  C      -5.615183      0.984496      0.186548
  C      -6.683038      1.597866     -0.467116
  C      -7.333354      0.974891     -1.512648
  C      -6.914650     -0.290631     -1.883091
  C      -5.863058     -0.935291     -1.259033
  C      -5.204340     -0.279515     -0.235309
  C      -4.971473      1.668027      1.352453
  H      -4.018640      1.209643      1.618231
  H      -5.630326      1.605076      2.218094
  H      -4.808131      2.725686      1.144279
  H      -7.009268      2.580957     -0.148269
  H      -8.168502      1.440244     -2.021823
  H      -5.564046     -1.920331     -1.590385
  H      -4.369993     -0.769366      0.257499
  N      -7.608807     -0.972857     -2.969884
  O      -7.800223     -2.173215     -2.849294
  O      -7.954089     -0.301958     -3.929062
  H     -13.962118    -10.689632    -11.967430
18
Coordinates from ORCA-job para_products_optfreq_5 E -476.285315578905
  C      -5.614932      0.985463      0.189675
  C      -6.681576      1.597540     -0.467218
  C      -7.329851      0.974841     -1.514903
  C      -6.915126     -0.292014     -1.884756
  C      -5.865151     -0.934656     -1.257293
  C      -5.205249     -0.277314     -0.233890
  C      -4.970793      1.669253      1.354614
  H      -4.018609      1.211463      1.617650
  H      -5.629028      1.605287      2.222795
  H      -4.804262      2.725912      1.144738
  H      -7.007217      2.577467     -0.147864
  H      -8.163185      1.437835     -2.021107
  H      -5.566588     -1.917265     -1.588827
  H      -4.372986     -0.765336      0.256165
  N      -7.609874     -0.974400     -2.971476
  O      -7.798103     -2.175892     -2.853539
  O      -7.958989     -0.301651     -3.928790
  H     -13.962445    -10.689183    -11.966875
18
Coordinates from ORCA-job para_products_optfreq_5 E -476.285381717017
  C      -5.614624      0.985846      0.191452
  C      -6.680887      1.598200     -0.467418
  C      -7.328440      0.975265     -1.516682
  C      -6.915451     -0.292912     -1.885860
  C      -5.866028     -0.934694     -1.256378
  C      -5.205774     -0.276860     -0.231801
  C      -4.969686      1.670256      1.356322
  H      -4.018306      1.212480      1.617624
  H      -5.627860      1.606085      2.226738
  H      -4.801705      2.726497      1.145510
  H      -7.006568      2.576624     -0.147421
  H      -8.160044      1.437326     -2.021760
  H      -5.567957     -1.916476     -1.587277
  H      -4.374135     -0.762953      0.255870
  N      -7.610904     -0.975722     -2.973217
  O      -7.795873     -2.178449     -2.856458
  O      -7.963081     -0.300726     -3.928758
  H     -13.962652    -10.688837    -11.966369
18
Coordinates from ORCA-job para_products_optfreq_5 E -476.285475983549
  C      -5.614262      0.986428      0.193652
  C      -6.679908      1.599701     -0.467929
  C      -7.326803      0.976063     -1.519179
  C      -6.915818     -0.294073     -1.887391
  C      -5.866841     -0.935101     -1.255201
  C      -5.207018     -0.277160     -0.228222
  C      -4.967941      1.671847      1.359167
  H      -4.017171      1.213578      1.618113
  H      -5.625342      1.608094      2.232901
  H      -4.797979      2.727821      1.147201
  H      -7.006431      2.577168     -0.146660
  H      -8.156291      1.438132     -2.024324
  H      -5.569505     -1.916949     -1.584424
  H      -4.374358     -0.760227      0.256467
  N      -7.612520     -0.977822     -2.976200
  O      -7.791677     -2.182383     -2.861246
  O      -7.970040     -0.299244     -3.928487
  H     -13.963053    -10.688260    -11.965407
18
Coordinates from ORCA-job para_products_optfreq_5 E -476.285607592195
  C      -5.614132      0.987569      0.196667
  C      -6.678315      1.602128     -0.468942
  C      -7.324331      0.977267     -1.522596
  C      -6.916131     -0.295583     -1.889555
  C      -5.867866     -0.936014     -1.253417
  C      -5.209605     -0.278274     -0.222995
  C      -4.965615      1.674208      1.363679
  H      -4.014636      1.214773      1.619428
  H      -5.620344      1.612001      2.242034
  H      -4.792391      2.730092      1.150347
  H      -7.006854      2.579431     -0.145660
  H      -8.151452      1.440934     -2.029877
  H      -5.571387     -1.919261     -1.579509
  H      -4.373205     -0.757133      0.258551
  N      -7.614710     -0.980720     -2.980676
  O      -7.784438     -2.187828     -2.869498
  O      -7.981499     -0.297765     -3.927386
  H     -13.963850    -10.687293    -11.963691
18
Coordinates from ORCA-job para_products_optfreq_5 E -476.285755228740
  C      -5.614712      0.989219      0.200150
  C      -6.676361      1.604964     -0.470422
  C      -7.321160      0.978701     -1.526341
  C      -6.916170     -0.296989     -1.891911
  C      -5.869201     -0.937501     -1.250996
  C      -5.213337     -0.279922     -0.217310
  C      -4.963238      1.676832      1.369063
  H      -4.010899      1.215767      1.621583
  H      -5.612847      1.617601      2.252405
  H      -4.785748      2.732797      1.154794
  H      -7.007721      2.583044     -0.145021
  H      -8.146042      1.445745     -2.038173
  H      -5.573296     -1.923472     -1.572872
  H      -4.370798     -0.754506      0.262212
  N      -7.616737     -0.983680     -2.985523
  O      -7.774719     -2.193255     -2.880950
  O      -7.996339     -0.297413     -3.925052
  H     -13.965081    -10.686002    -11.961330
18
Coordinates from ORCA-job para_products_optfreq_5 E -476.285882202831
  C      -5.616195      0.990704      0.203072
  C      -6.674904      1.607044     -0.471900
  C      -7.318286      0.980009     -1.529270
  C      -6.915774     -0.297628     -1.893483
  C      -5.870728     -0.939227     -1.248359
  C      -5.216787     -0.281240     -0.213367
  C      -4.961572      1.678619      1.373144
  H      -4.007422      1.216218      1.623884
  H      -5.604970      1.623169      2.260118
  H      -4.780351      2.734689      1.159210
  H      -7.008502      2.586348     -0.145559
  H      -8.141268      1.450938     -2.046567
  H      -5.574728     -1.928128     -1.566430
  H      -4.368646     -0.753348      0.266262
  N      -7.617585     -0.985331     -2.988728
  O      -7.765340     -2.196385     -2.892323
  O      -8.009913     -0.298869     -3.921857
  H     -13.966442    -10.684757    -11.959041
18
Coordinates from ORCA-job para_products_optfreq_5 E -476.285982819272
  C      -5.618311      0.991548      0.205220
  C      -6.674374      1.607984     -0.473075
  C      -7.316072      0.981139     -1.531331
  C      -6.915071     -0.297476     -1.894030
  C      -5.872445     -0.940935     -1.245593
  C      -5.219158     -0.281699     -0.211524
  C      -4.960556      1.679252      1.375050
  H      -4.005143      1.216210      1.625780
  H      -5.598095      1.627759      2.264227
  H      -4.776903      2.735299      1.162845
  H      -7.008777      2.588281     -0.147528
  H      -8.136991      1.455275     -2.053516
  H      -5.575845     -1.931977     -1.560956
  H      -4.368176     -0.753447      0.269760
  N      -7.617196     -0.985565     -2.989869
  O      -7.757269     -2.197202     -2.901815
  O      -8.020516     -0.301309     -3.918432
  H     -13.967747    -10.683705    -11.957156
18
Coordinates from ORCA-job para_products_optfreq_5 E -476.286071600951
  C      -5.620792      0.991765      0.207038
  C      -6.674648      1.608206     -0.473941
  C      -7.314240      0.982328     -1.533324
  C      -6.914244     -0.296976     -1.893934
  C      -5.874533     -0.942684     -1.242444
  C      -5.220707     -0.281452     -0.210605
  C      -4.959613      1.679093      1.375313
  H      -4.003941      1.215930      1.627240
  H      -5.591910      1.631779      2.266362
  H      -4.774556      2.734986      1.165929
  H      -7.008532      2.589077     -0.150896
  H      -8.132101      1.458919     -2.059686
  H      -5.577189     -1.934990     -1.555625
  H      -4.369852     -0.754108      0.272805
  N      -7.616163     -0.985010     -2.989977
  O      -7.749013     -2.197258     -2.910082
  O      -8.029958     -0.303485     -3.914817
  H     -13.969096    -10.682694    -11.955431
18
Coordinates from ORCA-job para_products_optfreq_5 E -476.286176168004
  C      -5.623927      0.991535      0.209210
  C      -6.675604      1.608087     -0.474769
  C      -7.311993      0.983955     -1.536277
  C      -6.913355     -0.296452     -1.893615
  C      -5.877568     -0.944849     -1.238027
  C      -5.222327     -0.280772     -0.209363
  C      -4.958114      1.678491      1.374635
  H      -4.003255      1.215326      1.628542
  H      -5.584666      1.636561      2.268434
  H      -4.771992      2.734109      1.169289
  H      -7.007830      2.589497     -0.156397
  H      -8.124645      1.463118     -2.067419
  H      -5.579560     -1.938050     -1.548368
  H      -4.374202     -0.755056      0.276418
  N      -7.614853     -0.984247     -2.990159
  O      -7.737008     -2.197797     -2.919648
  O      -8.042161     -0.304736     -3.909935
  H     -13.970937    -10.681332    -11.953201
18
Coordinates from ORCA-job para_products_optfreq_5 E -476.286304352866
  C      -5.627608      0.990970      0.211807
  C      -6.677181      1.607668     -0.475621
  C      -7.308908      0.986002     -1.540665
  C      -6.912655     -0.296265     -1.893393
  C      -5.881848     -0.947379     -1.232110
  C      -5.224715     -0.279950     -0.207127
  C      -4.955845      1.677615      1.373313
  H      -4.002908      1.214082      1.629445
  H      -5.576039      1.642434      2.271095
  H      -4.768717      2.732874      1.172773
  H      -7.006714      2.590123     -0.164611
  H      -8.113572      1.468437     -2.077927
  H      -5.583596     -1.941395     -1.538107
  H      -4.381855     -0.756366      0.281169
  N      -7.613581     -0.983638     -2.991179
  O      -7.718908     -2.199504     -2.931187
  O      -8.058908     -0.304101     -3.902873
  H     -13.973543    -10.679416    -11.950122
18
Coordinates from ORCA-job para_products_optfreq_5 E -476.286445255703
  C      -5.631054      0.990321      0.214147
  C      -6.679061      1.606936     -0.476421
  C      -7.305256      0.987860     -1.545886
  C      -6.912573     -0.296728     -1.893555
  C      -5.886914     -0.949687     -1.225794
  C      -5.228274     -0.279502     -0.203967
  C      -4.953254      1.676672      1.371664
  H      -4.002861      1.211787      1.629275
  H      -5.567704      1.648310      2.273716
  H      -4.765205      2.731576      1.175103
  H      -7.005413      2.591504     -0.174871
  H      -8.100067      1.474458     -2.090452
  H      -5.589221     -1.944649     -1.525787
  H      -4.392127     -0.758393      0.286921
  N      -7.612553     -0.983402     -2.993083
  O      -7.695648     -2.202071     -2.943057
  O      -8.078425     -0.301026     -3.893613
  H     -13.976763    -10.677097    -11.946452
18
Coordinates from ORCA-job para_products_optfreq_5 E -476.286593635873
  C      -5.633336      0.989894      0.215244
  C      -6.680781      1.605902     -0.477117
  C      -7.301901      0.988713     -1.550440
  C      -6.913378     -0.297803     -1.894105
  C      -5.891754     -0.951002     -1.220917
  C      -5.232839     -0.279861     -0.200805
  C      -4.951265      1.675779      1.369840
  H      -4.003201      1.208214      1.627313
  H      -5.562460      1.652192      2.274654
  H      -4.762640      2.730402      1.174578
  H      -7.004176      2.593714     -0.185492
  H      -8.087065      1.479912     -2.102501
  H      -5.595587     -1.947102     -1.514074
  H      -4.403184     -0.761623      0.292888
  N      -7.611581     -0.983259     -2.994891
  O      -7.671391     -2.204215     -2.952431
  O      -8.096153     -0.296186     -3.883094
  H     -13.980072    -10.674818    -11.942951
18
Coordinates from ORCA-job para_products_optfreq_5 E -476.286761296970
  C      -5.634269      0.990009      0.214920
  C      -6.681876      1.605061     -0.477983
  C      -7.299240      0.988366     -1.553784
  C      -6.915064     -0.299339     -1.895045
  C      -5.896047     -0.951269     -1.218235
  C      -5.238601     -0.281424     -0.197663
  C      -4.950216      1.675127      1.368168
  H      -4.003718      1.203177      1.623146
  H      -5.561332      1.653295      2.273553
  H      -4.761140      2.729500      1.170397
  H      -7.003055      2.596941     -0.195775
  H      -8.075508      1.484503     -2.113515
  H      -5.602535     -1.948916     -1.503830
  H      -4.414065     -0.766449      0.299175
  N      -7.610203     -0.982936     -2.995732
  O      -7.647329     -2.205444     -2.959451
  O      -8.111197     -0.290478     -3.871366
  H     -13.983379    -10.672637    -11.939792
18
Coordinates from ORCA-job para_products_optfreq_5 E -476.286929415231
  C      -5.634123      0.990867      0.213754
  C      -6.681633      1.605508     -0.479503
  C      -7.297775      0.987403     -1.555538
  C      -6.916984     -0.300735     -1.896107
  C      -5.899092     -0.951005     -1.217922
  C      -5.244866     -0.284265     -0.194285
  C      -4.950098      1.675126      1.367504
  H      -4.003865      1.197642      1.617513
  H      -5.563987      1.651732      2.271523
  H      -4.760161      2.729189      1.163474
  H      -7.002204      2.600959     -0.203661
  H      -8.067047      1.487881     -2.122400
  H      -5.609078     -1.950744     -1.496467
  H      -4.422344     -0.772113      0.305367
  N      -7.608301     -0.982422     -2.995141
  O      -7.626880     -2.205745     -2.965391
  O      -8.122834     -0.286106     -3.859999
  H     -13.986280    -10.670723    -11.937275
18
Coordinates from ORCA-job para_products_optfreq_5 E -476.287088239555
  C      -5.634235      0.992098      0.212917
  C      -6.680047      1.607748     -0.482212
  C      -7.296993      0.987138     -1.556585
  C      -6.918185     -0.301295     -1.896661
  C      -5.901339     -0.951307     -1.217977
  C      -5.251207     -0.287833     -0.190077
  C      -4.950286      1.675684      1.367808
  H      -4.003431      1.192457      1.611539
  H      -5.567597      1.649323      2.270032
  H      -4.758549      2.729177      1.155949
  H      -7.001363      2.605472     -0.209534
  H      -8.060356      1.490945     -2.130597
  H      -5.615297     -1.953790     -1.490718
  H      -4.428350     -0.777983      0.311981
  N      -7.605887     -0.981838     -2.993599
  O      -7.608546     -2.205550     -2.973794
  O      -8.134477     -0.284514     -3.848836
  H     -13.989026    -10.668772    -11.934932
18
Coordinates from ORCA-job para_products_optfreq_5 E -476.287254099125
  C      -5.635873      0.993221      0.213151
  C      -6.677397      1.611861     -0.486538
  C      -7.295851      0.988607     -1.558375
  C      -6.918169     -0.300790     -1.896183
  C      -5.904040     -0.953059     -1.215974
  C      -5.258156     -0.291786     -0.184075
  C      -4.950221      1.676381      1.368277
  H      -4.002699      1.187425      1.605231
  H      -5.569799      1.647616      2.269549
  H      -4.755327      2.728809      1.148647
  H      -6.999899      2.610740     -0.215822
  H      -8.052234      1.495072     -2.141074
  H      -5.622715     -1.959057     -1.483768
  H      -4.435001     -0.784471      0.320551
  N      -7.602911     -0.981348     -2.991947
  O      -7.586329     -2.205143     -2.988447
  O      -8.151509     -0.285576     -3.835322
  H     -13.992444    -10.666127    -11.931813
18
Coordinates from ORCA-job para_products_optfreq_5 E -476.287437275971
  C      -5.639742      0.993877      0.214764
  C      -6.673778      1.617940     -0.492673
  C      -7.293384      0.992473     -1.562094
  C      -6.916773     -0.299329     -1.894376
  C      -5.908196     -0.956789     -1.210093
  C      -5.266192     -0.295972     -0.175393
  C      -4.949711      1.676823      1.368081
  H      -4.002167      1.182352      1.598228
  H      -5.569359      1.647408      2.270012
  H      -4.749936      2.727492      1.141685
  H      -6.997092      2.617211     -0.224300
  H      -8.040480      1.501058     -2.155786
  H      -5.632786     -1.966975     -1.473728
  H      -4.444874     -0.791992      0.332413
  N      -7.599491     -0.981265     -2.991045
  O      -7.555227     -2.204419     -3.011896
  O      -8.177881     -0.288918     -3.817034
  H     -13.997169    -10.662264    -11.927209
18
Coordinates from ORCA-job para_products_optfreq_5 E -476.287606854314
  C      -5.644980      0.993798      0.217210
  C      -6.669777      1.624746     -0.499261
  C      -7.289392      0.998069     -1.567583
  C      -6.914458     -0.297625     -1.891634
  C      -5.913454     -0.961763     -1.200798
  C      -5.273844     -0.299553     -0.165351
  C      -4.949115      1.676665      1.366654
  H      -4.002543      1.178384      1.591570
  H      -5.566439      1.648677      2.270778
  H      -4.743540      2.725102      1.136151
  H      -6.992802      2.624036     -0.233514
  H      -8.027262      1.507513     -2.171740
  H      -5.644247     -1.975584     -1.462467
  H      -4.457161     -0.799099      0.345876
  N      -7.596601     -0.981924     -2.991738
  O      -7.519621     -2.202755     -3.039953
  O      -8.209280     -0.293807     -3.796243
  H     -14.002397    -10.657774    -11.921857
18
Coordinates from ORCA-job para_products_optfreq_5 E -476.287737527356
  C      -5.649767      0.993241      0.219340
  C      -6.666113      1.630457     -0.504678
  C      -7.284181      1.003519     -1.573685
  C      -6.912322     -0.296600     -1.888996
  C      -5.919048     -0.966436     -1.190576
  C      -5.280004     -0.302066     -0.156183
  C      -4.949020      1.675925      1.364130
  H      -4.004069      1.176199      1.586238
  H      -5.562613      1.650587      2.270877
  H      -4.738007      2.722110      1.132411
  H      -6.987389      2.630272     -0.241255
  H      -8.015992      1.512575     -2.184794
  H      -5.655021     -1.982317     -1.452795
  H      -4.469486     -0.804456      0.358603
  N      -7.594713     -0.982986     -2.993622
  O      -7.486712     -2.199850     -3.065879
  O      -8.238452     -0.298954     -3.776702
  H     -14.006976    -10.653607    -11.916938
18
Coordinates from ORCA-job para_products_optfreq_5 E -476.287846096817
  C      -5.653106      0.992682      0.220437
  C      -6.662849      1.634547     -0.508684
  C      -7.278030      1.007708     -1.579659
  C      -6.911045     -0.296548     -1.887076
  C      -5.924853     -0.970072     -1.181199
  C      -5.285222     -0.303989     -0.148600
  C      -4.949691      1.674908      1.360992
  H      -4.006467      1.175290      1.582027
  H      -5.559368      1.652328      2.269782
  H      -4.734086      2.719011      1.129565
  H      -6.980872      2.635925     -0.246996
  H      -8.007677      1.515657     -2.193785
  H      -5.664719     -1.986427     -1.445451
  H      -4.480909     -0.808243      0.370429
  N      -7.593366     -0.983808     -2.995571
  O      -7.458167     -2.195951     -3.087522
  O      -8.263190     -0.303667     -3.759293
  H     -14.010652    -10.650006    -11.912769
18
Coordinates from ORCA-job para_products_optfreq_5 E -476.287962029777
  C      -5.655214      0.992364      0.220366
  C      -6.659279      1.637731     -0.512306
  C      -7.270220      1.010945     -1.586074
  C      -6.910723     -0.297331     -1.885864
  C      -5.931960     -0.973125     -1.172059
  C      -5.291278     -0.306278     -0.141373
  C      -4.951162      1.673789      1.357220
  H      -4.009658      1.174799      1.577958
  H      -5.557014      1.653845      2.267266
  H      -4.731303      2.715760      1.126338
  H      -6.971904      2.642026     -0.251948
  H      -8.000760      1.517261     -2.200314
  H      -5.675180     -1.988742     -1.438932
  H      -4.493204     -0.811586      0.383950
  N      -7.591802     -0.984089     -2.997005
  O      -7.428525     -2.190793     -3.108545
  O      -8.287820     -0.308458     -3.740872
  H     -14.014136    -10.646305    -11.908572
18
Coordinates from ORCA-job para_products_optfreq_5 E -476.288069213299
  C      -5.654922      0.992422      0.218756
  C      -6.656145      1.638845     -0.514444
  C      -7.263392      1.012021     -1.590475
  C      -6.911593     -0.298563     -1.885992
  C      -5.938109     -0.974490     -1.166723
  C      -5.296123     -0.308381     -0.137201
  C      -4.953056      1.673167      1.354261
  H      -4.012490      1.175405      1.576157
  H      -5.556876      1.654654      2.264079
  H      -4.731188      2.713838      1.124179
  H      -6.962280      2.646113     -0.253306
  H      -7.999084      1.515838     -2.200161
  H      -5.682539     -1.987976     -1.436504
  H      -4.501639     -0.812682      0.394944
  N      -7.590690     -0.983731     -2.997305
  O      -7.409428     -2.185291     -3.121363
  O      -8.302704     -0.312702     -3.728203
  H     -14.015897    -10.643859    -11.905964
18
Coordinates from ORCA-job para_products_optfreq_5 E -476.288109162935
  C      -5.655533      0.992905      0.216815
  C      -6.651068      1.642253     -0.519848
  C      -7.255370      1.014110     -1.596688
  C      -6.912880     -0.299370     -1.886105
  C      -5.947546     -0.977249     -1.159596
  C      -5.306777     -0.313620     -0.128508
  C      -4.954397      1.673007      1.351037
  H      -4.014953      1.172237      1.570581
  H      -5.558147      1.655223      2.260281
  H      -4.729518      2.712005      1.117143
  H      -6.949053      2.653575     -0.260520
  H      -7.990697      1.517005     -2.207094
  H      -5.696347     -1.990618     -1.427777
  H      -4.517536     -0.818179      0.413987
  N      -7.587160     -0.982513     -2.996164
  O      -7.369964     -2.180293     -3.145656
  O      -8.332960     -0.316449     -3.704690
  H     -14.020272    -10.639136    -11.900609
18
Coordinates from ORCA-job para_products_optfreq_5 E -476.288191826755
  C      -5.651750      0.992919      0.214445
  C      -6.651911      1.638340     -0.517437
  C      -7.257811      1.010846     -1.593088
  C      -6.914662     -0.299707     -1.888213
  C      -5.945843     -0.974595     -1.165626
  C      -5.304219     -0.312858     -0.133907
  C      -4.954476      1.673718      1.352031
  H      -4.014307      1.174312      1.575376
  H      -5.561454      1.654785      2.259320
  H      -4.734456      2.714513      1.119853
  H      -6.947334      2.649216     -0.255239
  H      -7.999357      1.511913     -2.195582
  H      -5.690902     -1.985674     -1.434293
  H      -4.512152     -0.813977      0.409364
  N      -7.588347     -0.981758     -2.994985
  O      -7.387847     -2.179429     -3.131370
  O      -8.316297     -0.315523     -3.714764
  H     -14.017279    -10.641283    -11.903255
18
Coordinates from ORCA-job para_products_optfreq_5 E -476.288236343705
  C      -5.651718      0.992697      0.214632
  C      -6.651366      1.638327     -0.518166
  C      -7.259842      1.010977     -1.591808
  C      -6.914421     -0.298827     -1.888232
  C      -5.945103     -0.974676     -1.166646
  C      -5.304437     -0.313145     -0.134135
  C      -4.953663      1.674211      1.352788
  H      -4.013240      1.173895      1.576425
  H      -5.562155      1.655136      2.259888
  H      -4.734995      2.715760      1.120081
  H      -6.946876      2.648237     -0.255853
  H      -7.999825      1.512133     -2.195373
  H      -5.690347     -1.986778     -1.434079
  H      -4.512203     -0.814080      0.409096
  N      -7.588361     -0.981813     -2.994936
  O      -7.388798     -2.179973     -3.130782
  O      -8.315557     -0.315488     -3.715934
  H     -14.017127    -10.641374    -11.903299
18
Coordinates from ORCA-job para_products_optfreq_5 E -476.288345242815
  C      -5.650754      0.991763      0.213933
  C      -6.646010      1.638996     -0.522786
  C      -7.264098      1.011682     -1.589267
  C      -6.914349     -0.296203     -1.888635
  C      -5.946568     -0.975986     -1.167792
  C      -5.309087     -0.316192     -0.131658
  C      -4.951529      1.676026      1.353752
  H      -4.010831      1.172658      1.580112
  H      -5.566001      1.657316      2.259286
  H      -4.738102      2.720127      1.119189
  H      -6.936354      2.647250     -0.260143
  H      -8.001680      1.512000     -2.193675
  H      -5.693847     -1.990888     -1.431309
  H      -4.520062     -0.815678      0.416700
  N      -7.587720     -0.981410     -2.995074
  O      -7.377905     -2.178041     -3.137379
  O      -8.323484     -0.318250     -3.711412
  H     -14.017731    -10.639857    -11.901432
18
Coordinates from ORCA-job para_products_optfreq_5 E -476.288398791280
  C      -5.650212      0.991192      0.213562
  C      -6.641069      1.640316     -0.526545
  C      -7.264105      1.012714     -1.589577
  C      -6.914381     -0.295331     -1.888558
  C      -5.949435     -0.977670     -1.165579
  C      -5.313619     -0.318678     -0.127918
  C      -4.951037      1.676843      1.353091
  H      -4.010702      1.172685      1.581823
  H      -5.567796      1.659317      2.257509
  H      -4.739630      2.721723      1.118008
  H      -6.926114      2.649170     -0.264125
  H      -8.002425      1.512383     -2.193662
  H      -5.699314     -1.993939     -1.428154
  H      -4.529014     -0.817933      0.425886
  N      -7.587022     -0.981255     -2.995910
  O      -7.362768     -2.174459     -3.147941
  O      -8.335644     -0.322050     -3.703278
  H     -14.019022    -10.637760    -11.898978
18
Coordinates from ORCA-job para_products_optfreq_5 E -476.288475904370
  C      -5.648855      0.990449      0.213211
  C      -6.632956      1.642510     -0.531809
  C      -7.263165      1.014107     -1.590728
  C      -6.914554     -0.294974     -1.888211
  C      -5.953897     -0.980411     -1.161276
  C      -5.319952     -0.322171     -0.121789
  C      -4.950929      1.677941      1.351666
  H      -4.011440      1.174535      1.585274
  H      -5.570029      1.662870      2.253952
  H      -4.742138      2.723436      1.116967
  H      -6.909083      2.653551     -0.270213
  H      -8.005360      1.513065     -2.192588
  H      -5.708154     -1.998259     -1.423745
  H      -4.543493     -0.822015      0.440699
  N      -7.586224     -0.980914     -2.997773
  O      -7.339608     -2.167875     -3.165404
  O      -8.354986     -0.329080     -3.690586
  H     -14.020956    -10.634357    -11.895015
18
Coordinates from ORCA-job para_products_optfreq_5 E -476.288526145726
  C      -5.647159      0.990233      0.213096
  C      -6.628222      1.643683     -0.534197
  C      -7.262580      1.014442     -1.591264
  C      -6.915026     -0.295573     -1.887931
  C      -5.955804     -0.981810     -1.158986
  C      -5.322571     -0.323925     -0.118561
  C      -4.951247      1.678668      1.350987
  H      -4.012331      1.177529      1.588673
  H      -5.571355      1.665270      2.251427
  H      -4.744050      2.724175      1.117319
  H      -6.898536      2.657127     -0.273711
  H      -8.009372      1.513393     -2.190074
  H      -5.712784     -2.000275     -1.421990
  H      -4.551560     -0.825256      0.448940
  N      -7.586071     -0.980777     -2.999196
  O      -7.328816     -2.163564     -3.174884
  O      -8.364618     -0.333688     -3.684692
  H     -14.021719    -10.632489    -11.892840
18
Coordinates from ORCA-job para_products_optfreq_5 E -476.288569770367
  C      -5.645380      0.990421      0.213006
  C      -6.624831      1.645071     -0.535788
  C      -7.261849      1.014635     -1.591941
  C      -6.915832     -0.296692     -1.887470
  C      -5.957023     -0.982859     -1.157169
  C      -5.324214     -0.325541     -0.115709
  C      -4.951742      1.679407      1.350782
  H      -4.013231      1.181139      1.591819
  H      -5.572491      1.667254      2.249478
  H      -4.745135      2.724343      1.117649
  H      -6.890205      2.661663     -0.277671
  H      -8.012706      1.514154     -2.187803
  H      -5.716661     -2.001955     -1.420084
  H      -4.557999     -0.829955      0.455759
  N      -7.586012     -0.980808     -3.000492
  O      -7.320067     -2.160224     -3.183530
  O      -8.372630     -0.337493     -3.679704
  H     -14.022439    -10.630792    -11.890856
18
Coordinates from ORCA-job para_products_optfreq_5 E -476.288608251459
  C      -5.643519      0.990784      0.212752
  C      -6.622870      1.646373     -0.536670
  C      -7.261849      1.014590     -1.591964
  C      -6.916942     -0.297767     -1.886947
  C      -5.957269     -0.983358     -1.156583
  C      -5.324657     -0.326980     -0.113783
  C      -4.952113      1.680339      1.351311
  H      -4.013523      1.185113      1.595228
  H      -5.573953      1.668788      2.248569
  H      -4.745702      2.724650      1.118113
  H      -6.884340      2.666160     -0.282082
  H      -8.015475      1.514992     -2.185104
  H      -5.719040     -2.003275     -1.418295
  H      -4.562295     -0.835797      0.460296
  N      -7.586128     -0.981229     -3.001498
  O      -7.315022     -2.158205     -3.189906
  O      -8.377409     -0.340048     -3.676763
  H     -14.022862    -10.629486    -11.889305
18
Coordinates from ORCA-job para_products_optfreq_5 E -476.288644709791
  C      -5.641774      0.991175      0.212234
  C      -6.621712      1.647773     -0.537479
  C      -7.262240      1.014602     -1.591473
  C      -6.918265     -0.298586     -1.886302
  C      -5.957303     -0.983522     -1.156577
  C      -5.324657     -0.328602     -0.112263
  C      -4.952407      1.681512      1.352327
  H      -4.013149      1.189272      1.598807
  H      -5.575968      1.670026      2.248607
  H      -4.745653      2.725290      1.118299
  H      -6.879765      2.670768     -0.287768
  H      -8.016993      1.515880     -2.182287
  H      -5.720834     -2.004548     -1.415943
  H      -4.565862     -0.843167      0.463773
  N      -7.586336     -0.981977     -3.002242
  O      -7.310754     -2.157179     -3.195957
  O      -8.381152     -0.341744     -3.674140
  H     -14.023261    -10.628198    -11.887757
18
Coordinates from ORCA-job para_products_optfreq_5 E -476.288665281774
  C      -5.640738      0.991308      0.211612
  C      -6.621887      1.648155     -0.537568
  C      -7.263076      1.014270     -1.590233
  C      -6.919205     -0.298728     -1.885998
  C      -5.956965     -0.983039     -1.157608
  C      -5.323811     -0.329352     -0.112542
  C      -4.952562      1.682422      1.353392
  H      -4.012203      1.191878      1.601299
  H      -5.577867      1.670297      2.249528
  H      -4.745409      2.726273      1.118399
  H      -6.878818      2.672554     -0.291659
  H      -8.017254      1.515915     -2.179685
  H      -5.720492     -2.004589     -1.414838
  H      -4.566495     -0.848032      0.463538
  N      -7.586646     -0.982701     -3.002221
  O      -7.311321     -2.157717     -3.197224
  O      -8.380352     -0.341419     -3.674309
  H     -14.023108    -10.627790    -11.887232
18
Coordinates from ORCA-job para_products_optfreq_5 E -476.288676005299
  C      -5.640395      0.991183      0.211271
  C      -6.621978      1.647962     -0.537659
  C      -7.263583      1.013915     -1.589121
  C      -6.919563     -0.298535     -1.885878
  C      -5.957043     -0.982598     -1.158220
  C      -5.323258     -0.329523     -0.113315
  C      -4.952703      1.682974      1.353953
  H      -4.011447      1.193111      1.602562
  H      -5.579210      1.670185      2.250279
  H      -4.745207      2.727184      1.118276
  H      -6.879000      2.672491     -0.294108
  H      -8.016735      1.515540     -2.178089
  H      -5.719816     -2.004141     -1.414380
  H      -4.566648     -0.850379      0.462188
  N      -7.586868     -0.983029     -3.001898
  O      -7.312189     -2.158680     -3.197092
  O      -8.379219     -0.340395     -3.674803
  H     -14.022851    -10.627679    -11.887060
18
Coordinates from ORCA-job para_products_optfreq_5 E -476.288682100289
  C      -5.640326      0.990983      0.211299
  C      -6.621907      1.647383     -0.537617
  C      -7.263798      1.013420     -1.588219
  C      -6.919608     -0.298424     -1.885857
  C      -5.957227     -0.982266     -1.158462
  C      -5.322746     -0.329183     -0.114356
  C      -4.952892      1.683306      1.354207
  H      -4.011076      1.193851      1.603187
  H      -5.580036      1.669924      2.250674
  H      -4.745137      2.727851      1.118214
  H      -6.879842      2.671467     -0.295585
  H      -8.016207      1.515017     -2.177041
  H      -5.718886     -2.003359     -1.414517
  H      -4.566480     -0.851162      0.460005
  N      -7.587124     -0.983229     -3.001678
  O      -7.313701     -2.159448     -3.196014
  O      -8.377680     -0.339179     -3.675593
  H     -14.022468    -10.627765    -11.887116
18
Coordinates from ORCA-job para_products_optfreq_5 E -476.288688374308
  C      -5.640043      0.990784      0.211598
  C      -6.620977      1.646722     -0.537889
  C      -7.263736      1.012770     -1.587526
  C      -6.919660     -0.298615     -1.885810
  C      -5.957799     -0.982211     -1.158169
  C      -5.322665     -0.328831     -0.115067
  C      -4.953155      1.683748      1.354313
  H      -4.011099      1.195051      1.604097
  H      -5.580898      1.669951      2.250461
  H      -4.745429      2.728502      1.118212
  H      -6.879523      2.670511     -0.297523
  H      -8.016164      1.514490     -2.175842
  H      -5.718447     -2.002698     -1.414642
  H      -4.567382     -0.851975      0.458341
  N      -7.587359     -0.983211     -3.001660
  O      -7.313878     -2.159588     -3.196044
  O      -8.377465     -0.338417     -3.675569
  H     -14.022081    -10.627614    -11.886892
18
Coordinates from ORCA-job para_products_optfreq_5 E -476.288693409159
  C      -5.639523      0.990725      0.212025
  C      -6.619738      1.646154     -0.538296
  C      -7.263473      1.012090     -1.587207
  C      -6.919858     -0.299135     -1.885740
  C      -5.958395     -0.982384     -1.157670
  C      -5.322874     -0.328603     -0.115312
  C      -4.953392      1.684233      1.354391
  H      -4.011442      1.196493      1.605121
  H      -5.581615      1.670219      2.249825
  H      -4.745984      2.728949      1.118312
  H      -6.878499      2.669975     -0.299446
  H      -8.016576      1.514118     -2.174734
  H      -5.718357     -2.002332     -1.414766
  H      -4.568635     -0.852830      0.457320
  N      -7.587509     -0.983098     -3.001819
  O      -7.313346     -2.159078     -3.196821
  O      -8.378082     -0.338186     -3.675014
  H     -14.021722    -10.627310    -11.886500
18
Coordinates from ORCA-job para_products_optfreq_5 E -476.288696694865
  C      -5.638997      0.990802      0.212288
  C      -6.618809      1.645888     -0.538684
  C      -7.263192      1.011657     -1.587290
  C      -6.920149     -0.299701     -1.885644
  C      -5.958764     -0.982655     -1.157310
  C      -5.323251     -0.328661     -0.115068
  C      -4.953496      1.684613      1.354468
  H      -4.011806      1.197569      1.605908
  H      -5.582059      1.670577      2.249189
  H      -4.746559      2.729153      1.118421
  H      -6.877364      2.669978     -0.300738
  H      -8.017054      1.513976     -2.174085
  H      -5.718495     -2.002395     -1.414804
  H      -4.569522     -0.853532      0.457141
  N      -7.587538     -0.982880     -3.001967
  O      -7.312476     -2.158390     -3.197892
  O      -8.379058     -0.338359     -3.674246
  H     -14.021486    -10.626977    -11.886106
18
Coordinates from ORCA-job para_products_optfreq_5 E -476.288699019637
  C      -5.638572      0.990910      0.212362
  C      -6.618285      1.645751     -0.539006
  C      -7.262951      1.011384     -1.587509
  C      -6.920465     -0.300173     -1.885523
  C      -5.958919     -0.982926     -1.157158
  C      -5.323614     -0.328874     -0.114692
  C      -4.953524      1.684906      1.354550
  H      -4.012041      1.198257      1.606467
  H      -5.582391      1.670891      2.248737
  H      -4.747097      2.729303      1.118496
  H      -6.876598      2.670088     -0.301541
  H      -8.017334      1.513896     -2.173769
  H      -5.718522     -2.002628     -1.414860
  H      -4.569776     -0.854008      0.457095
  N      -7.587519     -0.982685     -3.002013
  O      -7.311878     -2.157804     -3.198684
  O      -8.379792     -0.338481     -3.673616
  H     -14.021258    -10.626697    -11.885792
18
Coordinates from ORCA-job para_products_optfreq_5 E -476.288701311858
  C      -5.638176      0.990996      0.212287
  C      -6.617913      1.645613     -0.539366
  C      -7.262686      1.011139     -1.587797
  C      -6.920817     -0.300652     -1.885324
  C      -5.958983     -0.983261     -1.157105
  C      -5.323997     -0.329236     -0.114240
  C      -4.953545      1.685216      1.354622
  H      -4.012185      1.198831      1.607019
  H      -5.582817      1.671224      2.248356
  H      -4.747773      2.729566      1.118540
  H      -6.876058      2.670123     -0.302247
  H      -8.017414      1.513753     -2.173605
  H      -5.718334     -2.002965     -1.415003
  H      -4.569488     -0.854366      0.456857
  N      -7.587538     -0.982430     -3.001961
  O      -7.311499     -2.157283     -3.199299
  O      -8.380347     -0.338402     -3.673001
  H     -14.020903    -10.626391    -11.885465
18
Coordinates from ORCA-job para_products_optfreq_5 E -476.288703692346
  C      -5.637822      0.990983      0.212057
  C      -6.617584      1.645460     -0.539828
  C      -7.262373      1.010894     -1.588099
  C      -6.921171     -0.301130     -1.885002
  C      -5.958998     -0.983727     -1.157067
  C      -5.324367     -0.329776     -0.113742
  C      -4.953623      1.685574      1.354645
  H      -4.012242      1.199407      1.607671
  H      -5.583456      1.671619      2.248010
  H      -4.748688      2.730052      1.118545
  H      -6.875674      2.670038     -0.303004
  H      -8.017268      1.513493     -2.173576
  H      -5.717875     -2.003395     -1.415256
  H      -4.568628     -0.854622      0.456319
  N      -7.587636     -0.982171     -3.001797
  O      -7.311324     -2.156796     -3.199802
  O      -8.380789     -0.338004     -3.672352
  H     -14.020336    -10.626003    -11.885060
18
Coordinates from ORCA-job para_products_optfreq_5 E -476.288705631929
  C      -5.637656      0.990802      0.211758
  C      -6.617298      1.645338     -0.540291
  C      -7.262090      1.010723     -1.588303
  C      -6.921351     -0.301476     -1.884627
  C      -5.959004     -0.984246     -1.156960
  C      -5.324550     -0.330348     -0.113383
  C      -4.953797      1.685880      1.354564
  H      -4.012235      1.199888      1.608268
  H      -5.584190      1.671991      2.247751
  H      -4.749653      2.730676      1.118492
  H      -6.875511      2.669843     -0.303631
  H      -8.016903      1.513157     -2.173755
  H      -5.717252     -2.003787     -1.415569
  H      -4.567398     -0.854638      0.455591
  N      -7.587864     -0.981946     -3.001575
  O      -7.311397     -2.156498     -3.200108
  O      -8.381013     -0.337359     -3.671789
  H     -14.019654    -10.625599    -11.884643
18
Coordinates from ORCA-job para_products_optfreq_5 E -476.288707123646
  C      -5.637683      0.990461      0.211512
  C      -6.617005      1.645289     -0.540691
  C      -7.261865      1.010626     -1.588371
  C      -6.921314     -0.301659     -1.884275
  C      -5.959038     -0.984773     -1.156725
  C      -5.324470     -0.330833     -0.113233
  C      -4.954079      1.686096      1.354389
  H      -4.012256      1.200327      1.608752
  H      -5.584915      1.672311      2.247539
  H      -4.750548      2.731294      1.118388
  H      -6.875429      2.669664     -0.304090
  H      -8.016430      1.512816     -2.174137
  H      -5.716644     -2.004084     -1.415857
  H      -4.566120     -0.854445      0.454895
  N      -7.588155     -0.981839     -3.001345
  O      -7.311634     -2.156342     -3.200337
  O      -8.381131     -0.336634     -3.671332
  H     -14.018956    -10.625194    -11.884226
18
Coordinates from ORCA-job para_products_optfreq_5 E -476.288708320893
  C      -5.637814      0.990045      0.211400
  C      -6.616653      1.645312     -0.541004
  C      -7.261686      1.010578     -1.588353
  C      -6.921116     -0.301768     -1.883989
  C      -5.959125     -0.985269     -1.156364
  C      -5.324161     -0.331185     -0.113253
  C      -4.954449      1.686238      1.354177
  H      -4.012403      1.200818      1.609132
  H      -5.585579      1.672589      2.247294
  H      -4.751340      2.731773      1.118242
  H      -6.875228      2.669624     -0.304431
  H      -8.015955      1.512526     -2.174664
  H      -5.716205     -2.004307     -1.416051
  H      -4.565059     -0.854157      0.454430
  N      -7.588464     -0.981791     -3.001166
  O      -7.311886     -2.156254     -3.200679
  O      -8.381287     -0.336034     -3.670887
  H     -14.018309    -10.624765    -11.883789
18
Coordinates from ORCA-job para_products_optfreq_5 E -476.288709533094
  C      -5.637952      0.989646      0.211432
  C      -6.616281      1.645380     -0.541208
  C      -7.261524      1.010542     -1.588320
  C      -6.920862     -0.301867     -1.883788
  C      -5.959227     -0.985711     -1.155956
  C      -5.323687     -0.331385     -0.113378
  C      -4.954877      1.686331      1.353991
  H      -4.012711      1.201398      1.609415
  H      -5.586169      1.672826      2.246993
  H      -4.752032      2.732030      1.118054
  H      -6.874826      2.669769     -0.304677
  H      -8.015499      1.512309     -2.175302
  H      -5.715988     -2.004502     -1.416120
  H      -4.564267     -0.853852      0.454267
  N      -7.588710     -0.981795     -3.001047
  O      -7.312134     -2.156161     -3.201180
  O      -8.381539     -0.335642     -3.670421
  H     -14.017733    -10.624293    -11.883322
18
Coordinates from ORCA-job para_products_optfreq_5 E -476.288711028260
  C      -5.638010      0.989271      0.211558
  C      -6.615842      1.645434     -0.541375
  C      -7.261281      1.010457     -1.588338
  C      -6.920625     -0.302086     -1.883596
  C      -5.959318     -0.986172     -1.155507
  C      -5.323068     -0.331521     -0.113536
  C      -4.955427      1.686452      1.353854
  H      -4.013227      1.202240      1.609746
  H      -5.586886      1.673093      2.246564
  H      -4.752856      2.732129      1.117773
  H      -6.874072      2.670080     -0.304992
  H      -8.014932      1.512089     -2.176110
  H      -5.715917     -2.004778     -1.416083
  H      -4.563530     -0.853560      0.454303
  N      -7.588920     -0.981786     -3.000957
  O      -7.312416     -2.155998     -3.201969
  O      -8.381973     -0.335355     -3.669763
  H     -14.017066    -10.623628    -11.882692
18
Coordinates from ORCA-job para_products_optfreq_5 E -476.288712543714
  C      -5.637928      0.989048      0.211676
  C      -6.615498      1.645413     -0.541469
  C      -7.260967      1.010316     -1.588442
  C      -6.920520     -0.302412     -1.883426
  C      -5.959303     -0.986533     -1.155201
  C      -5.322495     -0.331581     -0.113647
  C      -4.955981      1.686595      1.353827
  H      -4.013799      1.203147      1.610087
  H      -5.587650      1.673325      2.246144
  H      -4.753681      2.732071      1.117431
  H      -6.873126      2.670421     -0.305331
  H      -8.014284      1.511889     -2.176905
  H      -5.715978     -2.005108     -1.415941
  H      -4.562918     -0.853351      0.454457
  N      -7.589041     -0.981765     -3.000903
  O      -7.312725     -2.155810     -3.202813
  O      -8.382472     -0.335173     -3.669048
  H     -14.016410    -10.622870    -11.882014
18
Coordinates from ORCA-job para_products_optfreq_5 E -476.288714217927
  C      -5.637718      0.988952      0.211717
  C      -6.615270      1.645282     -0.541508
  C      -7.260544      1.010109     -1.588636
  C      -6.920527     -0.302857     -1.883235
  C      -5.959121     -0.986804     -1.155064
  C      -5.321955     -0.331595     -0.113710
  C      -4.956588      1.686771      1.353902
  H      -4.014391      1.204123      1.610485
  H      -5.588584      1.673525      2.245769
  H      -4.754599      2.731933      1.116979
  H      -6.871979      2.670719     -0.305717
  H      -8.013418      1.511669     -2.177751
  H      -5.716119     -2.005522     -1.415692
  H      -4.562290     -0.853173      0.454631
  N      -7.589135     -0.981723     -3.000865
  O      -7.313131     -2.155640     -3.203664
  O      -8.383017     -0.334982     -3.668246
  H     -14.015672    -10.621938    -11.881230
18
Coordinates from ORCA-job para_products_optfreq_5 E -476.288715767664
  C      -5.637458      0.988960      0.211625
  C      -6.615205      1.645053     -0.541512
  C      -7.260087      1.009877     -1.588863
  C      -6.920597     -0.303300     -1.883048
  C      -5.958762     -0.986936     -1.155133
  C      -5.321551     -0.331577     -0.113731
  C      -4.957153      1.686941      1.354047
  H      -4.014835      1.204945      1.610899
  H      -5.589581      1.673647      2.245562
  H      -4.755467      2.731828      1.116482
  H      -6.870881      2.670842     -0.306076
  H      -8.012425      1.511461     -2.178514
  H      -5.716281     -2.005935     -1.415372
  H      -4.561717     -0.853011      0.454713
  N      -7.589242     -0.981703     -3.000829
  O      -7.313576     -2.155554     -3.204285
  O      -8.383491     -0.334730     -3.667527
  H     -14.014945    -10.620965    -11.880468
