18
Coordinates from ORCA-job educts_optfreq_8
  C   -6.08865770019845      0.65202462418335      2.32076241509325
  C   -6.16472471130471      1.35666888211138      1.08111443607423
  C   -5.79813318522273      0.73932302351034     -0.09803340778997
  C   -5.34185438724063     -0.60558068054066     -0.07909319249526
  C   -5.25920371638188     -1.32345666364314      1.13839000022490
  C   -5.62554390923794     -0.70847877110079      2.31722198482105
  C   -6.48397931021404      1.29171302422817      3.59554398398778
  H   -5.69071056439086      1.17011021299054      4.35801664434685
  H   -7.36217917453653      0.76477028590168      4.02431284600780
  H   -6.73209122615536      2.35504397977688      3.48587399390165
  H   -6.51561873715901      2.39095514201728      1.08064077090304
  H   -5.85454028902074      1.27676268094261     -1.04701721761992
  H   -5.05180232118833     -1.09038983770069     -1.01494085244776
  H   -4.90650107988844     -2.35685463867578      1.13620698104213
  H   -5.56776493381081     -1.24832466884727      3.26560745021372
  N   -9.49756303555898     -1.62133168395314    -15.92518628907929
  O   -9.16411518069786     -1.41615809014317    -14.73710566297886
  O   -8.90260653779223     -0.65816682105759    -16.45022488420525
