18
Coordinates from ORCA-job educts_optfreq_8 E -475.531828890313
  C      -6.094820      0.654440      1.914880
  C      -6.582910      1.143400      0.679280
  C      -6.439360      0.400030     -0.469540
  C      -5.811270     -0.861380     -0.419690
  C      -5.291030     -1.351830      0.790100
  C      -5.430850     -0.611500      1.936460
  C      -6.261070      1.425620      3.163640
  H      -5.291350      1.683950      3.594690
  H      -6.738840      0.821570      3.917510
  H      -6.817670      2.330330      3.034630
  H      -7.069230      2.110750      0.657230
  H      -6.809900      0.777160     -1.407920
  H      -5.744410     -1.481010     -1.310930
  H      -4.798330     -2.314880      0.804310
  H      -5.049480     -0.975880      2.876430
  N      -9.161780     -1.399650    -13.848650
  O      -8.489590     -1.066400    -12.741680
  O      -8.125700     -0.316090    -14.718660
18
Coordinates from ORCA-job educts_optfreq_8 E -475.582575540892
  C      -6.096565      0.654446      1.907750
  C      -6.587103      1.146929      0.667925
  C      -6.444059      0.403582     -0.485151
  C      -5.813775     -0.862475     -0.436058
  C      -5.291810     -1.356575      0.778240
  C      -5.431378     -0.615340      1.929404
  C      -6.260871      1.424789      3.159979
  H      -5.280672      1.681740      3.591373
  H      -6.744975      0.810925      3.924962
  H      -6.824913      2.342862      3.028800
  H      -7.075670      2.119035      0.645812
  H      -6.817302      0.785001     -1.429320
  H      -5.746564     -1.480942     -1.331406
  H      -4.796490     -2.324720      0.793045
  H      -5.046597     -0.984363      2.876062
  N      -9.104716     -1.362268    -13.777742
  O      -8.488456     -1.057166    -12.761323
  O      -8.155677     -0.356830    -14.630262
18
Coordinates from ORCA-job educts_optfreq_8 E -475.604268231307
  C      -6.098006      0.653723      1.906328
  C      -6.588057      1.149485      0.663755
  C      -6.444520      0.407361     -0.492658
  C      -5.814098     -0.861416     -0.444198
  C      -5.293637     -1.359003      0.773138
  C      -5.433832     -0.618147      1.927931
  C      -6.261430      1.422859      3.161459
  H      -5.274972      1.676586      3.592951
  H      -6.750272      0.804018      3.931607
  H      -6.828251      2.348233      3.028601
  H      -7.077073      2.124359      0.641371
  H      -6.817699      0.792222     -1.440445
  H      -5.745814     -1.477089     -1.343146
  H      -4.797670     -2.330046      0.789071
  H      -5.048607     -0.991375      2.877673
  N      -9.034961     -1.315394    -13.715387
  O      -8.468048     -1.035747    -12.776028
  O      -8.230644     -0.422000    -14.629932
18
Coordinates from ORCA-job educts_optfreq_8 E -475.619045215969
  C      -6.099892      0.652458      1.913084
  C      -6.589140      1.150913      0.669015
  C      -6.443058      0.411282     -0.489436
  C      -5.811090     -0.858329     -0.441578
  C      -5.295969     -1.360849      0.777990
  C      -5.438353     -0.621898      1.935012
  C      -6.259897      1.422076      3.169262
  H      -5.267211      1.670926      3.599312
  H      -6.752636      0.800898      3.944578
  H      -6.827065      2.354051      3.034485
  H      -7.079108      2.127609      0.646394
  H      -6.815272      0.798538     -1.441307
  H      -5.734569     -1.466891     -1.346665
  H      -4.799280     -2.334010      0.794756
  H      -5.053981     -0.999334      2.887206
  N      -8.994301     -1.279120    -13.756033
  O      -8.418116     -0.995432    -12.786861
  O      -8.328651     -0.504257    -14.657123
18
Coordinates from ORCA-job educts_optfreq_8 E -475.622724060489
  C      -6.101637      0.651882      1.916162
  C      -6.589920      1.153381      0.670879
  C      -6.441689      0.416362     -0.487217
  C      -5.808424     -0.854315     -0.439174
  C      -5.297286     -1.361326      0.781317
  C      -5.441396     -0.625069      1.938446
  C      -6.260147      1.420127      3.171247
  H      -5.265085      1.662991      3.599992
  H      -6.753085      0.798590      3.946725
  H      -6.824997      2.352882      3.036540
  H      -7.079908      2.129667      0.648149
  H      -6.811422      0.803424     -1.439950
  H      -5.727059     -1.456154     -1.348356
  H      -4.801323     -2.334419      0.798607
  H      -5.059218     -1.005285      2.889789
  N      -8.976766     -1.255837    -13.813718
  O      -8.378108     -0.961617    -12.794323
  O      -8.390121     -0.566654    -14.623025
18
Coordinates from ORCA-job educts_optfreq_8 E -475.625382339900
  C      -6.102662      0.651920      1.919724
  C      -6.595818      1.150218      0.675001
  C      -6.447873      0.412271     -0.481924
  C      -5.809487     -0.855967     -0.433598
  C      -5.298514     -1.362406      0.786904
  C      -5.442332     -0.625387      1.942951
  C      -6.254444      1.424181      3.172476
  H      -5.256868      1.665914      3.595468
  H      -6.743200      0.805549      3.952151
  H      -6.818489      2.356665      3.037942
  H      -7.088691      2.124856      0.652123
  H      -6.820939      0.795703     -1.434731
  H      -5.719438     -1.452866     -1.345314
  H      -4.800785     -2.334387      0.804579
  H      -5.058342     -1.003930      2.893897
  N      -8.997744     -1.274280    -13.836243
  O      -8.385520     -0.971113    -12.790145
  O      -8.366445     -0.538312    -14.659171
18
Coordinates from ORCA-job educts_optfreq_8 E -475.625862231176
  C      -6.103688      0.651716      1.920102
  C      -6.599140      1.148206      0.675809
  C      -6.451393      0.409652     -0.480852
  C      -5.809108     -0.856441     -0.432990
  C      -5.300065     -1.363239      0.787768
  C      -5.444333     -0.625851      1.943689
  C      -6.251502      1.426449      3.171841
  H      -5.252789      1.666553      3.591731
  H      -6.738056      0.810182      3.953488
  H      -6.814124      2.358916      3.037637
  H      -7.094126      2.121557      0.653207
  H      -6.826929      0.790601     -1.433054
  H      -5.711217     -1.448753     -1.346637
  H      -4.802021     -2.334806      0.805789
  H      -5.060663     -1.004028      2.894507
  N      -8.997978     -1.272756    -13.848977
  O      -8.386989     -0.970083    -12.801021
  O      -8.363470     -0.539246    -14.639949
18
Coordinates from ORCA-job educts_optfreq_8 E -475.625908877962
  C      -6.101885      0.652761      1.933388
  C      -6.598808      1.147649      0.689272
  C      -6.451333      0.408180     -0.467064
  C      -5.805639     -0.856103     -0.419334
  C      -5.298866     -1.363172      0.801979
  C      -5.443686     -0.625142      1.957712
  C      -6.247550      1.429368      3.184493
  H      -5.247961      1.668547      3.602602
  H      -6.733147      0.814612      3.967793
  H      -6.809403      2.362239      3.050041
  H      -7.095659      2.120073      0.666649
  H      -6.829040      0.786988     -1.419128
  H      -5.701430     -1.444984     -1.334401
  H      -4.800820     -2.334741      0.820713
  H      -5.060703     -1.003137      2.908919
  N      -9.007268     -1.273376    -13.915672
  O      -8.397160     -0.973264    -12.865709
  O      -8.377231     -0.547866    -14.710164
18
Coordinates from ORCA-job educts_optfreq_8 E -475.625928092915
  C      -6.099955      0.653878      1.946166
  C      -6.597876      1.147508      0.702038
  C      -6.450667      0.407141     -0.453752
  C      -5.802465     -0.855900     -0.405785
  C      -5.297091     -1.362904      0.816002
  C      -5.442309     -0.624256      1.971335
  C      -6.244382      1.431830      3.196608
  H      -5.244204      1.670653      3.613530
  H      -6.729306      0.818117      3.981109
  H      -6.805828      2.364843      3.061766
  H      -7.096036      2.119250      0.679162
  H      -6.829958      0.784241     -1.405877
  H      -5.694160     -1.442780     -1.321663
  H      -4.798812     -2.334331      0.835407
  H      -5.059611     -1.001811      2.922828
  N      -9.019881     -1.275944    -13.982065
  O      -8.410223     -0.978496    -12.930233
  O      -8.384826     -0.552408    -14.774485
18
Coordinates from ORCA-job educts_optfreq_8 E -475.625945328948
  C      -6.098297      0.655155      1.958353
  C      -6.597692      1.146329      0.713987
  C      -6.450869      0.403969     -0.440544
  C      -5.798180     -0.856823     -0.391745
  C      -5.295282     -1.363361      0.831022
  C      -5.441402     -0.623310      1.985429
  C      -6.241030      1.435588      3.207488
  H      -5.239943      1.674165      3.622448
  H      -6.724830      0.823764      3.994136
  H      -6.801946      2.368729      3.071636
  H      -7.098207      2.116837      0.690315
  H      -6.832840      0.777653     -1.392955
  H      -5.682846     -1.440436     -1.308835
  H      -4.796298     -2.334388      0.851914
  H      -5.059207     -0.999769      2.937561
  N      -9.035160     -1.273921    -14.048309
  O      -8.426862     -0.984397    -12.993127
  O      -8.386698     -0.557156    -14.836683
18
Coordinates from ORCA-job educts_optfreq_8 E -475.625959380130
  C      -6.096330      0.656374      1.970828
  C      -6.595815      1.146278      0.726021
  C      -6.448725      0.402828     -0.427748
  C      -5.794658     -0.857301     -0.377944
  C      -5.292517     -1.362991      0.845434
  C      -5.439284     -0.622025      1.999184
  C      -6.239247      1.437885      3.219254
  H      -5.238087      1.677025      3.633775
  H      -6.722711      0.826738      4.006643
  H      -6.800341      2.370802      3.082565
  H      -7.097101      2.116365      0.701527
  H      -6.831252      0.775038     -1.380517
  H      -5.677495     -1.440641     -1.294973
  H      -4.793014     -2.333730      0.867330
  H      -5.057316     -0.997628      2.951748
  N      -9.049928     -1.273372    -14.114034
  O      -8.442475     -0.990049    -13.056938
  O      -8.391294     -0.562967    -14.900065
18
Coordinates from ORCA-job educts_optfreq_8 E -475.625974204977
  C      -6.094836      0.657876      1.982072
  C      -6.593946      1.144524      0.735886
  C      -6.445517      0.398387     -0.415931
  C      -5.789262     -0.860599     -0.363028
  C      -5.288233     -1.363451      0.861874
  C      -5.436808     -0.620027      2.013848
  C      -6.239084      1.442026      3.228677
  H      -5.238126      1.683427      3.642487
  H      -6.721754      0.832302      4.017647
  H      -6.801205      2.374000      3.089623
  H      -7.096597      2.113838      0.708899
  H      -6.828346      0.767315     -1.369863
  H      -5.669580     -1.444751     -1.279203
  H      -4.787350     -2.333415      0.886459
  H      -5.055319     -0.993175      2.967576
  N      -9.070503     -1.263002    -14.179389
  O      -8.466035     -0.996609    -13.116919
  O      -8.385088     -0.570034    -14.958626
18
Coordinates from ORCA-job educts_optfreq_8 E -475.625989755950
  C      -6.093596      0.659529      1.992754
  C      -6.591527      1.141851      0.744443
  C      -6.440668      0.392286     -0.404801
  C      -5.782878     -0.865786     -0.347201
  C      -5.282830     -1.364297      0.879828
  C      -5.433969     -0.617515      2.029316
  C      -6.240312      1.447199      3.236828
  H      -5.239974      1.692154      3.650162
  H      -6.722146      0.839175      4.027600
  H      -6.804138      2.377660      3.094354
  H      -7.095279      2.110488      0.713743
  H      -6.822766      0.757468     -1.360480
  H      -5.661710     -1.452532     -1.261528
  H      -4.780435     -2.333381      0.908185
  H      -5.053283     -0.987249      2.984702
  N      -9.091369     -1.250495    -14.245414
  O      -8.493062     -1.002993    -13.175553
  O      -8.377646     -0.574932    -15.014848
18
Coordinates from ORCA-job educts_optfreq_8 E -475.625992001872
  C      -6.093714      0.659760      1.992437
  C      -6.590427      1.141074      0.743221
  C      -6.438353      0.390764     -0.405417
  C      -5.781709     -0.867754     -0.345991
  C      -5.281803     -1.364742      0.881779
  C      -5.433750     -0.617015      2.030522
  C      -6.241892      1.448349      3.235797
  H      -5.242151      1.694496      3.649800
  H      -6.723971      0.840535      4.026549
  H      -6.806322      2.378254      3.092169
  H      -7.093698      2.109910      0.711197
  H      -6.819020      0.755732     -1.361737
  H      -5.661650     -1.456555     -1.259152
  H      -4.779746     -2.333958      0.911330
  H      -5.053776     -0.985895      2.986515
  N      -9.089905     -1.252202    -14.247251
  O      -8.494515     -1.003286    -13.175686
  O      -8.381189     -0.568835    -15.013993
18
Coordinates from ORCA-job educts_optfreq_8 E -475.625995248694
  C      -6.094498      0.660522      1.991079
  C      -6.587423      1.137493      0.738654
  C      -6.431293      0.383887     -0.407388
  C      -5.777323     -0.875402     -0.341303
  C      -5.278792     -1.366978      0.889359
  C      -5.433684     -0.615425      2.035160
  C      -6.246782      1.453424      3.231290
  H      -5.248692      1.703649      3.646683
  H      -6.729273      0.847203      4.022915
  H      -6.813080      2.381459      3.083171
  H      -7.089528      2.106765      0.701667
  H      -6.807571      0.747173     -1.366060
  H      -5.658604     -1.470201     -1.250776
  H      -4.777509     -2.336441      0.923453
  H      -5.056017     -0.980794      2.993397
  N      -9.083462     -1.258667    -14.254085
  O      -8.499954     -1.004466    -13.176060
  O      -8.394105     -0.544571    -15.009066
18
Coordinates from ORCA-job educts_optfreq_8 E -475.625996197504
  C      -6.094680      0.660725      1.990658
  C      -6.587168      1.136703      0.737673
  C      -6.430662      0.382115     -0.407662
  C      -5.776362     -0.876932     -0.340402
  C      -5.278566     -1.367687      0.890896
  C      -5.433971     -0.615249      2.036050
  C      -6.247382      1.454620      3.230151
  H      -5.249379      1.705470      3.645433
  H      -6.729829      0.848980      4.022263
  H      -6.813863      2.382413      3.081103
  H      -7.089400      2.105879      0.699727
  H      -6.806602      0.744585     -1.366763
  H      -5.656485     -1.472024     -1.249549
  H      -4.777166     -2.337063      0.925932
  H      -5.056698     -0.979883      2.994726
  N      -9.082142     -1.259452    -14.255053
  O      -8.501859     -1.004810    -13.175747
  O      -8.395376     -0.539760    -15.007346
18
Coordinates from ORCA-job educts_optfreq_8 E -475.625998130035
  C      -6.095186      0.661368      1.989256
  C      -6.586284      1.134411      0.734580
  C      -6.428692      0.376866     -0.408629
  C      -5.773047     -0.881309     -0.337879
  C      -5.277907     -1.369794      0.895385
  C      -5.434908     -0.614715      2.038580
  C      -6.249294      1.458139      3.226679
  H      -5.251572      1.710771      3.641680
  H      -6.731497      0.854138      4.020204
  H      -6.816336      2.385173      3.074979
  H      -7.089214      2.103112      0.693864
  H      -6.803987      0.736620     -1.369009
  H      -5.649230     -1.476930     -1.246142
  H      -4.776345     -2.338984      0.933306
  H      -5.059081     -0.977270      2.998616
  N      -9.079501     -1.260222    -14.257500
  O      -8.508005     -1.005464    -13.174033
  O      -8.397502     -0.527280    -15.001847
18
Coordinates from ORCA-job educts_optfreq_8 E -475.625998382977
  C      -6.095297      0.661493      1.988979
  C      -6.585852      1.134067      0.733909
  C      -6.427927      0.376003     -0.408911
  C      -5.772044     -0.882047     -0.337421
  C      -5.277730     -1.370185      0.896298
  C      -5.435197     -0.614638      2.039114
  C      -6.249914      1.458738      3.226041
  H      -5.252313      1.711710      3.641142
  H      -6.732079      0.854952      4.019738
  H      -6.817095      2.385600      3.073857
  H      -7.088948      2.102659      0.692668
  H      -6.803085      0.735209     -1.369553
  H      -5.647372     -1.477771     -1.245489
  H      -4.776265     -2.339397      0.934825
  H      -5.059861     -0.976863      2.999465
  N      -9.079529     -1.260008    -14.257905
  O      -8.509359     -1.005215    -13.173610
  O      -8.397722     -0.525677    -15.001056
18
Coordinates from ORCA-job educts_optfreq_8 E -475.625999310605
  C      -6.096070      0.662123      1.987347
  C      -6.583081      1.132034      0.729851
  C      -6.422747      0.371171     -0.410771
  C      -5.766632     -0.886612     -0.334710
  C      -5.276411     -1.372319      0.901576
  C      -5.436698     -0.614127      2.042207
  C      -6.253918      1.462128      3.222255
  H      -5.257203      1.717341      3.638201
  H      -6.736123      0.859543      4.016770
  H      -6.821997      2.387908      3.067072
  H      -7.086410      2.100359      0.685321
  H      -6.796139      0.727806     -1.373055
  H      -5.638551     -1.483988     -1.241187
  H      -4.775479     -2.341648      0.943607
  H      -5.064164     -0.974340      3.004395
  N      -9.077793     -1.260895    -14.259950
  O      -8.516164     -1.004058    -13.171089
  O      -8.402010     -0.513796    -14.995751
18
Coordinates from ORCA-job educts_optfreq_8 E -475.625999130672
  C      -6.095839      0.661770      1.988093
  C      -6.583742      1.133347      0.731585
  C      -6.424184      0.374019     -0.410155
  C      -5.768625     -0.884196     -0.336145
  C      -5.276821     -1.371208      0.899007
  C      -5.436178     -0.614467      2.040739
  C      -6.252766      1.460118      3.224162
  H      -5.255791      1.714342      3.640086
  H      -6.735099      0.856709      4.017995
  H      -6.820473      2.386387      3.070434
  H      -7.086651      2.101960      0.688578
  H      -6.797903      0.732118     -1.371757
  H      -5.642521     -1.481052     -1.243263
  H      -4.775645     -2.340487      0.939395
  H      -5.062686     -0.975812      3.002137
  N      -9.079478     -1.260094    -14.258577
  O      -8.513972     -1.003869    -13.171882
  O      -8.399215     -0.520956    -14.998341
18
Coordinates from ORCA-job educts_optfreq_8 E -475.625999113990
  C      -6.095987      0.661478      1.988522
  C      -6.583221      1.134362      0.732276
  C      -6.423336      0.376113     -0.410112
  C      -5.768490     -0.882567     -0.336969
  C      -5.276756     -1.370580      0.897795
  C      -5.436399     -0.614865      2.040185
  C      -6.253268      1.458627      3.225298
  H      -5.256367      1.712539      3.641621
  H      -6.735761      0.854519      4.018493
  H      -6.820907      2.385067      3.072284
  H      -7.085589      2.103284      0.689937
  H      -6.796388      0.735260     -1.371575
  H      -5.643154     -1.479109     -1.244416
  H      -4.775537     -2.339873      0.937442
  H      -5.063203     -0.977108      3.001363
  N      -9.082099     -1.258595    -14.257668
  O      -8.514880     -1.002349    -13.172055
  O      -8.396247     -0.527575    -15.000331
18
Coordinates from ORCA-job educts_optfreq_8 E -475.625999707116
  C      -6.096937      0.661122      1.988596
  C      -6.580405      1.135247      0.731418
  C      -6.417936      0.377775     -0.411084
  C      -5.764440     -0.881642     -0.337050
  C      -5.275793     -1.370567      0.898524
  C      -5.438053     -0.615577      2.041055
  C      -6.256960      1.457433      3.225532
  H      -5.260776      1.712199      3.643169
  H      -6.739767      0.852570      4.017906
  H      -6.825085      2.383518      3.072139
  H      -7.081746      2.104674      0.688461
  H      -6.788085      0.737798     -1.373338
  H      -5.638069     -1.478133     -1.244399
  H      -4.774964     -2.340043      0.938751
  H      -5.067543     -0.978692      3.002946
  N      -9.087344     -1.255522    -14.257202
  O      -8.521667     -0.997718    -13.171272
  O      -8.392019     -0.535811    -15.002062
18
Coordinates from ORCA-job educts_optfreq_8 E -475.626003726142
  C      -6.101029      0.660609      1.987658
  C      -6.568185      1.135314      0.724665
  C      -6.393817      0.377138     -0.415529
  C      -5.744581     -0.884218     -0.333061
  C      -5.270739     -1.373062      0.908161
  C      -5.445077     -0.617251      2.048422
  C      -6.273678      1.457811      3.222247
  H      -5.280968      1.718596      3.644886
  H      -6.757476      0.852138      4.013160
  H      -6.844710      2.381240      3.063655
  H      -7.066418      2.106051      0.675539
  H      -6.751811      0.737083     -1.382442
  H      -5.610441     -1.482286     -1.238293
  H      -4.771925     -2.343306      0.954605
  H      -5.086721     -0.980701      3.014788
  N      -9.103756     -1.245687    -14.262064
  O      -8.553452     -0.981730    -13.169834
  O      -8.382807     -0.549109    -15.004471
18
Coordinates from ORCA-job educts_optfreq_8 E -475.626014322448
  C      -6.106642      0.661120      1.987702
  C      -6.550042      1.131047      0.714477
  C      -6.357124      0.367457     -0.419049
  C      -5.712858     -0.895292     -0.318971
  C      -5.260930     -1.378783      0.932354
  C      -5.453890     -0.617418      2.065904
  C      -6.298917      1.464454      3.215323
  H      -5.311868      1.737331      3.644203
  H      -6.783468      0.860240      4.006553
  H      -6.875472      2.382385      3.045085
  H      -7.044936      2.102749      0.652314
  H      -6.697620      0.722658     -1.394200
  H      -5.564961     -1.498176     -1.218939
  H      -4.764703     -2.349639      0.991936
  H      -5.113379     -0.977106      3.040101
  N      -9.128610     -1.229123    -14.291193
  O      -8.607735     -0.965145    -13.184752
  O      -8.374436     -0.550130    -15.016758
18
Coordinates from ORCA-job educts_optfreq_8 E -475.626023600904
  C      -6.112066      0.661970      1.987115
  C      -6.532961      1.124559      0.703585
  C      -6.321643      0.353929     -0.421881
  C      -5.681769     -0.909227     -0.302460
  C      -5.250623     -1.385073      0.959028
  C      -5.461788     -0.616487      2.084383
  C      -6.323471      1.473463      3.206165
  H      -5.342215      1.759696      3.640181
  H      -6.808352      0.871995      3.998961
  H      -6.905928      2.385167      3.022842
  H      -7.025000      2.096698      0.627094
  H      -6.645314      0.702438     -1.405359
  H      -5.520114     -1.518083     -1.196062
  H      -4.756879     -2.356208      1.032953
  H      -5.138273     -0.970449      3.066435
  N      -9.151334     -1.211961    -14.322607
  O      -8.659819     -0.952832    -13.201686
  O      -8.370041     -0.540965    -15.026599
18
Coordinates from ORCA-job educts_optfreq_8 E -475.626030316718
  C      -6.118038      0.662573      1.983864
  C      -6.517274      1.116583      0.690272
  C      -6.287395      0.338325     -0.426329
  C      -5.650742     -0.924200     -0.287127
  C      -5.241069     -1.391926      0.984545
  C      -5.470576     -0.615584      2.100918
  C      -6.347528      1.483521      3.193298
  H      -5.372008      1.783818      3.631211
  H      -6.832373      0.885788      3.988615
  H      -6.935941      2.388567      2.996206
  H      -7.006857      2.088690      0.598920
  H      -6.594077      0.679640     -1.417716
  H      -5.474511     -1.539133     -1.173736
  H      -4.750139     -2.363236      1.073334
  H      -5.164112     -0.963043      3.090717
  N      -9.169006     -1.196270    -14.343097
  O      -8.706870     -0.942550    -13.208404
  O      -8.369074     -0.522931    -15.023401
18
Coordinates from ORCA-job educts_optfreq_8 E -475.626038316600
  C      -6.122846      0.663394      1.980334
  C      -6.507646      1.106815      0.678492
  C      -6.263545      0.319823     -0.428996
  C      -5.625933     -0.939742     -0.272690
  C      -5.233789     -1.398714      1.007858
  C      -5.477644     -0.614022      2.115333
  C      -6.364290      1.495404      3.179937
  H      -5.392880      1.808083      3.618540
  H      -6.848585      0.903150      3.979459
  H      -6.957495      2.394517      2.970086
  H      -6.997350      2.077482      0.573483
  H      -6.557688      0.653671     -1.426308
  H      -5.435983     -1.560162     -1.152501
  H      -4.744570     -2.369539      1.110215
  H      -5.183891     -0.953854      3.111591
  N      -9.176681     -1.187054    -14.361056
  O      -8.740070     -0.940580    -13.214584
  O      -8.376703     -0.490044    -15.017102
18
Coordinates from ORCA-job educts_optfreq_8 E -475.626042561372
  C      -6.124511      0.664351      1.978777
  C      -6.505840      1.099720      0.673004
  C      -6.256391      0.306421     -0.428856
  C      -5.615715     -0.950303     -0.263956
  C      -5.230721     -1.402729      1.021359
  C      -5.479986     -0.612187      2.123415
  C      -6.368923      1.504290      3.172327
  H      -5.398942      1.822684      3.609864
  H      -6.853469      0.916703      3.975087
  H      -6.963716      2.400679      2.955259
  H      -6.997912      2.068315      0.560425
  H      -6.546508      0.635976     -1.428509
  H      -5.419454     -1.574900     -1.139315
  H      -4.741433     -2.372669      1.131270
  H      -5.190601     -0.946405      3.122829
  N      -9.171934     -1.189121    -14.374639
  O      -8.749226     -0.947311    -13.221743
  O      -8.392309     -0.454886    -15.014508
18
Coordinates from ORCA-job educts_optfreq_8 E -475.626044439904
  C      -6.125532      0.664768      1.978516
  C      -6.502723      1.097110      0.670489
  C      -6.249556      0.301412     -0.428816
  C      -5.609738     -0.955085     -0.258862
  C      -5.228609     -1.404364      1.028731
  C      -5.481381     -0.611352      2.128112
  C      -6.373203      1.507667      3.169298
  H      -5.404449      1.828579      3.607744
  H      -6.858847      0.921883      3.972677
  H      -6.968399      2.402887      2.948461
  H      -6.994923      2.065156      0.554040
  H      -6.536728      0.629135     -1.430245
  H      -5.410616     -1.582000     -1.131934
  H      -4.739346     -2.373890      1.142454
  H      -5.195244     -0.943285      3.129226
  N      -9.172455     -1.188843    -14.383942
  O      -8.756631     -0.950171    -13.227999
  O      -8.399211     -0.440978    -15.015860
18
Coordinates from ORCA-job educts_optfreq_8 E -475.626045588547
  C      -6.126027      0.664952      1.978729
  C      -6.500477      1.096586      0.669735
  C      -6.245368      0.300312     -0.428704
  C      -5.606609     -0.956605     -0.256801
  C      -5.227777     -1.404889      1.031790
  C      -5.482427     -0.611226      2.130234
  C      -6.375587      1.508573      3.168585
  H      -5.407512      1.829530      3.608512
  H      -6.862994      0.923517      3.971426
  H      -6.970010      2.403909      2.946059
  H      -6.992231      2.064671      0.551690
  H      -6.530854      0.627841     -1.430730
  H      -5.406335     -1.584448     -1.128971
  H      -4.738633     -2.374301      1.147081
  H      -5.198224     -0.942671      3.132064
  N      -9.172483     -1.190008    -14.389617
  O      -8.760576     -0.953283    -13.232108
  O      -8.403467     -0.433829    -15.016883
18
Coordinates from ORCA-job educts_optfreq_8 E -475.626046821551
  C      -6.126697      0.664993      1.979508
  C      -6.496478      1.097604      0.669673
  C      -6.238730      0.301956     -0.428579
  C      -5.602225     -0.956216     -0.255560
  C      -5.227275     -1.404986      1.033890
  C      -5.484557     -0.611847      2.132100
  C      -6.379110      1.507924      3.169219
  H      -5.412012      1.826832      3.612785
  H      -6.870518      0.923147      3.969830
  H      -6.971084      2.404550      2.945271
  H      -6.986670      2.066362      0.550528
  H      -6.521376      0.630715     -1.431027
  H      -5.400589     -1.584187     -1.127354
  H      -4.738867     -2.374664      1.150242
  H      -5.203568     -0.944221      3.134533
  N      -9.173348     -1.192709    -14.396983
  O      -8.766405     -0.958724    -13.237510
  O      -8.408079     -0.427899    -15.018476
18
Coordinates from ORCA-job educts_optfreq_8 E -475.626048459494
  C      -6.127979      0.664814      1.981600
  C      -6.487774      1.101328      0.670594
  C      -6.224778      0.308140     -0.428146
  C      -5.593006     -0.952681     -0.254486
  C      -5.227004     -1.404717      1.036175
  C      -5.489619     -0.613979      2.134893
  C      -6.386274      1.504871      3.172034
  H      -5.421254      1.817810      3.624285
  H      -6.886846      0.919852      3.966798
  H      -6.972296      2.404960      2.946256
  H      -6.974222      2.071872      0.550411
  H      -6.500897      0.640638     -1.431179
  H      -5.388127     -1.579245     -1.126579
  H      -4.741012     -2.375524      1.153505
  H      -5.215759     -0.949798      3.138151
  N      -9.176895     -1.198334    -14.411296
  O      -8.778534     -0.969698    -13.248214
  O      -8.415315     -0.421681    -15.022713
18
Coordinates from ORCA-job educts_optfreq_8 E -475.626052379767
  C      -6.131096      0.664391      1.987818
  C      -6.465193      1.110187      0.673717
  C      -6.188199      0.322312     -0.425373
  C      -5.567573     -0.943945     -0.249272
  C      -5.225782     -1.404481      1.044652
  C      -5.502595     -0.619204      2.143847
  C      -6.405118      1.498028      3.179180
  H      -5.446198      1.796680      3.653470
  H      -6.928317      0.912583      3.958990
  H      -6.976720      2.406105      2.948438
  H      -6.942706      2.084822      0.550475
  H      -6.446421      0.663075     -1.430456
  H      -5.352681     -1.566260     -1.122128
  H      -4.746681     -2.378398      1.164939
  H      -5.247579     -0.963152      3.149312
  N      -9.190235     -1.209810    -14.452457
  O      -8.809740     -0.994246    -13.281489
  O      -8.434756     -0.410055    -15.041573
18
Coordinates from ORCA-job educts_optfreq_8 E -475.626059708915
  C      -6.132608      0.664596      1.996247
  C      -6.446933      1.116199      0.679536
  C      -6.158802      0.331069     -0.418688
  C      -5.546087     -0.938332     -0.239469
  C      -5.223466     -1.404553      1.057199
  C      -5.511508     -0.622336      2.155681
  C      -6.419542      1.494447      3.187196
  H      -5.466301      1.781679      3.679502
  H      -6.961273      0.909513      3.954745
  H      -6.979379      2.408600      2.951706
  H      -6.918214      2.093474      0.553076
  H      -6.402885      0.676802     -1.425643
  H      -5.322425     -1.557579     -1.112358
  H      -4.749851     -2.380785      1.180591
  H      -5.271104     -0.971347      3.162992
  N      -9.205179     -1.218523    -14.504383
  O      -8.835025     -1.014003    -13.328322
  O      -8.457007     -0.400291    -15.077519
18
Coordinates from ORCA-job educts_optfreq_8 E -475.626070877240
  C      -6.131867      0.665425      2.006806
  C      -6.435800      1.119830      0.688649
  C      -6.141863      0.335554     -0.408689
  C      -5.533171     -0.935069     -0.227444
  C      -5.220871     -1.404328      1.070646
  C      -5.514701     -0.623258      2.168402
  C      -6.426225      1.493417      3.197258
  H      -5.476892      1.771639      3.701915
  H      -6.981195      0.909499      3.956225
  H      -6.977268      2.412069      2.958684
  H      -6.904015      2.098325      0.560223
  H      -6.378457      0.683695     -1.416557
  H      -5.304430     -1.552699     -1.100081
  H      -4.750444     -2.381874      1.195845
  H      -5.281940     -0.974565      3.176703
  N      -9.218184     -1.226037    -14.563884
  O      -8.851482     -1.029856    -13.385257
  O      -8.478785     -0.393138    -15.127356
18
Coordinates from ORCA-job educts_optfreq_8 E -475.626083220195
  C      -6.126400      0.666997      2.017648
  C      -6.444852      1.119551      0.701973
  C      -6.160392      0.333962     -0.396909
  C      -5.546595     -0.934499     -0.219973
  C      -5.220552     -1.402495      1.075284
  C      -5.504834     -0.620249      2.174776
  C      -6.411854      1.495359      3.210068
  H      -5.459700      1.770008      3.711054
  H      -6.965216      0.912071      3.970903
  H      -6.962178      2.415283      2.974973
  H      -6.917138      2.096534      0.577180
  H      -6.407712      0.680635     -1.402505
  H      -5.323951     -1.552620     -1.093594
  H      -4.747243     -2.379098      1.196696
  H      -5.261072     -0.969485      3.181201
  N      -9.219846     -1.230149    -14.611843
  O      -8.843484     -1.036846    -13.435520
  O      -8.484571     -0.396333    -15.179320
18
Coordinates from ORCA-job educts_optfreq_8 E -475.626077209249
  C      -6.129405      0.664819      2.017532
  C      -6.424733      1.135456      0.703223
  C      -6.130349      0.360776     -0.400761
  C      -5.527625     -0.915460     -0.232592
  C      -5.226823     -1.400671      1.062799
  C      -5.521400     -0.629521      2.167509
  C      -6.426178      1.480808      3.215749
  H      -5.481041      1.731814      3.741398
  H      -7.005087      0.895107      3.955619
  H      -6.957392      2.412451      2.983260
  H      -6.887406      2.117592      0.583281
  H      -6.358650      0.722943     -1.404795
  H      -5.299511     -1.525101     -1.111011
  H      -4.763549     -2.382578      1.180088
  H      -5.295725     -0.993373      3.172953
  N      -9.217408     -1.253039    -14.602261
  O      -8.851496     -1.059767    -13.421698
  O      -8.503813     -0.393626    -15.158204
18
Coordinates from ORCA-job educts_optfreq_8 E -475.626079631202
  C      -6.129044      0.663667      2.018995
  C      -6.420506      1.143083      0.706788
  C      -6.125866      0.373932     -0.401070
  C      -5.527349     -0.905510     -0.238430
  C      -5.230703     -1.399135      1.054852
  C      -5.525263     -0.633060      2.163001
  C      -6.426223      1.473834      3.221133
  H      -5.483022      1.712897      3.755423
  H      -7.014601      0.886821      3.952635
  H      -6.949381      2.410881      2.992495
  H      -6.880280      2.127126      0.592044
  H      -6.349386      0.742523     -1.404345
  H      -5.299263     -1.511022     -1.119651
  H      -4.771073     -2.383286      1.167277
  H      -5.302888     -1.002990      3.166968
  N      -9.213850     -1.264590    -14.600852
  O      -8.848262     -1.070236    -13.419593
  O      -8.510630     -0.396304    -15.155579
18
Coordinates from ORCA-job educts_optfreq_8 E -475.626073621627
  C      -6.129345      0.658233      2.021819
  C      -6.393552      1.179192      0.719119
  C      -6.093817      0.435233     -0.404498
  C      -5.517142     -0.858566     -0.267660
  C      -5.250604     -1.392783      1.016532
  C      -5.550284     -0.651222      2.139686
  C      -6.433396      1.440798      3.240713
  H      -5.504374      1.617649      3.820617
  H      -7.074247      0.852614      3.926866
  H      -6.911792      2.404934      3.028582
  H      -6.837486      2.172537      0.626181
  H      -6.288985      0.834084     -1.403305
  H      -5.283052     -1.442307     -1.162283
  H      -4.809764     -2.387542      1.108011
  H      -5.350343     -1.051029      3.136948
  N      -9.184979     -1.327039    -14.580744
  O      -8.829201     -1.127567    -13.395389
  O      -8.565230     -0.388590    -15.119102
18
Coordinates from ORCA-job educts_optfreq_8 E -475.626076814808
  C      -6.120865      0.657604      2.029592
  C      -6.407533      1.190082      0.735320
  C      -6.127854      0.453835     -0.398421
  C      -5.551569     -0.841457     -0.278046
  C      -5.262108     -1.387982      0.995721
  C      -5.541019     -0.653263      2.128695
  C      -6.404974      1.431037      3.259183
  H      -5.471508      1.587499      3.837197
  H      -7.050690      0.842843      3.941383
  H      -6.873393      2.402977      3.061345
  H      -6.852279      2.184374      0.658488
  H      -6.337981      0.859934     -1.391537
  H      -5.330933     -1.419931     -1.178677
  H      -4.821906     -2.384340      1.070690
  H      -5.324346     -1.059504      3.119876
  N      -9.164175     -1.349311    -14.592243
  O      -8.797420     -1.146287    -13.410485
  O      -8.567036     -0.399479    -15.135988
18
Coordinates from ORCA-job educts_optfreq_8 E -475.626084671763
  C      -6.127854      0.656462      2.025207
  C      -6.381956      1.193547      0.726427
  C      -6.081142      0.459383     -0.403282
  C      -5.515087     -0.839043     -0.274518
  C      -5.257036     -1.389919      1.004203
  C      -5.557237     -0.657608      2.133171
  C      -6.435870      1.427572      3.250391
  H      -5.514397      1.578515      3.848903
  H      -7.099287      0.840894      3.916722
  H      -6.895050      2.402393      3.044778
  H      -6.819004      2.190747      0.642373
  H      -6.268364      0.867218     -1.400015
  H      -5.279206     -1.415198     -1.173176
  H      -4.823421     -2.388637      1.086302
  H      -5.364860     -1.068223      3.127548
  N      -9.172299     -1.353418    -14.586357
  O      -8.820458     -1.152928    -13.400554
  O      -8.595061     -0.383128    -15.116033
18
Coordinates from ORCA-job educts_optfreq_8 E -475.626092602886
  C      -6.132481      0.656388      2.022185
  C      -6.365063      1.191934      0.719020
  C      -6.049345      0.456896     -0.405974
  C      -5.489844     -0.841788     -0.266091
  C      -5.248855     -1.391730      1.015896
  C      -5.564019     -0.658587      2.140268
  C      -6.459639      1.427689      3.241985
  H      -5.544445      1.585951      3.848806
  H      -7.128031      0.841033      3.903120
  H      -6.919539      2.400587      3.027729
  H      -6.797013      2.190911      0.627015
  H      -6.227854      0.859800     -1.405199
  H      -5.244167     -1.419880     -1.160786
  H      -4.816844     -2.390589      1.105415
  H      -5.386157     -1.068616      3.137563
  N      -9.195001     -1.340801    -14.585414
  O      -8.849919     -1.144655    -13.399954
  O      -8.589374     -0.385914    -15.113492
18
Coordinates from ORCA-job educts_optfreq_8 E -475.626090882945
  C      -6.132055      0.653769      2.025530
  C      -6.345385      1.214937      0.730181
  C      -6.027030      0.495737     -0.403997
  C      -5.481497     -0.811245     -0.284302
  C      -5.261667     -1.386431      0.990631
  C      -5.580388     -0.669936      2.125037
  C      -6.465128      1.405827      3.255791
  H      -5.562472      1.520699      3.889821
  H      -7.168258      0.823520      3.884598
  H      -6.892470      2.396079      3.054439
  H      -6.765523      2.220088      0.651690
  H      -6.190508      0.918121     -1.397196
  H      -5.233885     -1.375486     -1.187900
  H      -4.841385     -2.391385      1.066850
  H      -5.417399     -1.099901      3.116457
  N      -9.180310     -1.377658    -14.577208
  O      -8.838831     -1.178579    -13.391013
  O      -8.623399     -0.389526    -15.097317
18
Coordinates from ORCA-job educts_optfreq_8 E -475.626093506559
  C      -6.126179      0.652973      2.031077
  C      -6.355036      1.225012      0.742940
  C      -6.052231      0.513360     -0.400080
  C      -5.507911     -0.795458     -0.297067
  C      -5.273020     -1.381859      0.969751
  C      -5.576133     -0.672986      2.113480
  C      -6.442950      1.395823      3.271301
  H      -5.536727      1.491881      3.902904
  H      -7.150965      0.815029      3.896312
  H      -6.860082      2.392907      3.083021
  H      -6.773853      2.231574      0.677433
  H      -6.225792      0.945606     -1.387431
  H      -5.271482     -1.354341     -1.206508
  H      -4.854165     -2.388298      1.032590
  H      -5.401728     -1.110606      3.099593
  N      -9.167228     -1.393953    -14.577946
  O      -8.817446     -1.190489    -13.394021
  O      -8.614661     -0.407544    -15.105258
18
Coordinates from ORCA-job educts_optfreq_8 E -475.626093745351
  C      -6.125344      0.650823      2.033967
  C      -6.347889      1.237823      0.751643
  C      -6.046238      0.536912     -0.398379
  C      -5.509841     -0.776008     -0.307883
  C      -5.279937     -1.377028      0.952735
  C      -5.581936     -0.678878      2.103365
  C      -6.442311      1.381217      3.281509
  H      -5.540866      1.455581      3.922527
  H      -7.164854      0.802392      3.891739
  H      -6.844181      2.386371      3.103056
  H      -6.760213      2.247623      0.695818
  H      -6.215340      0.980876     -1.381698
  H      -5.274649     -1.326986     -1.222406
  H      -4.866282     -2.386153      1.005973
  H      -5.411978     -1.127846      3.085132
  N      -9.171109     -1.406743    -14.571537
  O      -8.817765     -1.201203    -13.388866
  O      -8.606857     -0.430142    -15.104606
18
Coordinates from ORCA-job educts_optfreq_8 E -475.626091969728
  C      -6.128436      0.645751      2.036965
  C      -6.320366      1.262073      0.764205
  C      -6.007137      0.582780     -0.395964
  C      -5.488994     -0.738658     -0.324784
  C      -5.288176     -1.368142      0.926762
  C      -5.602027     -0.691620      2.086886
  C      -6.460549      1.352006      3.294366
  H      -5.576788      1.383797      3.962537
  H      -7.217763      0.778979      3.867261
  H      -6.829875      2.372273      3.131387
  H      -6.717890      2.278478      0.722486
  H      -6.154619      1.049350     -1.372753
  H      -5.245336     -1.272332     -1.247649
  H      -4.887355     -2.383068      0.966572
  H      -5.454913     -1.163783      3.061412
  N      -9.192146     -1.427131    -14.556009
  O      -8.836765     -1.219537    -13.374475
  O      -8.598456     -0.472588    -15.097117
18
Coordinates from ORCA-job educts_optfreq_8 E -475.626093317990
  C      -6.128667      0.645217      2.036848
  C      -6.318572      1.263047      0.764356
  C      -6.003994      0.585001     -0.396228
  C      -5.486910     -0.736653     -0.325193
  C      -5.288659     -1.367975      0.925936
  C      -5.603544     -0.692489      2.086269
  C      -6.461921      1.350756      3.294351
  H      -5.579890      1.380006      3.964849
  H      -7.221756      0.778383      3.864560
  H      -6.829192      2.371857      3.131863
  H      -6.715679      2.279653      0.723154
  H      -6.149824      1.052893     -1.372363
  H      -5.241174     -1.269094     -1.247961
  H      -4.889079     -2.383429      0.964992
  H      -5.458260     -1.165782      3.060524
  N      -9.191973     -1.429143    -14.555070
  O      -8.837234     -1.221464    -13.373463
  O      -8.601262     -0.472155    -15.095335
18
Coordinates from ORCA-job educts_optfreq_8 E -475.626094035893
  C      -6.130268      0.642751      2.036981
  C      -6.306124      1.271370      0.767397
  C      -5.984504      0.601143     -0.395877
  C      -5.474235     -0.723082     -0.330048
  C      -5.291537     -1.365680      0.918098
  C      -5.613085     -0.697810      2.080821
  C      -6.471512      1.340961      3.296435
  H      -5.599912      1.352444      3.980649
  H      -7.247335      0.772455      3.849204
  H      -6.824840      2.367741      3.138848
  H      -6.698366      2.290066      0.730461
  H      -6.118910      1.078372     -1.368751
  H      -5.220763     -1.248563     -1.254515
  H      -4.898349     -2.383823      0.952271
  H      -5.478897     -1.179513      3.052530
  N      -9.194985     -1.440490    -14.548663
  O      -8.842184     -1.232088    -13.366738
  O      -8.611785     -0.477625    -15.087012
18
Coordinates from ORCA-job educts_optfreq_8 E -475.626094177597
  C      -6.130824      0.641549      2.037196
  C      -6.301478      1.275215      0.769105
  C      -5.977384      0.608615     -0.395587
  C      -5.470010     -0.716635     -0.332503
  C      -5.292865     -1.364513      0.913838
  C      -5.616654     -0.700206      2.077966
  C      -6.474911      1.336267      3.297787
  H      -5.607551      1.340072      3.987313
  H      -7.257109      0.769297      3.843287
  H      -6.822470      2.365415      3.142827
  H      -6.691513      2.294836      0.734508
  H      -6.107225      1.091036     -1.366459
  H      -5.213704     -1.239518     -1.257436
  H      -4.902205     -2.383717      0.945200
  H      -5.486435     -1.185760      3.048287
  N      -9.198950     -1.443668    -14.545102
  O      -8.845768     -1.234883    -13.363274
  O      -8.610534     -0.484772    -15.084862
18
Coordinates from ORCA-job educts_optfreq_8 E -475.626093991158
  C      -6.133122      0.640713      2.036217
  C      -6.293255      1.277725      0.768330
  C      -5.962154      0.613252     -0.395617
  C      -5.457873     -0.713143     -0.332275
  C      -5.290924     -1.364124      0.913982
  C      -5.621780     -0.702051      2.077426
  C      -6.485318      1.333140      3.295799
  H      -5.624051      1.331769      3.992879
  H      -7.274243      0.767372      3.832859
  H      -6.828068      2.363890      3.140823
  H      -6.680761      2.298284      0.733443
  H      -6.083561      1.098816     -1.366149
  H      -5.196485     -1.234701     -1.256698
  H      -4.902233     -2.384064      0.945578
  H      -5.499255     -1.190292      3.047396
  N      -9.205203     -1.445000    -14.541911
  O      -8.853869     -1.236571    -13.359405
  O      -8.615436     -0.486384    -15.080586
18
Coordinates from ORCA-job educts_optfreq_8 E -475.626106295777
  C      -6.131194      0.641975      2.048600
  C      -6.290282      1.278654      0.780410
  C      -5.957998      0.613619     -0.382823
  C      -5.453589     -0.712808     -0.318662
  C      -5.287580     -1.363416      0.927826
  C      -5.619657     -0.700815      2.090705
  C      -6.484614      1.334619      3.307728
  H      -5.623677      1.333771      4.005240
  H      -7.273505      0.768734      3.844659
  H      -6.827587      2.365183      3.152122
  H      -6.677978      2.299106      0.744965
  H      -6.078482      1.098928     -1.353616
  H      -5.191258     -1.235042     -1.242450
  H      -4.898569     -2.383205      0.960138
  H      -5.498043     -1.188673      3.060987
  N      -9.218499     -1.449242    -14.606229
  O      -8.867956     -1.241488    -13.423297
  O      -8.627123     -0.491271    -15.144213
18
Coordinates from ORCA-job educts_optfreq_8 E -475.626118223039
  C      -6.129553      0.643126      2.060782
  C      -6.286294      1.280075      0.792494
  C      -5.951976      0.614893     -0.370029
  C      -5.447853     -0.711693     -0.305275
  C      -5.284304     -1.362595      0.941278
  C      -5.618374     -0.699860      2.103597
  C      -6.484961      1.335505      3.319528
  H      -5.625229      1.333805      4.018524
  H      -7.275072      0.769934      3.854973
  H      -6.826996      2.366317      3.163568
  H      -6.673927      2.300518      0.756644
  H      -6.070605      1.100306     -1.341059
  H      -5.183772     -1.234142     -1.228497
  H      -4.895497     -2.382429      0.974203
  H      -5.498714     -1.187771      3.074104
  N      -9.231791     -1.454356    -14.669833
  O      -8.882365     -1.247235    -13.486425
  O      -8.640307     -0.495766    -15.206486
18
Coordinates from ORCA-job educts_optfreq_8 E -475.626129993672
  C      -6.127680      0.644114      2.073296
  C      -6.282257      1.281734      0.805139
  C      -5.946344      0.616934     -0.357151
  C      -5.442761     -0.709845     -0.292286
  C      -5.281550     -1.361477      0.954152
  C      -5.617183     -0.699115      2.116244
  C      -6.484663      1.335941      3.331926
  H      -5.626309      1.332617      4.032585
  H      -7.276519      0.770914      3.865393
  H      -6.825228      2.367263      3.176085
  H      -6.669559      2.302299      0.769244
  H      -6.063334      1.102724     -1.328184
  H      -5.177127     -1.231879     -1.215294
  H      -4.893259     -2.381499      0.987230
  H      -5.499278     -1.187460      3.086751
  N      -9.244590     -1.460303    -14.733764
  O      -8.896081     -1.253733    -13.549993
  O      -8.653866     -0.500600    -15.269282
18
Coordinates from ORCA-job educts_optfreq_8 E -475.626141697420
  C      -6.125661      0.645085      2.085953
  C      -6.278448      1.283384      0.817950
  C      -5.941257      0.619041     -0.344245
  C      -5.438180     -0.707906     -0.279381
  C      -5.278877     -1.360292      0.966887
  C      -5.615745     -0.698377      2.128879
  C      -6.483978      1.336334      3.344541
  H      -5.626912      1.331388      4.046730
  H      -7.277534      0.771852      3.876081
  H      -6.823109      2.368168      3.188929
  H      -6.665369      2.304096      0.782076
  H      -6.056874      1.105292     -1.315207
  H      -5.171328     -1.229503     -1.202255
  H      -4.891067     -2.380497      0.999973
  H      -5.499279     -1.187192      3.099322
  N      -9.257593     -1.466119    -14.797855
  O      -8.909737     -1.260078    -13.613816
  O      -8.666641     -0.506046    -15.332473
18
Coordinates from ORCA-job educts_optfreq_8 E -475.626153351236
  C      -6.123503      0.646101      2.098719
  C      -6.275086      1.284769      0.830780
  C      -5.937009      0.620704     -0.331329
  C      -5.434233     -0.706337     -0.266378
  C      -5.276150     -1.359131      0.979816
  C      -5.613888     -0.697486      2.141713
  C      -6.482819      1.337014      3.357223
  H      -5.626712      1.330965      4.060542
  H      -7.277647      0.772973      3.887344
  H      -6.820914      2.369207      3.201704
  H      -6.661741      2.305581      0.794822
  H      -6.051707      1.107195     -1.302273
  H      -5.166630     -1.227687     -1.189167
  H      -4.888592     -2.379430      1.012981
  H      -5.498365     -1.186565      3.112134
  N      -9.270498     -1.471621    -14.862287
  O      -8.923137     -1.266112    -13.678025
  O      -8.678957     -0.511508    -15.396230
18
Coordinates from ORCA-job educts_optfreq_8 E -475.626164970132
  C      -6.121244      0.647161      2.111547
  C      -6.272065      1.285963      0.843603
  C      -5.933380      0.622014     -0.318402
  C      -5.430739     -0.705073     -0.253308
  C      -5.273379     -1.358005      0.992888
  C      -5.611731     -0.696470      2.154680
  C      -6.481307      1.337927      3.369929
  H      -5.625936      1.331099      4.074109
  H      -7.277123      0.774284      3.899002
  H      -6.818608      2.370379      3.214388
  H      -6.658582      2.306822      0.807491
  H      -6.047495      1.108597     -1.289375
  H      -5.162726     -1.226344     -1.176028
  H      -4.885888     -2.378324      1.026191
  H      -5.496790     -1.185654      3.125115
  N      -9.283234     -1.476951    -14.926966
  O      -8.936298     -1.271957    -13.742511
  O      -8.691065     -0.516840    -15.460262
18
Coordinates from ORCA-job educts_optfreq_8 E -475.626176421844
  C      -6.119083      0.648150      2.124321
  C      -6.268562      1.287363      0.856433
  C      -5.928917      0.623713     -0.305469
  C      -5.426628     -0.703507     -0.240327
  C      -5.270545     -1.356818      1.005828
  C      -5.609871     -0.695578      2.167515
  C      -6.480330      1.338586      3.382557
  H      -5.626156      1.330419      4.088139
  H      -7.277694      0.775517      3.909933
  H      -6.816348      2.371466      3.227062
  H      -6.654817      2.308318      0.820239
  H      -6.041991      1.110668     -1.276385
  H      -5.157969     -1.224587     -1.162981
  H      -4.883255     -2.377211      1.039191
  H      -5.495937     -1.185102      3.137896
  N      -9.296287     -1.482430    -14.991285
  O      -8.949821     -1.277933    -13.806625
  O      -8.703379     -0.522402    -15.523952
18
Coordinates from ORCA-job educts_optfreq_8 E -475.626187933057
  C      -6.116715      0.649228      2.137227
  C      -6.265813      1.288491      0.869331
  C      -5.925835      0.624893     -0.292508
  C      -5.423587     -0.702340     -0.227284
  C      -5.267839     -1.355684      1.018883
  C      -5.607513     -0.694491      2.180507
  C      -6.478425      1.339595      3.395382
  H      -5.624842      1.330704      4.101641
  H      -7.276639      0.776939      3.921926
  H      -6.813708      2.372714      3.239870
  H      -6.652035      2.309453      0.833031
  H      -6.038619      1.111899     -1.263435
  H      -5.154746     -1.223394     -1.149906
  H      -4.880538     -2.376070      1.052334
  H      -5.493864     -1.184063      3.150895
  N      -9.308814     -1.487768    -15.056175
  O      -8.962696     -1.283742    -13.871354
  O      -8.715362     -0.527735    -15.588277
18
Coordinates from ORCA-job educts_optfreq_8 E -475.626198975376
  C      -6.115068      0.649946      2.149695
  C      -6.260355      1.291007      0.882262
  C      -5.917927      0.628629     -0.279565
  C      -5.417002     -0.699070     -0.214789
  C      -5.265268     -1.354274      1.030900
  C      -5.607327     -0.694313      2.192509
  C      -6.479404      1.338944      3.407852
  H      -5.628573      1.326360      4.117323
  H      -7.281152      0.777402      3.930301
  H      -6.811557      2.373188      3.253054
  H      -6.645613      2.312356      0.846378
  H      -6.027755      1.117011     -1.250130
  H      -5.145880     -1.219030     -1.137329
  H      -4.879087     -2.375098      1.063976
  H      -5.496655     -1.185256      3.162557
  N      -9.322376     -1.494560    -15.118998
  O      -8.977181     -1.290975    -13.933849
  O      -8.729411     -0.533638    -15.650057
18
Coordinates from ORCA-job educts_optfreq_8 E -475.626209845797
  C      -6.113496      0.650624      2.162097
  C      -6.254568      1.293570      0.895131
  C      -5.909414      0.632479     -0.266630
  C      -5.409917     -0.695742     -0.202267
  C      -5.262469     -1.352834      1.042956
  C      -5.607219     -0.694169      2.204498
  C      -6.480903      1.338189      3.420152
  H      -5.633153      1.321775      4.133165
  H      -7.286442      0.777823      3.938096
  H      -6.809765      2.373590      3.266034
  H      -6.638788      2.315323      0.859612
  H      -6.015969      1.122368     -1.236797
  H      -5.136478     -1.214664     -1.124695
  H      -4.877394     -2.374087      1.075689
  H      -5.499793     -1.186571      3.174171
  N      -9.336686     -1.500994    -15.181432
  O      -8.992275     -1.297888    -13.995982
  O      -8.742861     -0.540161    -15.711708
18
Coordinates from ORCA-job educts_optfreq_8 E -475.626220594518
  C      -6.111971      0.651283      2.174467
  C      -6.248597      1.296166      0.907987
  C      -5.900591      0.636408     -0.253689
  C      -5.402597     -0.692377     -0.189731
  C      -5.259639     -1.351396      1.055014
  C      -5.607233     -0.694071      2.216462
  C      -6.482614      1.337392      3.432374
  H      -5.638095      1.317058      4.149050
  H      -7.292066      0.778273      3.945617
  H      -6.808071      2.373975      3.278948
  H      -6.631701      2.318350      0.872810
  H      -6.003718      1.127806     -1.223465
  H      -5.126792     -1.210217     -1.112070
  H      -4.875700     -2.373088      1.087428
  H      -5.503232     -1.187983      3.185738
  N      -9.350858     -1.507598    -15.243754
  O      -9.007320     -1.304962    -14.057984
  O      -8.756794     -0.546391    -15.773113
18
Coordinates from ORCA-job educts_optfreq_8 E -475.626231193833
  C      -6.110508      0.651900      2.186791
  C      -6.242371      1.298905      0.920880
  C      -5.891324      0.640608     -0.240717
  C      -5.394963     -0.688790     -0.177248
  C      -5.256797     -1.349919      1.066934
  C      -5.607422     -0.694057      2.228295
  C      -6.484607      1.336408      3.444556
  H      -5.643569      1.311845      4.165118
  H      -7.298226      0.778635      3.952729
  H      -6.806406      2.374255      3.291934
  H      -6.624265      2.321556      0.886109
  H      -5.990775      1.133667     -1.210036
  H      -5.116656     -1.205465     -1.099488
  H      -4.874083     -2.372083      1.098959
  H      -5.507083     -1.189618      3.197115
  N      -9.365318     -1.514222    -15.305799
  O      -9.022610     -1.312054    -14.119719
  O      -8.770608     -0.552942    -15.834324
18
Coordinates from ORCA-job educts_optfreq_8 E -475.626241631667
  C      -6.109117      0.652470      2.199066
  C      -6.235834      1.301802      0.933812
  C      -5.881522      0.645114     -0.227712
  C      -5.386948     -0.684958     -0.164824
  C      -5.253956     -1.348398      1.078705
  C      -5.607836     -0.694146      2.239984
  C      -6.486929      1.335218      3.456684
  H      -5.649668      1.306076      4.181392
  H      -7.305007      0.778910      3.959364
  H      -6.804784      2.374422      3.304990
  H      -6.616401      2.324964      0.899516
  H      -5.977003      1.139987     -1.196508
  H      -5.105968     -1.200350     -1.086974
  H      -4.872579     -2.371076      1.110275
  H      -5.511455     -1.191513      3.208278
  N      -9.379981     -1.520953    -15.367541
  O      -9.038101     -1.319246    -14.181155
  O      -8.784503     -0.559692    -15.895261
18
Coordinates from ORCA-job educts_optfreq_8 E -475.626251906215
  C      -6.107817      0.652995      2.211269
  C      -6.228963      1.304845      0.946757
  C      -5.871128      0.649901     -0.214678
  C      -5.378495     -0.680906     -0.152439
  C      -5.251094     -1.346844      1.090354
  C      -5.608491     -0.694334      2.251534
  C      -6.489638      1.333837      3.468717
  H      -5.656465      1.299785      4.197837
  H      -7.312455      0.779113      3.965471
  H      -6.803268      2.374480      3.318061
  H      -6.608085      2.328562      0.912986
  H      -5.962312      1.146726     -1.182893
  H      -5.094640     -1.194909     -1.074489
  H      -4.871164     -2.370077      1.121421
  H      -5.516391     -1.193653      3.219238
  N      -9.394841     -1.527782    -15.428946
  O      -9.053804     -1.326535    -14.242249
  O      -8.798540     -0.566575    -15.955861
18
Coordinates from ORCA-job educts_optfreq_8 E -475.626262019952
  C      -6.106608      0.653472      2.223396
  C      -6.221740      1.308046      0.959723
  C      -5.860115      0.654991     -0.201607
  C      -5.369590     -0.676615     -0.140099
  C      -5.248218     -1.345253      1.101866
  C      -5.609401     -0.694627      2.262928
  C      -6.492745      1.332250      3.480650
  H      -5.664000      1.292928      4.214459
  H      -7.320596      0.779247      3.971010
  H      -6.801851      2.374420      3.331159
  H      -6.599289      2.332362      0.926540
  H      -5.946665      1.153918     -1.169170
  H      -5.082655     -1.189114     -1.062040
  H      -4.869854     -2.369084      1.132372
  H      -5.521919     -1.196056      3.229967
  N      -9.409888     -1.534729    -15.489990
  O      -9.069713     -1.333938    -14.302978
  O      -8.812744     -0.573587    -16.016097
18
Coordinates from ORCA-job educts_optfreq_8 E -475.626271983502
  C      -6.105467      0.653905      2.235467
  C      -6.214215      1.311404      0.972742
  C      -5.848596      0.660375     -0.188485
  C      -5.360332     -0.672088     -0.127810
  C      -5.245359     -1.343622      1.113215
  C      -5.610534     -0.695019      2.274157
  C      -6.496158      1.330465      3.492516
  H      -5.672147      1.285517      4.231238
  H      -7.329304      0.779319      3.976062
  H      -6.800454      2.374246      3.344341
  H      -6.590077      2.336364      0.940225
  H      -5.930232      1.161551     -1.155320
  H      -5.070152     -1.182968     -1.049640
  H      -4.868680     -2.368092      1.143083
  H      -5.527955     -1.198712      3.240449
  N      -9.425056     -1.541822    -15.550726
  O      -9.085750     -1.341474    -14.363402
  O      -8.827122     -0.580717    -16.076023
18
Coordinates from ORCA-job educts_optfreq_8 E -475.626281799690
  C      -6.104398      0.654289      2.247477
  C      -6.206365      1.314925      0.985814
  C      -5.836531      0.666073     -0.175303
  C      -5.350698     -0.667311     -0.115574
  C      -5.242512     -1.341948      1.124394
  C      -5.611902     -0.695516      2.285211
  C      -6.499911      1.328470      3.504304
  H      -5.680974      1.277518      4.248177
  H      -7.338622      0.779335      3.980572
  H      -6.799093      2.373944      3.357605
  H      -6.580408      2.340575      0.954047
  H      -5.912945      1.169657     -1.141320
  H      -5.057105     -1.176456     -1.037293
  H      -4.867637     -2.367101      1.153539
  H      -5.534525     -1.201637      3.250663
  N      -9.440372     -1.549057    -15.611121
  O      -9.101939     -1.349140    -14.423484
  O      -8.841654     -0.587989    -16.135618
18
Coordinates from ORCA-job educts_optfreq_8 E -475.626291485281
  C      -6.103386      0.654633      2.259431
  C      -6.198233      1.318592      0.998949
  C      -5.824008      0.672045     -0.162054
  C      -5.340756     -0.662314     -0.103383
  C      -5.239686     -1.340234      1.135412
  C      -5.613470     -0.696103      2.296097
  C      -6.503942      1.326289      3.516021
  H      -5.690383      1.268996      4.265229
  H      -7.348438      0.779310      3.984604
  H      -6.797743      2.373524      3.370959
  H      -6.570346      2.344970      0.968018
  H      -5.894949      1.178174     -1.127167
  H      -5.043613     -1.169619     -1.024990
  H      -4.866725     -2.366108      1.163751
  H      -5.541550     -1.204790      3.260619
  N      -9.455792     -1.556431    -15.671217
  O      -9.118228     -1.356932    -14.483273
  O      -8.856341     -0.595371    -16.194918
18
Coordinates from ORCA-job educts_optfreq_8 E -475.626301072533
  C      -6.102407      0.654940      2.271354
  C      -6.189882      1.322392      1.012175
  C      -5.811156      0.678273     -0.148725
  C      -5.330619     -0.657112     -0.091243
  C      -5.236908     -1.338479      1.146256
  C      -5.615197     -0.696768      2.306817
  C      -6.508153      1.323939      3.527703
  H      -5.700237      1.259990      4.282369
  H      -7.358607      0.779267      3.988252
  H      -6.796330      2.372993      3.384452
  H      -6.559961      2.349534      0.982176
  H      -5.876434      1.187073     -1.112840
  H      -5.029845     -1.162481     -1.012747
  H      -4.865957     -2.365107      1.173690
  H      -5.548921     -1.208152      3.270315
  N      -9.471251     -1.563963    -15.731081
  O      -9.134547     -1.364859    -14.542838
  O      -8.871177     -0.602849    -16.253995
18
Coordinates from ORCA-job educts_optfreq_8 E -475.626310589588
  C      -6.101435      0.655222      2.283258
  C      -6.181380      1.326295      1.025493
  C      -5.798103      0.684690     -0.135312
  C      -5.320382     -0.651753     -0.079139
  C      -5.234179     -1.336690      1.156952
  C      -5.617027     -0.697485      2.317397
  C      -6.512463      1.321462      3.539365
  H      -5.710396      1.250616      4.299543
  H      -7.368974      0.779224      3.991617
  H      -6.794840      2.372368      3.398084
  H      -6.549350      2.354225      0.996517
  H      -5.857603      1.196254     -1.098346
  H      -5.015944     -1.155117     -1.000549
  H      -4.865313     -2.364095      1.183390
  H      -5.556511     -1.211661      3.279785
  N      -9.486728     -1.571619    -15.790783
  O      -9.150856     -1.372890    -14.602251
  O      -8.886107     -0.610417    -16.312929
18
Coordinates from ORCA-job educts_optfreq_8 E -475.626320073805
  C      -6.100447      0.655491      2.295167
  C      -6.172814      1.330267      1.038913
  C      -5.785014      0.691234     -0.121814
  C      -5.310176     -0.646289     -0.067065
  C      -5.231512     -1.334873      1.167519
  C      -5.618895     -0.698233      2.327865
  C      -6.516760      1.318903      3.551038
  H      -5.720672      1.240996      4.316697
  H      -7.379348      0.779211      3.994839
  H      -6.793225      2.371672      3.411872
  H      -6.538623      2.359000      1.011042
  H      -5.838706      1.205620     -1.083693
  H      -5.002105     -1.147603     -0.988397
  H      -4.864778     -2.363070      1.192876
  H      -5.564165     -1.215260      3.289070
  N      -9.502149     -1.579394    -15.850416
  O      -9.167081     -1.381015    -14.661610
  O      -8.901120     -0.618026    -16.371813
18
Coordinates from ORCA-job educts_optfreq_8 E -475.626329552964
  C      -6.099422      0.655760      2.307091
  C      -6.164273      1.334256      1.052419
  C      -5.772032      0.697806     -0.108239
  C      -5.300097     -0.640799     -0.054994
  C      -5.228896     -1.333041      1.178012
  C      -5.620733     -0.698976      2.338269
  C      -6.520961      1.316325      3.562730
  H      -5.730897      1.231311      4.333761
  H      -7.389552      0.779251      3.998051
  H      -6.791499      2.370934      3.425782
  H      -6.527905      2.363794      1.025713
  H      -5.819972      1.215022     -1.068913
  H      -4.988471     -1.140057     -0.976259
  H      -4.864305     -2.362028      1.202227
  H      -5.571735     -1.218863      3.298238
  N      -9.517493     -1.587233    -15.910064
  O      -9.183190     -1.389183    -14.720998
  O      -8.916158     -0.625649    -16.430735
18
Coordinates from ORCA-job educts_optfreq_8 E -475.626329698271
  C      -6.099484      0.655724      2.307137
  C      -6.164543      1.334265      1.052473
  C      -5.772371      0.697848     -0.108190
  C      -5.300567     -0.640845     -0.055051
  C      -5.229090     -1.333165      1.177850
  C      -5.620711     -0.699057      2.338211
  C      -6.520658      1.316384      3.562844
  H      -5.730381      1.231364      4.333645
  H      -7.389237      0.779503      3.998364
  H      -6.791060      2.371027      3.425897
  H      -6.527898      2.363893      1.025775
  H      -5.820286      1.215237     -1.068750
  H      -4.989314     -1.140272     -0.976319
  H      -4.864303     -2.362082      1.202018
  H      -5.571463     -1.218952      3.298152
  N      -9.516206     -1.587993    -15.910336
  O      -9.182377     -1.389870    -14.721159
  O      -8.917642     -0.624381    -16.430470
18
Coordinates from ORCA-job educts_optfreq_8 E -475.626329877717
  C      -6.099105      0.655610      2.307571
  C      -6.164727      1.334933      1.053311
  C      -5.773376      0.699037     -0.107885
  C      -5.302208     -0.639913     -0.055772
  C      -5.230042     -1.333022      1.176582
  C      -5.620713     -0.699378      2.337567
  C      -6.519349      1.315748      3.563863
  H      -5.728940      1.229624      4.334388
  H      -7.388376      0.779367      3.999122
  H      -6.788926      2.370708      3.427686
  H      -6.527546      2.364770      1.027252
  H      -5.821549      1.217326     -1.067874
  H      -4.992015     -1.139227     -0.977410
  H      -4.865513     -2.362043      1.199955
  H      -5.571024     -1.219877      3.297155
  N      -9.514309     -1.589773    -15.911001
  O      -9.180918     -1.391370    -14.721786
  O      -8.918955     -0.623891    -16.430633
18
Coordinates from ORCA-job educts_optfreq_8 E -475.626330001191
  C      -6.098437      0.655400      2.308360
  C      -6.164617      1.336305      1.054969
  C      -5.774739      0.701485     -0.107309
  C      -5.304680     -0.637901     -0.057205
  C      -5.231872     -1.332566      1.174210
  C      -5.621028     -0.699980      2.336302
  C      -6.517207      1.314340      3.565772
  H      -5.726822      1.225842      4.336018
  H      -7.387152      0.778789      4.000252
  H      -6.785177      2.369923      3.431219
  H      -6.526592      2.366471      1.030272
  H      -5.823286      1.221245     -1.066430
  H      -4.995880     -1.136495     -0.979674
  H      -4.868166     -2.361912      1.196068
  H      -5.570894     -1.221698      3.295210
  N      -9.511719     -1.592756    -15.912007
  O      -9.178745     -1.393887    -14.722801
  O      -8.920579     -0.623975    -16.431136
18
Coordinates from ORCA-job educts_optfreq_8 E -475.626330089141
  C      -6.097693      0.655120      2.309279
  C      -6.164205      1.338107      1.057031
  C      -5.775918      0.704719     -0.106576
  C      -5.307188     -0.635180     -0.058993
  C      -5.233955     -1.331867      1.171255
  C      -5.621531     -0.700734      2.334668
  C      -6.515011      1.312373      3.568060
  H      -5.724953      1.220655      4.338224
  H      -7.386224      0.777785      4.001242
  H      -6.780891      2.368761      3.435635
  H      -6.525221      2.368649      1.034151
  H      -5.824715      1.226294     -1.064687
  H      -4.999741     -1.132703     -0.982464
  H      -4.871319     -2.361628      1.191198
  H      -5.571087     -1.224031      3.292702
  N      -9.510349     -1.595463    -15.912771
  O      -9.177323     -1.396078    -14.723689
  O      -8.920266     -0.626151    -16.432176
18
Coordinates from ORCA-job educts_optfreq_8 E -475.626329821693
  C      -6.093352      0.653507      2.314235
  C      -6.162269      1.348412      1.068694
  C      -5.783650      0.723377     -0.102686
  C      -5.322395     -0.619342     -0.069873
  C      -5.246432     -1.327613      1.153628
  C      -5.624467     -0.705010      2.324726
  C      -6.501767      1.300867      3.581051
  H      -5.713072      1.190834      4.350018
  H      -7.379609      0.771594      4.007649
  H      -6.755994      2.361639      3.461050
  H      -6.517754      2.381056      1.056685
  H      -5.834366      1.254873     -1.055247
  H      -5.022833     -1.110324     -0.999368
  H      -4.889904     -2.359663      1.162395
  H      -5.571914     -1.237326      3.277673
  N      -9.502715     -1.610328    -15.915070
  O      -9.168959     -1.408002    -14.726792
  O      -8.916140     -0.639920    -16.436679
18
Coordinates from ORCA-job educts_optfreq_8 E -475.626329517255
  C      -6.091075      0.652590      2.316865
  C      -6.161340      1.354003      1.075080
  C      -5.788029      0.733683     -0.100539
  C      -5.330732     -0.610510     -0.075907
  C      -5.253284     -1.325090      1.143869
  C      -5.626129     -0.707310      2.319157
  C      -6.494520      1.294417      3.588073
  H      -5.706345      1.174522      4.356009
  H      -7.375586      0.767894      4.011558
  H      -6.742589      2.357411      3.474909
  H      -6.513737      2.387754      1.069305
  H      -5.839884      1.270212     -1.050267
  H      -5.035459     -1.097719     -1.008763
  H      -4.899928     -2.358265      1.146455
  H      -5.572391     -1.244542      3.269277
  N      -9.499926     -1.617458    -15.915702
  O      -9.165306     -1.413610    -14.727936
  O      -8.911328     -0.649351    -16.439354
18
Coordinates from ORCA-job educts_optfreq_8 E -475.626329672705
  C      -6.090420      0.652167      2.317893
  C      -6.161008      1.356316      1.077745
  C      -5.789636      0.738215     -0.099630
  C      -5.333756     -0.606662     -0.078503
  C      -5.256029     -1.323855      1.139758
  C      -5.627092     -0.708324      2.316759
  C      -6.491870      1.291600      3.590903
  H      -5.703447      1.167991      4.357996
  H      -7.373613      0.765750      4.013811
  H      -6.737876      2.355365      3.480549
  H      -6.511950      2.390574      1.075049
  H      -5.841904      1.276046     -1.048670
  H      -5.040057     -1.091984     -1.012908
  H      -4.903633     -2.357362      1.139724
  H      -5.573087     -1.247641      3.265676
  N      -9.501047     -1.618884    -15.915297
  O      -9.165495     -1.414554    -14.727801
  O      -8.905669     -0.656127    -16.440963
18
Coordinates from ORCA-job educts_optfreq_8 E -475.626330136644
  C      -6.092192      0.652684      2.316282
  C      -6.161442      1.352739      1.073740
  C      -5.786104      0.731834     -0.100827
  C      -5.327552     -0.612192     -0.074366
  C      -5.251353     -1.325437      1.146266
  C      -5.626351     -0.706980      2.320502
  C      -6.497154      1.295695      3.586360
  H      -5.708235      1.178691      4.354063
  H      -7.376519      0.767814      4.011537
  H      -6.747375      2.357981      3.471499
  H      -6.514227      2.386360      1.067301
  H      -5.837332      1.265936     -1.052038
  H      -5.030650     -1.099744     -1.006643
  H      -4.896650     -2.358146      1.150201
  H      -5.573578     -1.243227      3.271216
  N      -9.504611     -1.613394    -15.915286
  O      -9.169403     -1.410145    -14.727444
  O      -8.906862     -0.651840    -16.440276
18
Coordinates from ORCA-job educts_optfreq_8 E -475.626330629703
  C      -6.095307      0.653749      2.313211
  C      -6.162137      1.345833      1.066043
  C      -5.779525      0.719259     -0.103060
  C      -5.316071     -0.622980     -0.066241
  C      -5.242509     -1.328544      1.158919
  C      -5.624698     -0.704244      2.327788
  C      -6.506963      1.303651      3.577617
  H      -5.717443      1.199215      4.346653
  H      -7.382143      0.772219      4.006763
  H      -6.765000      2.363066      3.454080
  H      -6.518575      2.378130      1.051961
  H      -5.828825      1.246757     -1.058048
  H      -5.013310     -1.115096     -0.994275
  H      -4.883778     -2.359801      1.170587
  H      -5.574099     -1.234486      3.281974
  N      -9.509127     -1.604372    -15.916026
  O      -9.175253     -1.403106    -14.727414
  O      -8.912826     -0.640619    -16.438438
18
Coordinates from ORCA-job educts_optfreq_8 E -475.626330539347
  C      -6.092991      0.652994      2.315617
  C      -6.161897      1.350622      1.071653
  C      -5.784619      0.727988     -0.101332
  C      -5.324563     -0.615483     -0.071761
  C      -5.248868     -1.326455      1.150180
  C      -5.625745     -0.706181      2.322889
  C      -6.499567      1.298242      3.584047
  H      -5.710220      1.185189      4.351943
  H      -7.377566      0.769340      4.010715
  H      -6.752202      2.359659      3.466525
  H      -6.515815      2.383844      1.062901
  H      -5.835525      1.260126     -1.053623
  H      -5.026044     -1.104439     -1.002802
  H      -4.892973     -2.358743      1.156357
  H      -5.573425     -1.240611      3.274648
  N      -9.505026     -1.611362    -15.916765
  O      -9.170554     -1.408644    -14.728620
  O      -8.909990     -0.647457    -16.440482
18
Coordinates from ORCA-job educts_optfreq_8 E -475.626330517303
  C      -6.092506      0.652852      2.316105
  C      -6.162013      1.351486      1.072732
  C      -5.785918      0.729561     -0.101014
  C      -5.326450     -0.614122     -0.072812
  C      -5.250141     -1.326078      1.148516
  C      -5.625866     -0.706529      2.321983
  C      -6.497912      1.297291      3.585322
  H      -5.708376      1.182835      4.352801
  H      -7.376240      0.768789      4.011833
  H      -6.749696      2.359032      3.468881
  H      -6.515489      2.384864      1.065013
  H      -5.837300      1.262510     -1.052832
  H      -5.028887     -1.102529     -1.004433
  H      -4.894759     -2.358547      1.153623
  H      -5.573079     -1.241722      3.273289
  N      -9.503965     -1.612754    -15.917053
  O      -9.169505     -1.409738    -14.728956
  O      -8.909488     -0.648573    -16.440908
18
Coordinates from ORCA-job educts_optfreq_8 E -475.626331049658
  C      -6.095882      0.653986      2.312945
  C      -6.161476      1.344796      1.064999
  C      -5.777085      0.717191     -0.102981
  C      -5.313021     -0.624743     -0.064217
  C      -5.240598     -1.329046      1.161725
  C      -5.624555     -0.703733      2.329478
  C      -6.509502      1.304907      3.576196
  H      -5.720594      1.202284      4.346112
  H      -7.384516      0.773018      4.005098
  H      -6.768543      2.363902      3.451173
  H      -6.518501      2.376865      1.049318
  H      -5.825433      1.243899     -1.058440
  H      -5.008874     -1.117718     -0.991315
  H      -4.881418     -2.360126      1.174904
  H      -5.574860     -1.232988      3.284263
  N      -9.510431     -1.603224    -15.918088
  O      -9.176925     -1.402356    -14.729315
  O      -8.915373     -0.638283    -16.439764
18
Coordinates from ORCA-job educts_optfreq_8 E -475.626330829033
  C      -6.091330      0.652568      2.317665
  C      -6.162390      1.353351      1.075564
  C      -5.789030      0.732976     -0.099872
  C      -5.330772     -0.611156     -0.074664
  C      -5.252911     -1.325220      1.145325
  C      -5.625975     -0.707237      2.320483
  C      -6.493953      1.295321      3.588623
  H      -5.703732      1.178063      4.354952
  H      -7.372742      0.767585      4.015166
  H      -6.744087      2.357705      3.474479
  H      -6.514919      2.387063      1.070165
  H      -5.841626      1.267570     -1.050709
  H      -5.035426     -1.098380     -1.007587
  H      -4.898557     -2.358050      1.148059
  H      -5.572004     -1.244068      3.270803
  N      -9.501969     -1.615930    -15.920093
  O      -9.167659     -1.412256    -14.732052
  O      -8.908509     -0.651276    -16.444217
18
Coordinates from ORCA-job educts_optfreq_8 E -475.626330778032
  C      -6.090467      0.652327      2.318557
  C      -6.162797      1.354750      1.077447
  C      -5.791596      0.735595     -0.099317
  C      -5.334259     -0.608880     -0.076462
  C      -5.255144     -1.324549      1.142514
  C      -5.626089     -0.707797      2.318988
  C      -6.490885      1.293752      3.590881
  H      -5.700098      1.174317      4.356271
  H      -7.369988      0.766572      4.017497
  H      -6.739776      2.356621      3.478540
  H      -6.514602      2.388715      1.073872
  H      -5.845181      1.271436     -1.049393
  H      -5.040631     -1.095144     -1.010427
  H      -4.901559     -2.357646      1.143409
  H      -5.571138     -1.245886      3.268542
  N      -9.500387     -1.618053    -15.920755
  O      -9.166074     -1.413869    -14.732791
  O      -8.906920     -0.653632    -16.445283
18
Coordinates from ORCA-job educts_optfreq_8 E -475.626330851054
  C      -6.089357      0.652074      2.319726
  C      -6.163778      1.356109      1.079625
  C      -5.795453      0.738208     -0.098694
  C      -5.338956     -0.606591     -0.078432
  C      -5.257802     -1.323835      1.139518
  C      -5.625926     -0.708321      2.317523
  C      -6.486725      1.292261      3.593624
  H      -5.694608      1.171170      4.357369
  H      -7.365493      0.765355      4.021272
  H      -6.734876      2.355494      3.483090
  H      -6.514903      2.390312      1.078113
  H      -5.850653      1.275209     -1.048004
  H      -5.047619     -1.091894     -1.013621
  H      -4.904910     -2.357174      1.138351
  H      -5.569375     -1.247665      3.266262
  N      -9.498269     -1.620321    -15.922259
  O      -9.164317     -1.415508    -14.734270
  O      -8.904568     -0.656252    -16.447102
18
Coordinates from ORCA-job educts_optfreq_8 E -475.626331196972
  C      -6.092487      0.652879      2.316813
  C      -6.161409      1.351534      1.073393
  C      -5.784915      0.729558     -0.100196
  C      -5.325458     -0.614110     -0.071714
  C      -5.249685     -1.326074      1.149634
  C      -5.625922     -0.706484      2.322931
  C      -6.498453      1.297411      3.585812
  H      -5.709159      1.183281      4.353591
  H      -7.376814      0.768809      4.012125
  H      -6.750380      2.359089      3.469132
  H      -6.514944      2.384882      1.065512
  H      -5.835922      1.262461     -1.052049
  H      -5.027592     -1.102605     -1.003167
  H      -4.894406     -2.358579      1.154859
  H      -5.573598     -1.241699      3.274252
  N      -9.504819     -1.613139    -15.921184
  O      -9.170652     -1.410191    -14.732964
  O      -8.910976     -0.648395    -16.444690
18
Coordinates from ORCA-job educts_optfreq_8 E -475.626331163262
  C      -6.088565      0.651934      2.320879
  C      -6.164393      1.357117      1.081514
  C      -5.797952      0.740136     -0.097872
  C      -5.342048     -0.604890     -0.079459
  C      -5.259582     -1.323282      1.137735
  C      -5.625793     -0.708678      2.316805
  C      -6.483835      1.291185      3.595897
  H      -5.690897      1.168697      4.358560
  H      -7.362514      0.764561      4.024090
  H      -6.731301      2.354719      3.486714
  H      -6.515014      2.391494      1.081439
  H      -5.854191      1.278009     -1.046622
  H      -5.052158     -1.089440     -1.015487
  H      -4.907166     -2.356777      1.135137
  H      -5.568174     -1.248921      3.264974
  N      -9.497371     -1.621971    -15.925027
  O      -9.163702     -1.416727    -14.737023
  O      -8.902933     -0.658535    -16.450167
18
Coordinates from ORCA-job educts_optfreq_8 E -475.626331234973
  C      -6.088658      0.652025      2.320762
  C      -6.164725      1.356669      1.081114
  C      -5.798133      0.739323     -0.098033
  C      -5.341854     -0.605581     -0.079093
  C      -5.259204     -1.323457      1.138390
  C      -5.625544     -0.708479      2.317222
  C      -6.483979      1.291713      3.595544
  H      -5.690711      1.170110      4.358017
  H      -7.362179      0.764770      4.024313
  H      -6.732091      2.355044      3.485874
  H      -6.515619      2.390955      1.080641
  H      -5.854540      1.276763     -1.047017
  H      -5.051802     -1.090390     -1.014941
  H      -4.906501     -2.356855      1.136207
  H      -5.567765     -1.248325      3.265607
  N      -9.497563     -1.621332    -15.925186
  O      -9.164115     -1.416158    -14.737106
  O      -8.902607     -0.658167    -16.450225
