18
Coordinates from ORCA-job meta_products_optfreq3 E -475.483624584078
  C      -4.009900      2.511750     -0.557680
  C      -4.755060      2.018780     -1.641140
  C      -4.486220      0.758660     -2.177990
  C      -3.468040     -0.010940     -1.619790
  C      -2.722960      0.478860     -0.543250
  C      -2.995520      1.741150     -0.012790
  C      -4.426920      3.851470      0.076250
  H      -3.240070     -0.994940     -2.014100
  H      -5.540840      2.634430     -2.064970
  H      -3.461470      4.243890      0.541240
  H      -5.383710      3.563810      1.020950
  H      -5.081940      4.651560     -0.803390
  H      -2.408080      2.116240      0.813310
  H      -1.929490     -0.126540     -0.120110
  N      -5.193750      0.304000     -3.242630
  O      -4.903110     -0.660420     -3.771400
  O      -6.061980      0.903850     -3.593580
  H      -9.687970     -0.407590      3.151110
18
Coordinates from ORCA-job meta_products_optfreq3 E -475.552513352780
  C      -4.021701      2.522579     -0.547107
  C      -4.766805      2.024838     -1.640838
  C      -4.488463      0.768221     -2.172440
  C      -3.464820     -0.004696     -1.609884
  C      -2.720120      0.487242     -0.525927
  C      -2.996718      1.745341      0.003783
  C      -4.429898      3.845309      0.084693
  H      -3.236865     -0.990312     -2.009712
  H      -5.556605      2.635484     -2.071316
  H      -3.494793      4.251646      0.556717
  H      -5.338329      3.575338      0.981709
  H      -5.045618      4.604242     -0.744024
  H      -2.409334      2.122341      0.836123
  H      -1.924191     -0.119504     -0.100307
  N      -5.212710      0.290808     -3.280385
  O      -4.864897     -0.728356     -3.806082
  O      -6.141893      0.928590     -3.654875
  H      -9.643271     -0.381090      3.139911
18
Coordinates from ORCA-job meta_products_optfreq3 E -475.582414787982
  C      -4.041868      2.530379     -0.539401
  C      -4.784287      2.027277     -1.644024
  C      -4.492156      0.777189     -2.167862
  C      -3.464920     -0.000275     -1.606201
  C      -2.722680      0.494171     -0.514505
  C      -3.005994      1.746733      0.015143
  C      -4.441561      3.834963      0.089980
  H      -3.238367     -0.985342     -2.015052
  H      -5.579242      2.629225     -2.083012
  H      -3.540522      4.261904      0.573091
  H      -5.279861      3.589817      0.919193
  H      -5.001800      4.536606     -0.668877
  H      -2.420967      2.126032      0.853164
  H      -1.924099     -0.112983     -0.087625
  N      -5.221766      0.285141     -3.302340
  O      -4.841314     -0.747517     -3.817609
  O      -6.170425      0.928598     -3.685098
  H      -9.585201     -0.343897      3.121076
18
Coordinates from ORCA-job meta_products_optfreq3 E -475.591936022069
  C      -4.070784      2.527846     -0.528164
  C      -4.801410      2.023149     -1.647926
  C      -4.486431      0.784377     -2.168352
  C      -3.455754      0.001514     -1.613759
  C      -2.723551      0.496087     -0.510753
  C      -3.022939      1.738732      0.024216
  C      -4.467864      3.817152      0.101833
  H      -3.228342     -0.977318     -2.039705
  H      -5.603058      2.612340     -2.095685
  H      -3.601942      4.274123      0.602846
  H      -5.226358      3.602082      0.858692
  H      -4.967314      4.474329     -0.598927
  H      -2.447096      2.119530      0.870376
  H      -1.921311     -0.109426     -0.084656
  N      -5.214445      0.283466     -3.332217
  O      -4.798022     -0.747530     -3.841453
  O      -6.176806      0.926591     -3.714510
  H      -9.543603     -0.269023      3.158183
18
Coordinates from ORCA-job meta_products_optfreq3 E -475.593274730609
  C      -4.082451      2.508172     -0.515484
  C      -4.806742      2.006676     -1.642012
  C      -4.467447      0.782620     -2.178008
  C      -3.417683      0.009267     -1.644816
  C      -2.687055      0.504757     -0.540239
  C      -3.008659      1.733031      0.012630
  C      -4.473848      3.796710      0.111756
  H      -3.178965     -0.958416     -2.090448
  H      -5.626547      2.580685     -2.077510
  H      -3.621465      4.263748      0.621649
  H      -5.251207      3.593796      0.887348
  H      -4.953879      4.477228     -0.607805
  H      -2.434272      2.116785      0.859362
  H      -1.868587     -0.090204     -0.129119
  N      -5.195095      0.281359     -3.352098
  O      -4.750924     -0.727639     -3.879998
  O      -6.178292      0.904517     -3.711461
  H      -9.753913     -0.205072      3.316296
18
Coordinates from ORCA-job meta_products_optfreq3 E -475.593779908843
  C      -4.086613      2.493353     -0.508945
  C      -4.814150      1.987795     -1.631545
  C      -4.450009      0.779473     -2.182784
  C      -3.378251      0.018665     -1.675569
  C      -2.649258      0.515613     -0.570434
  C      -2.993139      1.729087     -0.000359
  C      -4.481713      3.775491      0.122066
  H      -3.129807     -0.936640     -2.141580
  H      -5.654856      2.542360     -2.052004
  H      -3.642741      4.256170      0.645663
  H      -5.260651      3.582278      0.894309
  H      -4.940841      4.471283     -0.603310
  H      -2.422363      2.115888      0.847306
  H      -1.813964     -0.066650     -0.175408
  N      -5.182447      0.275548     -3.364052
  O      -4.706726     -0.701793     -3.919387
  O      -6.185933      0.877245     -3.696755
  H      -9.963570     -0.137148      3.452828
18
Coordinates from ORCA-job meta_products_optfreq3 E -475.593992113879
  C      -4.080392      2.485333     -0.508577
  C      -4.815750      1.974233     -1.622537
  C      -4.433325      0.778802     -2.187402
  C      -3.341657      0.030965     -1.704495
  C      -2.610057      0.530398     -0.602707
  C      -2.970731      1.731695     -0.017969
  C      -4.484606      3.758907      0.131345
  H      -3.085860     -0.913737     -2.187344
  H      -5.675019      2.511522     -2.027147
  H      -3.655105      4.245718      0.667061
  H      -5.272452      3.565036      0.899713
  H      -4.927014      4.460161     -0.588380
  H      -2.401171      2.121711      0.828667
  H      -1.759812     -0.039852     -0.222855
  N      -5.173466      0.271455     -3.369620
  O      -4.683411     -0.686445     -3.941315
  O      -6.206950      0.836847     -3.662285
  H     -10.180250     -0.084730      3.555888
18
Coordinates from ORCA-job meta_products_optfreq3 E -475.594211281584
  C      -4.070425      2.483206     -0.511207
  C      -4.814343      1.966676     -1.616167
  C      -4.426613      0.775449     -2.186261
  C      -3.322692      0.036782     -1.717809
  C      -2.584321      0.540824     -0.623136
  C      -2.950397      1.737846     -0.032719
  C      -4.480136      3.752470      0.134258
  H      -3.064788     -0.904134     -2.206822
  H      -5.684198      2.494704     -2.010083
  H      -3.652911      4.237912      0.674438
  H      -5.269584      3.555519      0.894463
  H      -4.921560      4.458396     -0.585232
  H      -2.377362      2.132056      0.809477
  H      -1.725227     -0.022077     -0.252573
  N      -5.176457      0.262006     -3.361462
  O      -4.669402     -0.670159     -3.958082
  O      -6.214788      0.820710     -3.643863
  H     -10.351827     -0.080165      3.632822
18
Coordinates from ORCA-job meta_products_optfreq3 E -475.594396022634
  C      -4.056849      2.485615     -0.515038
  C      -4.809038      1.965944     -1.612693
  C      -4.421776      0.775844     -2.185956
  C      -3.309376      0.043326     -1.727963
  C      -2.561701      0.551721     -0.642001
  C      -2.927589      1.747537     -0.048507
  C      -4.470118      3.751071      0.137246
  H      -3.051411     -0.896388     -2.219483
  H      -5.685713      2.489433     -1.997599
  H      -3.642923      4.230132      0.681659
  H      -5.260943      3.547451      0.886497
  H      -4.915065      4.462387     -0.583005
  H      -2.347949      2.145444      0.787506
  H      -1.696045     -0.006381     -0.279430
  N      -5.180523      0.257247     -3.352140
  O      -4.673559     -0.671419     -3.954427
  O      -6.232937      0.798346     -3.615061
  H     -10.513515     -0.099291      3.680436
18
Coordinates from ORCA-job meta_products_optfreq3 E -475.594609273126
  C      -4.043744      2.485183     -0.518082
  C      -4.805807      1.960051     -1.606297
  C      -4.415393      0.773867     -2.185670
  C      -3.288979      0.052484     -1.744032
  C      -2.530242      0.567662     -0.669379
  C      -2.899163      1.759887     -0.070064
  C      -4.463837      3.743715      0.144871
  H      -3.028575     -0.884114     -2.240356
  H      -5.693349      2.474920     -1.977913
  H      -3.639222      4.216655      0.697157
  H      -5.264083      3.528365      0.884715
  H      -4.907598      4.456926     -0.570482
  H      -2.311127      2.163693      0.757336
  H      -1.653825      0.018411     -0.319203
  N      -5.184740      0.247598     -3.340543
  O      -4.669186     -0.666179     -3.958960
  O      -6.252379      0.768818     -3.581823
  H     -10.705781     -0.089923      3.738764
18
Coordinates from ORCA-job meta_products_optfreq3 E -475.594825612322
  C      -4.033319      2.472520     -0.514436
  C      -4.809333      1.936144     -1.586959
  C      -4.400401      0.767108     -2.187451
  C      -3.241533      0.074287     -1.784095
  C      -2.468801      0.601364     -0.726260
  C      -2.855367      1.777784     -0.106428
  C      -4.474830      3.709933      0.175384
  H      -2.968893     -0.849351     -2.297719
  H      -5.722141      2.426888     -1.928992
  H      -3.664265      4.174913      0.752996
  H      -5.294096      3.467691      0.888865
  H      -4.911367      4.434516     -0.530727
  H      -2.256855      2.192134      0.708146
  H      -1.567674      0.075346     -0.404277
  N      -5.183533      0.228772     -3.327610
  O      -4.642764     -0.641952     -3.986408
  O      -6.284544      0.698614     -3.519274
  H     -10.977313      0.031311      3.815285
18
Coordinates from ORCA-job meta_products_optfreq3 E -475.595016460449
  C      -4.026779      2.455542     -0.508505
  C      -4.812836      1.907524     -1.567248
  C      -4.382470      0.759535     -2.192204
  C      -3.191447      0.098842     -1.828084
  C      -2.409175      0.637465     -0.784107
  C      -2.816861      1.794079     -0.140250
  C      -4.490785      3.669625      0.208033
  H      -2.903710     -0.809393     -2.360435
  H      -5.749914      2.371908     -1.879209
  H      -3.698272      4.125416      0.816306
  H      -5.330080      3.402667      0.888929
  H      -4.914814      4.410090     -0.489840
  H      -2.210661      2.218256      0.663454
  H      -1.484016      0.137036     -0.490827
  N      -5.176038      0.210861     -3.319696
  O      -4.611891     -0.610300     -4.022115
  O      -6.307012      0.624703     -3.460618
  H     -11.240268      0.174162      3.906455
18
Coordinates from ORCA-job meta_products_optfreq3 E -475.595192100510
  C      -4.027619      2.430801     -0.499498
  C      -4.816522      1.871885     -1.549486
  C      -4.359112      0.751219     -2.203625
  C      -3.137633      0.126340     -1.876068
  C      -2.353919      0.674240     -0.838982
  C      -2.787968      1.805744     -0.167583
  C      -4.516746      3.619883      0.241526
  H      -2.829013     -0.762010     -2.429718
  H      -5.775941      2.307789     -1.833376
  H      -3.746635      4.065520      0.884551
  H      -5.377351      3.332260      0.884729
  H      -4.922000      4.379328     -0.449212
  H      -2.179309      2.237863      0.629924
  H      -1.406184      0.201848     -0.572622
  N      -5.154220      0.197724     -3.325974
  O      -4.565103     -0.562674     -4.075432
  O      -6.310949      0.550048     -3.419900
  H     -11.490806      0.350210      4.040788
18
Coordinates from ORCA-job meta_products_optfreq3 E -475.595342222958
  C      -4.030741      2.409879     -0.494698
  C      -4.815461      1.845539     -1.544032
  C      -4.336620      0.746742     -2.219805
  C      -3.096693      0.147566     -1.912289
  C      -2.317918      0.699500     -0.874336
  C      -2.773208      1.810526     -0.182710
  C      -4.539507      3.580560      0.261709
  H      -2.769579     -0.724720     -2.480647
  H      -5.788580      2.261385     -1.810877
  H      -3.787124      4.017186      0.931358
  H      -5.415197      3.281840      0.876076
  H      -4.926611      4.355736     -0.424229
  H      -2.167299      2.244998      0.615559
  H      -1.356900      0.246165     -0.622992
  N      -5.125004      0.193661     -3.344145
  O      -4.517587     -0.522807     -4.122025
  O      -6.295962      0.502935     -3.414320
  H     -11.697038      0.481330      4.202445
18
Coordinates from ORCA-job meta_products_optfreq3 E -475.595472426237
  C      -4.028504      2.399588     -0.495443
  C      -4.810602      1.832818     -1.544936
  C      -4.320969      0.745591     -2.232002
  C      -3.071284      0.161205     -1.935025
  C      -2.294898      0.715614     -0.896930
  C      -2.761576      1.814887     -0.194065
  C      -4.548895      3.558646      0.271005
  H      -2.734142     -0.702481     -2.510585
  H      -5.791189      2.237302     -1.801818
  H      -3.806209      3.985496      0.957475
  H      -5.434497      3.253779      0.866390
  H      -4.922680      4.345094     -0.410429
  H      -2.157633      2.249906      0.605403
  H      -1.327031      0.272551     -0.653675
  N      -5.105925      0.190817     -3.355740
  O      -4.490443     -0.505604     -4.145494
  O      -6.283179      0.477866     -3.415565
  H     -11.867373      0.544946      4.331476
18
Coordinates from ORCA-job meta_products_optfreq3 E -475.595595330813
  C      -4.025702      2.390652     -0.496783
  C      -4.805317      1.821900     -1.546850
  C      -4.306053      0.745104     -2.243483
  C      -3.048207      0.173773     -1.955393
  C      -2.273996      0.730404     -0.916948
  C      -2.750675      1.819236     -0.204563
  C      -4.556481      3.539082      0.278814
  H      -2.702773     -0.682189     -2.537493
  H      -5.791924      2.216491     -1.796087
  H      -3.822341      3.955247      0.980738
  H      -5.451834      3.228819      0.856091
  H      -4.916935      4.336191     -0.397585
  H      -2.148779      2.255309      0.595885
  H      -1.300070      0.296818     -0.680896
  N      -5.088547      0.187938     -3.366836
  O      -4.467262     -0.494113     -4.164648
  O      -6.269955      0.458539     -3.419459
  H     -12.030180      0.598820      4.455535
18
Coordinates from ORCA-job meta_products_optfreq3 E -475.595714393840
  C      -4.023053      2.382071     -0.498303
  C      -4.799732      1.811697     -1.549777
  C      -4.290979      0.745022     -2.255006
  C      -3.026099      0.185745     -1.974376
  C      -2.254573      0.744232     -0.934804
  C      -2.740887      1.823106     -0.213851
  C      -4.563796      3.520354      0.285668
  H      -2.673160     -0.662767     -2.562828
  H      -5.791447      2.197061     -1.793164
  H      -3.838211      3.925791      1.002526
  H      -5.468758      3.205058      0.844647
  H      -4.911012      4.327667     -0.385699
  H      -2.141552      2.260450      0.587820
  H      -1.275235      0.319625     -0.704886
  N      -5.071124      0.185690     -3.379054
  O      -4.445378     -0.486738     -4.181651
  O      -6.255065      0.445276     -3.427557
  H     -12.186967      0.648682      4.580336
18
Coordinates from ORCA-job meta_products_optfreq3 E -475.595831873177
  C      -4.021847      2.371598     -0.499226
  C      -4.794053      1.799870     -1.553675
  C      -4.273829      0.745165     -2.268334
  C      -3.001742      0.199386     -1.994796
  C      -2.234540      0.759362     -0.952512
  C      -2.732333      1.826540     -0.222115
  C      -4.574533      3.498029      0.293761
  H      -2.640113     -0.640246     -2.590661
  H      -5.791019      2.174775     -1.791903
  H      -3.859800      3.891425      1.027911
  H      -5.490556      3.176798      0.830522
  H      -4.906943      4.316626     -0.371842
  H      -2.136877      2.265124      0.581753
  H      -1.249549      0.344880     -0.728323
  N      -5.050537      0.184147     -3.394792
  O      -4.420277     -0.481132     -4.199870
  O      -6.236131      0.435892     -3.441875
  H     -12.342349      0.709779      4.716017
18
Coordinates from ORCA-job meta_products_optfreq3 E -475.595918662778
  C      -4.024181      2.362819     -0.503410
  C      -4.785086      1.794208     -1.568167
  C      -4.253709      0.748137     -2.286873
  C      -2.981441      0.207840     -2.007591
  C      -2.225605      0.764584     -0.954920
  C      -2.734593      1.823328     -0.220385
  C      -4.588943      3.480824      0.292859
  H      -2.611259     -0.625539     -2.606611
  H      -5.782107      2.165004     -1.811224
  H      -3.888767      3.860084      1.048377
  H      -5.519775      3.158414      0.801675
  H      -4.898845      4.311515     -0.369371
  H      -2.148354      2.259308      0.591589
  H      -1.240675      0.353894     -0.726341
  N      -5.020449      0.189882     -3.422415
  O      -4.386031     -0.472757     -4.222128
  O      -6.203482      0.441353     -3.479942
  H     -12.463731      0.755122      4.884918
18
Coordinates from ORCA-job meta_products_optfreq3 E -475.595955269688
  C      -4.020636      2.354659     -0.506825
  C      -4.778493      1.786226     -1.575524
  C      -4.233424      0.751350     -2.303549
  C      -2.949907      0.224297     -2.032609
  C      -2.195868      0.782658     -0.978539
  C      -2.718965      1.829275     -0.233430
  C      -4.605765      3.453893      0.307300
  H      -2.570735     -0.601037     -2.638898
  H      -5.786149      2.145363     -1.810771
  H      -3.920325      3.820591      1.084676
  H      -5.547638      3.110638      0.787153
  H      -4.905465      4.297899     -0.342274
  H      -2.136274      2.265280      0.581391
  H      -1.202711      0.381332     -0.755711
  N      -5.002258      0.187245     -3.437029
  O      -4.365274     -0.479221     -4.230751
  O      -6.191337      0.435271     -3.493804
  H     -12.625803      0.832300      5.019234
18
Coordinates from ORCA-job meta_products_optfreq3 E -475.595831480138
  C      -4.047939      2.326840     -0.503134
  C      -4.774270      1.765300     -1.596248
  C      -4.194504      0.754501     -2.340382
  C      -2.914904      0.239761     -2.054828
  C      -2.198334      0.786930     -0.970241
  C      -2.750455      1.813429     -0.214095
  C      -4.656995      3.411518      0.310567
  H      -2.509035     -0.567700     -2.673544
  H      -5.774675      2.117145     -1.846493
  H      -3.990483      3.768193      1.104770
  H      -5.604363      3.067256      0.763303
  H      -4.940777      4.263520     -0.333911
  H      -2.193625      2.242793      0.621479
  H      -1.208499      0.393957     -0.735702
  N      -4.920194      0.205677     -3.509000
  O      -4.244838     -0.429514     -4.318220
  O      -6.109656      0.438646     -3.579785
  H     -12.723485      0.979770      5.315505
18
Coordinates from ORCA-job meta_products_optfreq3 E -475.595751299075
  C      -3.989226      2.378937     -0.528044
  C      -4.761652      1.809097     -1.585937
  C      -4.252194      0.751900     -2.284613
  C      -2.992391      0.201183     -1.995646
  C      -2.225802      0.759416     -0.950763
  C      -2.710446      1.830427     -0.236718
  C      -4.537150      3.503961      0.258382
  H      -2.643649     -0.641812     -2.580615
  H      -5.745680      2.187846     -1.840840
  H      -3.838162      3.870717      1.015963
  H      -5.475818      3.194496      0.760174
  H      -4.835800      4.334481     -0.407778
  H      -2.115982      2.268650      0.568107
  H      -1.250301      0.340893     -0.713346
  N      -5.026310      0.189680     -3.417093
  O      -4.393641     -0.494065     -4.205879
  O      -6.209298      0.459030     -3.478914
  H     -12.753527      0.633183      5.063598
18
Coordinates from ORCA-job meta_products_optfreq3 E -475.594671180057
  C      -4.040292      2.319538     -0.503842
  C      -4.768941      1.758838     -1.595169
  C      -4.196930      0.750159     -2.335968
  C      -2.901041      0.245348     -2.060283
  C      -2.167580      0.798795     -0.987324
  C      -2.729985      1.814668     -0.221301
  C      -4.646005      3.405329      0.304799
  H      -2.485443     -0.554206     -2.683813
  H      -5.786905      2.102343     -1.833181
  H      -3.993209      3.739243      1.123234
  H      -5.618576      3.087909      0.727222
  H      -4.889690      4.277634     -0.338580
  H      -2.161671      2.247199      0.606051
  H      -1.155679      0.419370     -0.770122
  N      -4.941408      0.201517     -3.489936
  O      -4.306693     -0.443703     -4.274498
  O      -6.109262      0.449394     -3.579935
  H     -12.857721      0.958644      5.352687
18
Coordinates from ORCA-job meta_products_optfreq3 E -475.596109353415
  C      -4.029256      2.332604     -0.512011
  C      -4.760321      1.771526     -1.602641
  C      -4.186007      0.757102     -2.345152
  C      -2.900766      0.243310     -2.066589
  C      -2.175389      0.793098     -0.989083
  C      -2.727548      1.819400     -0.229308
  C      -4.639713      3.415079      0.307788
  H      -2.499777     -0.566488     -2.683829
  H      -5.768955      2.120301     -1.844826
  H      -3.976763      3.770383      1.111284
  H      -5.595655      3.068189      0.754737
  H      -4.921410      4.269775     -0.335773
  H      -2.166322      2.248514      0.603231
  H      -1.184559      0.399833     -0.757132
  N      -4.929378      0.200346     -3.499322
  O      -4.272252     -0.453157     -4.294419
  O      -6.120248      0.440069     -3.567529
  H     -12.902710      0.948136      5.390616
18
Coordinates from ORCA-job meta_products_optfreq3 E -475.596238575296
  C      -4.029405      2.324626     -0.517623
  C      -4.759189      1.762135     -1.609263
  C      -4.186914      0.754551     -2.345125
  C      -2.905805      0.245921     -2.056527
  C      -2.181259      0.796503     -0.977007
  C      -2.727821      1.819353     -0.227850
  C      -4.637929      3.404198      0.293825
  H      -2.501623     -0.557634     -2.671443
  H      -5.759058      2.110212     -1.862771
  H      -3.990006      3.731462      1.113536
  H      -5.608199      3.072900      0.707455
  H      -4.882854      4.276329     -0.345497
  H      -2.164858      2.251145      0.603279
  H      -1.183639      0.411629     -0.745723
  N      -4.914148      0.206997     -3.513895
  O      -4.243807     -0.431572     -4.313244
  O      -6.097250      0.448691     -3.597653
  H     -12.983266      0.950574      5.505567
18
Coordinates from ORCA-job meta_products_optfreq3 E -475.596412823946
  C      -4.031599      2.313925     -0.520285
  C      -4.745841      1.756836     -1.624305
  C      -4.157781      0.761390     -2.370072
  C      -2.872151      0.262606     -2.082813
  C      -2.163193      0.807752     -0.991170
  C      -2.730175      1.815773     -0.227858
  C      -4.657871      3.379974      0.300328
  H      -2.457907     -0.532906     -2.703306
  H      -5.751174      2.096216     -1.875550
  H      -4.022637      3.701483      1.135293
  H      -5.634881      3.041113      0.695750
  H      -4.895992      4.258427     -0.331144
  H      -2.181887      2.241263      0.615252
  H      -1.171223      0.425525     -0.754010
  N      -4.882990      0.210941     -3.539100
  O      -4.214318     -0.426401     -4.331786
  O      -6.071290      0.442348     -3.622048
  H     -13.114119      1.021754      5.666864
18
Coordinates from ORCA-job meta_products_optfreq3 E -475.596472051186
  C      -4.019356      2.321565     -0.523941
  C      -4.745118      1.762206     -1.620626
  C      -4.162682      0.758470     -2.364171
  C      -2.875407      0.253161     -2.081566
  C      -2.154079      0.802057     -0.999250
  C      -2.713795      1.818216     -0.238400
  C      -4.634405      3.397049      0.294008
  H      -2.464640     -0.546291     -2.704654
  H      -5.753756      2.105095     -1.868402
  H      -3.985620      3.731292      1.111156
  H      -5.601861      3.061936      0.713820
  H      -4.893429      4.262456     -0.342447
  H      -2.154174      2.248066      0.595573
  H      -1.154671      0.418722     -0.769206
  N      -4.894622      0.206863     -3.529936
  O      -4.233131     -0.452298     -4.314724
  O      -6.077699      0.459696     -3.617236
  H     -13.238586      0.969760      5.700042
18
Coordinates from ORCA-job meta_products_optfreq3 E -475.596574384562
  C      -4.023289      2.306723     -0.527292
  C      -4.736231      1.749078     -1.632896
  C      -4.140579      0.761067     -2.383179
  C      -2.850442      0.269949     -2.099158
  C      -2.141148      0.817168     -1.008280
  C      -2.714259      1.818301     -0.241018
  C      -4.658496      3.363730      0.300236
  H      -2.429557     -0.518519     -2.725718
  H      -5.745615      2.081423     -1.881941
  H      -4.032452      3.679370      1.147736
  H      -5.643049      3.018989      0.681095
  H      -4.892150      4.247438     -0.326617
  H      -2.164804      2.245799      0.600645
  H      -1.140227      0.444180     -0.776862
  N      -4.859084      0.213031     -3.558041
  O      -4.184233     -0.423068     -4.351288
  O      -6.044420      0.447307     -3.645992
  H     -13.356994      1.056053      5.868611
18
Coordinates from ORCA-job meta_products_optfreq3 E -475.596515686314
  C      -4.010580      2.323522     -0.540260
  C      -4.722767      1.770255     -1.648506
  C      -4.141983      0.765186     -2.383617
  C      -2.866307      0.254721     -2.082964
  C      -2.162490      0.794859     -0.985083
  C      -2.722511      1.810877     -0.231318
  C      -4.623925      3.402257      0.267212
  H      -2.458943     -0.547480     -2.696011
  H      -5.718795      2.119712     -1.912189
  H      -3.982083      3.722421      1.092411
  H      -5.596635      3.079741      0.671818
  H      -4.858745      4.278234     -0.369991
  H      -2.178044      2.232540      0.616205
  H      -1.180848      0.401846     -0.735153
  N      -4.867855      0.213519     -3.553911
  O      -4.206383     -0.455619     -4.324310
  O      -6.048993      0.475128     -3.657055
  H     -13.409143      0.936301      5.912762
18
Coordinates from ORCA-job meta_products_optfreq3 E -475.596739658328
  C      -4.012841      2.307276     -0.537490
  C      -4.722227      1.752345     -1.647341
  C      -4.124489      0.764357     -2.396649
  C      -2.836435      0.271485     -2.108179
  C      -2.132162      0.815427     -1.012096
  C      -2.707499      1.815734     -0.245147
  C      -4.646120      3.366578      0.286327
  H      -2.414480     -0.516643     -2.734714
  H      -5.729577      2.086485     -1.900894
  H      -4.018784      3.680028      1.129686
  H      -5.628377      3.027963      0.668655
  H      -4.878872      4.249552     -0.340238
  H      -2.161960      2.240739      0.600301
  H      -1.134274      0.439944     -0.775912
  N      -4.842259      0.215513     -3.573059
  O      -4.170861     -0.436255     -4.354353
  O      -6.025172      0.463210     -3.670641
  H     -13.570642      1.034280      6.051783
18
Coordinates from ORCA-job meta_products_optfreq3 E -475.596819086357
  C      -4.008085      2.304108     -0.542202
  C      -4.714777      1.749860     -1.654176
  C      -4.114050      0.765423     -2.405112
  C      -2.824629      0.275985     -2.116709
  C      -2.122536      0.819411     -1.018759
  C      -2.701533      1.815793     -0.249703
  C      -4.645752      3.359504      0.283286
  H      -2.399910     -0.509278     -2.744395
  H      -5.723454      2.081334     -1.907453
  H      -4.023077      3.669457      1.131997
  H      -5.630734      3.019358      0.657930
  H      -4.873970      4.246097     -0.340892
  H      -2.158056      2.239769      0.597587
  H      -1.123809      0.446305     -0.782444
  N      -4.829947      0.217168     -3.582817
  O      -4.157498     -0.435021     -4.362751
  O      -6.012568      0.466180     -3.683041
  H     -13.692646      1.046566      6.159695
18
Coordinates from ORCA-job meta_products_optfreq3 E -475.596894356199
  C      -3.994666      2.312139     -0.549956
  C      -4.705312      1.757430     -1.658596
  C      -4.113867      0.764143     -2.404512
  C      -2.827966      0.266741     -2.113817
  C      -2.120575      0.810754     -1.019532
  C      -2.691360      1.815323     -0.255199
  C      -4.625705      3.376544      0.269433
  H      -2.408541     -0.524550     -2.736894
  H      -5.710697      2.096231     -1.913412
  H      -3.997780      3.697131      1.111343
  H      -5.608332      3.038583      0.655921
  H      -4.859320      4.256597     -0.362607
  H      -2.143613      2.238430      0.589697
  H      -1.124019      0.431844     -0.781878
  N      -4.835181      0.216662     -3.577506
  O      -4.171607     -0.450590     -4.351627
  O      -6.014957      0.481115     -3.681653
  H     -13.803533      0.993492      6.220835
18
Coordinates from ORCA-job meta_products_optfreq3 E -475.596970332187
  C      -3.988666      2.312090     -0.555195
  C      -4.698331      1.757491     -1.664785
  C      -4.105327      0.764886     -2.411342
  C      -2.820455      0.267093     -2.118799
  C      -2.115560      0.809906     -1.022171
  C      -2.686628      1.814460     -0.258356
  C      -4.620338      3.377017      0.262717
  H      -2.400065     -0.523841     -2.741776
  H      -5.704098      2.096489     -1.920456
  H      -3.992838      3.698717      1.103704
  H      -5.602131      3.039209      0.649458
  H      -4.854259      4.256101     -0.370033
  H      -2.140291      2.236676      0.587893
  H      -1.120307      0.430297     -0.782839
  N      -4.824652      0.218613     -3.586194
  O      -4.162170     -0.454718     -4.356538
  O      -6.001826      0.490364     -3.695730
  H     -13.919087      0.987172      6.320483
18
Coordinates from ORCA-job meta_products_optfreq3 E -475.597041491707
  C      -3.979613      2.316032     -0.561061
  C      -4.690612      1.761540     -1.670182
  C      -4.101215      0.764908     -2.414251
  C      -2.818493      0.263027     -2.119973
  C      -2.112168      0.805569     -1.023828
  C      -2.680542      1.813577     -0.261722
  C      -4.607236      3.385864      0.252906
  H      -2.400298     -0.530575     -2.741583
  H      -5.693331      2.104902     -1.928514
  H      -3.976602      3.711496      1.089718
  H      -5.587118      3.050169      0.645379
  H      -4.843851      4.261157     -0.383700
  H      -2.132988      2.235719      0.583803
  H      -1.117499      0.423248     -0.783975
  N      -4.822363      0.218557     -3.588333
  O      -4.164618     -0.466603     -4.352268
  O      -5.996566      0.501613     -3.703121
  H     -14.031920      0.957819      6.400746
18
Coordinates from ORCA-job meta_products_optfreq3 E -475.597110442789
  C      -3.967232      2.322695     -0.567993
  C      -4.682415      1.767203     -1.674275
  C      -4.099265      0.764382     -2.414993
  C      -2.819538      0.256533     -2.119375
  C      -2.109025      0.799763     -1.025942
  C      -2.670332      1.814400     -0.267948
  C      -4.589468      3.399090      0.241856
  H      -2.406769     -0.542198     -2.737491
  H      -5.684283      2.115108     -1.932875
  H      -3.953628      3.731869      1.071768
  H      -5.565940      3.064744      0.644229
  H      -4.832242      4.268904     -0.399642
  H      -2.119661      2.236819      0.575402
  H      -1.116940      0.412601     -0.785049
  N      -4.824965      0.217539     -3.586161
  O      -4.174755     -0.482114     -4.343178
  O      -5.995375      0.514658     -3.705671
  H     -14.145196      0.916023      6.467376
18
Coordinates from ORCA-job meta_products_optfreq3 E -475.597179140233
  C      -3.962024      2.320231     -0.572033
  C      -4.675520      1.764866     -1.679711
  C      -4.089567      0.765188     -2.422409
  C      -2.808836      0.260008     -2.127512
  C      -2.100309      0.802891     -1.032472
  C      -2.664184      1.814728     -0.272737
  C      -4.587086      3.394153      0.238832
  H      -2.393674     -0.536461     -2.747383
  H      -5.677671      2.111107     -1.938262
  H      -3.954093      3.725004      1.071885
  H      -5.565296      3.058761      0.636857
  H      -4.827868      4.265685     -0.401517
  H      -2.114771      2.237250      0.571347
  H      -1.107069      0.417878     -0.792528
  N      -4.813765      0.218903     -3.595126
  O      -4.163108     -0.481160     -4.351156
  O      -5.983806      0.516935     -3.715998
  H     -14.268385      0.922054      6.569962
18
Coordinates from ORCA-job meta_products_optfreq3 E -475.597245517722
  C      -3.952491      2.322956     -0.577413
  C      -4.668380      1.766672     -1.683372
  C      -4.085377      0.764654     -2.425060
  C      -2.805125      0.257772     -2.130976
  C      -2.094206      0.801467     -1.037588
  C      -2.655877      1.815444     -0.278430
  C      -4.574600      3.399964      0.231318
  H      -2.392276     -0.540722     -2.749629
  H      -5.670195      2.114698     -1.941410
  H      -3.938420      3.734304      1.060553
  H      -5.550541      3.065636      0.634996
  H      -4.818866      4.268834     -0.411603
  H      -2.104749      2.238848      0.564104
  H      -1.101224      0.414965     -0.798581
  N      -4.812165      0.218066     -3.596366
  O      -4.164937     -0.488603     -4.349489
  O      -5.980095      0.523104     -3.719265
  H     -14.387508      0.899964      6.648249
18
Coordinates from ORCA-job meta_products_optfreq3 E -475.597311490379
  C      -3.947648      2.319185     -0.581046
  C      -4.662069      1.762724     -1.688071
  C      -4.074942      0.765634     -2.433321
  C      -2.792658      0.263614     -2.141269
  C      -2.082644      0.807991     -1.047485
  C      -2.647621      1.817600     -0.285487
  C      -4.574428      3.391030      0.231459
  H      -2.376843     -0.531503     -2.762091
  H      -5.665386      2.107104     -1.944300
  H      -3.941342      3.722207      1.064071
  H      -5.551355      3.053372      0.629675
  H      -4.817551      4.262693     -0.407736
  H      -2.097400      2.241427      0.557456
  H      -1.087897      0.425134     -0.810430
  N      -4.800303      0.218913     -3.605599
  O      -4.151748     -0.485850     -4.358938
  O      -5.968930      0.521768     -3.728365
  H     -14.516266      0.914977      6.751518
18
Coordinates from ORCA-job meta_products_optfreq3 E -475.597374983742
  C      -3.936598      2.323104     -0.586952
  C      -4.655454      1.764986     -1.690269
  C      -4.072524      0.764618     -2.434401
  C      -2.790507      0.260677     -2.144442
  C      -2.077049      0.806351     -1.053706
  C      -2.637480      1.819444     -0.293243
  C      -4.558479      3.398645      0.223938
  H      -2.377241     -0.536844     -2.764618
  H      -5.658980      2.110856     -1.944521
  H      -3.920548      3.734252      1.051317
  H      -5.532825      3.062249      0.630535
  H      -4.806480      4.266761     -0.418191
  H      -2.083967      2.244626      0.546794
  H      -1.082367      0.422108     -0.818449
  N      -4.801852      0.216900     -3.603662
  O      -4.157387     -0.493032     -4.355529
  O      -5.969553      0.524021     -3.725554
  H     -14.637738      0.888298      6.820994
18
Coordinates from ORCA-job meta_products_optfreq3 E -475.597438613272
  C      -3.930746      2.320404     -0.590705
  C      -4.649246      1.761550     -1.693801
  C      -4.063940      0.764778     -2.440915
  C      -2.779088      0.265549     -2.154568
  C      -2.065462      0.812330     -1.064463
  C      -2.628915      1.821645     -0.300624
  C      -4.555168      3.392224      0.223266
  H      -2.364428     -0.529575     -2.776134
  H      -5.654599      2.103906     -1.945350
  H      -3.918075      3.726578      1.051883
  H      -5.529165      3.053412      0.628099
  H      -4.803632      4.262369     -0.416424
  H      -2.075624      2.247436      0.539232
  H      -1.068844      0.431487     -0.831846
  N      -4.793324      0.216584     -3.609838
  O      -4.147402     -0.489589     -4.364283
  O      -5.962078      0.520124     -3.729557
  H     -14.767292      0.896810      6.916070
18
Coordinates from ORCA-job meta_products_optfreq3 E -475.597500031153
  C      -3.919446      2.324073     -0.596354
  C      -4.642800      1.763249     -1.695323
  C      -4.061448      0.763805     -2.442046
  C      -2.776512      0.263605     -2.159012
  C      -2.057732      0.812714     -1.073466
  C      -2.616850      1.824863     -0.310292
  C      -4.539776      3.398194      0.218023
  H      -2.365151     -0.533679     -2.780220
  H      -5.648386      2.106178     -1.944217
  H      -3.896931      3.736897      1.040229
  H      -5.509600      3.058857      0.632070
  H      -4.795433      4.264936     -0.422849
  H      -2.059698      2.252371      0.526165
  H      -1.060684      0.431418     -0.843646
  N      -4.795684      0.213589     -3.607059
  O      -4.153796     -0.496595     -4.361125
  O      -5.964147      0.519277     -3.724130
  H     -14.892956      0.874269      6.983290
18
Coordinates from ORCA-job meta_products_optfreq3 E -475.597560964546
  C      -3.911770      2.322934     -0.600516
  C      -4.637077      1.760456     -1.697213
  C      -4.054656      0.763720     -2.446779
  C      -2.766823      0.267810     -2.168661
  C      -2.046587      0.818379     -1.084926
  C      -2.606509      1.828009     -0.319193
  C      -4.532707      3.394121      0.216908
  H      -2.354688     -0.527514     -2.792062
  H      -5.645199      2.099660     -1.942126
  H      -3.888766      3.732511      1.038445
  H      -5.501171      3.052170      0.631935
  H      -4.790693      4.261806     -0.422035
  H      -2.047965      2.256629      0.515784
  H      -1.047288      0.440516     -0.858794
  N      -4.790943      0.211987     -3.609689
  O      -4.148819     -0.494193     -4.367261
  O      -5.961325      0.512591     -3.721970
  H     -15.024045      0.876429      7.068194
18
Coordinates from ORCA-job meta_products_optfreq3 E -475.597619760355
  C      -3.899806      2.326997     -0.606108
  C      -4.630613      1.762259     -1.697858
  C      -4.052940      0.762483     -2.447063
  C      -2.764380      0.265780     -2.173612
  C      -2.038421      0.818749     -1.095003
  C      -2.593783      1.831268     -0.329498
  C      -4.515801      3.400964      0.211563
  H      -2.356604     -0.532037     -2.796345
  H      -5.639232      2.101868     -1.939299
  H      -3.865197      3.744967      1.025595
  H      -5.479362      3.058399      0.637827
  H      -4.782531      4.264474     -0.429071
  H      -2.030847      2.261612      0.501591
  H      -1.038705      0.440417     -0.872216
  N      -4.795125      0.208347     -3.604965
  O      -4.157152     -0.500093     -4.364044
  O      -5.965721      0.509336     -3.712305
  H     -15.150810      0.852229      7.130851
18
Coordinates from ORCA-job meta_products_optfreq3 E -475.597677866765
  C      -3.890846      2.327488     -0.610756
  C      -4.624352      1.761076     -1.699777
  C      -4.047352      0.762326     -2.450835
  C      -2.756964      0.268206     -2.181837
  C      -2.028291      0.822769     -1.105888
  C      -2.582940      1.834240     -0.338602
  C      -4.506207      3.400142      0.209284
  H      -2.349631     -0.528777     -2.806243
  H      -5.634695      2.098356     -1.937565
  H      -3.852619      3.746167      1.020045
  H      -5.466442      3.054767      0.640293
  H      -4.778354      4.262880     -0.430228
  H      -2.018008      2.265646      0.490613
  H      -1.026877      0.446585     -0.886685
  N      -4.792661      0.206105     -3.605723
  O      -4.155718     -0.500524     -4.367414
  O      -5.964577      0.503714     -3.708376
  H     -15.280496      0.846852      7.209736
18
Coordinates from ORCA-job meta_products_optfreq3 E -475.597734208931
  C      -3.880557      2.329600     -0.615762
  C      -4.618218      1.761315     -1.700984
  C      -4.043603      0.761812     -2.453012
  C      -2.751793      0.268632     -2.188470
  C      -2.019295      0.824806     -1.115982
  C      -2.571389      1.837061     -0.347934
  C      -4.492980      3.403084      0.205109
  H      -2.346732     -0.529036     -2.813250
  H      -5.629574      2.097851     -1.935325
  H      -3.834864      3.752971      1.010486
  H      -5.449202      3.055973      0.644025
  H      -4.772279      4.262937     -0.434955
  H      -2.003290      2.269788      0.478443
  H      -1.017002      0.449249     -0.900039
  N      -4.793234      0.203461     -3.604015
  O      -4.158954     -0.503561     -4.367529
  O      -5.965883      0.499774     -3.701921
  H     -15.408181      0.832303      7.281155
18
Coordinates from ORCA-job meta_products_optfreq3 E -475.597789357949
  C      -3.871672      2.330422     -0.620697
  C      -4.611334      1.761071     -1.703978
  C      -4.037804      0.761924     -2.457109
  C      -2.744916      0.270246     -2.195753
  C      -2.010214      0.827431     -1.125287
  C      -2.561485      1.839151     -0.355941
  C      -4.483403      3.403357      0.201694
  H      -2.340456     -0.527012     -2.821558
  H      -5.623826      2.096316     -1.935552
  H      -3.822378      3.756420      1.003377
  H      -5.436039      3.053621      0.646261
  H      -4.768939      4.261358     -0.437966
  H      -1.991922      2.272517      0.469076
  H      -1.006907      0.452975     -0.911937
  N      -4.790023      0.201878     -3.605597
  O      -4.157125     -0.504987     -4.370437
  O      -5.963270      0.496707     -3.700245
  H     -15.535317      0.824627      7.361688
18
Coordinates from ORCA-job meta_products_optfreq3 E -475.597842965574
  C      -3.862548      2.331848     -0.625778
  C      -4.604850      1.761391     -1.706766
  C      -4.032664      0.761945     -2.460743
  C      -2.738916      0.270918     -2.202081
  C      -2.001977      0.828855     -1.133483
  C      -2.551620      1.840959     -0.363595
  C      -4.472567      3.405257      0.197124
  H      -2.335586     -0.526602     -2.828220
  H      -5.617788      2.096437     -1.936261
  H      -3.808060      3.762072      0.994195
  H      -5.421298      3.053386      0.648395
  H      -4.764760      4.260750     -0.442934
  H      -1.980194      2.275015      0.459801
  H      -0.998191      0.454617     -0.922153
  N      -4.787644      0.200447     -3.606736
  O      -4.156799     -0.507941     -4.371867
  O      -5.960989      0.495683     -3.699140
  H     -15.660580      0.812982      7.440283
18
Coordinates from ORCA-job meta_products_optfreq3 E -475.597895619292
  C      -3.855082      2.331648     -0.630598
  C      -4.597718      1.760900     -1.711221
  C      -4.025245      0.762618     -2.466301
  C      -2.730705      0.273182     -2.209338
  C      -1.993202      0.831417     -1.141253
  C      -2.543404      1.842227     -0.369993
  C      -4.465684      3.403715      0.193630
  H      -2.327016     -0.523351     -2.836431
  H      -5.611506      2.094689     -1.939217
  H      -3.799842      3.762938      0.988499
  H      -5.411885      3.048998      0.648371
  H      -4.762898      4.257637     -0.445880
  H      -1.971719      2.276505      0.453079
  H      -0.988662      0.458312     -0.931326
  N      -4.781037      0.200284     -3.611426
  O      -4.150736     -0.508173     -4.376883
  O      -5.954621      0.494858     -3.702487
  H     -15.786069      0.809617      7.528814
18
Coordinates from ORCA-job meta_products_optfreq3 E -475.597947095394
  C      -3.848156      2.331140     -0.635402
  C      -4.590819      1.760191     -1.715993
  C      -4.017382      0.763351     -2.472380
  C      -2.721933      0.275589     -2.216627
  C      -1.984686      0.833768     -1.148263
  C      -2.535685      1.843203     -0.375872
  C      -4.459829      3.401697      0.190079
  H      -2.317333     -0.519808     -2.844666
  H      -5.605019      2.093019     -1.943200
  H      -3.792877      3.763382      0.982946
  H      -5.403242      3.043823      0.647951
  H      -4.762039      4.254478     -0.448755
  H      -1.964160      2.277465      0.447330
  H      -0.979602      0.461693     -0.939186
  N      -4.773372      0.200551     -3.617209
  O      -4.143212     -0.508195     -4.382534
  O      -5.946987      0.495119     -3.708112
  H     -15.910696      0.807555      7.619933
18
Coordinates from ORCA-job meta_products_optfreq3 E -475.597997116077
  C      -3.840636      2.331725     -0.640641
  C      -4.583513      1.760824     -1.721163
  C      -4.010302      0.763979     -2.477709
  C      -2.715012      0.276170     -2.222145
  C      -1.977446      0.834320     -1.153934
  C      -2.528237      1.843740     -0.381345
  C      -4.452097      3.402158      0.184987
  H      -2.310646     -0.519205     -2.850220
  H      -5.597795      2.093748     -1.948174
  H      -3.783196      3.767286      0.974557
  H      -5.392404      3.041934      0.647745
  H      -4.760027      4.252497     -0.454212
  H      -1.956454      2.278018      0.441664
  H      -0.972226      0.462270     -0.945167
  N      -4.766724      0.201058     -3.622265
  O      -4.137616     -0.509914     -4.386335
  O      -5.939788      0.497667     -3.713943
  H     -16.032909      0.799747      7.708340
18
Coordinates from ORCA-job meta_products_optfreq3 E -475.598044745932
  C      -3.830409      2.335946     -0.647313
  C      -4.575733      1.764956     -1.726278
  C      -4.006533      0.763901     -2.480317
  C      -2.713098      0.271962     -2.223667
  C      -1.973149      0.830210     -1.157026
  C      -2.519855      1.843766     -0.386994
  C      -4.438180      3.410232      0.176092
  H      -2.311798     -0.526571     -2.849721
  H      -5.588670      2.101368     -1.954197
  H      -3.763955      3.782334      0.957860
  H      -5.372806      3.049110      0.649851
  H      -4.755390      4.255042     -0.465631
  H      -1.946200      2.278109      0.434683
  H      -0.969282      0.454992     -0.947519
  N      -4.765527      0.200897     -3.623209
  O      -4.140914     -0.518898     -4.382624
  O      -5.936146      0.506134     -3.718148
  H     -16.149385      0.774530      7.784197
18
Coordinates from ORCA-job meta_products_optfreq3 E -475.598093239314
  C      -3.826815      2.332949     -0.651820
  C      -4.568234      1.763217     -1.734212
  C      -3.994857      0.765715     -2.489697
  C      -2.700670      0.276365     -2.231573
  C      -1.964537      0.833500     -1.161654
  C      -2.515638      1.843408     -0.389928
  C      -4.439341      3.403109      0.173503
  H      -2.295803     -0.519334     -2.859181
  H      -5.581273      2.097815     -1.963771
  H      -3.767538      3.775167      0.957525
  H      -5.373638      3.037779      0.644786
  H      -4.758258      4.248556     -0.466376
  H      -1.945021      2.276773      0.434360
  H      -0.960455      0.460160     -0.950739
  N      -4.749915      0.204000     -3.635939
  O      -4.122626     -0.514495     -4.394363
  O      -5.920265      0.508976     -3.734164
  H     -16.272146      0.784359      7.893282
18
Coordinates from ORCA-job meta_products_optfreq3 E -475.598140766037
  C      -3.822567      2.330547     -0.656294
  C      -4.560871      1.761759     -1.741246
  C      -3.983978      0.767244     -2.498240
  C      -2.689532      0.279801     -2.238913
  C      -1.956493      0.836044     -1.166465
  C      -2.510871      1.843149     -0.393440
  C      -4.438464      3.397591      0.170391
  H      -2.282390     -0.513797     -2.867340
  H      -5.574295      2.094753     -1.971775
  H      -3.767928      3.770816      0.954820
  H      -5.371367      3.028486      0.641521
  H      -4.760513      4.242855     -0.468301
  H      -1.942390      2.275904      0.432634
  H      -0.951496      0.464627     -0.955084
  N      -4.736004      0.206726     -3.647089
  O      -4.106402     -0.509696     -4.405527
  O      -5.906614      0.510582     -3.747127
  H     -16.394855      0.790628      7.997516
18
Coordinates from ORCA-job meta_products_optfreq3 E -475.598187474407
  C      -3.818079      2.328121     -0.660842
  C      -4.553726      1.760082     -1.747965
  C      -3.973684      0.768556     -2.506260
  C      -2.678304      0.283497     -2.246403
  C      -1.947764      0.839152     -1.171941
  C      -2.505595      1.843184     -0.397350
  C      -4.437414      3.391790      0.167478
  H      -2.268342     -0.507669     -2.876358
  H      -5.567562      2.091262     -1.979284
  H      -3.768277      3.765807      0.952686
  H      -5.369172      3.018779      0.637983
  H      -4.762434      4.236953     -0.469838
  H      -1.939129      2.275401      0.430384
  H      -0.942481      0.469569     -0.959814
  N      -4.722776      0.209206     -3.657583
  O      -4.090372     -0.503941     -4.416816
  O      -5.893844      0.510863     -3.758880
  H     -16.518075      0.797407      8.100841
