18
Coordinates from ORCA-job meta_products_optfreq3
  C   -3.81192809690100      2.32751341263658     -0.66594700591614
  C   -4.54652352267319      1.75981829583643     -1.75391784621313
  C   -3.96519575207408      0.76940800018691     -2.51278442125803
  C   -2.66963279106436      0.28508430120691     -2.25256134720885
  C   -1.94026953619878      0.84039410361673     -1.17720419665433
  C   -2.49924953441040      1.84340523044767     -0.40217293723321
  C   -4.43269372000879      3.38972811932623      0.16327914920709
  H   -2.25891027866533     -0.50528504986913     -2.88283377486964
  H   -5.56047894293943      2.09039161903802     -1.98561198824302
  H   -3.76281371698088      3.76641762152938      0.94664598164782
  H   -5.36161234505435      3.01344048631931      0.63680937929909
  H   -4.76288950764105      4.23315510391554     -0.47351471649411
  H   -1.93353346120407      2.27545730275279      0.42616319765353
  H   -0.93459569588896      0.47164945252397     -0.96493481786161
  N   -4.71295411155961      0.21075200620330     -3.66528668561596
  O   -4.07921278794218     -0.50060110213294     -4.42505792288375
  O   -5.88433199610374      0.51111876976411     -3.76703883866618
  H   -16.64020420268960      0.79617232669813      8.19600879131047
