18
Coordinates from ORCA-job para_produtcs_optfreq2
  C   -5.76293552772101      0.84782640466714      0.05693132306830
  C   -6.85881891326972      1.43979654048972     -0.62832106005529
  C   -7.45423427946551      0.80525249247517     -1.68807993893598
  C   -6.95654517377786     -0.44696228544522     -2.06830965383241
  C   -5.88132407461944     -1.07080180434301     -1.42055231929481
  C   -5.29076943275325     -0.41683322748015     -0.36748288739020
  C   -5.12901419031027      1.56106684981008      1.18926537787759
  H   -4.37016810976374      0.96411630633231      1.68848185419907
  H   -5.88297261187896      1.87605911455674      1.91876223675364
  H   -4.66495156711246      2.49041677012999      0.83303385068372
  H   -7.22187571152126      2.40597042848117     -0.30367832087075
  H   -8.28188566392530      1.24162027765469     -2.22822463399085
  H   -5.54272759511253     -2.04113292647657     -1.75397287317599
  H   -4.45613514535231     -0.86968333151204      0.14999736154435
  N   -7.58832662307266     -1.13908754973503     -3.18534326702415
  O   -7.74277482070151     -2.34130012521548     -3.07114195569727
  O   -7.91321422826332     -0.46439939256369     -4.14451260151761
  H   -12.90379633137838     -7.20168454182581     -9.57449249234127
