18
Coordinates from ORCA-job para_produtcs_optfreq2 E -476.401514275267
  C      -6.032730      0.662027     -0.003356
  C      -7.098216      1.198948     -0.774711
  C      -7.435912      0.649676     -1.985890
  C      -6.707613     -0.460348     -2.433477
  C      -5.650622     -1.024672     -1.706073
  C      -5.319656     -0.458736     -0.500211
  C      -5.659087      1.283947      1.286686
  H      -5.113548      0.599847      1.934846
  H      -6.527962      1.688046      1.809439
  H      -4.996819      2.142710      1.094002
  H      -7.644506      2.051923     -0.393758
  H      -8.238562      1.044946     -2.591473
  H      -5.126748     -1.884414     -2.099081
  H      -4.507634     -0.869517      0.084763
  N      -7.071255     -1.059795     -3.713084
  O      -7.048373     -2.276077     -3.776898
  O      -7.375549     -0.304071     -4.615995
  H     -12.347677     -5.344200     -6.213370
18
Coordinates from ORCA-job para_produtcs_optfreq2 E -476.401561827694
  C      -6.028494      0.665257     -0.000345
  C      -7.095330      1.201577     -0.769594
  C      -7.437480      0.650802     -1.978276
  C      -6.711536     -0.460690     -2.425329
  C      -5.654335     -1.026197     -1.699186
  C      -5.319255     -0.457877     -0.496004
  C      -5.649036      1.290830      1.286030
  H      -5.102911      0.607786      1.934331
  H      -6.515265      1.697727      1.810361
  H      -4.986031      2.147333      1.088230
  H      -7.637955      2.057113     -0.390571
  H      -8.238413      1.048958     -2.584275
  H      -5.132585     -1.886959     -2.091896
  H      -4.505969     -0.867707      0.087345
  N      -7.073044     -1.056706     -3.706034
  O      -7.045527     -2.272906     -3.774836
  O      -7.377382     -0.297466     -4.606149
  H     -12.391921     -5.400636     -6.281442
18
Coordinates from ORCA-job para_produtcs_optfreq2 E -476.401606035618
  C      -6.022611      0.669657      0.002638
  C      -7.090469      1.206529     -0.764134
  C      -7.438947      0.654068     -1.969853
  C      -6.717654     -0.460686     -2.416179
  C      -5.660457     -1.028487     -1.691634
  C      -5.319490     -0.457468     -0.491630
  C      -5.635687      1.298925      1.284958
  H      -5.089941      0.616073      1.933600
  H      -6.498579      1.710176      1.811106
  H      -4.970453      2.152009      1.081401
  H      -7.629170      2.064991     -0.386622
  H      -8.239180      1.054932     -2.574898
  H      -5.143334     -1.892253     -2.083347
  H      -4.505602     -0.867785      0.090360
  N      -7.079175     -1.054403     -3.697018
  O      -7.046591     -2.270334     -3.771169
  O      -7.385510     -0.292047     -4.594145
  H     -12.429620     -5.463657     -6.361075
18
Coordinates from ORCA-job para_produtcs_optfreq2 E -476.401651927238
  C      -6.015152      0.675118      0.005842
  C      -7.083471      1.214073     -0.758202
  C      -7.440062      0.659713     -1.960504
  C      -6.725808     -0.460015     -2.406019
  C      -5.669122     -1.031406     -1.683340
  C      -5.320532     -0.457743     -0.486883
  C      -5.618828      1.308061      1.283565
  H      -5.074590      0.624571      1.932772
  H      -6.477359      1.725719      1.811684
  H      -4.949650      2.156226      1.073418
  H      -7.617051      2.076366     -0.382272
  H      -8.240300      1.063399     -2.563545
  H      -5.158709     -1.899575     -2.073814
  H      -4.506559     -0.869884      0.093672
  N      -7.090585     -1.053080     -3.685685
  O      -7.053425     -2.268549     -3.764675
  O      -7.401605     -0.288483     -4.579818
  H     -12.459661     -5.534271     -6.453837
18
Coordinates from ORCA-job para_produtcs_optfreq2 E -476.401709413130
  C      -6.003307      0.683353      0.009323
  C      -7.071744      1.227308     -0.750258
  C      -7.442802      0.669419     -1.946551
  C      -6.742162     -0.459753     -2.390594
  C      -5.686493     -1.037561     -1.671385
  C      -5.324153     -0.460037     -0.480875
  C      -5.590525      1.321503      1.279409
  H      -5.049799      0.636203      1.929734
  H      -6.441003      1.751579      1.810593
  H      -4.913401      2.160349      1.058268
  H      -7.595688      2.096662     -0.376878
  H      -8.243937      1.077227     -2.545443
  H      -5.188237     -1.913569     -2.059931
  H      -4.510528     -0.876445      0.097198
  N      -7.117594     -1.054847     -3.666011
  O      -7.076182     -2.269554     -3.749746
  O      -7.439412     -0.289054     -4.556244
  H     -12.465504     -5.622544     -6.588251
18
Coordinates from ORCA-job para_produtcs_optfreq2 E -476.401781228293
  C      -5.984125      0.696132      0.012574
  C      -7.052681      1.249240     -0.739396
  C      -7.448999      0.684440     -1.924554
  C      -6.772671     -0.461053     -2.365594
  C      -5.718054     -1.048796     -1.653053
  C      -5.331443     -0.465050     -0.473156
  C      -5.542975      1.342103      1.269343
  H      -5.008478      0.653776      1.921845
  H      -6.378665      1.794875      1.805250
  H      -4.851853      2.164098      1.029198
  H      -7.559074      2.130956     -0.370348
  H      -8.252619      1.097973     -2.515929
  H      -5.240246     -1.937555     -2.038474
  H      -4.518315     -0.889074      0.100256
  N      -7.172667     -1.063409     -3.630457
  O      -7.129729     -2.277241     -3.717120
  O      -7.515155     -0.299128     -4.515750
  H     -12.424722     -5.732049     -6.792277
18
Coordinates from ORCA-job para_produtcs_optfreq2 E -476.401853118644
  C      -5.963295      0.710084      0.014618
  C      -7.032779      1.272103     -0.729035
  C      -7.456027      0.698629     -1.901020
  C      -6.805243     -0.463354     -2.338116
  C      -5.750189     -1.059310     -1.633701
  C      -5.337354     -0.468669     -0.466056
  C      -5.492336      1.363711      1.256625
  H      -4.963778      0.673111      1.911797
  H      -6.311227      1.841557      1.796815
  H      -4.786912      2.167214      0.995735
  H      -7.519970      2.166602     -0.364468
  H      -8.263291      1.116330     -2.484334
  H      -5.292552     -1.960237     -2.015767
  H      -4.523891     -0.899927      0.101644
  N      -7.236631     -1.076680     -3.588138
  O      -7.198413     -2.290372     -3.671744
  O      -7.601162     -0.317381     -4.470126
  H     -12.367421     -5.833168     -7.012364
18
Coordinates from ORCA-job para_produtcs_optfreq2 E -476.401940270965
  C      -5.944922      0.723076      0.015336
  C      -7.016631      1.290854     -0.721086
  C      -7.461512      0.708522     -1.881015
  C      -6.830461     -0.465778     -2.314263
  C      -5.772700     -1.065241     -1.617941
  C      -5.338113     -0.468069     -0.461409
  C      -5.450915      1.382258      1.245287
  H      -4.926177      0.690843      1.902865
  H      -6.255360      1.881243      1.788152
  H      -4.734462      2.170664      0.967484
  H      -7.488115      2.195007     -0.359323
  H      -8.273246      1.126926     -2.457641
  H      -5.329158     -1.974603     -1.997274
  H      -4.522935     -0.903842      0.100485
  N      -7.293077     -1.091894     -3.547744
  O      -7.267290     -2.306525     -3.617896
  O      -7.673032     -0.341078     -4.430833
  H     -12.324361     -5.912124     -7.210824
18
Coordinates from ORCA-job para_produtcs_optfreq2 E -476.402061967442
  C      -5.929003      0.735444      0.014274
  C      -7.005498      1.304762     -0.715307
  C      -7.466381      0.712783     -1.864316
  C      -6.848333     -0.469424     -2.294072
  C      -5.784336     -1.066583     -1.606606
  C      -5.332178     -0.462117     -0.460467
  C      -5.419297      1.398582      1.235257
  H      -4.895555      0.708084      1.894714
  H      -6.211970      1.914564      1.779509
  H      -4.695181      2.176105      0.944617
  H      -7.465028      2.215149     -0.353638
  H      -8.283743      1.127718     -2.435785
  H      -5.347889     -1.980531     -1.983857
  H      -4.512681     -0.898651      0.094539
  N      -7.342243     -1.110740     -3.508708
  O      -7.341242     -2.327188     -3.546410
  O      -7.725431     -0.374148     -4.401150
  H     -12.296480     -5.963568     -7.390235
18
Coordinates from ORCA-job para_produtcs_optfreq2 E -476.402154479602
  C      -5.911937      0.748208      0.012118
  C      -6.997389      1.314805     -0.706830
  C      -7.479101      0.711236     -1.840805
  C      -6.874585     -0.479496     -2.265583
  C      -5.801990     -1.073348     -1.588832
  C      -5.327676     -0.456845     -0.458217
  C      -5.380046      1.421921      1.217428
  H      -4.854219      0.735348      1.879253
  H      -6.158726      1.955417      1.764633
  H      -4.650731      2.187014      0.906810
  H      -7.444434      2.232034     -0.347204
  H      -8.302450      1.123360     -2.405877
  H      -5.375234     -1.993729     -1.961252
  H      -4.500613     -0.890669      0.087449
  N      -7.394651     -1.133555     -3.462430
  O      -7.417370     -2.351051     -3.472707
  O      -7.775764     -0.408671     -4.363749
  H     -12.255553     -6.001739     -7.591846
18
Coordinates from ORCA-job para_produtcs_optfreq2 E -476.402243187062
  C      -5.893962      0.761341      0.007947
  C      -6.992001      1.321431     -0.696977
  C      -7.497983      0.704769     -1.812521
  C      -6.906282     -0.494229     -2.231431
  C      -5.822899     -1.083472     -1.567320
  C      -5.323248     -0.451313     -0.456544
  C      -5.336515      1.450036      1.192936
  H      -4.806420      0.769406      1.857432
  H      -6.100488      2.000240      1.743798
  H      -4.604301      2.202022      0.858467
  H      -7.427418      2.245161     -0.340339
  H      -8.328513      1.113805     -2.369390
  H      -5.407380     -2.011566     -1.932671
  H      -4.486071     -0.879758      0.077651
  N      -7.448888     -1.160315     -3.410365
  O      -7.496879     -2.377673     -3.389356
  O      -7.820073     -0.447763     -4.324002
  H     -12.203149     -6.021882     -7.804954
18
Coordinates from ORCA-job para_produtcs_optfreq2 E -476.402293129346
  C      -5.874161      0.775062      0.002892
  C      -6.984073      1.329687     -0.686952
  C      -7.518339      0.699300     -1.781133
  C      -6.942819     -0.510113     -2.192693
  C      -5.849585     -1.096492     -1.541680
  C      -5.321754     -0.448463     -0.453379
  C      -5.286814      1.480450      1.163554
  H      -4.752977      0.805776      1.831211
  H      -6.034624      2.048535      1.718078
  H      -4.551843      2.216638      0.802047
  H      -7.406929      2.261495     -0.336539
  H      -8.357031      1.106293     -2.327089
  H      -5.449096     -2.034169     -1.898750
  H      -4.475518     -0.872901      0.069586
  N      -7.509249     -1.189198     -3.351828
  O      -7.575302     -2.405949     -3.314872
  O      -7.881589     -0.484895     -4.271293
  H     -12.130768     -6.040818     -8.028801
18
Coordinates from ORCA-job para_produtcs_optfreq2 E -476.402333681395
  C      -5.862069      0.783753     -0.000327
  C      -6.982092      1.331196     -0.678416
  C      -7.533716      0.693534     -1.759349
  C      -6.964620     -0.520109     -2.167258
  C      -5.863733     -1.103589     -1.525175
  C      -5.318798     -0.444205     -0.452352
  C      -5.257692      1.501487      1.144383
  H      -4.720583      0.830934      1.813656
  H      -5.998475      2.075366      1.701963
  H      -4.523764      2.230125      0.767780
  H      -7.401004      2.265948     -0.331585
  H      -8.377681      1.100150     -2.297290
  H      -5.472207     -2.047032     -1.876156
  H      -4.464910     -0.863488      0.062211
  N      -7.537931     -1.205113     -3.317320
  O      -7.614740     -2.418893     -3.250629
  O      -7.894208     -0.512954     -4.252403
  H     -12.114247     -6.056871     -8.179372
18
Coordinates from ORCA-job para_produtcs_optfreq2 E -476.402375258180
  C      -5.855918      0.789084      0.001912
  C      -6.975717      1.338034     -0.675394
  C      -7.531401      0.697856     -1.753198
  C      -6.966676     -0.518393     -2.159369
  C      -5.865083     -1.101769     -1.519057
  C      -5.316211     -0.441701     -0.448642
  C      -5.247172      1.507300      1.143993
  H      -4.710627      0.836724      1.813784
  H      -5.984901      2.085380      1.701439
  H      -4.511599      2.232697      0.763882
  H      -7.391672      2.274944     -0.330516
  H      -8.377129      1.103673     -2.289000
  H      -5.475878     -2.046384     -1.869914
  H      -4.462490     -0.862206      0.065277
  N      -7.549446     -1.208352     -3.302637
  O      -7.626325     -2.422538     -3.240303
  O      -7.917673     -0.516612     -4.233822
  H     -12.136552     -6.107499     -8.266074
18
Coordinates from ORCA-job para_produtcs_optfreq2 E -476.402400908612
  C      -5.853850      0.791690      0.006035
  C      -6.971255      1.342904     -0.673401
  C      -7.524982      0.703811     -1.753315
  C      -6.960764     -0.512466     -2.159901
  C      -5.860442     -1.096607     -1.518511
  C      -5.313652     -0.439172     -0.445409
  C      -5.247197      1.507049      1.151077
  H      -4.712038      0.834895      1.820468
  H      -5.985972      2.084327      1.708171
  H      -4.510788      2.233240      0.773762
  H      -7.387603      2.279861     -0.328778
  H      -8.370494      1.109969     -2.289219
  H      -5.470628     -2.040460     -1.871130
  H      -4.461703     -0.861407      0.070115
  N      -7.546062     -1.203539     -3.302034
  O      -7.617231     -2.417719     -3.241102
  O      -7.922142     -0.513173     -4.231506
  H     -12.185665     -6.162963     -8.312961
18
Coordinates from ORCA-job para_produtcs_optfreq2 E -476.402428006030
  C      -5.848125      0.796718      0.007717
  C      -6.966178      1.348239     -0.670268
  C      -7.523880      0.707010     -1.747212
  C      -6.963030     -0.511218     -2.152292
  C      -5.861392     -1.094945     -1.512803
  C      -5.310715     -0.436068     -0.442594
  C      -5.237725      1.513125      1.150241
  H      -4.702334      0.841111      1.819673
  H      -5.974557      2.092443      1.707913
  H      -4.500924      2.237515      0.770113
  H      -7.380788      2.286642     -0.327224
  H      -8.370987      1.112830     -2.280864
  H      -5.473911     -2.040043     -1.864852
  H      -4.458158     -0.858486      0.071849
  N      -7.555181     -1.206224     -3.288930
  O      -7.624926     -2.420093     -3.222824
  O      -7.937337     -0.519887     -4.219036
  H     -12.212323     -6.208427     -8.396247
18
Coordinates from ORCA-job para_produtcs_optfreq2 E -476.402454320999
  C      -5.842347      0.801714      0.009143
  C      -6.961735      1.352946     -0.666782
  C      -7.524023      0.709181     -1.739969
  C      -6.966490     -0.511039     -2.143291
  C      -5.863267     -1.094248     -1.505897
  C      -5.308029     -0.433064     -0.439530
  C      -5.227330      1.520164      1.147968
  H      -4.690547      0.849072      1.817203
  H      -5.961765      2.101545      1.706686
  H      -4.491046      2.242926      0.763771
  H      -7.374127      2.292944     -0.325414
  H      -8.372549      1.114677     -2.271619
  H      -5.478339     -2.040829     -1.856771
  H      -4.454293     -0.855078      0.073284
  N      -7.564650     -1.209432     -3.274900
  O      -7.633265     -2.423062     -3.202999
  O      -7.951557     -0.527026     -4.205796
  H     -12.237111     -6.251151     -8.482726
18
Coordinates from ORCA-job para_produtcs_optfreq2 E -476.402480012594
  C      -5.836484      0.806694      0.010435
  C      -6.957800      1.357115     -0.662957
  C      -7.525122      0.710470     -1.731727
  C      -6.970806     -0.511798     -2.133049
  C      -5.865831     -1.094351     -1.497935
  C      -5.305534     -0.430198     -0.436113
  C      -5.216138      1.528113      1.144469
  H      -4.677002      0.858689      1.813432
  H      -5.947736      2.111779      1.704507
  H      -4.481058      2.249250      0.754997
  H      -7.367575      2.298805     -0.323200
  H      -8.375054      1.115421     -2.261552
  H      -5.483599     -2.042641     -1.847051
  H      -4.450266     -0.851467      0.074724
  N      -7.574272     -1.213200     -3.259977
  O      -7.643180     -2.426688     -3.183444
  O      -7.964723     -0.533784     -4.191359
  H     -12.260291     -6.291969     -8.571840
18
Coordinates from ORCA-job para_produtcs_optfreq2 E -476.402503438229
  C      -5.832032      0.810630      0.012633
  C      -6.954468      1.360689     -0.659316
  C      -7.524728      0.712419     -1.725440
  C      -6.972388     -0.511125     -2.125493
  C      -5.866585     -1.093497     -1.491581
  C      -5.303295     -0.427602     -0.432441
  C      -5.208394      1.533994      1.143564
  H      -4.666637      0.866013      1.811781
  H      -5.938333      2.118366      1.705037
  H      -4.475139      2.255045      0.750502
  H      -7.362358      2.303455     -0.320357
  H      -8.375326      1.117038     -2.254453
  H      -5.486056     -2.042895     -1.839466
  H      -4.447218     -0.848560      0.077270
  N      -7.578755     -1.214025     -3.249921
  O      -7.647147     -2.427447     -3.170619
  O      -7.971622     -0.536467     -4.181469
  H     -12.291990     -6.335790     -8.647871
18
Coordinates from ORCA-job para_produtcs_optfreq2 E -476.402526185113
  C      -5.827792      0.814380      0.015020
  C      -6.951193      1.364123     -0.655743
  C      -7.523946      0.714496     -1.719611
  C      -6.973274     -0.510174     -2.118534
  C      -5.866817     -1.092393     -1.485636
  C      -5.300975     -0.425015     -0.428748
  C      -5.201414      1.539515      1.143255
  H      -4.656875      0.872960      1.810579
  H      -5.930121      2.123974      1.706271
  H      -4.470273      2.261001      0.747045
  H      -7.357448      2.307793     -0.317358
  H      -8.375165      1.118714     -2.247934
  H      -5.487744     -2.042774     -1.832376
  H      -4.444277     -0.845801      0.080050
  N      -7.582108     -1.214427     -3.240765
  O      -7.651023     -2.427762     -3.159565
  O      -7.976438     -0.538075     -4.172504
  H     -12.325589     -6.380295     -8.721085
18
Coordinates from ORCA-job para_produtcs_optfreq2 E -476.402547029414
  C      -5.824794      0.817190      0.018262
  C      -6.948241      1.367187     -0.652438
  C      -7.521522      0.717474     -1.715882
  C      -6.971453     -0.507614     -2.114439
  C      -5.865201     -1.090159     -1.481543
  C      -5.298771     -0.422604     -0.425017
  C      -5.197811      1.542838      1.145797
  H      -4.650465      0.877220      1.811692
  H      -5.926680      2.125483      1.710547
  H      -4.469299      2.266412      0.748531
  H      -7.353695      2.311180     -0.313969
  H      -8.372670      1.121650     -2.244348
  H      -5.486656     -2.040909     -1.827832
  H      -4.442191     -0.843697      0.083709
  N      -7.580772     -1.211962     -3.236349
  O      -7.649820     -2.425225     -3.154586
  O      -7.975155     -0.535887     -4.168275
  H     -12.367274     -6.428337     -8.781499
18
Coordinates from ORCA-job para_produtcs_optfreq2 E -476.402566917403
  C      -5.822394      0.819482      0.021949
  C      -6.945352      1.370034     -0.649331
  C      -7.518105      0.720963     -1.713376
  C      -6.968061     -0.504175     -2.111976
  C      -5.862488     -1.087299     -1.478540
  C      -5.296523     -0.420272     -0.421326
  C      -5.196130      1.544954      1.149994
  H      -4.645501      0.880075      1.813861
  H      -5.926264      2.123968      1.716960
  H      -4.471094      2.272165      0.753001
  H      -7.350536      2.314011     -0.310437
  H      -8.368822      1.125317     -2.242400
  H      -5.483972     -2.038103     -1.824735
  H      -4.440463     -0.841962      0.087803
  N      -7.576754     -1.207995     -3.234552
  O      -7.647121     -2.421128     -3.153043
  O      -7.969359     -0.531348     -4.166910
  H     -12.413529     -6.478447     -8.834581
18
Coordinates from ORCA-job para_produtcs_optfreq2 E -476.402584543533
  C      -5.821478      0.820541      0.026648
  C      -6.942649      1.372441     -0.646719
  C      -7.512405      0.725679     -1.713729
  C      -6.961135     -0.498665     -2.113286
  C      -5.857399     -1.083050     -1.477959
  C      -5.294357     -0.418215     -0.417674
  C      -5.198877      1.544125      1.157985
  H      -4.643868      0.879511      1.818374
  H      -5.932667      2.115422      1.728259
  H      -4.479270      2.278469      0.764320
  H      -7.348719      2.315696     -0.306762
  H      -8.361717      1.130872     -2.244356
  H      -5.477824     -2.033181     -1.824914
  H      -4.439791     -0.841141      0.092966
  N      -7.566597     -1.200351     -3.238933
  O      -7.639562     -2.413298     -3.159347
  O      -7.954244     -0.521565     -4.172007
  H     -12.469908     -6.533050     -8.870505
18
Coordinates from ORCA-job para_produtcs_optfreq2 E -476.402601661021
  C      -5.820783      0.821413      0.031446
  C      -6.939754      1.374953     -0.644338
  C      -7.506171      0.730722     -1.714646
  C      -6.953685     -0.492753     -2.115209
  C      -5.852030     -1.078610     -1.477689
  C      -5.292303     -0.416281     -0.414010
  C      -5.202307      1.542626      1.166630
  H      -4.642354      0.878196      1.822901
  H      -5.940275      2.104880      1.740724
  H      -4.489000      2.285175      0.777038
  H      -7.346886      2.317498     -0.303604
  H      -8.353765      1.137159     -2.247063
  H      -5.471343     -2.027966     -1.825607
  H      -4.439434     -0.840527      0.098376
  N      -7.555575     -1.191993     -3.244294
  O      -7.630883     -2.404829     -3.167108
  O      -7.938315     -0.510851     -4.177791
  H     -12.527606     -6.588570     -8.903395
18
Coordinates from ORCA-job para_produtcs_optfreq2 E -476.402619512379
  C      -5.819539      0.822677      0.035861
  C      -6.936478      1.377846     -0.641963
  C      -7.500442      0.735612     -1.714804
  C      -6.947454     -0.487373     -2.115975
  C      -5.847641     -1.074691     -1.476560
  C      -5.290383     -0.414414     -0.410305
  C      -5.204207      1.541827      1.174142
  H      -4.638895      0.877784      1.826055
  H      -5.945836      2.095193      1.752376
  H      -4.497568      2.292396      0.787954
  H      -7.344276      2.320060     -0.301077
  H      -8.346441      1.143482     -2.248662
  H      -5.466422     -2.023572     -1.825223
  H      -4.438995     -0.839821      0.103567
  N      -7.546662     -1.184565     -3.247772
  O      -7.623592     -2.397382     -3.172535
  O      -7.925872     -0.501587     -4.181361
  H     -12.581767     -6.643230     -8.941356
18
Coordinates from ORCA-job para_produtcs_optfreq2 E -476.402638125110
  C      -5.817555      0.824345      0.039814
  C      -6.932449      1.381383     -0.639709
  C      -7.495110      0.740594     -1.714223
  C      -6.942770     -0.482474     -2.115467
  C      -5.844685     -1.071496     -1.474367
  C      -5.288819     -0.412836     -0.406489
  C      -5.204149      1.541637      1.180411
  H      -4.631984      0.878318      1.826861
  H      -5.949133      2.085046      1.764034
  H      -4.505768      2.301167      0.797018
  H      -7.340347      2.323847     -0.299657
  H      -8.339494      1.150463     -2.249109
  H      -5.463871     -2.020353     -1.823539
  H      -4.438782     -0.839338      0.108665
  N      -7.540382     -1.177954     -3.249208
  O      -7.618217     -2.390886     -3.175354
  O      -7.917594     -0.493679     -4.182472
  H     -12.631361     -6.697543     -8.984849
18
Coordinates from ORCA-job para_produtcs_optfreq2 E -476.402657925683
  C      -5.814548      0.826784      0.043144
  C      -6.928384      1.385149     -0.637025
  C      -7.491411      0.744773     -1.711650
  C      -6.940533     -0.478969     -2.112399
  C      -5.843466     -1.069308     -1.470542
  C      -5.287273     -0.411153     -0.402588
  C      -5.200978      1.543551      1.184017
  H      -4.622572      0.881490      1.826008
  H      -5.947497      2.079992      1.772326
  H      -4.509577      2.309571      0.801067
  H      -7.335429      2.328295     -0.297876
  H      -8.334891      1.156024     -2.246901
  H      -5.463822     -2.018679     -1.819555
  H      -4.437982     -0.838450      0.113094
  N      -7.538268     -1.173767     -3.246529
  O      -7.616252     -2.386805     -3.172878
  O      -7.915406     -0.489262     -4.179471
  H     -12.674180     -6.748997     -9.039879
18
Coordinates from ORCA-job para_produtcs_optfreq2 E -476.402679062389
  C      -5.810206      0.830066      0.045675
  C      -6.923885      1.389412     -0.634070
  C      -7.489372      0.748279     -1.706964
  C      -6.941275     -0.476996     -2.106396
  C      -5.844581     -1.068456     -1.464694
  C      -5.285948     -0.409592     -0.398507
  C      -5.194010      1.547708      1.184553
  H      -4.608693      0.887678      1.822173
  H      -5.940400      2.078975      1.777907
  H      -4.509679      2.318934      0.799496
  H      -7.328827      2.333928     -0.296257
  H      -8.332583      1.160564     -2.241839
  H      -5.467279     -2.019085     -1.812753
  H      -4.436831     -0.837462      0.116937
  N      -7.541229     -1.172229     -3.239115
  O      -7.618724     -2.385409     -3.164360
  O      -7.920420     -0.488575     -4.171633
  H     -12.708528     -6.797502     -9.107794
18
Coordinates from ORCA-job para_produtcs_optfreq2 E -476.402700089300
  C      -5.806013      0.833259      0.048309
  C      -6.919706      1.393374     -0.631044
  C      -7.487334      0.751631     -1.702384
  C      -6.941541     -0.475007     -2.100652
  C      -5.845153     -1.067360     -1.459178
  C      -5.284342     -0.407832     -0.394508
  C      -5.187612      1.551935      1.185294
  H      -4.595953      0.894033      1.819099
  H      -5.933849      2.078607      1.783106
  H      -4.509756      2.327790      0.798151
  H      -7.322627      2.339018     -0.293968
  H      -8.330441      1.164455     -2.237004
  H      -5.469790     -2.019104     -1.806246
  H      -4.435379     -0.836310      0.120660
  N      -7.543539     -1.170805     -3.231955
  O      -7.621427     -2.383961     -3.155969
  O      -7.923833     -0.487920     -4.164517
  H     -12.744176     -6.845561     -9.174833
18
Coordinates from ORCA-job para_produtcs_optfreq2 E -476.402721968160
  C      -5.800908      0.836879      0.050416
  C      -6.915178      1.397558     -0.627986
  C      -7.486173      0.754616     -1.696685
  C      -6.943413     -0.473949     -2.093245
  C      -5.846988     -1.067042     -1.452563
  C      -5.282716     -0.406159     -0.390439
  C      -5.179106      1.557591      1.184182
  H      -4.579772      0.902677      1.813715
  H      -5.924575      2.079570      1.787272
  H      -4.508904      2.338278      0.793484
  H      -7.315170      2.344722     -0.291631
  H      -8.329610      1.167538     -2.230708
  H      -5.474158     -2.020351     -1.798044
  H      -4.433604     -0.835270      0.123956
  N      -7.548829     -1.171193     -3.221840
  O      -7.628195     -2.384114     -3.143256
  O      -7.930158     -0.489702     -4.155055
  H     -12.775012     -6.891407     -9.249213
18
Coordinates from ORCA-job para_produtcs_optfreq2 E -476.402742544137
  C      -5.796699      0.839807      0.053111
  C      -6.910761      1.401479     -0.625208
  C      -7.483620      0.758310     -1.692672
  C      -6.943086     -0.471637     -2.088098
  C      -5.847223     -1.065758     -1.447480
  C      -5.280987     -0.404520     -0.386491
  C      -5.173377      1.561475      1.185433
  H      -4.565983      0.909298      1.809909
  H      -5.919500      2.076141      1.794243
  H      -4.511973      2.348880      0.793339
  H      -7.308620      2.349717     -0.289273
  H      -8.326830      1.171690     -2.226699
  H      -5.476164     -2.020134     -1.791944
  H      -4.432243     -0.834586      0.127716
  N      -7.550468     -1.169484     -3.215275
  O      -7.632432     -2.382023     -3.134732
  O      -7.930661     -0.488639     -4.149528
  H     -12.811843     -6.939775     -9.313991
18
Coordinates from ORCA-job para_produtcs_optfreq2 E -476.402762999862
  C      -5.791915      0.842715      0.055511
  C      -6.905507      1.405832     -0.622803
  C      -7.480796      0.762469     -1.688763
  C      -6.943310     -0.469322     -2.082681
  C      -5.848288     -1.064885     -1.442044
  C      -5.279488     -0.403323     -0.382474
  C      -5.166851      1.565410      1.186292
  H      -4.548044      0.916970      1.803207
  H      -5.914304      2.068525      1.803479
  H      -4.518425      2.362875      0.793154
  H      -7.300664      2.355537     -0.287712
  H      -8.323572      1.176696     -2.222820
  H      -5.479575     -2.020642     -1.785254
  H      -4.431288     -0.834721      0.131519
  N      -7.553275     -1.167942     -3.207998
  O      -7.639953     -2.379795     -3.124354
  O      -7.930672     -0.487875     -4.144120
  H     -12.846544     -6.988283     -9.379779
18
Coordinates from ORCA-job para_produtcs_optfreq2 E -476.402782553460
  C      -5.786964      0.845106      0.057922
  C      -6.899212      1.410702     -0.620986
  C      -7.476862      0.767805     -1.685894
  C      -6.943253     -0.466199     -2.078145
  C      -5.849963     -1.064184     -1.436866
  C      -5.278611     -0.402969     -0.378279
  C      -5.160631      1.568235      1.187885
  H      -4.525587      0.924926      1.793260
  H      -5.910629      2.052806      1.817316
  H      -4.531591      2.381094      0.795317
  H      -7.291155      2.362205     -0.287090
  H      -8.318481      1.183768     -2.220433
  H      -5.484153     -2.021548     -1.778795
  H      -4.431612     -0.836502      0.135890
  N      -7.555673     -1.164988     -3.202042
  O      -7.649277     -2.375825     -3.114717
  O      -7.927825     -0.485447     -4.140854
  H     -12.880992     -7.038746     -9.441130
18
Coordinates from ORCA-job para_produtcs_optfreq2 E -476.402783474369
  C      -5.781966      0.845775      0.054794
  C      -6.893209      1.414315     -0.623614
  C      -7.477018      0.770090     -1.684395
  C      -6.950956     -0.468161     -2.072792
  C      -5.859184     -1.069240     -1.431496
  C      -5.281468     -0.406630     -0.377229
  C      -5.150537      1.570685      1.180988
  H      -4.491236      0.935540      1.768318
  H      -5.901646      2.028804      1.829496
  H      -4.550776      2.404628      0.787873
  H      -7.279552      2.369426     -0.293463
  H      -8.317586      1.188778     -2.218465
  H      -5.499266     -2.029864     -1.770540
  H      -4.435341     -0.842344      0.136437
  N      -7.569496     -1.168575     -3.192290
  O      -7.673249     -2.378223     -3.098129
  O      -7.936380     -0.490920     -4.134375
  H     -12.853604     -7.033844     -9.458758
18
Coordinates from ORCA-job para_produtcs_optfreq2 E -476.402793941428
  C      -5.787808      0.846878      0.061511
  C      -6.901024      1.410192     -0.617481
  C      -7.475452      0.767590     -1.684316
  C      -6.937297     -0.463954     -2.078515
  C      -5.842580     -1.059413     -1.437599
  C      -5.274561     -0.398551     -0.376977
  C      -5.164479      1.569680      1.193337
  H      -4.543663      0.922225      1.809225
  H      -5.913743      2.068996      1.811521
  H      -4.519069      2.370098      0.801268
  H      -7.296439      2.359615     -0.281738
  H      -8.318096      1.181450     -2.218875
  H      -5.473059     -2.014826     -1.781049
  H      -4.426677     -0.830478      0.137132
  N      -7.546869     -1.162875     -3.203896
  O      -7.637555     -2.373918     -3.119098
  O      -7.919917     -0.482420     -4.141899
  H     -12.924183     -7.070049     -9.470190
18
Coordinates from ORCA-job para_produtcs_optfreq2 E -476.402809171766
  C      -5.776972      0.849848      0.059102
  C      -6.887290      1.419396     -0.619904
  C      -7.471387      0.775792     -1.680976
  C      -6.946544     -0.463071     -2.068840
  C      -5.855538     -1.064950     -1.426969
  C      -5.277386     -0.402916     -0.372554
  C      -5.146901      1.574192      1.186749
  H      -4.478147      0.942049      1.766479
  H      -5.901042      2.016923      1.842806
  H      -4.560481      2.418906      0.797382
  H      -7.273191      2.375040     -0.290759
  H      -8.311233      1.195476     -2.215398
  H      -5.496115     -2.025848     -1.765867
  H      -4.431898     -0.839612      0.141291
  N      -7.565917     -1.163964     -3.187570
  O      -7.680247     -2.372119     -3.088268
  O      -7.922455     -0.486765     -4.134027
  H     -12.919725     -7.108136     -9.540318
18
Coordinates from ORCA-job para_produtcs_optfreq2 E -476.402810497467
  C      -5.766217      0.851882      0.055656
  C      -6.872299      1.428899     -0.624521
  C      -7.466297      0.784651     -1.679818
  C      -6.956403     -0.462246     -2.060217
  C      -5.870535     -1.071772     -1.416113
  C      -5.281950     -0.408947     -0.367965
  C      -5.129512      1.577605      1.179319
  H      -4.405115      0.967785      1.713173
  H      -5.884437      1.948520      1.879626
  H      -4.617721      2.472400      0.799553
  H      -7.247509      2.391484     -0.303258
  H      -8.302134      1.211331     -2.215010
  H      -5.522411     -2.038694     -1.749720
  H      -4.439820     -0.851219      0.146406
  N      -7.585449     -1.164513     -3.172568
  O      -7.727631     -2.368742     -3.058685
  O      -7.921900     -0.490283     -4.128050
  H     -12.905128     -7.137902     -9.595447
18
Coordinates from ORCA-job para_produtcs_optfreq2 E -476.402812421255
  C      -5.772185      0.848836      0.059271
  C      -6.875843      1.427108     -0.623572
  C      -7.462029      0.787379     -1.685864
  C      -6.946673     -0.455823     -2.070912
  C      -5.862653     -1.066479     -1.424635
  C      -5.282126     -0.408159     -0.369337
  C      -5.143215      1.568065      1.191033
  H      -4.429839      0.951751      1.732439
  H      -5.901977      1.946432      1.882759
  H      -4.617576      2.457679      0.817567
  H      -7.255252      2.386622     -0.298289
  H      -8.295967      1.215088     -2.223185
  H      -5.510170     -2.030405     -1.762081
  H      -4.441678     -0.850864      0.147373
  N      -7.567608     -1.152328     -3.191304
  O      -7.702847     -2.358337     -3.084902
  O      -7.903748     -0.475402     -4.144472
  H     -12.931085     -7.150923     -9.549529
18
Coordinates from ORCA-job para_produtcs_optfreq2 E -476.402810364211
  C      -5.771717      0.847823      0.059315
  C      -6.872476      1.429480     -0.625240
  C      -7.458533      0.791758     -1.688932
  C      -6.945914     -0.452534     -2.073738
  C      -5.864681     -1.066440     -1.425731
  C      -5.284279     -0.410258     -0.369058
  C      -5.144176      1.563986      1.193904
  H      -4.419368      0.951591      1.724385
  H      -5.904363      1.922381      1.895186
  H      -4.635290      2.465978      0.827879
  H      -7.250101      2.390000     -0.300820
  H      -8.290122      1.222473     -2.227527
  H      -5.514128     -2.031033     -1.763358
  H      -4.445759     -0.855250      0.148854
  N      -7.566327     -1.146628     -3.195859
  O      -7.705525     -2.352109     -3.089370
  O      -7.898046     -0.469096     -4.150163
  H     -12.931664     -7.161880     -9.537366
18
Coordinates from ORCA-job para_produtcs_optfreq2 E -476.402805544300
  C      -5.770035      0.846411      0.058978
  C      -6.865434      1.434478     -0.628669
  C      -7.451867      0.800333     -1.694436
  C      -6.944925     -0.446460     -2.078336
  C      -5.868593     -1.066187     -1.427703
  C      -5.287685     -0.413742     -0.368937
  C      -5.145149      1.557039      1.198648
  H      -4.399308      0.952851      1.708817
  H      -5.907045      1.877477      1.917226
  H      -4.667841      2.481207      0.847287
  H      -7.238996      2.397030     -0.305466
  H      -8.279447      1.236069     -2.235215
  H      -5.521932     -2.032265     -1.765234
  H      -4.452665     -0.863181      0.150824
  N      -7.566180     -1.137169     -3.201966
  O      -7.714330     -2.341129     -3.093827
  O      -7.889379     -0.458958     -4.158943
  H     -12.931658     -7.183565     -9.520687
18
Coordinates from ORCA-job para_produtcs_optfreq2 E -476.402800051214
  C      -5.767189      0.845423      0.058291
  C      -6.857238      1.440292     -0.632427
  C      -7.444713      0.809706     -1.699623
  C      -6.944481     -0.440249     -2.081874
  C      -5.873228     -1.066229     -1.428781
  C      -5.290952     -0.417090     -0.368619
  C      -5.144797      1.550723      1.202567
  H      -4.373290      0.959046      1.688277
  H      -5.906035      1.826714      1.941066
  H      -4.706582      2.499545      0.868059
  H      -7.225231      2.405286     -0.310077
  H      -8.268093      1.250397     -2.242815
  H      -5.531168     -2.034234     -1.765466
  H      -4.459623     -0.871273      0.152877
  N      -7.568129     -1.128154     -3.205742
  O      -7.731179     -2.329707     -3.092903
  O      -7.878131     -0.450446     -4.167335
  H     -12.932411     -7.209510     -9.513115
18
Coordinates from ORCA-job para_produtcs_optfreq2 E -476.402793273395
  C      -5.759856      0.846531      0.057226
  C      -6.842616      1.450904     -0.637394
  C      -7.434007      0.824382     -1.704610
  C      -6.945199     -0.431435     -2.082920
  C      -5.880719     -1.065885     -1.427127
  C      -5.293996     -0.420300     -0.366946
  C      -5.140034      1.545540      1.206720
  H      -4.328840      0.977093      1.653794
  H      -5.895746      1.750297      1.975200
  H      -4.765337      2.529107      0.899620
  H      -7.200708      2.420392     -0.317161
  H      -8.251810      1.271533     -2.250965
  H      -5.546249     -2.037424     -1.761426
  H      -4.467539     -0.881454      0.156191
  N      -7.575545     -1.117677     -3.204017
  O      -7.766767     -2.313618     -3.080437
  O      -7.862475     -0.442379     -4.174726
  H     -12.945027     -7.265367     -9.538663
18
Coordinates from ORCA-job para_produtcs_optfreq2 E -476.402803953999
  C      -5.763074      0.848073      0.056990
  C      -6.853208      1.443805     -0.633568
  C      -7.444309      0.811622     -1.697450
  C      -6.948027     -0.441006     -2.076498
  C      -5.876947     -1.067958     -1.424005
  C      -5.290874     -0.416533     -0.367197
  C      -5.138096      1.554084      1.198839
  H      -4.353949      0.969838      1.673294
  H      -5.894901      1.814903      1.947704
  H      -4.716578      2.511384      0.867409
  H      -7.216256      2.410895     -0.311924
  H      -8.267437      1.252336     -2.241048
  H      -5.537862     -2.037854     -1.758080
  H      -4.459369     -0.870969      0.153854
  N      -7.576455     -1.130875     -3.196340
  O      -7.751311     -2.330527     -3.076884
  O      -7.880256     -0.456321     -4.161652
  H     -12.933562     -7.224658     -9.551086
18
Coordinates from ORCA-job para_produtcs_optfreq2 E -476.402810403671
  C      -5.764388      0.848279      0.057214
  C      -6.856851      1.441375     -0.631703
  C      -7.448103      0.807702     -1.694706
  C      -6.949440     -0.443798     -2.074536
  C      -5.876279     -1.068422     -1.423362
  C      -5.290203     -0.415683     -0.367395
  C      -5.137190      1.556708      1.196406
  H      -4.366078      0.965156      1.683138
  H      -5.894412      1.840934      1.935806
  H      -4.694841      2.501665      0.855880
  H      -7.221852      2.407580     -0.309513
  H      -8.273099      1.246450     -2.237021
  H      -5.535956     -2.037809     -1.757721
  H      -4.457086     -0.868239      0.152756
  N      -7.576925     -1.134493     -3.194472
  O      -7.740988     -2.335933     -3.078596
  O      -7.890682     -0.459172     -4.156398
  H     -12.928098     -7.212063     -9.553416
18
Coordinates from ORCA-job para_produtcs_optfreq2 E -476.402814841674
  C      -5.762973      0.849473      0.056051
  C      -6.857606      1.440763     -0.630981
  C      -7.451735      0.804893     -1.691054
  C      -6.953707     -0.447355     -2.069735
  C      -5.878781     -1.070349     -1.420197
  C      -5.289795     -0.415476     -0.367099
  C      -5.131873      1.561397      1.191008
  H      -4.365661      0.967649      1.682873
  H      -5.887408      1.857847      1.927103
  H      -4.680834      2.499731      0.843215
  H      -7.221949      2.407428     -0.309349
  H      -8.278557      1.241892     -2.231964
  H      -5.539356     -2.040509     -1.753301
  H      -4.455294     -0.867064      0.151691
  N      -7.583866     -1.140517     -3.186805
  O      -7.743206     -2.342206     -3.070292
  O      -7.904204     -0.465939     -4.147515
  H     -12.915666     -7.201421     -9.571289
18
Coordinates from ORCA-job para_produtcs_optfreq2 E -476.402816745109
  C      -5.763542      0.849147      0.056339
  C      -6.858959      1.439850     -0.630096
  C      -7.452969      0.803911     -1.690089
  C      -6.954136     -0.447900     -2.069302
  C      -5.878684     -1.070463     -1.420258
  C      -5.289790     -0.415422     -0.367203
  C      -5.131712      1.561739      1.190370
  H      -4.369719      0.966008      1.686330
  H      -5.886933      1.866918      1.922969
  H      -4.673691      2.495616      0.839155
  H      -7.223671      2.406091     -0.307628
  H      -8.280314      1.240283     -2.230694
  H      -5.538897     -2.040416     -1.753527
  H      -4.454926     -0.866643      0.151286
  N      -7.584023     -1.140914     -3.186662
  O      -7.740128     -2.343176     -3.071283
  O      -7.907050     -0.466356     -4.146376
  H     -12.913323     -7.198033     -9.570970
18
Coordinates from ORCA-job para_produtcs_optfreq2 E -476.402819031531
  C      -5.763370      0.848571      0.056550
  C      -6.859655      1.439313     -0.628843
  C      -7.454623      0.803605     -1.688258
  C      -6.956016     -0.448289     -2.067971
  C      -5.880203     -1.071009     -1.419915
  C      -5.290226     -0.416025     -0.367297
  C      -5.129715      1.562235      1.188773
  H      -4.371633      0.964872      1.688707
  H      -5.883866      1.877570      1.917915
  H      -4.664678      2.491094      0.832725
  H      -7.223675      2.405405     -0.305105
  H      -8.282564      1.239453     -2.228374
  H      -5.540948     -2.041171     -1.753108
  H      -4.455111     -0.867628      0.150470
  N      -7.586968     -1.141147     -3.184949
  O      -7.739894     -2.343757     -3.070728
  O      -7.913344     -0.466685     -4.143631
  H     -12.905982     -7.196167     -9.574602
18
Coordinates from ORCA-job para_produtcs_optfreq2 E -476.402818482439
  C      -5.762936      0.847826      0.056931
  C      -6.858819      1.439797     -0.628321
  C      -7.454234      0.805252     -1.688080
  C      -6.956545     -0.446962     -2.068310
  C      -5.881324     -1.070802     -1.420552
  C      -5.290769     -0.416833     -0.367483
  C      -5.129014      1.561067      1.189265
  H      -4.370168      0.964116      1.688482
  H      -5.882973      1.876059      1.918762
  H      -4.664952      2.490417      0.833034
  H      -7.221876      2.405970     -0.303678
  H      -8.281886      1.241620     -2.228225
  H      -5.542728     -2.041133     -1.753973
  H      -4.456135     -0.869683      0.149997
  N      -7.588327     -1.139088     -3.185343
  O      -7.742775     -2.341300     -3.071142
  O      -7.913214     -0.464399     -4.144513
  H     -12.903796     -7.201685     -9.574492
