18
Coordinates from ORCA-job meta_products_optfreq_9
  C   -2.73168900614240      2.84319206041353     -1.31070248201259
  C   -3.87790620769502      2.39128458308918     -0.58646061053270
  C   -4.32403427040844      1.10219251092189     -0.77312726762623
  C   -3.69534962677243      0.20841473362715     -1.66135775350940
  C   -2.56297680561672      0.64973845266933     -2.38039478306050
  C   -2.08918767627612      1.93979228409097     -2.20600051581475
  C   -2.25466173240765      4.23797170101408     -1.14186110272189
  H   -4.09467187208651     -0.80063504687667     -1.77460473458570
  H   -4.40858248491181      3.05168192454922      0.10157181938436
  H   -1.26964128723365      4.40798038316802     -1.59617278406301
  H   -2.23439344666541      4.52735111281944     -0.07631913254741
  H   -2.97378060405599      4.93801076630765     -1.61727928639753
  H   -1.21043077126947      2.28034358327867     -2.75818480277810
  H   -2.06708900673466     -0.03383015759152     -3.07257516980908
  N   -5.48547974969356      0.61889575425182      0.01080347484365
  O   -5.68833190979657     -0.58331488665366     -0.01150218341238
  O   -6.13284632932500      1.44562349152840      0.61878305947144
  H   -16.68119721290812     -5.30069325060768      3.79684425517194
