18
Coordinates from ORCA-job meta_products_optfreq_9 E -475.486139449679
  C      -2.949494      2.755403     -1.203134
  C      -4.114418      2.246184     -0.612879
  C      -4.488383      0.925628     -0.854182
  C      -3.743057      0.071821     -1.668995
  C      -2.585412      0.578004     -2.256097
  C      -2.195619      1.901524     -2.024513
  C      -2.531840      4.184246     -0.962424
  H      -4.076629     -0.952418     -1.826638
  H      -4.738984      2.859791      0.035620
  H      -1.543155      4.393280     -1.395505
  H      -2.487639      4.410464      0.114841
  H      -3.251741      4.888127     -1.413314
  H      -1.282614      2.280562     -2.492088
  H      -1.977954     -0.062437     -2.899033
  N      -5.720629      0.411607     -0.224836
  O      -6.027241     -0.751666     -0.440428
  O      -6.367456      1.176335      0.476450
  H     -13.699985     -3.392453      3.208617
18
Coordinates from ORCA-job meta_products_optfreq_9 E -475.486237580387
  C      -2.953508      2.752816     -1.201452
  C      -4.117688      2.242819     -0.610516
  C      -4.491512      0.922484     -0.852424
  C      -3.746888      0.069267     -1.668274
  C      -2.588951      0.575689     -2.254666
  C      -2.199431      1.899468     -2.023009
  C      -2.538437      4.182178     -0.960407
  H      -4.080235     -0.955603     -1.825508
  H      -4.742894      2.857051      0.038157
  H      -1.549847      4.393574     -1.392672
  H      -2.495746      4.408575      0.117112
  H      -3.259663      4.884591     -1.411088
  H      -1.287095      2.279106     -2.490774
  H      -1.981312     -0.064963     -2.897889
  N      -5.722591      0.408244     -0.222371
  O      -6.031421     -0.753620     -0.441523
  O      -6.366268      1.171996      0.481723
  H     -13.628762     -3.349672      3.177042
18
Coordinates from ORCA-job meta_products_optfreq_9 E -475.486334199479
  C      -2.957353      2.750302     -1.200120
  C      -4.120923      2.239679     -0.608426
  C      -4.494657      0.919433     -0.850444
  C      -3.750340      0.066634     -1.666971
  C      -2.592645      0.573483     -2.253499
  C      -2.203279      1.897465     -2.021966
  C      -2.544894      4.180156     -0.958574
  H      -4.083435     -0.958596     -1.823734
  H      -4.745979      2.854445      0.040456
  H      -1.556226      4.394102     -1.389455
  H      -2.504342      4.406731      0.119118
  H      -3.267393      4.881109     -1.409320
  H      -1.291485      2.277672     -2.490025
  H      -1.985132     -0.067372     -2.896957
  N      -5.724810      0.404752     -0.219470
  O      -6.036114     -0.755604     -0.443013
  O      -6.364954      1.166793      0.488902
  H     -13.558291     -3.307183      3.144958
18
Coordinates from ORCA-job meta_products_optfreq_9 E -475.486431215151
  C      -2.961180      2.747824     -1.199135
  C      -4.123966      2.236380     -0.606315
  C      -4.497465      0.916128     -0.848164
  C      -3.753270      0.063867     -1.665467
  C      -2.596248      0.571433     -2.252647
  C      -2.207200      1.895679     -2.021472
  C      -2.551806      4.178268     -0.956946
  H      -4.085999     -0.961609     -1.821770
  H      -4.748230      2.851603      0.043057
  H      -1.562902      4.395271     -1.385758
  H      -2.514253      4.405100      0.120868
  H      -3.275680      4.877496     -1.408135
  H      -1.296048      2.276655     -2.490038
  H      -1.989060     -0.069556     -2.896407
  N      -5.726567      0.400622     -0.215863
  O      -6.040995     -0.757827     -0.445294
  O      -6.362252      1.159977      0.498836
  H     -13.489128     -3.263310      3.112109
18
Coordinates from ORCA-job meta_products_optfreq_9 E -475.486528659060
  C      -2.965236      2.745434     -1.198261
  C      -4.126982      2.232860     -0.603961
  C      -4.499957      0.912518     -0.845552
  C      -3.755805      0.061021     -1.663876
  C      -2.599819      0.569619     -2.252065
  C      -2.211387      1.894200     -2.021350
  C      -2.559032      4.176529     -0.955524
  H      -4.088032     -0.964655     -1.819860
  H      -4.750076      2.848326      0.046277
  H      -1.569747      4.396532     -1.381898
  H      -2.524910      4.403778      0.122344
  H      -3.284080      4.873955     -1.407677
  H      -1.301053      2.276185     -2.490666
  H      -1.993028     -0.071315     -2.896278
  N      -5.727768      0.395817     -0.211613
  O      -6.045560     -0.760518     -0.447510
  O      -6.358661      1.151873      0.510481
  H     -13.421117     -3.218158      3.078449
18
Coordinates from ORCA-job meta_products_optfreq_9 E -475.486627151179
  C      -2.969759      2.743224     -1.197523
  C      -4.129948      2.228926     -0.601089
  C      -4.501856      0.908325     -0.842302
  C      -3.757634      0.058031     -1.662121
  C      -2.603424      0.568303     -2.252086
  C      -2.216153      1.893347     -2.021944
  C      -2.566813      4.175079     -0.954456
  H      -4.089043     -0.967781     -1.817996
  H      -4.751219      2.844171      0.050690
  H      -1.576851      4.397830     -1.377745
  H      -2.536881      4.403084      0.123326
  H      -3.292573      4.870600     -1.408610
  H      -1.306988      2.276798     -2.492495
  H      -1.997169     -0.072168     -2.897099
  N      -5.727858      0.389676     -0.206107
  O      -6.049119     -0.764379     -0.449119
  O      -6.353607      1.141468      0.524978
  H     -13.355355     -3.170534      3.043156
18
Coordinates from ORCA-job meta_products_optfreq_9 E -475.486726839838
  C      -2.974716      2.741170     -1.196701
  C      -4.132828      2.224643     -0.597586
  C      -4.503272      0.903657     -0.838462
  C      -3.759040      0.054966     -1.660280
  C      -2.607137      0.567415     -2.252574
  C      -2.221473      1.893008     -2.022989
  C      -2.574951      4.173865     -0.953678
  H      -4.089344     -0.970994     -1.816186
  H      -4.752035      2.839209      0.056217
  H      -1.584149      4.398870     -1.373710
  H      -2.549429      4.402983      0.123886
  H      -3.300989      4.867455     -1.410608
  H      -1.313816      2.278283     -2.495208
  H      -2.001491     -0.072174     -2.898772
  N      -5.727039      0.382491     -0.199604
  O      -6.051589     -0.769296     -0.449672
  O      -6.347715      1.129526      0.540970
  H     -13.291237     -3.121076      3.006418
18
Coordinates from ORCA-job meta_products_optfreq_9 E -475.486829107692
  C      -2.980631      2.739473     -1.195736
  C      -4.135758      2.219801     -0.593065
  C      -4.503888      0.898146     -0.833622
  C      -3.759724      0.051784     -1.658285
  C      -2.611187      0.567401     -2.254047
  C      -2.227992      1.893699     -2.024945
  C      -2.583576      4.173071     -0.953333
  H      -4.088328     -0.974366     -1.814459
  H      -4.752493      2.832687      0.063749
  H      -1.591501      4.399063     -1.369694
  H      -2.562893      4.403933      0.123779
  H      -3.308785      4.864908     -1.414618
  H      -1.322446      2.281439     -2.499608
  H      -2.006257     -0.070462     -2.902178
  N      -5.724498      0.373329     -0.191211
  O      -6.051237     -0.776709     -0.447239
  O      -6.340854      1.115119      0.559014
  H     -13.230201     -3.068316      2.966959
18
Coordinates from ORCA-job meta_products_optfreq_9 E -475.486933972137
  C      -2.987140      2.737997     -1.194532
  C      -4.138765      2.214726     -0.587920
  C      -4.504164      0.892250     -0.828266
  C      -3.760236      0.048612     -1.656266
  C      -2.615577      0.567888     -2.256042
  C      -2.235278      1.894933     -2.027265
  C      -2.592207      4.172463     -0.953133
  H      -4.086811     -0.977784     -1.812840
  H      -4.753114      2.825255      0.072357
  H      -1.598664      4.398360     -1.365918
  H      -2.576166      4.405385      0.123393
  H      -3.315825      4.862842     -1.419490
  H      -1.332195      2.285430     -2.504802
  H      -2.011406     -0.067701     -2.906621
  N      -5.721135      0.363248     -0.181890
  O      -6.048626     -0.785858     -0.441839
  O      -6.334533      1.100195      0.576518
  H     -13.170407     -3.014240      2.926015
18
Coordinates from ORCA-job meta_products_optfreq_9 E -475.487043600988
  C      -2.994430      2.736828     -1.192867
  C      -4.141988      2.209543     -0.582003
  C      -4.504216      0.886067     -0.822317
  C      -3.760865      0.045536     -1.654184
  C      -2.620606      0.568949     -2.258587
  C      -2.243621      1.896745     -2.029857
  C      -2.600429      4.172036     -0.953084
  H      -4.085032     -0.981219     -1.811264
  H      -4.754381      2.816771      0.082213
  H      -1.605250      4.396012     -1.362871
  H      -2.588179      4.407404      0.122708
  H      -3.321383      4.861564     -1.425184
  H      -1.343376      2.290219     -2.510759
  H      -2.017205     -0.063671     -2.912270
  N      -5.717006      0.352404     -0.171587
  O      -6.042771     -0.797239     -0.431813
  O      -6.329904      1.085729      0.591951
  H     -13.111609     -2.959678      2.883235
18
Coordinates from ORCA-job meta_products_optfreq_9 E -475.487160360482
  C      -3.002413      2.735992     -1.190460
  C      -4.145670      2.204758     -0.575533
  C      -4.504629      0.880168     -0.816082
  C      -3.762428      0.042770     -1.652028
  C      -2.626594      0.570322     -2.261258
  C      -2.252968      1.898759     -2.032158
  C      -2.607263      4.171606     -0.953048
  H      -4.083988     -0.984528     -1.809593
  H      -4.757283      2.807719      0.092722
  H      -1.610453      4.391005     -1.361314
  H      -2.596741      4.409665      0.121942
  H      -3.324313      4.861385     -1.430926
  H      -1.355719      2.295013     -2.516680
  H      -2.023851     -0.058755     -2.918597
  N      -5.713032      0.341979     -0.161037
  O      -6.033527     -0.810354     -0.415803
  O      -6.329304      1.074327      0.601968
  H     -13.052074     -2.907832      2.839343
18
Coordinates from ORCA-job meta_products_optfreq_9 E -475.487283641230
  C      -3.009900      2.735079     -1.187527
  C      -4.149914      2.201198     -0.569966
  C      -4.506569      0.875732     -0.810948
  C      -3.765894      0.040496     -1.649987
  C      -2.633068      0.570874     -2.262724
  C      -2.261740      1.899647     -2.032934
  C      -2.611981      4.170641     -0.952479
  H      -4.085450     -0.987440     -1.807776
  H      -4.762360      2.800200      0.101209
  H      -1.613894      4.384183     -1.360789
  H      -2.601023      4.410911      0.121911
  H      -3.324940      4.861631     -1.434652
  H      -1.366746      2.297599     -2.520226
  H      -2.030650     -0.055212     -2.923183
  N      -5.711611      0.334633     -0.152826
  O      -6.025144     -0.821490     -0.398221
  O      -6.333805      1.068868      0.604244
  H     -12.987560     -2.863550      2.798333
18
Coordinates from ORCA-job meta_products_optfreq_9 E -475.594973507333
  C      -3.015820      2.733747     -1.184246
  C      -4.154614      2.199439     -0.566302
  C      -4.510808      0.873619     -0.807867
  C      -3.771917      0.038819     -1.648158
  C      -2.639615      0.569731     -2.262040
  C      -2.268638      1.898398     -2.031356
  C      -2.614058      4.168736     -0.950907
  H      -4.090743     -0.989778     -1.805743
  H      -4.769838      2.795846      0.105733
  H      -1.615252      4.376396     -1.360664
  H      -2.600733      4.410189      0.123296
  H      -3.323585      4.861718     -1.434833
  H      -1.374535      2.296326     -2.519819
  H      -2.037091     -0.054794     -2.924347
  N      -5.714597      0.332442     -0.149012
  O      -6.020864     -0.827813     -0.382441
  O      -6.344341      1.071718      0.596517
  H     -12.915200     -2.830736      2.763648
18
Coordinates from ORCA-job meta_products_optfreq_9 E -475.595309150900
  C      -3.015553      2.733145     -1.176504
  C      -4.164879      2.209039     -0.568993
  C      -4.527712      0.886133     -0.812540
  C      -3.792631      0.043170     -1.645849
  C      -2.646128      0.563306     -2.251534
  C      -2.266664      1.888057     -2.018043
  C      -2.595384      4.160928     -0.945155
  H      -4.115685     -0.988055     -1.800046
  H      -4.799948      2.804559      0.094008
  H      -1.599753      4.350736     -1.371713
  H      -2.561006      4.398590      0.131265
  H      -3.301042      4.864786     -1.417030
  H      -1.367515      2.276441     -2.500700
  H      -2.040028     -0.064579     -2.911264
  N      -5.741606      0.359919     -0.168560
  O      -6.027712     -0.811083     -0.359975
  O      -6.398555      1.128088      0.514763
  H     -12.820449     -2.879181      2.769328
18
Coordinates from ORCA-job meta_products_optfreq_9 E -475.596485494568
  C      -3.010250      2.729663     -1.171055
  C      -4.182666      2.216577     -0.579401
  C      -4.552622      0.901776     -0.828374
  C      -3.813597      0.052893     -1.657398
  C      -2.640888      0.557769     -2.241152
  C      -2.251114      1.874635     -2.002925
  C      -2.587701      4.149069     -0.938031
  H      -4.152921     -0.972329     -1.827229
  H      -4.829842      2.819888      0.067833
  H      -1.581539      4.332577     -1.341155
  H      -2.585044      4.391805      0.139508
  H      -3.281847      4.853978     -1.428365
  H      -1.340960      2.253641     -2.470246
  H      -2.033183     -0.077040     -2.893588
  N      -5.764258      0.376427     -0.180194
  O      -6.038469     -0.797305     -0.363197
  O      -6.422066      1.148944      0.491286
  H     -12.713283     -2.888967      2.785142
18
Coordinates from ORCA-job meta_products_optfreq_9 E -475.597727036711
  C      -2.992654      2.725831     -1.184083
  C      -4.182881      2.213320     -0.579241
  C      -4.556872      0.911144     -0.826425
  C      -3.809930      0.062921     -1.665552
  C      -2.625487      0.560440     -2.251300
  C      -2.225392      1.866787     -2.016108
  C      -2.602095      4.137761     -0.942968
  H      -4.168553     -0.949588     -1.853943
  H      -4.799932      2.837022      0.068368
  H      -1.583968      4.360515     -1.288394
  H      -2.689291      4.391223      0.128722
  H      -3.302034      4.820095     -1.467683
  H      -1.308502      2.246068     -2.473660
  H      -2.030987     -0.088971     -2.896373
  N      -5.760464      0.368745     -0.157333
  O      -6.046979     -0.790611     -0.405692
  O      -6.370226      1.105651      0.593155
  H     -12.726003     -2.854353      2.779969
18
Coordinates from ORCA-job meta_products_optfreq_9 E -475.597878156909
  C      -2.983801      2.726404     -1.178742
  C      -4.186369      2.224617     -0.582989
  C      -4.569335      0.926441     -0.832379
  C      -3.827012      0.071465     -1.667070
  C      -2.630219      0.557081     -2.246999
  C      -2.218429      1.857348     -2.007812
  C      -2.575747      4.129815     -0.936085
  H      -4.191093     -0.941481     -1.852890
  H      -4.813158      2.851673      0.057003
  H      -1.561559      4.343725     -1.298618
  H      -2.650922      4.382556      0.137671
  H      -3.278499      4.820347     -1.446938
  H      -1.296454      2.228729     -2.458755
  H      -2.038351     -0.098622     -2.890678
  N      -5.786833      0.395502     -0.176669
  O      -6.028396     -0.785343     -0.354798
  O      -6.442259      1.172249      0.484099
  H     -12.703814     -2.938504      2.814107
18
Coordinates from ORCA-job meta_products_optfreq_9 E -475.597942044271
  C      -2.986883      2.727271     -1.180614
  C      -4.176901      2.215719     -0.567336
  C      -4.554938      0.914253     -0.812666
  C      -3.815784      0.065101     -1.655292
  C      -2.637011      0.562894     -2.259454
  C      -2.231446      1.866361     -2.025728
  C      -2.582104      4.133733     -0.941642
  H      -4.168024     -0.953246     -1.827583
  H      -4.790358      2.838477      0.086385
  H      -1.574340      4.355276     -1.316653
  H      -2.650080      4.389687      0.131106
  H      -3.295346      4.819186     -1.446293
  H      -1.320185      2.247465     -2.491668
  H      -2.052104     -0.089151     -2.911789
  N      -5.772866      0.378432     -0.155443
  O      -6.010553     -0.803531     -0.332782
  O      -6.431495      1.154296      0.506471
  H     -12.731835     -2.898224      2.762443
18
Coordinates from ORCA-job meta_products_optfreq_9 E -475.597970348310
  C      -2.980673      2.727942     -1.182177
  C      -4.169333      2.217314     -0.568028
  C      -4.549207      0.916309     -0.813809
  C      -3.809890      0.066169     -1.654764
  C      -2.634327      0.564385     -2.262414
  C      -2.228285      1.868292     -2.029608
  C      -2.577351      4.135176     -0.942345
  H      -4.158480     -0.954252     -1.820585
  H      -4.780240      2.842996      0.084681
  H      -1.573757      4.362205     -1.324748
  H      -2.638811      4.389711      0.131005
  H      -3.297390      4.819301     -1.438926
  H      -1.318718      2.251116     -2.497907
  H      -2.051782     -0.088786     -2.915390
  N      -5.770349      0.382728     -0.159008
  O      -6.006121     -0.800079     -0.331855
  O      -6.432745      1.160291      0.497373
  H     -12.804790     -2.936818      2.789965
18
Coordinates from ORCA-job meta_products_optfreq_9 E -475.597993066236
  C      -2.974478      2.729127     -1.183751
  C      -4.166665      2.221954     -0.574257
  C      -4.548809      0.921864     -0.820771
  C      -3.808553      0.069454     -1.658596
  C      -2.629500      0.564455     -2.261754
  C      -2.220722      1.867438     -2.027570
  C      -2.570300      4.135583     -0.941444
  H      -4.158923     -0.950466     -1.824807
  H      -4.778899      2.850505      0.074955
  H      -1.567406      4.364176     -1.324795
  H      -2.629894      4.387558      0.132827
  H      -3.291871      4.820986     -1.433723
  H      -1.308416      2.248106     -2.492009
  H      -2.046556     -0.090784     -2.912593
  N      -5.772225      0.391190     -0.168330
  O      -6.004705     -0.793418     -0.333587
  O      -6.439083      1.172380      0.478352
  H     -12.865246     -2.986110      2.833312
18
Coordinates from ORCA-job meta_products_optfreq_9 E -475.597857186857
  C      -2.983109      2.731687     -1.189411
  C      -4.160144      2.218202     -0.555806
  C      -4.534589      0.918220     -0.797450
  C      -3.796344      0.068341     -1.641403
  C      -2.642561      0.576868     -2.286571
  C      -2.240212      1.879095     -2.057375
  C      -2.566650      4.130195     -0.946670
  H      -4.120485     -0.965068     -1.775887
  H      -4.760320      2.843980      0.106611
  H      -1.579078      4.358185     -1.366998
  H      -2.590746      4.377464      0.130546
  H      -3.304992      4.820686     -1.409310
  H      -1.343826      2.272983     -2.541393
  H      -2.075299     -0.073224     -2.955256
  N      -5.751485      0.384539     -0.136571
  O      -5.935190     -0.815497     -0.228585
  O      -6.464515      1.176240      0.446447
  H     -12.932706     -2.978895      2.766541
18
Coordinates from ORCA-job meta_products_optfreq_9 E -475.598019760592
  C      -2.971377      2.731285     -1.185780
  C      -4.163241      2.225384     -0.575019
  C      -4.545223      0.925742     -0.821205
  C      -3.805084      0.072204     -1.658517
  C      -2.628217      0.567596     -2.266804
  C      -2.218914      1.869815     -2.032506
  C      -2.562828      4.135594     -0.942379
  H      -4.151810     -0.950070     -1.819106
  H      -4.774959      2.854737      0.074233
  H      -1.564038      4.363813     -1.336316
  H      -2.609913      4.383713      0.133678
  H      -3.289233      4.824043     -1.423403
  H      -1.307856      2.251339     -2.498442
  H      -2.047847     -0.087552     -2.920090
  N      -5.767926      0.396313     -0.168351
  O      -5.983857     -0.794804     -0.306882
  O      -6.451324      1.183761      0.452782
  H     -12.938605     -3.028911      2.855567
18
Coordinates from ORCA-job meta_products_optfreq_9 E -475.598043401418
  C      -2.965921      2.732974     -1.187394
  C      -4.160322      2.229429     -0.580070
  C      -4.543898      0.930280     -0.826757
  C      -3.803198      0.075280     -1.662323
  C      -2.623318      0.568061     -2.266121
  C      -2.212209      1.869774     -2.030962
  C      -2.557139      4.137269     -0.943188
  H      -4.152522     -0.945723     -1.825199
  H      -4.772975      2.860666      0.066484
  H      -1.558745      4.366424     -1.337595
  H      -2.602036      4.383113      0.133578
  H      -3.284569      4.826564     -1.421003
  H      -1.298840      2.249313     -2.493966
  H      -2.042079     -0.088408     -2.917354
  N      -5.767111      0.402146     -0.174565
  O      -5.981692     -0.789809     -0.309802
  O      -6.452050      1.190570      0.443376
  H     -13.003626     -3.073924      2.894323
18
Coordinates from ORCA-job meta_products_optfreq_9 E -475.598065207498
  C      -2.963249      2.736049     -1.189531
  C      -4.158042      2.232460     -0.582651
  C      -4.540859      0.932913     -0.828889
  C      -3.800130      0.078090     -1.665619
  C      -2.618592      0.569868     -2.266279
  C      -2.208052      1.871783     -2.031349
  C      -2.554044      4.140989     -0.947751
  H      -4.152720     -0.940674     -1.833783
  H      -4.771185      2.863180      0.063301
  H      -1.556109      4.368780     -1.344075
  H      -2.593636      4.384657      0.129700
  H      -3.282071      4.831236     -1.422831
  H      -1.293593      2.250137     -2.493475
  H      -2.035858     -0.086111     -2.916340
  N      -5.759774      0.402219     -0.172457
  O      -5.974438     -0.789919     -0.309919
  O      -6.442084      1.187411      0.453226
  H     -13.077815     -3.109068      2.920183
18
Coordinates from ORCA-job meta_products_optfreq_9 E -475.598088836566
  C      -2.958816      2.738335     -1.191377
  C      -4.153406      2.235495     -0.583913
  C      -4.536926      0.935975     -0.829705
  C      -3.797047      0.080548     -1.666669
  C      -2.615957      0.571622     -2.268278
  C      -2.204720      1.873451     -2.033686
  C      -2.548139      4.143178     -0.950377
  H      -4.149859     -0.938224     -1.834029
  H      -4.766210      2.866858      0.061649
  H      -1.553263      4.371797     -1.353733
  H      -2.579401      4.384612      0.127900
  H      -3.279973      4.834289     -1.418085
  H      -1.290488      2.251529     -2.496552
  H      -2.034019     -0.084711     -2.918642
  N      -5.755784      0.405641     -0.172556
  O      -5.964348     -0.788674     -0.300078
  O      -6.443907      1.192956      0.444118
  H     -13.149987     -3.150677      2.945475
18
Coordinates from ORCA-job meta_products_optfreq_9 E -475.598111663339
  C      -2.955945      2.741395     -1.194053
  C      -4.148196      2.238106     -0.582685
  C      -4.531275      0.938367     -0.826872
  C      -3.793279      0.082693     -1.665461
  C      -2.615259      0.574486     -2.272533
  C      -2.204399      1.876454     -2.039379
  C      -2.542242      4.145515     -0.954868
  H      -4.144991     -0.936858     -1.830120
  H      -4.759885      2.868594      0.064631
  H      -1.552528      4.374158     -1.370488
  H      -2.559933      4.384149      0.124409
  H      -3.279622      4.838083     -1.411642
  H      -1.292117      2.255273     -2.505621
  H      -2.035174     -0.081247     -2.924975
  N      -5.748427      0.407245     -0.166368
  O      -5.946581     -0.790232     -0.277977
  O      -6.445063      1.197217      0.437519
  H     -13.227335     -3.189399      2.957942
18
Coordinates from ORCA-job meta_products_optfreq_9 E -475.598133459178
  C      -2.951300      2.743590     -1.196213
  C      -4.143823      2.241646     -0.584768
  C      -4.527897      0.942093     -0.828378
  C      -3.790720      0.085274     -1.666680
  C      -2.612602      0.575808     -2.274108
  C      -2.200686      1.877586     -2.041358
  C      -2.536075      4.147427     -0.957364
  H      -4.143110     -0.934154     -1.830527
  H      -4.755351      2.872986      0.061851
  H      -1.549268      4.376973     -1.379265
  H      -2.546038      4.383550      0.122639
  H      -3.276832      4.841009     -1.406855
  H      -1.288196      2.255593     -2.507874
  H      -2.033134     -0.080550     -2.926442
  N      -5.744960      0.411831     -0.166846
  O      -5.937925     -0.787316     -0.269209
  O      -6.446280      1.203759      0.428961
  H     -13.298054     -3.233106      2.983897
18
Coordinates from ORCA-job meta_products_optfreq_9 E -475.598154727398
  C      -2.946865      2.745949     -1.199168
  C      -4.139140      2.245455     -0.586604
  C      -4.524166      0.946019     -0.828901
  C      -3.788328      0.087670     -1.667079
  C      -2.610640      0.576911     -2.275925
  C      -2.197714      1.878635     -2.044359
  C      -2.530013      4.149426     -0.960823
  H      -4.141488     -0.931727     -1.829385
  H      -4.750167      2.877432      0.059853
  H      -1.546667      4.380157     -1.390034
  H      -2.531025      4.382659      0.119942
  H      -3.274735      4.844034     -1.401881
  H      -1.285367      2.255658     -2.511976
  H      -2.032047     -0.080043     -2.928398
  N      -5.740351      0.416700     -0.164839
  O      -5.929015     -0.783839     -0.258933
  O      -6.444611      1.210452      0.424958
  H     -13.369912     -3.277547      3.005014
18
Coordinates from ORCA-job meta_products_optfreq_9 E -475.598174919964
  C      -2.942575      2.748522     -1.203475
  C      -4.133345      2.249529     -0.587236
  C      -4.519391      0.950000     -0.826713
  C      -3.786216      0.089694     -1.665578
  C      -2.610188      0.577669     -2.278265
  C      -2.196210      1.879619     -2.049514
  C      -2.524289      4.151772     -0.966624
  H      -4.140399     -0.929795     -1.825097
  H      -4.742966      2.882060      0.060053
  H      -1.545596      4.384430     -1.405289
  H      -2.513804      4.381826      0.114903
  H      -3.274431      4.847027     -1.397076
  H      -1.284994      2.255495     -2.520239
  H      -2.033328     -0.079911     -2.931648
  N      -5.733196      0.421790     -0.157358
  O      -5.919918     -0.779549     -0.245918
  O      -6.436849      1.216977      0.430998
  H     -13.444555     -3.323154      3.015537
18
Coordinates from ORCA-job meta_products_optfreq_9 E -475.598193451223
  C      -2.938471      2.751276     -1.208955
  C      -4.126074      2.253440     -0.585817
  C      -4.513151      0.953509     -0.820923
  C      -3.784232      0.091398     -1.661911
  C      -2.611429      0.578395     -2.281368
  C      -2.196394      1.880857     -2.057121
  C      -2.519195      4.154660     -0.975249
  H      -4.139514     -0.928329     -1.817588
  H      -4.732902      2.886698      0.063483
  H      -1.546441      4.389900     -1.425568
  H      -2.494504      4.381769      0.106852
  H      -3.276248      4.849891     -1.393111
  H      -1.287629      2.255766     -2.533280
  H      -2.037561     -0.079918     -2.936707
  N      -5.722909      0.426335     -0.143646
  O      -5.910260     -0.775186     -0.229721
  O      -6.422609      1.222292      0.448057
  H     -13.522726     -3.368752      3.014030
18
Coordinates from ORCA-job meta_products_optfreq_9 E -475.598208872198
  C      -2.935029      2.754381     -1.216455
  C      -4.116255      2.256811     -0.580684
  C      -4.504143      0.955914     -0.808776
  C      -3.782255      0.092440     -1.654426
  C      -2.615759      0.579245     -2.286072
  C      -2.199979      1.882777     -2.069246
  C      -2.515463      4.158489     -0.988610
  H      -4.138247     -0.927995     -1.804068
  H      -4.717720      2.890828      0.073003
  H      -1.551134      4.397341     -1.454844
  H      -2.471621      4.383113      0.093642
  H      -3.282040      4.852598     -1.390248
  H      -1.296211      2.257306     -2.555027
  H      -2.047120     -0.079896     -2.945234
  N      -5.706900      0.429413     -0.118967
  O      -5.898583     -0.771375     -0.206979
  O      -6.397297      1.225169      0.483539
  H     -13.606493     -3.412558      2.990912
18
Coordinates from ORCA-job meta_products_optfreq_9 E -475.598221388252
  C      -2.932235      2.757634     -1.224811
  C      -4.104543      2.259271     -0.572497
  C      -4.492910      0.956978     -0.792120
  C      -3.779991      0.093075     -1.644498
  C      -2.622164      0.580536     -2.292009
  C      -2.206106      1.885493     -2.084271
  C      -2.513091      4.163049     -1.004987
  H      -4.135973     -0.928461     -1.786980
  H      -4.698625      2.894184      0.087227
  H      -1.559004      4.405834     -1.489857
  H      -2.446974      4.386132      0.076701
  H      -3.290500      4.855127     -1.388433
  H      -1.309386      2.260487     -2.582472
  H      -2.060539     -0.079536     -2.956367
  N      -5.686741      0.430615     -0.087204
  O      -5.884744     -0.768813     -0.179390
  O      -6.365046      1.225400      0.529990
  H     -13.693679     -3.453006      2.953441
18
Coordinates from ORCA-job meta_products_optfreq_9 E -475.598235790346
  C      -2.928992      2.760517     -1.231022
  C      -4.094338      2.261472     -0.566165
  C      -4.483311      0.958128     -0.779584
  C      -3.777531      0.094415     -1.637382
  C      -2.626458      0.582303     -2.297060
  C      -2.209984      1.888175     -2.095896
  C      -2.509820      4.167028     -1.017793
  H      -4.133107     -0.928004     -1.774716
  H      -4.682089      2.897683      0.098042
  H      -1.564184      4.412187     -1.517739
  H      -2.425639      4.389379      0.062953
  H      -3.295206      4.857719     -1.386810
  H      -1.318814      2.263817     -2.603419
  H      -2.070847     -0.078946     -2.965356
  N      -5.670710      0.432011     -0.063735
  O      -5.871554     -0.766753     -0.156026
  O      -6.342050      1.226764      0.561204
  H     -13.777616     -3.493894      2.931962
18
Coordinates from ORCA-job meta_products_optfreq_9 E -475.598250436414
  C      -2.926168      2.763494     -1.236367
  C      -4.085636      2.263814     -0.561555
  C      -4.474799      0.959658     -0.770047
  C      -3.774602      0.095928     -1.632062
  C      -2.629281      0.584254     -2.301598
  C      -2.212949      1.890911     -2.105684
  C      -2.506370      4.170685     -1.028280
  H      -4.129523     -0.927226     -1.765242
  H      -4.668266      2.900589      0.106453
  H      -1.568254      4.417276     -1.541460
  H      -2.406455      4.392044      0.051381
  H      -3.297956      4.860702     -1.384889
  H      -1.326360      2.267166     -2.620776
  H      -2.078432     -0.077695     -2.973040
  N      -5.656541      0.433171     -0.044759
  O      -5.857812     -0.765587     -0.135181
  O      -6.323229      1.228082      0.585267
  H     -13.859617     -3.533266      2.919299
18
Coordinates from ORCA-job meta_products_optfreq_9 E -475.598269324465
  C      -2.921825      2.765799     -1.239090
  C      -4.080081      2.267179     -0.561716
  C      -4.470339      0.963054     -0.768550
  C      -3.772448      0.098453     -1.631507
  C      -2.628377      0.585696     -2.303807
  C      -2.210990      1.892258     -2.109434
  C      -2.500406      4.172902     -1.032758
  H      -4.127835     -0.924671     -1.763363
  H      -4.660939      2.904961      0.106783
  H      -1.566203      4.419675     -1.552911
  H      -2.391906      4.392910      0.046372
  H      -3.294517      4.863551     -1.382254
  H      -1.325348      2.267939     -2.626624
  H      -2.079584     -0.077172     -2.975966
  N      -5.650718      0.437475     -0.039918
  O      -5.848868     -0.762126     -0.124229
  O      -6.318806      1.234006      0.586693
  H     -13.933062     -3.577890      2.933740
18
Coordinates from ORCA-job meta_products_optfreq_9 E -475.598286634992
  C      -2.918074      2.768366     -1.242770
  C      -4.073911      2.270447     -0.561028
  C      -4.464848      0.966171     -0.765291
  C      -3.769953      0.100616     -1.629846
  C      -2.628274      0.587184     -2.306557
  C      -2.210310      1.893920     -2.114765
  C      -2.495469      4.175482     -1.038719
  H      -4.125664     -0.922628     -1.759591
  H      -4.652533      2.908716      0.108847
  H      -1.565838      4.422943     -1.566677
  H      -2.377454      4.394120      0.039722
  H      -3.292727      4.866344     -1.380373
  H      -1.326455      2.269136     -2.635393
  H      -2.081876     -0.076265     -2.980030
  N      -5.642246      0.440848     -0.031266
  O      -5.839033     -0.759270     -0.112031
  O      -6.308850      1.238136      0.595969
  H     -14.008736     -3.620266      2.941262
18
Coordinates from ORCA-job meta_products_optfreq_9 E -475.598305458753
  C      -2.913566      2.770564     -1.245473
  C      -4.068601      2.273911     -0.561723
  C      -4.460646      0.969772     -0.764577
  C      -3.767757      0.103126     -1.629765
  C      -2.626873      0.588505     -2.308498
  C      -2.207717      1.895086     -2.118030
  C      -2.489714      4.177524     -1.042684
  H      -4.124376     -0.919930     -1.758484
  H      -4.646019      2.913041      0.108391
  H      -1.562965      4.425351     -1.575519
  H      -2.365355      4.394941      0.035345
  H      -3.288780      4.868854     -1.378894
  H      -1.324408      2.269433     -2.640204
  H      -2.082071     -0.075669     -2.982562
  N      -5.636706      0.445473     -0.027641
  O      -5.831525     -0.755249     -0.103900
  O      -6.303880      1.243919      0.597396
  H     -14.081291     -3.664651      2.958284
18
Coordinates from ORCA-job meta_products_optfreq_9 E -475.598324089391
  C      -2.909316      2.772814     -1.248263
  C      -4.063109      2.276954     -0.561995
  C      -4.455915      0.972856     -0.763399
  C      -3.765075      0.105462     -1.629596
  C      -2.625384      0.590132     -2.310772
  C      -2.205377      1.896660     -2.121733
  C      -2.484738      4.179725     -1.046819
  H      -4.122357     -0.917514     -1.757227
  H      -4.639200      2.916569      0.108858
  H      -1.559977      4.427786     -1.583015
  H      -2.356016      4.396679      0.030835
  H      -3.285093      4.871138     -1.379618
  H      -1.322931      2.270413     -2.645761
  H      -2.082142     -0.074471     -2.985708
  N      -5.630132      0.449177     -0.023333
  O      -5.824027     -0.751926     -0.097002
  O      -6.296594      1.248310      0.601444
  H     -14.154867     -3.706764      2.974565
18
Coordinates from ORCA-job meta_products_optfreq_9 E -475.598343325262
  C      -2.905131      2.774999     -1.250503
  C      -4.057899      2.279351     -0.562410
  C      -4.451054      0.975281     -0.763108
  C      -3.761615      0.107690     -1.630323
  C      -2.622875      0.592234     -2.313201
  C      -2.202403      1.898727     -2.124909
  C      -2.480466      4.181946     -1.049916
  H      -4.119301     -0.915250     -1.757431
  H      -4.633054      2.919002      0.109316
  H      -1.555384      4.429629     -1.585782
  H      -2.352074      4.399687      0.027628
  H      -3.280577      4.873119     -1.383784
  H      -1.320650      2.272260     -2.650199
  H      -2.080624     -0.072376     -2.988992
  N      -5.623803      0.451919     -0.020979
  O      -5.817471     -0.749293     -0.093819
  O      -6.289362      1.251189      0.604454
  H     -14.228507     -3.746114      2.995417
18
Coordinates from ORCA-job meta_products_optfreq_9 E -475.598363342877
  C      -2.901131      2.777174     -1.251786
  C      -4.053045      2.280563     -0.562827
  C      -4.445808      0.976454     -0.763996
  C      -3.756705      0.109749     -1.632386
  C      -2.618749      0.595296     -2.316027
  C      -2.198634      1.901821     -2.127395
  C      -2.477422      4.184341     -1.051354
  H      -4.114064     -0.913338     -1.759705
  H      -4.627824      2.919413      0.110106
  H      -1.548425      4.430582     -1.581143
  H      -2.357106      4.405143      0.026418
  H      -3.274818      4.874657     -1.393694
  H      -1.317497      2.275955     -2.653211
  H      -2.076639     -0.068574     -2.992729
  N      -5.617650      0.452417     -0.021540
  O      -5.812072     -0.748602     -0.096421
  O      -6.282004      1.250954      0.606002
  H     -14.302658     -3.780004      3.023150
18
Coordinates from ORCA-job meta_products_optfreq_9 E -475.598383956056
  C      -2.897150      2.779367     -1.252272
  C      -4.048657      2.281179     -0.563630
  C      -4.440606      0.977036     -0.766233
  C      -3.750963      0.111785     -1.635601
  C      -2.613402      0.598865     -2.318923
  C      -2.194126      1.905443     -2.128998
  C      -2.474747      4.186820     -1.051351
  H      -4.107621     -0.911470     -1.763767
  H      -4.623622      2.918775      0.110392
  H      -1.539796      4.430792     -1.571686
  H      -2.367199      4.411903      0.026719
  H      -3.267659      4.876112     -1.406444
  H      -1.313283      2.280632     -2.654528
  H      -2.070748     -0.063862     -2.996336
  N      -5.612356      0.451730     -0.024793
  O      -5.807504     -0.748943     -0.102650
  O      -6.276287      1.248971      0.604844
  H     -14.376525     -3.811135      3.056717
18
Coordinates from ORCA-job meta_products_optfreq_9 E -475.598403590523
  C      -2.893623      2.781795     -1.252634
  C      -4.043565      2.280704     -0.563197
  C      -4.433940      0.976265     -0.767267
  C      -3.743932      0.113443     -1.638528
  C      -2.607927      0.603258     -2.322716
  C      -2.190512      1.910196     -2.131576
  C      -2.473456      4.189904     -1.051607
  H      -4.098971     -0.910311     -1.767246
  H      -4.618338      2.916276      0.112859
  H      -1.531318      4.431051     -1.560210
  H      -2.382809      4.421370      0.026373
  H      -3.260666      4.877252     -1.423562
  H      -1.310949      2.287444     -2.657785
  H      -2.064933     -0.057748     -3.001506
  N      -5.605123      0.448315     -0.026403
  O      -5.802570     -0.751482     -0.110638
  O      -6.266762      1.243171      0.608764
  H     -14.452857     -3.836902      3.088339
18
Coordinates from ORCA-job meta_products_optfreq_9 E -475.598423275708
  C      -2.889508      2.784086     -1.253409
  C      -4.038710      2.281688     -0.563673
  C      -4.428530      0.977188     -0.768659
  C      -3.738635      0.115542     -1.641053
  C      -2.603367      0.606557     -2.325598
  C      -2.186640      1.913581     -2.133581
  C      -2.470201      4.192522     -1.052409
  H      -4.093135     -0.908308     -1.770255
  H      -4.613360      2.916283      0.113337
  H      -1.523975      4.431693     -1.554337
  H      -2.389518      4.427930      0.025307
  H      -3.253727      4.878857     -1.434343
  H      -1.307626      2.291809     -2.660058
  H      -2.060439     -0.053615     -3.005205
  N      -5.599505      0.447872     -0.027871
  O      -5.797375     -0.751602     -0.114369
  O      -6.260600      1.241641      0.609313
  H     -14.527399     -3.869724      3.118319
18
Coordinates from ORCA-job meta_products_optfreq_9 E -475.598442649335
  C      -2.885222      2.786331     -1.254762
  C      -4.033834      2.283628     -0.564397
  C      -4.423718      0.979175     -0.769613
  C      -3.734518      0.117870     -1.642895
  C      -2.599808      0.609144     -2.328067
  C      -2.183050      1.916121     -2.135774
  C      -2.465924      4.194884     -1.054139
  H      -4.089128     -0.905887     -1.772271
  H      -4.608102      2.917879      0.113192
  H      -1.517857      4.432762     -1.553222
  H      -2.389877      4.432524      0.023303
  H      -3.247523      4.880784     -1.441022
  H      -1.304406      2.294631     -2.662713
  H      -2.057415     -0.050754     -3.008325
  N      -5.594111      0.449240     -0.027968
  O      -5.791415     -0.750323     -0.114265
  O      -6.255196      1.242703      0.609642
  H     -14.601146     -3.906711      3.144757
18
Coordinates from ORCA-job meta_products_optfreq_9 E -475.598461437050
  C      -2.880979      2.788551     -1.256704
  C      -4.028616      2.285845     -0.564807
  C      -4.418780      0.981418     -0.769618
  C      -3.730855      0.120156     -1.643971
  C      -2.597081      0.611449     -2.330633
  C      -2.180021      1.918391     -2.138740
  C      -2.461574      4.197192     -1.056843
  H      -4.085716     -0.903557     -1.773008
  H      -4.601980      2.920028      0.113609
  H      -1.512703      4.434296     -1.554794
  H      -2.387558      4.436354      0.020341
  H      -3.242273      4.882724     -1.446316
  H      -1.302048      2.296949     -2.666765
  H      -2.055679     -0.048419     -3.011706
  N      -5.587976      0.451311     -0.026155
  O      -5.784914     -0.748358     -0.111826
  O      -6.248417      1.244719      0.612159
  H     -14.675081     -3.945049      3.167237
18
Coordinates from ORCA-job meta_products_optfreq_9 E -475.598480055566
  C      -2.876631      2.790753     -1.258841
  C      -4.023271      2.288451     -0.565160
  C      -4.414034      0.984097     -0.769274
  C      -3.727765      0.122562     -1.644695
  C      -2.594940      0.613473     -2.333096
  C      -2.177251      1.920316     -2.141860
  C      -2.456674      4.199403     -1.059997
  H      -4.083157     -0.901018     -1.773232
  H      -4.595540      2.922841      0.113970
  H      -1.507821      4.435807     -1.558339
  H      -2.382786      4.439642      0.016912
  H      -3.237077      4.884817     -1.450347
  H      -1.299955      2.298673     -2.671167
  H      -2.054859     -0.046620     -3.014991
  N      -5.581894      0.454090     -0.023539
  O      -5.777973     -0.745864     -0.107446
  O      -6.241969      1.247824      0.614729
  H     -14.748652     -3.985248      3.187833
18
Coordinates from ORCA-job meta_products_optfreq_9 E -475.598499534972
  C      -2.872038      2.792821     -1.260490
  C      -4.018660      2.291226     -0.566418
  C      -4.410236      0.987104     -0.770452
  C      -3.724840      0.125180     -1.646285
  C      -2.592024      0.615437     -2.335070
  C      -2.173420      1.921999     -2.143862
  C      -2.451293      4.201284     -1.062018
  H      -4.080927     -0.898189     -1.774776
  H      -4.590378      2.925972      0.112906
  H      -1.501661      4.436742     -1.559335
  H      -2.378365      4.442120      0.014815
  H      -3.230706      4.886992     -1.453816
  H      -1.296077      2.299842     -2.673420
  H      -2.052585     -0.044881     -3.017288
  N      -5.577573      0.457679     -0.023929
  O      -5.771897     -0.742829     -0.104572
  O      -6.239084      1.252073      0.611931
  H     -14.820486     -4.026572      3.213540
18
Coordinates from ORCA-job meta_products_optfreq_9 E -475.598517939037
  C      -2.867618      2.795025     -1.262645
  C      -4.013316      2.294059     -0.566818
  C      -4.405694      0.990072     -0.770124
  C      -3.722102      0.127686     -1.646982
  C      -2.590165      0.617312     -2.337485
  C      -2.170743      1.923725     -2.146954
  C      -2.446010      4.203431     -1.065259
  H      -4.078927     -0.895466     -1.774935
  H      -4.583826      2.929124      0.113165
  H      -1.496405      4.437945     -1.563095
  H      -2.373043      4.445316      0.011278
  H      -3.225014      4.889205     -1.457828
  H      -1.293998      2.301194     -2.677807
  H      -2.052143     -0.043323     -3.020482
  N      -5.571679      0.460870     -0.021156
  O      -5.764785     -0.740004     -0.099417
  O      -6.233140      1.255700      0.614246
  H     -14.893641     -4.067871      3.233758
18
Coordinates from ORCA-job meta_products_optfreq_9 E -475.598536102254
  C      -2.863338      2.797246     -1.264761
  C      -4.007811      2.296446     -0.566865
  C      -4.400760      0.992525     -0.769488
  C      -3.718861      0.130041     -1.647601
  C      -2.588158      0.619517     -2.340201
  C      -2.168181      1.925850     -2.150397
  C      -2.441312      4.205671     -1.068451
  H      -4.076015     -0.893103     -1.774806
  H      -4.576969      2.931610      0.114186
  H      -1.490960      4.439149     -1.565375
  H      -2.369783      4.449040      0.007806
  H      -3.219415      4.891235     -1.463269
  H      -1.292350      2.303192     -2.682833
  H      -2.051461     -0.041159     -3.024212
  N      -5.565316      0.463451     -0.018403
  O      -5.757715     -0.737672     -0.095006
  O      -6.226470      1.258517      0.616960
  H     -14.967376     -4.107556      3.254175
18
Coordinates from ORCA-job meta_products_optfreq_9 E -475.598554873287
  C      -2.858663      2.799335     -1.266489
  C      -4.002795      2.299312     -0.567681
  C      -4.396743      0.995647     -0.770022
  C      -3.716253      0.132699     -1.648862
  C      -2.585883      0.621404     -2.342374
  C      -2.164859      1.927446     -2.152769
  C      -2.435653      4.207603     -1.070898
  H      -4.074266     -0.890166     -1.775832
  H      -4.571044      2.934891      0.113733
  H      -1.484419      4.439735     -1.566792
  H      -2.365678      4.452217      0.005125
  H      -3.212483      4.893373     -1.467927
  H      -1.289202      2.304243     -2.685888
  H      -2.050262     -0.039557     -3.026944
  N      -5.560596      0.467089     -0.017523
  O      -5.751433     -0.734489     -0.091169
  O      -6.222601      1.262842      0.616079
  H     -15.039417     -4.149624      3.277693
18
Coordinates from ORCA-job meta_products_optfreq_9 E -475.598573271050
  C      -2.854049      2.801442     -1.268345
  C      -3.997617      2.302169     -0.568247
  C      -4.392599      0.998763     -0.770173
  C      -3.713694      0.135352     -1.649891
  C      -2.583908      0.623331     -2.344718
  C      -2.161818      1.929087     -2.155490
  C      -2.430028      4.209542     -1.073612
  H      -4.072540     -0.887269     -1.776450
  H      -4.564684      2.938137      0.113777
  H      -1.477713      4.440159     -1.568162
  H      -2.361942      4.455620      0.002141
  H      -3.205391      4.895467     -1.473328
  H      -1.286504      2.305329     -2.689571
  H      -2.049521     -0.037888     -3.029994
  N      -5.555507      0.470723     -0.015977
  O      -5.745000     -0.731270     -0.086798
  O      -6.218087      1.267070      0.616235
  H     -15.111649     -4.191762      3.300064
18
Coordinates from ORCA-job meta_products_optfreq_9 E -475.598591331109
  C      -2.849445      2.803552     -1.270283
  C      -3.992261      2.305065     -0.568576
  C      -4.388343      1.001919     -0.769959
  C      -3.711296      0.138014     -1.650729
  C      -2.582255      0.625221     -2.347158
  C      -2.159042      1.930696     -2.158456
  C      -2.424351      4.211494     -1.076604
  H      -4.071022     -0.884362     -1.776749
  H      -4.557955      2.941444      0.114203
  H      -1.470926      4.440463     -1.569815
  H      -2.358236      4.459258     -0.001180
  H      -3.198165      4.897522     -1.479243
  H      -1.284219      2.306362     -2.693753
  H      -2.049294     -0.036282     -3.033266
  N      -5.550103      0.474420     -0.013748
  O      -5.738418     -0.727950     -0.081875
  O      -6.212952      1.271343      0.617423
  H     -15.183967     -4.234180      3.321228
18
Coordinates from ORCA-job meta_products_optfreq_9 E -475.598609136728
  C      -2.844837      2.805659     -1.272274
  C      -3.986773      2.307987     -0.568734
  C      -4.384009      1.005100     -0.769479
  C      -3.709004      0.140678     -1.651414
  C      -2.580837      0.627087     -2.349667
  C      -2.156442      1.932276     -2.161585
  C      -2.418620      4.213448     -1.079788
  H      -4.069667     -0.881440     -1.776836
  H      -4.550962      2.944788      0.114895
  H      -1.464054      4.440666     -1.571640
  H      -2.354556      4.463067     -0.004738
  H      -3.190810      4.899538     -1.485541
  H      -1.282206      2.307347     -2.698261
  H      -2.049443     -0.034720     -3.036692
  N      -5.544516      0.478188     -0.011066
  O      -5.731796     -0.724522     -0.076586
  O      -6.207409      1.275701      0.619283
  H     -15.256309     -4.276850      3.341581
18
Coordinates from ORCA-job meta_products_optfreq_9 E -475.598626761243
  C      -2.840198      2.807755     -1.274280
  C      -3.981229      2.310950     -0.568834
  C      -4.379686      1.008335     -0.768906
  C      -3.706825      0.143368     -1.652040
  C      -2.579543      0.628926     -2.352179
  C      -2.153900      1.933809     -2.164757
  C      -2.412796      4.215378     -1.083047
  H      -4.068467     -0.878478     -1.776835
  H      -4.543851      2.948188      0.115677
  H      -1.457034      4.440753     -1.573464
  H      -2.350881      4.466952     -0.008398
  H      -3.183270      4.901524     -1.492072
  H      -1.280265      2.308247     -2.702857
  H      -2.049783     -0.033220     -3.040136
  N      -5.538934      0.482079     -0.008233
  O      -5.725282     -0.720943     -0.071191
  O      -6.201757      1.280216      0.621370
  H     -15.328547     -4.319838      3.361644
18
Coordinates from ORCA-job meta_products_optfreq_9 E -475.598644282932
  C      -2.835507      2.809832     -1.276276
  C      -3.975679      2.313971     -0.568955
  C      -4.375435      1.011649     -0.768350
  C      -3.704745      0.146093     -1.652645
  C      -2.578307      0.630729     -2.354651
  C      -2.151338      1.935278     -2.167892
  C      -2.406845      4.217265     -1.086301
  H      -4.067417     -0.875464     -1.776816
  H      -4.536721      2.951674      0.116418
  H      -1.449825      4.440716     -1.575186
  H      -2.347177      4.470844     -0.012069
  H      -3.175503      4.903489     -1.498716
  H      -1.278271      2.309029     -2.707393
  H      -2.050212     -0.031798     -3.043517
  N      -5.533489      0.486134     -0.005456
  O      -5.718988     -0.717177     -0.065871
  O      -6.196199      1.284945      0.623379
  H     -15.400593     -4.363209      3.381755
18
Coordinates from ORCA-job meta_products_optfreq_9 E -475.598661743160
  C      -2.830757      2.811890     -1.278243
  C      -3.970168      2.317051     -0.569153
  C      -4.371293      1.015050     -0.767899
  C      -3.702748      0.148857     -1.653278
  C      -2.577056      0.632494     -2.357047
  C      -2.148695      1.936679     -2.170924
  C      -2.400761      4.219101     -1.089485
  H      -4.066490     -0.872391     -1.776845
  H      -4.529655      2.955253      0.117026
  H      -1.442419      4.440562     -1.576727
  H      -2.343435      4.474691     -0.015676
  H      -3.167505      4.905443     -1.505372
  H      -1.276123      2.309686     -2.711744
  H      -2.050610     -0.030459     -3.046762
  N      -5.528267      0.490364     -0.002902
  O      -5.713005     -0.713215     -0.060808
  O      -6.190861      1.289897      0.625107
  H     -15.472401     -4.406953      3.402192
18
Coordinates from ORCA-job meta_products_optfreq_9 E -475.598679142154
  C      -2.825947      2.813929     -1.280174
  C      -3.964703      2.320192     -0.569438
  C      -4.367263      1.018538     -0.767566
  C      -3.700822      0.151657     -1.653938
  C      -2.575774      0.634217     -2.359355
  C      -2.145957      1.938011     -2.173838
  C      -2.394546      4.220887     -1.092593
  H      -4.065682     -0.869260     -1.776930
  H      -4.522666      2.958931      0.117480
  H      -1.434833      4.440301     -1.578105
  H      -2.339625      4.478481     -0.019210
  H      -3.159291      4.907389     -1.511999
  H      -1.273803      2.310214     -2.715889
  H      -2.050954     -0.029206     -3.049854
  N      -5.523287      0.494770     -0.000603
  O      -5.707377     -0.709049     -0.056065
  O      -6.185753      1.295069      0.626535
  H     -15.543969     -4.451070      3.423001
18
Coordinates from ORCA-job meta_products_optfreq_9 E -475.598696496571
  C      -2.821080      2.815951     -1.282069
  C      -3.959298      2.323391     -0.569822
  C      -4.363349      1.022110     -0.767366
  C      -3.698960      0.154493     -1.654635
  C      -2.574438      0.635898     -2.361565
  C      -2.143109      1.939275     -2.176620
  C      -2.388204      4.222624     -1.095614
  H      -4.064980     -0.866072     -1.777085
  H      -4.515774      2.962709      0.117762
  H      -1.427080      4.439943     -1.579319
  H      -2.335740      4.482199     -0.022656
  H      -3.150874      4.909329     -1.518564
  H      -1.271286      2.310614     -2.719798
  H      -2.051201     -0.028036     -3.052770
  N      -5.518564      0.499347      0.001405
  O      -5.702142     -0.704683     -0.051714
  O      -6.180875      1.300449      0.627650
  H     -15.615299     -4.495541      3.444241
18
Coordinates from ORCA-job meta_products_optfreq_9 E -475.598713796079
  C      -2.816156      2.817955     -1.283932
  C      -3.953946      2.326649     -0.570296
  C      -4.359544      1.025765     -0.767284
  C      -3.697156      0.157361     -1.655357
  C      -2.573053      0.637535     -2.363678
  C      -2.140159      1.940472     -2.179277
  C      -2.381738      4.224314     -1.098563
  H      -4.064388     -0.862829     -1.777292
  H      -4.508967      2.966588      0.117884
  H      -1.419177      4.439494     -1.580407
  H      -2.331756      4.485849     -0.026032
  H      -3.142270      4.911262     -1.525064
  H      -1.268587      2.310887     -2.723494
  H      -2.051362     -0.026951     -3.055516
  N      -5.514085      0.504092      0.003149
  O      -5.697320     -0.700109     -0.047759
  O      -6.176183      1.306032      0.628519
  H     -15.686402     -4.540368      3.465860
18
Coordinates from ORCA-job meta_products_optfreq_9 E -475.598731042917
  C      -2.811170      2.819939     -1.285763
  C      -3.948653      2.329976     -0.570871
  C      -4.355865      1.029517     -0.767331
  C      -3.695431      0.160269     -1.656108
  C      -2.571624      0.639122     -2.365684
  C      -2.137098      1.941589     -2.181799
  C      -2.375129      4.225950     -1.101435
  H      -4.063934     -0.859518     -1.777559
  H      -4.502254      2.970586      0.117827
  H      -1.411106      4.438941     -1.581372
  H      -2.327637      4.489414     -0.029332
  H      -3.133456      4.913190     -1.531482
  H      -1.265685      2.311009     -2.726952
  H      -2.051436     -0.025963     -3.058075
  N      -5.509877      0.509034      0.004614
  O      -5.692938     -0.695304     -0.044202
  O      -6.171706      1.311857      0.629109
  H     -15.757250     -4.585608      3.487877
18
Coordinates from ORCA-job meta_products_optfreq_9 E -475.598748241810
  C      -2.806111      2.821899     -1.287567
  C      -3.943416      2.333385     -0.571547
  C      -4.352323      1.033382     -0.767498
  C      -3.693807      0.163222     -1.656878
  C      -2.570171      0.640648     -2.367580
  C      -2.133929      1.942614     -2.184188
  C      -2.368350      4.227524     -1.104241
  H      -4.063655     -0.856131     -1.777866
  H      -4.495621      2.974725      0.117590
  H      -1.402848      4.438266     -1.582239
  H      -2.323335      4.492885     -0.032565
  H      -3.124408      4.915112     -1.537813
  H      -1.262582      2.310953     -2.730183
  H      -2.051456     -0.025091     -3.060444
  N      -5.505953      0.514207      0.005814
  O      -5.689017     -0.690232     -0.041010
  O      -6.167452      1.317969      0.629426
  H     -15.827817     -4.631336      3.510251
18
Coordinates from ORCA-job meta_products_optfreq_9 E -475.598765380011
  C      -2.800972      2.823831     -1.289349
  C      -3.938221      2.336888     -0.572313
  C      -4.348921      1.037375     -0.767768
  C      -3.692305      0.166225     -1.657650
  C      -2.568719      0.642104     -2.369366
  C      -2.130665      1.943531     -2.186458
  C      -2.361381      4.229029     -1.107000
  H      -4.063579     -0.852661     -1.778188
  H      -4.489045      2.979023      0.117186
  H      -1.394391      4.437457     -1.583045
  H      -2.318804      4.496256     -0.035752
  H      -3.115109      4.917027     -1.544058
  H      -1.259292      2.310694     -2.733210
  H      -2.051459     -0.024352     -3.062626
  N      -5.502316      0.519641      0.006783
  O      -5.685574     -0.684862     -0.038143
  O      -6.163410      1.324411      0.629501
  H     -15.898086     -4.677617      3.532915
18
Coordinates from ORCA-job meta_products_optfreq_9 E -475.598782450626
  C      -2.795729      2.825729     -1.291120
  C      -3.933059      2.340523     -0.573171
  C      -4.345694      1.041548     -0.768123
  C      -3.690993      0.169295     -1.658401
  C      -2.567322      0.643461     -2.371028
  C      -2.127313      1.944299     -2.188608
  C      -2.354147      4.230442     -1.109734
  H      -4.063809     -0.849078     -1.778490
  H      -4.482494      2.983544      0.116609
  H      -1.385661      4.436456     -1.583831
  H      -2.313944      4.499509     -0.038916
  H      -3.105470      4.918935     -1.550231
  H      -1.255814      2.310156     -2.736038
  H      -2.051528     -0.023800     -3.064601
  N      -5.499013      0.525433      0.007552
  O      -5.682686     -0.679094     -0.035544
  O      -6.159601      1.331311      0.629353
  H     -15.967974     -4.724670      3.555784
18
Coordinates from ORCA-job meta_products_optfreq_9 E -475.598799457064
  C      -2.790352      2.827578     -1.292878
  C      -3.927929      2.344329     -0.574135
  C      -4.342688      1.045953     -0.768572
  C      -3.689937      0.172455     -1.659122
  C      -2.566017      0.644692     -2.372544
  C      -2.123863      1.944874     -2.190621
  C      -2.346568      4.231736     -1.112447
  H      -4.064447     -0.845349     -1.778759
  H      -4.475954      2.988352      0.115830
  H      -1.376573      4.435199     -1.584600
  H      -2.308659      4.502614     -0.042062
  H      -3.095388      4.920834     -1.556331
  H      -1.252114      2.309256     -2.738642
  H      -2.051714     -0.023490     -3.066336
  N      -5.496119      0.531690      0.008099
  O      -5.680448     -0.672819     -0.033188
  O      -6.156103      1.338809      0.628909
  H     -16.037377     -4.772713      3.578857
18
Coordinates from ORCA-job meta_products_optfreq_9 E -475.598816394397
  C      -2.784811      2.829368     -1.294630
  C      -3.922820      2.348349     -0.575202
  C      -4.339942      1.050649     -0.769097
  C      -3.689216      0.175725     -1.659788
  C      -2.564870      0.645764     -2.373899
  C      -2.120328      1.945207     -2.192497
  C      -2.338557      4.232882     -1.115163
  H      -4.065608     -0.841437     -1.778959
  H      -4.469387      2.993521      0.114844
  H      -1.367041      4.433617     -1.585392
  H      -2.302835      4.505549     -0.045213
  H      -3.084759      4.922721     -1.562373
  H      -1.248193      2.307904     -2.741027
  H      -2.052115     -0.023480     -3.067810
  N      -5.493684      0.538522      0.008456
  O      -5.678926     -0.665928     -0.030993
  O      -6.152960      1.347053      0.628161
  H     -16.106196     -4.821985      3.602043
18
Coordinates from ORCA-job meta_products_optfreq_9 E -475.598833251236
  C      -2.779054      2.831076     -1.296382
  C      -3.917722      2.352662     -0.576389
  C      -4.337541      1.055743     -0.769696
  C      -3.688965      0.179146     -1.660369
  C      -2.563971      0.646619     -2.375054
  C      -2.116704      1.945208     -2.194212
  C      -2.329959      4.233825     -1.117907
  H      -4.067502     -0.837275     -1.779046
  H      -4.462747      2.999183      0.113611
  H      -1.356898      4.431580     -1.586243
  H      -2.296281      4.508265     -0.048396
  H      -3.073381      4.924593     -1.568373
  H      -1.244013      2.305934     -2.743162
  H      -2.052861     -0.023881     -3.068963
  N      -5.491838      0.546137      0.008622
  O      -5.678305     -0.658206     -0.028899
  O      -6.150276      1.356313      0.627047
  H     -16.174233     -4.872924      3.625273
18
Coordinates from ORCA-job meta_products_optfreq_9 E -475.598850022710
  C      -2.772986      2.832666     -1.298142
  C      -3.912618      2.357397     -0.577720
  C      -4.335620      1.061413     -0.770359
  C      -3.689405      0.182786     -1.660806
  C      -2.563470      0.647160     -2.375938
  C      -2.112988      1.944728     -2.195731
  C      -2.320510      4.234476     -1.120720
  H      -4.070469     -0.832752     -1.778936
  H      -4.455956      3.005558      0.112071
  H      -1.345872      4.428875     -1.587216
  H      -2.288681      4.510684     -0.051657
  H      -3.060920      4.926439     -1.574366
  H      -1.239514      2.303071     -2.745002
  H      -2.054169     -0.024874     -3.069689
  N      -5.490794      0.554882      0.008594
  O      -5.678922     -0.649288     -0.026843
  O      -6.148201      1.367040      0.625492
  H     -16.241155     -4.926259      3.648429
18
Coordinates from ORCA-job meta_products_optfreq_9 E -475.598866865087
  C      -2.764921      2.833493     -1.300041
  C      -3.907417      2.364854     -0.579916
  C      -4.336741      1.070764     -0.771287
  C      -3.694309      0.187771     -1.660192
  C      -2.565595      0.645615     -2.375085
  C      -2.108742      1.941127     -2.196091
  C      -2.305584      4.233267     -1.124119
  H      -4.080352     -0.825994     -1.777336
  H      -4.448059      3.016539      0.108670
  H      -1.329137      4.421900     -1.589217
  H      -2.274282      4.511175     -0.055501
  H      -3.041582      4.928207     -1.580405
  H      -1.233081      2.294421     -2.745156
  H      -2.059202     -0.029787     -3.067690
  N      -5.494872      0.570945      0.007561
  O      -5.687865     -0.632535     -0.025254
  O      -6.149588      1.387270      0.621820
  H     -16.300922     -4.995032      3.670698
18
Coordinates from ORCA-job meta_products_optfreq_9 E -475.598879846451
  C      -2.741463      2.827181     -1.302528
  C      -3.901897      2.393987     -0.588810
  C      -4.363205      1.110058     -0.774035
  C      -3.736705      0.203851     -1.650796
  C      -2.590608      0.626753     -2.359611
  C      -2.101546      1.911258     -2.186405
  C      -2.247072      4.215595     -1.131951
  H      -4.147870     -0.800460     -1.763611
  H      -4.431306      3.064613      0.090265
  H      -1.266994      4.378680     -1.598922
  H      -2.206125      4.494768     -0.063791
  H      -2.966888      4.927803     -1.587114
  H      -1.212565      2.237452     -2.730816
  H      -2.096482     -0.066852     -3.043016
  N      -5.540601      0.646972     -0.001416
  O      -5.764504     -0.551478     -0.026003
  O      -6.179003      1.485258      0.600488
  H     -16.287417     -5.181440      3.679531
18
Coordinates from ORCA-job meta_products_optfreq_9 E -475.598895976807
  C      -2.738573      2.830063     -1.304202
  C      -3.896943      2.394590     -0.588677
  C      -4.356552      1.110057     -0.773960
  C      -3.730257      0.205404     -1.652549
  C      -2.586153      0.630549     -2.363131
  C      -2.098796      1.915693     -2.189878
  C      -2.246195      4.219280     -1.134170
  H      -4.140104     -0.799454     -1.765308
  H      -4.426159      3.063951      0.091793
  H      -1.264958      4.382670     -1.598659
  H      -2.209033      4.500597     -0.066527
  H      -2.965220      4.929764     -1.593399
  H      -1.211279      2.243648     -2.735624
  H      -2.092176     -0.061787     -3.047929
  N      -5.531566      0.644352      0.000584
  O      -5.752505     -0.554731     -0.023071
  O      -6.171136      1.481275      0.603068
  H     -16.364645     -5.211921      3.703098
18
Coordinates from ORCA-job meta_products_optfreq_9 E -475.598911816010
  C      -2.733135      2.831837     -1.306021
  C      -3.891807      2.398644     -0.589695
  C      -4.353740      1.114844     -0.774277
  C      -3.729534      0.208778     -1.652943
  C      -2.585147      0.631679     -2.364350
  C      -2.095453      1.916024     -2.191777
  C      -2.238334      4.220333     -1.137073
  H      -4.141192     -0.795407     -1.765090
  H      -4.419477      3.069150      0.090846
  H      -1.255682      4.380927     -1.599588
  H      -2.203321      4.503644     -0.069940
  H      -2.954687      4.931359     -1.599708
  H      -1.207665      2.242249     -2.738124
  H      -2.092779     -0.061727     -3.049222
  N      -5.529033      0.651405      0.001103
  O      -5.751318     -0.547493     -0.021082
  O      -6.167478      1.489731      0.602841
  H     -16.432466     -5.261979      3.725558
18
Coordinates from ORCA-job meta_products_optfreq_9 E -475.598927728158
  C      -2.728989      2.834178     -1.307730
  C      -3.886831      2.400931     -0.590222
  C      -4.349016      1.117182     -0.774556
  C      -3.725847      0.211219     -1.654121
  C      -2.582253      0.634169     -2.366688
  C      -2.092311      1.918455     -2.194372
  C      -2.234048      4.222729     -1.139522
  H      -4.137708     -0.792911     -1.765995
  H      -4.413728      3.071344      0.091008
  H      -1.250145      4.382159     -1.599827
  H      -2.201959      4.508023     -0.072898
  H      -2.948705      4.933156     -1.605790
  H      -1.205086      2.244738     -2.741604
  H      -2.090675     -0.059111     -3.052252
  N      -5.523305      0.653539      0.002155
  O      -5.744742     -0.545542     -0.018927
  O      -6.161839      1.491828      0.603815
  H     -16.505065     -5.302086      3.748987
18
Coordinates from ORCA-job meta_products_optfreq_9 E -475.598943180972
  C      -2.722794      2.835601     -1.309641
  C      -3.881562      2.406035     -0.591498
  C      -4.347327      1.123436     -0.774831
  C      -3.726928      0.215151     -1.653998
  C      -2.582444      0.634487     -2.367241
  C      -2.088922      1.917523     -2.195897
  C      -2.224058      4.222960     -1.142770
  H      -4.141576     -0.787929     -1.765044
  H      -4.406412      3.078327      0.089454
  H      -1.238677      4.378589     -1.601249
  H      -2.193624      4.510314     -0.076695
  H      -2.935431      4.934564     -1.612323
  H      -1.200974      2.241005     -2.743619
  H      -2.093011     -0.060578     -3.052529
  N      -5.522598      0.663530      0.002532
  O      -5.746762     -0.535114     -0.016910
  O      -6.159162      1.504081      0.603141
  H     -16.569989     -5.357983      3.770578
18
Coordinates from ORCA-job meta_products_optfreq_9 E -475.598958890993
  C      -2.731617      2.843181     -1.309822
  C      -3.879022      2.390999     -0.587715
  C      -4.324734      1.101914     -0.775548
  C      -3.694632      0.208493     -1.663154
  C      -2.560997      0.649986     -2.379923
  C      -2.087553      1.940045     -2.204316
  C      -2.255005      4.238000     -1.139828
  H      -4.093749     -0.800458     -1.777476
  H      -4.411032      3.051204      0.099501
  H      -1.269914      4.408610     -1.593721
  H      -2.235050      4.526484     -0.074037
  H      -2.974188      4.938259     -1.614784
  H      -1.207864      2.280832     -2.754914
  H      -2.063938     -0.033355     -3.071499
  N      -5.487055      0.618147      0.006869
  O      -5.688641     -0.584226     -0.014701
  O      -6.136335      1.444635      0.613030
  H     -16.680922     -5.298750      3.803500
18
Coordinates from ORCA-job meta_products_optfreq_9 E -475.598958022841
  C      -2.731778      2.843255     -1.310723
  C      -3.877989      2.391196     -0.586552
  C      -4.323944      1.102051     -0.773256
  C      -3.695057      0.208322     -1.661356
  C      -2.562724      0.649782     -2.380362
  C      -2.089106      1.939912     -2.205960
  C      -2.254886      4.238061     -1.141766
  H      -4.094249     -0.800771     -1.774626
  H      -4.408778      3.051509      0.101474
  H      -1.269989      4.408254     -1.596268
  H      -2.234451      4.527280     -0.076184
  H      -2.974202      4.938090     -1.616905
  H      -1.210346      2.280569     -2.758092
  H      -2.066717     -0.033753     -3.072491
  N      -5.485447      0.618634      0.010574
  O      -5.688569     -0.583528     -0.012234
  O      -6.132574      1.445251      0.618956
  H     -16.681443     -5.300115      3.797231
18
Coordinates from ORCA-job meta_products_optfreq_9 E -475.598957936813
  C      -2.731689      2.843192     -1.310702
  C      -3.877906      2.391285     -0.586461
  C      -4.324034      1.102193     -0.773127
  C      -3.695350      0.208415     -1.661358
  C      -2.562977      0.649738     -2.380395
  C      -2.089188      1.939792     -2.206001
  C      -2.254662      4.237972     -1.141861
  H      -4.094672     -0.800635     -1.774605
  H      -4.408582      3.051682      0.101572
  H      -1.269641      4.407980     -1.596173
  H      -2.234393      4.527351     -0.076319
  H      -2.973781      4.938011     -1.617279
  H      -1.210431      2.280344     -2.758185
  H      -2.067089     -0.033830     -3.072575
  N      -5.485480      0.618896      0.010803
  O      -5.688332     -0.583315     -0.011502
  O      -6.132846      1.445623      0.618783
  H     -16.681197     -5.300693      3.796844
