2
Coordinates from ORCA-job first_job E -581.531792424440
  I       0.000000      0.000000      0.000000
  I       1.000000      0.000000      0.000000
2
Coordinates from ORCA-job first_job E -588.299561129532
  I      -0.079377      0.000000      0.000000
  I       1.079377      0.000000      0.000000
2
Coordinates from ORCA-job first_job E -591.168967344016
  I      -0.144565      0.000000      0.000000
  I       1.144565      0.000000      0.000000
2
Coordinates from ORCA-job first_job E -593.159928923425
  I      -0.223942      0.000000      0.000000
  I       1.223942      0.000000      0.000000
2
Coordinates from ORCA-job first_job E -594.286173662230
  I      -0.303319      0.000000      0.000000
  I       1.303319      0.000000      0.000000
2
Coordinates from ORCA-job first_job E -594.933581932770
  I      -0.382695      0.000000      0.000000
  I       1.382695      0.000000      0.000000
2
Coordinates from ORCA-job first_job E -595.302361032969
  I      -0.462072      0.000000      0.000000
  I       1.462072      0.000000      0.000000
2
Coordinates from ORCA-job first_job E -595.507690434213
  I      -0.541448      0.000000      0.000000
  I       1.541448      0.000000      0.000000
2
Coordinates from ORCA-job first_job E -595.617759078794
  I      -0.620825      0.000000      0.000000
  I       1.620825      0.000000      0.000000
2
Coordinates from ORCA-job first_job E -595.672384826966
  I      -0.699226      0.000000      0.000000
  I       1.699226      0.000000      0.000000
2
Coordinates from ORCA-job first_job E -595.693945105207
  I      -0.765638      0.000000      0.000000
  I       1.765638      0.000000      0.000000
2
Coordinates from ORCA-job first_job E -595.700992986038
  I      -0.816732      0.000000      0.000000
  I       1.816732      0.000000      0.000000
2
Coordinates from ORCA-job first_job E -595.702508578915
  I      -0.847624      0.000000      0.000000
  I       1.847624      0.000000      0.000000
2
Coordinates from ORCA-job first_job E -595.702661101396
  I      -0.859709      0.000000      0.000000
  I       1.859709      0.000000      0.000000
2
Coordinates from ORCA-job first_job E -595.702665341690
  I      -0.861996      0.000000      0.000000
  I       1.861996      0.000000      0.000000
2
Coordinates from ORCA-job first_job E -595.702665356515
  I      -0.862136      0.000000      0.000000
  I       1.862136      0.000000      0.000000
