14
Coordinates from ORCA-job a_opt_2 E -287.231870897530
  C      -4.885810      2.978130      0.034730
  C      -6.150780      2.352530      0.020970
  C      -6.255400      0.962660     -0.001850
  C      -5.113530      0.154960     -0.010870
  C      -3.856950      0.769140      0.001310
  C      -3.737540      2.157810      0.024110
  H      -7.054360      2.969580      0.024210
  H      -7.248330      0.504080     -0.010020
  H      -5.201370     -0.933580     -0.026230
  H      -2.950110      0.157690     -0.004410
  H      -2.746810      2.622100      0.029690
  N      -4.775290      4.349210     -0.016620
  H      -5.597280      4.929770      0.381310
  H      -3.872550      4.791520      0.385100
14
Coordinates from ORCA-job a_opt_2 E -287.238581756071
  C      -4.885445      2.982843      0.038151
  C      -6.149694      2.357785      0.024755
  C      -6.255058      0.967769     -0.001247
  C      -5.113065      0.160597     -0.013014
  C      -3.856466      0.774250      0.001939
  C      -3.737794      2.163176      0.027932
  H      -7.052534      2.975536      0.030877
  H      -7.248011      0.509288     -0.009804
  H      -5.200890     -0.927922     -0.030974
  H      -2.949573      0.162915     -0.004173
  H      -2.747695      2.628289      0.036371
  N      -4.774109      4.362982     -0.007589
  H      -5.551710      4.889464      0.367434
  H      -3.924067      4.758629      0.370772
14
Coordinates from ORCA-job a_opt_2 E -287.238940152327
  C      -4.885563      2.982034      0.035427
  C      -6.149331      2.358061      0.022683
  C      -6.255290      0.967875     -0.000810
  C      -5.113015      0.161189     -0.011984
  C      -3.856244      0.774369      0.002397
  C      -3.738188      2.163552      0.025896
  H      -7.051911      2.976338      0.028275
  H      -7.248180      0.509328     -0.008892
  H      -5.200817     -0.927380     -0.029570
  H      -2.949391      0.163032     -0.003249
  H      -2.748281      2.629270      0.033791
  N      -4.773806      4.366605      0.000802
  H      -5.564723      4.887149      0.366681
  H      -3.911370      4.754179      0.369983
14
Coordinates from ORCA-job a_opt_2 E -287.239097483314
  C      -4.885678      2.981616      0.038575
  C      -6.149164      2.359160      0.023855
  C      -6.255672      0.968814     -0.000940
  C      -5.112875      0.162859     -0.011553
  C      -3.855735      0.775296      0.002305
  C      -3.738291      2.164719      0.027093
  H      -7.051552      2.977905      0.028512
  H      -7.248369      0.510029     -0.010185
  H      -5.200647     -0.925762     -0.030006
  H      -2.949061      0.163824     -0.004456
  H      -2.748531      2.631005      0.034088
  N      -4.773583      4.369251      0.011589
  H      -5.576854      4.880971      0.359782
  H      -3.900098      4.745914      0.362770
14
Coordinates from ORCA-job a_opt_2 E -287.239106324479
  C      -4.885681      2.981838      0.039762
  C      -6.149386      2.359307      0.024939
  C      -6.255741      0.968957     -0.000954
  C      -5.112852      0.163117     -0.012480
  C      -3.855640      0.775432      0.002302
  C      -3.738069      2.164837      0.028186
  H      -7.051926      2.977827      0.030237
  H      -7.248343      0.509986     -0.010518
  H      -5.200621     -0.925505     -0.031462
  H      -2.949083      0.163797     -0.004751
  H      -2.748203      2.630897      0.035852
  N      -4.773685      4.368423      0.013585
  H      -5.578531      4.881024      0.356965
  H      -3.898350      4.745662      0.359767
14
Coordinates from ORCA-job a_opt_2 E -287.239116044099
  C      -4.885672      2.982250      0.041753
  C      -6.149681      2.359233      0.026619
  C      -6.255732      0.968926     -0.001119
  C      -5.112847      0.163110     -0.013884
  C      -3.855645      0.775410      0.002162
  C      -3.737811      2.164726      0.029902
  H      -7.052547      2.977258      0.033323
  H      -7.248211      0.509686     -0.011172
  H      -5.200614     -0.925495     -0.033998
  H      -2.949245      0.163533     -0.005343
  H      -2.747715      2.630271      0.039028
  N      -4.773876      4.366832      0.017806
  H      -5.580067      4.882792      0.351991
  H      -3.896447      4.747068      0.354362
14
Coordinates from ORCA-job a_opt_2 E -287.239119204115
  C      -4.885681      2.982263      0.042893
  C      -6.149688      2.358917      0.027382
  C      -6.255652      0.968678     -0.001187
  C      -5.112877      0.162719     -0.014361
  C      -3.855764      0.775186      0.002108
  C      -3.737868      2.164425      0.030691
  H      -7.052678      2.976763      0.034559
  H      -7.248144      0.509447     -0.011584
  H      -5.200638     -0.925860     -0.035289
  H      -2.949349      0.163320     -0.005728
  H      -2.747681      2.629777      0.040320
  N      -4.773970      4.366081      0.020403
  H      -5.580134      4.884830      0.349547
  H      -3.895986      4.749054      0.351675
14
Coordinates from ORCA-job a_opt_2 E -287.239120079726
  C      -4.885693      2.982071      0.043335
  C      -6.149597      2.358643      0.027586
  C      -6.255594      0.968452     -0.001219
  C      -5.112906      0.162344     -0.014403
  C      -3.855860      0.774975      0.002082
  C      -3.738000      2.164171      0.030908
  H      -7.052564      2.976530      0.034760
  H      -7.248158      0.509364     -0.011763
  H      -5.200664     -0.926215     -0.035688
  H      -2.949352      0.163234     -0.005900
  H      -2.747825      2.629557      0.040545
  N      -4.774000      4.365826      0.021733
  H      -5.579854      4.886196      0.348717
  H      -3.896042      4.750452      0.350736
