23
Coordinates from ORCA-job opt
  C   -1.05354596271083      1.42135243576665     -0.73549220185663
  C   -1.76717691585433      0.81968690597605      0.22444324622836
  C   -0.91604797271676     -0.21504620254596      0.92339098529051
  C   -3.18658916550982      1.06760146729181      0.62043996179919
  H   -3.65177058285626      1.84890976029203      0.00161745831760
  H   -3.25259686050292      1.37975261146372      1.67787971117939
  H   -3.79133874736600      0.14808169577577      0.52701048897989
  C   0.35705795446457      0.89749440001034     -0.79501799653405
  C   1.41588701773226      2.02006837281249     -0.63884945754235
  C   2.80881703463114      1.41251132710473     -0.63583732910559
  H   1.20967085252781      2.57392305919014      0.29049098629325
  H   1.34740263144453      2.70902449090648     -1.49554455642121
  C   3.37622781232091      1.19049215945855      0.75754145591531
  N   0.41123761481178     -0.07210345422347      0.31381604773552
  H   0.56307393880421      0.40954505459904     -1.76931562713006
  H   -1.34153580290440     -1.23063666814028      0.78694765203342
  H   -0.89469173408622     -0.03961126720342      2.01833030977159
  H   0.80199521648994     -0.96262165511348      0.02364954504097
  O   3.36130687691708      1.06897825383177     -1.65256833709520
  Cl  4.92950915132907      0.31373216343513      0.77168111918747
  H   2.62051255229742      0.61607693324621      1.31840686987001
  H   3.50773757250952      2.16097047317234      1.26235402519175
  H   -1.41589248177270      2.21265768289335     -1.39571435714913
