23
Coordinates from ORCA-job opt E -901.454278464137
  C      -1.030270      1.319000     -0.822660
  C      -1.735870      0.865220      0.215160
  C      -0.883050      0.023050      1.093980
  C      -3.161300      1.131440      0.533750
  H      -3.625740      1.781290     -0.215030
  H      -3.249530      1.622480      1.507800
  H      -3.726590      0.194810      0.564170
  C       0.378900      0.836520     -0.757960
  C       1.351620      1.982750     -0.501700
  C       2.776940      1.491080     -0.608770
  H       1.202050      2.453840      0.477420
  H       1.218320      2.777850     -1.246510
  C       3.370680      0.838200      0.622030
  N       0.397210     -0.136230      0.366280
  H       0.637660      0.313150     -1.686360
  H      -1.334390     -0.957320      1.277970
  H      -0.703740      0.516770      2.054550
  H       0.371020     -1.069310     -0.051010
  O       3.374960      1.563440     -1.685390
  Cl      5.058070      1.346410      0.828670
  H       3.332180     -0.248850      0.517610
  H       2.829240      1.142960      1.520520
  H      -1.409120      1.962290     -1.604860
23
Coordinates from ORCA-job opt E -901.459260187620
  C      -1.054568      1.312454     -0.844749
  C      -1.746536      0.860404      0.209588
  C      -0.856585      0.011951      1.079960
  C      -3.172398      1.134628      0.566497
  H      -3.657706      1.789343     -0.172484
  H      -3.240784      1.625264      1.553077
  H      -3.748756      0.194787      0.620212
  C       0.377652      0.841453     -0.795896
  C       1.360079      1.996549     -0.545874
  C       2.793443      1.500413     -0.608141
  H       1.166305      2.468781      0.431298
  H       1.241703      2.776135     -1.314769
  C       3.353955      0.852618      0.652991
  N       0.410834     -0.143882      0.320403
  H       0.657734      0.333161     -1.735617
  H      -1.302701     -0.975078      1.292161
  H      -0.668076      0.509434      2.051089
  H       0.401926     -1.073727     -0.093031
  O       3.424693      1.549564     -1.644164
  Cl      5.075304      1.286418      0.901865
  H       3.275694     -0.239544      0.558448
  H       2.793945      1.168570      1.539785
  H      -1.445909      1.971143     -1.622990
23
Coordinates from ORCA-job opt E -901.460619834949
  C      -1.069192      1.311461     -0.861428
  C      -1.740546      0.855182      0.205213
  C      -0.819944     -0.002903      1.052137
  C      -3.155660      1.135957      0.606033
  H      -3.659681      1.799575     -0.112981
  H      -3.195896      1.615522      1.601364
  H      -3.739585      0.200121      0.678453
  C       0.370932      0.843344     -0.840653
  C       1.359928      2.002347     -0.593254
  C       2.794956      1.497287     -0.602056
  H       1.121225      2.480614      0.371839
  H       1.264221      2.758213     -1.388613
  C       3.308392      0.879889      0.702187
  N       0.420781     -0.154600      0.258878
  H       0.660196      0.357235     -1.791174
  H      -1.259308     -0.989806      1.286424
  H      -0.616692      0.489203      2.025826
  H       0.420296     -1.082477     -0.156473
  O       3.469517      1.523972     -1.600185
  Cl      5.058426      1.207594      0.961853
  H       3.166407     -0.209520      0.647803
  H       2.750698      1.246791      1.571839
  H      -1.470224      1.985838     -1.623372
23
Coordinates from ORCA-job opt E -901.461242977662
  C      -1.073270      1.312712     -0.869501
  C      -1.730305      0.847865      0.201831
  C      -0.792541     -0.019804      1.026358
  C      -3.135048      1.130137      0.632587
  H      -3.650616      1.803550     -0.068469
  H      -3.155084      1.596082      1.634927
  H      -3.722970      0.197501      0.712202
  C       0.367672      0.844784     -0.871241
  C       1.357624      2.009770     -0.622330
  C       2.793480      1.506043     -0.589275
  H       1.086406      2.498242      0.328235
  H       1.278622      2.743103     -1.439728
  C       3.268853      0.916790      0.745329
  N       0.427446     -0.164643      0.211637
  H       0.659676      0.378200     -1.830560
  H      -1.227298     -1.006412      1.270499
  H      -0.580164      0.464986      2.002241
  H       0.434346     -1.090185     -0.207834
  O       3.487097      1.487166     -1.573141
  Cl      5.046222      1.080826      0.971683
  H       3.021840     -0.154921      0.747865
  H       2.756952      1.369506      1.603294
  H      -1.479690      1.999546     -1.616948
23
Coordinates from ORCA-job opt E -901.461863401774
  C      -1.074358      1.317419     -0.869208
  C      -1.728585      0.840591      0.197773
  C      -0.791738     -0.053385      0.996023
  C      -3.121991      1.133228      0.650120
  H      -3.636541      1.828005     -0.029756
  H      -3.123755      1.576348      1.662424
  H      -3.722856      0.208957      0.722094
  C       0.359779      0.833641     -0.890594
  C       1.357820      1.996809     -0.631162
  C       2.792266      1.491969     -0.581298
  H       1.070210      2.490269      0.310873
  H       1.289255      2.716929     -1.460570
  C       3.268337      0.976852      0.782653
  N       0.412734     -0.194936      0.168656
  H       0.649250      0.389045     -1.860177
  H      -1.234121     -1.037575      1.234260
  H      -0.571627      0.412826      1.979098
  H       0.420995     -1.114936     -0.262274
  O       3.492359      1.446079     -1.561554
  Cl      5.056707      0.998217      0.946025
  H       2.926296     -0.063566      0.877358
  H       2.823573      1.533085      1.618090
  H      -1.474762      2.024969     -1.599194
23
Coordinates from ORCA-job opt E -901.462624544539
  C      -1.068195      1.321891     -0.864278
  C      -1.723609      0.832183      0.195424
  C      -0.791531     -0.078490      0.975935
  C      -3.111055      1.126634      0.656597
  H      -3.623254      1.836472     -0.008524
  H      -3.105022      1.551560      1.675902
  H      -3.718289      0.206679      0.716662
  C       0.359732      0.828888     -0.896247
  C       1.357796      1.994905     -0.628057
  C       2.790700      1.493419     -0.574180
  H       1.064804      2.494285      0.307881
  H       1.290856      2.705323     -1.465500
  C       3.266041      1.027510      0.801970
  N       0.408151     -0.211238      0.147002
  H       0.647925      0.399034     -1.871509
  H      -1.238051     -1.062714      1.202920
  H      -0.572384      0.373871      1.965167
  H       0.426317     -1.127781     -0.290695
  O       3.477108      1.401924     -1.564633
  Cl      5.044143      0.864459      0.913788
  H       2.807750      0.043461      0.979164
  H       2.912655      1.686113      1.607661
  H      -1.463340      2.042451     -1.582789
23
Coordinates from ORCA-job opt E -901.463413561771
  C      -1.058576      1.327918     -0.853985
  C      -1.721125      0.823814      0.194560
  C      -0.799027     -0.094984      0.968664
  C      -3.111050      1.112245      0.648442
  H      -3.618439      1.831057     -0.010475
  H      -3.110697      1.524919      1.672404
  H      -3.718157      0.191700      0.689210
  C       0.365539      0.831555     -0.885809
  C       1.360150      1.998732     -0.608945
  C       2.788936      1.493143     -0.572946
  H       1.079509      2.501238      0.328482
  H       1.286268      2.711329     -1.444138
  C       3.275409      1.064569      0.800790
  N       0.410915     -0.213917      0.150797
  H       0.652667      0.407575     -1.862979
  H      -1.247263     -1.082495      1.175043
  H      -0.589332      0.347004      1.964279
  H       0.446930     -1.128773     -0.289138
  O       3.442777      1.359530     -1.584039
  Cl      5.019585      0.714904      0.866686
  H       2.702682      0.157565      1.055470
  H       3.030847      1.817300      1.564949
  H      -1.449298      2.054913     -1.567660
23
Coordinates from ORCA-job opt E -901.463965413431
  C      -1.057907      1.333250     -0.847951
  C      -1.723951      0.816023      0.192383
  C      -0.804564     -0.111125      0.959732
  C      -3.116553      1.098673      0.644846
  H      -3.622153      1.825311     -0.007217
  H      -3.119947      1.499674      1.673858
  H      -3.723586      0.177109      0.671574
  C       0.367338      0.837669     -0.882119
  C       1.363451      2.002048     -0.599083
  C       2.790535      1.487872     -0.573859
  H       1.086865      2.501811      0.341363
  H       1.287360      2.719472     -1.430265
  C       3.289839      1.100901      0.804143
  N       0.413062     -0.213576      0.149060
  H       0.655858      0.420668     -1.862270
  H      -1.251186     -1.103407      1.147982
  H      -0.603052      0.317787      1.963186
  H       0.467445     -1.126437     -0.292557
  O       3.422062      1.316707     -1.592175
  Cl      4.984262      0.564699      0.840906
  H       2.622968      0.286822      1.137994
  H       3.158307      1.930994      1.515353
  H      -1.447204      2.067896     -1.555224
23
Coordinates from ORCA-job opt E -901.464339372335
  C      -1.057331      1.340729     -0.833971
  C      -1.739217      0.811960      0.191419
  C      -0.830883     -0.102367      0.983426
  C      -3.152989      1.071818      0.603797
  H      -3.651056      1.789173     -0.065500
  H      -3.192903      1.478103      1.630825
  H      -3.743346      0.137947      0.606534
  C       0.376275      0.861359     -0.842794
  C       1.370162      2.016610     -0.559807
  C       2.793525      1.482694     -0.588085
  H       1.128759      2.499853      0.400768
  H       1.276810      2.766843     -1.360966
  C       3.335550      1.097574      0.769587
  N       0.424572     -0.175958      0.210894
  H       0.668397      0.427338     -1.815954
  H      -1.266012     -1.106674      1.136580
  H      -0.660219      0.320683      1.995301
  H       0.515166     -1.092543     -0.216885
  O       3.374742      1.299308     -1.630911
  Cl      4.983559      0.433973      0.737458
  H       2.618724      0.352741      1.164529
  H       3.314341      1.974202      1.436452
  H      -1.447373      2.065477     -1.553036
23
Coordinates from ORCA-job opt E -901.464529761999
  C      -1.063560      1.343638     -0.833066
  C      -1.744570      0.810022      0.189645
  C      -0.833414     -0.114761      0.973004
  C      -3.156258      1.070078      0.608661
  H      -3.654294      1.793691     -0.053665
  H      -3.193643      1.466374      1.639597
  H      -3.749731      0.138168      0.609379
  C       0.370326      0.862449     -0.848966
  C       1.371681      2.014177     -0.568059
  C       2.796642      1.477250     -0.590909
  H       1.121047      2.488345      0.394523
  H       1.283352      2.765730     -1.368393
  C       3.345998      1.122738      0.779953
  N       0.418836     -0.177841      0.200728
  H       0.662112      0.433591     -1.824917
  H      -1.268046     -1.120780      1.117391
  H      -0.667625      0.293057      1.991978
  H       0.519502     -1.093049     -0.227482
  O       3.384040      1.280363     -1.625669
  Cl      4.961744      0.373546      0.746032
  H       2.610365      0.425523      1.219053
  H       3.377178      2.022235      1.415514
  H      -1.452432      2.076298     -1.544671
23
Coordinates from ORCA-job opt E -901.464607370879
  C      -1.063798      1.343756     -0.832040
  C      -1.746255      0.812292      0.190484
  C      -0.837367     -0.112235      0.976782
  C      -3.159127      1.071362      0.604799
  H      -3.655492      1.792893     -0.060857
  H      -3.200427      1.469323      1.634728
  H      -3.751225      0.138796      0.605820
  C       0.369663      0.864045     -0.845106
  C       1.371756      2.015120     -0.570389
  C       2.795862      1.477266     -0.595215
  H       1.124042      2.483449      0.395699
  H       1.282907      2.771201     -1.366354
  C       3.346346      1.116675      0.776392
  N       0.419336     -0.169152      0.212094
  H       0.659021      0.427753     -1.818650
  H      -1.271140     -1.119726      1.113240
  H      -0.679420      0.290144      1.998859
  H       0.528389     -1.086128     -0.210415
  O       3.387203      1.287156     -1.629075
  Cl      4.974577      0.390617      0.731890
  H       2.629007      0.401322      1.212629
  H       3.367724      2.010397      1.419856
  H      -1.452330      2.074517     -1.545512
23
Coordinates from ORCA-job opt E -901.464655691728
  C      -1.061554      1.346466     -0.826098
  C      -1.749057      0.812871      0.191665
  C      -0.847227     -0.117141      0.977587
  C      -3.163479      1.071197      0.598817
  H      -3.655293      1.795049     -0.067465
  H      -3.210386      1.465479      1.629657
  H      -3.755777      0.139047      0.593519
  C       0.369679      0.864930     -0.836863
  C       1.373808      2.015202     -0.568012
  C       2.796256      1.476705     -0.600573
  H       1.132557      2.477828      0.402278
  H       1.281759      2.775756     -1.359163
  C       3.353702      1.122129      0.769860
  N       0.417686     -0.162291      0.226387
  H       0.654758      0.421859     -1.808650
  H      -1.282062     -1.126556      1.095592
  H      -0.702912      0.271831      2.006557
  H       0.543905     -1.080271     -0.189092
  O       3.381779      1.280554     -1.637238
  Cl      4.976822      0.383718      0.714712
  H       2.639877      0.414486      1.222449
  H       3.391199      2.022836      1.402705
  H      -1.446787      2.079158     -1.538971
23
Coordinates from ORCA-job opt E -901.464693115857
  C      -1.059118      1.351829     -0.818144
  C      -1.751370      0.813276      0.193761
  C      -0.856317     -0.124708      0.975951
  C      -3.167000      1.070560      0.595793
  H      -3.654914      1.798729     -0.068562
  H      -3.218330      1.458473      1.628777
  H      -3.760119      0.139058      0.582567
  C       0.369512      0.866720     -0.829837
  C       1.377139      2.016201     -0.569832
  C       2.796906      1.474338     -0.606054
  H       1.141449      2.478369      0.401907
  H       1.283083      2.776464     -1.360976
  C       3.358251      1.128722      0.764287
  N       0.417410     -0.153533      0.239634
  H       0.648422      0.416804     -1.800438
  H      -1.291948     -1.136579      1.070781
  H      -0.728027      0.246318      2.013649
  H       0.568731     -1.072099     -0.165579
  O       3.378075      1.269620     -1.643889
  Cl      4.972338      0.369651      0.706868
  H       2.641919      0.435491      1.234411
  H       3.414212      2.038431      1.382957
  H      -1.441053      2.088708     -1.528374
23
Coordinates from ORCA-job opt E -901.464749202856
  C      -1.055760      1.362547     -0.803426
  C      -1.755115      0.813840      0.198251
  C      -0.870839     -0.139623      0.971282
  C      -3.172438      1.069619      0.594074
  H      -3.654579      1.806418     -0.064909
  H      -3.229716      1.445173      1.631332
  H      -3.767510      0.139617      0.566569
  C       0.368944      0.870761     -0.818964
  C       1.383888      2.019048     -0.577402
  C       2.799348      1.469606     -0.614524
  H       1.155606      2.488829      0.392312
  H       1.288023      2.772051     -1.375189
  C       3.364027      1.138737      0.756665
  N       0.416994     -0.137780      0.260640
  H       0.636514      0.410072     -1.788171
  H      -1.306715     -1.155236      1.024371
  H      -0.769579      0.198097      2.023415
  H       0.615925     -1.055861     -0.123734
  O       3.374825      1.248289     -1.652523
  Cl      4.963403      0.347441      0.702768
  H       2.640773      0.470021      1.250910
  H       3.445629      2.061256      1.353516
  H      -1.432397      2.107914     -1.507602
23
Coordinates from ORCA-job opt E -901.464831665614
  C      -1.052390      1.378964     -0.781914
  C      -1.759991      0.814748      0.205474
  C      -0.889132     -0.161578      0.962413
  C      -3.179319      1.068279      0.595486
  H      -3.654567      1.817913     -0.053980
  H      -3.243196      1.425439      1.638912
  H      -3.777178      0.140753      0.547453
  C       0.367536      0.877653     -0.805178
  C       1.394021      2.023225     -0.592504
  C       2.803641      1.460886     -0.625097
  H       1.174050      2.512849      0.369199
  H       1.298210      2.759025     -1.406155
  C       3.369869      1.150631      0.748912
  N       0.415779     -0.114931      0.287508
  H       0.618635      0.403501     -1.773194
  H      -1.322931     -1.180671      0.956230
  H      -0.823063      0.127438      2.031928
  H       0.683290     -1.028471     -0.063583
  O       3.373270      1.215098     -1.661099
  Cl      4.950972      0.321908      0.706757
  H       2.635758      0.513698      1.268798
  H       3.478301      2.087329      1.319259
  H      -1.422317      2.137155     -1.475966
23
Coordinates from ORCA-job opt E -901.464913729090
  C      -1.050760      1.396015     -0.760703
  C      -1.763871      0.815972      0.213459
  C      -0.904077     -0.184447      0.950037
  C      -3.184320      1.067656      0.602030
  H      -3.654084      1.830744     -0.035745
  H      -3.251786      1.405808      1.651601
  H      -3.785346      0.143305      0.533760
  C       0.365183      0.885114     -0.794925
  C       1.404067      2.025919     -0.612082
  C       2.808223      1.449052     -0.633431
  H       1.189856      2.543630      0.336163
  H       1.312080      2.738241     -1.446792
  C       3.372621      1.161557      0.746164
  N       0.413761     -0.093067      0.308555
  H       0.599196      0.400532     -1.763248
  H      -1.334004     -1.204443      0.885825
  H      -0.866700      0.055080      2.033140
  H       0.747415     -0.997601     -0.007032
  O       3.374460      1.176542     -1.664547
  Cl      4.938869      0.305033      0.722728
  H       2.626601      0.552659      1.283062
  H       3.497043      2.109632      1.294192
  H      -1.415177      2.167907     -1.442549
23
Coordinates from ORCA-job opt E -901.464954051848
  C      -1.051348      1.409262     -0.745802
  C      -1.765596      0.817329      0.220024
  C      -0.911702     -0.202255      0.937221
  C      -3.185968      1.067589      0.611756
  H      -3.652914      1.841033     -0.015617
  H      -3.253193      1.391296      1.665836
  H      -3.789498      0.146046      0.528923
  C       0.362304      0.891498     -0.791878
  C       1.411176      2.025791     -0.629920
  C       2.810949      1.435775     -0.637292
  H       1.199742      2.568618      0.304902
  H       1.326963      2.718313     -1.482007
  C       3.371754      1.171616      0.749835
  N       0.412433     -0.078212      0.317095
  H       0.582274      0.402352     -1.762239
  H      -1.338035     -1.221000      0.830619
  H      -0.888037     -0.000010      2.028078
  H       0.790031     -0.973682      0.025796
  O       3.375741      1.137729     -1.661744
  Cl      4.927176      0.296954      0.746423
  H       2.615170      0.584042      1.295978
  H       3.503221      2.128722      1.280108
  H      -1.413393      2.192034     -1.416434
23
Coordinates from ORCA-job opt E -901.464965084724
  C      -1.052488      1.412697     -0.742918
  C      -1.765719      0.818046      0.221766
  C      -0.912087     -0.206073      0.933353
  C      -3.185821      1.067490      0.615425
  H      -3.652563      1.843057     -0.009479
  H      -3.252205      1.388249      1.670366
  H      -3.789549      0.146436      0.529581
  C       0.360904      0.893687     -0.793413
  C       1.412587      2.024540     -0.634310
  C       2.810892      1.429740     -0.636972
  H       1.201973      2.573311      0.297208
  H       1.333375      2.713936     -1.489496
  C       3.371223      1.175661      0.753316
  N       0.412443     -0.075627      0.315526
  H       0.576651      0.405136     -1.765213
  H      -1.337690     -1.224142      0.817874
  H      -0.887311     -0.011553      2.025332
  H       0.795500     -0.969477      0.025899
  O       3.374347      1.120783     -1.658730
  Cl      4.924963      0.298908      0.755819
  H       2.612824      0.592299      1.301268
  H       3.502148      2.135891      1.277830
  H      -1.415146      2.197844     -1.410372
23
Coordinates from ORCA-job opt E -901.464973056682
  C      -1.053195      1.416591     -0.739302
  C      -1.766307      0.818863      0.223439
  C      -0.913697     -0.210131      0.929342
  C      -3.186260      1.067321      0.617944
  H      -3.652202      1.845269     -0.004555
  H      -3.252656      1.384560      1.673839
  H      -3.790128      0.146821      0.528442
  C       0.359234      0.895708     -0.794038
  C       1.414128      2.022656     -0.637256
  C       2.810379      1.422548     -0.636845
  H       1.205604      2.575085      0.292498
  H       1.340088      2.711132     -1.493773
  C       3.372693      1.181583      0.755752
  N       0.411964     -0.073358      0.315038
  H       0.570101      0.407403     -1.767088
  H      -1.338824     -1.227133      0.803753
  H      -0.889458     -0.024393      2.022603
  H       0.799496     -0.965585      0.026125
  O       3.370234      1.099560     -1.656190
  Cl      4.925355      0.303546      0.763022
  H       2.614629      0.602425      1.308342
  H       3.504073      2.146060      1.272114
  H      -1.416000      2.204311     -1.403546
23
Coordinates from ORCA-job opt E -901.464977205580
  C      -1.053425      1.419073     -0.737194
  C      -1.766755      0.819365      0.224137
  C      -0.914882     -0.212588      0.926479
  C      -3.186502      1.067386      0.619207
  H      -3.651965      1.846960     -0.001596
  H      -3.252865      1.382156      1.675823
  H      -3.790662      0.147317      0.527584
  C       0.358083      0.896691     -0.794476
  C       1.415024      2.021224     -0.638211
  C       2.809645      1.417427     -0.636458
  H       1.207916      2.574595      0.291256
  H       1.344096      2.710031     -1.494786
  C       3.374390      1.186077      0.756817
  N       0.411609     -0.072559      0.314498
  H       0.566146      0.408575     -1.768235
  H      -1.340102     -1.228848      0.795102
  H      -0.891729     -0.032153      2.020561
  H       0.800759     -0.963946      0.024952
  O       3.366014      1.084148     -1.654434
  Cl      4.927262      0.308586      0.767324
  H       2.617512      0.609182      1.313406
  H       3.505781      2.153610      1.267333
  H      -1.416100      2.208528     -1.399427
23
Coordinates from ORCA-job opt E -901.464980222348
  C      -1.053546      1.421352     -0.735492
  C      -1.767177      0.819687      0.224443
  C      -0.916048     -0.215046      0.923391
  C      -3.186589      1.067601      0.620440
  H      -3.651771      1.848910      0.001617
  H      -3.252597      1.379753      1.677880
  H      -3.791339      0.148082      0.527010
  C       0.357058      0.897494     -0.795018
  C       1.415887      2.020068     -0.638849
  C       2.808817      1.412511     -0.635837
  H       1.209671      2.573923      0.290491
  H       1.347403      2.709024     -1.495545
  C       3.376228      1.190492      0.757541
  N       0.411238     -0.072103      0.313816
  H       0.563074      0.409545     -1.769316
  H      -1.341536     -1.230637      0.786948
  H      -0.894692     -0.039611      2.018330
  H       0.801995     -0.962622      0.023650
  O       3.361307      1.068978     -1.652568
  Cl      4.929509      0.313732      0.771681
  H       2.620513      0.616077      1.318407
  H       3.507738      2.160970      1.262354
  H      -1.415892      2.212658     -1.395714
