13
Coordinates from ORCA-job opt E -324.078248831414
  C      -6.356820      0.981930     -0.000010
  C      -7.697000      0.582080      0.000000
  C      -8.019480     -0.777730      0.000020
  C      -7.003780     -1.737730      0.000020
  C      -5.664550     -1.338170      0.000010
  C      -5.340150      0.021130     -0.000000
  C      -6.023000      2.376730     -0.000040
  H      -8.488650      1.321550     -0.000000
  H      -9.056660     -1.087310      0.000030
  H      -7.254410     -2.790870      0.000040
  H      -4.877980     -2.081760      0.000020
  H      -4.300070      0.324710     -0.000010
  N      -5.746640      3.499070     -0.000060
13
Coordinates from ORCA-job opt E -324.078757278069
  C      -6.356128      0.983198     -0.000015
  C      -7.702081      0.581329     -0.000001
  C      -8.021130     -0.777361      0.000019
  C      -7.003757     -1.737322      0.000027
  C      -5.662890     -1.338841      0.000014
  C      -5.335519      0.017824     -0.000007
  C      -6.021971      2.380393     -0.000037
  H      -8.497551      1.329173     -0.000005
  H      -9.067935     -1.089692      0.000028
  H      -7.256955     -2.800483      0.000043
  H      -4.869045     -2.089356      0.000021
  H      -4.288425      0.326916     -0.000017
  N      -5.745803      3.507850     -0.000051
13
Coordinates from ORCA-job opt E -324.078785073886
  C      -6.355848      0.983025     -0.000015
  C      -7.703471      0.580511     -0.000002
  C      -8.021183     -0.777589      0.000019
  C      -7.003855     -1.737525      0.000028
  C      -5.662944     -1.339340      0.000014
  C      -5.334294      0.016118     -0.000007
  C      -6.021870      2.380281     -0.000036
  H      -8.496389      1.331369     -0.000008
  H      -9.068511     -1.089598      0.000030
  H      -7.257283     -2.800992      0.000044
  H      -4.868597     -2.089918      0.000020
  H      -4.288069      0.328856     -0.000018
  N      -5.746877      3.508431     -0.000049
13
Coordinates from ORCA-job opt E -324.078797696694
  C      -6.355518      0.982419     -0.000015
  C      -7.704154      0.579672     -0.000002
  C      -8.021031     -0.778006      0.000019
  C      -7.004050     -1.738089      0.000028
  C      -5.663258     -1.340078      0.000014
  C      -5.333547      0.014512     -0.000008
  C      -6.021893      2.379342     -0.000036
  H      -8.493084      1.334444     -0.000009
  H      -9.068481     -1.089259      0.000030
  H      -7.257640     -2.801281      0.000045
  H      -4.868648     -2.090234      0.000020
  H      -4.289012      0.332216     -0.000018
  N      -5.748874      3.507974     -0.000048
13
Coordinates from ORCA-job opt E -324.078798876920
  C      -6.355402      0.982065     -0.000015
  C      -7.703931      0.579554     -0.000002
  C      -8.020998     -0.778131      0.000020
  C      -7.004121     -1.738305      0.000028
  C      -5.663335     -1.340373      0.000014
  C      -5.333586      0.014264     -0.000007
  C      -6.021900      2.378872     -0.000036
  H      -8.491620      1.335492     -0.000009
  H      -9.068402     -1.089133      0.000030
  H      -7.257764     -2.801331      0.000044
  H      -4.868747     -2.090384      0.000020
  H      -4.289576      0.333403     -0.000018
  N      -5.749809      3.507638     -0.000049
13
Coordinates from ORCA-job opt E -324.078799108996
  C      -6.355296      0.981837     -0.000015
  C      -7.703699      0.579575     -0.000002
  C      -8.021022     -0.778129      0.000019
  C      -7.004142     -1.738329      0.000027
  C      -5.663301     -1.340545      0.000014
  C      -5.333610      0.014193     -0.000007
  C      -6.021860      2.378664     -0.000036
  H      -8.490933      1.335961     -0.000008
  H      -9.068396     -1.089076      0.000030
  H      -7.257845     -2.801301      0.000044
  H      -4.868801     -2.090583      0.000020
  H      -4.289757      0.333789     -0.000018
  N      -5.750529      3.507576     -0.000049
