18
Coordinates from ORCA-job educts_combined_optfreq E -475.690808592766
  C      -6.191250      1.045790     -0.000000
  C      -7.375810      0.288260     -0.000000
  C      -7.339090     -1.107690     -0.000000
  C      -6.111180     -1.779320      0.000000
  C      -4.925660     -1.040470      0.000000
  C      -4.968190      0.358230     -0.000000
  C      -6.245540      2.555080      0.000000
  H      -5.238430      2.997560     -0.000000
  H      -6.780530      2.937920      0.886060
  H      -6.780530      2.937920     -0.886060
  H      -8.342130      0.802970      0.000000
  H      -8.273710     -1.675720     -0.000000
  H      -6.080230     -2.872500      0.000000
  H      -3.959930     -1.553890      0.000000
  H      -4.033070      0.926830     -0.000000
  N      -7.785050     -1.325940     -7.294350
  O      -7.662740     -0.212310     -7.294350
  O      -7.907430     -2.439570     -7.294350
18
Coordinates from ORCA-job educts_combined_optfreq E -475.690839489365
  C      -6.191986      1.045052     -0.004897
  C      -7.376030      0.288162     -0.005693
  C      -7.339541     -1.107433     -0.005880
  C      -6.112326     -1.779115     -0.005674
  C      -4.927262     -1.040360     -0.005179
  C      -4.969602      0.357870     -0.004864
  C      -6.245926      2.553001     -0.002520
  H      -5.239186      2.995253     -0.001811
  H      -6.780182      2.933525      0.884105
  H      -6.781983      2.937505     -0.887300
  H      -8.342020      0.803253     -0.004345
  H      -8.274374     -1.675249     -0.004450
  H      -6.081403     -2.872231     -0.004389
  H      -3.961726     -1.553548     -0.004106
  H      -4.034895      0.926332     -0.003544
  N      -7.780706     -1.322940     -7.274241
  O      -7.658533     -0.209381     -7.274333
  O      -7.902819     -2.436547     -7.273928
18
Coordinates from ORCA-job educts_combined_optfreq E -475.690880600093
  C      -6.192842      1.044489     -0.012167
  C      -7.376945      0.288472     -0.014168
  C      -7.340762     -1.106952     -0.014387
  C      -6.113858     -1.778928     -0.013805
  C      -4.928739     -1.040422     -0.012898
  C      -4.970761      0.357435     -0.012324
  C      -6.246118      2.551197     -0.003972
  H      -5.239726      2.993422     -0.001970
  H      -6.779006      2.927088      0.884900
  H      -6.784489      2.939961     -0.885550
  H      -8.342424      0.804406     -0.009247
  H      -8.275882     -1.674449     -0.008931
  H      -6.082995     -2.871998     -0.008613
  H      -3.963317     -1.553499     -0.008753
  H      -4.036347      0.925829     -0.007783
  N      -7.775435     -1.320944     -7.251150
  O      -7.653492     -0.207382     -7.251915
  O      -7.897365     -2.434575     -7.250318
18
Coordinates from ORCA-job educts_combined_optfreq E -475.690925998285
  C      -6.193702      1.044346     -0.021692
  C      -7.378558      0.289236     -0.025135
  C      -7.342752     -1.106314     -0.025177
  C      -6.115747     -1.778762     -0.024151
  C      -4.929985     -1.040802     -0.023191
  C      -4.971522      0.356972     -0.022509
  C      -6.245983      2.550583     -0.003046
  H      -5.239770      2.992973      0.000508
  H      -6.776301      2.919135      0.890481
  H      -6.788148      2.947115     -0.878829
  H      -8.343303      0.806407     -0.013525
  H      -8.278063     -1.673435     -0.012117
  H      -6.085001     -2.871775     -0.011382
  H      -3.964684     -1.554005     -0.013219
  H      -4.037202      0.925356     -0.012249
  N      -7.769824     -1.321280     -7.229042
  O      -7.648234     -0.207661     -7.231317
  O      -7.891718     -2.434939     -7.227457
18
Coordinates from ORCA-job educts_combined_optfreq E -475.690956890742
  C      -6.194655      1.044175     -0.030181
  C      -7.379900      0.289347     -0.034684
  C      -7.344474     -1.106352     -0.034872
  C      -6.117653     -1.779133     -0.033723
  C      -4.931582     -1.041631     -0.032753
  C      -4.972635      0.356290     -0.031781
  C      -6.246253      2.550803     -0.002848
  H      -5.239889      2.993158      0.000927
  H      -6.773766      2.913810      0.894983
  H      -6.791398      2.953728     -0.873785
  H      -8.344216      0.807167     -0.017596
  H      -8.279801     -1.673210     -0.015865
  H      -6.087068     -2.872085     -0.014999
  H      -3.966409     -1.555111     -0.018232
  H      -4.038152      0.924541     -0.017030
  N      -7.764071     -1.320776     -7.206487
  O      -7.642847     -0.207140     -7.209911
  O      -7.885731     -2.434433     -7.204213
18
Coordinates from ORCA-job educts_combined_optfreq E -475.690982684632
  C      -6.195684      1.043790     -0.036514
  C      -7.380932      0.288911     -0.041655
  C      -7.345849     -1.106830     -0.042345
  C      -6.119304     -1.779853     -0.041355
  C      -4.933237     -1.042529     -0.040248
  C      -4.973955      0.355507     -0.038756
  C      -6.246989      2.550723     -0.004539
  H      -5.240387      2.992753     -0.001785
  H      -6.772079      2.910948      0.895973
  H      -6.793936      2.956943     -0.872754
  H      -8.345179      0.806806     -0.021888
  H      -8.281215     -1.673503     -0.020779
  H      -6.088860     -2.872773     -0.020078
  H      -3.968159     -1.556207     -0.023813
  H      -4.039251      0.923473     -0.021948
  N      -7.758393     -1.318325     -7.183158
  O      -7.637478     -0.204681     -7.187035
  O      -7.879614     -2.432004     -7.180373
18
Coordinates from ORCA-job educts_combined_optfreq E -475.188285210553
  C      -6.196815      1.043403     -0.041717
  C      -7.382115      0.288252     -0.047092
  C      -7.347382     -1.107584     -0.048580
  C      -6.120903     -1.780868     -0.048102
  C      -4.934775     -1.043608     -0.047019
  C      -4.975245      0.354635     -0.044829
  C      -6.248032      2.550839     -0.006900
  H      -5.241025      2.992295     -0.006681
  H      -6.770140      2.909683      0.896043
  H      -6.796658      2.958918     -0.873091
  H      -8.346544      0.805857     -0.025983
  H      -8.282788     -1.674128     -0.026201
  H      -6.090620     -2.873794     -0.025975
  H      -3.969762     -1.557525     -0.030087
  H      -4.040170      0.922181     -0.027301
  N      -7.752484     -1.315120     -7.159562
  O      -7.631893     -0.201422     -7.163660
  O      -7.873149     -2.428865     -7.156314
18
Coordinates from ORCA-job educts_combined_optfreq E -475.707545337848
  C      -6.198732      1.043569     -0.045045
  C      -7.384407      0.286990     -0.049094
  C      -7.349991     -1.109490     -0.052310
  C      -6.122819     -1.782999     -0.053882
  C      -4.936193     -1.045332     -0.053998
  C      -4.976764      0.353556     -0.050755
  C      -6.249874      2.553078     -0.009110
  H      -5.241072      2.992249     -0.015838
  H      -6.766305      2.913153      0.897303
  H      -6.799397      2.961842     -0.874073
  H      -8.349938      0.802820     -0.028594
  H      -8.285268     -1.676213     -0.031914
  H      -6.092680     -2.876060     -0.033421
  H      -3.971108     -1.559760     -0.039160
  H      -4.040492      0.920298     -0.035421
  N      -7.745335     -1.311513     -7.135709
  O      -7.625323     -0.197437     -7.140078
  O      -7.864801     -2.425601     -7.131953
18
Coordinates from ORCA-job educts_combined_optfreq E -475.708429340104
  C      -6.201409      1.050964     -0.031002
  C      -7.399375      0.281111     -0.023049
  C      -7.367328     -1.117055     -0.034370
  C      -6.125834     -1.793728     -0.046843
  C      -4.928552     -1.053468     -0.057650
  C      -4.968940      0.350822     -0.049914
  C      -6.259466      2.576517     -0.004668
  H      -5.243419      3.003257     -0.073260
  H      -6.735346      2.951515      0.923846
  H      -6.817767      2.973649     -0.867167
  H      -8.373098      0.784472     -0.016856
  H      -8.300221     -1.685423     -0.038660
  H      -6.098161     -2.887738     -0.045962
  H      -3.963776     -1.573664     -0.063928
  H      -4.024674      0.911426     -0.055797
  N      -7.732067     -1.309982     -7.134123
  O      -7.611549     -0.181151     -7.137458
  O      -7.849519     -2.438375     -7.126188
18
Coordinates from ORCA-job educts_combined_optfreq E -475.709785874194
  C      -6.198218      1.045772     -0.042104
  C      -7.394401      0.286215     -0.044158
  C      -7.359856     -1.104935     -0.047515
  C      -6.124082     -1.779206     -0.049682
  C      -4.928427     -1.040078     -0.053423
  C      -4.967785      0.353445     -0.050655
  C      -6.249832      2.549869     -0.007284
  H      -5.240304      2.986506     -0.029069
  H      -6.758162      2.906687      0.906566
  H      -6.807520      2.954319     -0.869840
  H      -8.359509      0.800425     -0.029857
  H      -8.293413     -1.672172     -0.033967
  H      -6.094853     -2.871915     -0.033145
  H      -3.964840     -1.556329     -0.044955
  H      -4.031697      0.919759     -0.041287
  N      -7.743046     -1.311722     -7.138345
  O      -7.619975     -0.178597     -7.142784
  O      -7.864582     -2.444893     -7.131546
18
Coordinates from ORCA-job educts_combined_optfreq E -475.709928730644
  C      -6.195050      1.045336     -0.038364
  C      -7.392163      0.288032     -0.042381
  C      -7.357187     -1.100672     -0.043199
  C      -6.122750     -1.773417     -0.042582
  C      -4.925985     -1.035620     -0.044762
  C      -4.964062      0.354346     -0.043929
  C      -6.245232      2.542024     -0.007057
  H      -5.239849      2.985078     -0.015753
  H      -6.767613      2.896053      0.899082
  H      -6.805828      2.942176     -0.870354
  H      -8.354526      0.806998     -0.029558
  H      -8.290306     -1.669125     -0.028303
  H      -6.093232     -2.865880     -0.025258
  H      -3.963809     -1.553043     -0.034893
  H      -4.030724      0.922973     -0.033737
  N      -7.751175     -1.314038     -7.161169
  O      -7.626312     -0.178743     -7.165681
  O      -7.874696     -2.449329     -7.155155
18
Coordinates from ORCA-job educts_combined_optfreq E -475.709967918619
  C      -6.192979      1.045911     -0.031886
  C      -7.390793      0.288590     -0.035164
  C      -7.356163     -1.100013     -0.035601
  C      -6.121650     -1.772276     -0.035104
  C      -4.923987     -1.035312     -0.037631
  C      -4.961512      0.354525     -0.037300
  C      -6.243644      2.542252     -0.005311
  H      -5.239868      2.988493     -0.013138
  H      -6.770561      2.898708      0.897476
  H      -6.806328      2.937723     -0.869609
  H      -8.352382      0.809168     -0.025033
  H      -8.288698     -1.669497     -0.023199
  H      -6.092158     -2.864807     -0.020460
  H      -3.962755     -1.554483     -0.029686
  H      -4.028740      0.924060     -0.029615
  N      -7.756622     -1.316639     -7.184266
  O      -7.630939     -0.181164     -7.188611
  O      -7.880723     -2.452088     -7.178913
18
Coordinates from ORCA-job educts_combined_optfreq E -475.709998815875
  C      -6.190799      1.046525     -0.025554
  C      -7.389376      0.289260     -0.027824
  C      -7.355453     -1.099466     -0.028128
  C      -6.120754     -1.771414     -0.028266
  C      -4.922113     -1.035453     -0.031430
  C      -4.959010      0.354565     -0.031373
  C      -6.242156      2.543223     -0.002879
  H      -5.239894      2.992753     -0.010553
  H      -6.773288      2.902088      0.896959
  H      -6.807388      2.934593     -0.867526
  H      -8.350000      0.811807     -0.019671
  H      -8.287245     -1.670109     -0.017655
  H      -6.091237     -2.864036     -0.015979
  H      -3.962048     -1.556970     -0.025221
  H      -4.026723      0.925220     -0.026152
  N      -7.761826     -1.319793     -7.207319
  O      -7.635252     -0.184432     -7.211711
  O      -7.885938     -2.455211     -7.202766
18
Coordinates from ORCA-job educts_combined_optfreq E -475.710023544079
  C      -6.189422      1.047000     -0.020041
  C      -7.388181      0.289984     -0.021649
  C      -7.354378     -1.098723     -0.021589
  C      -6.119406     -1.770642     -0.021913
  C      -4.920659     -1.034914     -0.025427
  C      -4.957567      0.355268     -0.025633
  C      -6.241360      2.543882     -0.000010
  H      -5.239567      2.994252     -0.007227
  H      -6.774361      2.904418      0.898088
  H      -6.806039      2.933256     -0.865980
  H      -8.348507      0.813159     -0.014402
  H      -8.285969     -1.669660     -0.011993
  H      -6.089799     -2.863284     -0.010852
  H      -3.960854     -1.556965     -0.020117
  H      -4.025563      0.926371     -0.021514
  N      -7.767454     -1.323351     -7.230803
  O      -7.640266     -0.188213     -7.235101
  O      -7.891149     -2.458688     -7.226886
18
Coordinates from ORCA-job educts_combined_optfreq E -475.710073356564
  C      -6.187909      1.047652     -0.015109
  C      -7.387033      0.290949     -0.015934
  C      -7.353639     -1.097694     -0.015700
  C      -6.118417     -1.769635     -0.016675
  C      -4.919448     -1.034328     -0.020754
  C      -4.956104      0.356000     -0.020985
  C      -6.240392      2.544782      0.003837
  H      -5.239021      2.996111     -0.003068
  H      -6.775049      2.906063      0.900785
  H      -6.805146      2.933161     -0.862563
  H      -8.346794      0.815182     -0.008158
  H      -8.284895     -1.669110     -0.005613
  H      -6.088702     -2.862286     -0.005877
  H      -3.960187     -1.557429     -0.015714
  H      -4.024390      0.927663     -0.017413
  N      -7.773341     -1.327786     -7.254164
  O      -7.644995     -0.192814     -7.258736
  O      -7.895038     -2.463330     -7.251207
18
Coordinates from ORCA-job educts_combined_optfreq E -475.710099112276
  C      -6.186766      1.048321     -0.010377
  C      -7.385853      0.291787     -0.010737
  C      -7.352430     -1.096701     -0.010057
  C      -6.117084     -1.768690     -0.011070
  C      -4.918252     -1.033356     -0.015391
  C      -4.954951      0.357039     -0.015865
  C      -6.239879      2.545393      0.007401
  H      -5.238561      2.996746      0.001056
  H      -6.775188      2.907219      0.903604
  H      -6.803276      2.933039     -0.860222
  H      -8.345570      0.816068     -0.002729
  H      -8.283731     -1.668043      0.000313
  H      -6.087380     -2.861325     -0.000374
  H      -3.958919     -1.556292     -0.010445
  H      -4.023316      0.928706     -0.012365
  N      -7.778294     -1.332096     -7.277827
  O      -7.650009     -0.197140     -7.282519
  O      -7.901041     -2.467527     -7.275447
18
Coordinates from ORCA-job educts_combined_optfreq E -475.710128954124
  C      -6.185565      1.049629     -0.007170
  C      -7.384603      0.293052     -0.007048
  C      -7.351529     -1.095187     -0.006210
  C      -6.116362     -1.767351     -0.007850
  C      -4.917666     -1.031993     -0.012612
  C      -4.953944      0.358397     -0.012940
  C      -6.239456      2.546574      0.013092
  H      -5.237901      2.997646      0.006720
  H      -6.773711      2.906441      0.910581
  H      -6.802248      2.935798     -0.854148
  H      -8.344236      0.817346      0.004283
  H      -8.282933     -1.666317      0.007384
  H      -6.086821     -2.859945      0.005081
  H      -3.958335     -1.554849     -0.006198
  H      -4.022073      0.929610     -0.007824
  N      -7.781351     -1.338579     -7.301134
  O      -7.654222     -0.203212     -7.307068
  O      -7.907544     -2.473907     -7.299986
18
Coordinates from ORCA-job educts_combined_optfreq E -475.710158953643
  C      -6.184375      1.051127     -0.003498
  C      -7.383343      0.294292     -0.002785
  C      -7.350655     -1.093749     -0.002096
  C      -6.115793     -1.766026     -0.004630
  C      -4.917266     -1.030660     -0.009839
  C      -4.953038      0.359730     -0.009784
  C      -6.238830      2.547963      0.018799
  H      -5.237272      2.998954      0.011293
  H      -6.771387      2.906248      0.917801
  H      -6.802088      2.938107     -0.847698
  H      -8.343009      0.818496      0.011726
  H      -8.282135     -1.664676      0.014263
  H      -6.086438     -2.858584      0.009938
  H      -3.957926     -1.553461     -0.002497
  H      -4.020838      0.930270     -0.003446
  N      -7.783940     -1.345167     -7.323687
  O      -7.658234     -0.209499     -7.331738
  O      -7.913934     -2.480213     -7.325172
18
Coordinates from ORCA-job educts_combined_optfreq E -475.710234110109
  C      -6.183515      1.055363     -0.003876
  C      -7.381999      0.296690     -0.002211
  C      -7.350996     -1.090952     -0.004075
  C      -6.118030     -1.763720     -0.010553
  C      -4.920098     -1.028119     -0.016684
  C      -4.953601      0.362050     -0.013730
  C      -6.238286      2.551695      0.030805
  H      -5.236421      3.001602      0.014646
  H      -6.759057      2.901728      0.939607
  H      -6.808550      2.947904     -0.828195
  H      -8.342217      0.819676      0.025501
  H      -8.282901     -1.660768      0.022954
  H      -6.089528     -2.856160      0.010854
  H      -3.960598     -1.550534     -0.005597
  H      -4.019503      0.929084     -0.001907
  N      -7.776395     -1.358538     -7.336014
  O      -7.657818     -0.221413     -7.354699
  O      -7.920988     -2.492435     -7.349877
18
Coordinates from ORCA-job educts_combined_optfreq E -475.710607978173
  C      -6.183383      1.058455     -0.003821
  C      -7.380336      0.297455     -0.002847
  C      -7.350213     -1.089251     -0.007285
  C      -6.119841     -1.762172     -0.015504
  C      -4.922946     -1.025759     -0.020347
  C      -4.954750      0.363780     -0.014550
  C      -6.239090      2.552706      0.035583
  H      -5.237853      3.002422      0.007302
  H      -6.745971      2.898831      0.952888
  H      -6.817957      2.948520     -0.817885
  H      -8.341805      0.817824      0.032265
  H      -8.283304     -1.656957      0.024151
  H      -6.092591     -2.854538      0.007614
  H      -3.962160     -1.545706     -0.008608
  H      -4.018709      0.926396      0.000687
  N      -7.759353     -1.366004     -7.326934
  O      -7.656123     -0.226824     -7.362308
  O      -7.934116     -2.496028     -7.363451
18
Coordinates from ORCA-job educts_combined_optfreq E -475.710632714131
  C      -6.182170      1.058987      0.001052
  C      -7.379172      0.298242      0.002462
  C      -7.349008     -1.088320     -0.001413
  C      -6.118441     -1.761236     -0.009521
  C      -4.921569     -1.024905     -0.014598
  C      -4.953459      0.364709     -0.009189
  C      -6.238468      2.553235      0.038802
  H      -5.237373      3.003280      0.011532
  H      -6.746825      2.900166      0.954921
  H      -6.815971      2.948022     -0.816086
  H      -8.340480      0.818879      0.037224
  H      -8.282053     -1.656102      0.029877
  H      -6.091163     -2.853592      0.013235
  H      -3.960827     -1.544905     -0.003076
  H      -4.017608      0.927577      0.005705
  N      -7.764827     -1.370014     -7.350828
  O      -7.661234     -0.230936     -7.385830
  O      -7.939853     -2.499937     -7.387320
18
Coordinates from ORCA-job educts_combined_optfreq E -475.710657418779
  C      -6.180951      1.059587      0.005912
  C      -7.378013      0.299014      0.007751
  C      -7.347816     -1.087430      0.004408
  C      -6.117075     -1.760309     -0.003605
  C      -4.920228     -1.024058     -0.008907
  C      -4.952171      0.365626     -0.003866
  C      -6.237801      2.553857      0.042090
  H      -5.236870      3.004243      0.015694
  H      -6.747551      2.901602      0.957076
  H      -6.814102      2.947600     -0.814117
  H      -8.339177      0.819915      0.042228
  H      -8.280788     -1.655327      0.035596
  H      -6.089770     -2.852661      0.018834
  H      -3.959543     -1.544148      0.002439
  H      -4.016488      0.928718      0.010712
  N      -7.770283     -1.374078     -7.374685
  O      -7.666333     -0.235067     -7.409372
  O      -7.945539     -2.503933     -7.411236
18
Coordinates from ORCA-job educts_combined_optfreq E -475.710681602290
  C      -6.179743      1.060226      0.010759
  C      -7.376858      0.299775      0.013001
  C      -7.346622     -1.086567      0.010180
  C      -6.115722     -1.759390      0.002281
  C      -4.918905     -1.023204     -0.003222
  C      -4.950898      0.366542      0.001454
  C      -6.237099      2.554521      0.045406
  H      -5.236334      3.005245      0.019811
  H      -6.748185      2.903084      0.959294
  H      -6.812294      2.947206     -0.812055
  H      -8.337897      0.820916      0.047208
  H      -8.279512     -1.654590      0.041281
  H      -6.088388     -2.851740      0.024441
  H      -3.958269     -1.543375      0.007985
  H      -4.015365      0.929837      0.015744
  N      -7.775760     -1.378161     -7.398532
  O      -7.671448     -0.239212     -7.432915
  O      -7.951201     -2.507962     -7.435172
18
Coordinates from ORCA-job educts_combined_optfreq E -475.710705598565
  C      -6.178546      1.060889      0.015594
  C      -7.375708      0.300530      0.018210
  C      -7.345424     -1.085720      0.015908
  C      -6.114373     -1.758479      0.008150
  C      -4.917590     -1.022345      0.002470
  C      -4.949636      0.367459      0.006778
  C      -6.236373      2.555209      0.048742
  H      -5.235768      3.006262      0.023890
  H      -6.748742      2.904594      0.961563
  H      -6.810534      2.946836     -0.809919
  H      -8.336635      0.821887      0.052146
  H      -8.278232     -1.653871      0.046925
  H      -6.087008     -2.850826      0.030062
  H      -3.956994     -1.542581      0.013575
  H      -4.014243      0.930943      0.020808
  N      -7.781256     -1.382258     -7.422366
  O      -7.676584     -0.243367     -7.456460
  O      -7.956854     -2.512012     -7.459127
18
Coordinates from ORCA-job educts_combined_optfreq E -475.710729364877
  C      -6.177361      1.061572      0.020414
  C      -7.374560      0.301283      0.023380
  C      -7.344222     -1.084883      0.021593
  C      -6.113028     -1.757571      0.013998
  C      -4.916283     -1.021477      0.008163
  C      -4.948388      0.368380      0.012099
  C      -6.235628      2.555915      0.052102
  H      -5.235177      3.007283      0.027944
  H      -6.749225      2.906112      0.963890
  H      -6.808812      2.946497     -0.807710
  H      -8.335388      0.822833      0.057045
  H      -8.276948     -1.653160      0.052534
  H      -6.085630     -2.849915      0.035696
  H      -3.955719     -1.541762      0.019200
  H      -4.013124      0.932039      0.025896
  N      -7.786770     -1.386373     -7.446191
  O      -7.681739     -0.247538     -7.480006
  O      -7.962497     -2.516084     -7.483097
18
Coordinates from ORCA-job educts_combined_optfreq E -475.710753038389
  C      -6.176185      1.062270      0.025221
  C      -7.373413      0.302035      0.028512
  C      -7.343017     -1.084052      0.027236
  C      -6.111687     -1.756666      0.019827
  C      -4.914982     -1.020601      0.013857
  C      -4.947150      0.369303      0.017417
  C      -6.234869      2.556634      0.055484
  H      -5.234567      3.008306      0.031977
  H      -6.749643      2.907631      0.966272
  H      -6.807126      2.946190     -0.805434
  H      -8.334153      0.823760      0.061904
  H      -8.275663     -1.652452      0.058109
  H      -6.084253     -2.849007      0.041344
  H      -3.954442     -1.540924      0.024859
  H      -4.012007      0.933131      0.031004
  N      -7.792298     -1.390505     -7.470004
  O      -7.686911     -0.251724     -7.503554
  O      -7.968134     -2.520178     -7.507083
18
Coordinates from ORCA-job educts_combined_optfreq E -475.710776656034
  C      -6.175017      1.062980      0.030014
  C      -7.372269      0.302786      0.033609
  C      -7.341809     -1.083226      0.032843
  C      -6.110347     -1.755763      0.025642
  C      -4.913683     -1.019718      0.019553
  C      -4.945920      0.370230      0.022732
  C      -6.234098      2.557364      0.058885
  H      -5.233939      3.009327      0.035993
  H      -6.750005      2.909147      0.968704
  H      -6.805470      2.945913     -0.803097
  H      -8.332928      0.824671      0.066724
  H      -8.274376     -1.651746      0.063651
  H      -6.082876     -2.848100      0.047006
  H      -3.953163     -1.540069      0.030550
  H      -4.010894      0.934219      0.036131
  N      -7.797841     -1.394652     -7.493805
  O      -7.692100     -0.255924     -7.527103
  O      -7.973766     -2.524290     -7.531083
18
Coordinates from ORCA-job educts_combined_optfreq E -475.710800198619
  C      -6.173856      1.063702      0.034794
  C      -7.371124      0.303539      0.038675
  C      -7.340597     -1.082401      0.038416
  C      -6.109010     -1.754859      0.031441
  C      -4.912391     -1.018828      0.025249
  C      -4.944698      0.371161      0.028042
  C      -6.233318      2.558103      0.062307
  H      -5.233297      3.010345      0.039994
  H      -6.750311      2.910655      0.971186
  H      -6.803839      2.945665     -0.800704
  H      -8.331713      0.825567      0.071510
  H      -8.273089     -1.651038      0.069164
  H      -6.081500     -2.847192      0.052679
  H      -3.951885     -1.539197      0.036267
  H      -4.009783      0.935304      0.041274
  N      -7.803395     -1.398816     -7.517594
  O      -7.697303     -0.260138     -7.550652
  O      -7.979392     -2.528422     -7.555097
18
Coordinates from ORCA-job educts_combined_optfreq E -475.710823892810
  C      -6.172699      1.064431      0.039559
  C      -7.369980      0.304292      0.043705
  C      -7.339384     -1.081579      0.043956
  C      -6.107673     -1.753956      0.037229
  C      -4.911098     -1.017933      0.030951
  C      -4.943479      0.372095      0.033352
  C      -6.232530      2.558848      0.065743
  H      -5.232644      3.011362      0.043984
  H      -6.750574      2.912154      0.973710
  H      -6.802234      2.945446     -0.798259
  H      -8.330503      0.826455      0.076252
  H      -8.271800     -1.650331      0.074645
  H      -6.080121     -2.846285      0.058369
  H      -3.950604     -1.538318      0.042019
  H      -4.008674      0.936390      0.046432
  N      -7.808965     -1.402991     -7.541366
  O      -7.702526     -0.264362     -7.574204
  O      -7.985013     -2.532568     -7.579127
18
Coordinates from ORCA-job educts_combined_optfreq E -475.710848014494
  C      -6.171540      1.065177      0.044286
  C      -7.368830      0.305058      0.048685
  C      -7.338176     -1.080738      0.049434
  C      -6.106351     -1.753040      0.042950
  C      -4.909824     -1.017027      0.036591
  C      -4.942268      0.373037      0.038612
  C      -6.231740      2.559608      0.069244
  H      -5.231985      3.012380      0.047994
  H      -6.750762      2.913603      0.976361
  H      -6.800663      2.945309     -0.795693
  H      -8.329287      0.827353      0.081021
  H      -8.270517     -1.649601      0.080137
  H      -6.078760     -2.845363      0.064058
  H      -3.949347     -1.537432      0.047762
  H      -4.007568      0.937472      0.051592
  N      -7.814531     -1.407223     -7.565093
  O      -7.707753     -0.268641     -7.597782
  O      -7.990599     -2.536778     -7.603210
18
Coordinates from ORCA-job educts_combined_optfreq E -475.710871863623
  C      -6.170384      1.065931      0.049005
  C      -7.367681      0.305823      0.053645
  C      -7.336968     -1.079900      0.054891
  C      -6.105032     -1.752125      0.048664
  C      -4.908555     -1.016115      0.042234
  C      -4.941061      0.373984      0.043871
  C      -6.230946      2.560373      0.072756
  H      -5.231317      3.013396      0.051987
  H      -6.750908      2.915043      0.979045
  H      -6.799110      2.945186     -0.793093
  H      -8.328078      0.828241      0.085764
  H      -8.269234     -1.648872      0.085604
  H      -6.077401     -2.844441      0.069756
  H      -3.948091     -1.536536      0.053524
  H      -4.006460      0.938552      0.056763
  N      -7.820120     -1.411462     -7.588806
  O      -7.712992     -0.272928     -7.621356
  O      -7.996162     -2.541001     -7.627305
18
Coordinates from ORCA-job educts_combined_optfreq E -475.710895841563
  C      -6.169229      1.066691      0.053714
  C      -7.366531      0.306591      0.058582
  C      -7.335760     -1.079061      0.060324
  C      -6.103716     -1.751208      0.054368
  C      -4.907287     -1.015200      0.047878
  C      -4.939855      0.374933      0.049129
  C      -6.230146      2.561143      0.076282
  H      -5.230644      3.014414      0.055966
  H      -6.751017      2.916474      0.981768
  H      -6.797580      2.945084     -0.790451
  H      -8.326871      0.829126      0.090481
  H      -8.267953     -1.648140      0.091047
  H      -6.076044     -2.843518      0.075461
  H      -3.946836     -1.535634      0.059304
  H      -4.005352      0.939630      0.061944
  N      -7.825726     -1.415712     -7.612495
  O      -7.718244     -0.277224     -7.644931
  O      -8.001710     -2.545239     -7.651421
18
Coordinates from ORCA-job educts_combined_optfreq E -475.710919907730
  C      -6.168073      1.067457      0.058412
  C      -7.365381      0.307362      0.063493
  C      -7.334552     -1.078219      0.065729
  C      -6.102401     -1.750289      0.060058
  C      -4.906022     -1.014281      0.053518
  C      -4.938650      0.375885      0.054382
  C      -6.229343      2.561917      0.079824
  H      -5.229965      3.015432      0.059940
  H      -6.751091      2.917889      0.984529
  H      -6.796070      2.945006     -0.787766
  H      -8.325664      0.830011      0.095174
  H      -8.266672     -1.647405      0.096471
  H      -6.074689     -2.842592      0.081173
  H      -3.945584     -1.534729      0.065103
  H      -4.004243      0.940708      0.067136
  N      -7.831352     -1.419974     -7.636160
  O      -7.723512     -0.281532     -7.668507
  O      -8.007237     -2.549496     -7.675560
18
Coordinates from ORCA-job educts_combined_optfreq E -475.710943969670
  C      -6.166918      1.068230      0.063098
  C      -7.364227      0.308135      0.068382
  C      -7.333343     -1.077373      0.071110
  C      -6.101092     -1.749366      0.065730
  C      -4.904764     -1.013356      0.059149
  C      -4.937449      0.376841      0.059626
  C      -6.228537      2.562696      0.083384
  H      -5.229282      3.016449      0.063908
  H      -6.751126      2.919288      0.987336
  H      -6.794578      2.944949     -0.785039
  H      -8.324457      0.830893      0.099857
  H      -8.265392     -1.646663      0.101880
  H      -6.073339     -2.841662      0.086887
  H      -3.944338     -1.533815      0.070911
  H      -4.003134      0.941784      0.072337
  N      -7.836992     -1.424251     -7.659802
  O      -7.728788     -0.285857     -7.692086
  O      -8.012743     -2.553771     -7.699719
18
Coordinates from ORCA-job educts_combined_optfreq E -475.710968095487
  C      -6.165762      1.069009      0.067772
  C      -7.363071      0.308913      0.073251
  C      -7.332135     -1.076521      0.076467
  C      -6.099788     -1.748439      0.071383
  C      -4.903513     -1.012426      0.064764
  C      -4.936252      0.377800      0.064861
  C      -6.227728      2.563478      0.086966
  H      -5.228595      3.017465      0.067873
  H      -6.751124      2.920669      0.990191
  H      -6.793105      2.944917     -0.782266
  H      -8.323250      0.831776      0.104533
  H      -8.264113     -1.645912      0.107280
  H      -6.071997     -2.840725      0.092600
  H      -3.943099     -1.532895      0.076720
  H      -4.002026      0.942857      0.077543
  N      -7.842645     -1.428546     -7.683421
  O      -7.734070     -0.290201     -7.715669
  O      -8.018226     -2.558069     -7.723899
18
Coordinates from ORCA-job educts_combined_optfreq E -475.710992757485
  C      -6.164602      1.069789      0.072443
  C      -7.361915      0.309693      0.078103
  C      -7.330932     -1.075670      0.081807
  C      -6.098482     -1.747514      0.077033
  C      -4.902256     -1.011501      0.070387
  C      -4.935046      0.378758      0.070101
  C      -6.226919      2.564265      0.090551
  H      -5.227909      3.018490      0.071819
  H      -6.751105      2.922050      0.993060
  H      -6.791655      2.944894     -0.779468
  H      -8.322040      0.832668      0.109183
  H      -8.262838     -1.645163      0.112656
  H      -6.070652     -2.839793      0.098320
  H      -3.941859     -1.531989      0.082552
  H      -4.000912      0.943933      0.082763
  N      -7.848316     -1.432842     -7.707004
  O      -7.739373     -0.294543     -7.739249
  O      -8.023689     -2.562375     -7.748107
18
Coordinates from ORCA-job educts_combined_optfreq E -475.711017155412
  C      -6.163442      1.070574      0.077100
  C      -7.360755      0.310476      0.082936
  C      -7.329725     -1.074810      0.087125
  C      -6.097184     -1.746580      0.082660
  C      -4.901011     -1.010567      0.075993
  C      -4.933849      0.379721      0.075327
  C      -6.226107      2.565051      0.094155
  H      -5.227219      3.019509      0.075772
  H      -6.751055      2.923407      0.995971
  H      -6.790212      2.944890     -0.776634
  H      -8.320826      0.833560      0.113838
  H      -8.261561     -1.644403      0.118031
  H      -6.069315     -2.838849      0.104038
  H      -3.940630     -1.531072      0.088383
  H      -3.999802      0.945005      0.087988
  N      -7.854008     -1.437154     -7.730567
  O      -7.744680     -0.298907     -7.762831
  O      -8.029120     -2.566700     -7.772335
18
Coordinates from ORCA-job educts_combined_optfreq E -475.711042163007
  C      -6.162276      1.071357      0.081753
  C      -7.359594      0.311260      0.087750
  C      -7.328521     -1.073949      0.092427
  C      -6.095882     -1.745649      0.088288
  C      -4.899759     -1.009637      0.081610
  C      -4.932643      0.380682      0.080562
  C      -6.225295      2.565838      0.097758
  H      -5.226532      3.020533      0.079707
  H      -6.750994      2.924762      0.998888
  H      -6.788787      2.944890     -0.773788
  H      -8.319608      0.834459      0.118466
  H      -8.260285     -1.643645      0.123387
  H      -6.067976     -2.837908      0.109762
  H      -3.939396     -1.530165      0.094242
  H      -3.998687      0.946081      0.093231
  N      -7.859718     -1.441464     -7.754092
  O      -7.750010     -0.303267     -7.786412
  O      -8.034536     -2.571028     -7.796590
18
Coordinates from ORCA-job educts_combined_optfreq E -475.711067117311
  C      -6.161109      1.072143      0.086398
  C      -7.358429      0.312045      0.092550
  C      -7.327316     -1.073083      0.097713
  C      -6.094583     -1.744711      0.093903
  C      -4.898514     -1.008704      0.087220
  C      -4.931440      0.381646      0.085793
  C      -6.224483      2.566624      0.101372
  H      -5.225845      3.021554      0.083643
  H      -6.750915      2.926103      1.001828
  H      -6.787366      2.944899     -0.770921
  H      -8.318386      0.835361      0.123092
  H      -8.259007     -1.642880      0.128736
  H      -6.066641     -2.836961      0.115485
  H      -3.938171     -1.529255      0.100106
  H      -3.997574      0.947155      0.098484
  N      -7.865449     -1.445781     -7.777595
  O      -7.755349     -0.307638     -7.809992
  O      -8.039922     -2.575368     -7.820863
18
Coordinates from ORCA-job educts_combined_optfreq E -475.711092072842
  C      -6.159940      1.072932      0.091033
  C      -7.357260      0.312835      0.097340
  C      -7.326111     -1.072208      0.102983
  C      -6.093291     -1.743766      0.099497
  C      -4.897279     -1.007764      0.092809
  C      -4.930241      0.382614      0.091012
  C      -6.223672      2.567411      0.105003
  H      -5.225158      3.022572      0.087581
  H      -6.750810      2.927425      1.004806
  H      -6.785955      2.944922     -0.768025
  H      -8.317159      0.836264      0.127732
  H      -8.257730     -1.642103      0.134087
  H      -6.065316     -2.836004      0.121199
  H      -3.936956     -1.528339      0.105958
  H      -3.996461      0.948226      0.103737
  N      -7.871188     -1.450113     -7.801076
  O      -7.760688     -0.312028     -7.833573
  O      -8.045283     -2.579724     -7.845153
18
Coordinates from ORCA-job educts_combined_optfreq E -475.711163888985
  C      -6.159477      1.071791      0.092284
  C      -7.357550      0.311953      0.097131
  C      -7.326011     -1.073535      0.104098
  C      -6.091730     -1.745015      0.103500
  C      -4.894949     -1.009037      0.098224
  C      -4.928801      0.381761      0.094927
  C      -6.223646      2.567017      0.101168
  H      -5.225708      3.023483      0.084604
  H      -6.754280      2.930629      0.997878
  H      -6.785999      2.941673     -0.773021
  H      -8.317045      0.836573      0.121864
  H      -8.257272     -1.644200      0.130948
  H      -6.063342     -2.837368      0.123337
  H      -3.934967     -1.530368      0.111591
  H      -3.995859      0.949136      0.106333
  N      -7.872740     -1.446732     -7.799299
  O      -7.763738     -0.308152     -7.832805
  O      -8.047386     -2.576459     -7.845812
18
Coordinates from ORCA-job educts_combined_optfreq E -475.711362816498
  C      -6.157267      1.065905      0.095569
  C      -7.357213      0.307361      0.092052
  C      -7.323344     -1.078878      0.106019
  C      -6.084113     -1.749215      0.120640
  C      -4.885936     -1.013819      0.123635
  C      -4.923594      0.378481      0.113023
  C      -6.223168      2.563555      0.083479
  H      -5.227890      3.025280      0.077276
  H      -6.773290      2.942058      0.963757
  H      -6.780644      2.927683     -0.798264
  H      -8.314533      0.837094      0.093755
  H      -8.252559     -1.653058      0.116635
  H      -6.053850     -2.841711      0.135146
  H      -3.927308     -1.538050      0.142183
  H      -3.995005      0.953819      0.122062
  N      -7.884919     -1.430811     -7.789814
  O      -7.781223     -0.291942     -7.829587
  O      -8.054643     -2.560600     -7.850615
18
Coordinates from ORCA-job educts_combined_optfreq E -475.711561332957
  C      -6.154367      1.059863      0.096368
  C      -7.355770      0.303043      0.083969
  C      -7.320322     -1.082604      0.104883
  C      -6.076763     -1.752070      0.134764
  C      -4.878057     -1.017905      0.146618
  C      -4.918704      0.376027      0.129373
  C      -6.223445      2.559478      0.067830
  H      -5.230815      3.025808      0.074736
  H      -6.793200      2.949253      0.931737
  H      -6.771925      2.916331     -0.822599
  H      -8.310232      0.838095      0.068007
  H      -8.247230     -1.660169      0.103748
  H      -6.045058     -2.844533      0.147174
  H      -3.921167     -1.545373      0.173968
  H      -3.994565      0.958751      0.139678
  N      -7.899223     -1.416509     -7.777243
  O      -7.800645     -0.278325     -7.827801
  O      -8.059010     -2.546012     -7.858262
18
Coordinates from ORCA-job educts_combined_optfreq E -475.711750986858
  C      -6.151352      1.053911      0.096487
  C      -7.354045      0.298920      0.075444
  C      -7.317280     -1.085688      0.103025
  C      -6.069783     -1.754319      0.147624
  C      -4.870884     -1.021564      0.168207
  C      -4.914110      0.373909      0.144837
  C      -6.224112      2.555049      0.052837
  H      -5.234223      3.025662      0.073289
  H      -6.812888      2.954913      0.900147
  H      -6.762083      2.905003     -0.846851
  H      -8.305448      0.839079      0.043847
  H      -8.241810     -1.666528      0.091513
  H      -6.036845     -2.846722      0.158505
  H      -3.915832     -1.552183      0.204802
  H      -3.994267      0.963451      0.157277
  N      -7.914094     -1.402652     -7.763269
  O      -7.819899     -0.265387     -7.825353
  O      -8.061543     -2.531705     -7.865419
18
Coordinates from ORCA-job educts_combined_optfreq E -475.711961131156
  C      -6.148194      1.048022      0.096564
  C      -7.352182      0.294943      0.066880
  C      -7.314265     -1.088448      0.100989
  C      -6.062903     -1.756290      0.160153
  C      -4.863866     -1.025037      0.189513
  C      -4.909513      0.371967      0.160269
  C      -6.224947      2.550453      0.038197
  H      -5.238028      3.025393      0.071932
  H      -6.832121      2.959939      0.868613
  H      -6.752178      2.893334     -0.870677
  H      -8.300274      0.840202      0.020428
  H      -8.236335     -1.672507      0.079572
  H      -6.028820     -2.848634      0.169628
  H      -3.910767     -1.558795      0.235560
  H      -3.993939      0.968128      0.175234
  N      -7.928838     -1.389254     -7.748880
  O      -7.839363     -0.252935     -7.823479
  O      -8.063967     -2.517330     -7.873548
18
Coordinates from ORCA-job educts_combined_optfreq E -475.712214261723
  C      -6.144799      1.042207      0.096691
  C      -7.350192      0.291154      0.058185
  C      -7.311337     -1.090883      0.098722
  C      -6.056044     -1.758015      0.172454
  C      -4.856832     -1.028363      0.210797
  C      -4.904773      0.370234      0.175914
  C      -6.225797      2.545791      0.024050
  H      -5.242166      3.025319      0.070561
  H      -6.850687      2.964139      0.837599
  H      -6.742605      2.881629     -0.893533
  H      -8.294647      0.841678     -0.002494
  H      -8.230840     -1.678155      0.067788
  H      -6.020873     -2.850299      0.180664
  H      -3.905857     -1.565332      0.266704
  H      -3.993522      0.972952      0.193908
  N      -7.943007     -1.376670     -7.734157
  O      -7.859408     -0.241322     -7.823070
  O      -8.067115     -2.502915     -7.883834
18
Coordinates from ORCA-job educts_combined_optfreq E -475.712514391735
  C      -6.141227      1.036525      0.096715
  C      -7.348139      0.287588      0.049125
  C      -7.308547     -1.092962      0.095944
  C      -6.049276     -1.759439      0.184247
  C      -4.849880     -1.031438      0.231869
  C      -4.899972      0.368763      0.191672
  C      -6.226544      2.541054      0.010433
  H      -5.246517      3.025489      0.068959
  H      -6.868205      2.967044      0.807677
  H      -6.733611      2.870087     -0.915153
  H      -8.288675      0.843483     -0.025187
  H      -8.225390     -1.683437      0.055789
  H      -6.013081     -2.851667      0.191238
  H      -3.901174     -1.571606      0.298006
  H      -3.993077      0.977901      0.213315
  N      -7.955952     -1.365084     -7.718181
  O      -7.879960     -0.230761     -7.823620
  O      -8.071273     -2.488390     -7.895900
18
Coordinates from ORCA-job educts_combined_optfreq E -475.712852355274
  C      -6.137622      1.031152      0.096617
  C      -7.346063      0.284320      0.039676
  C      -7.305832     -1.094627      0.092578
  C      -6.042691     -1.760418      0.195396
  C      -4.843222     -1.033989      0.252658
  C      -4.895294      0.367685      0.207611
  C      -6.227038      2.536198     -0.002521
  H      -5.250846      3.025780      0.066977
  H      -6.884114      2.968178      0.779613
  H      -6.725221      2.858691     -0.935375
  H      -8.282568      0.845364     -0.047774
  H      -8.219974     -1.688245      0.043279
  H      -6.005566     -2.852599      0.200992
  H      -3.896795     -1.577070      0.329150
  H      -3.992649      0.982851      0.233647
  N      -7.967286     -1.354751     -7.700889
  O      -7.901015     -0.221542     -7.825009
  O      -8.076703     -2.473830     -7.909675
18
Coordinates from ORCA-job educts_combined_optfreq E -475.713217342295
  C      -6.134203      1.026384      0.096372
  C      -7.343980      0.281451      0.029865
  C      -7.303053     -1.095805      0.088572
  C      -6.036450     -1.760740      0.205714
  C      -4.837222     -1.035562      0.273059
  C      -4.891048      0.367216      0.223845
  C      -6.227098      2.531176     -0.014584
  H      -5.254784      3.025943      0.064549
  H      -6.897659      2.966985      0.754453
  H      -6.717210      2.847304     -0.954109
  H      -8.276653      0.846832     -0.070292
  H      -8.214533     -1.692413      0.029934
  H      -5.998535     -2.852881      0.209463
  H      -3.892841     -1.580828      0.359660
  H      -3.992291      0.987571      0.255274
  N      -7.976855     -1.345995     -7.682656
  O      -7.922620     -0.214022     -7.827121
  O      -8.083464     -2.459463     -7.925052
18
Coordinates from ORCA-job educts_combined_optfreq E -475.713624426991
  C      -6.131223      1.022705      0.095879
  C      -7.341831      0.279127      0.019698
  C      -7.299997     -1.096366      0.083761
  C      -6.030884     -1.760079      0.214734
  C      -4.832503     -1.035440      0.292772
  C      -4.887691      0.367722      0.240492
  C      -6.226482      2.525988     -0.025294
  H      -5.257787      3.025654      0.061776
  H      -6.907753      2.962651      0.733865
  H      -6.709020      2.835793     -0.971169
  H      -8.271382      0.847126     -0.092612
  H      -8.208961     -1.695677      0.015331
  H      -5.992386     -2.852179      0.215875
  H      -3.889577     -1.581533      0.388798
  H      -3.992029      0.991664      0.278945
  N      -7.984737     -1.339385     -7.664120
  O      -7.944984     -0.208776     -7.829804
  O      -8.091276     -2.445846     -7.941975
18
Coordinates from ORCA-job educts_combined_optfreq E -475.715332780572
  C      -6.133602      1.027247      0.093429
  C      -7.340175      0.276816      0.013414
  C      -7.294581     -1.098848      0.079959
  C      -6.031992     -1.754895      0.218404
  C      -4.837107     -1.024445      0.303948
  C      -4.891478      0.372514      0.248661
  C      -6.222155      2.522095     -0.027489
  H      -5.249655      3.019282      0.065998
  H      -6.905183      2.952014      0.731295
  H      -6.692762      2.825493     -0.981620
  H      -8.273460      0.834234     -0.105151
  H      -8.201993     -1.701555      0.006270
  H      -5.992417     -2.847304      0.221616
  H      -3.892235     -1.563431      0.407232
  H      -3.992579      0.991426      0.294214
  N      -7.989754     -1.339628     -7.648689
  O      -7.961378     -0.207513     -7.840376
  O      -8.097994     -2.440352     -7.964166
18
Coordinates from ORCA-job educts_combined_optfreq E -475.716871881368
  C      -6.142183      1.043280      0.088252
  C      -7.339680      0.274902      0.013452
  C      -7.288472     -1.104902      0.076759
  C      -6.042882     -1.749721      0.211593
  C      -4.850715     -1.005148      0.298095
  C      -4.901457      0.379065      0.241191
  C      -6.215694      2.526254     -0.017730
  H      -5.234069      3.011080      0.073633
  H      -6.886360      2.942890      0.755973
  H      -6.673117      2.823860     -0.980154
  H      -8.287743      0.805522     -0.100821
  H      -8.197442     -1.707068      0.006745
  H      -6.002226     -2.842271      0.225184
  H      -3.898092     -1.528137      0.403798
  H      -3.990552      0.979778      0.293233
  N      -7.988022     -1.347953     -7.639118
  O      -7.963566     -0.211081     -7.852422
  O      -8.098226     -2.447201     -7.980713
18
Coordinates from ORCA-job educts_combined_optfreq E -475.717073158847
  C      -6.143374      1.050088      0.089188
  C      -7.338347      0.275240      0.016407
  C      -7.287344     -1.106919      0.078110
  C      -6.044428     -1.752949      0.211850
  C      -4.852280     -1.002535      0.297596
  C      -4.902592      0.380652      0.239852
  C      -6.213926      2.534752     -0.008086
  H      -5.230383      3.014682      0.081630
  H      -6.879775      2.945911      0.772923
  H      -6.667767      2.835653     -0.971168
  H      -8.293011      0.795643     -0.094510
  H      -8.199459     -1.704329      0.011535
  H      -6.003037     -2.845213      0.232584
  H      -3.896171     -1.519405      0.404264
  H      -3.986801      0.973703      0.295843
  N      -7.990665     -1.356929     -7.657612
  O      -7.967978     -0.220087     -7.877228
  O      -8.103162     -2.454809     -8.006229
18
Coordinates from ORCA-job educts_combined_optfreq E -475.717174778266
  C      -6.143707      1.054980      0.090227
  C      -7.336705      0.277071      0.019851
  C      -7.287260     -1.106359      0.079419
  C      -6.045128     -1.756082      0.210764
  C      -4.853128     -1.002217      0.293180
  C      -4.903416      0.381500      0.235064
  C      -6.213570      2.542245      0.003890
  H      -5.227857      3.017357      0.091528
  H      -6.873817      2.948113      0.792304
  H      -6.667216      2.850647     -0.956742
  H      -8.296430      0.789881     -0.085717
  H      -8.203843     -1.697204      0.018504
  H      -6.003054     -2.847913      0.240320
  H      -3.894382     -1.514619      0.399443
  H      -3.983707      0.968463      0.293837
  N      -7.992091     -1.367009     -7.681035
  O      -7.968344     -0.230545     -7.900667
  O      -8.106844     -2.465157     -8.027222
