18
Coordinates from ORCA-job educts_combined_optfreq
  C   -6.14258342843904      1.05696609579149      0.09208413230065
  C   -7.33496484701055      0.27923446314881      0.02181949849772
  C   -7.28669635156996     -1.10412349990065      0.08080479953760
  C   -6.04414379395212     -1.75650842371234      0.21223211511540
  C   -4.85234994558421     -1.00217576673917      0.29241723454084
  C   -4.90273132962853      0.38228744218951      0.23362248342776
  C   -6.21315061551246      2.54549847296727      0.01377698710818
  H   -5.22641620614877      3.01820074899581      0.10162619989302
  H   -6.87115101613331      2.94746765404637      0.80598484240334
  H   -6.66768713782952      2.86059099561657     -0.94415449685572
  H   -8.29667511703492      0.78920309704683     -0.08101840280534
  H   -8.20617978226562     -1.69072347652080      0.02380535010062
  H   -6.00170944213126     -2.84800893399189      0.24946330142192
  H   -3.89272049807122     -1.51287336990652      0.39988797281974
  H   -3.98159811949162      0.96679821980966      0.29500877245206
  N   -7.99550525779310     -1.37561474977817     -7.70448820897662
  O   -7.97208254644502     -0.23970677331127     -7.92517145648866
  O   -8.11215456495850     -2.47336219575150     -8.05075112449247
