17
Coordinates from ORCA-job opt E -491.640157641892
  C      -2.702380      1.418400     -0.034760
  C      -3.409010      0.210600     -0.100760
  C      -2.736330     -0.982210     -0.370560
  C      -1.354520     -0.979380     -0.576460
  C      -0.623280      0.223550     -0.514820
  C      -1.314430      1.421880     -0.241470
  H      -4.480210      0.193580      0.056740
  H      -3.287410     -1.912550     -0.420400
  H      -0.858160     -1.918790     -0.783960
  H       0.540910      0.389400      9.129230
  H      -0.776780      2.360470     -0.188460
  N      -3.385800      2.628880      0.239150
  H      -4.404950      2.634930      0.392130
  H      -2.874840      3.522420      0.289740
  N       0.790710      0.228400     -0.725240
  O       1.407760      1.249660     -0.672320
  O       1.372210     -0.788900     -0.956570
17
Coordinates from ORCA-job opt E -491.652872262005
  C      -2.705803      1.427069     -0.032870
  C      -3.421248      0.210308     -0.098610
  C      -2.750124     -0.973245     -0.366611
  C      -1.361163     -0.970528     -0.575712
  C      -0.637437      0.236164     -0.512211
  C      -1.306757      1.427346     -0.241281
  H      -4.498888      0.195673      0.061051
  H      -3.305652     -1.909603     -0.415575
  H      -0.855997     -1.914146     -0.785134
  H       0.544995      0.387574      9.129997
  H      -0.760186      2.367628     -0.188629
  N      -3.363724      2.599096      0.229472
  H      -4.370019      2.606915      0.378390
  H      -2.860054      3.481822      0.277509
  N       0.796072      0.241381     -0.725231
  O       1.396714      1.300267     -0.655312
  O       1.362762     -0.813378     -0.958032
17
Coordinates from ORCA-job opt E -491.656426860089
  C      -2.707995      1.435036     -0.031774
  C      -3.429226      0.204331     -0.097594
  C      -2.755767     -0.972107     -0.364723
  C      -1.361995     -0.968789     -0.576205
  C      -0.652816      0.244252     -0.509405
  C      -1.296993      1.433343     -0.241895
  H      -4.510102      0.191810      0.063416
  H      -3.309000     -1.912161     -0.413888
  H      -0.841699     -1.904815     -0.787446
  H       0.547402      0.385903      9.131867
  H      -0.735407      2.368144     -0.191987
  N      -3.346803      2.582433      0.223049
  H      -4.351429      2.595525      0.370849
  H      -2.845021      3.464540      0.269542
  N       0.795715      0.249777     -0.722978
  O       1.370352      1.324703     -0.643781
  O       1.334272     -0.821586     -0.955836
17
Coordinates from ORCA-job opt E -491.657106130986
  C      -2.710067      1.437358     -0.032337
  C      -3.430989      0.199057     -0.098059
  C      -2.755635     -0.975461     -0.365100
  C      -1.360940     -0.972855     -0.577184
  C      -0.661594      0.244404     -0.508464
  C      -1.293885      1.436617     -0.243079
  H      -4.512100      0.189316      0.063324
  H      -3.305977     -1.917307     -0.414968
  H      -0.827239     -1.900189     -0.790094
  H       0.550591      0.384301      9.138713
  H      -0.721247      2.364872     -0.196281
  N      -3.347975      2.585937      0.222414
  H      -4.352797      2.604292      0.370986
  H      -2.847779      3.469224      0.268246
  N       0.799291      0.249512     -0.721646
  O       1.361035      1.327764     -0.640899
  O       1.320796     -0.826501     -0.954363
17
Coordinates from ORCA-job opt E -491.657291928531
  C      -2.712038      1.437930     -0.033303
  C      -3.431511      0.197525     -0.098771
  C      -2.756245     -0.977032     -0.365794
  C      -1.361750     -0.975897     -0.577616
  C      -0.668251      0.243729     -0.507867
  C      -1.294750      1.439316     -0.243905
  H      -4.512240      0.191685      0.062566
  H      -3.305365     -1.919540     -0.416391
  H      -0.817198     -1.896250     -0.791989
  H       0.555624      0.382541      9.152672
  H      -0.713957      2.362191     -0.199902
  N      -3.351540      2.587539      0.221523
  H      -4.356528      2.609427      0.370595
  H      -2.852992      3.472015      0.266598
  N       0.803148      0.248057     -0.721464
  O       1.361224      1.325041     -0.641448
  O       1.317858     -0.827938     -0.954294
17
Coordinates from ORCA-job opt E -491.657334515037
  C      -2.712931      1.437787     -0.034824
  C      -3.431528      0.197879     -0.100192
  C      -2.757382     -0.977495     -0.367068
  C      -1.363030     -0.977084     -0.578073
  C      -0.671440      0.243282     -0.507898
  C      -1.296220      1.440331     -0.244883
  H      -4.512181      0.194852      0.060719
  H      -3.306743     -1.919839     -0.418256
  H      -0.812821     -1.893908     -0.793276
  H       0.563146      0.380729      9.177435
  H      -0.711237      2.360566     -0.202634
  N      -3.354074      2.587322      0.219583
  H      -4.359230      2.610556      0.368446
  H      -2.856566      3.472608      0.263961
  N       0.804164      0.247332     -0.722510
  O       1.362708      1.322973     -0.643488
  O       1.318856     -0.827553     -0.955832
17
Coordinates from ORCA-job opt E -491.657355676272
  C      -2.713438      1.437708     -0.037033
  C      -3.431535      0.198427     -0.102518
  C      -2.758573     -0.977794     -0.369148
  C      -1.364183     -0.977542     -0.579006
  C      -0.673168      0.243075     -0.508474
  C      -1.297377      1.440776     -0.246342
  H      -4.512282      0.197327      0.057674
  H      -3.308592     -1.919702     -0.420950
  H      -0.810487     -1.892217     -0.794710
  H       0.573928      0.378575      9.213968
  H      -0.709821      2.359429     -0.205433
  N      -3.355989      2.586895      0.216636
  H      -4.361264      2.610587      0.364789
  H      -2.859298      3.472745      0.260264
  N       0.803414      0.247055     -0.724261
  O       1.362910      1.322081     -0.646038
  O       1.319246     -0.827084     -0.958208
17
Coordinates from ORCA-job opt E -491.657372713277
  C      -2.713755      1.437766     -0.039432
  C      -3.431615      0.198799     -0.105177
  C      -2.759526     -0.978012     -0.371464
  C      -1.365036     -0.977588     -0.580017
  C      -0.674009      0.243057     -0.509149
  C      -1.298125      1.440997     -0.247847
  H      -4.512486      0.198795      0.054207
  H      -3.310203     -1.919439     -0.423776
  H      -0.809299     -1.891011     -0.795804
  H       0.585308      0.376402      9.250668
  H      -0.709109      2.358725     -0.207818
  N      -3.357233      2.586560      0.213516
  H      -4.362599      2.610229      0.360746
  H      -2.861064      3.472736      0.256410
  N       0.801761      0.247068     -0.725734
  O       1.361908      1.322042     -0.647975
  O       1.318571     -0.826788     -0.960145
17
Coordinates from ORCA-job opt E -491.657389436693
  C      -2.714180      1.438000     -0.042080
  C      -3.431981      0.198970     -0.108221
  C      -2.760296     -0.978140     -0.374036
  C      -1.365663     -0.977407     -0.581140
  C      -0.674323      0.243183     -0.509934
  C      -1.298661      1.441180     -0.249446
  H      -4.513008      0.199386      0.050273
  H      -3.311504     -1.919177     -0.426756
  H      -0.808867     -1.890249     -0.796576
  H       0.597602      0.374095      9.287199
  H      -0.708981      2.358478     -0.209873
  N      -3.358139      2.586467      0.210237
  H      -4.363601      2.609844      0.356354
  H      -2.862251      3.472783      0.252372
  N       0.799864      0.247212     -0.726726
  O       1.360309      1.322451     -0.649114
  O       1.317171     -0.826736     -0.961322
17
Coordinates from ORCA-job opt E -491.657405538717
  C      -2.714951      1.438342     -0.044966
  C      -3.432798      0.199001     -0.111583
  C      -2.760981     -0.978119     -0.376781
  C      -1.366178     -0.977183     -0.582410
  C      -0.674516      0.243361     -0.510878
  C      -1.299214      1.441377     -0.251188
  H      -4.513989      0.199377      0.045954
  H      -3.312462     -1.918965     -0.429828
  H      -0.809000     -1.889947     -0.797125
  H       0.610856      0.371582      9.323433
  H      -0.709447      2.358614     -0.211683
  N      -3.359052      2.586694      0.206816
  H      -4.364666      2.609752      0.351689
  H      -2.863270      3.473068      0.248189
  N       0.798489      0.247354     -0.727212
  O       1.358902      1.322894     -0.649523
  O       1.315768     -0.826862     -0.961694
17
Coordinates from ORCA-job opt E -491.657422281631
  C      -2.716108      1.438707     -0.048144
  C      -3.434061      0.199016     -0.115277
  C      -2.761646     -0.977894     -0.379648
  C      -1.366669     -0.976942     -0.583807
  C      -0.674794      0.243557     -0.511991
  C      -1.299944      1.441531     -0.253106
  H      -4.515410      0.199030      0.041228
  H      -3.313102     -1.918747     -0.432927
  H      -0.809728     -1.890088     -0.797429
  H       0.625235      0.368761      9.359280
  H      -0.710622      2.359051     -0.213248
  N      -3.360056      2.587151      0.203175
  H      -4.365863      2.609967      0.346655
  H      -2.864240      3.473512      0.243803
  N       0.797802      0.247494     -0.727117
  O       1.357924      1.323261     -0.649118
  O       1.314772     -0.827026     -0.961118
17
Coordinates from ORCA-job opt E -491.657440416591
  C      -2.717718      1.439052     -0.051772
  C      -3.435818      0.199121     -0.119437
  C      -2.762347     -0.977431     -0.382640
  C      -1.367168     -0.976710     -0.585322
  C      -0.675285      0.243757     -0.513283
  C      -1.300982      1.441614     -0.255270
  H      -4.517314      0.198487      0.035918
  H      -3.313420     -1.918536     -0.436012
  H      -0.811162     -1.890768     -0.797374
  H       0.641271      0.365418      9.394520
  H      -0.712727      2.359789     -0.214488
  N      -3.361239      2.587834      0.199137
  H      -4.367293      2.610576      0.340994
  H      -2.865240      3.474109      0.239079
  N       0.797923      0.247645     -0.726162
  O       1.357505      1.323501     -0.647526
  O       1.314502     -0.827117     -0.959150
17
Coordinates from ORCA-job opt E -491.657458559091
  C      -2.719450      1.439303     -0.055662
  C      -3.437577      0.199454     -0.123800
  C      -2.763203     -0.976920     -0.385596
  C      -1.367798     -0.976573     -0.586776
  C      -0.676176      0.243905     -0.514534
  C      -1.302305      1.441698     -0.257543
  H      -4.519210      0.198418      0.030338
  H      -3.313801     -1.918321     -0.439024
  H      -0.812544     -1.891454     -0.797188
  H       0.658263      0.361657      9.429422
  H      -0.714982      2.360425     -0.215680
  N      -3.362726      2.588436      0.194738
  H      -4.369039      2.611365      0.334871
  H      -2.866628      3.474680      0.234116
  N       0.798305      0.247768     -0.724733
  O       1.357450      1.323521     -0.645341
  O       1.314909     -0.827022     -0.956399
17
Coordinates from ORCA-job opt E -491.657476264949
  C      -2.721007      1.439504     -0.059570
  C      -3.439014      0.199940     -0.128098
  C      -2.764202     -0.976548     -0.388441
  C      -1.368547     -0.976510     -0.588087
  C      -0.677299      0.244020     -0.515597
  C      -1.303695      1.441863     -0.259779
  H      -4.520794      0.198906      0.024820
  H      -3.314464     -1.918142     -0.441979
  H      -0.813411     -1.891779     -0.797096
  H       0.675365      0.357724      9.464305
  H      -0.716755      2.360781     -0.217012
  N      -3.364428      2.588836      0.190119
  H      -4.370985      2.612115      0.328539
  H      -2.868409      3.475156      0.229083
  N       0.798347      0.247855     -0.723248
  O       1.357333      1.323437     -0.643163
  O       1.315454     -0.826819     -0.953586
17
Coordinates from ORCA-job opt E -491.657493826889
  C      -2.722435      1.439744     -0.063553
  C      -3.440227      0.200480     -0.132429
  C      -2.765304     -0.976323     -0.391257
  C      -1.369362     -0.976459     -0.589249
  C      -0.678481      0.244151     -0.516430
  C      -1.305069      1.442144     -0.261960
  H      -4.522178      0.199681      0.019234
  H      -3.315362     -1.918015     -0.444961
  H      -0.813859     -1.891790     -0.797020
  H       0.692882      0.353555      9.499050
  H      -0.718075      2.360973     -0.218411
  N      -3.366302      2.589131      0.185179
  H      -4.373093      2.612833      0.321848
  H      -2.870487      3.475590      0.223922
  N       0.797976      0.247922     -0.721529
  O       1.356999      1.323359     -0.640758
  O       1.315867     -0.826635     -0.950465
17
Coordinates from ORCA-job opt E -491.657511415551
  C      -2.723847      1.440085     -0.067677
  C      -3.441388      0.200984     -0.136909
  C      -2.766453     -0.976186     -0.394134
  C      -1.370193     -0.976357     -0.590266
  C      -0.679590      0.244331     -0.517002
  C      -1.306393      1.442536     -0.264071
  H      -4.523536      0.200464      0.013412
  H      -3.316389     -1.917918     -0.448065
  H      -0.814068     -1.891586     -0.796837
  H       0.711184      0.349077      9.533524
  H      -0.719107      2.361127     -0.219774
  N      -3.368320      2.589440      0.179818
  H      -4.375345      2.613547      0.314636
  H      -2.872753      3.476049      0.218565
  N       0.797279      0.247973     -0.719360
  O       1.356413      1.323342     -0.637880
  O       1.315995     -0.826567     -0.946770
17
Coordinates from ORCA-job opt E -491.657529561231
  C      -2.725473      1.440592     -0.072326
  C      -3.442719      0.201496     -0.141965
  C      -2.767729     -0.976087     -0.397215
  C      -1.371070     -0.976182     -0.591003
  C      -0.680687      0.244590     -0.517092
  C      -1.307815      1.443083     -0.266134
  H      -4.525118      0.201236      0.006739
  H      -3.317542     -1.917860     -0.451438
  H      -0.814143     -1.891246     -0.796179
  H       0.731980      0.343689      9.567079
  H      -0.720080      2.361337     -0.220885
  N      -3.370739      2.589892      0.173390
  H      -4.378039      2.614441      0.306033
  H      -2.875424      3.476638      0.212610
  N       0.796399      0.248003     -0.715816
  O       1.355658      1.323372     -0.633426
  O       1.316031     -0.826653     -0.941161
17
Coordinates from ORCA-job opt E -491.657548553724
  C      -2.727535      1.441313     -0.077772
  C      -3.444466      0.202019     -0.147969
  C      -2.769152     -0.975914     -0.400664
  C      -1.371998     -0.975880     -0.591292
  C      -0.681768      0.244959     -0.516428
  C      -1.309451      1.443774     -0.268064
  H      -4.527182      0.201907     -0.001378
  H      -3.318790     -1.917753     -0.455288
  H      -0.814206     -1.890835     -0.794629
  H       0.756634      0.336948      9.599081
  H      -0.721277      2.361680     -0.221522
  N      -3.373707      2.590605      0.165386
  H      -4.381338      2.615575      0.295341
  H      -2.878568      3.477406      0.205737
  N       0.795487      0.248018     -0.710137
  O       1.354774      1.323452     -0.626563
  O       1.316033     -0.826932     -0.932631
17
Coordinates from ORCA-job opt E -491.657568964101
  C      -2.730395      1.442341     -0.084583
  C      -3.446986      0.202641     -0.155680
  C      -2.770840     -0.975551     -0.404759
  C      -1.373022     -0.975415     -0.590712
  C      -0.682901      0.245468     -0.514365
  C      -1.311545      1.444633     -0.269678
  H      -4.530144      0.202534     -0.012173
  H      -3.320211     -1.917506     -0.460005
  H      -0.814306     -1.890413     -0.791340
  H       0.787988      0.327863      9.627950
  H      -0.723059      2.362249     -0.221260
  N      -3.377638      2.591768      0.154687
  H      -4.385710      2.617110      0.281063
  H      -2.882519      3.478477      0.197277
  N       0.794712      0.248014     -0.700715
  O       1.353823      1.323574     -0.615518
  O       1.316244     -0.827448     -0.918980
17
Coordinates from ORCA-job opt E -491.657590652791
  C      -2.734071      1.443573     -0.092584
  C      -3.450349      0.203409     -0.165121
  C      -2.772736     -0.974858     -0.409548
  C      -1.374116     -0.974826     -0.589097
  C      -0.684109      0.246049     -0.510718
  C      -1.314144      1.445498     -0.270722
  H      -4.534067      0.203182     -0.025890
  H      -3.321784     -1.916946     -0.465742
  H      -0.814548     -1.890111     -0.785997
  H       0.825626      0.316661      9.653295
  H      -0.725719      2.363028     -0.220001
  N      -3.382385      2.593357      0.141544
  H      -4.390992      2.618866      0.263510
  H      -2.887068      3.479774      0.187345
  N       0.794279      0.248021     -0.687751
  O       1.352897      1.323735     -0.600684
  O       1.316777     -0.828072     -0.900630
17
Coordinates from ORCA-job opt E -491.657613480365
  C      -2.738439      1.444886     -0.101508
  C      -3.454447      0.204395     -0.176236
  C      -2.774829     -0.973833     -0.415015
  C      -1.375275     -0.974232     -0.586244
  C      -0.685462      0.246604     -0.505276
  C      -1.317239      1.446252     -0.270910
  H      -4.538860      0.204068     -0.042724
  H      -3.323592     -1.916014     -0.472641
  H      -0.814873     -1.890024     -0.778351
  H       0.868785      0.303666      9.674947
  H      -0.729321      2.363972     -0.217714
  N      -3.387809      2.595296      0.126335
  H      -4.397025      2.620679      0.243179
  H      -2.892099      3.481249      0.176135
  N       0.794223      0.248073     -0.671676
  O       1.352034      1.323943     -0.582751
  O       1.317719     -0.828641     -0.878342
17
Coordinates from ORCA-job opt E -491.657636839185
  C      -2.743069      1.446136     -0.110734
  C      -3.458819      0.205632     -0.188447
  C      -2.777075     -0.972640     -0.420920
  C      -1.376482     -0.973782     -0.582275
  C      -0.687027      0.247036     -0.498324
  C      -1.320621      1.446858     -0.270158
  H      -4.544047      0.205425     -0.062029
  H      -3.325693     -1.914804     -0.480556
  H      -0.815135     -1.890138     -0.768836
  H       0.914883      0.289831      9.694305
  H      -0.733527      2.364979     -0.214699
  N      -3.393527      2.597322      0.110172
  H      -4.403369      2.622325      0.221541
  H      -2.897416      3.482768      0.164250
  N       0.794306      0.248185     -0.654065
  O       1.351176      1.324198     -0.563632
  O       1.318934     -0.828991     -0.854385
17
Coordinates from ORCA-job opt E -491.657660424222
  C      -2.747656      1.447303     -0.119962
  C      -3.463102      0.207098     -0.201434
  C      -2.779480     -0.971475     -0.427078
  C      -1.377744     -0.973525     -0.577255
  C      -0.688828      0.247333     -0.490024
  C      -1.324091      1.447409     -0.268475
  H      -4.549257      0.207329     -0.083466
  H      -3.328102     -1.913484     -0.489385
  H      -0.815199     -1.890360     -0.757767
  H       0.962595      0.275623      9.712225
  H      -0.737900      2.365996     -0.211099
  N      -3.399378      2.599271      0.093622
  H      -4.409839      2.623774      0.199314
  H      -2.903053      3.484302      0.151984
  N       0.794185      0.248347     -0.635740
  O       1.350166      1.324519     -0.544310
  O       1.320171     -0.829120     -0.829939
17
Coordinates from ORCA-job opt E -491.657684025211
  C      -2.751989      1.448436     -0.129001
  C      -3.467033      0.208704     -0.214827
  C      -2.782000     -0.970493     -0.433274
  C      -1.379052     -0.973405     -0.571456
  C      -0.690817      0.247546     -0.480796
  C      -1.327462      1.448040     -0.266102
  H      -4.554189      0.209640     -0.106435
  H      -3.330671     -1.912256     -0.498875
  H      -0.815068     -1.890568     -0.745706
  H       1.010719      0.261448      9.729635
  H      -0.742028      2.367007     -0.207070
  N      -3.405213      2.601020      0.077209
  H      -4.416271      2.625111      0.177098
  H      -2.909017      3.485840      0.139596
  N       0.793580      0.248515     -0.617397
  O       1.348877      1.324894     -0.525482
  O       1.321122     -0.829138     -0.805907
17
Coordinates from ORCA-job opt E -491.657707479094
  C      -2.756127      1.449657     -0.138033
  C      -3.470641      0.210319     -0.228439
  C      -2.784586     -0.969726     -0.439348
  C      -1.380391     -0.973245     -0.565285
  C      -0.692882      0.247806     -0.471175
  C      -1.330693      1.448896     -0.263534
  H      -4.558802      0.212028     -0.130273
  H      -3.333140     -1.911277     -0.508631
  H      -0.814868     -1.890627     -0.733273
  H       1.059184      0.247233      9.746590
  H      -0.745700      2.368006     -0.202675
  N      -3.411094      2.602599      0.060922
  H      -4.422737      2.626624      0.154750
  H      -2.915379      3.487412      0.127065
  N       0.792428      0.248622     -0.598894
  O       1.347287      1.325260     -0.506670
  O       1.321634     -0.829248     -0.781888
17
Coordinates from ORCA-job opt E -491.657730759151
  C      -2.760209      1.451002     -0.147240
  C      -3.474099      0.211803     -0.242162
  C      -2.787135     -0.969098     -0.445242
  C      -1.381760     -0.972918     -0.559129
  C      -0.694957      0.248212     -0.461664
  C      -1.333863      1.449982     -0.261211
  H      -4.563184      0.214138     -0.154399
  H      -3.335247     -1.910590     -0.518326
  H      -0.814833     -1.890534     -0.720935
  H       1.108020      0.232919      9.763092
  H      -0.749042      2.369012     -0.197980
  N      -3.416947      2.604089      0.044766
  H      -4.429169      2.628497      0.132105
  H      -2.921928      3.489037      0.114353
  N       0.790846      0.248689     -0.580046
  O       1.345393      1.325616     -0.487323
  O       1.321603     -0.829515     -0.757449
17
Coordinates from ORCA-job opt E -491.657754023192
  C      -2.764450      1.452453     -0.156873
  C      -3.477677      0.213111     -0.256056
  C      -2.789595     -0.968458     -0.451028
  C      -1.383172     -0.972374     -0.553216
  C      -0.697022      0.248800     -0.452530
  C      -1.337158      1.451205     -0.259423
  H      -4.567562      0.215811     -0.178492
  H      -3.336902     -1.910097     -0.527783
  H      -0.815127     -1.890355     -0.708856
  H       1.157814      0.218248      9.778617
  H      -0.752405      2.370026     -0.193029
  N      -3.422795      2.605618      0.028490
  H      -4.435603      2.630808      0.108703
  H      -2.928480      3.490714      0.101289
  N       0.789116      0.248769     -0.560345
  O       1.343303      1.325967     -0.466532
  O       1.321206     -0.829905     -0.731726
17
Coordinates from ORCA-job opt E -491.657777683497
  C      -2.768848      1.453932     -0.166968
  C      -3.481402      0.214205     -0.270357
  C      -2.791946     -0.967829     -0.456841
  C      -1.384692     -0.971719     -0.547372
  C      -0.699213      0.249547     -0.443575
  C      -1.340696      1.452505     -0.258055
  H      -4.571931      0.217021     -0.203011
  H      -3.338104     -1.909828     -0.537251
  H      -0.815881     -1.890261     -0.696660
  H       1.209026      0.203159      9.792669
  H      -0.756074      2.371124     -0.187674
  N      -3.428436      2.607227      0.012189
  H      -4.441824      2.633505      0.084285
  H      -2.934812      3.492522      0.087709
  N       0.787187      0.249012     -0.539518
  O       1.340860      1.326456     -0.443903
  O       1.320275     -0.830237     -0.704458
17
Coordinates from ORCA-job opt E -491.657801308320
  C      -2.773753      1.455437     -0.177733
  C      -3.485666      0.215435     -0.284873
  C      -2.794318     -0.966759     -0.462883
  C      -1.386255     -0.970871     -0.541917
  C      -0.701329      0.250354     -0.434942
  C      -1.344629      1.453624     -0.257221
  H      -4.576779      0.218297     -0.226856
  H      -3.339401     -1.909076     -0.546374
  H      -0.816668     -1.889970     -0.684737
  H       1.262266      0.187177      9.804447
  H      -0.760278      2.372011     -0.182374
  N      -3.434573      2.608980     -0.005133
  H      -4.448595      2.636239      0.058232
  H      -2.941292      3.494147      0.073486
  N       0.785835      0.249190     -0.516983
  O       1.338783      1.326732     -0.418520
  O       1.320141     -0.830607     -0.674409
17
Coordinates from ORCA-job opt E -491.657814795735
  C      -2.778224      1.456646     -0.189341
  C      -3.489490      0.214986     -0.299874
  C      -2.795879     -0.966706     -0.469102
  C      -1.388695     -0.970351     -0.538237
  C      -0.704664      0.251841     -0.429293
  C      -1.349391      1.455222     -0.259269
  H      -4.580253      0.216636     -0.249699
  H      -3.338388     -1.910541     -0.555348
  H      -0.820300     -1.891103     -0.674274
  H       1.316590      0.171745      9.813932
  H      -0.765998      2.373908     -0.176188
  N      -3.437469      2.611050     -0.018288
  H      -4.451964      2.640319      0.030207
  H      -2.944783      3.497097      0.057693
  N       0.782621      0.250969     -0.492705
  O       1.334016      1.328557     -0.386991
  O       1.315761     -0.829935     -0.642013
17
Coordinates from ORCA-job opt E -491.657847948410
  C      -2.783498      1.458102     -0.199579
  C      -3.494120      0.217692     -0.314958
  C      -2.798871     -0.964576     -0.475778
  C      -1.389797     -0.969393     -0.530581
  C      -0.706249      0.252018     -0.417034
  C      -1.353073      1.455628     -0.255292
  H      -4.586052      0.220602     -0.275972
  H      -3.341851     -1.907534     -0.565766
  H      -0.818860     -1.889701     -0.659613
  H       1.371527      0.154833      9.822711
  H      -0.769925      2.373957     -0.170703
  N      -3.445898      2.612425     -0.039031
  H      -4.461014      2.641376      0.003712
  H      -2.953344      3.497608      0.043549
  N       0.782472      0.250166     -0.469410
  O       1.333484      1.327752     -0.363560
  O       1.318558     -0.830613     -0.611484
17
Coordinates from ORCA-job opt E -491.657870656682
  C      -2.788092      1.459355     -0.209889
  C      -3.497927      0.219208     -0.330079
  C      -2.801300     -0.963402     -0.482548
  C      -1.391571     -0.968759     -0.524094
  C      -0.708803      0.252608     -0.406661
  C      -1.357093      1.456490     -0.252858
  H      -4.590289      0.222598     -0.301585
  H      -3.343792     -1.906236     -0.576320
  H      -0.819298     -1.889215     -0.646119
  H       1.426073      0.138848      9.832580
  H      -0.774538      2.374805     -0.164713
  N      -3.451893      2.613889     -0.056437
  H      -4.467409      2.643186     -0.023192
  H      -2.959893      3.499089      0.028615
  N       0.780542      0.250416     -0.446205
  O       1.330808      1.328062     -0.337897
  O       1.317963     -0.830602     -0.581389
17
Coordinates from ORCA-job opt E -491.657892714381
  C      -2.790963      1.460093     -0.217730
  C      -3.499286      0.221532     -0.345095
  C      -2.804130     -0.962920     -0.491992
  C      -1.394235     -0.969574     -0.516145
  C      -0.712914      0.252317     -0.392089
  C      -1.360758      1.457134     -0.245351
  H      -4.591759      0.226796     -0.327967
  H      -3.348845     -1.904059     -0.590581
  H      -0.818029     -1.888636     -0.630539
  H       1.481101      0.123655      9.840790
  H      -0.779887      2.376676     -0.158175
  N      -3.457427      2.615064     -0.073964
  H      -4.472786      2.641503     -0.051481
  H      -2.966472      3.500946      0.011942
  N       0.776762      0.250835     -0.423211
  O       1.326523      1.328841     -0.313624
  O       1.316594     -0.829863     -0.553576
17
Coordinates from ORCA-job opt E -491.657919036126
  C      -2.796402      1.461730     -0.229553
  C      -3.503969      0.222411     -0.360405
  C      -2.806160     -0.961502     -0.498210
  C      -1.395993     -0.968046     -0.511255
  C      -0.715256      0.253622     -0.383848
  C      -1.365282      1.458357     -0.245300
  H      -4.596643      0.227123     -0.351989
  H      -3.348989     -1.903388     -0.599565
  H      -0.819798     -1.887823     -0.619074
  H       1.537937      0.106721      9.846981
  H      -0.784669      2.377329     -0.151541
  N      -3.463404      2.616777     -0.091616
  H      -4.479413      2.644921     -0.080779
  H      -2.972926      3.502543     -0.003951
  N       0.775047      0.251072     -0.397168
  O       1.324051      1.328751     -0.282577
  O       1.315360     -0.830259     -0.518937
17
Coordinates from ORCA-job opt E -491.657942220541
  C      -2.800917      1.463147     -0.240017
  C      -3.507455      0.223345     -0.375080
  C      -2.808113     -0.960497     -0.505322
  C      -1.398036     -0.966975     -0.506542
  C      -0.718228      0.254712     -0.374710
  C      -1.369515      1.459579     -0.243438
  H      -4.600148      0.227791     -0.375113
  H      -3.349820     -1.902692     -0.609664
  H      -0.821276     -1.887068     -0.608074
  H       1.593495      0.090798      9.855103
  H      -0.789586      2.378454     -0.144623
  N      -3.468669      2.618317     -0.108443
  H      -4.484834      2.647018     -0.109914
  H      -2.979006      3.504443     -0.020487
  N       0.772198      0.251441     -0.372334
  O       1.320500      1.328914     -0.253158
  O       1.312900     -0.830388     -0.486976
17
Coordinates from ORCA-job opt E -491.657965633021
  C      -2.805011      1.464618     -0.249992
  C      -3.510285      0.224115     -0.389647
  C      -2.809889     -0.959838     -0.513050
  C      -1.400224     -0.965977     -0.502034
  C      -0.721627      0.255860     -0.364536
  C      -1.373679      1.461023     -0.240092
  H      -4.602850      0.228153     -0.397878
  H      -3.350559     -1.902337     -0.620482
  H      -0.822989     -1.886368     -0.597645
  H       1.650422      0.074713      9.861253
  H      -0.794683      2.380037     -0.136381
  N      -3.473675      2.620036     -0.125934
  H      -4.489657      2.648796     -0.141062
  H      -2.985076      3.506892     -0.038534
  N       0.768318      0.251895     -0.346290
  O       1.315859      1.329246     -0.222212
  O       1.309094     -0.830524     -0.454276
17
Coordinates from ORCA-job opt E -491.657987282795
  C      -2.809261      1.465943     -0.259970
  C      -3.513297      0.225666     -0.405172
  C      -2.812083     -0.958684     -0.520933
  C      -1.402282     -0.965062     -0.495398
  C      -0.724869      0.256593     -0.351700
  C      -1.377889      1.462035     -0.234937
  H      -4.605926      0.230047     -0.423954
  H      -3.352365     -1.900879     -0.632512
  H      -0.823764     -1.885366     -0.584325
  H       1.709345      0.057724      9.864187
  H      -0.799880      2.381169     -0.127558
  N      -3.479779      2.621480     -0.145560
  H      -4.495530      2.650010     -0.172859
  H      -2.992154      3.508696     -0.056626
  N       0.764860      0.252087     -0.319229
  O       1.311627      1.329413     -0.191765
  O       1.306736     -0.830532     -0.420478
17
Coordinates from ORCA-job opt E -491.658005313636
  C      -2.811593      1.467255     -0.267044
  C      -3.513892      0.226600     -0.417409
  C      -2.813675     -0.958684     -0.529128
  C      -1.404534     -0.964489     -0.491134
  C      -0.729260      0.257426     -0.338090
  C      -1.381613      1.463737     -0.226069
  H      -4.606053      0.230901     -0.444337
  H      -3.353554     -1.900695     -0.644610
  H      -0.825633     -1.884989     -0.576579
  H       1.764969      0.042293      9.871073
  H      -0.805088      2.383649     -0.116236
  N      -3.484082      2.623168     -0.166466
  H      -4.498511      2.649911     -0.205917
  H      -2.997902      3.511427     -0.076866
  N       0.758559      0.252708     -0.294512
  O       1.304474      1.330552     -0.163777
  O       1.300876     -0.830431     -0.391688
17
Coordinates from ORCA-job opt E -491.658029171146
  C      -2.816839      1.468549     -0.278448
  C      -3.518171      0.228018     -0.433446
  C      -2.815812     -0.956877     -0.535778
  C      -1.406447     -0.963072     -0.484551
  C      -0.732012      0.258370     -0.327296
  C      -1.386374      1.464460     -0.223893
  H      -4.610349      0.232486     -0.471179
  H      -3.354385     -1.899032     -0.655270
  H      -0.826829     -1.883665     -0.562935
  H       1.823264      0.025252      9.874176
  H      -0.810244      2.383763     -0.108446
  N      -3.490219      2.624351     -0.185058
  H      -4.504870      2.652358     -0.236182
  H      -3.004818      3.512534     -0.093337
  N       0.756389      0.252893     -0.267576
  O       1.301571      1.330271     -0.132598
  O       1.299635     -0.830318     -0.356972
17
Coordinates from ORCA-job opt E -491.658048636724
  C      -2.820998      1.469685     -0.288226
  C      -3.521168      0.229013     -0.447491
  C      -2.817578     -0.955754     -0.542330
  C      -1.408488     -0.962030     -0.479330
  C      -0.735376      0.259278     -0.316842
  C      -1.390903      1.465387     -0.220426
  H      -4.613067      0.233498     -0.494738
  H      -3.354871     -1.898093     -0.665737
  H      -0.828522     -1.882832     -0.552317
  H       1.878317      0.009611      9.881928
  H      -0.815446      2.384452     -0.100121
  N      -3.495001      2.625678     -0.203337
  H      -4.509224      2.654113     -0.265501
  H      -3.010521      3.514121     -0.109986
  N       0.752754      0.253454     -0.243328
  O       1.297035      1.330668     -0.104263
  O       1.296548     -0.829909     -0.326744
17
Coordinates from ORCA-job opt E -491.658071045502
  C      -2.825255      1.470658     -0.298606
  C      -3.524323      0.229314     -0.461375
  C      -2.818990     -0.955053     -0.547569
  C      -1.410638     -0.961369     -0.473979
  C      -0.739233      0.260265     -0.307197
  C      -1.396134      1.466313     -0.218121
  H      -4.615645      0.233635     -0.518992
  H      -3.354072     -1.898122     -0.675535
  H      -0.830996     -1.882725     -0.542028
  H       1.932581     -0.005820      9.890167
  H      -0.821166      2.385005     -0.091510
  N      -3.498369      2.627506     -0.221871
  H      -4.512083      2.656734     -0.293816
  H      -3.014568      3.516031     -0.125221
  N       0.748551      0.254769     -0.219747
  O       1.291405      1.331935     -0.075879
  O       1.292425     -0.828737     -0.297511
17
Coordinates from ORCA-job opt E -491.658093192886
  C      -2.828902      1.471609     -0.308386
  C      -3.526625      0.230253     -0.475790
  C      -2.820742     -0.954253     -0.553975
  C      -1.413102     -0.960844     -0.467490
  C      -0.743270      0.260925     -0.294961
  C      -1.400882      1.467082     -0.213157
  H      -4.617243      0.234864     -0.544763
  H      -3.354635     -1.897302     -0.687065
  H      -0.832971     -1.882263     -0.530173
  H       1.988827     -0.021589      9.895765
  H      -0.827033      2.385809     -0.082033
  N      -3.502432      2.629117     -0.242331
  H      -4.515315      2.657941     -0.323580
  H      -3.019421      3.517567     -0.141256
  N       0.743696      0.255847     -0.194974
  O       1.285147      1.333194     -0.047177
  O       1.288393     -0.827617     -0.267443
17
Coordinates from ORCA-job opt E -491.658116938318
  C      -2.831892      1.472498     -0.318561
  C      -3.528051      0.231048     -0.490609
  C      -2.822454     -0.954010     -0.560088
  C      -1.416182     -0.960933     -0.460363
  C      -0.748089      0.261504     -0.283024
  C      -1.405714      1.467998     -0.208724
  H      -4.617423      0.235996     -0.572065
  H      -3.354980     -1.897072     -0.698835
  H      -0.835415     -1.882328     -0.517393
  H       2.043999     -0.036449      9.902148
  H      -0.833450      2.387136     -0.073239
  N      -3.505093      2.630877     -0.263235
  H      -4.517020      2.658493     -0.350884
  H      -3.022811      3.518894     -0.154255
  N       0.737572      0.257420     -0.171303
  O       1.277307      1.335255     -0.019318
  O       1.283186     -0.825986     -0.239043
17
Coordinates from ORCA-job opt E -491.658137972386
  C      -2.835762      1.473725     -0.329542
  C      -3.530398      0.232583     -0.507367
  C      -2.824372     -0.952807     -0.567673
  C      -1.418828     -0.960000     -0.452717
  C      -0.752029      0.262267     -0.270015
  C      -1.410307      1.468862     -0.204145
  H      -4.619034      0.237819     -0.601149
  H      -3.355902     -1.895630     -0.711364
  H      -0.837048     -1.881156     -0.502607
  H       2.103402     -0.052649      9.902273
  H      -0.839484      2.388070     -0.064140
  N      -3.509972      2.632079     -0.284021
  H      -4.521240      2.659280     -0.381296
  H      -3.028816      3.519904     -0.169594
  N       0.732729      0.257882     -0.143449
  O       1.271319      1.335584      0.012913
  O       1.279231     -0.825475     -0.204898
17
Coordinates from ORCA-job opt E -491.658160905233
  C      -2.839103      1.475064     -0.341255
  C      -3.532039      0.234159     -0.525204
  C      -2.826148     -0.951863     -0.575958
  C      -1.421816     -0.959104     -0.445624
  C      -0.756077      0.263189     -0.259451
  C      -1.414458      1.470106     -0.202283
  H      -4.619685      0.239314     -0.630555
  H      -3.356554     -1.894639     -0.723428
  H      -0.838941     -1.879973     -0.487190
  H       2.160417     -0.066971      9.905959
  H      -0.845438      2.389709     -0.058079
  N      -3.514061      2.633065     -0.302225
  H      -4.524775      2.659698     -0.406807
  H      -3.034463      3.520666     -0.180791
  N       0.727338      0.257993     -0.117275
  O       1.264997      1.335464      0.043918
  O       1.274296     -0.825539     -0.172540
17
Coordinates from ORCA-job opt E -491.658184852366
  C      -2.841869      1.476599     -0.354455
  C      -3.532825      0.235600     -0.545594
  C      -2.827517     -0.951350     -0.585719
  C      -1.425143     -0.958256     -0.438650
  C      -0.760290      0.264321     -0.250635
  C      -1.418200      1.471908     -0.203268
  H      -4.619263      0.240095     -0.662139
  H      -3.356616     -1.894474     -0.735605
  H      -0.841399     -1.879010     -0.469788
  H       2.217157     -0.079655      9.908977
  H      -0.851469      2.392339     -0.054907
  N      -3.517457      2.634169     -0.318291
  H      -4.527650      2.660264     -0.427882
  H      -3.039924      3.521614     -0.187630
  N       0.720904      0.257708     -0.090520
  O       1.257590      1.334861      0.076538
  O       1.267461     -0.826393     -0.139221
17
Coordinates from ORCA-job opt E -491.658204889379
  C      -2.845288      1.477743     -0.365966
  C      -3.534564      0.236571     -0.562708
  C      -2.828752     -0.950285     -0.594003
  C      -1.427820     -0.957179     -0.432914
  C      -0.764391      0.265304     -0.240115
  C      -1.422841      1.472990     -0.201261
  H      -4.619961      0.240839     -0.689467
  H      -3.356492     -1.893638     -0.747332
  H      -0.844204     -1.878188     -0.456686
  H       2.274489     -0.093981      9.912145
  H      -0.857365      2.393301     -0.047849
  N      -3.521293      2.635346     -0.336716
  H      -4.530613      2.661716     -0.454512
  H      -3.045156      3.522696     -0.200650
  N       0.715257      0.258189     -0.063772
  O       1.250563      1.334993      0.109202
  O       1.261922     -0.826076     -0.106185
17
Coordinates from ORCA-job opt E -491.658227431919
  C      -2.847846      1.478834     -0.378045
  C      -3.535183      0.236911     -0.581165
  C      -2.829093     -0.949711     -0.604133
  C      -1.430578     -0.956355     -0.428709
  C      -0.769070      0.266349     -0.230403
  C      -1.427495      1.474447     -0.200451
  H      -4.619292      0.240603     -0.716438
  H      -3.355529     -1.893650     -0.759551
  H      -0.848577     -1.878521     -0.444255
  H       2.332195     -0.106696      9.914661
  H      -0.863083      2.394670     -0.041792
  N      -3.523920      2.636629     -0.353514
  H      -4.532126      2.663873     -0.478748
  H      -3.049571      3.524255     -0.212324
  N       0.707880      0.258947     -0.036214
  O       1.240977      1.335627      0.144355
  O       1.253800     -0.825872     -0.072063
17
Coordinates from ORCA-job opt E -491.658248168241
  C      -2.851036      1.479675     -0.388506
  C      -3.536712      0.237958     -0.597635
  C      -2.830165     -0.948557     -0.613010
  C      -1.433039     -0.955549     -0.422979
  C      -0.773735      0.267005     -0.217552
  C      -1.432503      1.475023     -0.195488
  H      -4.619756      0.242127     -0.743511
  H      -3.355713     -1.892189     -0.772859
  H      -0.851489     -1.878129     -0.431739
  H       2.390980     -0.121185      9.915345
  H      -0.869092      2.394946     -0.032161
  N      -3.527397      2.637420     -0.373013
  H      -4.534507      2.665038     -0.508031
  H      -3.054263      3.525094     -0.228295
  N       0.701510      0.259893     -0.008540
  O       1.232435      1.336544      0.177678
  O       1.247972     -0.824774     -0.038495
17
Coordinates from ORCA-job opt E -491.658268880833
  C      -2.853872      1.480299     -0.397941
  C      -3.537571      0.238814     -0.612421
  C      -2.830967     -0.947799     -0.622279
  C      -1.435536     -0.955306     -0.418771
  C      -0.779214      0.267374     -0.204735
  C      -1.437955      1.475416     -0.189364
  H      -4.619300      0.243989     -0.767674
  H      -3.355896     -1.890865     -0.786823
  H      -0.854576     -1.878311     -0.421729
  H       2.448641     -0.134804      9.917817
  H      -0.875242      2.394963     -0.021766
  N      -3.530053      2.638103     -0.392016
  H      -4.535705      2.666190     -0.537454
  H      -3.057620      3.525905     -0.245498
  N       0.694101      0.261216      0.018010
  O       1.222375      1.338243      0.209996
  O       1.241880     -0.823087     -0.006145
17
Coordinates from ORCA-job opt E -491.658287545571
  C      -2.856998      1.481192     -0.408507
  C      -3.538661      0.239676     -0.628726
  C      -2.831827     -0.946860     -0.631579
  C      -1.438288     -0.954499     -0.414296
  C      -0.784225      0.268070     -0.193426
  C      -1.443168      1.476128     -0.185475
  H      -4.618890      0.245153     -0.793841
  H      -3.355354     -1.889895     -0.800592
  H      -0.857507     -1.877540     -0.410703
  H       2.506487     -0.147711      9.919839
  H      -0.881622      2.395436     -0.012697
  N      -3.533019      2.639059     -0.410031
  H      -4.537199      2.667540     -0.564857
  H      -3.061529      3.526725     -0.259846
  N       0.686861      0.261738      0.045480
  O       1.213442      1.338595      0.243017
  O       1.234988     -0.822467      0.027451
