18
Coordinates from ORCA-job products5 E -475.450210302716
  C      -6.328630      0.349360     -0.599200
  C      -6.450530      0.081240     -1.978350
  C      -6.068150     -1.138680     -2.545820
  C      -5.527440     -2.136400     -1.741440
  C      -5.393420     -1.907930     -0.368950
  C      -5.794380     -0.690650      0.181420
  C      -6.732430      1.635020      0.073480
  H      -6.066570      2.460640     -0.218020
  H      -6.692750      1.513160      1.166060
  H      -7.745700      1.949700     -0.213840
  H      -6.208620     -1.276950     -3.617390
  H      -5.217090     -3.086690     -2.181250
  H      -4.978020     -2.683710      0.279210
  H      -5.692970     -0.528650      1.257610
  N      -7.000890      1.084160     -2.912830
  O      -7.405750      0.686540     -3.993690
  O      -7.012170      2.254090     -2.560040
  H       3.481660      2.109920     -2.308460
18
Coordinates from ORCA-job products5 E -475.450249407638
  C      -6.329828      0.349948     -0.597975
  C      -6.450997      0.082005     -1.979304
  C      -6.069399     -1.139953     -2.545904
  C      -5.528339     -2.138407     -1.741037
  C      -5.393862     -1.909795     -0.368046
  C      -5.794968     -0.691718      0.182555
  C      -6.734635      1.635843      0.078074
  H      -6.069870      2.463008     -0.212590
  H      -6.694333      1.512573      1.170573
  H      -7.748312      1.950752     -0.207452
  H      -6.211309     -1.279900     -3.617531
  H      -5.219626     -3.089669     -2.180833
  H      -4.979492     -2.686338      0.280455
  H      -5.694464     -0.530716      1.259371
  N      -6.998863      1.085922     -2.918287
  O      -7.400708      0.687021     -3.999551
  O      -7.004583      2.257686     -2.569841
  H       3.489739      2.115909     -2.314179
18
Coordinates from ORCA-job products5 E -475.450261541274
  C      -6.330009      0.349502     -0.597845
  C      -6.450210      0.081587     -1.979483
  C      -6.069879     -1.141283     -2.545643
  C      -5.529168     -2.140213     -1.740417
  C      -5.394515     -1.911292     -0.367232
  C      -5.795517     -0.692592      0.183040
  C      -6.736055      1.635945      0.077896
  H      -6.072471      2.464108     -0.213253
  H      -6.695890      1.513416      1.170461
  H      -7.750207      1.950043     -0.207473
  H      -6.213099     -1.282492     -3.617011
  H      -5.222452     -3.092326     -2.179922
  H      -4.981654     -2.688344      0.281785
  H      -5.696436     -0.532135      1.260150
  N      -6.994689      1.088146     -2.919099
  O      -7.396317      0.691775     -4.001040
  O      -6.998894      2.259052     -2.567270
  H       3.493613      2.121273     -2.319143
