18
Coordinates from ORCA-job para_products_optfreq3 E -476.293065385177
  C      -5.723900      0.825640      0.048220
  C      -6.791090      1.463100     -0.649070
  C      -7.408800      0.849370     -1.707960
  C      -6.963890     -0.426280     -2.077150
  C      -5.918090     -1.092480     -1.419930
  C      -5.303840     -0.458370     -0.366510
  C      -5.124190      1.493930      1.228320
  H      -3.836110      1.169950      1.244960
  H      -5.858250      0.959580      2.364340
  H      -5.446260      2.907200      1.143970
  H      -7.109330      2.450180     -0.335480
  H      -8.210540      1.321600     -2.258830
  H      -5.615730     -2.076500     -1.750320
  H      -4.486610     -0.941240      0.152320
  N      -7.617300     -1.099130     -3.193980
  O      -7.822840     -2.294280     -3.070930
  O      -7.908300     -0.418660     -4.160100
  H     -12.355940     -8.184810     -9.258100
18
Coordinates from ORCA-job para_products_optfreq3 E -476.336681169740
  C      -5.725246      0.826943      0.047697
  C      -6.792563      1.463993     -0.649774
  C      -7.410076      0.849887     -1.708561
  C      -6.964835     -0.425731     -2.077463
  C      -5.918899     -1.091535     -1.420057
  C      -5.304852     -0.457051     -0.366744
  C      -5.125753      1.495630      1.227682
  H      -3.912967      1.207040      1.276849
  H      -5.802807      1.005034      2.306260
  H      -5.411161      2.816766      1.174048
  H      -7.110592      2.449931     -0.336171
  H      -8.211647      1.321547     -2.259307
  H      -5.616690     -2.075330     -1.749801
  H      -4.487805     -0.939946      0.152489
  N      -7.618030     -1.098978     -3.194179
  O      -7.823281     -2.294153     -3.070886
  O      -7.909156     -0.418784     -4.160455
  H     -12.354651     -8.186463     -9.257859
18
Coordinates from ORCA-job para_products_optfreq3 E -476.373316500000
  C      -5.727274      0.828857      0.048635
  C      -6.794437      1.465532     -0.649413
  C      -7.411435      0.851036     -1.708274
  C      -6.965826     -0.424600     -2.076668
  C      -5.920023     -1.090043     -1.418686
  C      -5.306492     -0.455171     -0.365306
  C      -5.128351      1.497963      1.228672
  H      -3.984544      1.240051      1.302587
  H      -5.747951      1.049400      2.244310
  H      -5.378762      2.722251      1.197744
  H      -7.112520      2.450892     -0.335952
  H      -8.212799      1.322197     -2.259298
  H      -5.617867     -2.073825     -1.747788
  H      -4.489846     -0.938131      0.154545
  N      -7.618474     -1.098259     -3.193456
  O      -7.823559     -2.293438     -3.069925
  O      -7.909351     -0.418372     -4.160023
  H     -12.351499     -8.187539     -9.257933
18
Coordinates from ORCA-job para_products_optfreq3 E -476.397529091076
  C      -5.730935      0.831466      0.051119
  C      -6.797596      1.467712     -0.648087
  C      -7.413572      0.852731     -1.707260
  C      -6.967434     -0.422966     -2.074803
  C      -5.922094     -1.087998     -1.415671
  C      -5.309582     -0.452643     -0.361989
  C      -5.133147      1.501099      1.231434
  H      -4.043644      1.266637      1.324755
  H      -5.691910      1.094526      2.175158
  H      -5.348980      2.625337      1.216243
  H      -7.116094      2.452726     -0.334976
  H      -8.214587      1.323315     -2.258998
  H      -5.619969     -2.071944     -1.743879
  H      -4.493731     -0.935735      0.159010
  N      -7.619000     -1.097137     -3.191913
  O      -7.823996     -2.292305     -3.068126
  O      -7.909149     -0.417649     -4.158980
  H     -12.345589     -8.188373     -9.259269
18
Coordinates from ORCA-job para_products_optfreq3 E -476.400729649584
  C      -5.738027      0.833668      0.055472
  C      -6.804096      1.469025     -0.645443
  C      -7.418296      0.853256     -1.705191
  C      -6.970949     -0.422345     -2.071595
  C      -5.926131     -1.086517     -1.410771
  C      -5.315400     -0.450379     -0.356528
  C      -5.142211      1.504128      1.236312
  H      -4.083028      1.279879      1.347108
  H      -5.626576      1.140926      2.097975
  H      -5.313300      2.554189      1.224940
  H      -7.124760      2.453074     -0.331882
  H      -8.219967      1.322257     -2.257145
  H      -5.625209     -2.071597     -1.736439
  H      -4.502381     -0.934478      0.167899
  N      -7.620628     -1.097348     -3.189303
  O      -7.825124     -2.292577     -3.065292
  O      -7.909847     -0.418426     -4.157046
  H     -12.335080     -8.187935     -9.269302
18
Coordinates from ORCA-job para_products_optfreq3 E -476.402218766592
  C      -5.734845      0.835128      0.051313
  C      -6.802322      1.469552     -0.648304
  C      -7.417579      0.853051     -1.707012
  C      -6.969876     -0.422355     -2.073661
  C      -5.923687     -1.085620     -1.414096
  C      -5.311919     -0.448753     -0.360895
  C      -5.137839      1.506345      1.231123
  H      -4.089490      1.279202      1.340146
  H      -5.650328      1.122697      2.153103
  H      -5.299097      2.572284      1.212571
  H      -7.124048      2.453013     -0.333810
  H      -8.221082      1.320899     -2.257331
  H      -5.623633     -2.071273     -1.738919
  H      -4.499039     -0.932885      0.163680
  N      -7.620653     -1.098131     -3.190261
  O      -7.824163     -2.293463     -3.065611
  O      -7.911682     -0.419695     -4.157802
  H     -12.339729     -8.191197     -9.270463
18
Coordinates from ORCA-job para_products_optfreq3 E -476.402218978824
  C      -5.736314      0.833252      0.053183
  C      -6.804125      1.467416     -0.646158
  C      -7.419229      0.850942     -1.704971
  C      -6.971027     -0.424177     -2.072007
  C      -5.924494     -1.087181     -1.412724
  C      -5.312891     -0.450342     -0.359411
  C      -5.139474      1.504401      1.233115
  H      -4.075759      1.266150      1.349128
  H      -5.642903      1.132326      2.136002
  H      -5.296496      2.608164      1.210922
  H      -7.126932      2.450132     -0.330610
  H      -8.223435      1.318301     -2.254644
  H      -5.624536     -2.072871     -1.737454
  H      -4.500403     -0.934678      0.165581
  N      -7.621630     -1.099926     -3.188726
  O      -7.824627     -2.295376     -3.064377
  O      -7.913039     -0.421352     -4.156055
  H     -12.343696     -8.196381     -9.287024
18
Coordinates from ORCA-job para_products_optfreq3 E -476.402639449730
  C      -5.736740      0.836233      0.053388
  C      -6.804915      1.469630     -0.646093
  C      -7.419920      0.852405     -1.704526
  C      -6.971248     -0.422702     -2.071029
  C      -5.924346     -1.084966     -1.411589
  C      -5.312849     -0.447380     -0.358666
  C      -5.140002      1.508182      1.232917
  H      -4.075659      1.268143      1.351426
  H      -5.643213      1.139882      2.140028
  H      -5.285687      2.584420      1.207713
  H      -7.128016      2.452344     -0.330897
  H      -8.224499      1.319100     -2.254213
  H      -5.623987     -2.070634     -1.736012
  H      -4.499964     -0.931069      0.166282
  N      -7.621738     -1.099242     -3.187334
  O      -7.824225     -2.294717     -3.062395
  O      -7.913569     -0.421242     -4.154939
  H     -12.350433     -8.209586     -9.300292
18
Coordinates from ORCA-job para_products_optfreq3 E -476.402663507241
  C      -5.733899      0.839173      0.056600
  C      -6.802483      1.472315     -0.642486
  C      -7.417761      0.854926     -1.700665
  C      -6.968949     -0.420092     -2.067307
  C      -5.921646     -1.082107     -1.408252
  C      -5.309884     -0.444357     -0.355582
  C      -5.136854      1.511286      1.235881
  H      -4.086524      1.271320      1.353867
  H      -5.638188      1.145985      2.144427
  H      -5.275686      2.590462      1.207883
  H      -7.125694      2.455004     -0.327119
  H      -8.222778      1.321360     -2.249960
  H      -5.621114     -2.067664     -1.732918
  H      -4.496550     -0.927728      0.168911
  N      -7.619719     -1.096806     -3.183342
  O      -7.821895     -2.292323     -3.058292
  O      -7.912073     -0.418897     -4.150853
  H     -12.389312     -8.263058     -9.357023
18
Coordinates from ORCA-job para_products_optfreq3 E -476.402715624862
  C      -5.731995      0.842574      0.059761
  C      -6.800786      1.475535     -0.639173
  C      -7.416081      0.858060     -1.697291
  C      -6.967077     -0.416864     -2.064025
  C      -5.919568     -1.078701     -1.405121
  C      -5.307792     -0.440866     -0.352510
  C      -5.134927      1.514765      1.238985
  H      -4.078577      1.270674      1.359056
  H      -5.638618      1.151950      2.147910
  H      -5.271157      2.594597      1.209156
  H      -7.124188      2.458082     -0.323639
  H      -8.221293      1.324329     -2.246429
  H      -5.618914     -2.064194     -1.729846
  H      -4.494329     -0.924117      0.171902
  N      -7.617862     -1.093669     -3.179997
  O      -7.819798     -2.289227     -3.054954
  O      -7.910465     -0.415787     -4.147452
  H     -12.427581     -8.318341     -9.412563
18
Coordinates from ORCA-job para_products_optfreq3 E -476.402737057829
  C      -5.729659      0.846031      0.062841
  C      -6.798948      1.478534     -0.635747
  C      -7.414465      0.860704     -1.693529
  C      -6.965179     -0.414119     -2.060268
  C      -5.917178     -1.075510     -1.401698
  C      -5.305190     -0.437323     -0.349424
  C      -5.132339      1.518589      1.241728
  H      -4.076674      1.270852      1.363701
  H      -5.638031      1.159879      2.151148
  H      -5.263727      2.598854      1.208960
  H      -7.122570      2.460989     -0.320136
  H      -8.220108      1.326588     -2.242362
  H      -5.616324     -2.060934     -1.726451
  H      -4.491327     -0.920195      0.174705
  N      -7.616189     -1.091300     -3.175881
  O      -7.817670     -2.286908     -3.050590
  O      -7.909413     -0.413652     -4.143311
  H     -12.466020     -8.372279     -9.469916
18
Coordinates from ORCA-job para_products_optfreq3 E -476.402762107313
  C      -5.726797      0.850390      0.065263
  C      -6.798101      1.480756     -0.632167
  C      -7.414585      0.861021     -1.688270
  C      -6.964230     -0.413585     -2.054455
  C      -5.914243     -1.072909     -1.396978
  C      -5.301325     -0.432826     -0.346398
  C      -5.128378      1.524953      1.242445
  H      -4.075986      1.266215      1.370811
  H      -5.641433      1.180113      2.153061
  H      -5.245636      2.606564      1.199904
  H      -7.122505      2.463064     -0.316838
  H      -8.221873      1.325188     -2.236137
  H      -5.612645     -2.058240     -1.721334
  H      -4.485870     -0.913987      0.176803
  N      -7.616225     -1.092777     -3.168269
  O      -7.815910     -2.288521     -3.041406
  O      -7.911982     -0.416516     -4.135899
  H     -12.503287     -8.420104     -9.536365
18
Coordinates from ORCA-job para_products_optfreq3 E -476.402790394365
  C      -5.722940      0.856027      0.066551
  C      -6.798580      1.481714     -0.628415
  C      -7.417184      0.857741     -1.680777
  C      -6.964572     -0.416452     -2.045610
  C      -5.910315     -1.071251     -1.390448
  C      -5.295354     -0.426954     -0.343645
  C      -5.122112      1.535064      1.239928
  H      -4.077111      1.255161      1.382455
  H      -5.651755      1.218694      2.151339
  H      -5.213119      2.618546      1.178109
  H      -7.124602      2.463813     -0.313981
  H      -8.227907      1.318228     -2.226674
  H      -5.607133     -2.056450     -1.713758
  H      -4.476510     -0.904391      0.177602
  N      -7.618732     -1.100118     -3.155410
  O      -7.814564     -2.296117     -3.024993
  O      -7.919954     -0.426989     -4.123538
  H     -12.538565     -8.457466     -9.614963
18
Coordinates from ORCA-job para_products_optfreq3 E -476.402821422435
  C      -5.718382      0.862127      0.067222
  C      -6.799462      1.481968     -0.624534
  C      -7.420720      0.852747     -1.672197
  C      -6.965269     -0.420886     -2.035449
  C      -5.905652     -1.070031     -1.383314
  C      -5.288135     -0.420515     -0.341251
  C      -5.114533      1.546700      1.235822
  H      -4.079683      1.242249      1.397636
  H      -5.666248      1.265760      2.145722
  H      -5.175479      2.631186      1.151178
  H      -7.127542      2.463814     -0.311290
  H      -8.235657      1.308710     -2.215605
  H      -5.600460     -2.055047     -1.705314
  H      -4.465084     -0.893329      0.177497
  N      -7.622136     -1.110093     -3.140212
  O      -7.813096     -2.306396     -3.005429
  O      -7.930250     -0.440855     -4.108867
  H     -12.573222     -8.489309     -9.697845
18
Coordinates from ORCA-job para_products_optfreq3 E -476.402857957453
  C      -5.712922      0.868730      0.067025
  C      -6.801032      1.481076     -0.620370
  C      -7.425657      0.845244     -1.662023
  C      -6.966474     -0.427550     -2.023512
  C      -5.899928     -1.069440     -1.375503
  C      -5.279172     -0.413351     -0.339500
  C      -5.105234      1.560263      1.229521
  H      -4.085025      1.226535      1.418529
  H      -5.686752      1.325654      2.133937
  H      -5.129727      2.644284      1.116584
  H      -7.131924      2.462521     -0.308605
  H      -8.245949      1.295488     -2.202121
  H      -5.592079     -2.054160     -1.695905
  H      -4.450768     -0.880291      0.175936
  N      -7.626771     -1.123735     -3.121835
  O      -7.811336     -2.320422     -2.981666
  O      -7.943838     -0.459394     -4.090973
  H     -12.606422     -8.512652     -9.785748
18
Coordinates from ORCA-job para_products_optfreq3 E -476.402889041340
  C      -5.707909      0.874277      0.067689
  C      -6.801563      1.480917     -0.615958
  C      -7.428809      0.840239     -1.653056
  C      -6.966648     -0.431728     -2.013658
  C      -5.894638     -1.068088     -1.369221
  C      -5.271363     -0.407182     -0.337803
  C      -5.097227      1.570887      1.225575
  H      -4.090101      1.215211      1.438386
  H      -5.703687      1.374528      2.122627
  H      -5.093201      2.653300      1.090556
  H      -7.134908      2.461858     -0.305041
  H      -8.253308      1.286168     -2.190306
  H      -5.584684     -2.052482     -1.688622
  H      -4.438865     -0.869735      0.174906
  N      -7.629614     -1.133029     -3.107108
  O      -7.809068     -2.330044     -2.963154
  O      -7.953781     -0.472233     -4.076321
  H     -12.641636     -8.544063     -9.865720
18
Coordinates from ORCA-job para_products_optfreq3 E -476.402910920130
  C      -5.704482      0.878213      0.070043
  C      -6.800429      1.482732     -0.611808
  C      -7.428779      0.840409     -1.647219
  C      -6.965403     -0.431093     -2.007905
  C      -5.891133     -1.065390     -1.365201
  C      -5.266797     -0.402849     -0.335475
  C      -5.092538      1.576524      1.226238
  H      -4.091760      1.210869      1.450140
  H      -5.710105      1.397831      2.119344
  H      -5.074721      2.657837      1.081481
  H      -7.134901      2.463316     -0.300899
  H      -8.255054      1.284729     -2.183062
  H      -5.580337     -2.049559     -1.684493
  H      -4.432664     -0.863813      0.175971
  N      -7.629494     -1.134131     -3.099556
  O      -7.806833     -2.331322     -2.954448
  O      -7.956613     -0.474475     -4.068553
  H     -12.678969     -8.591029     -9.930828
18
Coordinates from ORCA-job para_products_optfreq3 E -476.402930573325
  C      -5.701644      0.881520      0.072975
  C      -6.798764      1.485225     -0.607708
  C      -7.427730      0.842444     -1.642460
  C      -6.963787     -0.428708     -2.003651
  C      -5.888363     -1.062208     -1.362091
  C      -5.263431     -0.399210     -0.333020
  C      -5.088998      1.580277      1.228528
  H      -4.092314      1.208091      1.459103
  H      -5.713063      1.412493      2.119167
  H      -5.061779      2.660788      1.078041
  H      -7.133839      2.465509     -0.296455
  H      -8.254941      1.286143     -2.177367
  H      -5.577189     -2.046169     -1.681669
  H      -4.428489     -0.859589      0.177611
  N      -7.628508     -1.132232     -3.094605
  O      -7.804798     -2.329556     -2.949322
  O      -7.957146     -0.472811     -4.063248
  H     -12.716227     -8.643206     -9.990059
18
Coordinates from ORCA-job para_products_optfreq3 E -476.402949653934
  C      -5.699007      0.884269      0.076229
  C      -6.796921      1.487955     -0.603190
  C      -7.426437      0.845582     -1.637861
  C      -6.962244     -0.425138     -2.000249
  C      -5.886044     -1.058602     -1.359956
  C      -5.260576     -0.396011     -0.330949
  C      -5.085739      1.582531      1.231752
  H      -4.093359      1.203260      1.468674
  H      -5.715958      1.425513      2.119914
  H      -5.048081      2.662153      1.076039
  H      -7.132404      2.467834     -0.291061
  H      -8.254319      1.289261     -2.171738
  H      -5.574744     -2.042258     -1.680358
  H      -4.425135     -0.856429      0.178810
  N      -7.627533     -1.128231     -3.091134
  O      -7.803203     -2.325725     -2.946492
  O      -7.957217     -0.468318     -4.059086
  H     -12.752089     -8.698847    -10.045575
18
Coordinates from ORCA-job para_products_optfreq3 E -476.402967927120
  C      -5.696619      0.885255      0.080275
  C      -6.794776      1.491040     -0.596881
  C      -7.425037      0.851619     -1.632926
  C      -6.961358     -0.418227     -1.999015
  C      -5.884945     -1.053678     -1.361054
  C      -5.258729     -0.394024     -0.330616
  C      -5.082523      1.580242      1.237332
  H      -4.097426      1.188391      1.483417
  H      -5.721863      1.439545      2.121480
  H      -5.026413      2.658324      1.074962
  H      -7.130243      2.470058     -0.281987
  H      -8.253238      1.296902     -2.164966
  H      -5.574150     -2.036602     -1.684193
  H      -4.423284     -0.856138      0.177567
  N      -7.627439     -1.118207     -3.091418
  O      -7.803315     -2.316045     -2.949916
  O      -7.957517     -0.455598     -4.057393
  H     -12.782135     -8.764058    -10.090900
18
Coordinates from ORCA-job para_products_optfreq3 E -476.402985026885
  C      -5.694164      0.885088      0.084685
  C      -6.792396      1.494259     -0.589303
  C      -7.423749      0.859382     -1.627476
  C      -6.961106     -0.409276     -1.998956
  C      -5.884663     -1.047944     -1.364266
  C      -5.257347     -0.392808     -0.331616
  C      -5.078861      1.575056      1.244101
  H      -4.104148      1.165882      1.502564
  H      -5.730505      1.456136      2.122244
  H      -4.998445      2.650712      1.073718
  H      -7.127292      2.472181     -0.270332
  H      -8.252105      1.307288     -2.157064
  H      -5.574788     -2.029808     -1.691496
  H      -4.421970     -0.857519      0.174256
  N      -7.628354     -1.104464     -3.093704
  O      -7.804882     -2.302749     -2.956879
  O      -7.958665     -0.437789     -4.056797
  H     -12.807568     -8.834827    -10.129911
18
Coordinates from ORCA-job para_products_optfreq3 E -476.403001908109
  C      -5.691433      0.885244      0.088798
  C      -6.790039      1.497348     -0.581916
  C      -7.422705      0.866505     -1.621748
  C      -6.961019     -0.401022     -1.998244
  C      -5.884255     -1.042471     -1.366912
  C      -5.255622     -0.391347     -0.332527
  C      -5.074674      1.570749      1.250087
  H      -4.111371      1.144082      1.521954
  H      -5.738995      1.474894      2.121320
  H      -4.970008      2.643328      1.071370
  H      -7.124221      2.474255     -0.259020
  H      -8.251424      1.316669     -2.148844
  H      -5.575279     -2.023342     -1.697955
  H      -4.420054     -0.858257      0.170955
  N      -7.629664     -1.091955     -3.094833
  O      -7.806619     -2.290643     -2.962148
  O      -7.960605     -0.421665     -4.055196
  H     -12.833023     -8.903572    -10.171371
18
Coordinates from ORCA-job para_products_optfreq3 E -476.403018917956
  C      -5.688602      0.886744      0.092384
  C      -6.787770      1.500358     -0.576025
  C      -7.421522      0.871717     -1.616528
  C      -6.960372     -0.395103     -1.996047
  C      -5.883086     -1.037979     -1.367059
  C      -5.253370     -0.389046     -0.331957
  C      -5.070632      1.569803      1.254470
  H      -4.115822      1.131177      1.536408
  H      -5.743930      1.490861      2.120342
  H      -4.949161      2.639827      1.069492
  H      -7.121442      2.476627     -0.250631
  H      -8.250736      1.323017     -2.141870
  H      -5.574685     -2.018264     -1.700374
  H      -4.417461     -0.857085      0.169884
  N      -7.630166     -1.083715     -3.093395
  O      -7.807155     -2.282647     -2.962979
  O      -7.961940     -0.411428     -4.052073
  H     -12.863157     -8.966065    -10.220272
18
Coordinates from ORCA-job para_products_optfreq3 E -476.403036061647
  C      -5.685976      0.889496      0.095629
  C      -6.785521      1.503451     -0.571846
  C      -7.419823      0.875368     -1.612351
  C      -6.958848     -0.391232     -1.992818
  C      -5.881206     -1.034428     -1.364769
  C      -5.250944     -0.386049     -0.329652
  C      -5.067392      1.571929      1.257755
  H      -4.116117      1.128660      1.544056
  H      -5.744359      1.500175      2.121317
  H      -4.939081      2.640779      1.069916
  H      -7.118981      2.479510     -0.245585
  H      -8.249365      1.326902     -2.136973
  H      -5.573034     -2.014552     -1.698774
  H      -4.414812     -0.854361      0.171557
  N      -7.629221     -1.079254     -3.090182
  O      -7.806111     -2.278262     -2.960330
  O      -7.961532     -0.406448     -4.048309
  H     -12.898686     -9.022884    -10.274873
18
Coordinates from ORCA-job para_products_optfreq3 E -476.403053175905
  C      -5.683505      0.892517      0.098847
  C      -6.783134      1.506722     -0.568261
  C      -7.417756      0.878898     -1.608727
  C      -6.957023     -0.387690     -1.989525
  C      -5.879310     -1.031126     -1.361843
  C      -5.248726     -0.383005     -0.326761
  C      -5.064565      1.574672      1.260948
  H      -4.114531      1.129752      1.548715
  H      -5.742734      1.505389      2.123732
  H      -4.933756      2.643085      1.072125
  H      -7.116321      2.482753     -0.241634
  H      -8.247385      1.330598     -2.133069
  H      -5.571380     -2.011243     -1.696092
  H      -4.412564     -0.851518      0.174210
  N      -7.627737     -1.075440     -3.086851
  O      -7.804740     -2.274449     -2.957169
  O      -7.960194     -0.402424     -4.044782
  H     -12.935649     -9.078691    -10.330091
18
Coordinates from ORCA-job para_products_optfreq3 E -476.403070183344
  C      -5.681101      0.895514      0.102100
  C      -6.780556      1.510183     -0.564864
  C      -7.415455      0.882712     -1.605375
  C      -6.955179     -0.383986     -1.986364
  C      -5.877652     -1.027873     -1.358827
  C      -5.246785     -0.380104     -0.323697
  C      -5.061859      1.577305      1.264254
  H      -4.112000      1.131943      1.551920
  H      -5.739978      1.508148      2.127082
  H      -4.930517      2.645662      1.075521
  H      -7.113283      2.486291     -0.238000
  H      -8.244958      1.334746     -2.129625
  H      -5.570109     -2.008056     -1.693240
  H      -4.410758     -0.848967      0.177170
  N      -7.626193     -1.071362     -3.083740
  O      -7.803601     -2.270328     -2.954202
  O      -7.958473     -0.398109     -4.041565
  H     -12.972554     -9.134920    -10.384777
18
Coordinates from ORCA-job para_products_optfreq3 E -476.403087164156
  C      -5.678641      0.898612      0.105274
  C      -6.777887      1.513729     -0.561622
  C      -7.413159      0.886480     -1.602039
  C      -6.953477     -0.380442     -1.983000
  C      -5.876175     -1.024769     -1.355528
  C      -5.244927     -0.377220     -0.320493
  C      -5.058990      1.580195      1.267332
  H      -4.108934      1.134772      1.554275
  H      -5.736478      1.510555      2.130631
  H      -4.927773      2.648586      1.078872
  H      -7.110052      2.490020     -0.234729
  H      -8.242500      1.338842     -2.126267
  H      -5.569116     -2.005101     -1.689949
  H      -4.409039     -0.846409      0.180298
  N      -7.624896     -1.067583     -3.080276
  O      -7.802821     -2.266463     -2.950655
  O      -7.956968     -0.394237     -4.038107
  H     -13.009176     -9.190768    -10.440250
18
Coordinates from ORCA-job para_products_optfreq3 E -476.403103849638
  C      -5.676081      0.901348      0.108529
  C      -6.774889      1.517515     -0.558121
  C      -7.410762      0.891031     -1.598631
  C      -6.952141     -0.376171     -1.979937
  C      -5.875306     -1.021522     -1.352717
  C      -5.243439     -0.374733     -0.317583
  C      -5.055773      1.582150      1.270694
  H      -4.105794      1.136054      1.556898
  H      -5.732756      1.512302      2.134357
  H      -4.924106      2.650554      1.082693
  H      -7.106153      2.494001     -0.230908
  H      -8.239787      1.344172     -2.122692
  H      -5.569106     -2.002023     -1.687428
  H      -4.407871     -0.844712      0.183009
  N      -7.624216     -1.062506     -3.077317
  O      -7.803100     -2.261272     -2.947967
  O      -7.955829     -0.388660     -4.034956
  H     -13.043902     -9.248728    -10.494152
18
Coordinates from ORCA-job para_products_optfreq3 E -476.403120664860
  C      -5.673341      0.904452      0.111539
  C      -6.771962      1.521205     -0.554878
  C      -7.408605      0.894914     -1.595034
  C      -6.950959     -0.372679     -1.976213
  C      -5.874343     -1.018610     -1.349212
  C      -5.241696     -0.372013     -0.314435
  C      -5.052188      1.585097      1.273343
  H      -4.102310      1.138515      1.559120
  H      -5.728760      1.515712      2.137382
  H      -4.920078      2.653406      1.085159
  H      -7.102471      2.497988     -0.227793
  H      -8.237496      1.348489     -2.118927
  H      -5.568927     -1.999391     -1.683818
  H      -4.406267     -0.842438      0.185968
  N      -7.623861     -1.058808     -3.073214
  O      -7.803503     -2.257426     -2.943537
  O      -7.955347     -0.384954     -4.030891
  H     -13.078897     -9.304660    -10.550789
18
Coordinates from ORCA-job para_products_optfreq3 E -476.403137364534
  C      -5.670419      0.907442      0.114477
  C      -6.768727      1.525107     -0.551611
  C      -7.406441      0.899181     -1.591331
  C      -6.950206     -0.368955     -1.972394
  C      -5.873949     -1.015785     -1.345705
  C      -5.240213     -0.369551     -0.311368
  C      -5.048087      1.587768      1.275838
  H      -4.098279      1.140619      1.560980
  H      -5.724090      1.518797      2.140345
  H      -4.915517      2.655998      1.087542
  H      -7.098179      2.502298     -0.224673
  H      -8.235119      1.353441     -2.114973
  H      -5.569659     -1.996955     -1.680196
  H      -4.405032     -0.840679      0.188783
  N      -7.624264     -1.054697     -3.068928
  O      -7.805024     -2.253105     -2.938873
  O      -7.955510     -0.380757     -4.026628
  H     -13.112296     -9.361368    -10.607515
18
Coordinates from ORCA-job para_products_optfreq3 E -476.403154042749
  C      -5.667203      0.910488      0.117201
  C      -6.765190      1.529208     -0.548435
  C      -7.404422      0.903566     -1.587393
  C      -6.950063     -0.365342     -1.968129
  C      -5.874192     -1.013220     -1.341860
  C      -5.238915     -0.367267     -0.308294
  C      -5.043199      1.590611      1.277783
  H      -4.093562      1.142687      1.562273
  H      -5.718532      1.522544      2.142895
  H      -4.909844      2.658661      1.089040
  H      -7.093252      2.506986     -0.221848
  H      -8.232888      1.358620     -2.110674
  H      -5.571387     -1.994951     -1.676052
  H      -4.403985     -0.839209      0.191511
  N      -7.625755     -1.050784     -3.063844
  O      -7.807946     -2.248896     -2.933054
  O      -7.956812     -0.376910     -4.021656
  H     -13.143864     -9.417990    -10.665694
18
Coordinates from ORCA-job para_products_optfreq3 E -476.403170682737
  C      -5.663669      0.913635      0.119669
  C      -6.761342      1.533518     -0.545403
  C      -7.402581      0.908007     -1.583202
  C      -6.950588     -0.361930     -1.963321
  C      -5.875115     -1.010969     -1.337571
  C      -5.237805     -0.365146     -0.305175
  C      -5.037452      1.593752      1.279063
  H      -4.088055      1.144863      1.562831
  H      -5.711923      1.527075      2.144958
  H      -4.903007      2.661513      1.089482
  H      -7.087629      2.512084     -0.219402
  H      -8.230852      1.363939     -2.106029
  H      -5.574180     -1.993459     -1.671220
  H      -4.403126     -0.837986      0.194197
  N      -7.628436     -1.047230     -3.057792
  O      -7.812375     -2.244945     -2.925816
  O      -7.959383     -0.373642     -4.015842
  H     -13.173490     -9.474277    -10.725659
18
Coordinates from ORCA-job para_products_optfreq3 E -476.403187310743
  C      -5.659875      0.916886      0.121907
  C      -6.757248      1.537997     -0.542517
  C      -7.400900      0.912466     -1.578809
  C      -6.951676     -0.358721     -1.958035
  C      -5.876605     -1.008992     -1.332872
  C      -5.236852     -0.363148     -0.302002
  C      -5.030996      1.597189      1.279749
  H      -4.081879      1.147176      1.562690
  H      -5.704394      1.532295      2.146618
  H      -4.895209      2.664564      1.088983
  H      -7.081403      2.517523     -0.217279
  H      -8.228996      1.369316     -2.101110
  H      -5.577865     -1.992408     -1.665758
  H      -4.402415     -0.836934      0.196877
  N      -7.632116     -1.044040     -3.050884
  O      -7.818058     -2.241268     -2.917314
  O      -7.963029     -0.370945     -4.009294
  H     -13.201494     -9.530156    -10.787180
18
Coordinates from ORCA-job para_products_optfreq3 E -476.403203853463
  C      -5.655992      0.920244      0.124023
  C      -6.753102      1.542510     -0.539752
  C      -7.399308      0.916801     -1.574346
  C      -6.952955     -0.355721     -1.952482
  C      -5.878254     -1.007158     -1.327899
  C      -5.235916     -0.361135     -0.298750
  C      -5.024293      1.600915      1.280113
  H      -4.075425      1.149784      1.562143
  H      -5.696468      1.537942      2.148075
  H      -4.887150      2.667862      1.087964
  H      -7.074988      2.523067     -0.215368
  H      -8.227265      1.374502     -2.096123
  H      -5.581798     -1.991572     -1.659875
  H      -4.401692     -0.835813      0.199637
  N      -7.636136     -1.041225     -3.043505
  O      -7.824121     -2.237927     -2.908091
  O      -7.967088     -0.368790     -4.002364
  H     -13.229059     -9.585486    -10.849630
18
Coordinates from ORCA-job para_products_optfreq3 E -476.403220294940
  C      -5.652213      0.923679      0.126169
  C      -6.749121      1.546908     -0.537036
  C      -7.397708      0.920907     -1.569962
  C      -6.953990     -0.352873     -1.946962
  C      -5.879590     -1.005288     -1.322881
  C      -5.234844     -0.358974     -0.295421
  C      -5.017886      1.604828      1.280536
  H      -4.069190      1.152749      1.561662
  H      -5.688832      1.543650      2.149577
  H      -4.879587      2.671369      1.087004
  H      -7.068883      2.528438     -0.213499
  H      -8.225569      1.379303     -2.091282
  H      -5.585242     -1.990649     -1.653919
  H      -4.400785     -0.834397      0.202533
  N      -7.639724     -1.038681     -3.036189
  O      -7.829555     -2.234882     -2.898930
  O      -7.970769     -0.366973     -3.995525
  H     -13.257524     -9.640315    -10.912106
18
Coordinates from ORCA-job para_products_optfreq3 E -476.403236565079
  C      -5.648668      0.927136      0.128460
  C      -6.745434      1.551102     -0.534286
  C      -7.396029      0.924770     -1.565748
  C      -6.954502     -0.350077     -1.941708
  C      -5.880327     -1.003244     -1.318026
  C      -5.233551     -0.356601     -0.292051
  C      -5.012121      1.608782      1.281313
  H      -4.063537      1.155965      1.561651
  H      -5.681980      1.549143      2.151298
  H      -4.872917      2.674973      1.086540
  H      -7.063408      2.533461     -0.211505
  H      -8.223833      1.383685     -2.086704
  H      -5.587741     -1.989414     -1.648214
  H      -4.399611     -0.832596      0.205555
  N      -7.642390     -1.036232     -3.029359
  O      -7.833738     -2.232001     -2.890458
  O      -7.973553     -0.365211     -3.989135
  H     -13.287670     -9.694842    -10.973855
18
Coordinates from ORCA-job para_products_optfreq3 E -476.403252669316
  C      -5.645418      0.930565      0.130966
  C      -6.742092      1.555059     -0.531437
  C      -7.394229      0.928436     -1.561747
  C      -6.954369     -0.347234     -1.936873
  C      -5.880350     -1.000942     -1.313488
  C      -5.232016     -0.354008     -0.288680
  C      -5.007168      1.612633      1.282626
  H      -4.058662      1.159268      1.562362
  H      -5.676175      1.554217      2.153347
  H      -4.867283      2.678548      1.086851
  H      -7.058701      2.538057     -0.209261
  H      -8.222001      1.387714     -2.082434
  H      -5.589112     -1.987737     -1.642996
  H      -4.398155     -0.830416      0.208664
  N      -7.643909     -1.033694     -3.023283
  O      -7.836399     -2.229128     -2.883082
  O      -7.975184     -0.363236     -3.983413
  H     -13.319786     -9.749300    -11.034352
18
Coordinates from ORCA-job para_products_optfreq3 E -476.403268588896
  C      -5.642486      0.933935      0.133713
  C      -6.739102      1.558777     -0.528456
  C      -7.392288      0.931945     -1.557975
  C      -6.953556     -0.344282     -1.932524
  C      -5.879639     -0.998348     -1.309339
  C      -5.230244     -0.351207     -0.285334
  C      -5.003076      1.616299      1.284553
  H      -4.054627      1.162559      1.563885
  H      -5.671500      1.558743      2.155776
  H      -4.862722      2.682020      1.088073
  H      -7.054791      2.542209     -0.206705
  H      -8.220043      1.391459     -2.078483
  H      -5.589317     -1.985570     -1.638380
  H      -4.396433     -0.827890      0.211831
  N      -7.644222     -1.030961     -3.018081
  O      -7.837481     -2.226166     -2.876987
  O      -7.975580     -0.360894     -3.978456
  H     -13.353900     -9.803828    -11.093340
18
Coordinates from ORCA-job para_products_optfreq3 E -476.403284269383
  C      -5.639882      0.937134      0.136754
  C      -6.736424      1.562285     -0.525245
  C      -7.390174      0.935489     -1.554428
  C      -6.952092     -0.341012     -1.928803
  C      -5.878272     -0.995387     -1.305776
  C      -5.228306     -0.348281     -0.282111
  C      -4.999850      1.619497      1.287249
  H      -4.051531      1.165385      1.566419
  H      -5.668041      1.562490      2.158679
  H      -4.859047      2.685097      1.090437
  H      -7.051592      2.545926     -0.203627
  H      -8.217886      1.395221     -2.074812
  H      -5.588479     -1.982811     -1.634675
  H      -4.394554     -0.825203      0.214924
  N      -7.643362     -1.027652     -3.014000
  O      -7.837087     -2.222742     -2.872569
  O      -7.974715     -0.357671     -3.974436
  H     -13.389716     -9.858964    -11.150211
18
Coordinates from ORCA-job para_products_optfreq3 E -476.403299688458
  C      -5.637657      0.940160      0.140121
  C      -6.734118      1.565543     -0.521795
  C      -7.387864      0.939025     -1.551149
  C      -6.949860     -0.337427     -1.925786
  C      -5.876122     -0.992022     -1.302849
  C      -5.226159     -0.345193     -0.279008
  C      -4.997631      1.622219      1.290800
  H      -4.049486      1.167809      1.570068
  H      -5.665976      1.565342      2.162118
  H      -4.856489      2.687800      1.094101
  H      -7.049247      2.549140     -0.199995
  H      -8.215512      1.398931     -2.071479
  H      -5.586400     -1.979399     -1.631952
  H      -4.392473     -0.822291      0.217967
  N      -7.641128     -1.023773     -3.011170
  O      -7.834953     -2.218879     -2.870013
  O      -7.972381     -0.353553     -3.971474
  H     -13.427553     -9.914633    -11.204734
18
Coordinates from ORCA-job para_products_optfreq3 E -476.403314831547
  C      -5.635660      0.942843      0.143780
  C      -6.731945      1.568710     -0.517970
  C      -7.385396      0.942960     -1.547978
  C      -6.947271     -0.333204     -1.923455
  C      -5.873698     -0.988255     -1.300713
  C      -5.224028     -0.342189     -0.276203
  C      -4.995963      1.624043      1.295150
  H      -4.048341      1.168862      1.574906
  H      -5.664962      1.567448      2.165971
  H      -4.853894      2.689586      1.098857
  H      -7.047204      2.552062     -0.195546
  H      -8.212904      1.403247     -2.068194
  H      -5.583880     -1.975382     -1.630478
  H      -4.390479     -0.819650      0.220650
  N      -7.638228     -1.018741     -3.009548
  O      -7.832076     -2.213956     -2.869346
  O      -7.969222     -0.347801     -3.969439
  H     -13.465857     -9.971783    -11.256675
18
Coordinates from ORCA-job para_products_optfreq3 E -476.403330003582
  C      -5.633657      0.945884      0.147285
  C      -6.729916      1.571776     -0.514485
  C      -7.383007      0.946273     -1.544871
  C      -6.944543     -0.329666     -1.920715
  C      -5.870982     -0.984732     -1.297968
  C      -5.221674     -0.338912     -0.273074
  C      -4.994358      1.626790      1.299051
  H      -4.046835      1.171566      1.579063
  H      -5.663706      1.570012      2.169598
  H      -4.852217      2.692386      1.103075
  H      -7.045486      2.554948     -0.191818
  H      -8.210482      1.406596     -2.065106
  H      -5.580887     -1.971682     -1.628022
  H      -4.388142     -0.816388      0.223796
  N      -7.635116     -1.014944     -3.007216
  O      -7.828759     -2.210248     -2.867496
  O      -7.966025     -0.343719     -3.966937
  H     -13.505219    -10.027140    -11.310390
18
Coordinates from ORCA-job para_products_optfreq3 E -476.403345226688
  C      -5.631441      0.949269      0.150506
  C      -6.727762      1.574932     -0.511379
  C      -7.380766      0.949193     -1.541676
  C      -6.942151     -0.326755     -1.917314
  C      -5.868524     -0.981600     -1.294449
  C      -5.219306     -0.335546     -0.269646
  C      -4.992237      1.630428      1.302175
  H      -4.044452      1.175644      1.582024
  H      -5.661404      1.573236      2.172837
  H      -4.850640      2.696101      1.106267
  H      -7.043475      2.558119     -0.188898
  H      -8.208288      1.409348     -2.061986
  H      -5.578304     -1.968569     -1.624337
  H      -4.385721     -0.812845      0.227303
  N      -7.632630     -1.012281     -3.003718
  O      -7.826138     -2.207585     -2.863814
  O      -7.963601     -0.341244     -3.963549
  H     -13.544168    -10.081046    -11.366578
18
Coordinates from ORCA-job para_products_optfreq3 E -476.403360185534
  C      -5.629391      0.952225      0.154012
  C      -6.725621      1.578087     -0.507835
  C      -7.378374      0.952730     -1.538524
  C      -6.939594     -0.323032     -1.914602
  C      -5.866048     -0.978061     -1.291791
  C      -5.217082     -0.332387     -0.266589
  C      -4.990467      1.632951      1.306092
  H      -4.042852      1.177903      1.586085
  H      -5.659896      1.575641      2.176530
  H      -4.848596      2.698649      1.110510
  H      -7.041450      2.561119     -0.184999
  H      -8.205818      1.413044     -2.058815
  H      -5.575706     -1.964878     -1.622028
  H      -4.383572     -0.809837      0.230343
  N      -7.629806     -1.008155     -3.001430
  O      -7.823259     -2.203531     -2.862061
  O      -7.960629     -0.336743     -3.961050
  H     -13.582848    -10.136924    -11.420078
18
Coordinates from ORCA-job para_products_optfreq3 E -476.403375130910
  C      -5.627155      0.955456      0.157282
  C      -6.723395      1.581292     -0.504573
  C      -7.376127      0.955919     -1.535266
  C      -6.937316     -0.319833     -1.911339
  C      -5.863760     -0.974837     -1.288520
  C      -5.214814     -0.329147     -0.263314
  C      -4.988254      1.636198      1.309366
  H      -4.040639      1.181156      1.589369
  H      -5.657694      1.578898      2.179803
  H      -4.846376      2.701891      1.113767
  H      -7.039237      2.564318     -0.181726
  H      -8.203579      1.416213     -2.055564
  H      -5.573397     -1.961649     -1.618757
  H      -4.381297     -0.806577      0.233623
  N      -7.627505     -1.004973     -2.998170
  O      -7.820933     -2.200353     -2.858800
  O      -7.958337     -0.333570     -3.957793
  H     -13.621192    -10.191602    -11.475618
18
Coordinates from ORCA-job para_products_optfreq3 E -476.403389864820
  C      -5.624983      0.958314      0.160749
  C      -6.721078      1.584557     -0.500960
  C      -7.373762      0.959703     -1.531997
  C      -6.935049     -0.315935     -1.908573
  C      -5.861636     -0.971327     -1.285915
  C      -5.212736     -0.326153     -0.260356
  C      -4.986139      1.638486      1.313200
  H      -4.038862      1.182877      1.593422
  H      -5.655905      1.581456      2.183385
  H      -4.843583      2.704134      1.117798
  H      -7.036824      2.567477     -0.177697
  H      -8.201103      1.420305     -2.052197
  H      -5.571362     -1.958032     -1.616550
  H      -4.379336     -0.803895      0.236479
  N      -7.625190     -1.000528     -2.995780
  O      -7.818764     -2.195947     -2.856950
  O      -7.955838     -0.328673     -3.955150
  H     -13.658859    -10.248020    -11.529140
18
Coordinates from ORCA-job para_products_optfreq3 E -476.403404673150
  C      -5.622706      0.961683      0.163935
  C      -6.718845      1.587767     -0.497852
  C      -7.371543      0.962701     -1.528753
  C      -6.932799     -0.312991     -1.905108
  C      -5.859342     -0.968233     -1.282367
  C      -5.210429     -0.322847     -0.256949
  C      -4.983845      1.642088      1.316239
  H      -4.036330      1.186854      1.596270
  H      -5.653406      1.584771      2.186572
  H      -4.841743      2.707789      1.120831
  H      -7.034615      2.570735     -0.174764
  H      -8.198915      1.423177     -2.049016
  H      -5.569048     -1.954988     -1.612831
  H      -4.376994     -0.800473      0.239943
  N      -7.622954     -0.997808     -2.992166
  O      -7.816483     -2.193208     -2.853109
  O      -7.953658     -0.326140     -3.951648
  H     -13.697354    -10.302077    -11.585455
18
Coordinates from ORCA-job para_products_optfreq3 E -476.403419218756
  C      -5.620438      0.964619      0.167306
  C      -6.716456      1.591078     -0.494326
  C      -7.369237      0.966416     -1.525419
  C      -6.930702     -0.309243     -1.902129
  C      -5.857370     -0.964844     -1.279551
  C      -5.208370     -0.319861     -0.253935
  C      -4.981486      1.644588      1.319817
  H      -4.034296      1.188800      1.600030
  H      -5.651281      1.587661      2.189984
  H      -4.838701      2.710215      1.124468
  H      -7.032056      2.574009     -0.170955
  H      -8.196521      1.427174     -2.045574
  H      -5.567250     -1.951558     -1.610292
  H      -4.375032     -0.797771      0.242841
  N      -7.620949     -0.993633     -2.989396
  O      -7.814684     -2.189039     -2.850684
  O      -7.951518     -0.321636     -3.948694
  H     -13.734665    -10.358177    -11.639722
18
Coordinates from ORCA-job para_products_optfreq3 E -476.403433553957
  C      -5.618131      0.967071      0.170853
  C      -6.713839      1.594531     -0.490343
  C      -7.366850      0.970960     -1.521951
  C      -6.928866     -0.304602     -1.899630
  C      -5.855855     -0.961164     -1.277511
  C      -5.206615     -0.317266     -0.251365
  C      -4.978931      1.645860      1.323922
  H      -4.032711      1.188460      1.604744
  H      -5.649456      1.590172      2.193578
  H      -4.834140      2.711254      1.128651
  H      -7.028997      2.577354     -0.166196
  H      -8.193911      1.432476     -2.041788
  H      -5.566186     -1.947757     -1.609010
  H      -4.373526     -0.795934      0.245086
  N      -7.619367     -0.987840     -2.987460
  O      -7.813641     -2.183268     -2.849685
  O      -7.949592     -0.314952     -3.946251
  H     -13.770393    -10.416554    -11.691876
18
Coordinates from ORCA-job para_products_optfreq3 E -476.403447859562
  C      -5.615714      0.969695      0.174256
  C      -6.711192      1.597991     -0.486528
  C      -7.364557      0.975254     -1.518415
  C      -6.927168     -0.300302     -1.896800
  C      -5.854403     -0.957669     -1.275107
  C      -5.204801     -0.314602     -0.248670
  C      -4.976126      1.647592      1.327635
  H      -4.030792      1.188770      1.609102
  H      -5.647334      1.593287      2.196848
  H      -4.829472      2.712729      1.132217
  H      -7.025903      2.580779     -0.161845
  H      -8.191449      1.437414     -2.037947
  H      -5.565212     -1.944220     -1.607145
  H      -4.371898     -0.793914      0.247481
  N      -7.618054     -0.982660     -2.984938
  O      -7.812850     -2.178073     -2.847779
  O      -7.948051     -0.309119     -3.943350
  H     -13.806036    -10.474150    -11.745244
18
Coordinates from ORCA-job para_products_optfreq3 E -476.403462152561
  C      -5.613392      0.972714      0.177556
  C      -6.708788      1.601305     -0.483083
  C      -7.362296      0.978851     -1.515051
  C      -6.925136     -0.296717     -1.893663
  C      -5.852459     -0.954369     -1.272119
  C      -5.202712     -0.311582     -0.245598
  C      -4.973648      1.650311      1.331025
  H      -4.028605      1.191036      1.612711
  H      -5.645074      1.596468      2.200088
  H      -4.826375      2.715360      1.135562
  H      -7.023340      2.584092     -0.158238
  H      -8.189126      1.441243     -2.034473
  H      -5.563449     -1.940914     -1.604330
  H      -4.369879     -0.791123      0.250445
  N      -7.616176     -0.978777     -2.981891
  O      -7.811169     -2.174180     -2.844924
  O      -7.946094     -0.305021     -3.940178
  H     -13.843294    -10.529895    -11.800069
18
Coordinates from ORCA-job para_products_optfreq3 E -476.403476403347
  C      -5.611087      0.975839      0.180822
  C      -6.706441      1.604587     -0.479737
  C      -7.360051      0.982267     -1.511721
  C      -6.923038     -0.293322     -1.890431
  C      -5.850408     -0.951126     -1.268968
  C      -5.200556     -0.308472     -0.242429
  C      -4.971231      1.653296      1.334311
  H      -4.026337      1.193781      1.616103
  H      -5.642754      1.599718      2.203313
  H      -4.823619      2.718293      1.138800
  H      -7.020891      2.587386     -0.154833
  H      -8.186852      1.444784     -2.031078
  H      -5.561514     -1.937683     -1.601247
  H      -4.367758     -0.788135      0.253553
  N      -7.614189     -0.975240     -2.978677
  O      -7.809301     -2.170632     -2.841779
  O      -7.944071     -0.301388     -3.936910
  H     -13.880911    -10.585154    -11.855320
18
Coordinates from ORCA-job para_products_optfreq3 E -476.403490651446
  C      -5.608904      0.979452      0.183962
  C      -6.704399      1.607691     -0.476847
  C      -7.357851      0.984827     -1.508603
  C      -6.920533     -0.290801     -1.886826
  C      -5.847753     -0.948117     -1.265103
  C      -5.198064     -0.304922     -0.238801
  C      -4.969219      1.657495      1.337201
  H      -4.023746      1.198896      1.618565
  H      -5.640278      1.603067      2.206514
  H      -4.822778      2.722649      1.141753
  H      -7.019091      2.590540     -0.152330
  H      -8.184753      1.446958     -2.028144
  H      -5.558616     -1.934730     -1.597005
  H      -4.365152     -0.784200      0.257365
  N      -7.611511     -0.973294     -2.974822
  O      -7.806342     -2.168680     -2.837475
  O      -7.941542     -0.299882     -3.933313
  H     -13.920477    -10.638151    -11.912321
