3
Coordinates from ORCA-job nitronium_optfreq E -204.468587309836
  N      -4.375490      1.214520      0.000000
  O      -4.248170      2.373950     -0.000000
  O      -4.502920      0.055100      0.000000
3
Coordinates from ORCA-job nitronium_optfreq E -204.477537094898
  N      -4.375495      1.214520      0.000000
  O      -4.253014      2.329837     -0.000000
  O      -4.498071      0.099213     -0.000000
3
Coordinates from ORCA-job nitronium_optfreq E -204.477550126410
  N      -4.375500      1.214520      0.000000
  O      -4.253233      2.327822     -0.000000
  O      -4.497848      0.101227     -0.000000
3
Coordinates from ORCA-job nitronium_optfreq E -204.477550657228
  N      -4.375503      1.214521      0.000000
  O      -4.253195      2.328155     -0.000000
  O      -4.497883      0.100895     -0.000000
3
Coordinates from ORCA-job nitronium_optfreq E -204.477550656725
  N      -4.375506      1.214521      0.000000
  O      -4.253193      2.328153     -0.000000
  O      -4.497881      0.100896     -0.000000
