17
Coordinates from ORCA-job a_o E -491.728548279880
  C      -3.411580      0.754980     -0.047060
  C      -4.598910      0.022200     -0.031100
  C      -4.558820     -1.370930      0.001540
  C      -3.332760     -2.033700      0.018010
  C      -2.146100     -1.302730      0.001510
  C      -2.184760      0.090430     -0.031140
  H      -5.559270      0.532710     -0.044490
  H      -5.484750     -1.940540      0.013830
  H      -3.302050     -3.120270      0.043270
  H      -1.189470     -1.819130      0.013780
  H      -1.254770      0.654370     -0.044540
  N      -3.450140      2.119180     -0.078720
  H      -4.333620      2.586360      0.092250
  H      -2.594400      2.635490      0.092110
  N       6.529960      3.955130     -1.459760
  O       5.722850      4.855190     -1.471240
  O       6.189800      2.961950     -0.860130
17
Coordinates from ORCA-job a_o E -491.756516517570
  C      -3.407325      0.758074     -0.038254
  C      -4.616359      0.021271     -0.032129
  C      -4.576420     -1.365062     -0.007010
  C      -3.339939     -2.035466      0.010974
  C      -2.137415     -1.307484      0.003862
  C      -2.168044      0.077313     -0.020615
  H      -5.577646      0.537281     -0.047804
  H      -5.506392     -1.934237     -0.001934
  H      -3.314066     -3.125939      0.030052
  H      -1.178650     -1.828033      0.017355
  H      -1.240483      0.640011     -0.025608
  N      -3.429430      2.114727     -0.065717
  H      -4.308018      2.600627      0.090936
  H      -2.565657      2.629106      0.096259
  N       6.459241      3.954387     -1.420148
  O       5.725879      4.906820     -1.576974
  O       6.221934      2.937294     -0.805125
17
Coordinates from ORCA-job a_o E -491.768819636407
  C      -3.403880      0.762271     -0.021914
  C      -4.627520      0.019018     -0.022615
  C      -4.586174     -1.361302     -0.006857
  C      -3.345063     -2.039046      0.005504
  C      -2.132544     -1.313403      0.003171
  C      -2.154459      0.065589     -0.010134
  H      -5.587466      0.541744     -0.036664
  H      -5.518302     -1.930762     -0.005218
  H      -3.324017     -3.131725      0.016439
  H      -1.174073     -1.838427      0.012344
  H      -1.223417      0.631518     -0.009655
  N      -3.418549      2.110052     -0.050985
  H      -4.292334      2.615518      0.066671
  H      -2.554233      2.632709      0.068192
  N       6.387884      3.953826     -1.390060
  O       5.752234      4.924200     -1.605754
  O       6.243122      2.938910     -0.804345
17
Coordinates from ORCA-job a_o E -491.770941321229
  C      -3.401713      0.764652     -0.009407
  C      -4.623914      0.017908     -0.015454
  C      -4.582379     -1.362588     -0.009975
  C      -3.345733     -2.043577     -0.001445
  C      -2.135543     -1.317842      0.002255
  C      -2.153009      0.062645     -0.001976
  H      -5.580581      0.545584     -0.024883
  H      -5.514150     -1.932013     -0.012424
  H      -3.326606     -3.135471      0.002140
  H      -1.179694     -1.845839      0.008512
  H      -1.220893      0.632232      0.000495
  N      -3.419904      2.110881     -0.030300
  H      -4.293084      2.622101      0.048636
  H      -2.560196      2.643235      0.054715
  N       6.351783      3.948122     -1.373969
  O       5.774753      4.925642     -1.644292
  O       6.252074      2.945018     -0.784506
17
Coordinates from ORCA-job a_o E -491.771256131781
  C      -3.410601      0.760970     -0.004114
  C      -4.628846      0.012728     -0.009709
  C      -4.586827     -1.368581     -0.008144
  C      -3.352145     -2.048537     -0.002745
  C      -2.145545     -1.320668      0.001139
  C      -2.163116      0.061286     -0.000385
  H      -5.584763      0.541802     -0.014673
  H      -5.518318     -1.938534     -0.010603
  H      -3.331668     -3.140218     -0.001335
  H      -1.190028     -1.849175      0.005726
  H      -1.231378      0.632868      0.001450
  N      -3.434818      2.108228     -0.016798
  H      -4.310206      2.618103      0.038785
  H      -2.578129      2.647320      0.046123
  N       6.385407      3.960909     -1.374757
  O       5.825702      4.946542     -1.655838
  O       6.296489      2.955648     -0.786003
17
Coordinates from ORCA-job a_o E -491.771362909208
  C      -3.421681      0.756966     -0.000280
  C      -4.637003      0.006518     -0.004395
  C      -4.593051     -1.375019     -0.005256
  C      -3.357293     -2.051806     -0.002993
  C      -2.153411     -1.320488     -0.000042
  C      -2.173386      0.061919      0.000439
  H      -5.593542      0.534740     -0.005992
  H      -5.523810     -1.946327     -0.007245
  H      -3.333648     -3.143473     -0.003253
  H      -1.197026     -1.847770      0.002392
  H      -1.242746      0.635123      0.002040
  N      -3.452039      2.104764     -0.005712
  H      -4.330130      2.611432      0.031567
  H      -2.597604      2.649357      0.037858
  N       6.429091      3.973822     -1.378476
  O       5.877941      4.965702     -1.658326
  O       6.340546      2.965228     -0.794204
17
Coordinates from ORCA-job a_o E -491.771436373025
  C      -3.434586      0.753655      0.003980
  C      -4.647096     -0.000664      0.000696
  C      -4.599139     -1.382141     -0.002845
  C      -3.360622     -2.054027     -0.003736
  C      -2.159560     -1.318032     -0.001297
  C      -2.183891      0.064439      0.001840
  H      -5.605245      0.524724      0.001866
  H      -5.528302     -1.956039     -0.004598
  H      -3.332346     -3.145617     -0.006089
  H      -1.201612     -1.842601     -0.001445
  H      -1.254817      0.639930      0.003445
  N      -3.471576      2.101544      0.005223
  H      -4.352570      2.603907      0.026738
  H      -2.619670      2.651129      0.031028
  N       6.477117      3.984846     -1.383261
  O       5.931566      4.980459     -1.662140
  O       6.383558      2.975180     -0.801285
