18
Coordinates from ORCA-job educts_optfreq_7 E -475.624508855679
  C      -6.133653      0.615052      1.905415
  C      -6.661103      1.103734      0.680524
  C      -6.460671      0.414846     -0.488845
  C      -5.734207     -0.789700     -0.470934
  C      -5.173584     -1.278789      0.727819
  C      -5.369993     -0.592934      1.894631
  C      -6.356950      1.328346      3.175865
  H      -5.393667      1.662910      3.589256
  H      -6.761408      0.647032      3.938542
  H      -7.010431      2.189538      3.072149
  H      -7.223356      2.027048      0.683067
  H      -6.861255      0.791780     -1.419172
  H      -5.622446     -1.366178     -1.378439
  H      -4.605364     -2.197700      0.717482
  H      -4.958565     -0.957100      2.826536
  N      -9.099267     -0.856262    -13.941329
  O      -8.710529     -0.918222    -12.752014
  O      -7.967978     -0.931607    -14.490475
18
Coordinates from ORCA-job educts_optfreq_7 E -475.625831362743
  C      -6.138457      0.615223      1.914439
  C      -6.676232      1.101204      0.684736
  C      -6.473575      0.408338     -0.491267
  C      -5.734568     -0.799635     -0.475731
  C      -5.173434     -1.290289      0.729262
  C      -5.371556     -0.598760      1.902981
  C      -6.348193      1.341203      3.186144
  H      -5.372193      1.677881      3.593229
  H      -6.750299      0.661699      3.962134
  H      -7.006687      2.212620      3.082103
  H      -7.248569      2.031621      0.688261
  H      -6.882726      0.785016     -1.431182
  H      -5.604851     -1.371162     -1.398734
  H      -4.595530     -2.216839      0.718948
  H      -4.952218     -0.964937      2.843437
  N      -9.094648     -0.859049    -13.956908
  O      -8.708820     -0.919274    -12.770807
  O      -7.971871     -0.923067    -14.510967
18
Coordinates from ORCA-job educts_optfreq_7 E -475.625921805228
  C      -6.137931      0.616213      1.928682
  C      -6.681691      1.098575      0.698687
  C      -6.478690      0.404118     -0.477711
  C      -5.731774     -0.802333     -0.463293
  C      -5.173330     -1.293768      0.743310
  C      -5.372240     -0.600154      1.917969
  C      -6.340155      1.348406      3.198874
  H      -5.361274      1.685057      3.600619
  H      -6.739906      0.672442      3.979891
  H      -6.997956      2.220875      3.094355
  H      -7.257850      2.026929      0.702546
  H      -6.891721      0.776673     -1.417918
  H      -5.589333     -1.364854     -1.390270
  H      -4.594498     -2.220059      0.734013
  H      -4.952351     -0.966404      2.858511
  N      -9.102366     -0.865442    -14.022430
  O      -8.717941     -0.923930    -12.836370
  O      -7.983420     -0.920549    -14.579388
18
Coordinates from ORCA-job educts_optfreq_7 E -475.625961465260
  C      -6.136759      0.617352      1.941665
  C      -6.684999      1.096075      0.712114
  C      -6.482535      0.399769     -0.463110
  C      -5.728208     -0.803847     -0.449412
  C      -5.173451     -1.295946      0.757937
  C      -5.372948     -0.600650      1.932234
  C      -6.333010      1.354409      3.209949
  H      -5.352337      1.690600      3.607221
  H      -6.731024      0.681793      3.994691
  H      -6.989671      2.227382      3.104613
  H      -7.264619      2.021978      0.715968
  H      -6.899399      0.767205     -1.403399
  H      -5.574463     -1.357481     -1.379590
  H      -4.594526     -2.221913      0.750185
  H      -4.953275     -0.966973      2.872611
  N      -9.111153     -0.871715    -14.087488
  O      -8.727584     -0.928447    -12.900351
  O      -7.994465     -0.917797    -14.645760
18
Coordinates from ORCA-job educts_optfreq_7 E -475.625980251613
  C      -6.134727      0.618736      1.954097
  C      -6.683850      1.095700      0.724684
  C      -6.481988      0.397876     -0.449220
  C      -5.724573     -0.804055     -0.435227
  C      -5.172050     -1.296133      0.772394
  C      -5.372001     -0.599849      1.945883
  C      -6.329531      1.357409      3.221457
  H      -5.348442      1.693165      3.617619
  H      -6.727473      0.686155      4.007272
  H      -6.985477      2.230622      3.115367
  H      -7.264914      2.020533      0.728026
  H      -6.900524      0.762183     -1.389832
  H      -5.566459     -1.354131     -1.366575
  H      -4.593082     -2.221925      0.765981
  H      -4.952768     -0.965975      2.886389
  N      -9.122139     -0.877186    -14.153089
  O      -8.738916     -0.932811    -12.964775
  O      -8.005513     -0.918521    -14.710373
18
Coordinates from ORCA-job educts_optfreq_7 E -475.625994657316
  C      -6.132517      0.620180      1.966482
  C      -6.681089      1.096171      0.736782
  C      -6.479425      0.397010     -0.436106
  C      -5.721093     -0.804221     -0.421205
  C      -5.169666     -1.295710      0.786757
  C      -5.370120     -0.598538      1.959470
  C      -6.327792      1.359360      3.233398
  H      -5.346791      1.694891      3.629838
  H      -6.726316      0.688660      4.019325
  H      -6.983338      2.232728      3.126551
  H      -7.262577      2.020712      0.739281
  H      -6.898376      0.759432     -1.377235
  H      -5.561941     -1.353674     -1.352699
  H      -4.590436     -2.221319      0.781567
  H      -4.951285     -0.964122      2.900337
  N      -9.133924     -0.882139    -14.218700
  O      -8.751024     -0.936936    -13.029475
  O      -8.016718     -0.920691    -14.774290
18
Coordinates from ORCA-job educts_optfreq_7 E -475.626007949771
  C      -6.130350      0.621544      1.978981
  C      -6.678088      1.096758      0.748744
  C      -6.476116      0.396514     -0.423446
  C      -5.717807     -0.804625     -0.407345
  C      -5.166764     -1.295160      0.801092
  C      -5.367783     -0.597088      1.973152
  C      -6.326657      1.361098      3.245543
  H      -5.345913      1.696684      3.642596
  H      -6.725855      0.690731      4.031396
  H      -6.982041      2.234506      3.137895
  H      -7.259590      2.021314      0.750264
  H      -6.894788      0.757852     -1.365133
  H      -5.558852     -1.354797     -1.338470
  H      -4.587205     -2.220586      0.797001
  H      -4.949287     -0.961908      2.914486
  N      -9.145824     -0.886704    -14.284121
  O      -8.763430     -0.940778    -13.094303
  O      -8.028080     -0.923560    -14.838254
18
Coordinates from ORCA-job educts_optfreq_7 E -475.626020954749
  C      -6.128325      0.622990      1.991282
  C      -6.675271      1.096757      0.760231
  C      -6.472580      0.394990     -0.410990
  C      -5.714177     -0.806049     -0.393048
  C      -5.163449     -1.294941      0.816155
  C      -5.365308     -0.595430      1.987260
  C      -6.325790      1.363561      3.257125
  H      -5.345353      1.699443      3.654722
  H      -6.725758      0.693892      4.043180
  H      -6.981043      2.236937      3.148188
  H      -7.256881      2.021266      0.760257
  H      -6.890774      0.754840     -1.353479
  H      -5.555343     -1.357387     -1.323529
  H      -4.583429     -2.220100      0.813662
  H      -4.947188     -0.958939      2.929287
  N      -9.157858     -0.890827    -14.349414
  O      -8.776324     -0.943918    -13.158909
  O      -8.039576     -0.925292    -14.901903
18
Coordinates from ORCA-job educts_optfreq_7 E -475.626033848271
  C      -6.126415      0.624460      2.003398
  C      -6.672648      1.096124      0.771266
  C      -6.468805      0.392531     -0.398731
  C      -5.710235     -0.808390     -0.378332
  C      -5.159755     -1.294969      0.831910
  C      -5.362686     -0.593584      2.001766
  C      -6.325170      1.366703      3.268111
  H      -5.345133      1.703168      3.666201
  H      -6.725968      0.698069      4.054631
  H      -6.980372      2.239911      3.157384
  H      -7.254482      2.020501      0.769339
  H      -6.886300      0.750678     -1.342189
  H      -5.551370     -1.361425     -1.307816
  H      -4.579241     -2.219826      0.831405
  H      -4.944974     -0.955278      2.944684
  N      -9.170009     -0.894423    -14.414434
  O      -8.789729     -0.946304    -13.223233
  O      -8.051135     -0.926152    -14.965282
18
Coordinates from ORCA-job educts_optfreq_7 E -475.626046553168
  C      -6.124822      0.626404      2.014511
  C      -6.670118      1.093466      0.780306
  C      -6.464165      0.386079     -0.387085
  C      -5.704683     -0.814247     -0.361829
  C      -5.154788     -1.296119      0.850482
  C      -5.359752     -0.590880      2.017745
  C      -6.325673      1.372430      3.276722
  H      -5.346326      1.710102      3.675438
  H      -6.727932      0.706123      4.064488
  H      -6.980769      2.245259      3.162312
  H      -7.252712      2.017351      0.774502
  H      -6.880649      0.740499     -1.332402
  H      -5.545052     -1.370252     -1.289417
  H      -4.573309     -2.220367      0.853943
  H      -4.942707     -0.948858      2.962381
  N      -9.182932     -0.896410    -14.478883
  O      -8.805086     -0.946111    -13.286392
  O      -8.062951     -0.922678    -15.026746
18
Coordinates from ORCA-job educts_optfreq_7 E -475.626059553364
  C      -6.123552      0.628727      2.024550
  C      -6.667602      1.088547      0.787122
  C      -6.458360      0.375503     -0.376283
  C      -5.697467     -0.823815     -0.343514
  C      -5.148392     -1.298311      0.872043
  C      -5.356391     -0.587259      2.035294
  C      -6.327559      1.380848      3.282674
  H      -5.349324      1.720500      3.682331
  H      -6.731986      0.718201      4.072457
  H      -6.982579      2.252959      3.162454
  H      -7.251431      2.011591      0.775409
  H      -6.873307      0.724567     -1.324272
  H      -5.536353     -1.384703     -1.267917
  H      -4.565555     -2.221657      0.881369
  H      -4.940292     -0.939474      2.982510
  N      -9.196696     -0.896450    -14.542104
  O      -8.822629     -0.943072    -13.348048
  O      -8.074953     -0.914909    -15.085998
18
Coordinates from ORCA-job educts_optfreq_7 E -475.626073129821
  C      -6.123237      0.632433      2.031023
  C      -6.664885      1.077164      0.787103
  C      -6.449329      0.352396     -0.367901
  C      -5.685056     -0.844254     -0.319861
  C      -5.138026     -1.303718      0.902300
  C      -5.352116     -0.580871      2.057201
  C      -6.333538      1.397186      3.280499
  H      -5.357562      1.740743      3.682099
  H      -6.742461      0.742193      4.074439
  H      -6.988248      2.267792      3.148289
  H      -7.251479      1.998216      0.763397
  H      -6.861531      0.690257     -1.321155
  H      -5.519959     -1.414650     -1.237758
  H      -4.552431     -2.225111      0.923486
  H      -4.937946     -0.921362      3.009532
  N      -9.212867     -0.890563    -14.601067
  O      -8.846218     -0.931732    -13.404251
  O      -8.087537     -0.894325    -15.137296
18
Coordinates from ORCA-job educts_optfreq_7 E -475.626088309987
  C      -6.123809      0.637174      2.033742
  C      -6.661607      1.059542      0.780316
  C      -6.436930      0.317756     -0.362084
  C      -5.667640     -0.874298     -0.291504
  C      -5.124258     -1.311680      0.940421
  C      -5.347316     -0.571923      2.082793
  C      -6.343656      1.420568      3.269922
  H      -5.371182      1.769636      3.674904
  H      -6.759631      0.776977      4.069667
  H      -6.997589      2.288833      3.119789
  H      -7.252266      1.977357      0.739088
  H      -6.845176      0.639532     -1.322633
  H      -5.495472     -1.458695     -1.199314
  H      -4.534834     -2.230064      0.978686
  H      -4.936268     -0.895319      3.042391
  N      -9.231259     -0.878077    -14.653117
  O      -8.874865     -0.912820    -13.453493
  O      -8.100670     -0.862707    -15.179498
18
Coordinates from ORCA-job educts_optfreq_7 E -475.626102828204
  C      -6.123681      0.641228      2.038160
  C      -6.657762      1.045370      0.777033
  C      -6.426008      0.289732     -0.354791
  C      -5.652288     -0.898039     -0.265679
  C      -5.113103     -1.317742      0.974320
  C      -5.343556     -0.564430      2.106155
  C      -6.351752      1.439549      3.263159
  H      -5.382235      1.792256      3.671813
  H      -6.774371      0.805386      4.067077
  H      -7.004225      2.306216      3.098243
  H      -7.251849      1.960226      0.721729
  H      -6.831706      0.597939     -1.320837
  H      -5.472500     -1.493115     -1.164966
  H      -4.520744     -2.233557      1.026478
  H      -4.935572     -0.874272      3.071505
  N      -9.248815     -0.868097    -14.707003
  O      -8.900094     -0.898709    -13.506015
  O      -8.114167     -0.838147    -15.226305
18
Coordinates from ORCA-job educts_optfreq_7 E -475.626115571681
  C      -6.121694      0.642963      2.049196
  C      -6.654239      1.043397      0.786172
  C      -6.421020      0.284833     -0.343357
  C      -5.646262     -0.902172     -0.249854
  C      -5.109060     -1.318349      0.992251
  C      -5.341280     -0.562106      2.121657
  C      -6.352362      1.444156      3.271776
  H      -5.383629      1.796511      3.682569
  H      -6.777648      0.812041      4.075929
  H      -7.003568      2.311111      3.103461
  H      -7.249097      1.957577      0.728000
  H      -6.827040      0.589612     -1.310216
  H      -5.463355     -1.499382     -1.146927
  H      -4.516260     -2.233705      1.047534
  H      -4.934458     -0.869405      3.088305
  N      -9.261869     -0.869820    -14.769824
  O      -8.915209     -0.899150    -13.568869
  O      -8.126375     -0.836321    -15.287726
18
Coordinates from ORCA-job educts_optfreq_7 E -475.626128083136
  C      -6.120091      0.645306      2.059073
  C      -6.650225      1.039780      0.793335
  C      -6.414649      0.276118     -0.332274
  C      -5.638278     -0.909285     -0.232107
  C      -5.103707     -1.319840      1.012845
  C      -5.338944     -0.558824      2.138442
  C      -6.354515      1.450858      3.278097
  H      -5.386870      1.802953      3.691616
  H      -6.783790      0.822008      4.082707
  H      -7.003862      2.318178      3.104592
  H      -7.246037      1.953015      0.730202
  H      -6.820348      0.574967     -1.301173
  H      -5.452364     -1.509662     -1.126455
  H      -4.509819     -2.234145      1.073479
  H      -4.933753     -0.861721      3.107162
  N      -9.276079     -0.869579    -14.832220
  O      -8.931740     -0.897497    -13.630359
  O      -8.139355     -0.830837    -15.346886
18
Coordinates from ORCA-job educts_optfreq_7 E -475.626140021668
  C      -6.117594      0.645886      2.072880
  C      -6.646900      1.043055      0.807651
  C      -6.411592      0.281345     -0.319375
  C      -5.636202     -0.905008     -0.220930
  C      -5.102234     -1.318053      1.023497
  C      -5.337213     -0.558831      2.150388
  C      -6.352314      1.449115      3.293384
  H      -5.384573      1.799044      3.708551
  H      -6.783022      0.819131      4.096342
  H      -7.000380      2.317658      3.121222
  H      -7.241944      1.956910      0.746145
  H      -6.817853      0.581724     -1.287474
  H      -5.450529     -1.504534     -1.115891
  H      -4.508914     -2.232820      1.082673
  H      -4.932420     -0.863767      3.118635
  N      -9.287204     -0.876207    -14.898092
  O      -8.942757     -0.903723    -13.696312
  O      -8.150782     -0.839130    -15.413218
18
Coordinates from ORCA-job educts_optfreq_7 E -475.626152344452
  C      -6.115595      0.646711      2.085837
  C      -6.643443      1.044446      0.820211
  C      -6.407029      0.283144     -0.306912
  C      -5.632337     -0.903565     -0.208036
  C      -5.099375     -1.316993      1.036720
  C      -5.335395     -0.558137      2.163718
  C      -6.351565      1.449430      3.306465
  H      -5.384126      1.797412      3.723925
  H      -6.785086      0.819531      4.108010
  H      -6.997924      2.319125      3.133672
  H      -7.237897      1.958666      0.758351
  H      -6.812449      0.583895     -1.275262
  H      -5.446622     -1.503480     -1.102802
  H      -4.506215     -2.231844      1.096196
  H      -4.931579     -0.863417      3.132269
  N      -9.299412     -0.880949    -14.963314
  O      -8.955557     -0.907746    -13.761154
  O      -8.162821     -0.844436    -15.477818
18
Coordinates from ORCA-job educts_optfreq_7 E -475.626164885637
  C      -6.113843      0.647342      2.098882
  C      -6.640032      1.045824      0.832812
  C      -6.401917      0.285162     -0.294416
  C      -5.628038     -0.901898     -0.195193
  C      -5.096330     -1.315910      1.049904
  C      -5.333835     -0.557694      2.177092
  C      -6.351062      1.449595      3.319607
  H      -5.384044      1.795023      3.740012
  H      -6.788438      0.819863      4.119254
  H      -6.995226      2.320735      3.145862
  H      -7.233826      1.960431      0.770387
  H      -6.805157      0.587058     -1.263373
  H      -5.442078     -1.501699     -1.090037
  H      -4.503434     -2.230911      1.109709
  H      -4.931415     -0.863455      3.146074
  N      -9.311873     -0.885677    -15.028552
  O      -8.968802     -0.911597    -13.825792
  O      -8.175079     -0.850398    -15.542157
18
Coordinates from ORCA-job educts_optfreq_7 E -475.626177203756
  C      -6.112053      0.648135      2.111565
  C      -6.636375      1.046787      0.844760
  C      -6.396461      0.286231     -0.282150
  C      -5.623051     -0.900981     -0.181914
  C      -5.093171     -1.315126      1.063900
  C      -5.332328     -0.557029      2.190800
  C      -6.350955      1.450352      3.331994
  H      -5.384603      1.793091      3.755929
  H      -6.792732      0.821037      4.129621
  H      -6.992725      2.322945      3.156722
  H      -7.229859      1.961520      0.781360
  H      -6.797330      0.588833     -1.251891
  H      -5.435860     -1.500559     -1.076628
  H      -4.500611     -2.230290      1.124526
  H      -4.931532     -0.862907      3.160412
  N      -9.324626     -0.889921    -15.093281
  O      -8.982792     -0.914734    -13.890014
  O      -8.187366     -0.855589    -15.605635
18
Coordinates from ORCA-job educts_optfreq_7 E -475.626189455633
  C      -6.110210      0.648981      2.124129
  C      -6.632263      1.047945      0.856471
  C      -6.390449      0.287499     -0.270086
  C      -5.617500     -0.899903     -0.168701
  C      -5.090041     -1.314397      1.078002
  C      -5.330971     -0.556385      2.204528
  C      -6.351244      1.450982      3.344291
  H      -5.385787      1.790423      3.772676
  H      -6.798280      0.822023      4.139350
  H      -6.990162      2.325308      3.167303
  H      -7.225517      1.962746      0.792066
  H      -6.788725      0.590835     -1.240663
  H      -5.428615     -1.499033     -1.063326
  H      -4.497992     -2.229828      1.139538
  H      -4.932029     -0.862467      3.174838
  N      -9.337628     -0.894120    -15.157749
  O      -8.997362     -0.917607    -13.954024
  O      -8.199653     -0.861207    -15.668565
18
Coordinates from ORCA-job educts_optfreq_7 E -475.626201638621
  C      -6.108336      0.649796      2.136729
  C      -6.627481      1.049745      0.868193
  C      -6.383598      0.289799     -0.258238
  C      -5.611359     -0.898004     -0.155902
  C      -5.086989     -1.313539      1.091734
  C      -5.329901     -0.555973      2.218089
  C      -6.352027      1.450960      3.356930
  H      -5.387694      1.786010      3.791024
  H      -6.805569      0.822128      4.148502
  H      -6.987305      2.327584      3.178271
  H      -7.220345      1.964738      0.802993
  H      -6.779048      0.594193     -1.229635
  H      -5.420585     -1.496343     -1.050631
  H      -4.495669     -2.229391      1.154008
  H      -4.933176     -0.862726      3.189095
  N      -9.350898     -0.898573    -15.222074
  O      -9.012472     -0.920491    -14.017902
  O      -8.211977     -0.868118    -15.731111
18
Coordinates from ORCA-job educts_optfreq_7 E -475.626213817168
  C      -6.106528      0.650476      2.149444
  C      -6.621675      1.052605      0.879995
  C      -6.375255      0.293916     -0.246728
  C      -5.604238     -0.894666     -0.143823
  C      -5.083964     -1.312405      1.104763
  C      -5.329373     -0.556043      2.231370
  C      -6.353668      1.449784      3.370193
  H      -5.390803      1.778547      3.812003
  H      -6.815874      0.820780      4.156736
  H      -6.983896      2.329706      3.189933
  H      -7.213746      1.968075      0.814306
  H      -6.767257      0.600094     -1.218959
  H      -5.411347     -1.491635     -1.039005
  H      -4.493693     -2.228903      1.167466
  H      -4.935607     -0.864347      3.203092
  N      -9.364614     -0.903443    -15.286151
  O      -9.028407     -0.923415    -14.081476
  O      -8.224483     -0.877330    -15.793082
18
Coordinates from ORCA-job educts_optfreq_7 E -475.626225993899
  C      -6.104918      0.650993      2.162155
  C      -6.614476      1.056642      0.891634
  C      -6.364697      0.300056     -0.235766
  C      -5.595524     -0.889737     -0.132510
  C      -5.080817     -1.310982      1.117160
  C      -5.329640     -0.556701      2.244429
  C      -6.356681      1.447312      3.383937
  H      -5.395797      1.767209      3.836129
  H      -6.830557      0.817992      4.163432
  H      -6.979825      2.331910      3.201988
  H      -7.205178      1.972978      0.825643
  H      -6.752428      0.608738     -1.208925
  H      -5.400004     -1.484717     -1.028454
  H      -4.491933     -2.228355      1.180125
  H      -4.939987     -0.867595      3.216989
  N      -9.379021     -0.908668    -15.349594
  O      -9.045545     -0.926178    -14.144318
  O      -8.237399     -0.889104    -15.853977
18
Coordinates from ORCA-job educts_optfreq_7 E -475.626238048192
  C      -6.103731      0.651301      2.174600
  C      -6.605282      1.061903      0.902580
  C      -6.350623      0.308319     -0.225748
  C      -5.584129     -0.883191     -0.121946
  C      -5.077211     -1.309305      1.129203
  C      -5.331062     -0.558053      2.257424
  C      -6.362016      1.443451      3.397754
  H      -5.404046      1.750926      3.864121
  H      -6.851986      0.813975      4.167346
  H      -6.975107      2.334587      3.213627
  H      -7.193839      1.979593      0.836133
  H      -6.732574      0.620339     -1.200141
  H      -5.384996     -1.475583     -1.018839
  H      -4.490144     -2.227819      1.192600
  H      -4.947376     -0.872680      3.231159
  N      -9.394588     -0.913928    -15.411559
  O      -9.064578     -0.928245    -14.205504
  O      -8.251139     -0.903797    -15.912733
18
Coordinates from ORCA-job educts_optfreq_7 E -475.626249633428
  C      -6.103119      0.651296      2.186634
  C      -6.593674      1.068647      0.912638
  C      -6.332197      0.319211     -0.216910
  C      -5.569424     -0.874668     -0.112366
  C      -5.073094     -1.307338      1.140702
  C      -5.333987     -0.560329      2.270203
  C      -6.370244      1.437859      3.411516
  H      -5.416535      1.728682      3.896443
  H      -6.881454      0.808566      4.167637
  H      -6.969715      2.337668      3.224774
  H      -7.179137      1.988272      0.845573
  H      -6.706309      0.635780     -1.192905
  H      -5.365320     -1.463678     -1.010404
  H      -4.488456     -2.227351      1.204741
  H      -4.958616     -0.880139      3.245495
  N      -9.411479     -0.919114    -15.471112
  O      -9.085576     -0.929469    -14.264086
  O      -8.266090     -0.922101    -15.968496
18
Coordinates from ORCA-job educts_optfreq_7 E -475.626260573636
  C      -6.103134      0.651209      2.197832
  C      -6.580468      1.075225      0.921106
  C      -6.310273      0.329857     -0.209100
  C      -5.551705     -0.866524     -0.102423
  C      -5.068024     -1.305606      1.153295
  C      -5.337816     -0.562761      2.283517
  C      -6.381146      1.432337      3.423787
  H      -5.433155      1.704474      3.929774
  H      -6.916658      0.804310      4.164326
  H      -6.964801      2.341737      3.233463
  H      -7.162419      1.996959      0.852395
  H      -6.674895      0.650996     -1.187212
  H      -5.341115     -1.452441     -1.001011
  H      -4.486029     -2.227177      1.219049
  H      -4.972525     -0.887755      3.260922
  N      -9.429669     -0.923036    -15.528143
  O      -9.108078     -0.929117    -14.320030
  O      -8.282517     -0.940895    -16.021470
18
Coordinates from ORCA-job educts_optfreq_7 E -475.626271076599
  C      -6.103550      0.651086      2.208456
  C      -6.566777      1.081010      0.928535
  C      -6.286780      0.339249     -0.201670
  C      -5.532406     -0.859486     -0.091688
  C      -5.062346     -1.304268      1.167161
  C      -5.342002     -0.565067      2.297414
  C      -6.393388      1.427569      3.434642
  H      -5.452185      1.681118      3.961958
  H      -6.953601      0.801801      4.158989
  H      -6.960771      2.346338      3.240148
  H      -7.145263      2.004733      0.857321
  H      -6.640902      0.664748     -1.182201
  H      -5.314205     -1.442807     -0.990148
  H      -4.483046     -2.227348      1.235510
  H      -4.987532     -0.894676      3.277251
  N      -9.448556     -0.925759    -15.583755
  O      -9.130891     -0.927750    -14.374528
  O      -8.300225     -0.958699    -16.073317
18
Coordinates from ORCA-job educts_optfreq_7 E -475.626277669081
  C      -6.104341      0.653432      2.217182
  C      -6.555794      1.077134      0.930324
  C      -6.263892      0.330065     -0.194102
  C      -5.509212     -0.868075     -0.071161
  C      -5.050956     -1.306725      1.194774
  C      -5.342375     -0.562118      2.319234
  C      -6.407789      1.434868      3.437697
  H      -5.473236      1.677515      3.983170
  H      -6.989888      0.815380      4.152627
  H      -6.963195      2.359416      3.231482
  H      -7.134644      2.000317      0.849059
  H      -6.608515      0.650912     -1.180051
  H      -5.281409     -1.455195     -0.965199
  H      -4.471389     -2.229366      1.273244
  H      -4.997148     -0.886934      3.304493
  N      -9.470480     -0.923560    -15.647877
  O      -9.161513     -0.917585    -14.435856
  O      -8.318650     -0.957687    -16.128963
18
Coordinates from ORCA-job educts_optfreq_7 E -475.626293177164
  C      -6.104637      0.654925      2.227496
  C      -6.545893      1.073769      0.936163
  C      -6.245099      0.323371     -0.183217
  C      -5.490604     -0.873155     -0.050262
  C      -5.042782     -1.307443      1.220346
  C      -5.343331     -0.559623      2.339746
  C      -6.418254      1.439996      3.442488
  H      -5.490048      1.676908      3.997729
  H      -7.012025      0.826633      4.150447
  H      -6.965323      2.366916      3.229595
  H      -7.123765      1.996575      0.847845
  H      -6.584819      0.639584     -1.171675
  H      -5.254285     -1.464275     -0.939169
  H      -4.462905     -2.228844      1.306252
  H      -5.005703     -0.881249      3.328105
  N      -9.491180     -0.921149    -15.715211
  O      -9.184575     -0.912941    -14.502808
  O      -8.339200     -0.958204    -16.193792
18
Coordinates from ORCA-job educts_optfreq_7 E -475.626301543823
  C      -6.103841      0.653657      2.241375
  C      -6.531312      1.083173      0.949317
  C      -6.223210      0.340111     -0.172140
  C      -5.475201     -0.859140     -0.040715
  C      -5.040525     -1.303897      1.230456
  C      -5.348354     -0.563618      2.351990
  C      -6.426880      1.430167      3.458703
  H      -5.505383      1.648197      4.035351
  H      -7.043958      0.816264      4.148072
  H      -6.957839      2.366184      3.245261
  H      -7.104342      2.008274      0.861993
  H      -6.551017      0.665396     -1.161641
  H      -5.233885     -1.444907     -0.931283
  H      -4.465223     -2.227475      1.314826
  H      -5.020942     -0.893124      3.340842
  N      -9.510017     -0.925520    -15.779294
  O      -9.205113     -0.915553    -14.566985
  O      -8.357386     -0.986394    -16.256050
18
Coordinates from ORCA-job educts_optfreq_7 E -475.626317061889
  C      -6.103911      0.655171      2.252596
  C      -6.525336      1.078781      0.956042
  C      -6.208998      0.331795     -0.161042
  C      -5.460018     -0.866567     -0.020403
  C      -5.032030     -1.305718      1.255472
  C      -5.347187     -0.560930      2.372415
  C      -6.434041      1.437161      3.464949
  H      -5.517719      1.654072      4.048595
  H      -7.058851      0.827609      4.150375
  H      -6.960930      2.373796      3.244402
  H      -7.099484      2.002919      0.861501
  H      -6.530469      0.653920     -1.154072
  H      -5.212129     -1.455469     -0.907217
  H      -4.456258     -2.228831      1.346928
  H      -5.024982     -0.885857      3.364854
  N      -9.528853     -0.925737    -15.849103
  O      -9.228647     -0.909810    -14.634993
  O      -8.374586     -0.984511    -16.321221
18
Coordinates from ORCA-job educts_optfreq_7 E -475.626328643165
  C      -6.103528      0.657133      2.262815
  C      -6.517055      1.074127      0.961485
  C      -6.192665      0.322119     -0.150021
  C      -5.442746     -0.874643      0.001079
  C      -5.022840     -1.307439      1.281920
  C      -5.346464     -0.557772      2.393352
  C      -6.443355      1.444414      3.469275
  H      -5.533187      1.659107      4.062389
  H      -7.078634      0.839649      4.149327
  H      -6.964515      2.382531      3.240210
  H      -7.092217      1.997014      0.858915
  H      -6.508123      0.639386     -1.146354
  H      -5.187353     -1.466996     -0.881457
  H      -4.446505     -2.229596      1.381405
  H      -5.030428     -0.877673      3.389426
  N      -9.548983     -0.924263    -15.916963
  O      -9.252480     -0.903506    -14.701867
  O      -8.393348     -0.981800    -16.384857
18
Coordinates from ORCA-job educts_optfreq_7 E -475.626339644164
  C      -6.103114      0.658595      2.273627
  C      -6.508316      1.070943      0.968145
  C      -6.176025      0.315434     -0.138654
  C      -5.426269     -0.880227      0.021397
  C      -5.014693     -1.308471      1.306518
  C      -5.346162     -0.555261      2.413223
  C      -6.452180      1.449635      3.475005
  H      -5.548313      1.661812      4.078190
  H      -7.097916      0.848514      4.148398
  H      -6.967421      2.389161      3.238645
  H      -7.083611      1.992949      0.858572
  H      -6.484307      0.629846     -1.138125
  H      -5.164517     -1.475244     -0.857454
  H      -4.438596     -2.230036      1.412749
  H      -5.036582     -0.871504      3.412493
  N      -9.568875     -0.923362    -15.984653
  O      -9.275520     -0.898133    -14.768872
  O      -8.412008     -0.982858    -16.449126
18
Coordinates from ORCA-job educts_optfreq_7 E -475.626350264585
  C      -6.102864      0.660469      2.283524
  C      -6.499338      1.066256      0.973340
  C      -6.158663      0.305844     -0.127532
  C      -5.408566     -0.888084      0.043330
  C      -5.005491     -1.309774      1.333270
  C      -5.345541     -0.551746      2.434072
  C      -6.462181      1.456403      3.478619
  H      -5.564922      1.666831      4.092040
  H      -7.118590      0.859555      4.145701
  H      -6.971419      2.397084      3.233707
  H      -7.074937      1.987023      0.855436
  H      -6.460419      0.615290     -1.130507
  H      -5.140114     -1.486881     -0.830914
  H      -4.429027     -2.230103      1.447695
  H      -5.042534     -0.862898      3.436919
  N      -9.589464     -0.921364    -16.051232
  O      -9.299124     -0.891412    -14.834945
  O      -8.431235     -0.980698    -16.512445
18
Coordinates from ORCA-job educts_optfreq_7 E -475.626360379999
  C      -6.103044      0.662881      2.291865
  C      -6.491041      1.058161      0.975981
  C      -6.140972      0.290330     -0.116751
  C      -5.389367     -0.900556      0.068128
  C      -4.994448     -1.311742      1.363921
  C      -5.344057     -0.546379      2.456661
  C      -6.473535      1.466463      3.478375
  H      -5.583190      1.678646      4.100966
  H      -7.139195      0.874697      4.140902
  H      -6.978323      2.406645      3.222482
  H      -7.067800      1.976723      0.847169
  H      -6.436211      0.591905     -1.124064
  H      -5.113726     -1.505091     -0.799939
  H      -4.416674     -2.229846      1.489104
  H      -5.047465     -0.849420      3.463885
  N      -9.610774     -0.917166    -16.115782
  O      -9.323583     -0.881894    -14.898991
  O      -8.451023     -0.972564    -16.573835
18
Coordinates from ORCA-job educts_optfreq_7 E -475.626369523114
  C      -6.103925      0.666058      2.297604
  C      -6.483019      1.045394      0.974512
  C      -6.121746      0.266745     -0.106820
  C      -5.367209     -0.919223      0.096937
  C      -4.980699     -1.314463      1.400128
  C      -5.341681     -0.538365      2.481588
  C      -6.487581      1.480857      3.472188
  H      -5.604927      1.698447      4.103636
  H      -7.161966      0.895557      4.131742
  H      -6.989011      2.418767      3.201674
  H      -7.061997      1.960360      0.831048
  H      -6.410463      0.556101     -1.119650
  H      -5.083211     -1.532219     -0.762482
  H      -4.400424     -2.228869      1.539924
  H      -5.051811     -0.829171      3.494349
  N      -9.633391     -0.909633    -16.176166
  O      -9.349466     -0.868150    -14.958955
  O      -8.471901     -0.956401    -16.631178
18
Coordinates from ORCA-job educts_optfreq_7 E -475.626378166837
  C      -6.104632      0.669041      2.303557
  C      -6.474882      1.033159      0.973763
  C      -6.102801      0.244402     -0.096493
  C      -5.345697     -0.936720      0.125397
  C      -4.967568     -1.316735      1.435484
  C      -5.339513     -0.530573      2.505938
  C      -6.501021      1.494333      3.466495
  H      -5.626054      1.716853      4.106711
  H      -7.184139      0.915202      4.122618
  H      -6.998757      2.430105      3.182034
  H      -7.055810      1.944552      0.816278
  H      -6.385423      0.522043     -1.114478
  H      -5.053609     -1.557675     -0.725540
  H      -4.385069     -2.227463      1.589283
  H      -5.056328     -0.809709      3.523852
  N      -9.655866     -0.902487    -16.236594
  O      -9.374535     -0.854908    -15.019194
  O      -8.492725     -0.941626    -16.689033
18
Coordinates from ORCA-job educts_optfreq_7 E -475.626376191858
  C      -6.107175      0.671485      2.305728
  C      -6.460571      1.021900      0.967711
  C      -6.071741      0.224739     -0.090489
  C      -5.314586     -0.952290      0.153376
  C      -4.953146     -1.318881      1.471982
  C      -5.341463     -0.523767      2.529832
  C      -6.522373      1.505811      3.455656
  H      -5.661406      1.720902      4.116729
  H      -7.228230      0.936210      4.096659
  H      -7.004998      2.444784      3.155817
  H      -7.041684      1.930241      0.794158
  H      -6.345508      0.490797     -1.115054
  H      -5.009283     -1.580694     -0.687035
  H      -4.370066     -2.226329      1.642183
  H      -5.071137     -0.792440      3.554013
  N      -9.682389     -0.892235    -16.283773
  O      -9.403728     -0.834149    -15.066613
  O      -8.514945     -0.934290    -16.730803
18
Coordinates from ORCA-job educts_optfreq_7 E -475.626387059641
  C      -6.104788      0.671535      2.310478
  C      -6.467221      1.023779      0.975073
  C      -6.086395      0.227112     -0.086051
  C      -5.327954     -0.950174      0.150481
  C      -4.956722     -1.318111      1.466218
  C      -5.337587     -0.524202      2.527724
  C      -6.512014      1.504810      3.464024
  H      -5.643423      1.732612      4.111177
  H      -7.201263      0.929800      4.117503
  H      -7.007478      2.438168      3.168005
  H      -7.048985      1.932592      0.806135
  H      -6.362938      0.494570     -1.107732
  H      -5.029948     -1.577748     -0.693520
  H      -4.372593     -2.225736      1.631622
  H      -5.060248     -0.794230      3.549778
  N      -9.675827     -0.897628    -16.295412
  O      -9.395888     -0.845348    -15.077729
  O      -8.513158     -0.930007    -16.747696
18
Coordinates from ORCA-job educts_optfreq_7 E -475.626385977922
  C      -6.105460      0.671948      2.308530
  C      -6.467764      1.020146      0.972312
  C      -6.085622      0.220851     -0.086374
  C      -5.325761     -0.954924      0.153448
  C      -4.954698     -1.318759      1.470093
  C      -5.337024     -0.522295      2.529250
  C      -6.513911      1.508042      3.459410
  H      -5.645733      1.738867      4.105883
  H      -7.202634      0.934127      4.114306
  H      -7.010335      2.440105      3.160824
  H      -7.050345      1.927864      0.800687
  H      -6.362027      0.485872     -1.109414
  H      -5.026911     -1.584170     -0.689163
  H      -4.369442     -2.225170      1.638018
  H      -5.059703     -0.789146      3.552038
  N      -9.676752     -0.895370    -16.291871
  O      -9.397348     -0.842177    -15.074441
  O      -8.512956     -0.924018    -16.743459
18
Coordinates from ORCA-job educts_optfreq_7 E -475.626386852446
  C      -6.105176      0.671771      2.309337
  C      -6.466919      1.022174      0.973349
  C      -6.085116      0.224270     -0.086500
  C      -5.326304     -0.952423      0.151983
  C      -4.955679     -1.318445      1.468341
  C      -5.337577     -0.523308      2.528566
  C      -6.513546      1.506299      3.461512
  H      -5.645428      1.735124      4.108864
  H      -7.202971      0.931862      4.115296
  H      -7.009230      2.439087      3.164066
  H      -7.048868      1.930571      0.802953
  H      -6.361203      0.490401     -1.108981
  H      -5.027641     -1.581000     -0.691071
  H      -4.371158     -2.225534      1.635270
  H      -5.060745     -0.791888      3.551084
  N      -9.676585     -0.896583    -16.293245
  O      -9.396870     -0.843621    -15.075546
  O      -8.513411     -0.926962    -16.745200
18
Coordinates from ORCA-job educts_optfreq_7 E -475.626386828782
  C      -6.105223      0.671820      2.309185
  C      -6.466477      1.022246      0.973077
  C      -6.084477      0.224253     -0.086624
  C      -5.325893     -0.952550      0.152134
  C      -4.955635     -1.318524      1.468602
  C      -5.337760     -0.523297      2.528688
  C      -6.514012      1.506335      3.461216
  H      -5.646008      1.735369      4.108672
  H      -7.203328      0.931796      4.114999
  H      -7.009849      2.438984      3.163629
  H      -7.048261      1.930719      0.802521
  H      -6.360311      0.490207     -1.109198
  H      -5.027147     -1.581273     -0.690782
  H      -4.371236     -2.225645      1.635778
  H      -5.061277     -0.791911      3.551301
  N      -9.676805     -0.896735    -16.292892
  O      -9.397023     -0.843722    -15.075202
  O      -8.513703     -0.926281    -16.745027
