18
Coordinates from ORCA-job educts_optfreq_7
  C   -6.10522332621541      0.67182031272194      2.30918461761466
  C   -6.46647678329527      1.02224615582738      0.97307717917098
  C   -6.08447690625954      0.22425348223310     -0.08662374683393
  C   -5.32589327018582     -0.95255024612690      0.15213438220162
  C   -4.95563479934714     -1.31852445188720      1.46860159446998
  C   -5.33776002497192     -0.52329689020423      2.52868804123091
  C   -6.51401243061735      1.50633544129016      3.46121567172919
  H   -5.64600843302720      1.73536859282982      4.10867233496939
  H   -7.20332827530150      0.93179648580129      4.11499877724828
  H   -7.00984895884084      2.43898382527273      3.16362917717846
  H   -7.04826061812808      1.93071945903409      0.80252115635972
  H   -6.36031101697385      0.49020739249144     -1.10919768178551
  H   -5.02714743053263     -1.58127310152314     -0.69078226528775
  H   -4.37123612050749     -2.22564514404143      1.63577800274731
  H   -5.06127727941949     -0.79191124914134      3.55130096802660
  N   -9.67680548165333     -0.89673470739011    -16.29289213629183
  O   -9.39702292450094     -0.84372157081831    -15.07520184831888
  O   -8.51370348718838     -0.92628057140402    -16.74502721656053
