17
Coordinates from ORCA-job opt E -491.742240800092
  C      -2.730040      1.400680     -0.000920
  C      -3.420750      0.251430     -0.101310
  C      -2.708720     -1.011820     -0.384330
  C      -1.368330     -1.025080     -0.473980
  C      -0.556860      0.213320     -0.236570
  C      -1.249060      1.381630     -0.152450
  H      -4.502700      0.243500     -0.009630
  H      -3.273900     -1.926320     -0.533740
  H      -0.870740     -1.964000     -0.697890
  H      -0.321310      0.069770      0.816440
  H      -0.729530      2.335920     -0.167640
  N      -3.404700      2.629160      0.223450
  H      -4.430270      2.660860      0.322130
  H      -2.874800      3.509980      0.292150
  N       0.777110      0.262830     -0.766630
  O       1.390020      1.288860     -0.792380
  O       1.315770     -0.740030     -1.128600
17
Coordinates from ORCA-job opt E -491.777317144665
  C      -2.715448      1.435346      0.001957
  C      -3.402259      0.235390     -0.113245
  C      -2.712147     -1.006628     -0.380938
  C      -1.358993     -1.035406     -0.471711
  C      -0.577832      0.203044     -0.226131
  C      -1.290065      1.426229     -0.139274
  H      -4.490912      0.216288     -0.030372
  H      -3.291340     -1.918957     -0.527435
  H      -0.837925     -1.969161     -0.688594
  H      -0.345670      0.043972      0.862822
  H      -0.759116      2.381017     -0.147139
  N      -3.370570      2.621559      0.218030
  H      -4.379141      2.648258      0.306454
  H      -2.856260      3.491208      0.290530
  N       0.793512      0.258766     -0.791241
  O       1.350470      1.339339     -0.797143
  O       1.284884     -0.789573     -1.158470
17
Coordinates from ORCA-job opt E -491.785267614973
  C      -2.699310      1.463040      0.011229
  C      -3.380428      0.225042     -0.126685
  C      -2.717059     -0.994508     -0.370007
  C      -1.350576     -1.041680     -0.467026
  C      -0.592257      0.186981     -0.209664
  C      -1.309160      1.447424     -0.118555
  H      -4.473250      0.205513     -0.066028
  H      -3.310371     -1.901632     -0.505188
  H      -0.810809     -1.968889     -0.670108
  H      -0.356235      0.009908      0.886803
  H      -0.750355      2.386246     -0.109076
  N      -3.361880      2.617721      0.214142
  H      -4.371514      2.635811      0.273449
  H      -2.866689      3.495435      0.298470
  N       0.800888      0.256730     -0.819668
  O       1.320063      1.351755     -0.818830
  O       1.270132     -0.794208     -1.195158
17
Coordinates from ORCA-job opt E -491.786460668931
  C      -2.696385      1.477688      0.017888
  C      -3.374742      0.226236     -0.139680
  C      -2.718307     -0.991482     -0.364207
  C      -1.344492     -1.047929     -0.456450
  C      -0.590541      0.175647     -0.191303
  C      -1.302815      1.451137     -0.098611
  H      -4.469262      0.213706     -0.102851
  H      -3.315520     -1.897301     -0.492372
  H      -0.796877     -1.973456     -0.646819
  H      -0.341138     -0.013008      0.899166
  H      -0.718939      2.373998     -0.071278
  N      -3.378897      2.625179      0.215826
  H      -4.390315      2.637222      0.245490
  H      -2.898892      3.510621      0.314607
  N       0.808476      0.253093     -0.835063
  O       1.307714      1.353098     -0.857254
  O       1.262122     -0.793760     -1.228989
17
Coordinates from ORCA-job opt E -491.786516935679
  C      -2.695808      1.487513      0.020684
  C      -3.374025      0.230013     -0.148656
  C      -2.722370     -0.991319     -0.359966
  C      -1.344680     -1.052749     -0.446691
  C      -0.592652      0.170671     -0.182444
  C      -1.300931      1.453479     -0.088720
  H      -4.469080      0.227775     -0.127375
  H      -3.321371     -1.896260     -0.485314
  H      -0.791118     -1.975747     -0.632567
  H      -0.312807     -0.023843      0.895781
  H      -0.695343      2.361730     -0.050268
  N      -3.392364      2.626677      0.221386
  H      -4.404642      2.633921      0.231764
  H      -2.924035      3.518401      0.327713
  N       0.801951      0.257097     -0.874377
  O       1.310289      1.349443     -0.870593
  O       1.270174     -0.796111     -1.222256
17
Coordinates from ORCA-job opt E -491.787045184236
  C      -2.692954      1.488303      0.022019
  C      -3.372704      0.233717     -0.158436
  C      -2.721942     -0.992946     -0.360371
  C      -1.343919     -1.056045     -0.428305
  C      -0.591984      0.168089     -0.158231
  C      -1.297763      1.450561     -0.070712
  H      -4.467711      0.240309     -0.154010
  H      -3.320581     -1.896563     -0.495074
  H      -0.788009     -1.978146     -0.611505
  H      -0.296189     -0.027948      0.911819
  H      -0.682340      2.351745     -0.022033
  N      -3.393360      2.624267      0.220968
  H      -4.405967      2.631806      0.215000
  H      -2.928153      3.517489      0.332433
  N       0.802214      0.257667     -0.866554
  O       1.288874      1.357228     -0.917421
  O       1.253679     -0.788842     -1.251489
17
Coordinates from ORCA-job opt E -491.787188053984
  C      -2.692982      1.484372      0.024537
  C      -3.372915      0.233854     -0.159178
  C      -2.721415     -0.993466     -0.361267
  C      -1.345641     -1.054531     -0.422787
  C      -0.592308      0.169520     -0.149590
  C      -1.298256      1.447931     -0.061788
  H      -4.467896      0.242344     -0.160985
  H      -3.319130     -1.896712     -0.502228
  H      -0.790833     -1.976897     -0.607902
  H      -0.279707     -0.026741      0.915189
  H      -0.684294      2.350255     -0.011652
  N      -3.391301      2.622753      0.220708
  H      -4.403599      2.632494      0.209505
  H      -2.924116      3.515112      0.327254
  N       0.796807      0.259123     -0.868619
  O       1.281244      1.359730     -0.929034
  O       1.247533     -0.788449     -1.254063
17
Coordinates from ORCA-job opt E -491.787339509665
  C      -2.693467      1.480870      0.027793
  C      -3.373028      0.235396     -0.166369
  C      -2.721028     -0.994105     -0.362900
  C      -1.347752     -1.053475     -0.407101
  C      -0.592652      0.169722     -0.126636
  C      -1.298912      1.443798     -0.039190
  H      -4.467893      0.248841     -0.184599
  H      -3.317791     -1.896013     -0.515775
  H      -0.793568     -1.976105     -0.592770
  H      -0.235930     -0.027853      0.922092
  H      -0.683976      2.345214      0.018743
  N      -3.390710      2.621069      0.221243
  H      -4.402532      2.634123      0.194397
  H      -2.922035      3.512891      0.323587
  N       0.785108      0.261283     -0.881480
  O       1.261323      1.363816     -0.962616
  O       1.236034     -0.788782     -1.260317
17
Coordinates from ORCA-job opt E -491.787377826329
  C      -2.694106      1.480797      0.030278
  C      -3.373327      0.235889     -0.169414
  C      -2.721109     -0.994160     -0.363431
  C      -1.347812     -1.053931     -0.400116
  C      -0.592261      0.168404     -0.116658
  C      -1.299213      1.442472     -0.027385
  H      -4.468077      0.250144     -0.195643
  H      -3.318145     -1.895077     -0.520953
  H      -0.794143     -1.976933     -0.585517
  H      -0.214997     -0.029522      0.923932
  H      -0.685575      2.344344      0.036073
  N      -3.391184      2.621706      0.220585
  H      -4.402729      2.636116      0.185430
  H      -2.921909      3.513214      0.322668
  N       0.781141      0.261410     -0.889214
  O       1.251971      1.365123     -0.978685
  O       1.232665     -0.789306     -1.263850
17
Coordinates from ORCA-job opt E -491.787401127191
  C      -2.694817      1.481614      0.030797
  C      -3.373924      0.236283     -0.172637
  C      -2.721274     -0.993877     -0.364282
  C      -1.347377     -1.054691     -0.394794
  C      -0.591683      0.166568     -0.109361
  C      -1.299433      1.441646     -0.018474
  H      -4.468594      0.249358     -0.203678
  H      -3.318950     -1.893840     -0.524762
  H      -0.794741     -1.978475     -0.579422
  H      -0.198821     -0.029807      0.925010
  H      -0.689467      2.345423      0.051094
  N      -3.391579      2.623034      0.219048
  H      -4.402968      2.638235      0.179408
  H      -2.921516      3.513819      0.324036
  N       0.779707      0.260514     -0.895523
  O       1.244764      1.365485     -0.992550
  O       1.231863     -0.790600     -1.265810
17
Coordinates from ORCA-job opt E -491.787406403864
  C      -2.694850      1.481963      0.030829
  C      -3.374265      0.236391     -0.173049
  C      -2.721376     -0.993640     -0.364419
  C      -1.347170     -1.054984     -0.393953
  C      -0.591480      0.165709     -0.108075
  C      -1.299258      1.441288     -0.016389
  H      -4.468907      0.248369     -0.204809
  H      -3.319370     -1.893316     -0.525323
  H      -0.795262     -1.979170     -0.578790
  H      -0.195943     -0.029020      0.925352
  H      -0.691744      2.346431      0.056061
  N      -3.391525      2.623663      0.217414
  H      -4.402926      2.638743      0.178132
  H      -2.921187      3.514046      0.324653
  N       0.780429      0.259985     -0.896986
  O       1.243424      1.365383     -0.996368
  O       1.232600     -0.791151     -1.266180
17
Coordinates from ORCA-job opt E -491.787408093658
  C      -2.694671      1.482092      0.030118
  C      -3.374416      0.236509     -0.173175
  C      -2.721410     -0.993474     -0.364505
  C      -1.347147     -1.055010     -0.394189
  C      -0.591507      0.165432     -0.108323
  C      -1.299018      1.441108     -0.016745
  H      -4.469068      0.247830     -0.204171
  H      -3.319453     -1.893169     -0.525136
  H      -0.795638     -1.979360     -0.579408
  H      -0.196872     -0.027752      0.925686
  H      -0.692751      2.346969      0.057018
  N      -3.391391      2.623856      0.216125
  H      -4.402871      2.638484      0.179166
  H      -2.921080      3.514006      0.325348
  N       0.781314      0.259662     -0.896957
  O       1.243808      1.365101     -0.997059
  O       1.233360     -0.791595     -1.265694
