20
Coordinates from ORCA-job opt2 E -515.557122121672
  C      -2.341600      1.211790     -0.509790
  C      -3.647450      1.575880     -0.120570
  C      -4.632420      0.603090      0.091510
  C      -4.327930     -0.760090     -0.082480
  C      -3.025430     -1.125920     -0.471790
  C      -2.037780     -0.157920     -0.685140
  H      -3.901460      2.638770      0.020070
  H      -5.646210      0.910400      0.395180
  H      -1.024510     -0.442310     -0.987720
  H      -2.793810     -2.191870     -0.606190
  O      -5.245480     -1.765000      0.109940
  H      -6.089550     -1.347000      0.374230
  N      -1.396720      2.246150     -0.703330
  C      -0.068590      2.150340     -1.090210
  H      -1.753840      3.189390     -0.539850
  C       0.623800      3.506580     -1.213410
  H       1.704990      3.328040     -1.396020
  H       0.498160      4.120180     -0.286270
  H       0.200780      4.088420     -2.071080
  O       0.504400      1.084210     -1.324090
20
Coordinates from ORCA-job opt2 E -515.557251917870
  C      -2.341220      1.211817     -0.507866
  C      -3.646852      1.576043     -0.118248
  C      -4.632131      0.603127      0.092630
  C      -4.327768     -0.759901     -0.083254
  C      -3.025293     -1.125884     -0.472531
  C      -2.037428     -0.157798     -0.684403
  H      -3.900698      2.639022      0.023273
  H      -5.646007      0.910505      0.396381
  H      -1.023751     -0.440895     -0.987469
  H      -2.794439     -2.191964     -0.608211
  O      -5.245936     -1.764532      0.107182
  H      -6.090221     -1.347325      0.371766
  N      -1.396650      2.246154     -0.701795
  C      -0.068603      2.150659     -1.088900
  H      -1.753887      3.189360     -0.539119
  C       0.623196      3.506888     -1.215056
  H       1.698245      3.331901     -1.393825
  H       0.497184      4.119496     -0.297975
  H       0.205929      4.082065     -2.068571
  O       0.505679      1.084389     -1.321018
20
Coordinates from ORCA-job opt2 E -515.557253860855
  C      -2.341242      1.211734     -0.507274
  C      -3.646680      1.576045     -0.117158
  C      -4.632086      0.603066      0.093200
  C      -4.327788     -0.759852     -0.083711
  C      -3.025420     -1.125936     -0.473271
  C      -2.037528     -0.157818     -0.684641
  H      -3.900314      2.638964      0.025195
  H      -5.645815      0.910448      0.397396
  H      -1.023557     -0.439963     -0.987715
  H      -2.795063     -2.192064     -0.609385
  O      -5.246113     -1.764382      0.106154
  H      -6.090454     -1.347650      0.371192
  N      -1.396572      2.245988     -0.701015
  C      -0.068588      2.150546     -1.088026
  H      -1.753760      3.189288     -0.538703
  C       0.622910      3.506717     -1.215746
  H       1.698503      3.332633     -1.391561
  H       0.494930      4.121541     -0.300758
  H       0.207979      4.079641     -2.071549
  O       0.506008      1.084185     -1.319634
