20
Coordinates from ORCA-job opt2
  C   -2.34124194750047      1.21173358091201     -0.50727360290492
  C   -3.64667999739091      1.57604482116022     -0.11715781903880
  C   -4.63208559960340      0.60306552876283      0.09319956861523
  C   -4.32778795061207     -0.75985158293055     -0.08371084882632
  C   -3.02542038289010     -1.12593599826633     -0.47327061208473
  C   -2.03752760261462     -0.15781829448702     -0.68464120431495
  H   -3.90031408111806      2.63896408119824      0.02519482520336
  H   -5.64581451012090      0.91044822387041      0.39739565102418
  H   -1.02355686736511     -0.43996312421926     -0.98771465720725
  H   -2.79506310353700     -2.19206386250564     -0.60938478287122
  O   -5.24611272191893     -1.76438222396997      0.10615429050998
  H   -6.09045438712435     -1.34765029800871      0.37119181339722
  N   -1.39657225461128      2.24598782772248     -0.70101538627707
  C   -0.06858756200276      2.15054634369349     -1.08802597104496
  H   -1.75375957374827      3.18928846620783     -0.53870347168991
  C   0.62290978682660      3.50671700875353     -1.21574629108143
  H   1.69850250643931      3.33263267574069     -1.39156056530070
  H   0.49492953193153      4.12154078765846     -0.30075808494412
  H   0.20797904762675      4.07964054896151     -2.07154913445935
  O   0.50600766933404      1.08418548974579     -1.31963371670423
