18
Coordinates from ORCA-job meta_products_optfreq E -476.014100298247
  C      -3.811928      2.327513     -0.665947
  C      -4.546524      1.759818     -1.753918
  C      -3.965196      0.769408     -2.512784
  C      -2.669633      0.285084     -2.252561
  C      -1.940270      0.840394     -1.177204
  C      -2.499250      1.843405     -0.402173
  C      -4.432694      3.389728      0.163279
  H      -2.258910     -0.505285     -2.882834
  H      -5.560479      2.090392     -1.985612
  H      -3.762814      3.766418      0.946646
  H      -5.361612      3.013440      0.636809
  H      -4.762890      4.233155     -0.473515
  H      -1.933533      2.275457      0.426163
  H      -0.934596      0.471649     -0.964935
  N      -4.712954      0.210752     -3.665287
  O      -4.079213     -0.500601     -4.425058
  O      -5.884332      0.511119     -3.767039
  H     -16.640204      0.796172      8.196009
18
Coordinates from ORCA-job meta_products_optfreq E -476.017911827062
  C      -3.805125      2.329697     -0.676538
  C      -4.523874      1.774162     -1.745279
  C      -3.949352      0.777002     -2.507316
  C      -2.671024      0.288211     -2.256651
  C      -1.959219      0.832385     -1.192944
  C      -2.517723      1.840258     -0.418731
  C      -4.421813      3.406638      0.158611
  H      -2.264688     -0.492556     -2.880690
  H      -5.524005      2.112396     -1.976551
  H      -3.750496      3.767535      0.936270
  H      -5.340919      3.045340      0.632516
  H      -4.726453      4.253645     -0.463887
  H      -1.955240      2.265124      0.403895
  H      -0.964757      0.463584     -0.978565
  N      -4.718491      0.210231     -3.640476
  O      -4.132473     -0.560412     -4.382393
  O      -5.896787      0.507648     -3.724360
  H     -16.634592      0.757132      8.153129
18
Coordinates from ORCA-job meta_products_optfreq E -476.014843819214
  C      -3.804110      2.328302     -0.686474
  C      -4.517204      1.765109     -1.729668
  C      -3.951822      0.748129     -2.479272
  C      -2.683056      0.261003     -2.234134
  C      -1.976861      0.816501     -1.190713
  C      -2.532537      1.840226     -0.429137
  C      -4.414106      3.431147      0.139282
  H      -2.280990     -0.526260     -2.844487
  H      -5.511317      2.105194     -1.964236
  H      -3.734008      3.789332      0.905864
  H      -5.325057      3.086864      0.625237
  H      -4.696456      4.275886     -0.485174
  H      -1.965393      2.272018      0.382144
  H      -0.986127      0.452499     -0.970991
  N      -4.743003      0.159613     -3.581507
  O      -4.150454     -0.532025     -4.394135
  O      -5.872293      0.595726     -3.753009
  H     -16.612238      0.708756      8.130449
18
Coordinates from ORCA-job meta_products_optfreq E -476.018468054563
  C      -3.792445      2.340516     -0.685749
  C      -4.518688      1.782162     -1.733251
  C      -3.960930      0.765668     -2.488313
  C      -2.689471      0.269812     -2.246760
  C      -1.969545      0.820989     -1.201064
  C      -2.515844      1.844252     -0.432551
  C      -4.392601      3.442290      0.144618
  H      -2.292662     -0.520653     -2.864533
  H      -5.515241      2.128935     -1.965137
  H      -3.706634      3.791978      0.914479
  H      -5.309208      3.100038      0.630849
  H      -4.669513      4.295070     -0.478712
  H      -1.940226      2.270403      0.380144
  H      -0.976046      0.450732     -0.986409
  N      -4.756529      0.185610     -3.591296
  O      -4.203519     -0.609997     -4.333659
  O      -5.920121      0.543019     -3.701507
  H     -16.627807      0.677196      8.078891
18
Coordinates from ORCA-job meta_products_optfreq E -476.018573290171
  C      -3.774349      2.353614     -0.692842
  C      -4.517086      1.790126     -1.728370
  C      -3.974522      0.761921     -2.479278
  C      -2.702456      0.260237     -2.246330
  C      -1.965523      0.817938     -1.213844
  C      -2.496435      1.851737     -0.448470
  C      -4.358314      3.466170      0.134978
  H      -2.317625     -0.539436     -2.860194
  H      -5.513966      2.140471     -1.954221
  H      -3.662832      3.809212      0.899963
  H      -5.275765      3.135393      0.628176
  H      -4.624835      4.321219     -0.490442
  H      -1.907577      2.279855      0.353811
  H      -0.971406      0.444857     -1.005965
  N      -4.785553      0.175695     -3.565067
  O      -4.255067     -0.656255     -4.283166
  O      -5.942306      0.553645     -3.677168
  H     -16.711413      0.611623      8.068471
18
Coordinates from ORCA-job meta_products_optfreq E -476.018714880211
  C      -3.729580      2.392245     -0.706485
  C      -4.523360      1.812891     -1.695872
  C      -4.031371      0.747481     -2.432180
  C      -2.759837      0.227882     -2.230162
  C      -1.969976      0.806352     -1.247640
  C      -2.450874      1.873990     -0.494879
  C      -4.259831      3.540711      0.110996
  H      -2.414405     -0.600848     -2.829148
  H      -5.520998      2.174847     -1.899335
  H      -3.534325      3.864072      0.857597
  H      -5.176925      3.248873      0.628334
  H      -4.495631      4.399089     -0.522409
  H      -1.819356      2.310520      0.269661
  H      -0.973885      0.424967     -1.064485
  N      -4.894734      0.140398     -3.460082
  O      -4.439017     -0.790254     -4.104519
  O      -6.024421      0.588872     -3.591678
  H     -16.738504      0.415932      7.852328
18
Coordinates from ORCA-job meta_products_optfreq E -476.018008666793
  C      -3.648269      2.459236     -0.727863
  C      -4.537631      1.848866     -1.623362
  C      -4.139640      0.719883     -2.333056
  C      -2.868075      0.171488     -2.197233
  C      -1.980009      0.786889     -1.314156
  C      -2.368158      1.913498     -0.584846
  C      -4.078781      3.671229      0.067668
  H      -2.596592     -0.707893     -2.769107
  H      -5.538887      2.229502     -1.776318
  H      -3.301721      3.966298      0.777425
  H      -4.993388      3.451111      0.628890
  H      -4.271317      4.527888     -0.584232
  H      -1.658592      2.369715      0.104051
  H      -0.979521      0.390579     -1.184921
  N      -5.103760      0.074616     -3.250037
  O      -4.772336     -0.990921     -3.788188
  O      -6.191174      0.625843     -3.399035
  H     -16.729179      0.070192      7.394359
18
Coordinates from ORCA-job meta_products_optfreq E -476.018731490456
  C      -3.633117      2.471335     -0.736722
  C      -4.534672      1.864410     -1.615256
  C      -4.158934      0.720039     -2.306693
  C      -2.899753      0.149530     -2.167736
  C      -2.000335      0.759258     -1.299448
  C      -2.365292      1.903605     -0.589972
  C      -4.037820      3.704056      0.035347
  H      -2.647484     -0.741610     -2.726276
  H      -5.528500      2.262271     -1.768495
  H      -3.253535      4.005815      0.731783
  H      -4.950867      3.511743      0.606178
  H      -4.229592      4.546450     -0.634140
  H      -1.648428      2.359294      0.087143
  H      -1.008784      0.343856     -1.168371
  N      -5.136036      0.082266     -3.211403
  O      -4.809981     -0.970500     -3.762404
  O      -6.222610      0.632011     -3.347219
  H     -16.691290     -0.025807      7.313725
18
Coordinates from ORCA-job meta_products_optfreq E -476.019282218090
  C      -3.576433      2.512271     -0.762333
  C      -4.535018      1.903810     -1.568040
  C      -4.234853      0.715821     -2.211442
  C      -2.999332      0.096939     -2.094141
  C      -2.045336      0.703280     -1.294495
  C      -2.332988      1.894789     -0.636002
  C      -3.896959      3.797357     -0.048751
  H      -2.809204     -0.828018     -2.615666
  H      -5.515166      2.339853     -1.696452
  H      -3.078909      4.114809      0.596112
  H      -4.794292      3.680094      0.562743
  H      -4.100761      4.601223     -0.759776
  H      -1.576950      2.356704     -0.013164
  H      -1.071987      0.244499     -1.182610
  N      -5.274291      0.081282     -3.045990
  O      -4.984205     -0.955088     -3.622556
  O      -6.361622      0.631973     -3.118282
  H     -16.568724     -0.313579      6.950887
18
Coordinates from ORCA-job meta_products_optfreq E -476.019453347160
  C      -3.534987      2.533805     -0.774460
  C      -4.545070      1.908521     -1.498748
  C      -4.289286      0.705799     -2.131564
  C      -3.049643      0.087275     -2.083428
  C      -2.045424      0.708301     -1.362504
  C      -2.288400      1.914372     -0.714119
  C      -3.805440      3.838152     -0.077971
  H      -2.895343     -0.849299     -2.595127
  H      -5.530608      2.345140     -1.569818
  H      -2.955682      4.164340      0.518781
  H      -4.675759      3.749206      0.575270
  H      -4.039186      4.625068     -0.798656
  H      -1.494304      2.390353     -0.153162
  H      -1.068594      0.247350     -1.305129
  N      -5.384479      0.052293     -2.876934
  O      -5.124790     -0.975927     -3.477340
  O      -6.483804      0.582645     -2.857060
  H     -16.546229     -0.449375      6.622010
18
Coordinates from ORCA-job meta_products_optfreq E -476.132029005275
  C      -3.445497      2.582275     -0.812207
  C      -4.559094      1.939098     -1.344104
  C      -4.414573      0.698670     -1.935624
  C      -3.189062      0.058444     -2.034256
  C      -2.083288      0.693483     -1.499251
  C      -2.214267      1.935236     -0.889134
  C      -3.591374      3.936060     -0.179488
  H      -3.121924     -0.906516     -2.510494
  H      -5.536673      2.395943     -1.295717
  H      -2.685053      4.250576      0.333467
  H      -4.420028      3.943230      0.530503
  H      -3.839014      4.689304     -0.931579
  H      -1.342822      2.424067     -0.473300
  H      -1.116886      0.211321     -1.557051
  N      -5.617720      0.023124     -2.466992
  O      -5.455553     -1.012498     -3.081013
  O      -6.704295      0.541564     -2.256935
  H     -16.419907     -0.825362      5.843215
18
Coordinates from ORCA-job meta_products_optfreq E -476.133059965538
  C      -3.352573      2.629609     -0.869073
  C      -4.562835      1.999674     -1.181116
  C      -4.551502      0.722709     -1.697991
  C      -3.373107      0.027064     -1.938482
  C      -2.172332      0.644804     -1.619029
  C      -2.166304      1.921025     -1.079173
  C      -3.356298      4.025025     -0.334353
  H      -3.410552     -0.967864     -2.353191
  H      -5.503492      2.503847     -1.014303
  H      -2.395224      4.317492      0.080894
  H      -4.132693      4.150687      0.422621
  H      -3.623687      4.733279     -1.125373
  H      -1.227657      2.397812     -0.830449
  H      -1.246233      0.113423     -1.790113
  N      -5.843979      0.059379     -1.987429
  O      -5.803655     -0.995141     -2.579864
  O      -6.866025      0.608151     -1.601422
  H     -16.168882     -1.312954      4.937887
18
Coordinates from ORCA-job meta_products_optfreq E -476.134648743217
  C      -3.282720      2.663554     -0.937485
  C      -4.568486      2.101303     -1.135379
  C      -4.676810      0.797750     -1.538139
  C      -3.556606     -0.001352     -1.781513
  C      -2.282995      0.549498     -1.591723
  C      -2.151092      1.852414     -1.165145
  C      -3.161474      4.069034     -0.490746
  H      -3.688324     -1.023045     -2.105856
  H      -5.458260      2.684927     -0.946527
  H      -2.161981      4.322551     -0.147052
  H      -3.897615      4.294468      0.285176
  H      -3.430570      4.743606     -1.317076
  H      -1.168691      2.275720     -1.005823
  H      -1.412836     -0.064778     -1.776465
  N      -6.026709      0.203962     -1.704143
  O      -6.072259     -0.929438     -2.126350
  O      -6.981906      0.893366     -1.390675
  H     -15.777697     -1.855518      4.314962
18
Coordinates from ORCA-job meta_products_optfreq E -476.134933781631
  C      -3.282739      2.658355     -0.918235
  C      -4.568325      2.107799     -1.182972
  C      -4.669077      0.808550     -1.593263
  C      -3.544978     -0.003281     -1.771865
  C      -2.271612      0.534623     -1.515241
  C      -2.145052      1.838159     -1.095487
  C      -3.170468      4.061785     -0.473322
  H      -3.672058     -1.024312     -2.101457
  H      -5.459982      2.705028     -1.053174
  H      -2.169545      4.327268     -0.144021
  H      -3.899768      4.278183      0.314133
  H      -3.456879      4.732956     -1.297885
  H      -1.167643      2.255651     -0.894680
  H      -1.400345     -0.090268     -1.653928
  N      -6.014856      0.234234     -1.848948
  O      -6.050559     -0.908978     -2.256899
  O      -6.970225      0.953739     -1.633085
  H     -15.842919     -1.891471      4.560370
18
Coordinates from ORCA-job meta_products_optfreq E -476.135013237374
  C      -3.309796      2.647189     -0.889895
  C      -4.568271      2.049422     -1.184849
  C      -4.606113      0.767004     -1.654222
  C      -3.445119      0.018201     -1.862436
  C      -2.198599      0.603271     -1.575335
  C      -2.133963      1.891245     -1.098850
  C      -3.263981      4.032959     -0.381998
  H      -3.524043     -0.992149     -2.236308
  H      -5.487683      2.597997     -1.035817
  H      -2.268719      4.340609     -0.073794
  H      -3.972150      4.167223      0.442943
  H      -3.617105      4.724179     -1.162064
  H      -1.178238      2.345292     -0.876892
  H      -1.298184      0.026731     -1.735118
  N      -5.920813      0.144031     -1.950359
  O      -5.898633     -0.986289     -2.396200
  O      -6.909408      0.812934     -1.734602
  H     -16.156212     -1.611827      4.845837
18
Coordinates from ORCA-job meta_products_optfreq E -476.135085707474
  C      -3.320750      2.640173     -0.875191
  C      -4.563668      2.020417     -1.192994
  C      -4.567937      0.749343     -1.695415
  C      -3.388409      0.034129     -1.914409
  C      -2.157575      0.640760     -1.602506
  C      -2.126275      1.916576     -1.091013
  C      -3.309882      4.016647     -0.338799
  H      -3.441048     -0.968295     -2.313874
  H      -5.496861      2.543624     -1.037993
  H      -2.320701      4.342903     -0.029807
  H      -4.013166      4.114571      0.496021
  H      -3.685755      4.714894     -1.100906
  H      -1.182731      2.386170     -0.849637
  H      -1.242343      0.089515     -1.767951
  N      -5.864493      0.103014     -2.017775
  O      -5.810067     -1.020630     -2.479031
  O      -6.871598      0.743135     -1.800594
  H     -16.393769     -1.488927      5.051916
18
Coordinates from ORCA-job meta_products_optfreq E -476.135139822843
  C      -3.309253      2.643308     -0.882157
  C      -4.554361      2.001731     -1.146088
  C      -4.558244      0.735404     -1.659526
  C      -3.376902      0.044670     -1.940460
  C      -2.143897      0.672317     -1.680880
  C      -2.112654      1.944005     -1.159593
  C      -3.300313      4.015719     -0.337055
  H      -3.429346     -0.954855     -2.347404
  H      -5.488455      2.505733     -0.940605
  H      -2.304861      4.360742     -0.071371
  H      -3.966550      4.094579      0.529777
  H      -3.727480      4.710810     -1.074857
  H      -1.167982      2.429797     -0.956993
  H      -1.227718      0.139577     -1.894720
  N      -5.856917      0.066466     -1.924147
  O      -5.803838     -1.048861     -2.405365
  O      -6.863627      0.682578     -1.642468
  H     -16.564632     -1.465698      4.973953
18
Coordinates from ORCA-job meta_products_optfreq E -476.135177032017
  C      -3.300869      2.645223     -0.884493
  C      -4.548006      2.005770     -1.152242
  C      -4.553381      0.738879     -1.668541
  C      -3.371706      0.046219     -1.947135
  C      -2.137042      0.671330     -1.680997
  C      -2.104479      1.941853     -1.154330
  C      -3.291306      4.021391     -0.345187
  H      -3.423746     -0.952032     -2.358415
  H      -5.481811      2.510987     -0.947616
  H      -2.295205      4.360478     -0.071533
  H      -3.961282      4.106633      0.518832
  H      -3.709143      4.716584     -1.087870
  H      -1.157785      2.421659     -0.943481
  H      -1.220389      0.137960     -1.892675
  N      -5.852332      0.072021     -1.933421
  O      -5.800378     -1.051297     -2.396746
  O      -6.860134      0.692455     -1.655136
  H     -16.688036     -1.508094      5.041026
18
Coordinates from ORCA-job meta_products_optfreq E -476.135241627804
  C      -3.310384      2.639718     -0.875690
  C      -4.540950      1.974353     -1.152900
  C      -4.515923      0.718732     -1.694432
  C      -3.318282      0.061648     -1.989403
  C      -2.099565      0.713092     -1.715992
  C      -2.097552      1.974847     -1.167855
  C      -3.333739      4.001919     -0.302811
  H      -3.346737     -0.929672     -2.418864
  H      -5.486923      2.451141     -0.936814
  H      -2.343621      4.367320     -0.042454
  H      -3.986365      4.042254      0.577392
  H      -3.789855      4.700722     -1.019254
  H      -1.162904      2.475959     -0.954174
  H      -1.170322      0.208397     -1.942096
  N      -5.798542      0.026350     -1.972286
  O      -5.721745     -1.087061     -2.456746
  O      -6.819645      0.622150     -1.693018
  H     -16.913977     -1.383848      5.197436
18
Coordinates from ORCA-job meta_products_optfreq E -476.135286265282
  C      -3.309762      2.638070     -0.873479
  C      -4.532941      1.956538     -1.144832
  C      -4.494521      0.707688     -1.701637
  C      -3.290017      0.073335     -2.017713
  C      -2.078573      0.740820     -1.749970
  C      -2.090011      1.996063     -1.186964
  C      -3.347745      3.993418     -0.284633
  H      -3.307552     -0.913291     -2.458589
  H      -5.483974      2.415956     -0.913790
  H      -2.359813      4.371884     -0.034664
  H      -3.986622      4.012049      0.606530
  H      -3.825842      4.692700     -0.985785
  H      -1.160559      2.508857     -0.978151
  H      -1.143875      0.253786     -1.991882
  N      -5.768627     -0.001653     -1.974499
  O      -5.679177     -1.110825     -2.466823
  O      -6.796503      0.576771     -1.683301
  H     -17.100916     -1.334146      5.280221
18
Coordinates from ORCA-job meta_products_optfreq E -476.135304266892
  C      -3.326287      2.628546     -0.858557
  C      -4.526649      1.914178     -1.139287
  C      -4.451595      0.682017     -1.730105
  C      -3.229309      0.099020     -2.073184
  C      -2.040300      0.799361     -1.796233
  C      -2.089263      2.038982     -1.201027
  C      -3.401634      3.966999     -0.232420
  H      -3.216415     -0.875905     -2.539274
  H      -5.492172      2.335843     -0.896863
  H      -2.421807      4.367533      0.014265
  H      -4.023833      3.938086      0.670283
  H      -3.908074      4.669812     -0.907936
  H      -1.174340      2.576244     -0.990996
  H      -1.090521      0.352145     -2.055298
  N      -5.699567     -0.063233     -2.018534
  O      -5.573719     -1.159475     -2.530766
  O      -6.747725      0.475637     -1.726172
  H     -17.343820     -1.167771      5.452142
18
Coordinates from ORCA-job meta_products_optfreq E -476.135345055153
  C      -3.333306      2.622112     -0.852356
  C      -4.518790      1.884631     -1.143822
  C      -4.416523      0.666299     -1.758796
  C      -3.181372      0.117171     -2.114530
  C      -2.006896      0.840556     -1.827272
  C      -2.082972      2.066825     -1.207157
  C      -3.440633      3.945163     -0.199684
  H      -3.147517     -0.847326     -2.601289
  H      -5.492344      2.277693     -0.885278
  H      -2.470325      4.374583      0.037796
  H      -4.044287      3.878845      0.713885
  H      -3.986519      4.642890     -0.850137
  H      -1.180427      2.620577     -0.984356
  H      -1.048168      0.420577     -2.099297
  N      -5.650386     -0.101409     -2.054057
  O      -5.502609     -1.188931     -2.580754
  O      -6.708019      0.411175     -1.744419
  H     -17.545937     -1.053412      5.591562
18
Coordinates from ORCA-job meta_products_optfreq E -476.135368071091
  C      -3.349883      2.610925     -0.840308
  C      -4.512426      1.848581     -1.158753
  C      -4.372318      0.648134     -1.801287
  C      -3.119930      0.140919     -2.158748
  C      -1.967909      0.888886     -1.844514
  C      -2.082218      2.098437     -1.197548
  C      -3.498016      3.914704     -0.156670
  H      -3.056064     -0.810789     -2.667302
  H      -5.498518      2.209129     -0.900285
  H      -2.541056      4.371471      0.084218
  H      -4.090248      3.805921      0.760545
  H      -4.072901      4.608060     -0.786158
  H      -1.196696      2.671089     -0.954612
  H      -0.995756      0.501460     -2.117368
  N      -5.582574     -0.145044     -2.126108
  O      -5.400942     -1.216016     -2.676811
  O      -6.656431      0.331705     -1.815274
  H     -17.763144     -0.899549      5.797022
18
Coordinates from ORCA-job meta_products_optfreq E -476.135257200514
  C      -3.443063      2.566806     -0.804765
  C      -4.518948      1.815161     -1.353127
  C      -4.251864      0.648317     -2.015227
  C      -2.952929      0.163862     -2.169681
  C      -1.885528      0.899339     -1.624283
  C      -2.126708      2.080594     -0.959237
  C      -3.719166      3.834250     -0.088950
  H      -2.793049     -0.766501     -2.695107
  H      -5.540108      2.157857     -1.261342
  H      -2.814694      4.309067      0.282385
  H      -4.408599      3.668840      0.747423
  H      -4.233158      4.541136     -0.755624
  H      -1.307816      2.652930     -0.544787
  H      -0.875702      0.527812     -1.733962
  N      -5.377784     -0.131777     -2.588743
  O      -5.077417     -1.136204     -3.214357
  O      -6.498115      0.285362     -2.402837
  H     -17.932382     -0.538831      6.622260
18
Coordinates from ORCA-job meta_products_optfreq E -476.135347135505
  C      -3.457837      2.546998     -0.786162
  C      -4.516030      1.766252     -1.332829
  C      -4.216507      0.632416     -2.037173
  C      -2.900951      0.209840     -2.238537
  C      -1.851203      0.975856     -1.697811
  C      -2.125644      2.121416     -0.985948
  C      -3.772202      3.780472     -0.030571
  H      -2.713108     -0.694335     -2.799391
  H      -5.548386      2.060042     -1.203161
  H      -2.880076      4.275570      0.344744
  H      -4.440023      3.560439      0.811498
  H      -4.326053      4.485366     -0.665195
  H      -1.319410      2.711526     -0.572184
  H      -0.829300      0.654949     -1.847021
  N      -5.321007     -0.178754     -2.602106
  O      -4.997345     -1.181276     -3.213320
  O      -6.452624      0.212685     -2.413488
  H     -18.089323     -0.361443      6.708695
18
Coordinates from ORCA-job meta_products_optfreq E -476.135402320545
  C      -3.379127      2.581714     -0.809951
  C      -4.501524      1.784126     -1.187990
  C      -4.296009      0.627192     -1.889570
  C      -3.014914      0.199369     -2.254757
  C      -1.903108      0.984892     -1.886837
  C      -2.083045      2.149103     -1.175956
  C      -3.600749      3.834213     -0.057327
  H      -2.898681     -0.718700     -2.813677
  H      -5.506298      2.082134     -0.921586
  H      -2.671903      4.329052      0.216752
  H      -4.189677      3.638298      0.848244
  H      -4.215950      4.527000     -0.647383
  H      -1.228672      2.748004     -0.888603
  H      -0.911006      0.660636     -2.169666
  N      -5.463601     -0.204552     -2.269754
  O      -5.224461     -1.251808     -2.840482
  O      -6.564030      0.222376     -1.973413
  H     -18.104276     -0.615030      6.161996
18
Coordinates from ORCA-job meta_products_optfreq E -476.135453610316
  C      -3.417407      2.561057     -0.798131
  C      -4.501002      1.767679     -1.277779
  C      -4.234483      0.627882     -1.986551
  C      -2.927872      0.213417     -2.260126
  C      -1.853528      0.994045     -1.789875
  C      -2.095029      2.143074     -1.072140
  C      -3.699805      3.797368     -0.036552
  H      -2.764506     -0.693344     -2.825144
  H      -5.525831      2.055895     -1.088506
  H      -2.794015      4.295361      0.300849
  H      -4.336655      3.579536      0.830312
  H      -4.282461      4.497201     -0.650780
  H      -1.269770      2.741280     -0.709424
  H      -0.840039      0.679963     -1.998872
  N      -5.363428     -0.199386     -2.476375
  O      -5.071003     -1.225646     -3.062345
  O      -6.485873      0.206762     -2.251767
  H     -18.294322     -0.464124      6.593248
18
Coordinates from ORCA-job meta_products_optfreq E -476.135477488441
  C      -3.427062      2.552264     -0.795043
  C      -4.494188      1.757648     -1.308463
  C      -4.203945      0.628103     -2.024265
  C      -2.888658      0.225860     -2.273575
  C      -1.830447      1.008260     -1.770790
  C      -2.095960      2.146876     -1.044996
  C      -3.734499      3.777146     -0.024645
  H      -2.706522     -0.673237     -2.845141
  H      -5.525079      2.037286     -1.140342
  H      -2.839415      4.278323      0.335730
  H      -4.385665      3.543341      0.827401
  H      -4.311262      4.479516     -0.641520
  H      -1.283025      2.746346     -0.657332
  H      -0.810321      0.703799     -1.960948
  N      -5.315465     -0.202360     -2.547158
  O      -5.003096     -1.229751     -3.121035
  O      -6.444962      0.202384     -2.358631
  H     -18.457458     -0.403783      6.790792
18
Coordinates from ORCA-job meta_products_optfreq E -476.135515835461
  C      -3.413386      2.555555     -0.800112
  C      -4.485815      1.758465     -1.298448
  C      -4.203118      0.628158     -2.016092
  C      -2.890424      0.228056     -2.282382
  C      -1.827019      1.013276     -1.795187
  C      -2.084944      2.152423     -1.067465
  C      -3.712871      3.781084     -0.027530
  H      -2.714172     -0.671523     -2.855075
  H      -5.514859      2.037219     -1.117902
  H      -2.814442      4.280373      0.327046
  H      -4.360138      3.548698      0.827760
  H      -4.291526      4.484825     -0.641261
  H      -1.267897      2.753768     -0.691456
  H      -0.808993      0.710450     -1.998748
  N      -5.319472     -0.206365     -2.521714
  O      -5.012918     -1.241005     -3.085735
  O      -6.447075      0.202418     -2.329819
  H     -18.587962     -0.437856      6.814159
18
Coordinates from ORCA-job meta_products_optfreq E -476.135547968208
  C      -3.389632      2.557896     -0.801097
  C      -4.470939      1.738542     -1.238797
  C      -4.206544      0.620097     -1.979944
  C      -2.903773      0.254801     -2.333318
  C      -1.831682      1.062407     -1.907666
  C      -2.071454      2.189059     -1.155089
  C      -3.672317      3.768939     -0.001458
  H      -2.742006     -0.636817     -2.922655
  H      -5.492651      1.994438     -0.994505
  H      -2.769734      4.278060      0.326274
  H      -4.289835      3.515937      0.869591
  H      -4.286147      4.470236     -0.583786
  H      -1.247575      2.807861     -0.824728
  H      -0.822245      0.784431     -2.177932
  N      -5.329847     -0.247929     -2.409031
  O      -5.031758     -1.295126     -2.952744
  O      -6.455004      0.150909     -2.180419
  H     -18.743887     -0.435721      6.707343
18
Coordinates from ORCA-job meta_products_optfreq E -476.135584433060
  C      -3.386862      2.557779     -0.804996
  C      -4.466154      1.745005     -1.259734
  C      -4.196501      0.623726     -1.995481
  C      -2.890431      0.249574     -2.325861
  C      -1.820442      1.051468     -1.883979
  C      -2.065306      2.180690     -1.136619
  C      -3.673540      3.773201     -0.012164
  H      -2.724583     -0.643125     -2.912230
  H      -5.490546      2.007085     -1.033574
  H      -2.770899      4.274744      0.327501
  H      -4.304206      3.527907      0.851512
  H      -4.269949      4.479519     -0.606220
  H      -1.242763      2.794362     -0.793925
  H      -0.808026      0.768258     -2.137318
  N      -5.317889     -0.235574     -2.444818
  O      -5.017080     -1.289597     -2.974564
  O      -6.443997      0.173505     -2.243644
  H     -18.867853     -0.460505      6.826153
18
Coordinates from ORCA-job meta_products_optfreq E -476.135613718520
  C      -3.377848      2.558570     -0.808486
  C      -4.458370      1.745346     -1.258500
  C      -4.190960      0.624984     -1.996577
  C      -2.886222      0.252893     -2.334696
  C      -1.815166      1.056008     -1.898362
  C      -2.057556      2.183825     -1.147914
  C      -3.661125      3.773791     -0.013475
  H      -2.722442     -0.638719     -2.923221
  H      -5.482069      2.006303     -1.027813
  H      -2.756527      4.270765      0.327923
  H      -4.294103      3.530315      0.848750
  H      -4.251856      4.484422     -0.608200
  H      -1.233910      2.797992     -0.808887
  H      -0.803637      0.775287     -2.157962
  N      -5.312957     -0.237101     -2.437662
  O      -5.012473     -1.303007     -2.943971
  O      -6.438694      0.179306     -2.252196
  H     -19.001115     -0.482958      6.881290
18
Coordinates from ORCA-job meta_products_optfreq E -476.135607758651
  C      -3.369409      2.555229     -0.806669
  C      -4.450402      1.734411     -1.234425
  C      -4.188010      0.624028     -1.988884
  C      -2.888815      0.271071     -2.368782
  C      -1.817917      1.084007     -1.956601
  C      -2.054199      2.200190     -1.186610
  C      -3.642997      3.763819      0.003551
  H      -2.731020     -0.611874     -2.971418
  H      -5.471044      1.981700     -0.976595
  H      -2.732790      4.252152      0.343332
  H      -4.272269      3.518982      0.866988
  H      -4.227115      4.486026     -0.583986
  H      -1.229660      2.821374     -0.863382
  H      -0.810391      0.821783     -2.248887
  N      -5.308459     -0.256296     -2.391391
  O      -5.003062     -1.357348     -2.815122
  O      -6.434832      0.172101     -2.253872
  H     -19.124638     -0.483334      6.872793
18
Coordinates from ORCA-job meta_products_optfreq E -476.135660495467
  C      -3.359200      2.560296     -0.814248
  C      -4.443973      1.745169     -1.245320
  C      -4.185210      0.627518     -1.990383
  C      -2.885526      0.259970     -2.354696
  C      -1.810342      1.065487     -1.937203
  C      -2.043608      2.190453     -1.179231
  C      -3.630135      3.776092     -0.014970
  H      -2.730181     -0.629758     -2.948326
  H      -5.464289      2.003257     -0.997088
  H      -2.720068      4.265325      0.323548
  H      -4.263717      3.539305      0.847952
  H      -4.213148      4.494146     -0.608920
  H      -1.216688      2.807308     -0.853038
  H      -0.802776      0.789986     -2.216998
  N      -5.310877     -0.241991     -2.404756
  O      -5.012627     -1.329750     -2.866233
  O      -6.435150      0.186327     -2.243074
  H     -19.229516     -0.531120      6.943025
18
Coordinates from ORCA-job meta_products_optfreq E -476.135690802492
  C      -3.348199      2.562425     -0.818820
  C      -4.435618      1.746677     -1.241566
  C      -4.181554      0.628561     -1.987466
  C      -2.884055      0.261090     -2.360679
  C      -1.806269      1.067201     -1.951422
  C      -2.034792      2.192574     -1.192721
  C      -3.613614      3.779368     -0.019651
  H      -2.732638     -0.629144     -2.954554
  H      -5.454226      2.004768     -0.986472
  H      -2.701386      4.266186      0.316542
  H      -4.246888      3.545628      0.844242
  H      -4.195121      4.498986     -0.613374
  H      -1.205957      2.810057     -0.872562
  H      -0.800603      0.791782     -2.238016
  N      -5.309512     -0.242246     -2.392596
  O      -5.014235     -1.333099     -2.848849
  O      -6.432809      0.188296     -2.229167
  H     -19.359552     -0.561089      6.987171
18
Coordinates from ORCA-job meta_products_optfreq E -476.135719491401
  C      -3.339432      2.563101     -0.822318
  C      -4.427647      1.746250     -1.237688
  C      -4.176113      0.629720     -1.986277
  C      -2.879830      0.263808     -2.368845
  C      -1.801045      1.070400     -1.965835
  C      -2.027054      2.194463     -1.204819
  C      -3.599905      3.780790     -0.023416
  H      -2.731487     -0.625834     -2.964249
  H      -5.444767      2.002027     -0.974736
  H      -2.685759      4.263950      0.313100
  H      -4.235397      3.552053      0.839930
  H      -4.176490      4.503384     -0.618503
  H      -1.197852      2.813524     -0.888701
  H      -0.796823      0.796842     -2.258991
  N      -5.305245     -0.242920     -2.383120
  O      -5.011256     -1.336933     -2.832787
  O      -6.428175      0.188851     -2.220567
  H     -19.492754     -0.585455      7.037863
18
Coordinates from ORCA-job meta_products_optfreq E -476.135750539175
  C      -3.329115      2.567051     -0.829225
  C      -4.420727      1.755452     -1.247486
  C      -4.172771      0.633554     -1.989617
  C      -2.877168      0.257594     -2.362630
  C      -1.795040      1.059348     -1.957502
  C      -2.017481      2.188825     -1.203138
  C      -3.586354      3.789133     -0.035359
  H      -2.731304     -0.635966     -2.952994
  H      -5.437771      2.019448     -0.992232
  H      -2.670961      4.267345      0.304792
  H      -4.228397      3.566418      0.824708
  H      -4.154678      4.513693     -0.636127
  H      -1.185584      2.803691     -0.885686
  H      -0.790981      0.777744     -2.243712
  N      -5.305217     -0.233163     -2.390330
  O      -5.015651     -1.329020     -2.838815
  O      -6.426247      0.205187     -2.231931
  H     -19.611584     -0.628314      7.107325
18
Coordinates from ORCA-job meta_products_optfreq E -476.135780852301
  C      -3.320673      2.568612     -0.833749
  C      -4.413138      1.758282     -1.252223
  C      -4.166192      0.635353     -1.993098
  C      -2.870660      0.256970     -2.364421
  C      -1.787626      1.057230     -1.958765
  C      -2.009107      2.187722     -1.205743
  C      -3.576627      3.792328     -0.042184
  H      -2.725709     -0.637380     -2.953761
  H      -5.429997      2.023967     -0.998023
  H      -2.660872      4.267361      0.301468
  H      -4.223547      3.573277      0.815119
  H      -4.139230      4.518587     -0.646354
  H      -1.176637      2.801612     -0.887938
  H      -0.783703      0.773702     -2.243514
  N      -5.299665     -0.229687     -2.394490
  O      -5.011782     -1.325507     -2.843943
  O      -6.420128      0.210148     -2.235570
  H     -19.741738     -0.654557      7.177229
18
Coordinates from ORCA-job meta_products_optfreq E -476.135798257102
  C      -3.334132      2.560953     -0.830914
  C      -4.407899      1.751734     -1.303613
  C      -4.129748      0.634989     -2.043327
  C      -2.819844      0.263516     -2.362093
  C      -1.755364      1.061981     -1.902715
  C      -2.008776      2.185319     -1.149296
  C      -3.628160      3.776077     -0.039695
  H      -2.648081     -0.623931     -2.954422
  H      -5.435465      2.013547     -1.091434
  H      -2.729445      4.248736      0.348637
  H      -4.307311      3.541501      0.788731
  H      -4.171384      4.505578     -0.656742
  H      -1.189633      2.795465     -0.793165
  H      -0.739651      0.782285     -2.146544
  N      -5.243242     -0.225783     -2.504875
  O      -4.935785     -1.300335     -2.985451
  O      -6.371512      0.198993     -2.356021
  H     -19.901599     -0.592606      7.422980
18
Coordinates from ORCA-job meta_products_optfreq E -476.135836445825
  C      -3.310467      2.568777     -0.840280
  C      -4.399384      1.760085     -1.271088
  C      -4.146063      0.637972     -2.010927
  C      -2.847275      0.258904     -2.369557
  C      -1.767706      1.057209     -1.951304
  C      -1.995652      2.186539     -1.198664
  C      -3.573234      3.792407     -0.051085
  H      -2.697442     -0.634315     -2.959270
  H      -5.418538      2.026089     -1.026610
  H      -2.660887      4.261216      0.309727
  H      -4.236602      3.576275      0.794187
  H      -4.120421      4.523164     -0.663926
  H      -1.165877      2.798834     -0.871235
  H      -0.761168      0.773027     -2.225896
  N      -5.276299     -0.225143     -2.425359
  O      -4.984883     -1.316991     -2.880948
  O      -6.398063      0.212282     -2.269570
  H     -19.997069     -0.678311      7.351844
18
Coordinates from ORCA-job meta_products_optfreq E -476.135863777583
  C      -3.300724      2.570582     -0.844878
  C      -4.391358      1.762037     -1.271330
  C      -4.140884      0.639326     -2.011219
  C      -2.843450      0.259541     -2.374179
  C      -1.762216      1.057676     -1.960152
  C      -1.987241      2.187563     -1.207481
  C      -3.560140      3.795295     -0.056245
  H      -2.695950     -0.634186     -2.963715
  H      -5.409564      2.028710     -1.023685
  H      -2.646499      4.261055      0.305307
  H      -4.225742      3.582491      0.787975
  H      -4.103240      4.527955     -0.670588
  H      -1.156137      2.799730     -0.883141
  H      -0.756730      0.772947     -2.238006
  N      -5.272716     -0.224118     -2.420509
  O      -4.983037     -1.318185     -2.872068
  O      -6.393795      0.215062     -2.264926
  H     -20.127606     -0.705461      7.408881
18
Coordinates from ORCA-job meta_products_optfreq E -476.135891580407
  C      -3.292881      2.572004     -0.849387
  C      -4.383851      1.765096     -1.278187
  C      -4.133451      0.641286     -2.016462
  C      -2.835801      0.258828     -2.375513
  C      -1.754221      1.055347     -1.959175
  C      -1.979179      2.186281     -1.208033
  C      -3.552204      3.798010     -0.062696
  H      -2.688330     -0.635645     -2.963921
  H      -5.402247      2.033817     -1.033536
  H      -2.638853      4.260227      0.304147
  H      -4.224016      3.588587      0.777343
  H      -4.088104      4.532741     -0.680972
  H      -1.147797      2.797126     -0.881930
  H      -0.748498      0.768507     -2.233997
  N      -5.265819     -0.220332     -2.428257
  O      -4.976902     -1.314733     -2.879490
  O      -6.386500      0.220562     -2.274853
  H     -20.258376     -0.729688      7.484962
18
Coordinates from ORCA-job meta_products_optfreq E -476.135917867003
  C      -3.283268      2.573400     -0.853537
  C      -4.375106      1.764276     -1.276226
  C      -4.126744      0.641225     -2.016370
  C      -2.830549      0.261898     -2.383565
  C      -1.748204      1.060910     -1.973673
  C      -1.971055      2.191101     -1.220702
  C      -3.540922      3.798065     -0.064191
  H      -2.684277     -0.632135     -2.973014
  H      -5.392509      2.030964     -1.025330
  H      -2.626847      4.259783      0.301529
  H      -4.211923      3.587767      0.776131
  H      -4.077385      4.533812     -0.680954
  H      -1.138856      2.803497     -0.899432
  H      -0.743651      0.776280     -2.255016
  N      -5.259733     -0.223172     -2.421154
  O      -4.971016     -1.318437     -2.870764
  O      -6.380387      0.216851     -2.264561
  H     -20.394599     -0.748066      7.540870
18
Coordinates from ORCA-job meta_products_optfreq E -476.135945145757
  C      -3.276791      2.573894     -0.857117
  C      -4.367803      1.765881     -1.283582
  C      -4.117872      0.642875     -2.023240
  C      -2.820667      0.262260     -2.385964
  C      -1.739066      1.059908     -1.971894
  C      -1.963538      2.190076     -1.219470
  C      -3.535684      3.799547     -0.069792
  H      -2.673321     -0.631645     -2.975277
  H      -5.385836      2.033297     -1.036055
  H      -2.622497      4.257585      0.302783
  H      -4.213868      3.592545      0.765485
  H      -4.063870      4.537606     -0.690949
  H      -1.131968      2.801630     -0.895124
  H      -0.733750      0.774412     -2.249560
  N      -5.250259     -0.220077     -2.432370
  O      -4.961129     -1.314590     -2.883247
  O      -6.371064      0.220057     -2.277565
  H     -20.528048     -0.767240      7.622979
18
Coordinates from ORCA-job meta_products_optfreq E -476.135971296213
  C      -3.268817      2.574983     -0.861206
  C      -4.359925      1.766815     -1.287073
  C      -4.110220      0.643883     -2.026931
  C      -2.813181      0.263493     -2.390422
  C      -1.731477      1.061343     -1.976989
  C      -1.955697      2.191463     -1.224405
  C      -3.527387      3.800689     -0.073809
  H      -2.665955     -0.630391     -2.979791
  H      -5.377850      2.034046     -1.038895
  H      -2.614258      4.256425      0.301800
  H      -4.208989      3.595169      0.758934
  H      -4.051208      4.540526     -0.696668
  H      -1.124009      2.803112     -0.900501
  H      -0.726276      0.775993     -2.255242
  N      -5.242693     -0.219275     -2.435410
  O      -4.953559     -1.314050     -2.885826
  O      -6.363467      0.220887     -2.280639
  H     -20.662063     -0.787091      7.693113
18
Coordinates from ORCA-job meta_products_optfreq E -476.135997081951
  C      -3.261364      2.575777     -0.865009
  C      -4.352088      1.767177     -1.290943
  C      -4.101905      0.644700     -2.031348
  C      -2.804708      0.265176     -2.395260
  C      -1.723360      1.063473     -1.981772
  C      -1.948060      2.193177     -1.228713
  C      -3.520308      3.801214     -0.077297
  H      -2.657117     -0.628389     -2.985027
  H      -5.370112      2.033689     -1.042395
  H      -2.607537      4.254882      0.301746
  H      -4.205388      3.596572      0.752706
  H      -4.039951      4.542801     -0.701669
  H      -1.116649      2.805169     -0.904731
  H      -0.718047      0.778813     -2.260330
  N      -5.233935     -0.218893     -2.440027
  O      -4.944275     -1.313462     -2.890690
  O      -6.354923      0.220686     -2.285163
  H     -20.797305     -0.804543      7.765963
18
Coordinates from ORCA-job meta_products_optfreq E -476.136022294984
  C      -3.253893      2.576434     -0.868649
  C      -4.344133      1.766872     -1.293801
  C      -4.093484      0.645233     -2.035344
  C      -2.796249      0.267501     -2.401119
  C      -1.715366      1.066786     -1.988423
  C      -1.940527      2.195691     -1.234304
  C      -3.513162      3.801236     -0.080016
  H      -2.648358     -0.625472     -2.991709
  H      -5.362180      2.031967     -1.043825
  H      -2.600658      4.253159      0.301827
  H      -4.200932      3.596914      0.747735
  H      -4.029473      4.544523     -0.705231
  H      -1.109481      2.808480     -0.910872
  H      -0.710039      0.783569     -2.268404
  N      -5.224904     -0.219455     -2.443251
  O      -4.934428     -1.313843     -2.893945
  O      -6.346237      0.219025     -2.287793
  H     -20.933528     -0.820602      7.837167
18
Coordinates from ORCA-job meta_products_optfreq E -476.136047048627
  C      -3.246467      2.577113     -0.872334
  C      -4.336212      1.766690     -1.296928
  C      -4.085035      0.645832     -2.039498
  C      -2.787722      0.269738     -2.406814
  C      -1.707316      1.069918     -1.994695
  C      -1.932998      2.198085     -1.239623
  C      -3.506115      3.801290     -0.082812
  H      -2.639524     -0.622702     -2.998141
  H      -5.354313      2.030469     -1.045782
  H      -2.593904      4.251494      0.301830
  H      -4.196564      3.597275      0.742680
  H      -4.019113      4.546245     -0.708863
  H      -1.102342      2.811609     -0.916556
  H      -0.701937      0.788032     -2.275837
  N      -5.215850     -0.219850     -2.446857
  O      -4.924556     -1.314154     -2.897375
  O      -6.337507      0.217685     -2.291183
  H     -21.069554     -0.836749      7.908828
18
Coordinates from ORCA-job meta_products_optfreq E -476.136071406573
  C      -3.239174      2.577709     -0.875931
  C      -4.328292      1.766380     -1.300211
  C      -4.076389      0.646406     -2.043890
  C      -2.778912      0.272093     -2.412596
  C      -1.699117      1.073198     -2.000799
  C      -1.925524      2.200518     -1.244680
  C      -3.499435      3.801185     -0.085496
  H      -2.630259     -0.619719     -3.004761
  H      -5.346506      2.028733     -1.048027
  H      -2.587621      4.249761      0.302052
  H      -4.192565      3.597329      0.737689
  H      -4.009234      4.547743     -0.712333
  H      -1.095351      2.814800     -0.921797
  H      -0.693625      0.792761     -2.282982
  N      -5.206462     -0.220323     -2.450954
  O      -4.914212     -1.314414     -2.901459
  O      -6.328507      0.216128     -2.295083
  H     -21.205845     -0.852267      7.981297
18
Coordinates from ORCA-job meta_products_optfreq E -476.136095368961
  C      -3.231825      2.578344     -0.879568
  C      -4.320365      1.766151     -1.303501
  C      -4.067806      0.647016     -2.048232
  C      -2.770201      0.274400     -2.418333
  C      -1.690974      1.076392     -2.006891
  C      -1.918033      2.202904     -1.249763
  C      -3.492651      3.801139     -0.088239
  H      -2.621126     -0.616821     -3.011283
  H      -5.338668      2.027156     -1.050277
  H      -2.581212      4.248168      0.302039
  H      -4.188297      3.597438      0.732766
  H      -3.999442      4.549208     -0.715791
  H      -1.088291      2.817892     -0.927098
  H      -0.685395      0.797324     -2.290119
  N      -5.197194     -0.220737     -2.454926
  O      -4.904036     -1.314669     -2.905313
  O      -6.319600      0.214711     -2.298915
  H     -21.341915     -0.867994      8.053485
18
Coordinates from ORCA-job meta_products_optfreq E -476.136119753828
  C      -3.220127      2.582580     -0.886942
  C      -4.313073      1.775213     -1.309315
  C      -4.066273      0.651025     -2.048217
  C      -2.770471      0.268554     -2.414049
  C      -1.686956      1.065623     -2.004100
  C      -1.908227      2.197007     -1.252555
  C      -3.475353      3.809834     -0.100861
  H      -2.625737     -0.626319     -3.002528
  H      -5.330137      2.043908     -1.059260
  H      -2.561127      4.261472      0.277111
  H      -4.160674      3.608403      0.729673
  H      -3.993064      4.551992     -0.726153
  H      -1.075123      2.808088     -0.931226
  H      -0.682686      0.778732     -2.284099
  N      -5.200599     -0.211401     -2.452969
  O      -4.913689     -1.307744     -2.900975
  O      -6.320499      0.230667     -2.297569
  H     -21.453215     -0.909615      8.104073
18
Coordinates from ORCA-job meta_products_optfreq E -476.136142902410
  C      -3.213709      2.582656     -0.889924
  C      -4.305263      1.774050     -1.313139
  C      -4.056607      0.651303     -2.053652
  C      -2.760182      0.271429     -2.420124
  C      -1.678014      1.069700     -2.009266
  C      -1.901159      2.199766     -1.256272
  C      -3.470582      3.808949     -0.102779
  H      -2.614083     -0.622415     -3.009802
  H      -5.322771      2.040741     -1.062715
  H      -2.557211      4.258712      0.279568
  H      -4.159812      3.607578      0.724391
  H      -3.983892      4.553085     -0.729461
  H      -1.069087      2.811897     -0.934250
  H      -0.673271      0.784910     -2.289726
  N      -5.189431     -0.212471     -2.459530
  O      -4.900635     -1.307948     -2.908569
  O      -6.310033      0.228420     -2.306007
  H     -21.591287     -0.922343      8.181297
18
Coordinates from ORCA-job meta_products_optfreq E -476.136165439473
  C      -3.207340      2.582720     -0.893002
  C      -4.297495      1.773116     -1.317582
  C      -4.046912      0.651909     -2.059848
  C      -2.749782      0.274474     -2.426528
  C      -1.668963      1.073705     -2.014225
  C      -1.894064      2.202366     -1.259676
  C      -3.465893      3.807998     -0.104701
  H      -2.602263     -0.618256     -3.017532
  H      -5.315504      2.037928     -1.067120
  H      -2.553396      4.255854      0.282055
  H      -4.159014      3.606626      0.719091
  H      -3.974782      4.554169     -0.732689
  H      -1.063044      2.815367     -0.936549
  H      -0.663688      0.790915     -2.294830
  N      -5.178248     -0.212856     -2.467578
  O      -4.887726     -1.308652     -2.914949
  O      -6.299601      0.225725     -2.313003
  H     -21.729315     -0.935089      8.258705
18
Coordinates from ORCA-job meta_products_optfreq E -476.136188932460
  C      -3.198733      2.584604     -0.897930
  C      -4.289937      1.776354     -1.322576
  C      -4.040610      0.653715     -2.063095
  C      -2.743785      0.273529     -2.427980
  C      -1.661935      1.071387     -2.015568
  C      -1.885778      2.201399     -1.262666
  C      -3.455981      3.811181     -0.111253
  H      -2.597226     -0.620252     -3.017663
  H      -5.307720      2.043252     -1.073409
  H      -2.542845      4.259933      0.272899
  H      -4.147107      3.610765      0.714541
  H      -3.966888      4.555994     -0.739132
  H      -1.053979      2.813291     -0.939448
  H      -0.656879      0.786415     -2.294745
  N      -5.173119     -0.209568     -2.470835
  O      -4.884070     -1.305569     -2.918669
  O      -6.293813      0.231421     -2.318266
  H     -21.856623     -0.959830      8.325836
