18
Coordinates from ORCA-job meta_products_optfreq
  C   -3.19019345963220      2.58648065070027     -0.90289722183473
  C   -4.28243793183127      1.77986474771471     -1.32816880521780
  C   -4.03428908280950      0.65574585219654     -2.06684973085272
  C   -2.73768807364263      0.27246911206576     -2.42924051920160
  C   -1.65480662426904      1.06865423570923     -2.01613197024096
  C   -1.87747813610199      2.20009483941764     -1.26502258264009
  C   -3.44620938324264      3.81445756285799     -0.11801678663163
  H   -2.59203346411067     -0.62236961970160     -3.01755783025785
  H   -5.30005490180031      2.04913068478388     -1.08086864110253
  H   -2.53246015126054      4.26425518348010      0.26339022485871
  H   -4.13522741445822      3.61501761485585      0.70987489337206
  H   -3.95929597111535      4.55776914577046     -0.74581257381012
  H   -1.04492271922950      2.81069337363515     -0.94130986380544
  H   -0.64990525991880      0.78125610569438     -2.29337483253764
  N   -5.16798266221965     -0.20568343492347     -2.47530842890976
  O   -4.88053178170897     -1.30232834055174     -2.92263320727126
  O   -6.28800829757179      0.23731758945018     -2.32361853193653
  H   -21.98350468507646     -0.98480530315545      8.39358640801999
