18
Coordinates from ORCA-job para_ts_optfreq_4 E -475.502244627429
  C      -6.300250      0.407960     -0.145200
  C      -7.095070      1.114660     -1.093960
  C      -7.189940      0.687200     -2.374230
  C      -6.543620     -0.567410     -2.789530
  C      -5.666880     -1.221800     -1.809930
  C      -5.607040     -0.770750     -0.531450
  C      -6.267480      0.885850      1.254710
  H      -7.169870      2.445240      1.302740
  H      -4.774890      0.839850      1.631620
  H      -7.318700     -0.350750      2.010010
  H      -7.587680      2.031080     -0.787530
  H      -7.750100      1.236330     -3.120450
  H      -5.091950     -2.078660     -2.138430
  H      -4.980380     -1.274310      0.192710
  N      -5.884400     -0.457430     -4.229820
  O      -4.957440     -1.195090     -4.437100
  O      -6.406440      0.330770     -4.973370
  H      -7.359090     -1.287040     -3.006370
18
Coordinates from ORCA-job para_ts_optfreq_4 E -475.547834150929
  C      -6.301468      0.408724     -0.146832
  C      -7.096257      1.114775     -1.096101
  C      -7.190581      0.686797     -2.376238
  C      -6.543678     -0.567735     -2.790867
  C      -5.666998     -1.221435     -1.810752
  C      -5.607712     -0.769880     -0.532425
  C      -6.269299      0.887155      1.252907
  H      -7.121928      2.371977      1.324267
  H      -4.874741      0.853317      1.638731
  H      -7.265203     -0.283284      1.988924
  H      -7.582974      2.028932     -0.773947
  H      -7.753133      1.237569     -3.126363
  H      -5.089909     -2.082251     -2.140067
  H      -4.979135     -1.275763      0.195732
  N      -5.884059     -0.458060     -4.230997
  O      -4.956768     -1.195460     -4.437716
  O      -6.406160      0.329669     -4.975004
  H      -7.361215     -1.289347     -3.008831
18
Coordinates from ORCA-job para_ts_optfreq_4 E -475.593654324798
  C      -6.304153      0.409200     -0.148007
  C      -7.098636      1.114586     -1.098026
  C      -7.191806      0.686237     -2.378124
  C      -6.543927     -0.568049     -2.791972
  C      -5.667603     -1.221032     -1.811062
  C      -5.609483     -0.769126     -0.532805
  C      -6.273252      0.887997      1.251635
  H      -7.073347      2.292873      1.341844
  H      -4.966168      0.866695      1.646296
  H      -7.211779     -0.212828      1.965292
  H      -7.579503      2.026094     -0.761144
  H      -7.754450      1.236665     -3.129932
  H      -5.089929     -2.082728     -2.140187
  H      -4.981222     -1.275585      0.196823
  N      -5.883328     -0.458377     -4.231654
  O      -4.955490     -1.195329     -4.437519
  O      -6.405316      0.328884     -4.976234
  H      -7.361827     -1.290476     -3.010805
18
Coordinates from ORCA-job para_ts_optfreq_4 E -475.627180408329
  C      -6.294361      0.411397     -0.150324
  C      -7.090845      1.116699     -1.098728
  C      -7.188049      0.687290     -2.378171
  C      -6.542556     -0.567994     -2.792718
  C      -5.664093     -1.220944     -1.813701
  C      -5.601921     -0.767946     -0.536022
  C      -6.259039      0.891423      1.248793
  H      -7.036846      2.259991      1.361388
  H      -5.100679      0.879739      1.635378
  H      -7.175698     -0.182439      1.968704
  H      -7.564579      2.026807     -0.742096
  H      -7.759754      1.243018     -3.137026
  H      -5.083767     -2.094220     -2.146454
  H      -4.967069     -1.281373      0.201746
  N      -5.885926     -0.460257     -4.234360
  O      -4.959387     -1.198293     -4.442183
  O      -6.409256      0.326841     -4.978171
  H      -7.367395     -1.294040     -3.011634
18
Coordinates from ORCA-job para_ts_optfreq_4 E -475.668049520316
  C      -6.300389      0.411942     -0.150111
  C      -7.096022      1.116271     -1.099952
  C      -7.190662      0.686555     -2.379483
  C      -6.543195     -0.568135     -2.792752
  C      -5.665687     -1.220023     -1.812172
  C      -5.606100     -0.766753     -0.534465
  C      -6.267880      0.892232      1.248984
  H      -6.989890      2.171306      1.370918
  H      -5.167556      0.888760      1.642921
  H      -7.123878     -0.107893      1.934542
  H      -7.564997      2.022171     -0.732929
  H      -7.758031      1.237808     -3.135521
  H      -5.087861     -2.088099     -2.142327
  H      -4.976261     -1.277196      0.199885
  N      -5.884284     -0.459958     -4.233320
  O      -4.956645     -1.197077     -4.439484
  O      -6.407187      0.326480     -4.978128
  H      -7.364694     -1.292691     -3.012186
18
Coordinates from ORCA-job para_ts_optfreq_4 E -475.705133294535
  C      -6.309919      0.412461     -0.149926
  C      -7.103456      1.116030     -1.102080
  C      -7.193913      0.686258     -2.381895
  C      -6.543994     -0.567778     -2.793295
  C      -5.668725     -1.218826     -1.810159
  C      -5.613339     -0.765535     -0.532271
  C      -6.281994      0.892741      1.249271
  H      -6.949212      2.081102      1.381538
  H      -5.214433      0.897706      1.654288
  H      -7.065288     -0.030901      1.899078
  H      -7.569857      2.018351     -0.725082
  H      -7.759134      1.235204     -3.138742
  H      -5.091453     -2.085986     -2.138152
  H      -4.987353     -1.275776      0.202791
  N      -5.880963     -0.458907     -4.231919
  O      -4.951994     -1.195101     -4.435378
  O      -6.402455      0.327036     -4.978238
  H      -7.363738     -1.292378     -3.015409
18
Coordinates from ORCA-job para_ts_optfreq_4 E -475.736467735586
  C      -6.322033      0.413290     -0.149229
  C      -7.112421      1.116296     -1.104414
  C      -7.197513      0.686575     -2.384615
  C      -6.544951     -0.566882     -2.793587
  C      -5.672998     -1.217303     -1.807096
  C      -5.622987     -0.764092     -0.528958
  C      -6.299981      0.893456      1.250112
  H      -6.909348      1.988233      1.389044
  H      -5.248837      0.907747      1.659397
  H      -7.004433      0.040296      1.868951
  H      -7.578110      2.015933     -0.720884
  H      -7.759936      1.233763     -3.143235
  H      -5.095640     -2.083955     -2.132650
  H      -5.001001     -1.274306      0.207750
  N      -5.876387     -0.457322     -4.229595
  O      -4.946019     -1.192727     -4.429487
  O      -6.395605      0.328263     -4.977875
  H      -7.363021     -1.291564     -3.019209
18
Coordinates from ORCA-job para_ts_optfreq_4 E -475.757022386013
  C      -6.335358      0.413506     -0.147628
  C      -7.122131      1.116279     -1.105965
  C      -7.201200      0.687087     -2.386729
  C      -6.545754     -0.565614     -2.793401
  C      -5.677600     -1.215745     -1.803375
  C      -5.633624     -0.763092     -0.524817
  C      -6.319898      0.893033      1.252020
  H      -6.869941      1.900122      1.394984
  H      -5.279166      0.915915      1.658599
  H      -6.938016      0.106046      1.843364
  H      -7.591630      2.016299     -0.724187
  H      -7.760778      1.233417     -3.148002
  H      -5.099921     -2.082935     -2.126687
  H      -5.016277     -1.274627      0.214695
  N      -5.870954     -0.454800     -4.226394
  O      -4.939076     -1.189307     -4.422520
  O      -6.387544      0.330688     -4.976591
  H      -7.362351     -1.290573     -3.022947
18
Coordinates from ORCA-job para_ts_optfreq_4 E -475.759869046019
  C      -6.347149      0.416113     -0.147073
  C      -7.131685      1.117298     -1.108401
  C      -7.205215      0.687804     -2.389394
  C      -6.545928     -0.563717     -2.793481
  C      -5.680227     -1.212104     -1.800169
  C      -5.641825     -0.759217     -0.521515
  C      -6.337761      0.895835      1.252562
  H      -6.812257      1.818653      1.396290
  H      -5.313301      0.920831      1.658583
  H      -6.883565      0.146586      1.851933
  H      -7.614871      2.025513     -0.750178
  H      -7.763325      1.233609     -3.154951
  H      -5.102836     -2.082785     -2.121055
  H      -5.030522     -1.274525      0.223283
  N      -5.866042     -0.451813     -4.223983
  O      -4.932073     -1.184599     -4.416569
  O      -6.381322      0.332617     -4.976185
  H      -7.361316     -1.290401     -3.025278
18
Coordinates from ORCA-job para_ts_optfreq_4 E -475.749065458267
  C      -6.349146      0.399187     -0.141106
  C      -7.133192      1.105322     -1.099206
  C      -7.205258      0.683021     -2.382670
  C      -6.544845     -0.565811     -2.793188
  C      -5.679695     -1.219282     -1.802730
  C      -5.642770     -0.773594     -0.521506
  C      -6.341364      0.871010      1.261222
  H      -6.849440      1.883983      1.414622
  H      -5.325320      0.891561      1.671060
  H      -6.818172      0.201796      1.803787
  H      -7.629923      2.020999     -0.763579
  H      -7.762946      1.232940     -3.146184
  H      -5.103304     -2.089673     -2.127623
  H      -5.034526     -1.295001      0.222178
  N      -5.863676     -0.445436     -4.222391
  O      -4.929090     -1.176572     -4.418224
  O      -6.378714      0.342922     -4.970643
  H      -7.359838     -1.291672     -3.029398
18
Coordinates from ORCA-job para_ts_optfreq_4 E -475.761049493920
  C      -6.342002      0.408969     -0.146324
  C      -7.128116      1.112217     -1.104852
  C      -7.203564      0.685614     -2.386698
  C      -6.544731     -0.564897     -2.794633
  C      -5.677409     -1.215410     -1.804127
  C      -5.637097     -0.765411     -0.524512
  C      -6.330521      0.885524      1.254378
  H      -6.835678      1.891679      1.402248
  H      -5.310707      0.904579      1.668904
  H      -6.880932      0.130858      1.868406
  H      -7.623526      2.026594     -0.770814
  H      -7.763331      1.233134     -3.150297
  H      -5.101947     -2.086978     -2.127387
  H      -5.027076     -1.284220      0.219480
  N      -5.867067     -0.449662     -4.225924
  O      -4.933297     -1.181879     -4.421609
  O      -6.383614      0.336396     -4.975554
  H      -7.360605     -1.291405     -3.026267
18
Coordinates from ORCA-job para_ts_optfreq_4 E -475.761871742047
  C      -6.345477      0.411832     -0.146022
  C      -7.130278      1.114698     -1.105905
  C      -7.204220      0.687407     -2.387610
  C      -6.545110     -0.563446     -2.794047
  C      -5.679131     -1.213574     -1.802114
  C      -5.640318     -0.762883     -0.522697
  C      -6.335639      0.889151      1.254432
  H      -6.812920      1.850405      1.392115
  H      -5.313212      0.911269      1.667849
  H      -6.876407      0.140626      1.873795
  H      -7.630299      2.026139     -0.777011
  H      -7.764223      1.232842     -3.151168
  H      -5.103594     -2.084459     -2.124216
  H      -5.031223     -1.280288      0.221657
  N      -5.865658     -0.449116     -4.224563
  O      -4.931780     -1.181610     -4.418693
  O      -6.381136      0.336625     -4.975259
  H      -7.360594     -1.289919     -3.026122
18
Coordinates from ORCA-job para_ts_optfreq_4 E -475.762066405540
  C      -6.344384      0.410252     -0.145376
  C      -7.129569      1.113578     -1.104609
  C      -7.203904      0.686985     -2.386524
  C      -6.544823     -0.563587     -2.793870
  C      -5.678455     -1.214185     -1.802586
  C      -5.639251     -0.764194     -0.522934
  C      -6.334117      0.886802      1.255336
  H      -6.815062      1.864164      1.391759
  H      -5.312355      0.904862      1.669694
  H      -6.877899      0.141248      1.873491
  H      -7.634055      2.025861     -0.781589
  H      -7.764900      1.232802     -3.149718
  H      -5.102684     -2.085178     -2.125501
  H      -5.029824     -1.282130      0.221442
  N      -5.865862     -0.448412     -4.224551
  O      -4.931985     -1.180718     -4.419398
  O      -6.381660      0.337697     -4.974642
  H      -7.360430     -1.290147     -3.026002
18
Coordinates from ORCA-job para_ts_optfreq_4 E -475.762105038560
  C      -6.344135      0.409714     -0.144735
  C      -7.129494      1.113209     -1.103701
  C      -7.203872      0.686976     -2.385734
  C      -6.544649     -0.563387     -2.793494
  C      -5.678111     -1.214150     -1.802467
  C      -5.638868     -0.764524     -0.522688
  C      -6.333824      0.885861      1.256115
  H      -6.810376      1.866300      1.388866
  H      -5.311699      0.900216      1.670803
  H      -6.880500      0.143989      1.874059
  H      -7.638954      2.025275     -0.786798
  H      -7.765733      1.232636     -3.148563
  H      -5.102051     -2.084970     -2.125806
  H      -5.029277     -1.282400      0.221782
  N      -5.865817     -0.447703     -4.224195
  O      -4.931854     -1.179822     -4.419328
  O      -6.381784      0.338551     -4.974018
  H      -7.360222     -1.290072     -3.025675
18
Coordinates from ORCA-job para_ts_optfreq_4 E -475.762139465568
  C      -6.343484      0.408856     -0.143517
  C      -7.129588      1.112334     -1.101885
  C      -7.204128      0.686675     -2.384099
  C      -6.544277     -0.563089     -2.792680
  C      -5.677016     -1.213802     -1.802252
  C      -5.637626     -0.764769     -0.522270
  C      -6.333001      0.884332      1.257559
  H      -6.797897      1.870290      1.382036
  H      -5.310299      0.888895      1.673906
  H      -6.890455      0.150920      1.874336
  H      -7.648325      2.023471     -0.795973
  H      -7.767680      1.231970     -3.146134
  H      -5.100147     -2.084012     -2.126444
  H      -5.027364     -1.282069      0.222300
  N      -5.865988     -0.446300     -4.223549
  O      -4.931643     -1.177755     -4.419343
  O      -6.382682      0.340001     -4.972822
  H      -7.359617     -1.290246     -3.024750
18
Coordinates from ORCA-job para_ts_optfreq_4 E -475.762144782196
  C      -6.343152      0.408785     -0.143367
  C      -7.129870      1.111884     -1.101509
  C      -7.204532      0.686219     -2.383714
  C      -6.544149     -0.563196     -2.792501
  C      -5.676293     -1.213490     -1.802320
  C      -5.636793     -0.764470     -0.522336
  C      -6.332542      0.884231      1.257718
  H      -6.792478      1.872416      1.380332
  H      -5.310510      0.883494      1.675981
  H      -6.896694      0.154137      1.873113
  H      -7.649902      2.022746     -0.796722
  H      -7.768568      1.231350     -3.145565
  H      -5.098980     -2.083377     -2.126739
  H      -5.025994     -1.281297      0.222184
  N      -5.866298     -0.446024     -4.223546
  O      -4.931631     -1.176995     -4.419606
  O      -6.383593      0.340031     -4.972663
  H      -7.359240     -1.290744     -3.024323
18
Coordinates from ORCA-job para_ts_optfreq_4 E -475.762173012980
  C      -6.340968      0.408565     -0.142856
  C      -7.132200      1.108628     -1.099503
  C      -7.207686      0.682650     -2.381555
  C      -6.543316     -0.564241     -2.791584
  C      -5.671087     -1.211189     -1.803054
  C      -5.630856     -0.761990     -0.523156
  C      -6.329495      0.884082      1.258199
  H      -6.755364      1.887550      1.370633
  H      -5.314816      0.845172      1.692236
  H      -6.939221      0.178014      1.862432
  H      -7.657482      2.017831     -0.797716
  H      -7.774874      1.226364     -3.142289
  H      -5.090655     -2.078682     -2.128817
  H      -5.016180     -1.275420      0.220726
  N      -5.868657     -0.444513     -4.223926
  O      -4.931579     -1.171911     -4.421761
  O      -6.390385      0.339541     -4.972064
  H      -7.356399     -1.294750     -3.021528
18
Coordinates from ORCA-job para_ts_optfreq_4 E -475.762215040698
  C      -6.336917      0.407966     -0.142192
  C      -7.137246      1.101734     -1.095852
  C      -7.214259      0.675089     -2.377592
  C      -6.541688     -0.566579     -2.790094
  C      -5.660660     -1.206595     -1.804861
  C      -5.619091     -0.757006     -0.525142
  C      -6.323852      0.883655      1.258790
  H      -6.680145      1.914952      1.352985
  H      -5.331244      0.768336      1.727131
  H      -7.018784      0.232154      1.837725
  H      -7.669707      2.007692     -0.795160
  H      -7.787717      1.215513     -3.136143
  H      -5.073914     -2.069047     -2.133229
  H      -4.996645     -1.263794      0.216982
  N      -5.873437     -0.441659     -4.224994
  O      -4.931438     -1.161696     -4.426361
  O      -6.404140      0.338225     -4.971175
  H      -7.350338     -1.303241     -3.016397
18
Coordinates from ORCA-job para_ts_optfreq_4 E -475.762263741516
  C      -6.333263      0.407017     -0.141818
  C      -7.142776      1.094249     -1.092455
  C      -7.221107      0.666995     -2.373912
  C      -6.539998     -0.569155     -2.788968
  C      -5.650109     -1.201981     -1.807059
  C      -5.607415     -0.752072     -0.527490
  C      -6.318830      0.882793      1.259121
  H      -6.601441      1.938427      1.338639
  H      -5.357750      0.691427      1.763498
  H      -7.092048      0.295144      1.809279
  H      -7.680202      1.996517     -0.788495
  H      -7.801113      1.203433     -3.130247
  H      -5.056981     -2.059063     -2.137988
  H      -4.977329     -1.252537      0.212333
  N      -5.878159     -0.438796     -4.226354
  O      -4.931090     -1.151140     -4.431267
  O      -6.417981      0.336744     -4.970518
  H      -7.343627     -1.312302     -3.011879
18
Coordinates from ORCA-job para_ts_optfreq_4 E -475.762328295460
  C      -6.330516      0.405884     -0.141992
  C      -7.149021      1.086342     -1.089798
  C      -7.228199      0.658471     -2.370997
  C      -6.538215     -0.571935     -2.788459
  C      -5.639685     -1.197316     -1.809656
  C      -5.596339     -0.747090     -0.530220
  C      -6.315227      0.881737      1.258912
  H      -6.519825      1.958172      1.331958
  H      -5.394574      0.616095      1.798429
  H      -7.155752      0.365972      1.778900
  H      -7.689155      1.984032     -0.778047
  H      -7.815220      1.189663     -3.125180
  H      -5.040237     -2.048793     -2.142817
  H      -4.959334     -1.242128      0.206732
  N      -5.882452     -0.436020     -4.228113
  O      -4.930173     -1.140417     -4.436326
  O      -6.431303      0.334994     -4.970374
  H      -7.335995     -1.321961     -3.008530
18
Coordinates from ORCA-job para_ts_optfreq_4 E -475.762353435895
  C      -6.331173      0.405981     -0.142648
  C      -7.151328      1.084678     -1.090290
  C      -7.230051      0.656479     -2.371407
  C      -6.537744     -0.572603     -2.788921
  C      -5.637664     -1.196061     -1.810314
  C      -5.594818     -0.745579     -0.530952
  C      -6.316398      0.882050      1.258187
  H      -6.500277      1.963878      1.339118
  H      -5.404821      0.598520      1.801590
  H      -7.164356      0.383518      1.775410
  H      -7.691018      1.980628     -0.775476
  H      -7.819168      1.185048     -3.125438
  H      -5.036765     -2.046227     -2.143373
  H      -4.957148     -1.240523      0.205020
  N      -5.882701     -0.435574     -4.228797
  O      -4.929084     -1.138098     -4.437212
  O      -6.433319      0.334245     -4.970989
  H      -7.333384     -1.324661     -3.009088
18
Coordinates from ORCA-job para_ts_optfreq_4 E -475.762358977128
  C      -6.330734      0.405097     -0.142248
  C      -7.154104      1.081388     -1.088822
  C      -7.232818      0.653279     -2.369971
  C      -6.536984     -0.573442     -2.788562
  C      -5.633835     -1.194242     -1.811094
  C      -5.591071     -0.743966     -0.531656
  C      -6.315993      0.880838      1.258699
  H      -6.466102      1.968614      1.332106
  H      -5.420511      0.569975      1.813525
  H      -7.186530      0.413362      1.766136
  H      -7.696565      1.975400     -0.771983
  H      -7.824758      1.179805     -3.123295
  H      -5.030203     -2.042163     -2.145114
  H      -4.950779     -1.237119      0.203294
  N      -5.883939     -0.433905     -4.229105
  O      -4.928276     -1.133280     -4.438737
  O      -6.437847      0.334325     -4.970496
  H      -7.330170     -1.328267     -3.008256
18
Coordinates from ORCA-job para_ts_optfreq_4 E -475.762364351139
  C      -6.331226      0.404675     -0.141975
  C      -7.155594      1.080096     -1.088301
  C      -7.233948      0.652132     -2.369520
  C      -6.536611     -0.573622     -2.788446
  C      -5.632530     -1.193456     -1.811227
  C      -5.590155     -0.743370     -0.531710
  C      -6.316888      0.880166      1.259062
  H      -6.451158      1.970079      1.329783
  H      -5.425303      0.558702      1.814990
  H      -7.194474      0.425746      1.765656
  H      -7.700393      1.972907     -0.771890
  H      -7.827125      1.177580     -3.122765
  H      -5.027780     -2.040625     -2.145442
  H      -4.949105     -1.236252      0.202906
  N      -5.883953     -0.432977     -4.229057
  O      -4.927430     -1.131093     -4.438961
  O      -6.438948      0.334687     -4.970221
  H      -7.328599     -1.329673     -3.008462
18
Coordinates from ORCA-job para_ts_optfreq_4 E -475.762366182375
  C      -6.331396      0.404234     -0.141792
  C      -7.157000      1.078648     -1.087759
  C      -7.235133      0.650787     -2.369026
  C      -6.536192     -0.573911     -2.788365
  C      -5.630945     -1.192632     -1.811519
  C      -5.588822     -0.742699     -0.531939
  C      -6.317311      0.879513      1.259319
  H      -6.435100      1.971497      1.328692
  H      -5.431014      0.546894      1.817446
  H      -7.204132      0.439595      1.763350
  H      -7.704090      1.969932     -0.771306
  H      -7.829585      1.175222     -3.122056
  H      -5.025183     -2.039067     -2.145954
  H      -4.946944     -1.235080      0.202353
  N      -5.884164     -0.432106     -4.229147
  O      -4.926720     -1.128837     -4.439453
  O      -6.440464      0.334897     -4.970017
  H      -7.327026     -1.331187     -3.008407
18
Coordinates from ORCA-job para_ts_optfreq_4 E -475.762366219782
  C      -6.331298      0.404002     -0.141748
  C      -7.157569      1.077913     -1.087490
  C      -7.235686      0.650086     -2.368769
  C      -6.535994     -0.574103     -2.788343
  C      -5.630110     -1.192268     -1.811735
  C      -5.588020     -0.742394     -0.532134
  C      -6.317236      0.879194      1.259393
  H      -6.427712      1.972083      1.328526
  H      -5.434163      0.541422      1.819323
  H      -7.208885      0.446353      1.761398
  H      -7.705574      1.968509     -0.770887
  H      -7.830679      1.174163     -3.121605
  H      -5.023923     -2.038334     -2.146313
  H      -4.945754     -1.234396      0.202050
  N      -5.884376     -0.431752     -4.229257
  O      -4.926498     -1.127810     -4.439818
  O      -6.441363      0.334919     -4.969954
  H      -7.326379     -1.331888     -3.008219
18
Coordinates from ORCA-job para_ts_optfreq_4 E -475.762366246037
  C      -6.331254      0.403949     -0.141753
  C      -7.157596      1.077821     -1.087463
  C      -7.235724      0.650004     -2.368745
  C      -6.535970     -0.574137     -2.788354
  C      -5.630019     -1.192258     -1.811781
  C      -5.587918     -0.742396     -0.532176
  C      -6.317180      0.879125      1.259393
  H      -6.427201      1.972078      1.328755
  H      -5.434393      0.541102      1.819500
  H      -7.209304      0.446973      1.761160
  H      -7.705699      1.968368     -0.771001
  H      -7.830728      1.174132     -3.121522
  H      -5.023829     -2.038301     -2.146378
  H      -4.945671     -1.234311      0.202066
  N      -5.884403     -0.431728     -4.229286
  O      -4.926489     -1.127725     -4.439884
  O      -6.441459      0.334918     -4.969957
  H      -7.326381     -1.331913     -3.008153
