18
Coordinates from ORCA-job para_ts_optfreq_4
  C   -6.33125441352504      0.40394914518351     -0.14175347741128
  C   -7.15759585203448      1.07782061044079     -1.08746300255483
  C   -7.23572444967062      0.65000385225127     -2.36874454902535
  C   -6.53596959985054     -0.57413690386376     -2.78835440076573
  C   -5.63001887183847     -1.19225798799146     -1.81178129456153
  C   -5.58791807204610     -0.74239630233896     -0.53217588033006
  C   -6.31717979221081      0.87912490502517      1.25939275956683
  H   -6.42720129006484      1.97207801948976      1.32875459183837
  H   -5.43439317129368      0.54110201209621      1.81950018124238
  H   -7.20930435024361      0.44697324176868      1.76115977521497
  H   -7.70569882025908      1.96836818876902     -0.77100148658605
  H   -7.83072817835597      1.17413180539734     -3.12152167280418
  H   -5.02382917011626     -2.03830127772790     -2.14637804937134
  H   -4.94567144962367     -1.23431088108728      0.20206594008986
  N   -5.88440313180651     -0.43172826013127     -4.22928562969295
  O   -4.92648905382271     -1.12772481768275     -4.43988365169973
  O   -6.44145908710731      0.33491772825675     -4.96995708226423
  H   -7.32638124613017     -1.33191307785512     -3.00815307088511
