18
Coordinates from ORCA-job neb_orto_ts_optfreq
  C   -3.94992359968463      2.27938405788343     -0.83859847973759
  C   -4.89620083609452      1.46544912989731     -1.65807205665570
  C   -4.83090479646667     -0.00919313740352     -1.55422926751760
  C   -4.00685118431560     -0.61065302189880     -0.64675530359630
  C   -3.15704100764318      0.20103942611279      0.15215762168912
  C   -3.14115824572316      1.60246960113823      0.06551545201473
  C   -3.92619969627593      3.75878004853002     -0.94855036300424
  H   -3.97607806840125     -1.69839237496951     -0.54938231479747
  H   -5.47962757127058     -0.58272878922905     -2.22244128468762
  H   -2.47697913455151     -0.28667494056413      0.85872856408955
  H   -3.28071092741289      4.03899964001377     -1.80401156306115
  H   -3.51289907980810      4.22198100735715     -0.04161151499166
  H   -4.91686647549544      4.18248082817211     -1.17326273595558
  H   -2.47206343941283      2.17087837116829      0.71623217120420
  N   -4.97990740722891      1.85640859666781     -3.21918081268623
  O   -4.25259902328780      2.73021150228826     -3.60557422967370
  O   -5.78847002608052      1.21377979738809     -3.83242149863023
  H   -5.91851948084643      1.76501025744773     -1.33549238400252
