18
Coordinates from ORCA-job neb_orto_ts_products_im7
  C   0.53373480015999      0.64740894093950      0.27978233483331
  C   -0.87874749707745      0.37936841526249      0.17445328694705
  C   -1.26533960708879     -0.78212331961615      0.94869519104763
  C   -0.37243464082088     -1.79159778512166      1.39758905074328
  C   1.00392126318977     -1.53107470920915      1.36357572214122
  C   1.41552437471536     -0.28674071463179      0.90662031924491
  C   1.18589908200218      1.94211587555502     -0.12022579637815
  H   1.48765028964381      1.91268947926029     -1.18031342427840
  H   2.09145157243247      2.14672991415462      0.47033731870694
  H   0.51680789473697      2.80551412677388      0.00648518690246
  H   -2.31633739781644     -0.95615465206045      1.14589434665351
  H   -0.68332423870292     -2.80678505350531      1.67741305217546
  H   1.73444974685209     -2.23154641597670      1.78709543352582
  H   2.46156768079988     -0.01909717257088      1.09309924722559
  N   -1.51468240629962      1.27713706669346     -1.23639275474339
  O   -2.65838626549725      1.55468962437810     -1.56919196956509
  O   -0.71612595956643      1.84779825996869     -1.97430263913670
  H   -2.02562869166276     -4.10833188029397     -5.17061390604545
