18
Coordinates from ORCA-job neb_orto_ts_products_im6
  C   0.45839533655688      0.51139989254652      0.37957667906836
  C   -0.81832230104272      0.22108438196091      0.94655235177152
  C   -1.19490112910937     -1.08103392070030      1.35321027860430
  C   -0.19325451150529     -2.04350376335602      1.51138021501135
  C   1.14350040995187     -1.63496594358138      1.40841918577390
  C   1.44603414563326     -0.35491539735327      0.94980612048832
  C   0.97930482197167      1.83634391830510     -0.09456760566693
  H   1.31521478965863      1.76768829339387     -1.13965264946809
  H   1.86343135577890      2.15124171690570      0.48736732354383
  H   0.23304084126419      2.63486152730646     -0.00964168605076
  H   -2.23947168861337     -1.35136226065303      1.48959399782230
  H   -0.43465261389012     -3.08884764462371      1.71558247264732
  H   1.93013899426793     -2.26956057733219      1.83250779634905
  H   2.46250273391361      0.01677028267018      1.14452665630181
  N   -1.59968190181846      1.91246583997796     -2.14669850432502
  O   -2.63166588824512      2.29977795013153     -2.61204335751034
  O   -0.51161681460311      2.29874548152198     -2.44832664989399
  H   -2.20799658016938     -3.82618977712030     -4.76759262446694
