18
Coordinates from ORCA-job neb_orto_ts_products_im5
  C   0.39588322151217      0.43214040506742      0.57851658822515
  C   -0.84433841009229     -0.01105902491935      1.14672976626715
  C   -1.07760424815079     -1.37442829044364      1.49069634301177
  C   0.01401548826972     -2.24191333366928      1.49644746213549
  C   1.30428441362541     -1.67675990112672      1.46493836365990
  C   1.47676967212337     -0.34592744321264      1.09595320862648
  C   0.74904767037624      1.77175501785264      0.00898382360082
  H   1.09912947219225      1.68350932697665     -1.03110946926024
  H   1.58118542715028      2.21588103542665      0.58110593199105
  H   -0.10308140906587      2.46184172482315      0.02485414409361
  H   -2.07888620368796     -1.74216570215780      1.70690717444425
  H   -0.11247834171141     -3.32171741820639      1.60176038748253
  H   2.13269242755683     -2.22794110358529      1.92356077030991
  H   2.43668205102879      0.14332728244429      1.31036020054590
  N   -1.19254201461755      2.65353894258486     -3.37844093345656
  O   -2.38235058613242      2.67937066042474     -3.49160122255914
  O   -0.62435841009046      2.16553738271436     -2.44215311452643
  H   -2.77405022028629     -3.26498956099361     -4.08750942459165
