18
Coordinates from ORCA-job neb_orto_ts_products_im4
  C   0.27910152699936      0.38561130719124      0.70914253683093
  C   -0.91836587540622     -0.27278100618188      1.17041601258225
  C   -0.94644865609687     -1.68726685261114      1.41246287962954
  C   0.25792025642987     -2.38209959561809      1.32697726535860
  C   1.43998633534247     -1.62184560493601      1.51902543577721
  C   1.43813043321223     -0.26120424258262      1.24006406280284
  C   0.47764662328417      1.73804487467892      0.09477571462185
  H   0.87724932705584      1.65835772827790     -0.92836973488147
  H   1.22016587144752      2.29900683229447      0.68729606405743
  H   -0.45679376302611      2.30746810584376      0.02223001753359
  H   -1.84978063080657     -2.20656295330823      1.73742452941782
  H   0.30695398837509     -3.47059836045772      1.25990087827179
  H   2.26738793816652     -2.07139958774162      2.08097254043917
  H   2.30143330897399      0.35013298034616      1.52724177689151
  N   -0.77541918932490      2.52604058616741     -3.78807182178303
  O   -1.83906646793231      2.64632267071952     -4.30742962747549
  O   -0.47825869531262      2.30423474707784     -2.65248450972066
  H   -3.60184233138145     -2.24146162915993     -3.11157402035389
