18
Coordinates from ORCA-job neb_orto_ts_products_MEP_ALL E -475.759650016084
  C       0.214688      0.707205      0.363454
  C      -0.731590     -0.106730     -0.456019
  C      -0.666294     -1.581373     -0.352176
  C       0.157760     -2.182832      0.555297
  C       1.007570     -1.371140      1.354210
  C       1.023453      0.030290      1.267568
  C       0.238411      2.186601      0.253502
  H       0.883900      2.466820     -0.601959
  H       0.651712      2.649802      1.160441
  H      -0.752255      2.610301      0.028790
  H      -1.315016     -2.154908     -1.020389
  H       0.188533     -3.270572      0.652670
  H       1.687632     -1.858854      2.060781
  H       1.692548      0.598699      1.918285
  N      -0.815296      0.284229     -2.017128
  O      -1.623859     -0.358400     -2.630369
  O      -0.087988      1.158032     -2.403521
  H      -1.753908      0.192831     -0.133440
18
Coordinates from ORCA-job neb_orto_ts_products_MEP_ALL E -475.502497208598
  C       0.205365      0.570190      0.358563
  C      -0.958977     -0.266046     -0.015818
  C      -0.791878     -1.712523      0.165503
  C       0.336023     -2.266535      0.746464
  C       1.245689     -1.404730      1.401411
  C       1.160966     -0.024137      1.213685
  C       0.257602      2.050435      0.238101
  H       0.939650      2.345230     -0.580111
  H       0.654460      2.531217      1.147892
  H      -0.712497      2.500240     -0.007972
  H      -1.462951     -2.427194     -0.309405
  H       0.548921     -3.340701      0.743699
  H       1.940344     -1.820568      2.140995
  H       1.857801      0.585789      1.801951
  N      -0.916123      0.821937     -2.509503
  O      -1.411353      0.539539     -3.554474
  O       0.184109      1.178119     -2.394084
  H      -3.077152      0.139738     -0.586896
18
Coordinates from ORCA-job neb_orto_ts_products_MEP_ALL E -475.417635100036
  C       0.198868      0.446102      0.502849
  C      -0.986651     -0.419838      0.588210
  C      -0.792809     -1.861484      0.625311
  C       0.471663     -2.359153      0.898012
  C       1.385625     -1.460665      1.506986
  C       1.262040     -0.093013      1.282206
  C       0.274858      1.905961      0.203473
  H       0.917420      2.117183     -0.668212
  H       0.730292      2.457880      1.044463
  H      -0.701279      2.344687     -0.032066
  H      -1.577445     -2.602257      0.452620
  H       0.729055     -3.417499      0.811058
  H       2.108411     -1.850813      2.233231
  H       1.969963      0.565391      1.799296
  N      -0.765387      1.812026     -3.357204
  O      -1.331419      1.253860     -4.242465
  O      -0.116480      1.269989     -2.510771
  H      -3.776723     -0.108357     -1.136996
18
Coordinates from ORCA-job neb_orto_ts_products_MEP_ALL E -475.408142285209
  C       0.163001      0.368862      0.762850
  C      -0.986821     -0.476532      1.060503
  C      -0.838154     -1.916819      1.147154
  C       0.457749     -2.423730      1.120093
  C       1.444414     -1.541380      1.633483
  C       1.337308     -0.183207      1.355068
  C       0.299705      1.746536      0.182130
  H       0.730896      1.729250     -0.831734
  H       0.987846      2.347481      0.801515
  H      -0.659386      2.267615      0.083781
  H      -1.647462     -2.638503      1.304327
  H       0.709751     -3.456746      0.869165
  H       2.237896     -1.936719      2.278689
  H       2.134624      0.480495      1.705461
  N      -0.610421      2.272052     -3.971006
  O      -1.500170      2.089941     -4.731501
  O      -0.293002      2.132535     -2.833366
  H      -3.967773     -0.861130     -1.936612
18
Coordinates from ORCA-job neb_orto_ts_products_MEP_ALL E -475.411495949760
  C       0.279102      0.385611      0.709143
  C      -0.918366     -0.272781      1.170416
  C      -0.946449     -1.687267      1.412463
  C       0.257920     -2.382100      1.326977
  C       1.439986     -1.621846      1.519025
  C       1.438130     -0.261204      1.240064
  C       0.477647      1.738045      0.094776
  H       0.877249      1.658358     -0.928370
  H       1.220166      2.299007      0.687296
  H      -0.456794      2.307468      0.022230
  H      -1.849781     -2.206563      1.737425
  H       0.306954     -3.470598      1.259901
  H       2.267388     -2.071400      2.080973
  H       2.301433      0.350133      1.527242
  N      -0.775419      2.526041     -3.788072
  O      -1.839066      2.646323     -4.307430
  O      -0.478259      2.304235     -2.652485
  H      -3.601842     -2.241462     -3.111574
18
Coordinates from ORCA-job neb_orto_ts_products_MEP_ALL E -475.415125147424
  C       0.395883      0.432140      0.578517
  C      -0.844338     -0.011059      1.146730
  C      -1.077604     -1.374428      1.490696
  C       0.014015     -2.241913      1.496447
  C       1.304284     -1.676760      1.464938
  C       1.476770     -0.345927      1.095953
  C       0.749048      1.771755      0.008984
  H       1.099129      1.683509     -1.031109
  H       1.581185      2.215881      0.581106
  H      -0.103081      2.461842      0.024854
  H      -2.078886     -1.742166      1.706907
  H      -0.112478     -3.321717      1.601760
  H       2.132692     -2.227941      1.923561
  H       2.436682      0.143327      1.310360
  N      -1.192542      2.653539     -3.378441
  O      -2.382351      2.679371     -3.491601
  O      -0.624358      2.165537     -2.442153
  H      -2.774050     -3.264990     -4.087509
18
Coordinates from ORCA-job neb_orto_ts_products_MEP_ALL E -475.428142225556
  C       0.458395      0.511400      0.379577
  C      -0.818322      0.221084      0.946552
  C      -1.194901     -1.081034      1.353210
  C      -0.193255     -2.043504      1.511380
  C       1.143500     -1.634966      1.408419
  C       1.446034     -0.354915      0.949806
  C       0.979305      1.836344     -0.094568
  H       1.315215      1.767688     -1.139653
  H       1.863431      2.151242      0.487367
  H       0.233041      2.634862     -0.009642
  H      -2.239472     -1.351362      1.489594
  H      -0.434653     -3.088848      1.715582
  H       1.930139     -2.269561      1.832508
  H       2.462503      0.016770      1.144527
  N      -1.599682      1.912466     -2.146699
  O      -2.631666      2.299778     -2.612043
  O      -0.511617      2.298745     -2.448327
  H      -2.207997     -3.826190     -4.767593
18
Coordinates from ORCA-job neb_orto_ts_products_MEP_ALL E -475.481151080141
  C       0.533735      0.647409      0.279782
  C      -0.878747      0.379368      0.174453
  C      -1.265340     -0.782123      0.948695
  C      -0.372435     -1.791598      1.397589
  C       1.003921     -1.531075      1.363576
  C       1.415524     -0.286741      0.906620
  C       1.185899      1.942116     -0.120226
  H       1.487650      1.912689     -1.180313
  H       2.091452      2.146730      0.470337
  H       0.516808      2.805514      0.006485
  H      -2.316337     -0.956155      1.145894
  H      -0.683324     -2.806785      1.677413
  H       1.734450     -2.231546      1.787095
  H       2.461568     -0.019097      1.093099
  N      -1.514682      1.277137     -1.236393
  O      -2.658386      1.554690     -1.569192
  O      -0.716126      1.847798     -1.974303
  H      -2.025629     -4.108332     -5.170614
18
Coordinates from ORCA-job neb_orto_ts_products_MEP_ALL E -475.584234987961
  C       0.648760      0.683293      0.219253
  C      -0.766061      0.510686      0.268891
  C      -1.357168     -0.555123      0.954544
  C      -0.561644     -1.584059      1.473829
  C       0.837073     -1.472490      1.387468
  C       1.415162     -0.343821      0.821025
  C       1.351718      1.863180     -0.379691
  H       1.348797      1.811573     -1.482148
  H       2.392194      1.898146     -0.028373
  H       0.856912      2.814577     -0.129082
  H      -2.444487     -0.597975      0.994430
  H      -1.015947     -2.496186      1.864407
  H       1.476760     -2.264231      1.785432
  H       2.501742     -0.234952      0.822483
  N      -1.650571      1.318163     -0.626491
  O      -2.846498      1.270728     -0.412837
  O      -1.143201      2.022163     -1.483644
  H      -1.043539     -4.643672     -6.049495
18
Coordinates from ORCA-job neb_orto_ts_products_MEP_ALL E -475.478085577487
  C       0.619635      0.682264      0.195633
  C      -0.780616      0.596823      0.360392
  C      -1.397074     -0.468909      1.027323
  C      -0.623780     -1.508130      1.537864
  C       0.766519     -1.458404      1.393750
  C       1.365644     -0.379274      0.741556
  C       1.347632      1.808734     -0.495397
  H       1.148633      1.805338     -1.577687
  H       2.431000      1.710288     -0.331241
  H       1.021498      2.794383     -0.133832
  H      -2.481792     -0.454546      1.134378
  H      -1.101812     -2.346159      2.050653
  H       1.390145     -2.260551      1.797654
  H       2.454607     -0.347096      0.647453
  N      -1.687556      1.642589     -0.165276
  O      -2.814121      1.699262      0.300182
  O      -1.265141      2.380302     -1.044007
  H      -0.393419     -5.896914     -7.439400
