18
Coordinates from ORCA-job neb_orto_ts_products_im3
  C   0.16300095138842      0.36886182740065      0.76284980082975
  C   -0.98682055734810     -0.47653175583977      1.06050329270354
  C   -0.83815410200728     -1.91681861357465      1.14715390148276
  C   0.45774924208331     -2.42373006085804      1.12009288685049
  C   1.44441392185306     -1.54138032340137      1.63348277763024
  C   1.33730816124173     -0.18320659826225      1.35506785888930
  C   0.29970477841782      1.74653622076110      0.18212977483321
  H   0.73089558665756      1.72925000440150     -0.83173407347850
  H   0.98784592101422      2.34748085115121      0.80151508084176
  H   -0.65938623471047      2.26761510281511      0.08378141828876
  H   -1.64746190019532     -2.63850277551778      1.30432741566625
  H   0.70975099495319     -3.45674637610652      0.86916513162287
  H   2.23789551087073     -1.93671939095303      2.27868883923622
  H   2.13462419719559      0.48049464549051      1.70546085724248
  N   -0.61042149055950      2.27205242865004     -3.97100639550302
  O   -1.50016966141080      2.08994064528707     -4.73150114224385
  O   -0.29300201572144      2.13253464351095     -2.83336575715404
  H   -3.96777330372274     -0.86113047495473     -1.93661166773822
