18
Coordinates from ORCA-job neb_orto_ts_products_im1
  C   0.20536476597565      0.57019024916973      0.35856295422075
  C   -0.95897744861443     -0.26604587238213     -0.01581776686965
  C   -0.79187775360344     -1.71252337096378      0.16550255177897
  C   0.33602285584219     -2.26653459658273      0.74646425455965
  C   1.24568895524773     -1.40472956278021      1.40141062454649
  C   1.16096645167545     -0.02413684976227      1.21368498723869
  C   0.25760245102495      2.05043529636666      0.23810088162744
  H   0.93965022993841      2.34523049705145     -0.58011067298145
  H   0.65445991297395      2.53121674438460      1.14789233843102
  H   -0.71249692416214      2.50023957900125     -0.00797229109410
  H   -1.46295143914608     -2.42719377957623     -0.30940474767157
  H   0.54892116157748     -3.34070105924732      0.74369866924744
  H   1.94034428111951     -1.82056815913987      2.14099511429342
  H   1.85780120504849      0.58578909509809      1.80195064416477
  N   -0.91612262755710      0.82193656587515     -2.50950307099074
  O   -1.41135302157677      0.53953878876547     -3.55447448079348
  O   0.18410910083150      1.17811850010332     -2.39408357198382
  H   -3.07715215659535      0.13973793461879     -0.58689641772383
