18
Coordinates from ORCA-job neb_orto_ts_products_im8
  C   0.64875960711267      0.68329250883198      0.21925304989361
  C   -0.76606068268129      0.51068636231835      0.26889118828195
  C   -1.35716830734319     -0.55512279360633      0.95454404271039
  C   -0.56164420603742     -1.58405869194579      1.47382896098179
  C   0.83707274493079     -1.47248981530174      1.38746804018716
  C   1.41516167047712     -0.34382059544429      0.82102499886454
  C   1.35171750802818      1.86317969099180     -0.37969109672553
  H   1.34879675394869      1.81157280932488     -1.48214761953776
  H   2.39219424288781      1.89814599665106     -0.02837311186091
  H   0.85691176594266      2.81457707813725     -0.12908178700946
  H   -2.44448737511160     -0.59797541343408      0.99442967617521
  H   -1.01594691514365     -2.49618609662426      1.86440652643788
  H   1.47676046606854     -2.26423088390809      1.78543172004035
  H   2.50174220322252     -0.23495199831460      0.82248322500317
  N   -1.65057068485534      1.31816331312103     -0.62649137285279
  O   -2.84649846859877      1.27072769329119     -0.41283709270669
  O   -1.14320115967193      2.02216313946687     -1.48364432298665
  H   -1.04353916317580     -4.64367230355524     -6.04949502489626
