18
Coordinates from ORCA-job neb_orto_ts_products_im0
  C   0.21468751142648      0.70720461343899      0.36345429804019
  C   -0.73158972498341     -0.10673031454713     -0.45601927887792
  C   -0.66629368535556     -1.58137258184796     -0.35217648973982
  C   0.15775992679551     -2.18283246634324      0.55529747418148
  C   1.00757010346793     -1.37114001833165      1.35421039946690
  C   1.02345286538795      0.03029015669379      1.26756822979251
  C   0.23841141483518      2.18660060408558      0.25350241477354
  H   0.88390018369822      2.46682019556933     -0.60195878528337
  H   0.65171203130301      2.64980156291271      1.16044126278612
  H   -0.75225536438433      2.61030138372767      0.02879004182220
  H   -1.31501646015947     -2.15490823367349     -1.02038850690984
  H   0.18853304270986     -3.27057181941395      0.65267046298031
  H   1.68763197655960     -1.85885438500857      2.06078134186733
  H   1.69254767169828      0.59869892672385      1.91828494898198
  N   -0.81529629611780      0.28422915222337     -2.01712803490845
  O   -1.62385891496941     -0.35839964705635     -2.63036872085245
  O   -0.08798791217669      1.15803205784382     -2.40352145189592
  H   -1.75390836973532      0.19283081300329     -0.13343960622474
