18
Coordinates from ORCA-job neb_orto_ts_products_im2
  C   0.19886771075534      0.44610178793341      0.50284862287426
  C   -0.98665051439505     -0.41983790802068      0.58820989175474
  C   -0.79280916735775     -1.86148448351474      0.62531054325011
  C   0.47166348074302     -2.35915327669185      0.89801218453478
  C   1.38562455423904     -1.46066474898049      1.50698609872743
  C   1.26203979894156     -0.09301316181945      1.28220592122145
  C   0.27485794015099      1.90596063488316      0.20347295630103
  H   0.91741998881832      2.11718303948428     -0.66821183513108
  H   0.73029181231200      2.45787997068709      1.04446300343238
  H   -0.70127883681350      2.34468655135017     -0.03206554477229
  H   -1.57744549284748     -2.60225691426957      0.45261996572723
  H   0.72905452802632     -3.41749850581656      0.81105767833137
  H   2.10841093161664     -1.85081278553473      2.23323133884848
  H   1.96996252610862      0.56539128916754      1.79929571465086
  N   -0.76538696492307      1.81202627249907     -3.35720428645428
  O   -1.33141910832532      1.25386002738567     -4.24246458360429
  O   -0.11647993377759      1.26998904873434     -2.51077136423650
  H   -3.77672325327208     -0.10835683747668     -1.13699630545570
