18
Coordinates from ORCA-job neb_orto_ts_products_im9
  C   0.61963520395600      0.68226442524148      0.19563311900322
  C   -0.78061595606377      0.59682287122642      0.36039237603015
  C   -1.39707426723149     -0.46890891223893      1.02732282270493
  C   -0.62377992407955     -1.50813037092028      1.53786447166642
  C   0.76651911869567     -1.45840425786376      1.39374963137857
  C   1.36564423261156     -0.37927372898966      0.74155578426726
  C   1.34763198195289      1.80873391572369     -0.49539698998011
  H   1.14863254806247      1.80533806416424     -1.57768742132872
  H   2.43100009901447      1.71028845310856     -0.33124050209874
  H   1.02149761876287      2.79438284815569     -0.13383166113772
  H   -2.48179208039069     -0.45454609639907      1.13437847025096
  H   -1.10181234201793     -2.34615877439686      2.05065347003823
  H   1.39014450208553     -2.26055084857749      1.79765410484682
  H   2.45460698346900     -0.34709633943454      0.64745333476436
  N   -1.68755629740515      1.64258892533611     -0.16527601756265
  O   -2.81412109475037      1.69926205657058      0.30018218316654
  O   -1.26514132579258      2.38030180037648     -1.04400685451507
  H   -0.39341900087892     -5.89691403108267     -7.43940032149446
