15
Coordinates from ORCA-job opt E -362.972356793472
  C      -2.649490      1.243220     -0.000000
  C      -3.764210      0.391330     -0.000000
  C      -3.590090     -0.996320     -0.000000
  C      -2.302710     -1.544910     -0.000000
  C      -1.186080     -0.695360     -0.000000
  C      -1.359220      0.692360     -0.000000
  H      -4.766260      0.801750     -0.000000
  H      -4.456790     -1.645380     -0.000000
  H      -0.185140     -1.108260     -0.000000
  H      -0.489250      1.337100     -0.000000
  N      -2.825430      2.648810     -0.000000
  H      -3.770000      3.060930     -0.000000
  H      -2.011570      3.281020     -0.000000
  O      -2.151380     -2.884690     -0.000000
  H      -1.279040     -3.304000     -0.000000
15
Coordinates from ORCA-job opt E -362.977322717677
  C      -2.648003      1.252134      0.000000
  C      -3.757610      0.391785      0.000000
  C      -3.585379     -0.993897      0.000000
  C      -2.301592     -1.544583      0.000000
  C      -1.188890     -0.690071      0.000000
  C      -1.359620      0.695986      0.000000
  H      -4.766721      0.803009      0.000000
  H      -4.454540     -1.649752     -0.000000
  H      -0.181391     -1.107278      0.000000
  H      -0.483682      1.345013      0.000000
  N      -2.823288      2.636805     -0.000000
  H      -3.745487      3.038364     -0.000000
  H      -2.030479      3.255836     -0.000000
  O      -2.178553     -2.899452     -0.000000
  H      -1.281426     -3.256300     -0.000000
15
Coordinates from ORCA-job opt E -362.979386716136
  C      -2.647138      1.260084      0.000000
  C      -3.752094      0.389233     -0.000000
  C      -3.582360     -0.993644     -0.000000
  C      -2.301230     -1.548683     -0.000000
  C      -1.193631     -0.692544     -0.000000
  C      -1.361267      0.691797      0.000000
  H      -4.764724      0.800800      0.000000
  H      -4.450264     -1.655023      0.000000
  H      -0.183443     -1.113603     -0.000000
  H      -0.481252      1.340402      0.000000
  N      -2.820489      2.628188      0.000000
  H      -3.739432      3.029194     -0.000000
  H      -2.031243      3.246521     -0.000000
  O      -2.205032     -2.920540      0.000000
  H      -1.273061     -3.184581      0.000000
15
Coordinates from ORCA-job opt E -362.979560947193
  C      -2.647453      1.260196      0.000000
  C      -3.752985      0.388082      0.000000
  C      -3.584185     -0.993966      0.000000
  C      -2.302439     -1.551203      0.000000
  C      -1.195423     -0.697148      0.000000
  C      -1.362556      0.687315      0.000000
  H      -4.764257      0.800594      0.000000
  H      -4.450525     -1.655545      0.000000
  H      -0.186085     -1.117863     -0.000000
  H      -0.482511      1.333846      0.000000
  N      -2.819918      2.631051     -0.000000
  H      -3.742035      3.035290     -0.000000
  H      -2.027553      3.252211     -0.000000
  O      -2.204668     -2.927419     -0.000000
  H      -1.264066     -3.167839     -0.000000
15
Coordinates from ORCA-job opt E -362.979583394738
  C      -2.647529      1.259150     -0.000000
  C      -3.754321      0.387971     -0.000000
  C      -3.586233     -0.993739     -0.000000
  C      -2.304000     -1.551665     -0.000000
  C      -1.196329     -0.699659     -0.000000
  C      -1.363320      0.685158     -0.000000
  H      -4.764299      0.801767     -0.000000
  H      -4.451803     -1.655283      0.000000
  H      -0.187452     -1.119440     -0.000000
  H      -0.483425      1.330637     -0.000000
  N      -2.819412      2.632098      0.000000
  H      -3.742148      3.037743      0.000000
  H      -2.026251      3.254085      0.000000
  O      -2.201633     -2.929157      0.000000
  H      -1.258505     -3.162065      0.000000
15
Coordinates from ORCA-job opt E -362.979586355588
  C      -2.647367      1.258474      0.000000
  C      -3.754869      0.388067      0.000000
  C      -3.587186     -0.993597      0.000000
  C      -2.304945     -1.551438      0.000000
  C      -1.196619     -0.700440      0.000000
  C      -1.363469      0.684636      0.000000
  H      -4.764373      0.802774      0.000000
  H      -4.452535     -1.655393      0.000000
  H      -0.187620     -1.119602      0.000000
  H      -0.483481      1.329929      0.000000
  N      -2.819112      2.631701     -0.000000
  H      -3.741727      3.037576     -0.000000
  H      -2.026101      3.253852     -0.000000
  O      -2.200445     -2.929196     -0.000000
  H      -1.256811     -3.159742     -0.000000
15
Coordinates from ORCA-job opt E -362.979586973592
  C      -2.647195      1.258125     -0.000000
  C      -3.755048      0.388152     -0.000000
  C      -3.587576     -0.993569     -0.000000
  C      -2.305450     -1.551203     -0.000000
  C      -1.196680     -0.700688     -0.000000
  C      -1.363392      0.684557     -0.000000
  H      -4.764343      0.803459     -0.000000
  H      -4.452790     -1.655643      0.000000
  H      -0.187470     -1.119397     -0.000000
  H      -0.483307      1.329833     -0.000000
  N      -2.819006      2.631261      0.000000
  H      -3.741503      3.037076      0.000000
  H      -2.026254      3.253528      0.000000
  O      -2.200174     -2.929029      0.000000
  H      -1.256471     -3.158861      0.000000
