17
Coordinates from ORCA-job neb_ed_ts_MEP E -491.775266007893
  C      -4.141126     -0.451046      0.365030
  C      -3.925548     -1.813607      0.732735
  C      -2.646704     -2.338080      0.714702
  C      -1.551327     -1.537806      0.335966
  C      -1.754527     -0.192375     -0.027424
  C      -3.024794      0.353109     -0.016155
  H      -4.777792     -2.430885      1.025906
  H      -2.486242     -3.380667      0.996372
  H      -0.545009     -1.960538      0.324127
  H      -0.903513      0.425484     -0.320934
  H      -3.186913      1.396206     -0.297352
  N      -5.384566      0.069839      0.377322
  H      -6.186777     -0.489472      0.644707
  H      -5.553553      1.035388      0.118605
  N      15.455052      3.570264     -1.711106
  O      16.295247      4.379198     -1.715037
  O      14.318091      3.364989     -1.547463
17
Coordinates from ORCA-job neb_ed_ts_MEP E -491.774206513507
  C      -3.830162     -0.362795      0.305943
  C      -3.642409     -1.734509      0.662642
  C      -2.375100     -2.289215      0.677229
  C      -1.254131     -1.504607      0.348457
  C      -1.433756     -0.146419      0.016496
  C      -2.690875      0.426826     -0.026872
  H      -4.512736     -2.341841      0.915413
  H      -2.242859     -3.339326      0.947204
  H      -0.251424     -1.942690      0.358809
  H      -0.562801      0.483093     -0.153122
  H      -2.821224      1.478376     -0.301508
  N      -5.063654      0.180051      0.289357
  H      -5.881405     -0.372975      0.519059
  H      -5.209409      1.151952      0.036969
  N      14.049545      3.241014     -1.578341
  O      14.781833      4.148129     -1.626765
  O      12.940568      2.924935     -1.390970
17
Coordinates from ORCA-job neb_ed_ts_MEP E -491.771404188410
  C      -3.515401     -0.273340      0.244593
  C      -3.356182     -1.652847      0.591164
  C      -2.101919     -2.237267      0.638402
  C      -0.957429     -1.470747      0.358352
  C      -1.113163     -0.102388      0.053098
  C      -2.354463      0.499040     -0.041454
  H      -4.243277     -2.249245      0.802581
  H      -1.998549     -3.293733      0.896945
  H       0.040291     -1.924232      0.394781
  H      -0.235221      0.534344      0.040180
  H      -2.453044      1.558456     -0.305851
  N      -4.738352      0.291321      0.200396
  H      -5.570598     -0.254240      0.391360
  H      -4.861579      1.268521     -0.045651
  N      12.638975      2.923839     -1.448492
  O      13.229284      3.925605     -1.542506
  O      11.590626      2.456915     -1.227898
17
Coordinates from ORCA-job neb_ed_ts_MEP E -491.764923696050
  C      -3.174938     -0.176358      0.177248
  C      -3.047516     -1.561896      0.513714
  C      -1.808362     -2.177540      0.595523
  C      -0.641375     -1.432598      0.366213
  C      -0.769776     -0.056475      0.085440
  C      -1.992453      0.573837     -0.060247
  H      -3.950862     -2.146028      0.680313
  H      -1.736994     -3.239689      0.842407
  H       0.348598     -1.903900      0.434339
  H       0.087903      0.575852      0.269857
  H      -2.058019      1.641403     -0.310860
  N      -4.387556      0.411563      0.104730
  H      -5.233220     -0.125212      0.253417
  H      -4.486759      1.393168     -0.134762
  N      11.104536      2.614162     -1.316150
  O      11.530069      3.691056     -1.453760
  O      10.216724      1.918653     -1.047420
17
Coordinates from ORCA-job neb_ed_ts_MEP E -491.732852266326
  C      -2.897096     -0.096270      0.118566
  C      -2.798892     -1.487952      0.454192
  C      -1.575444     -2.129794      0.560041
  C      -0.395102     -1.381972      0.357905
  C      -0.498265     -0.008668      0.133926
  C      -1.678303      0.607959     -0.078548
  H      -3.710544     -2.058459      0.580843
  H      -1.528106     -3.193344      0.799867
  H       0.598219     -1.890393      0.469076
  H       0.318853      0.591436      0.451428
  H      -1.742224      1.711668     -0.315414
  N      -4.114763      0.507373      0.029826
  H      -4.958897     -0.019282      0.141689
  H      -4.184315      1.493712     -0.207110
  N       9.723570      2.441992     -1.201265
  O      10.179198      3.429911     -1.377504
  O       9.262111      1.482084     -0.917518
17
Coordinates from ORCA-job neb_ed_ts_MEP E -491.738084223452
  C      -2.570724      0.003995      0.050771
  C      -2.495980     -1.404865      0.379184
  C      -1.297310     -2.067978      0.519339
  C      -0.088445     -1.348958      0.371528
  C      -0.172759      0.040847      0.163914
  C      -1.326131      0.692238     -0.095753
  H      -3.423457     -1.955595      0.462406
  H      -1.275248     -3.133172      0.745479
  H       0.885113     -1.869445      0.505676
  H       0.578383      0.607389      0.676934
  H      -1.358056      1.786828     -0.319151
  N      -3.756997      0.617597     -0.063344
  H      -4.625304      0.106361      0.008865
  H      -3.818155      1.614223     -0.294056
  N       8.026941      2.153195     -1.003459
  O       8.550468      3.123396     -1.306635
  O       8.167662      1.033946     -0.801696
17
Coordinates from ORCA-job neb_ed_ts_MEP E -491.711016277239
  C      -2.259937      0.096417     -0.015952
  C      -2.214149     -1.328326      0.312404
  C      -1.041291     -2.009803      0.480666
  C       0.193007     -1.299287      0.373809
  C       0.116208      0.092086      0.222253
  C      -0.974654      0.751799     -0.109125
  H      -3.149369     -1.855945      0.350897
  H      -1.040483     -3.076011      0.695308
  H       1.153879     -1.855671      0.541902
  H       0.795716      0.607776      0.862396
  H      -1.002354      1.857556     -0.320611
  N      -3.431183      0.723174     -0.148150
  H      -4.313134      0.223367     -0.114479
  H      -3.475730      1.724833     -0.374490
  N       6.675911      1.787864     -0.870006
  O       6.945824      2.837140     -1.207120
  O       7.021741      0.723031     -0.679701
17
Coordinates from ORCA-job neb_ed_ts_MEP E -491.696322384637
  C      -1.951148      0.183263     -0.075821
  C      -1.938106     -1.246468      0.243541
  C      -0.785486     -1.950484      0.442890
  C       0.467274     -1.262728      0.389251
  C       0.403354      0.133086      0.268372
  C      -0.651845      0.817185     -0.113418
  H      -2.881406     -1.759211      0.242350
  H      -0.810816     -3.019042      0.644815
  H       1.407448     -1.844029      0.577762
  H       0.992172      0.603694      1.037236
  H      -0.656100      1.922123     -0.320225
  N      -3.113979      0.827278     -0.232433
  H      -4.003866      0.337415     -0.235048
  H      -3.140719      1.830158     -0.452336
  N       5.355479      1.451381     -0.744032
  O       5.437430      2.521836     -1.105716
  O       5.870314      0.454543     -0.567188
17
Coordinates from ORCA-job neb_ed_ts_MEP E -491.702612697571
  C      -1.624609      0.274897     -0.127400
  C      -1.649357     -1.148043      0.166780
  C      -0.507865     -1.887862      0.410340
  C       0.752327     -1.238258      0.412813
  C       0.719913      0.172835      0.313899
  C      -0.330218      0.886380     -0.113982
  H      -2.600631     -1.657926      0.126541
  H      -0.572961     -2.959645      0.591446
  H       1.663455     -1.841015      0.619378
  H       1.158016      0.581213      1.220462
  H      -0.298958      1.985469     -0.320129
  N      -2.790499      0.938967     -0.322114
  H      -3.677891      0.456992     -0.362841
  H      -2.791865      1.936427     -0.533683
  N       3.979729      1.115997     -0.622260
  O       3.937056      2.170278     -0.999824
  O       4.634358      0.213293     -0.459425
17
Coordinates from ORCA-job neb_ed_ts_MEP E -491.787405318670
  C      -1.315954      0.372612     -0.140373
  C      -1.344637     -1.041694      0.091520
  C      -0.207450     -1.813147      0.387405
  C       1.036357     -1.227322      0.442374
  C       1.125560      0.226606      0.299800
  C      -0.058463      0.980381     -0.107903
  H      -2.308091     -1.556035      0.010508
  H      -0.319701     -2.889168      0.537363
  H       1.953101     -1.790977      0.628825
  H       1.341835      0.562549      1.349848
  H       0.076369      2.039273     -0.340615
  N      -2.453144      1.048704     -0.411190
  H      -3.343443      0.574401     -0.495300
  H      -2.438830      2.041325     -0.611165
  N       2.458787      0.712893     -0.408361
  O       2.418092      1.817594     -0.881538
  O       3.379612     -0.057995     -0.351198
