17
Coordinates from ORCA-job neb_ed_ts_initial_path E   0.000000000000
  C      -4.141126     -0.451046      0.365030
  C      -3.925548     -1.813607      0.732735
  C      -2.646704     -2.338080      0.714702
  C      -1.551327     -1.537806      0.335966
  C      -1.754527     -0.192375     -0.027424
  C      -3.024794      0.353109     -0.016155
  H      -4.777792     -2.430885      1.025906
  H      -2.486242     -3.380667      0.996372
  H      -0.545009     -1.960538      0.324127
  H      -0.903513      0.425484     -0.320934
  H      -3.186913      1.396206     -0.297352
  N      -5.384566      0.069839      0.377322
  H      -6.186777     -0.489472      0.644707
  H      -5.553553      1.035388      0.118605
  N      15.455052      3.570264     -1.711106
  O      16.295247      4.379198     -1.715037
  O      14.318091      3.364989     -1.547463
17
Coordinates from ORCA-job neb_ed_ts_initial_path E   0.000000000000
  C      -3.834734     -0.362527      0.310798
  C      -3.644455     -1.732980      0.663115
  C      -2.376492     -2.288872      0.680313
  C      -1.254948     -1.511843      0.348792
  C      -1.446643     -0.157110      0.006593
  C      -2.703179      0.430804     -0.027725
  H      -4.515178     -2.342516      0.915903
  H      -2.244990     -3.339128      0.947659
  H      -0.253567     -1.945432      0.356983
  H      -0.573118      0.482165     -0.145087
  H      -2.828616      1.480014     -0.304461
  N      -5.068100      0.180546      0.290679
  H      -5.883922     -0.374996      0.520477
  H      -5.215380      1.151088      0.038188
  N      14.080649      3.233436     -1.583400
  O      14.800062      4.156122     -1.626161
  O      12.962613      2.941229     -1.392666
17
Coordinates from ORCA-job neb_ed_ts_initial_path E   0.000000000000
  C      -3.526913     -0.272885      0.255865
  C      -3.362483     -1.650920      0.592914
  C      -2.106599     -2.237358      0.645397
  C      -0.961083     -1.483823      0.361761
  C      -1.136527     -0.122215      0.023034
  C      -2.379358      0.506799     -0.040477
  H      -4.250372     -2.251683      0.804466
  H      -2.004543     -3.294429      0.898102
  H       0.034307     -1.929711      0.390386
  H      -0.258895      0.531530      0.057559
  H      -2.469535      1.560924     -0.312146
  N      -4.749741      0.291160      0.203676
  H      -5.578464     -0.259195      0.395039
  H      -4.875607      1.266146     -0.042514
  N      12.705117      2.921058     -1.456349
  O      13.283140      3.939427     -1.543428
  O      11.637557      2.485174     -1.233288
17
Coordinates from ORCA-job neb_ed_ts_initial_path E   0.000000000000
  C      -3.217335     -0.181931      0.200379
  C      -3.079548     -1.567019      0.522279
  C      -1.836968     -2.182839      0.609963
  C      -0.670349     -1.452389      0.374574
  C      -0.819362     -0.083756      0.025810
  C      -2.052940      0.580518     -0.054120
  H      -3.983146     -2.158023      0.692032
  H      -1.765015     -3.245840      0.847820
  H       0.317533     -1.913088      0.424114
  H       0.027835      0.567030      0.281549
  H      -2.109492      1.638555     -0.320238
  N      -4.429302      0.401660      0.116474
  H      -5.270158     -0.141935      0.268816
  H      -4.534127      1.380552     -0.123370
  N      11.297678      2.653104     -1.329725
  O      11.752686      3.727693     -1.467427
  O      10.372010      1.977708     -1.068930
17
Coordinates from ORCA-job neb_ed_ts_initial_path E   0.000000000000
  C      -2.906791     -0.089890      0.144417
  C      -2.796474     -1.481317      0.451387
  C      -1.568460     -2.125300      0.573954
  C      -0.383813     -1.417638      0.385893
  C      -0.494258     -0.038246      0.030743
  C      -1.724993      0.651472     -0.068879
  H      -3.714199     -2.061577      0.579305
  H      -1.527246     -3.193209      0.797067
  H       0.594735     -1.895622      0.457860
  H       0.280802      0.584545      0.509948
  H      -1.749193      1.712735     -0.328055
  N      -4.107598      0.511819      0.029403
  H      -4.959722     -0.023365      0.142520
  H      -4.191772      1.494103     -0.204065
  N       9.752920      2.451135     -1.186250
  O      10.242326      3.496782     -1.401741
  O       9.253736      1.423575     -0.913509
17
Coordinates from ORCA-job neb_ed_ts_initial_path E   0.000000000000
  C      -2.594974      0.002751      0.087944
  C      -2.512708     -1.394305      0.380168
  C      -1.300643     -2.065602      0.537267
  C      -0.100420     -1.381277      0.395076
  C      -0.165024      0.013534      0.053272
  C      -1.395751      0.720012     -0.084055
  H      -3.442931     -1.962852      0.466524
  H      -1.290464     -3.137269      0.745918
  H       0.866977     -1.877826      0.491666
  H       0.506007      0.587148      0.725130
  H      -1.388096      1.783810     -0.334501
  N      -3.784174      0.621412     -0.057471
  H      -4.646539      0.096160      0.016410
  H      -3.847991      1.606620     -0.284464
  N       8.123020      2.186987     -1.011042
  O       8.703912      3.170447     -1.321063
  O       8.269803      1.030248     -0.806780
17
Coordinates from ORCA-job neb_ed_ts_initial_path E   0.000000000000
  C      -2.277771      0.096207      0.030507
  C      -2.223994     -1.305893      0.307907
  C      -1.029613     -2.004291      0.499725
  C       0.184357     -1.344217      0.403611
  C       0.166364      0.068341      0.097428
  C      -1.061548      0.787430     -0.097485
  H      -3.165107     -1.861806      0.352548
  H      -1.050510     -3.078578      0.694006
  H       1.138279     -1.860753      0.526736
  H       0.715436      0.581045      0.920520
  H      -1.022175      1.852656     -0.338839
  N      -3.454674      0.730998     -0.145234
  H      -4.326113      0.216994     -0.110937
  H      -3.498274      1.718701     -0.365558
  N       6.639675      1.812211     -0.848281
  O       7.107391      2.842916     -1.222727
  O       7.158277      0.748041     -0.703926
17
Coordinates from ORCA-job neb_ed_ts_initial_path E   0.000000000000
  C      -1.956562      0.189730     -0.027407
  C      -1.931348     -1.216886      0.234695
  C      -0.756814     -1.942622      0.461379
  C       0.469111     -1.307623      0.413802
  C       0.493584      0.122073      0.159816
  C      -0.724530      0.853856     -0.106691
  H      -2.881611     -1.759423      0.237392
  H      -0.808311     -3.018487      0.641023
  H       1.405347     -1.848480      0.564881
  H       0.911383      0.569187      1.096293
  H      -0.654262      1.919086     -0.340434
  N      -3.120348      0.839984     -0.233679
  H      -3.999486      0.338305     -0.239217
  H      -3.144042      1.829797     -0.446974
  N       5.234147      1.435176     -0.701243
  O       5.520060      2.517974     -1.120944
  O       5.943682      0.478355     -0.592691
17
Coordinates from ORCA-job neb_ed_ts_initial_path E   0.000000000000
  C      -1.630509      0.283903     -0.086558
  C      -1.634290     -1.126823      0.159185
  C      -0.482549     -1.881018      0.421530
  C       0.754770     -1.274676      0.429332
  C       0.811584      0.170903      0.244008
  C      -0.384155      0.919589     -0.110119
  H      -2.592160     -1.654776      0.118751
  H      -0.564642     -2.957519      0.585685
  H       1.667304     -1.846761      0.610487
  H       1.090470      0.549049      1.264211
  H      -0.284772      1.983591     -0.338254
  N      -2.779746      0.949740     -0.324617
  H      -3.665265      0.461723     -0.370975
  H      -2.783415      1.941351     -0.530257
  N       3.861322      1.085292     -0.575258
  O       3.951257      2.192274     -1.021504
  O       4.664796      0.204158     -0.475648
17
Coordinates from ORCA-job neb_ed_ts_initial_path E   0.000000000000
  C      -1.315694      0.373724     -0.139853
  C      -1.345331     -1.040971      0.089531
  C      -0.208682     -1.813693      0.384170
  C       1.035503     -1.228784      0.440309
  C       1.125676      0.225335      0.300321
  C      -0.057807      0.980609     -0.106172
  H      -2.309113     -1.554534      0.007506
  H      -0.321656     -2.889904      0.532210
  H       1.951857     -1.793371      0.625860
  H       1.342058      0.559275      1.350985
  H       0.077745      2.039822     -0.336994
  N      -2.452410      1.051042     -0.409593
  H      -3.343011      0.577474     -0.494638
  H      -2.437423      2.044005     -0.607808
  N       2.459298      0.711999     -0.406836
  O       2.419380      1.817563     -0.878059
  O       3.379611     -0.059593     -0.350940
