17
Coordinates from ORCA-job neb_ed_ts_MEP_ALL E -491.775266007893
  C      -4.141126     -0.451046      0.365030
  C      -3.925548     -1.813607      0.732735
  C      -2.646704     -2.338080      0.714702
  C      -1.551327     -1.537806      0.335966
  C      -1.754527     -0.192375     -0.027424
  C      -3.024794      0.353109     -0.016155
  H      -4.777792     -2.430885      1.025906
  H      -2.486242     -3.380667      0.996372
  H      -0.545009     -1.960538      0.324127
  H      -0.903513      0.425484     -0.320934
  H      -3.186913      1.396206     -0.297352
  N      -5.384566      0.069839      0.377322
  H      -6.186777     -0.489472      0.644707
  H      -5.553553      1.035388      0.118605
  N      15.455052      3.570264     -1.711106
  O      16.295247      4.379198     -1.715037
  O      14.318091      3.364989     -1.547463
17
Coordinates from ORCA-job neb_ed_ts_MEP_ALL E -491.773414499782
  C      -3.834733     -0.362483      0.310740
  C      -3.644433     -1.733028      0.663127
  C      -2.376502     -2.288902      0.680293
  C      -1.254979     -1.511746      0.348773
  C      -1.446520     -0.156932      0.006678
  C      -2.702990      0.430687     -0.027712
  H      -4.515144     -2.342501      0.915894
  H      -2.244975     -3.339129      0.947658
  H      -0.253521     -1.945422      0.357000
  H      -0.573065      0.482144     -0.145152
  H      -2.828557      1.480027     -0.304442
  N      -5.068057      0.180505      0.290681
  H      -5.883900     -0.374974      0.520463
  H      -5.215329      1.151111      0.038173
  N      14.080340      3.233571     -1.583341
  O      14.799890      4.155996     -1.626170
  O      12.962474      2.941076     -1.392663
17
Coordinates from ORCA-job neb_ed_ts_MEP_ALL E -491.768766721558
  C      -3.526891     -0.272816      0.255743
  C      -3.362436     -1.651001      0.592932
  C      -2.106615     -2.237405      0.645353
  C      -0.961135     -1.483637      0.361683
  C      -1.136334     -0.121898      0.023329
  C      -2.379006      0.506568     -0.040485
  H      -4.250302     -2.251652      0.804447
  H      -2.004510     -3.294425      0.898101
  H       0.034393     -1.929691      0.390428
  H      -0.258774      0.531497      0.057388
  H      -2.469423      1.560948     -0.312102
  N      -4.749664      0.291096      0.203676
  H      -5.578413     -0.259151      0.395013
  H      -4.875507      1.266185     -0.042544
  N      12.704545      2.921208     -1.456264
  O      13.282727      3.939195     -1.543421
  O      11.637345      2.484978     -1.233277
17
Coordinates from ORCA-job neb_ed_ts_MEP_ALL E -491.759692795368
  C      -3.216606     -0.181682      0.200079
  C      -3.078893     -1.566926      0.522147
  C      -1.836419     -2.182770      0.609813
  C      -0.669799     -1.452050      0.374427
  C      -0.818512     -0.083293      0.026417
  C      -2.051778      0.580339     -0.054204
  H      -3.982483     -2.157777      0.691771
  H      -1.764469     -3.245719      0.847715
  H       0.318230     -1.913023      0.424256
  H       0.028586      0.567051      0.281722
  H      -2.108589      1.638747     -0.320182
  N      -4.428555      0.401829      0.116287
  H      -5.269425     -0.141625      0.268515
  H      -4.533270      1.380833     -0.123580
  N      11.293866      2.652599     -1.329379
  O      11.748686      3.726843     -1.467198
  O      10.369431      1.976624     -1.068605
17
Coordinates from ORCA-job neb_ed_ts_MEP_ALL E -491.731444048564
  C      -2.906498     -0.090107      0.144260
  C      -2.796574     -1.481189      0.451383
  C      -1.568423     -2.125317      0.573818
  C      -0.383981     -1.417264      0.385642
  C      -0.494280     -0.038179      0.031585
  C      -1.724794      0.650956     -0.068904
  H      -3.714216     -2.061573      0.579338
  H      -1.527286     -3.193237      0.797101
  H       0.594750     -1.895599      0.457955
  H       0.281059      0.584589      0.509453
  H      -1.749212      1.712751     -0.327968
  N      -4.108048      0.511905      0.029403
  H      -4.959705     -0.023326      0.142521
  H      -4.191764      1.494017     -0.204057
  N       9.752884      2.451217     -1.186074
  O      10.241531      3.495091     -1.401449
  O       9.254558      1.425264     -0.914007
17
Coordinates from ORCA-job neb_ed_ts_MEP_ALL E -491.731721437606
  C      -2.595298      0.002648      0.087709
  C      -2.513006     -1.394595      0.380304
  C      -1.301091     -2.065749      0.537189
  C      -0.100776     -1.380941      0.394775
  C      -0.165685      0.013755      0.054254
  C      -1.395495      0.719533     -0.084142
  H      -3.443166     -1.962947      0.466660
  H      -1.290705     -3.137332      0.745997
  H       0.866753     -1.877817      0.491734
  H       0.506207      0.587270      0.724358
  H      -1.388439      1.783764     -0.334370
  N      -3.784489      0.621171     -0.057357
  H      -4.646868      0.096042      0.016554
  H      -3.848296      1.606508     -0.284409
  N       8.124744      2.187228     -1.011265
  O       8.705006      3.170430     -1.321040
  O       8.270603      1.031031     -0.806952
17
Coordinates from ORCA-job neb_ed_ts_MEP_ALL E -491.708926491855
  C      -2.277680      0.096240      0.030125
  C      -2.223899     -1.306133      0.307961
  C      -1.029758     -2.004359      0.499577
  C       0.184446     -1.343798      0.403336
  C       0.165892      0.068571      0.098467
  C      -1.060742      0.787070     -0.097571
  H      -3.164965     -1.861768      0.352535
  H      -1.050421     -3.078560      0.694013
  H       1.138425     -1.860726      0.526856
  H       0.716056      0.581243      0.920028
  H      -1.022039      1.852715     -0.338695
  N      -3.454491      0.730882     -0.145236
  H      -4.326020      0.217027     -0.110956
  H      -3.498109      1.718751     -0.365623
  N       6.640122      1.812050     -0.848495
  O       7.106048      2.842834     -1.222574
  O       7.157134      0.747959     -0.703748
17
Coordinates from ORCA-job neb_ed_ts_MEP_ALL E -491.693963401097
  C      -1.956573      0.189704     -0.027805
  C      -1.931396     -1.217187      0.234786
  C      -0.757108     -1.942708      0.461233
  C       0.469124     -1.307203      0.413574
  C       0.492763      0.122190      0.160709
  C      -0.723844      0.853495     -0.106730
  H      -2.881601     -1.759433      0.237434
  H      -0.808327     -3.018495      0.641051
  H       1.405376     -1.848456      0.564980
  H       0.912006      0.569453      1.095793
  H      -0.654313      1.919127     -0.340275
  N      -3.120318      0.839832     -0.233646
  H      -3.999543      0.338274     -0.239170
  H      -3.144043      1.829796     -0.447008
  N       5.235329      1.435375     -0.701644
  O       5.519404      2.517965     -1.120785
  O       5.943066      0.478272     -0.592497
17
Coordinates from ORCA-job neb_ed_ts_MEP_ALL E -491.701136069284
  C      -1.630500      0.283830     -0.086883
  C      -1.634422     -1.127030      0.159258
  C      -0.482799     -1.881093      0.421443
  C       0.754779     -1.274337      0.429179
  C       0.810765      0.170933      0.244572
  C      -0.383655      0.919273     -0.110131
  H      -2.592230     -1.654818      0.118819
  H      -0.564708     -2.957541      0.585730
  H       1.667274     -1.846720      0.610550
  H       1.090981      0.549299      1.263836
  H      -0.284929      1.983619     -0.338113
  N      -2.779884      0.949621     -0.324581
  H      -3.665390      0.461661     -0.370894
  H      -2.783519      1.941296     -0.530272
  N       3.862474      1.085624     -0.575697
  O       3.951218      2.192020     -1.021282
  O       4.664546      0.204363     -0.475535
17
Coordinates from ORCA-job neb_ed_ts_MEP_ALL E -491.787405318670
  C      -1.315699      0.373708     -0.139854
  C      -1.345319     -1.040985      0.089546
  C      -0.208661     -1.813691      0.384192
  C       1.035518     -1.228767      0.440321
  C       1.125674      0.225351      0.300315
  C      -0.057818      0.980607     -0.106184
  H      -2.309096     -1.554560      0.007530
  H      -0.321622     -2.889902      0.532245
  H       1.951878     -1.793341      0.625876
  H       1.342055      0.559306      1.350975
  H       0.077721      2.039819     -0.337018
  N      -2.452423      1.051010     -0.409600
  H      -3.343019      0.577431     -0.494636
  H      -2.437447      2.043971     -0.607826
  N       2.459289      0.712022     -0.406850
  O       2.419357      1.817580     -0.878086
  O       3.379611     -0.059559     -0.350947
17
Coordinates from ORCA-job neb_ed_ts_MEP_ALL E -491.775266007893
  C      -4.141126     -0.451046      0.365030
  C      -3.925548     -1.813607      0.732735
  C      -2.646704     -2.338080      0.714702
  C      -1.551327     -1.537806      0.335966
  C      -1.754527     -0.192375     -0.027424
  C      -3.024794      0.353109     -0.016155
  H      -4.777792     -2.430885      1.025906
  H      -2.486242     -3.380667      0.996372
  H      -0.545009     -1.960538      0.324127
  H      -0.903513      0.425484     -0.320934
  H      -3.186913      1.396206     -0.297352
  N      -5.384566      0.069839      0.377322
  H      -6.186777     -0.489472      0.644707
  H      -5.553553      1.035388      0.118605
  N      15.455052      3.570264     -1.711106
  O      16.295247      4.379198     -1.715037
  O      14.318091      3.364989     -1.547463
17
Coordinates from ORCA-job neb_ed_ts_MEP_ALL E -491.773433565534
  C      -3.834713     -0.362359      0.310573
  C      -3.644355     -1.733158      0.663157
  C      -2.376512     -2.288983      0.680233
  C      -1.255051     -1.511470      0.348722
  C      -1.446153     -0.156431      0.006921
  C      -2.702443      0.430363     -0.027676
  H      -4.515035     -2.342455      0.915863
  H      -2.244919     -3.339131      0.947652
  H      -0.253376     -1.945390      0.357050
  H      -0.572896      0.482087     -0.145327
  H      -2.828372      1.480065     -0.304389
  N      -5.067921      0.180401      0.290679
  H      -5.883823     -0.374907      0.520419
  H      -5.215167      1.151181      0.038127
  N      14.079398      3.233933     -1.583167
  O      14.799328      4.155632     -1.626191
  O      12.962009      2.940619     -1.392646
17
Coordinates from ORCA-job neb_ed_ts_MEP_ALL E -491.768830214977
  C      -3.526790     -0.272620      0.255394
  C      -3.362276     -1.651218      0.592973
  C      -2.106628     -2.237532      0.645221
  C      -0.961245     -1.483111      0.361463
  C      -1.135750     -0.121003      0.024167
  C      -2.377983      0.505935     -0.040509
  H      -4.250077     -2.251554      0.804383
  H      -2.004393     -3.294409      0.898092
  H       0.034664     -1.929628      0.390549
  H      -0.258393      0.531413      0.056927
  H      -2.469066      1.561021     -0.311977
  N      -4.749413      0.290930      0.203664
  H      -5.578236     -0.259015      0.394924
  H      -4.875185      1.266306     -0.042635
  N      12.702776      2.921596     -1.456012
  O      13.281396      3.938526     -1.543395
  O      11.636599      2.484363     -1.233228
17
Coordinates from ORCA-job neb_ed_ts_MEP_ALL E -491.759803287313
  C      -3.215432     -0.181252      0.199391
  C      -3.077859     -1.566904      0.521977
  C      -1.835636     -2.182736      0.609490
  C      -0.669068     -1.451197      0.373982
  C      -0.817041     -0.082123      0.028123
  C      -2.049448      0.579642     -0.054399
  H      -3.981386     -2.157358      0.691358
  H      -1.763608     -3.245530      0.847564
  H       0.319395     -1.912887      0.424559
  H       0.029990      0.567066      0.281550
  H      -2.107072      1.639067     -0.320001
  N      -4.427370      0.401997      0.116007
  H      -5.268249     -0.141089      0.268027
  H      -4.531831      1.381300     -0.123940
  N      11.287556      2.651749     -1.328820
  O      11.741728      3.725113     -1.466742
  O      10.365333      1.975142     -1.068127
17
Coordinates from ORCA-job neb_ed_ts_MEP_ALL E -491.731894636513
  C      -2.906178     -0.090400      0.143717
  C      -2.796786     -1.481247      0.451461
  C      -1.568616     -2.125458      0.573507
  C      -0.384428     -1.416304      0.384929
  C      -0.494502     -0.037593      0.034008
  C      -1.723862      0.649676     -0.069078
  H      -3.714242     -2.061552      0.579422
  H      -1.527407     -3.193280      0.797195
  H       0.594772     -1.895523      0.458210
  H       0.281780      0.584708      0.508001
  H      -1.749237      1.712778     -0.327702
  N      -4.108700      0.511841      0.029446
  H      -4.959752     -0.023258      0.142546
  H      -4.191742      1.493902     -0.204077
  N       9.752886      2.451236     -1.186247
  O      10.240230      3.492521     -1.400783
  O       9.255783      1.427953     -0.914556
17
Coordinates from ORCA-job neb_ed_ts_MEP_ALL E -491.732069935006
  C      -2.595125      0.002680      0.086841
  C      -2.512876     -1.395092      0.380437
  C      -1.301434     -2.065946      0.536842
  C      -0.100815     -1.379871      0.393964
  C      -0.166411      0.014558      0.057158
  C      -1.393647      0.718433     -0.084447
  H      -3.442900     -1.962854      0.466655
  H      -1.290587     -3.137302      0.746054
  H       0.867038     -1.877727      0.492057
  H       0.507521      0.587610      0.722868
  H      -1.388146      1.783870     -0.334027
  N      -3.784252      0.620890     -0.057351
  H      -4.646708      0.096141      0.016511
  H      -3.847958      1.606590     -0.284553
  N       8.124350      2.186722     -1.011302
  O       8.702728      3.169230     -1.320653
  O       8.269221      1.032069     -0.807052
17
Coordinates from ORCA-job neb_ed_ts_MEP_ALL E -491.709462833247
  C      -2.277355      0.096351      0.029025
  C      -2.223596     -1.306774      0.308098
  C      -1.030121     -2.004530      0.499153
  C       0.184729     -1.342618      0.402573
  C       0.164619      0.069222      0.101421
  C      -1.058427      0.786083     -0.097825
  H      -3.164532     -1.861626      0.352477
  H      -1.050149     -3.078493      0.694038
  H       1.138867     -1.860645      0.527214
  H       0.717854      0.581810      0.918661
  H      -1.021583      1.852889     -0.338295
  N      -3.453914      0.730600     -0.145275
  H      -4.325701      0.217160     -0.111046
  H      -3.497574      1.718923     -0.365839
  N       6.641142      1.811494     -0.849057
  O       7.102020      2.842530     -1.222121
  O       7.153721      0.747622     -0.703202
17
Coordinates from ORCA-job neb_ed_ts_MEP_ALL E -491.694567811895
  C      -1.956593      0.189628     -0.028939
  C      -1.931544     -1.218016      0.235039
  C      -0.757937     -1.942940      0.460825
  C       0.469142     -1.306026      0.412943
  C       0.490452      0.122512      0.163239
  C      -0.721923      0.852491     -0.106851
  H      -2.881587     -1.759447      0.237554
  H      -0.808393     -3.018513      0.641143
  H       1.405443     -1.848390      0.565271
  H       0.913780      0.570213      1.094377
  H      -0.654444      1.919240     -0.339831
  N      -3.120227      0.839425     -0.233572
  H      -3.999703      0.338207     -0.239053
  H      -3.144035      1.829803     -0.447123
  N       5.238655      1.435901     -0.702759
  O       5.517570      2.517927     -1.120338
  O       5.941343      0.477984     -0.591925
17
Coordinates from ORCA-job neb_ed_ts_MEP_ALL E -491.701516272226
  C      -1.630491      0.283622     -0.087809
  C      -1.634826     -1.127609      0.159470
  C      -0.483529     -1.881301      0.421205
  C       0.754766     -1.273390      0.428754
  C       0.808434      0.171008      0.246169
  C      -0.382278      0.918385     -0.110176
  H      -2.592458     -1.654931      0.119020
  H      -0.564932     -2.957604      0.585873
  H       1.667159     -1.846607      0.610739
  H       1.092427      0.550015      1.262765
  H      -0.285386      1.983689     -0.337720
  N      -2.780287      0.949292     -0.324487
  H      -3.665764      0.461494     -0.370671
  H      -2.783825      1.941144     -0.530326
  N       3.865811      1.086557     -0.576932
  O       3.951229      2.191326     -1.020668
  O       4.663948      0.204910     -0.475206
17
Coordinates from ORCA-job neb_ed_ts_MEP_ALL E -491.787405318670
  C      -1.315709      0.373668     -0.139863
  C      -1.345291     -1.041017      0.089591
  C      -0.208612     -1.813681      0.384262
  C       1.035552     -1.228723      0.440364
  C       1.125669      0.225392      0.300303
  C      -0.057844      0.980601     -0.106221
  H      -2.309055     -1.554620      0.007597
  H      -0.321545     -2.889890      0.532356
  H       1.951928     -1.793266      0.625937
  H       1.342045      0.559392      1.350949
  H       0.077666      2.039808     -0.337096
  N      -2.452452      1.050930     -0.409631
  H      -3.343036      0.577324     -0.494646
  H      -2.437503      2.043884     -0.607895
  N       2.459269      0.712071     -0.406886
  O       2.419307      1.817610     -0.878164
  O       3.379611     -0.059484     -0.350957
17
Coordinates from ORCA-job neb_ed_ts_MEP_ALL E -491.775266007893
  C      -4.141126     -0.451046      0.365030
  C      -3.925548     -1.813607      0.732735
  C      -2.646704     -2.338080      0.714702
  C      -1.551327     -1.537806      0.335966
  C      -1.754527     -0.192375     -0.027424
  C      -3.024794      0.353109     -0.016155
  H      -4.777792     -2.430885      1.025906
  H      -2.486242     -3.380667      0.996372
  H      -0.545009     -1.960538      0.324127
  H      -0.903513      0.425484     -0.320934
  H      -3.186913      1.396206     -0.297352
  N      -5.384566      0.069839      0.377322
  H      -6.186777     -0.489472      0.644707
  H      -5.553553      1.035388      0.118605
  N      15.455052      3.570264     -1.711106
  O      16.295247      4.379198     -1.715037
  O      14.318091      3.364989     -1.547463
17
Coordinates from ORCA-job neb_ed_ts_MEP_ALL E -491.773488204325
  C      -3.833610     -0.362509      0.309500
  C      -3.643895     -1.733441      0.663126
  C      -2.376211     -2.289170      0.679597
  C      -1.254991     -1.509662      0.348479
  C      -1.443109     -0.153957      0.009080
  C      -2.699546      0.429507     -0.027615
  H      -4.514366     -2.342252      0.915694
  H      -2.244410     -3.339242      0.947596
  H      -0.252724     -1.944876      0.357436
  H      -0.570883      0.482153     -0.146871
  H      -2.826714      1.479693     -0.303770
  N      -5.067056      0.180521      0.290388
  H      -5.883257     -0.374491      0.520102
  H      -5.213804      1.151325      0.037866
  N      14.072169      3.235657     -1.581981
  O      14.795379      4.153908     -1.626352
  O      12.957029      2.936837     -1.392275
17
Coordinates from ORCA-job neb_ed_ts_MEP_ALL E -491.769011988342
  C      -3.524206     -0.272905      0.252968
  C      -3.360999     -1.651574      0.592772
  C      -2.105698     -2.237681      0.643812
  C      -0.960766     -1.479849      0.360269
  C      -1.130413     -0.116436      0.030812
  C      -2.372230      0.504180     -0.041021
  H      -4.248383     -2.250959      0.803892
  H      -2.003115     -3.294402      0.897939
  H       0.036174     -1.928601      0.391484
  H      -0.253889      0.531702      0.053428
  H      -2.465554      1.560421     -0.310643
  N      -4.747233      0.291335      0.202997
  H      -5.576644     -0.258031      0.394156
  H      -4.872178      1.266704     -0.043269
  N      12.688174      2.922374     -1.454209
  O      13.270242      3.935616     -1.543265
  O      11.626718      2.478105     -1.232122
17
Coordinates from ORCA-job neb_ed_ts_MEP_ALL E -491.760154563374
  C      -3.205036     -0.180008      0.194327
  C      -3.070134     -1.565344      0.520139
  C      -1.828590     -2.181472      0.606446
  C      -0.662197     -1.446203      0.371470
  C      -0.805000     -0.075871      0.041184
  C      -2.034789      0.578282     -0.056220
  H      -3.973334     -2.154383      0.688326
  H      -1.756809     -3.244239      0.846354
  H       0.327231     -1.911058      0.426842
  H       0.042742      0.568496      0.280184
  H      -2.094876      1.639864     -0.318063
  N      -4.417668      0.405009      0.113265
  H      -5.259433     -0.137224      0.264323
  H      -4.520544      1.384254     -0.126590
  N      11.241498      2.644065     -1.325395
  O      11.688832      3.715617     -1.463598
  O      10.328107      1.960214     -1.062994
17
Coordinates from ORCA-job neb_ed_ts_MEP_ALL E -491.732852266326
  C      -2.904969     -0.092693      0.139378
  C      -2.797700     -1.481552      0.451674
  C      -1.569340     -2.125375      0.570458
  C      -0.386013     -1.411916      0.380977
  C      -0.494549     -0.034267      0.051727
  C      -1.719123      0.644589     -0.070771
  H      -3.714352     -2.061204      0.580015
  H      -1.527854     -3.193452      0.797721
  H       0.593960     -1.893908      0.460135
  H       0.289434      0.586751      0.497351
  H      -1.748386      1.710911     -0.325012
  N      -4.109446      0.511725      0.029388
  H      -4.960721     -0.023056      0.142608
  H      -4.191063      1.493454     -0.204451
  N       9.749751      2.449998     -1.188293
  O      10.232879      3.484101     -1.397742
  O       9.257489      1.435894     -0.915164
17
Coordinates from ORCA-job neb_ed_ts_MEP_ALL E -491.733017381299
  C      -2.591397      0.000799      0.080280
  C      -2.512438     -1.396682      0.380600
  C      -1.301562     -2.066225      0.533414
  C      -0.101062     -1.374795      0.389444
  C      -0.169167      0.018441      0.078575
  C      -1.384873      0.714524     -0.087074
  H      -3.441354     -1.962282      0.466701
  H      -1.289496     -3.137190      0.746356
  H       0.868091     -1.875959      0.494407
  H       0.520021      0.591693      0.712032
  H      -1.384879      1.782969     -0.330695
  N      -3.781547      0.620882     -0.058094
  H      -4.645306      0.097013      0.016058
  H      -3.844775      1.606641     -0.285603
  N       8.115771      2.182998     -1.010853
  O       8.686351      3.165087     -1.319269
  O       8.257623      1.032085     -0.806276
17
Coordinates from ORCA-job neb_ed_ts_MEP_ALL E -491.711016277239
  C      -2.271617      0.094452      0.020880
  C      -2.222256     -1.308602      0.308074
  C      -1.029532     -2.004691      0.495147
  C       0.185640     -1.336910      0.398378
  C       0.158669      0.071927      0.123491
  C      -1.047371      0.782630     -0.100275
  H      -3.161960     -1.860741      0.352173
  H      -1.048069     -3.078161      0.694102
  H       1.141138     -1.858904      0.529862
  H       0.734080      0.587612      0.908766
  H      -1.017075      1.852702     -0.334448
  N      -3.449408      0.730988     -0.146498
  H      -4.322808      0.218481     -0.111838
  H      -3.492899      1.719440     -0.367370
  N       6.640255      1.806362     -0.851406
  O       7.073206      2.844701     -1.220704
  O       7.130007      0.738715     -0.698334
17
Coordinates from ORCA-job neb_ed_ts_MEP_ALL E -491.696322384637
  C      -1.954011      0.186512     -0.037362
  C      -1.933802     -1.221308      0.235932
  C      -0.760815     -1.943765      0.457043
  C       0.466855     -1.300426      0.409468
  C       0.476962      0.123130      0.182666
  C      -0.714278      0.848360     -0.108676
  H      -2.882487     -1.759769      0.238657
  H      -0.809168     -3.018875      0.641735
  H       1.404811     -1.846788      0.567478
  H       0.929753      0.577386      1.083874
  H      -0.654604      1.918715     -0.335523
  N      -3.119240      0.838478     -0.233817
  H      -4.000584      0.338036     -0.238189
  H      -3.143563      1.829169     -0.447852
  N       5.255800      1.437911     -0.708649
  O       5.505876      2.522928     -1.119507
  O       5.932495      0.470309     -0.587279
17
Coordinates from ORCA-job neb_ed_ts_MEP_ALL E -491.702612697571
  C      -1.628050      0.281493     -0.095453
  C      -1.637366     -1.130329      0.160303
  C      -0.486075     -1.881898      0.418753
  C       0.752799     -1.268713      0.426401
  C       0.794513      0.170670      0.258998
  C      -0.376019      0.914285     -0.111640
  H      -2.594116     -1.655427      0.120290
  H      -0.566268     -2.958058      0.586673
  H       1.666358     -1.845024      0.612381
  H       1.106382      0.556560      1.255462
  H      -0.287010      1.983324     -0.333727
  N      -2.780599      0.948148     -0.324351
  H      -3.667669      0.460872     -0.369382
  H      -2.784697      1.940284     -0.531006
  N       3.880394      1.089708     -0.583105
  O       3.947019      2.192208     -1.018870
  O       4.660404      0.201898     -0.471727
17
Coordinates from ORCA-job neb_ed_ts_MEP_ALL E -491.787405318670
  C      -1.315726      0.373567     -0.139968
  C      -1.345244     -1.041051      0.089906
  C      -0.208528     -1.813577      0.384801
  C       1.035609     -1.228546      0.440723
  C       1.125660      0.225532      0.300231
  C      -0.057889      0.980567     -0.106511
  H      -2.308985     -1.554722      0.008069
  H      -0.321411     -2.889746      0.533215
  H       1.952012     -1.792992      0.626460
  H       1.342027      0.559854      1.350777
  H       0.077572      2.039712     -0.337702
  N      -2.452501      1.050698     -0.409931
  H      -3.343065      0.577026     -0.494801
  H      -2.437598      2.043593     -0.608489
  N       2.459235      0.712062     -0.407109
  O       2.419220      1.817459     -0.878714
  O       3.379612     -0.059435     -0.350956
17
Coordinates from ORCA-job neb_ed_ts_MEP_ALL E -491.775266007893
  C      -4.141126     -0.451046      0.365030
  C      -3.925548     -1.813607      0.732735
  C      -2.646704     -2.338080      0.714702
  C      -1.551327     -1.537806      0.335966
  C      -1.754527     -0.192375     -0.027424
  C      -3.024794      0.353109     -0.016155
  H      -4.777792     -2.430885      1.025906
  H      -2.486242     -3.380667      0.996372
  H      -0.545009     -1.960538      0.324127
  H      -0.903513      0.425484     -0.320934
  H      -3.186913      1.396206     -0.297352
  N      -5.384566      0.069839      0.377322
  H      -6.186777     -0.489472      0.644707
  H      -5.553553      1.035388      0.118605
  N      15.455052      3.570264     -1.711106
  O      16.295247      4.379198     -1.715037
  O      14.318091      3.364989     -1.547463
17
Coordinates from ORCA-job neb_ed_ts_MEP_ALL E -491.773757555804
  C      -3.833103     -0.361606      0.307953
  C      -3.643153     -1.734444      0.663233
  C      -2.376115     -2.289597      0.678882
  C      -1.255200     -1.507410      0.348217
  C      -1.439731     -0.149840      0.011586
  C      -2.694973      0.427046     -0.027247
  H      -4.513487     -2.341917      0.915473
  H      -2.243839     -3.339249      0.947498
  H      -0.251723     -1.944336      0.357931
  H      -0.568601      0.482004     -0.148829
  H      -2.824810      1.479797     -0.303140
  N      -5.065595      0.179580      0.290272
  H      -5.882498     -0.373834      0.519673
  H      -5.212208      1.151965      0.037422
  N      14.063361      3.238668     -1.580433
  O      14.789818      4.150738     -1.626512
  O      12.951858      2.932434     -1.391977
17
Coordinates from ORCA-job neb_ed_ts_MEP_ALL E -491.769895745468
  C      -3.522407     -0.271416      0.249580
  C      -3.359131     -1.653152      0.592761
  C      -2.105150     -2.238269      0.642199
  C      -0.960674     -1.475612      0.358796
  C      -1.124622     -0.109013      0.038927
  C      -2.363381      0.499442     -0.041123
  H      -4.246226     -2.250099      0.803293
  H      -2.001649     -3.294157      0.897715
  H       0.038393     -1.927527      0.392697
  H      -0.248617      0.531709      0.048855
  H      -2.461477      1.560712     -0.309241
  N      -4.744089      0.289940      0.202596
  H      -5.574539     -0.256559      0.393152
  H      -4.868617      1.267953     -0.044256
  N      12.670131      2.924975     -1.451871
  O      13.255478      3.929794     -1.542922
  O      11.616576      2.471280     -1.231157
17
Coordinates from ORCA-job neb_ed_ts_MEP_ALL E -491.761858469078
  C      -3.196268     -0.177185      0.188077
  C      -3.062689     -1.565509      0.518726
  C      -1.823041     -2.181055      0.603157
  C      -0.656773     -1.439796      0.368191
  C      -0.793937     -0.066443      0.057437
  C      -2.017334      0.572753     -0.057687
  H      -3.965611     -2.151410      0.685584
  H      -1.750574     -3.242774      0.845255
  H       0.335044     -1.909240      0.429486
  H       0.056074      0.569737      0.276031
  H      -2.083200      1.641526     -0.315905
  N      -4.408393      0.405578      0.111107
  H      -5.250881     -0.133094      0.260760
  H      -4.509673      1.387739     -0.129396
  N      11.195141      2.635186     -1.321618
  O      11.635871      3.704077     -1.460024
  O      10.296242      1.949911     -1.059181
17
Coordinates from ORCA-job neb_ed_ts_MEP_ALL E -491.732852266326
  C      -2.903350     -0.094152      0.132890
  C      -2.798896     -1.483871      0.452698
  C      -1.572038     -2.126976      0.567252
  C      -0.389748     -1.402421      0.373569
  C      -0.496644     -0.026212      0.077978
  C      -1.707028      0.632608     -0.073225
  H      -3.713897     -2.060654      0.580624
  H      -1.528589     -3.193594      0.798589
  H       0.594554     -1.892825      0.462919
  H       0.298135      0.588220      0.482009
  H      -1.747493      1.710916     -0.321946
  N      -4.112132      0.509966      0.029772
  H      -4.961056     -0.022261      0.142673
  H      -4.189930      1.493145     -0.205087
  N       9.746010      2.448326     -1.192983
  O      10.220125      3.467717     -1.391484
  O       9.261979      1.452068     -0.916249
17
Coordinates from ORCA-job neb_ed_ts_MEP_ALL E -491.738084223452
  C      -2.584077      0.001987      0.070746
  C      -2.506514     -1.399090      0.379971
  C      -1.299531     -2.066660      0.528844
  C      -0.096399     -1.366493      0.383761
  C      -0.169413      0.025750      0.105930
  C      -1.365450      0.707526     -0.089892
  H      -3.434998     -1.959968      0.465080
  H      -1.284365     -3.135787      0.745977
  H       0.874152     -1.873806      0.498101
  H       0.539105      0.596688      0.701249
  H      -1.375499      1.784322     -0.327038
  N      -3.772999      0.620023     -0.059987
  H      -4.638190      0.100215      0.013456
  H      -3.835505      1.609255     -0.288505
  N       8.083493      2.172769     -1.008010
  O       8.639480      3.150941     -1.315016
  O       8.226709      1.032327     -0.804666
17
Coordinates from ORCA-job neb_ed_ts_MEP_ALL E -491.711016277239
  C      -2.267717      0.095109      0.009054
  C      -2.219474     -1.314895      0.309416
  C      -1.033111     -2.006310      0.490499
  C       0.188156     -1.324835      0.390499
  C       0.145332      0.078453      0.155225
  C      -1.023910      0.772760     -0.103146
  H      -3.157740     -1.859192      0.351695
  H      -1.045463     -3.077451      0.694475
  H       1.145392     -1.857842      0.533760
  H       0.753885      0.594057      0.893974
  H      -1.012172      1.854270     -0.330038
  N      -3.443394      0.728487     -0.147095
  H      -4.319529      0.220052     -0.112780
  H      -3.487223      1.721175     -0.369721
  N       6.650836      1.800238     -0.857214
  O       7.031490      2.842229     -1.216301
  O       7.094643      0.733695     -0.692303
17
Coordinates from ORCA-job neb_ed_ts_MEP_ALL E -491.696322384637
  C      -1.953340      0.185371     -0.049659
  C      -1.935374     -1.229478      0.238412
  C      -0.768892     -1.945977      0.452529
  C       0.466798     -1.288357      0.402981
  C       0.453142      0.126294      0.210102
  C      -0.694529      0.838305     -0.110202
  H      -2.882317     -1.759719      0.239908
  H      -0.809821     -3.018988      0.642758
  H       1.405494     -1.845883      0.570754
  H       0.949605      0.585850      1.068800
  H      -0.655382      1.919745     -0.330626
  N      -3.117809      0.834748     -0.233330
  H      -4.001881      0.337674     -0.237115
  H      -3.142942      1.829348     -0.449250
  N       5.288742      1.442577     -0.720043
  O       5.485031      2.522939     -1.115133
  O       5.913474      0.465552     -0.580885
17
Coordinates from ORCA-job neb_ed_ts_MEP_ALL E -491.702612697571
  C      -1.627433      0.279203     -0.105606
  C      -1.641637     -1.136162      0.162470
  C      -0.493422     -1.883909      0.416114
  C       0.752248     -1.258997      0.422040
  C       0.770132      0.171292      0.276431
  C      -0.361891      0.905243     -0.112386
  H      -2.596609     -1.656443      0.122447
  H      -0.568723     -2.958673      0.588275
  H       1.665066     -1.843707      0.614561
  H       1.122626      0.564510      1.244027
  H      -0.291438      1.983907     -0.329373
  N      -2.784315      0.944990     -0.323520
  H      -3.671455      0.459365     -0.367116
  H      -2.787578      1.938818     -0.531756
  N       3.914238      1.098754     -0.595806
  O       3.946192      2.185718     -1.012872
  O       4.654000      0.206091     -0.467929
17
Coordinates from ORCA-job neb_ed_ts_MEP_ALL E -491.787405318670
  C      -1.315807      0.373231     -0.140103
  C      -1.345026     -1.041288      0.090415
  C      -0.208143     -1.813445      0.385631
  C       1.035875     -1.228131      0.441255
  C       1.125622      0.225902      0.300099
  C      -0.058095      0.980507     -0.106956
  H      -2.308663     -1.555196      0.008837
  H      -0.320801     -2.889570      0.534538
  H       1.952398     -1.792304      0.627224
  H       1.341946      0.560745      1.350487
  H       0.077142      2.039574     -0.338632
  N      -2.452729      1.050004     -0.410345
  H      -3.343197      0.576110     -0.494977
  H      -2.438036      2.042813     -0.609355
  N       2.459077      0.712385     -0.407497
  O       2.418822      1.817559     -0.879604
  O       3.379615     -0.058897     -0.351017
17
Coordinates from ORCA-job neb_ed_ts_MEP_ALL E -491.775266007893
  C      -4.141126     -0.451046      0.365030
  C      -3.925548     -1.813607      0.732735
  C      -2.646704     -2.338080      0.714702
  C      -1.551327     -1.537806      0.335966
  C      -1.754527     -0.192375     -0.027424
  C      -3.024794      0.353109     -0.016155
  H      -4.777792     -2.430885      1.025906
  H      -2.486242     -3.380667      0.996372
  H      -0.545009     -1.960538      0.324127
  H      -0.903513      0.425484     -0.320934
  H      -3.186913      1.396206     -0.297352
  N      -5.384566      0.069839      0.377322
  H      -6.186777     -0.489472      0.644707
  H      -5.553553      1.035388      0.118605
  N      15.455052      3.570264     -1.711106
  O      16.295247      4.379198     -1.715037
  O      14.318091      3.364989     -1.547463
17
Coordinates from ORCA-job neb_ed_ts_MEP_ALL E -491.774039716586
  C      -3.831560     -0.362236      0.306860
  C      -3.642784     -1.734505      0.663011
  C      -2.375635     -2.289555      0.678056
  C      -1.254852     -1.505695      0.348186
  C      -1.436399     -0.147792      0.014170
  C      -2.692577      0.426771     -0.027128
  H      -4.512999     -2.341831      0.915401
  H      -2.243327     -3.339333      0.947383
  H      -0.251401     -1.943562      0.358381
  H      -0.565824      0.482419     -0.150949
  H      -2.822939      1.479086     -0.302314
  N      -5.064702      0.179957      0.289815
  H      -5.881946     -0.373407      0.519357
  H      -5.210726      1.151917      0.037196
  N      14.055606      3.239962     -1.579226
  O      14.785881      4.149417     -1.626689
  O      12.946183      2.928387     -1.391511
17
Coordinates from ORCA-job neb_ed_ts_MEP_ALL E -491.770831093554
  C      -3.518839     -0.272473      0.246946
  C      -3.357746     -1.653068      0.592131
  C      -2.103658     -2.238006      0.640326
  C      -0.959476     -1.472603      0.358131
  C      -1.118442     -0.105133      0.046528
  C      -2.358373      0.498857     -0.041513
  H      -4.244618     -2.249609      0.802884
  H      -2.000138     -3.294035      0.897408
  H       0.039562     -1.925980      0.393772
  H      -0.242260      0.532758      0.044415
  H      -2.457242      1.559569     -0.307510
  N      -4.741449      0.290857      0.201537
  H      -5.572663     -0.255441      0.392277
  H      -4.865070      1.268131     -0.044926
  N      12.653584      2.924443     -1.449958
  O      13.242766      3.927781     -1.542803
  O      11.604061      2.463953     -1.229645
17
Coordinates from ORCA-job neb_ed_ts_MEP_ALL E -491.763697492890
  C      -3.185601     -0.176975      0.182560
  C      -3.055337     -1.563750      0.516472
  C      -1.815922     -2.179505      0.599418
  C      -0.649667     -1.435465      0.366463
  C      -0.781559     -0.060949      0.072298
  C      -2.004372      0.572784     -0.059359
  H      -3.958189     -2.148687      0.682918
  H      -1.743942     -3.241373      0.843960
  H       0.341932     -1.906707      0.431947
  H       0.071334      0.572400      0.272687
  H      -2.070771      1.641415     -0.313337
  N      -4.398374      0.408864      0.108021
  H      -5.242347     -0.129281      0.257173
  H      -4.498360      1.390263     -0.131999
  N      11.151869      2.627121     -1.319228
  O      11.582992      3.696031     -1.456795
  O      10.256313      1.933815     -1.053197
17
Coordinates from ORCA-job neb_ed_ts_MEP_ALL E -491.732852266326
  C      -2.900810     -0.095341      0.126008
  C      -2.799369     -1.485988      0.453546
  C      -1.574134     -2.128444      0.563807
  C      -0.392841     -1.392497      0.365917
  C      -0.497936     -0.017734      0.105217
  C      -1.693573      0.620456     -0.075801
  H      -3.712712     -2.059741      0.580920
  H      -1.528751     -3.193563      0.799309
  H       0.595891     -1.891670      0.465874
  H       0.307826      0.589763      0.466738
  H      -1.745523      1.711161     -0.318764
  N      -4.113974      0.508530      0.029936
  H      -4.960525     -0.021003      0.142394
  H      -4.187764      1.493232     -0.205950
  N       9.737707      2.445674     -1.197325
  O      10.202710      3.449740     -1.384779
  O       9.263779      1.467424     -0.917047
17
Coordinates from ORCA-job neb_ed_ts_MEP_ALL E -491.738084223452
  C      -2.577175      0.003076      0.060959
  C      -2.501026     -1.401766      0.379485
  C      -1.298089     -2.067221      0.524170
  C      -0.092186     -1.357930      0.377827
  C      -0.170536      0.033180      0.134219
  C      -1.345940      0.700163     -0.092773
  H      -3.429039     -1.957714      0.463637
  H      -1.279628     -3.134439      0.745676
  H       0.879819     -1.871650      0.501840
  H       0.558484      0.601886      0.689648
  H      -1.366539      1.785618     -0.323212
  N      -3.764810      0.618979     -0.061744
  H      -4.631511      0.103364      0.011049
  H      -3.826618      1.611809     -0.291319
  N       8.053798      2.162784     -1.005520
  O       8.594240      3.137010     -1.310810
  O       8.196757      1.032851     -0.803132
17
Coordinates from ORCA-job neb_ed_ts_MEP_ALL E -491.711016277239
  C      -2.263819      0.095787     -0.003161
  C      -2.216771     -1.321411      0.310840
  C      -1.036999     -2.007992      0.485693
  C       0.190612     -1.312360      0.382354
  C       0.131294      0.085138      0.187979
  C      -0.999772      0.762549     -0.106086
  H      -3.153555     -1.857572      0.351259
  H      -1.042949     -3.076727      0.694867
  H       1.149625     -1.856778      0.537754
  H       0.774334      0.600734      0.878615
  H      -1.007247      1.855890     -0.325451
  N      -3.437320      0.725929     -0.147653
  H      -4.316293      0.221711     -0.113669
  H      -3.481490      1.722996     -0.372088
  N       6.662546      1.794020     -0.863357
  O       6.989149      2.839654     -1.211783
  O       7.058655      0.728433     -0.686114
17
Coordinates from ORCA-job neb_ed_ts_MEP_ALL E -491.696322384637
  C      -1.952418      0.184302     -0.062406
  C      -1.936835     -1.237816      0.240937
  C      -0.777109     -1.948204      0.447836
  C       0.466904     -1.275862      0.396277
  C       0.428714      0.129584      0.238517
  C      -0.673853      0.827967     -0.111777
  H      -2.881995     -1.759524      0.241138
  H      -0.810408     -3.019044      0.643779
  H       1.406334     -1.844980      0.574159
  H       0.970287      0.594567      1.053324
  H      -0.655895      1.920873     -0.325553
  N      -3.116086      0.831045     -0.232865
  H      -4.002995      0.337484     -0.236065
  H      -3.142016      1.829689     -0.450729
  N       5.321919      1.447036     -0.731778
  O       5.462485      2.522576     -1.110564
  O       5.892967      0.460306     -0.574230
17
Coordinates from ORCA-job neb_ed_ts_MEP_ALL E -491.702612697571
  C      -1.626338      0.277016     -0.116191
  C      -1.645663     -1.142038      0.164624
  C      -0.500698     -1.885891      0.413327
  C       0.752043     -1.248909      0.417534
  C       0.745356      0.171995      0.294624
  C      -0.346749      0.895983     -0.113164
  H      -2.598821     -1.657270      0.124532
  H      -0.570996     -2.959205      0.589860
  H       1.664054     -1.842390      0.616873
  H       1.139723      0.572679      1.232402
  H      -0.295439      1.984610     -0.324862
  N      -2.787639      0.941949     -0.322767
  H      -3.674888      0.458085     -0.364931
  H      -2.789992      1.937543     -0.532632
  N       3.947376      1.107494     -0.608797
  O       3.943123      2.178471     -1.006569
  O       4.645547      0.209876     -0.463862
17
Coordinates from ORCA-job neb_ed_ts_MEP_ALL E -491.787405318670
  C      -1.315880      0.372923     -0.140238
  C      -1.344832     -1.041493      0.090948
  C      -0.207798     -1.813301      0.386493
  C       1.036114     -1.227733      0.441802
  C       1.125589      0.226250      0.299957
  C      -0.058278      0.980446     -0.107416
  H      -2.308377     -1.555617      0.009642
  H      -0.320252     -2.889377      0.535910
  H       1.952748     -1.791649      0.628008
  H       1.341885      0.561629      1.350180
  H       0.076756      2.039429     -0.339595
  N      -2.452935      1.049360     -0.410763
  H      -3.343318      0.575262     -0.495143
  H      -2.438431      2.042077     -0.610242
  N       2.458933      0.712645     -0.407910
  O       2.418460      1.817590     -0.880537
  O       3.379615     -0.058440     -0.351095
17
Coordinates from ORCA-job neb_ed_ts_MEP_ALL E -491.775266007893
  C      -4.141126     -0.451046      0.365030
  C      -3.925548     -1.813607      0.732735
  C      -2.646704     -2.338080      0.714702
  C      -1.551327     -1.537806      0.335966
  C      -1.754527     -0.192375     -0.027424
  C      -3.024794      0.353109     -0.016155
  H      -4.777792     -2.430885      1.025906
  H      -2.486242     -3.380667      0.996372
  H      -0.545009     -1.960538      0.324127
  H      -0.903513      0.425484     -0.320934
  H      -3.186913      1.396206     -0.297352
  N      -5.384566      0.069839      0.377322
  H      -6.186777     -0.489472      0.644707
  H      -5.553553      1.035388      0.118605
  N      15.455052      3.570264     -1.711106
  O      16.295247      4.379198     -1.715037
  O      14.318091      3.364989     -1.547463
17
Coordinates from ORCA-job neb_ed_ts_MEP_ALL E -491.774206513507
  C      -3.830162     -0.362795      0.305943
  C      -3.642409     -1.734509      0.662642
  C      -2.375100     -2.289215      0.677229
  C      -1.254131     -1.504607      0.348457
  C      -1.433756     -0.146419      0.016496
  C      -2.690875      0.426826     -0.026872
  H      -4.512736     -2.341841      0.915413
  H      -2.242859     -3.339326      0.947204
  H      -0.251424     -1.942690      0.358809
  H      -0.562801      0.483093     -0.153122
  H      -2.821224      1.478376     -0.301508
  N      -5.063654      0.180051      0.289357
  H      -5.881405     -0.372975      0.519059
  H      -5.209409      1.151952      0.036969
  N      14.049545      3.241014     -1.578341
  O      14.781833      4.148129     -1.626765
  O      12.940568      2.924935     -1.390970
17
Coordinates from ORCA-job neb_ed_ts_MEP_ALL E -491.771404188410
  C      -3.515401     -0.273340      0.244593
  C      -3.356182     -1.652847      0.591164
  C      -2.101919     -2.237267      0.638402
  C      -0.957429     -1.470747      0.358352
  C      -1.113163     -0.102388      0.053098
  C      -2.354463      0.499040     -0.041454
  H      -4.243277     -2.249245      0.802581
  H      -1.998549     -3.293733      0.896945
  H       0.040291     -1.924232      0.394781
  H      -0.235221      0.534344      0.040180
  H      -2.453044      1.558456     -0.305851
  N      -4.738352      0.291321      0.200396
  H      -5.570598     -0.254240      0.391360
  H      -4.861579      1.268521     -0.045651
  N      12.638975      2.923839     -1.448492
  O      13.229284      3.925605     -1.542506
  O      11.590626      2.456915     -1.227898
17
Coordinates from ORCA-job neb_ed_ts_MEP_ALL E -491.764923696050
  C      -3.174938     -0.176358      0.177248
  C      -3.047516     -1.561896      0.513714
  C      -1.808362     -2.177540      0.595523
  C      -0.641375     -1.432598      0.366213
  C      -0.769776     -0.056475      0.085440
  C      -1.992453      0.573837     -0.060247
  H      -3.950862     -2.146028      0.680313
  H      -1.736994     -3.239689      0.842407
  H       0.348598     -1.903900      0.434339
  H       0.087903      0.575852      0.269857
  H      -2.058019      1.641403     -0.310860
  N      -4.387556      0.411563      0.104730
  H      -5.233220     -0.125212      0.253417
  H      -4.486759      1.393168     -0.134762
  N      11.104536      2.614162     -1.316150
  O      11.530069      3.691056     -1.453760
  O      10.216724      1.918653     -1.047420
17
Coordinates from ORCA-job neb_ed_ts_MEP_ALL E -491.732852266326
  C      -2.897096     -0.096270      0.118566
  C      -2.798892     -1.487952      0.454192
  C      -1.575444     -2.129794      0.560041
  C      -0.395102     -1.381972      0.357905
  C      -0.498265     -0.008668      0.133926
  C      -1.678303      0.607959     -0.078548
  H      -3.710544     -2.058459      0.580843
  H      -1.528106     -3.193344      0.799867
  H       0.598219     -1.890393      0.469076
  H       0.318853      0.591436      0.451428
  H      -1.742224      1.711668     -0.315414
  N      -4.114763      0.507373      0.029826
  H      -4.958897     -0.019282      0.141689
  H      -4.184315      1.493712     -0.207110
  N       9.723570      2.441992     -1.201265
  O      10.179198      3.429911     -1.377504
  O       9.262111      1.482084     -0.917518
17
Coordinates from ORCA-job neb_ed_ts_MEP_ALL E -491.738084223452
  C      -2.570724      0.003995      0.050771
  C      -2.495980     -1.404865      0.379184
  C      -1.297310     -2.067978      0.519339
  C      -0.088445     -1.348958      0.371528
  C      -0.172759      0.040847      0.163914
  C      -1.326131      0.692238     -0.095753
  H      -3.423457     -1.955595      0.462406
  H      -1.275248     -3.133172      0.745479
  H       0.885113     -1.869445      0.505676
  H       0.578383      0.607389      0.676934
  H      -1.358056      1.786828     -0.319151
  N      -3.756997      0.617597     -0.063344
  H      -4.625304      0.106361      0.008865
  H      -3.818155      1.614223     -0.294056
  N       8.026941      2.153195     -1.003459
  O       8.550468      3.123396     -1.306635
  O       8.167662      1.033946     -0.801696
17
Coordinates from ORCA-job neb_ed_ts_MEP_ALL E -491.711016277239
  C      -2.259937      0.096417     -0.015952
  C      -2.214149     -1.328326      0.312404
  C      -1.041291     -2.009803      0.480666
  C       0.193007     -1.299287      0.373809
  C       0.116208      0.092086      0.222253
  C      -0.974654      0.751799     -0.109125
  H      -3.149369     -1.855945      0.350897
  H      -1.040483     -3.076011      0.695308
  H       1.153879     -1.855671      0.541902
  H       0.795716      0.607776      0.862396
  H      -1.002354      1.857556     -0.320611
  N      -3.431183      0.723174     -0.148150
  H      -4.313134      0.223367     -0.114479
  H      -3.475730      1.724833     -0.374490
  N       6.675911      1.787864     -0.870006
  O       6.945824      2.837140     -1.207120
  O       7.021741      0.723031     -0.679701
17
Coordinates from ORCA-job neb_ed_ts_MEP_ALL E -491.696322384637
  C      -1.951148      0.183263     -0.075821
  C      -1.938106     -1.246468      0.243541
  C      -0.785486     -1.950484      0.442890
  C       0.467274     -1.262728      0.389251
  C       0.403354      0.133086      0.268372
  C      -0.651845      0.817185     -0.113418
  H      -2.881406     -1.759211      0.242350
  H      -0.810816     -3.019042      0.644815
  H       1.407448     -1.844029      0.577762
  H       0.992172      0.603694      1.037236
  H      -0.656100      1.922123     -0.320225
  N      -3.113979      0.827278     -0.232433
  H      -4.003866      0.337415     -0.235048
  H      -3.140719      1.830158     -0.452336
  N       5.355479      1.451381     -0.744032
  O       5.437430      2.521836     -1.105716
  O       5.870314      0.454543     -0.567188
17
Coordinates from ORCA-job neb_ed_ts_MEP_ALL E -491.702612697571
  C      -1.624609      0.274897     -0.127400
  C      -1.649357     -1.148043      0.166780
  C      -0.507865     -1.887862      0.410340
  C       0.752327     -1.238258      0.412813
  C       0.719913      0.172835      0.313899
  C      -0.330218      0.886380     -0.113982
  H      -2.600631     -1.657926      0.126541
  H      -0.572961     -2.959645      0.591446
  H       1.663455     -1.841015      0.619378
  H       1.158016      0.581213      1.220462
  H      -0.298958      1.985469     -0.320129
  N      -2.790499      0.938967     -0.322114
  H      -3.677891      0.456992     -0.362841
  H      -2.791865      1.936427     -0.533683
  N       3.979729      1.115997     -0.622260
  O       3.937056      2.170278     -0.999824
  O       4.634358      0.213293     -0.459425
17
Coordinates from ORCA-job neb_ed_ts_MEP_ALL E -491.787405318670
  C      -1.315954      0.372612     -0.140373
  C      -1.344637     -1.041694      0.091520
  C      -0.207450     -1.813147      0.387405
  C       1.036357     -1.227322      0.442374
  C       1.125560      0.226606      0.299800
  C      -0.058463      0.980381     -0.107903
  H      -2.308091     -1.556035      0.010508
  H      -0.319701     -2.889168      0.537363
  H       1.953101     -1.790977      0.628825
  H       1.341835      0.562549      1.349848
  H       0.076369      2.039273     -0.340615
  N      -2.453144      1.048704     -0.411190
  H      -3.343443      0.574401     -0.495300
  H      -2.438830      2.041325     -0.611165
  N       2.458787      0.712893     -0.408361
  O       2.418092      1.817594     -0.881538
  O       3.379612     -0.057995     -0.351198
