17
Coordinates from ORCA-job opt E -491.538705365949
  C      -2.590968      1.357076     -1.296371
  C      -3.507476      0.372408     -1.804575
  C      -3.452367     -0.938359     -1.381605
  C      -2.488175     -1.339806     -0.434438
  C      -1.575524     -0.403938      0.084346
  C      -1.615631      0.915210     -0.328272
  H      -4.251952      0.691259     -2.538002
  H      -4.159495     -1.667386     -1.782782
  H      -2.444374     -2.377900     -0.098892
  H      -0.821789     -0.693006      0.817474
  H       8.829763     -2.559705     16.908958
  N      -2.666775      2.615838     -1.722504
  H      -3.366826      2.891675     -2.405141
  H      -1.995831      3.289827     -1.337554
  N      -0.630514      1.844536      0.255705
  O      -0.665197      3.018056     -0.112656
  O       0.153102      1.397864      1.062158
17
Coordinates from ORCA-job opt E -491.541647171446
  C      -2.588443      1.362704     -1.293975
  C      -3.488220      0.382257     -1.790410
  C      -3.432663     -0.929200     -1.368342
  C      -2.479797     -1.341373     -0.427335
  C      -1.586191     -0.414473      0.079613
  C      -1.628802      0.913891     -0.336677
  H      -4.232208      0.699388     -2.523779
  H      -4.141216     -1.654380     -1.773555
  H      -2.436849     -2.378658     -0.093832
  H      -0.833697     -0.700962      0.811975
  H       8.823331     -2.554738     16.896883
  N      -2.671289      2.631477     -1.729154
  H      -3.369159      2.893960     -2.407429
  H      -2.013958      3.305715     -1.356003
  N      -0.648081      1.823337      0.247616
  O      -0.658803      2.997847     -0.101695
  O       0.136013      1.376858      1.051952
17
Coordinates from ORCA-job opt E -491.541919830445
  C      -2.582445      1.364821     -1.287517
  C      -3.479472      0.389569     -1.784405
  C      -3.428931     -0.923657     -1.369555
  C      -2.480204     -1.348596     -0.430612
  C      -1.590539     -0.427083      0.075339
  C      -1.631909      0.908242     -0.338459
  H      -4.223511      0.709724     -2.516889
  H      -4.141863     -1.641298     -1.781588
  H      -2.441628     -2.387719     -0.102812
  H      -0.836982     -0.711762      0.806900
  H       8.812888     -2.533410     16.874005
  N      -2.664527      2.640550     -1.720038
  H      -3.364178      2.900120     -2.398209
  H      -2.008523      3.316571     -1.348871
  N      -0.655204      1.808771      0.247777
  O      -0.665473      2.985435     -0.092633
  O       0.132473      1.363371      1.053416
17
Coordinates from ORCA-job opt E -491.541962282255
  C      -2.578352      1.366104     -1.280821
  C      -3.474388      0.389556     -1.779299
  C      -3.424891     -0.923167     -1.366026
  C      -2.477079     -1.350162     -0.425142
  C      -1.588814     -0.428320      0.082548
  C      -1.629318      0.909355     -0.330397
  H      -4.218148      0.708004     -2.512983
  H      -4.138132     -1.638761     -1.781192
  H      -2.439912     -2.389786     -0.098933
  H      -0.835404     -0.711006      0.815226
  H       8.760664     -2.516557     16.787491
  N      -2.664562      2.640921     -1.716825
  H      -3.365437      2.892399     -2.397014
  H      -2.012386      3.321860     -1.348584
  N      -0.650104      1.804935      0.257641
  O      -0.651989      2.982293     -0.082023
  O       0.138220      1.355980      1.062182
17
Coordinates from ORCA-job opt E -491.541989124885
  C      -2.573096      1.365703     -1.273593
  C      -3.470970      0.390325     -1.774419
  C      -3.423187     -0.922755     -1.363750
  C      -2.475304     -1.352924     -0.422566
  C      -1.585946     -0.432395      0.086821
  C      -1.624949      0.906561     -0.324244
  H      -4.214801      0.709519     -2.507741
  H      -4.137744     -1.635690     -1.781122
  H      -2.440192     -2.393299     -0.098649
  H      -0.832054     -0.713876      0.819550
  H       8.707313     -2.494159     16.699340
  N      -2.658235      2.640864     -1.707510
  H      -3.359101      2.891301     -2.387958
  H      -2.005585      3.321585     -1.339743
  N      -0.646443      1.801252      0.264691
  O      -0.652256      2.979703     -0.072107
  O       0.142520      1.351933      1.068852
17
Coordinates from ORCA-job opt E -491.542005123212
  C      -2.568556      1.365090     -1.267355
  C      -3.466925      0.390497     -1.770146
  C      -3.420292     -0.922748     -1.360461
  C      -2.473206     -1.354392     -0.418565
  C      -1.583644     -0.435097      0.091878
  C      -1.621487      0.904369     -0.317899
  H      -4.210350      0.709950     -2.503741
  H      -4.135255     -1.634347     -1.779342
  H      -2.439636     -2.395220     -0.095923
  H      -0.829395     -0.715370      0.824751
  H       8.653943     -2.474064     16.610562
  N      -2.653203      2.640348     -1.699650
  H      -3.353402      2.889968     -2.381253
  H      -2.000734      3.321053     -1.331285
  N      -0.643506      1.798460      0.272333
  O      -0.649804      2.977160     -0.063716
  O       0.145422      1.347991      1.075661
17
Coordinates from ORCA-job opt E -491.542018862337
  C      -2.564735      1.364386     -1.261480
  C      -3.463360      0.390322     -1.765071
  C      -3.417161     -0.923130     -1.355943
  C      -2.470393     -1.355615     -0.414128
  C      -1.580770     -0.437115      0.096807
  C      -1.617931      0.902570     -0.312191
  H      -4.206704      0.709983     -2.498640
  H      -4.132397     -1.634096     -1.775425
  H      -2.437691     -2.396751     -0.092338
  H      -0.826118     -0.716438      0.829656
  H       8.599470     -2.455510     16.521861
  N      -2.649127      2.639740     -1.693012
  H      -3.348665      2.888888     -2.375494
  H      -1.996412      3.320212     -1.324685
  N      -0.639833      1.796147      0.278961
  O      -0.646969      2.975434     -0.054846
  O       0.148765      1.344624      1.081819
17
Coordinates from ORCA-job opt E -491.542032515972
  C      -2.561043      1.363610     -1.255868
  C      -3.459613      0.390088     -1.760336
  C      -3.413959     -0.923649     -1.351587
  C      -2.467860     -1.356920     -0.409698
  C      -1.578145     -0.439074      0.101775
  C      -1.614825      0.900746     -0.306452
  H      -4.202637      0.710152     -2.494043
  H      -4.129289     -1.634192     -1.771643
  H      -2.435952     -2.398335     -0.088685
  H      -0.822886     -0.717412      0.834391
  H       8.545504     -2.436668     16.433026
  N      -2.644968      2.639373     -1.686355
  H      -3.343133      2.888692     -2.370141
  H      -1.992062      3.319269     -1.317395
  N      -0.636884      1.793796      0.286302
  O      -0.643454      2.973375     -0.046192
  O       0.151176      1.340799      1.088752
17
Coordinates from ORCA-job opt E -491.542045660570
  C      -2.557634      1.362748     -1.250344
  C      -3.456277      0.389673     -1.755063
  C      -3.410889     -0.924332     -1.346715
  C      -2.464929     -1.358309     -0.405213
  C      -1.574923     -0.440792      0.106488
  C      -1.611485      0.899111     -0.301212
  H      -4.199292      0.710288     -2.488543
  H      -4.126405     -1.634648     -1.766852
  H      -2.433292     -2.399913     -0.084790
  H      -0.818937     -0.718528      0.838571
  H       8.490736     -2.418334     16.344393
  N      -2.641197      2.638989     -1.679936
  H      -3.338263      2.889024     -2.364574
  H      -1.987769      3.318170     -1.310606
  N      -0.633534      1.791595      0.292862
  O      -0.639609      2.971504     -0.038163
  O       0.153670      1.337405      1.095546
17
Coordinates from ORCA-job opt E -491.542058373016
  C      -2.554225      1.361816     -1.244837
  C      -3.453064      0.389032     -1.749560
  C      -3.407837     -0.925121     -1.341558
  C      -2.461733     -1.359649     -0.400459
  C      -1.571397     -0.442277      0.111271
  C      -1.608037      0.897743     -0.296036
  H      -4.196166      0.710137     -2.482745
  H      -4.123548     -1.635285     -1.761628
  H      -2.429996     -2.401350     -0.080389
  H      -0.814763     -0.719833      0.842726
  H       8.435583     -2.400716     16.255795
  N      -2.637472      2.638382     -1.673806
  H      -3.333926      2.889245     -2.358748
  H      -1.983511      3.316983     -1.304339
  N      -0.630293      1.789810      0.299120
  O      -0.635575      2.969813     -0.031457
  O       0.155929      1.334919      1.102500
17
Coordinates from ORCA-job opt E -491.542071005403
  C      -2.550808      1.360886     -1.239204
  C      -3.449992      0.388356     -1.743808
  C      -3.404831     -0.925903     -1.336237
  C      -2.458329     -1.360958     -0.395688
  C      -1.567642     -0.443754      0.115961
  C      -1.604383      0.896448     -0.290905
  H      -4.193324      0.709939     -2.476557
  H      -4.120812     -1.635882     -1.756156
  H      -2.426303     -2.402739     -0.075940
  H      -0.810420     -0.721473      0.846719
  H       8.379955     -2.383320     16.167319
  N      -2.633895      2.637671     -1.667617
  H      -3.330281      2.889352     -2.352329
  H      -1.979412      3.315836     -1.298243
  N      -0.626772      1.788142      0.304956
  O      -0.631178      2.968117     -0.025709
  O       0.158396      1.332931      1.109291
17
Coordinates from ORCA-job opt E -491.542083773928
  C      -2.547478      1.359992     -1.233268
  C      -3.447356      0.387847     -1.737528
  C      -3.402085     -0.926573     -1.330788
  C      -2.454652     -1.362384     -0.391360
  C      -1.563452     -0.445484      0.120117
  C      -1.600427      0.895064     -0.285934
  H      -4.191229      0.710153     -2.469412
  H      -4.118537     -1.636263     -1.750396
  H      -2.421974     -2.404301     -0.072151
  H      -0.805485     -0.723969      0.849789
  H       8.323595     -2.365520     16.079181
  N      -2.630513      2.636983     -1.660971
  H      -3.327507      2.889844     -2.344643
  H      -1.975208      3.314642     -1.292071
  N      -0.622841      1.786345      0.310363
  O      -0.625772      2.966050     -0.021335
  O       0.160891      1.331225      1.116257
17
Coordinates from ORCA-job opt E -491.542096594860
  C      -2.544098      1.359166     -1.227270
  C      -3.444578      0.387426     -1.731400
  C      -3.399261     -0.927190     -1.325512
  C      -2.451119     -1.363775     -0.387038
  C      -1.559465     -0.447261      0.124394
  C      -1.596556      0.893622     -0.280787
  H      -4.188888      0.710390     -2.462555
  H      -4.116124     -1.636532     -1.744999
  H      -2.418028     -2.405869     -0.068475
  H      -0.800825     -0.726335      0.853131
  H       8.267464     -2.347499     15.990965
  N      -2.627085      2.636365     -1.654253
  H      -3.324586      2.890129     -2.337078
  H      -1.971016      3.313563     -1.285835
  N      -0.618895      1.784396      0.315939
  O      -0.620612      2.963954     -0.016333
  O       0.163643      1.329100      1.122956
17
Coordinates from ORCA-job opt E -491.542097261583
  C      -2.544164      1.359506     -1.226090
  C      -3.445308      0.388531     -1.730447
  C      -3.399780     -0.926587     -1.325925
  C      -2.450997     -1.364075     -0.388776
  C      -1.558964     -0.448462      0.122978
  C      -1.595957      0.892777     -0.280665
  H      -4.190165      0.712142     -2.460736
  H      -4.117084     -1.635321     -1.745697
  H      -2.418081     -2.406609     -0.071558
  H      -0.800161     -0.728790      0.851111
  H       8.266108     -2.344651     15.991795
  N      -2.627482      2.636944     -1.652115
  H      -3.326651      2.890842     -2.333191
  H      -1.970715      3.313879     -1.284547
  N      -0.617432      1.783161      0.315358
  O      -0.618251      2.962442     -0.017863
  O       0.165053      1.327919      1.122220
