17
Coordinates from ORCA-job opt E -491.659218123319
  C      -2.936424      1.524486     -1.008354
  C      -3.263844      0.318636     -1.718195
  C      -2.636383     -0.869392     -1.382489
  C      -1.666717     -0.910539     -0.366396
  C      -1.349645      0.278102      0.312944
  C      -1.950549      1.484194      0.029853
  H      -4.016259      0.352149     -2.498445
  H      -2.891854     -1.782478     -1.912197
  H      -1.159858     -1.836711     -0.085789
  H       6.765260     -0.608919     11.727253
  H      -1.658985      2.365953      0.609807
  N      -3.544177      2.681669     -1.316295
  H      -4.248930      2.734894     -2.045937
  H      -3.317089      3.543016     -0.824947
  N      -0.325058      0.225478      1.402435
  O      -0.052963      1.266285      1.960711
  O       0.156965     -0.866483      1.637252
17
Coordinates from ORCA-job opt E -491.659453680655
  C      -2.933595      1.523641     -1.003352
  C      -3.267427      0.321942     -1.711924
  C      -2.639129     -0.866826     -1.389935
  C      -1.671552     -0.915925     -0.368787
  C      -1.355386      0.269062      0.315858
  C      -1.950681      1.477111      0.034543
  H      -4.018646      0.361944     -2.503980
  H      -2.894432     -1.779668     -1.932181
  H      -1.163378     -1.841138     -0.095412
  H       6.779691     -0.590777     11.743070
  H      -1.656908      2.358454      0.607507
  N      -3.534551      2.683588     -1.308465
  H      -4.237504      2.741348     -2.039811
  H      -3.304674      3.541939     -0.815599
  N      -0.332328      0.219543      1.399434
  O      -0.075205      1.264577      1.960853
  O       0.159195     -0.868474      1.629390
17
Coordinates from ORCA-job opt E -491.659489667607
  C      -2.935650      1.523964     -1.006424
  C      -3.269929      0.323641     -1.714891
  C      -2.644189     -0.865909     -1.395693
  C      -1.675226     -0.917270     -0.373971
  C      -1.358917      0.266379      0.312390
  C      -1.952883      1.475480      0.030994
  H      -4.021318      0.364142     -2.507633
  H      -2.901252     -1.777741     -1.939326
  H      -1.167573     -1.843032     -0.101853
  H       6.829927     -0.592564     11.811811
  H      -1.660873      2.359127      0.600320
  N      -3.535152      2.684817     -1.310086
  H      -4.236640      2.743633     -2.042769
  H      -3.305260      3.542706     -0.816377
  N      -0.336414      0.217390      1.394302
  O      -0.087453      1.263257      1.960122
  O       0.162290     -0.867680      1.620293
17
Coordinates from ORCA-job opt E -491.659507327367
  C      -2.938378      1.524610     -1.011157
  C      -3.272357      0.324345     -1.719105
  C      -2.648304     -0.865546     -1.399897
  C      -1.678939     -0.917121     -0.377525
  C      -1.362259      0.266066      0.309004
  C      -1.955904      1.475577      0.026743
  H      -4.023466      0.363749     -2.511881
  H      -2.905939     -1.777103     -1.943129
  H      -1.171335     -1.843088     -0.105534
  H       6.882144     -0.599756     11.880865
  H      -1.667097      2.361892      0.593528
  N      -3.537416      2.685758     -1.314695
  H      -4.237476      2.744450     -2.048767
  H      -3.308250      3.543781     -0.820856
  N      -0.339873      0.216760      1.390397
  O      -0.096963      1.261868      1.961320
  O       0.165301     -0.865901      1.611898
17
Coordinates from ORCA-job opt E -491.659518907394
  C      -2.941444      1.525205     -1.016029
  C      -3.275397      0.324651     -1.723626
  C      -2.651813     -0.865325     -1.403545
  C      -1.682417     -0.916316     -0.381147
  C      -1.365518      0.266848      0.305146
  C      -1.959212      1.476252      0.022447
  H      -4.026263      0.363093     -2.516390
  H      -2.909471     -1.777159     -1.945947
  H      -1.174786     -1.842261     -0.108854
  H       6.934230     -0.608134     11.950090
  H      -1.672635      2.363961      0.588330
  N      -3.540200      2.686388     -1.320051
  H      -4.239548      2.744732     -2.054829
  H      -3.311343      3.544688     -0.826516
  N      -0.343107      0.217099      1.386556
  O      -0.103989      1.260896      1.961458
  O       0.166401     -0.864279      1.604119
17
Coordinates from ORCA-job opt E -491.659529161321
  C      -2.944449      1.525733     -1.020740
  C      -3.278684      0.325031     -1.728174
  C      -2.655266     -0.865031     -1.407278
  C      -1.686034     -0.915598     -0.384995
  C      -1.368922      0.267599      0.301173
  C      -1.962551      1.476828      0.018311
  H      -4.029312      0.362965     -2.521062
  H      -2.912885     -1.777187     -1.949051
  H      -1.178367     -1.841496     -0.112517
  H       6.986152     -0.615803     12.019246
  H      -1.677499      2.365227      0.583958
  N      -3.542762      2.686999     -1.325318
  H      -4.241736      2.745159     -2.060464
  H      -3.313852      3.545499     -0.832152
  N      -0.346447      0.217497      1.382679
  O      -0.111146      1.259736      1.961672
  O       0.167250     -0.862817      1.595923
17
Coordinates from ORCA-job opt E -491.659538893999
  C      -2.947367      1.526231     -1.025194
  C      -3.282062      0.325619     -1.732634
  C      -2.658823     -0.864599     -1.411349
  C      -1.689696     -0.915206     -0.389237
  C      -1.372362      0.267967      0.297017
  C      -1.965759      1.477166      0.014209
  H      -4.032558      0.363609     -2.525653
  H      -2.916578     -1.776890     -1.952887
  H      -1.182046     -1.841118     -0.116810
  H       7.037591     -0.622196     12.088518
  H      -1.681304      2.365614      0.580074
  N      -3.545190      2.687678     -1.330063
  H      -4.244135      2.745933     -2.065225
  H      -3.315946      3.546212     -0.837120
  N      -0.349808      0.217638      1.378550
  O      -0.117971      1.258476      1.961188
  O       0.167504     -0.861793      1.587827
17
Coordinates from ORCA-job opt E -491.659548326135
  C      -2.950219      1.526760     -1.029494
  C      -3.285430      0.326381     -1.737038
  C      -2.662529     -0.864067     -1.415688
  C      -1.693416     -0.915083     -0.393729
  C      -1.375845      0.267976      0.292761
  C      -1.968892      1.477309      0.010127
  H      -4.035841      0.364798     -2.530172
  H      -2.920604     -1.776298     -1.957269
  H      -1.185832     -1.841078     -0.121532
  H       7.088749     -0.627558     12.157865
  H      -1.684440      2.365417      0.576490
  N      -3.547493      2.688490     -1.334447
  H      -4.246562      2.747064     -2.069458
  H      -3.317763      3.546925     -0.841573
  N      -0.353205      0.217442      1.374249
  O      -0.124882      1.256922      1.960543
  O       0.167695     -0.861060      1.579573
17
Coordinates from ORCA-job opt E -491.659557628958
  C      -2.953073      1.527358     -1.033683
  C      -3.288760      0.327263     -1.741381
  C      -2.666337     -0.863465     -1.420241
  C      -1.697111     -0.915108     -0.398405
  C      -1.379272      0.267745      0.288371
  C      -1.971940      1.477350      0.006002
  H      -4.039152      0.366289     -2.534545
  H      -2.924878     -1.775475     -1.962032
  H      -1.189634     -1.841251     -0.126560
  H       7.139596     -0.632227     12.227365
  H      -1.687106      2.364900      0.573027
  N      -3.549843      2.689411     -1.338494
  H      -4.249101      2.748440     -2.073287
  H      -3.319617      3.547651     -0.845518
  N      -0.356533      0.216930      1.369728
  O      -0.131269      1.255227      1.959287
  O       0.167519     -0.860698      1.571577
17
Coordinates from ORCA-job opt E -491.659567057738
  C      -2.956024      1.528018     -1.037786
  C      -3.292083      0.328158     -1.745660
  C      -2.670125     -0.862841     -1.424899
  C      -1.700686     -0.915089     -0.403186
  C      -1.382555      0.267503      0.283847
  C      -1.974933      1.477412      0.001828
  H      -4.042531      0.367734     -2.538752
  H      -2.929135     -1.774574     -1.966926
  H      -1.193326     -1.841410     -0.131729
  H       7.190159     -0.636802     12.297067
  H      -1.689628      2.364422      0.569461
  N      -3.552433      2.690348     -1.342300
  H      -4.251832      2.749818     -2.076918
  H      -3.321836      3.548364     -0.849110
  N      -0.359676      0.216280      1.364999
  O      -0.136335      1.253745      1.956828
  O       0.166470     -0.860747      1.564446
17
Coordinates from ORCA-job opt E -491.659576806750
  C      -2.959082      1.528697     -1.041790
  C      -3.295458      0.329047     -1.749885
  C      -2.673831     -0.862197     -1.429621
  C      -1.704136     -0.914965     -0.408073
  C      -1.385677      0.267338      0.279201
  C      -1.977870      1.477515     -0.002366
  H      -4.046037      0.369064     -2.542819
  H      -2.933238     -1.773661     -1.971876
  H      -1.196893     -1.841476     -0.137029
  H       7.240446     -0.641457     12.366974
  H      -1.692127      2.364098      0.565733
  N      -3.555289      2.691239     -1.345883
  H      -4.254789      2.751090     -2.080373
  H      -3.324442      3.549036     -0.852426
  N      -0.362600      0.215594      1.360094
  O      -0.139833      1.252613      1.953006
  O       0.164347     -0.861235      1.558344
17
Coordinates from ORCA-job opt E -491.659586930641
  C      -2.962218      1.529387     -1.045640
  C      -3.298920      0.329995     -1.754067
  C      -2.677490     -0.861493     -1.434473
  C      -1.707507     -0.914792     -0.413154
  C      -1.388656      0.267175      0.274422
  C      -1.980724      1.477601     -0.006531
  H      -4.049708      0.370431     -2.546767
  H      -2.937235     -1.772672     -1.977004
  H      -1.200396     -1.841524     -0.142597
  H       7.290403     -0.645885     12.437092
  H      -1.694530      2.363826      0.561918
  N      -3.558341      2.692120     -1.349144
  H      -4.257938      2.752346     -2.083510
  H      -3.327302      3.549674     -0.855354
  N      -0.365305      0.214768      1.355000
  O      -0.141810      1.251679      1.947893
  O       0.161168     -0.862294      1.553125
17
Coordinates from ORCA-job opt E -491.659597645395
  C      -2.965425      1.530154     -1.049102
  C      -3.302614      0.331209     -1.758121
  C      -2.681231     -0.860600     -1.439718
  C      -1.710786     -0.914681     -0.418822
  C      -1.391295      0.266774      0.269234
  C      -1.983258      1.477523     -0.010677
  H      -4.053843      0.372224     -2.550358
  H      -2.941381     -1.771362     -1.982719
  H      -1.203874     -1.841754     -0.149031
  H       7.339389     -0.649055     12.507730
  H      -1.696332      2.363322      0.558090
  N      -3.561662      2.693110     -1.351475
  H      -4.261501      2.753860     -2.085562
  H      -3.330396      3.550285     -0.857138
  N      -0.367519      0.213355      1.349349
  O      -0.141013      1.250689      1.940425
  O       0.156230     -0.864713      1.549106
17
Coordinates from ORCA-job opt E -491.659607678985
  C      -2.968508      1.530871     -1.052650
  C      -3.306261      0.332490     -1.762350
  C      -2.685034     -0.859692     -1.444882
  C      -1.714330     -0.914628     -0.424338
  C      -1.394280      0.266297      0.264382
  C      -1.986031      1.477338     -0.014545
  H      -4.057707      0.374136     -2.554357
  H      -2.945519     -1.770080     -1.988362
  H      -1.207616     -1.842021     -0.155284
  H       7.389033     -0.652062     12.578027
  H      -1.698747      2.362847      0.554484
  N      -3.564490      2.694183     -1.354171
  H      -4.264408      2.755536     -2.088128
  H      -3.332867      3.551007     -0.859398
  N      -0.370096      0.211867      1.344089
  O      -0.142438      1.248937      1.935150
  O       0.152786     -0.866685      1.543543
17
Coordinates from ORCA-job opt E -491.659617451463
  C      -2.971405      1.531728     -1.055658
  C      -3.310187      0.334448     -1.766642
  C      -2.689217     -0.858387     -1.450700
  C      -1.718216     -0.914923     -0.430717
  C      -1.397230      0.265090      0.259281
  C      -1.988508      1.476628     -0.017982
  H      -4.061933      0.377262     -2.558331
  H      -2.950234     -1.768132     -1.995061
  H      -1.211866     -1.842854     -0.162885
  H       7.437852     -0.651979     12.648614
  H      -1.700775      2.361703      0.551461
  N      -3.566858      2.695728     -1.355689
  H      -4.266977      2.758208     -2.089356
  H      -3.334517      3.551934     -0.860192
  N      -0.372437      0.208935      1.338388
  O      -0.143218      1.245381      1.929806
  O       0.149215     -0.870432      1.536872
17
Coordinates from ORCA-job opt E -491.659627055938
  C      -2.974162      1.532781     -1.058264
  C      -3.314307      0.336896     -1.770859
  C      -2.693790     -0.856801     -1.457073
  C      -1.722249     -0.915557     -0.437839
  C      -1.399941      0.263261      0.253712
  C      -1.990533      1.475568     -0.021386
  H      -4.066570      0.381391     -2.561983
  H      -2.955705     -1.765595     -2.002635
  H      -1.216387     -1.844217     -0.171635
  H       7.485564     -0.649372     12.719568
  H      -1.701833      2.359764      0.548905
  N      -3.569073      2.697661     -1.356091
  H      -4.269718      2.761706     -2.089116
  H      -3.335728      3.552981     -0.859547
  N      -0.374441      0.204861      1.332073
  O      -0.142940      1.240627      1.923717
  O       0.145302     -0.875614      1.529664
17
Coordinates from ORCA-job opt E -491.659636225938
  C      -2.976728      1.534087     -1.060423
  C      -3.318599      0.339947     -1.775038
  C      -2.698868     -0.854890     -1.464031
  C      -1.726573     -0.916577     -0.445718
  C      -1.402565      0.260665      0.247793
  C      -1.992226      1.474044     -0.024544
  H      -4.071478      0.386708     -2.565451
  H      -2.962063     -1.762382     -2.011167
  H      -1.221343     -1.846174     -0.181615
  H       7.532265     -0.643740     12.790638
  H      -1.702152      2.356923      0.547077
  N      -3.570847      2.700121     -1.355417
  H      -4.272196      2.766272     -2.087577
  H      -3.336168      3.554259     -0.857473
  N      -0.376237      0.199338      1.325223
  O      -0.142591      1.234002      1.917928
  O       0.141858     -0.882265      1.521003
17
Coordinates from ORCA-job opt E -491.659644582035
  C      -2.978847      1.535977     -1.061365
  C      -3.323327      0.344509     -1.779128
  C      -2.705027     -0.852138     -1.472451
  C      -1.731586     -0.918440     -0.455473
  C      -1.404982      0.256273      0.241112
  C      -1.993141      1.471384     -0.026922
  H      -4.077067      0.394870     -2.568491
  H      -2.970284     -1.757527     -2.022068
  H      -1.227355     -1.849504     -0.194649
  H       7.576239     -0.630779     12.861582
  H      -1.700903      2.352054      0.547001
  N      -3.571591      2.703818     -1.352013
  H      -4.273938      2.773336     -2.082904
  H      -3.334866      3.556071     -0.851816
  N      -0.377464      0.190271      1.317126
  O      -0.141250      1.222964      1.912274
  O       0.138879     -0.892796      1.509396
17
Coordinates from ORCA-job opt E -491.659652512215
  C      -2.980852      1.538064     -1.062164
  C      -3.327992      0.349302     -1.783185
  C      -2.711382     -0.849287     -1.481022
  C      -1.736776     -0.920349     -0.465368
  C      -1.407504      0.251635      0.234429
  C      -1.994065      1.468582     -0.029080
  H      -4.082548      0.403405     -2.571496
  H      -2.978844     -1.752448     -2.033181
  H      -1.233637     -1.852978     -0.208012
  H       7.619957     -0.616737     12.932188
  H      -1.699604      2.346809      0.547472
  N      -3.572031      2.707755     -1.348451
  H      -4.275169      2.780774     -2.078239
  H      -3.333304      3.558028     -0.845835
  N      -0.378774      0.180566      1.308931
  O      -0.140723      1.210883      1.907537
  O       0.136739     -0.903664      1.496686
17
Coordinates from ORCA-job opt E -491.659660471970
  C      -2.982952      1.540028     -1.063240
  C      -3.332478      0.353752     -1.787290
  C      -2.717396     -0.846626     -1.489215
  C      -1.741852     -0.921935     -0.474735
  C      -1.410203      0.247519      0.228068
  C      -1.995312      1.466077     -0.031273
  H      -4.087706      0.411186     -2.574710
  H      -2.986755     -1.747794     -2.043667
  H      -1.239764     -1.856020     -0.220591
  H       7.664641     -0.604589     13.002730
  H      -1.698987      2.342137      0.547640
  N      -3.572661      2.711359     -1.345715
  H      -4.276247      2.787470     -2.074754
  H      -3.332273      3.559855     -0.840887
  N      -0.380366      0.171703      1.301170
  O      -0.140681      1.199776      1.903025
  O       0.134482     -0.913558      1.484654
17
Coordinates from ORCA-job opt E -491.659668775411
  C      -2.985226      1.541707     -1.064850
  C      -3.336745      0.357551     -1.791459
  C      -2.722878     -0.844310     -1.496795
  C      -1.746616     -0.923129     -0.483295
  C      -1.412997      0.244216      0.222045
  C      -1.996885      1.464077     -0.033820
  H      -4.092532      0.417727     -2.578137
  H      -2.993751     -1.743841     -2.053147
  H      -1.245454     -1.858448     -0.231864
  H       7.710618     -0.595652     13.073387
  H      -1.699047      2.338360      0.547011
  N      -3.573769      2.714371     -1.344164
  H      -4.277653      2.792979     -2.072648
  H      -3.332080      3.561399     -0.837492
  N      -0.382260      0.164435      1.293999
  O      -0.140910      1.190704      1.898286
  O       0.131676     -0.921807      1.474152
17
Coordinates from ORCA-job opt E -491.659677393959
  C      -2.987663      1.543127     -1.066937
  C      -3.340836      0.360764     -1.795671
  C      -2.727934     -0.842302     -1.503842
  C      -1.751084     -0.924043     -0.491165
  C      -1.415831      0.241567      0.216270
  C      -1.998707      1.462492     -0.036735
  H      -4.097099      0.423209     -2.581720
  H      -3.000034     -1.740479     -2.061779
  H      -1.250710     -1.860388     -0.241999
  H       7.757568     -0.589435     13.144096
  H      -1.699582      2.335312      0.545636
  N      -3.575297      2.716887     -1.343583
  H      -4.279457      2.797534     -2.071574
  H      -3.332533      3.562692     -0.835391
  N      -0.384376      0.158568      1.287299
  O      -0.141374      1.183435      1.893310
  O       0.128440     -0.928601      1.464995
17
Coordinates from ORCA-job opt E -491.659686218736
  C      -2.990235      1.544348     -1.069410
  C      -3.344791      0.363504     -1.799914
  C      -2.732674     -0.840544     -1.510464
  C      -1.755317     -0.924760     -0.498488
  C      -1.418697      0.239404      0.210685
  C      -2.000729      1.461218     -0.039947
  H      -4.101464      0.427856     -2.585419
  H      -3.005800     -1.737579     -2.069739
  H      -1.255601     -1.861956     -0.251215
  H       7.805215     -0.585308     13.214779
  H      -1.700495      2.332820      0.543674
  N      -3.577127      2.719033     -1.343762
  H      -4.281582      2.801400     -2.071271
  H      -3.333425      3.563803     -0.834303
  N      -0.386660      0.153786      1.280960
  O      -0.142133      1.177540      1.888238
  O       0.125004     -0.934224      1.456806
17
Coordinates from ORCA-job opt E -491.659695218266
  C      -2.992955      1.545375     -1.072304
  C      -3.348595      0.365721     -1.804180
  C      -2.737079     -0.839078     -1.516598
  C      -1.759303     -0.925250     -0.505185
  C      -1.421610      0.237782      0.205328
  C      -2.002991      1.460292     -0.043452
  H      -4.105600      0.431565     -2.589241
  H      -3.011019     -1.735211     -2.076922
  H      -1.260091     -1.863098     -0.259381
  H       7.853579     -0.583460     13.285354
  H      -1.701872      2.330948      0.541124
  N      -3.579267      2.720792     -1.344814
  H      -4.284011      2.804531     -2.071883
  H      -3.334787      3.564739     -0.834368
  N      -0.389122      0.150158      1.275012
  O      -0.143325      1.173072      1.883190
  O       0.121539     -0.938539      1.449530
17
Coordinates from ORCA-job opt E -491.659704192123
  C      -2.995691      1.546376     -1.075244
  C      -3.352376      0.367888     -1.808467
  C      -2.741444     -0.837634     -1.522701
  C      -1.763272     -0.925730     -0.511831
  C      -1.424544      0.236194      0.199996
  C      -2.005288      1.459380     -0.046976
  H      -4.109693      0.435199     -2.593103
  H      -3.016173     -1.732877     -2.084063
  H      -1.264531     -1.864195     -0.267431
  H       7.902027     -0.581794     13.355895
  H      -1.703327      2.329123      0.538523
  N      -3.581412      2.722517     -1.345938
  H      -4.286471      2.807635     -2.072540
  H      -3.336139      3.565650     -0.834531
  N      -0.391631      0.146620      1.269115
  O      -0.144593      1.168731      1.878130
  O       0.118047     -0.942745      1.442376
17
Coordinates from ORCA-job opt E -491.659713272966
  C      -2.998558      1.547213     -1.078594
  C      -3.355989      0.369543     -1.812764
  C      -2.745483     -0.836496     -1.528298
  C      -1.767016     -0.925957     -0.517826
  C      -1.427545      0.235173      0.194925
  C      -2.007836      1.458842     -0.050751
  H      -4.113537      0.437900     -2.597085
  H      -3.020792     -1.731100     -2.090394
  H      -1.268600     -1.864852     -0.274414
  H       7.951170     -0.582361     13.426250
  H      -1.705272      2.327920      0.535426
  N      -3.583853      2.723867     -1.347991
  H      -4.289155      2.809984     -2.074237
  H      -3.338003      3.566413     -0.835895
  N      -0.394322      0.144191      1.263629
  O      -0.146399      1.165701      1.873295
  O       0.114680     -0.945640      1.435934
17
Coordinates from ORCA-job opt E -491.659713050352
  C      -2.998390      1.547421     -1.078138
  C      -3.356143      0.370159     -1.812798
  C      -2.745859     -0.836133     -1.528910
  C      -1.767327     -0.926245     -0.518576
  C      -1.427543      0.234507      0.194663
  C      -2.007599      1.458400     -0.050414
  H      -4.113738      0.439028     -2.597032
  H      -3.021401     -1.730431     -2.091383
  H      -1.269066     -1.865335     -0.275607
  H       7.950594     -0.579728     13.426558
  H      -1.704812      2.327179      0.536087
  N      -3.583449      2.724321     -1.346980
  H      -4.288809      2.810914     -2.073114
  H      -3.337359      3.566596     -0.834555
  N      -0.394207      0.142821      1.263202
  O      -0.146062      1.164037      1.873262
  O       0.114659     -0.947170      1.434948
