18
Coordinates from ORCA-job p_p_opt_9
  C   -5.63737401415995      1.07391699594886      0.40561747895455
  C   -6.57378090283821      1.73159043463070     -0.44105342808374
  C   -7.15462141546739      1.06945176857712     -1.50558565376531
  C   -6.79087585355058     -0.27247591527879     -1.73415103011599
  C   -5.86806587203200     -0.96297205291691     -0.92594300962078
  C   -5.30168619328397     -0.28811021926360      0.13669808869291
  C   -4.99879884224307      1.78574597455442      1.54194406868166
  H   -4.99061375886879      1.15914538244170      2.45062743406528
  H   -5.47593852643617      2.74968053790524      1.76073583088368
  H   -3.93145515534566      1.97680990986062      1.30880186279640
  H   -6.83456706095879      2.77260850084556     -0.24045679328118
  H   -7.88201235459937      1.55086670472053     -2.16022035504932
  H   -5.61850043093817     -1.99980498771552     -1.15404763001292
  H   -4.58560595636644     -0.79776006433112      0.78514562868921
  N   -7.40195320536991     -0.97826965403580     -2.85670750542080
  O   -6.70143469460944     -1.76821363484464     -3.46192963101609
  O   -8.56711130431634     -0.72237442534521     -3.10048240260243
  H   -16.36920445861563    -10.73506525575316    -14.11997295379514
