18
Coordinates from ORCA-job p_p_opt_9 E -475.866228003250
  C      -5.695980      1.011260      0.345980
  C      -6.613090      1.676030     -0.503690
  C      -7.179880      1.027140     -1.573050
  C      -6.817070     -0.306770     -1.805210
  C      -5.911240     -1.003330     -0.995720
  C      -5.362030     -0.342820      0.074060
  C      -5.073390      1.711260      1.493490
  H      -5.068900      1.079220      2.386550
  H      -5.557210      2.659810      1.716090
  H      -4.015390      1.913630      1.271620
  H      -6.868870      2.707180     -0.300490
  H      -7.890320      1.511950     -2.227520
  H      -5.664160     -2.030040     -1.224830
  H      -4.663590     -0.853700      0.724110
  N      -7.415410     -1.001590     -2.940140
  O      -6.693100     -1.743630     -3.581360
  O      -8.592810     -0.784730     -3.156820
  H     -15.601160     -9.886100    -13.014050
18
Coordinates from ORCA-job p_p_opt_9 E -475.867029057180
  C      -5.692904      1.015062      0.350642
  C      -6.616500      1.680926     -0.501759
  C      -7.186944      1.027928     -1.576005
  C      -6.823324     -0.311934     -1.808999
  C      -5.912244     -1.010138     -0.996257
  C      -5.357774     -0.344827      0.077175
  C      -5.065387      1.718381      1.498655
  H      -5.057321      1.082042      2.399970
  H      -5.551875      2.675973      1.724505
  H      -3.999270      1.921806      1.271781
  H      -6.875695      2.721623     -0.296946
  H      -7.905844      1.516374     -2.235108
  H      -5.661187     -2.045942     -1.228374
  H      -4.650678     -0.859851      0.731345
  N      -7.421960     -1.007618     -2.943853
  O      -6.703052     -1.761405     -3.573266
  O      -8.595723     -0.780216     -3.172253
  H     -15.605917     -9.893413    -13.032235
18
Coordinates from ORCA-job p_p_opt_9 E -475.867062861059
  C      -5.689579      1.018942      0.354732
  C      -6.615487      1.684226     -0.497542
  C      -7.186803      1.030125     -1.572122
  C      -6.822315     -0.310599     -1.805730
  C      -5.909328     -1.008382     -0.992706
  C      -5.353769     -0.341847      0.080875
  C      -5.060933      1.723108      1.501828
  H      -5.050922      1.086938      2.403674
  H      -5.547134      2.680915      1.728415
  H      -3.994703      1.926795      1.273556
  H      -6.875885      2.724634     -0.292595
  H      -7.906960      1.517746     -2.230430
  H      -5.657660     -2.043938     -1.225099
  H      -4.645647     -0.856617      0.734192
  N      -7.421004     -1.006748     -2.940239
  O      -6.704873     -1.769671     -3.561416
  O      -8.591613     -0.770622     -3.176759
  H     -15.648984     -9.940236    -13.093613
18
Coordinates from ORCA-job p_p_opt_9 E -475.867085250036
  C      -5.686614      1.022494      0.358279
  C      -6.614449      1.686769     -0.493337
  C      -7.185973      1.031945     -1.567734
  C      -6.820453     -0.308805     -1.801873
  C      -5.905935     -1.005703     -0.989075
  C      -5.349761     -0.338320      0.084020
  C      -5.057424      1.727337      1.504391
  H      -5.045444      1.091361      2.406349
  H      -5.543622      2.684914      1.731645
  H      -3.991501      1.931542      1.274985
  H      -6.876174      2.726711     -0.288263
  H      -7.907133      1.518591     -2.225459
  H      -5.653894     -2.040997     -1.221584
  H      -4.640690     -0.852710      0.736441
  N      -7.419322     -1.005607     -2.935974
  O      -6.706644     -1.778525     -3.548775
  O      -8.586327     -0.759922     -3.180961
  H     -15.692242     -9.986306    -13.154055
18
Coordinates from ORCA-job p_p_opt_9 E -475.867103765475
  C      -5.683926      1.025805      0.361608
  C      -6.613223      1.688997     -0.489249
  C      -7.184409      1.033755     -1.563433
  C      -6.817882     -0.306617     -1.797957
  C      -5.902237     -1.002518     -0.985592
  C      -5.345789     -0.334575      0.086868
  C      -5.054724      1.731139      1.507100
  H      -5.041101      1.095167      2.408999
  H      -5.541265      2.688326      1.734940
  H      -3.989111      1.936065      1.277003
  H      -6.876257      2.728517     -0.283979
  H      -7.906256      1.519504     -2.220962
  H      -5.649928     -2.037641     -1.218234
  H      -4.635762     -0.848541      0.738504
  N      -7.417036     -1.004176     -2.931708
  O      -6.708029     -1.786391     -3.537159
  O      -8.580585     -0.749675     -3.184228
  H     -15.736079    -10.032369    -13.213501
18
Coordinates from ORCA-job p_p_opt_9 E -475.867117904982
  C      -5.681489      1.028679      0.364944
  C      -6.611041      1.691504     -0.485673
  C      -7.181745      1.036277     -1.559914
  C      -6.814790     -0.303789     -1.794528
  C      -5.898943     -0.999321     -0.982398
  C      -5.342652     -0.331337      0.089916
  C      -5.052705      1.734044      1.510573
  H      -5.038798      1.097903      2.412333
  H      -5.539617      2.690985      1.738569
  H      -3.987154      1.939361      1.280634
  H      -6.874591      2.730871     -0.280228
  H      -7.903620      1.521738     -2.217635
  H      -5.646531     -2.034398     -1.215188
  H      -4.632267     -0.845098      0.741340
  N      -7.414090     -1.001678     -2.928217
  O      -6.706572     -1.786946     -3.531556
  O      -8.576533     -0.744308     -3.182896
  H     -15.780462    -10.079716    -13.271055
18
Coordinates from ORCA-job p_p_opt_9 E -475.867130778141
  C      -5.679036      1.031455      0.368324
  C      -6.608503      1.694248     -0.482279
  C      -7.178939      1.039101     -1.556642
  C      -6.811837     -0.300855     -1.791246
  C      -5.896039     -0.996339     -0.979206
  C      -5.339910     -0.328415      0.093170
  C      -5.050556      1.736741      1.514201
  H      -5.036841      1.100476      2.415879
  H      -5.537662      2.693595      1.742167
  H      -3.984968      1.942157      1.284555
  H      -6.872168      2.733577     -0.276721
  H      -7.900704      1.524511     -2.214542
  H      -5.643573     -2.031390     -1.212132
  H      -4.629428     -0.842076      0.744588
  N      -7.411181     -0.998842     -2.924960
  O      -6.704102     -1.784618     -3.528128
  O      -8.573510     -0.741009     -3.179734
  H     -15.824641    -10.127547    -13.328275
18
Coordinates from ORCA-job p_p_opt_9 E -475.867143397881
  C      -5.676513      1.034264      0.371696
  C      -6.605911      1.697074     -0.478920
  C      -7.176228      1.041960     -1.553367
  C      -6.809043     -0.297974     -1.787942
  C      -5.893274     -0.993465     -0.975956
  C      -5.337231     -0.325562      0.096490
  C      -5.048201      1.739491      1.517748
  H      -5.034764      1.103175      2.419399
  H      -5.535376      2.696335      1.745622
  H      -3.982557      1.944862      1.288347
  H      -6.869600      2.736385     -0.273289
  H      -7.897939      1.527329     -2.211360
  H      -5.640766     -2.028487     -1.208986
  H      -4.626704     -0.839135      0.747935
  N      -7.408445     -0.996033     -2.921629
  O      -6.701625     -1.781921     -3.524879
  O      -8.570837     -0.738126     -3.176162
  H     -15.868586    -10.175401    -13.385724
18
Coordinates from ORCA-job p_p_opt_9 E -475.867155820240
  C      -5.673867      1.037129      0.375008
  C      -6.603286      1.699934     -0.475578
  C      -7.173765      1.044746     -1.549918
  C      -6.806619     -0.295236     -1.784400
  C      -5.890815     -0.990730     -0.972465
  C      -5.334668     -0.322761      0.099916
  C      -5.045391      1.742413      1.520970
  H      -5.032200      1.106230      2.422722
  H      -5.532403      2.699386      1.748655
  H      -3.979696      1.947498      1.291578
  H      -6.866843      2.739288     -0.270004
  H      -7.895503      1.530075     -2.207907
  H      -5.638339     -2.025761     -1.205489
  H      -4.624100     -0.836250      0.751381
  N      -7.406105     -0.993357     -2.918002
  O      -6.699295     -1.778897     -3.521640
  O      -8.568721     -0.735794     -3.171987
  H     -15.911985    -10.223142    -13.443822
18
Coordinates from ORCA-job p_p_opt_9 E -475.867168227498
  C      -5.671139      1.040072      0.378253
  C      -6.600661      1.702785     -0.472269
  C      -7.171328      1.047461     -1.546436
  C      -6.804216     -0.292570     -1.780800
  C      -5.888282     -0.987973     -0.968945
  C      -5.331981     -0.319870      0.103288
  C      -5.042505      1.745454      1.524086
  H      -5.029620      1.109470      2.425984
  H      -5.529284      2.702603      1.751519
  H      -3.976738      1.950161      1.294738
  H      -6.864156      2.742169     -0.266772
  H      -7.893190      1.532679     -2.204366
  H      -5.635858     -2.023032     -1.201899
  H      -4.621336     -0.833250      0.754752
  N      -7.403955     -0.990864     -2.914159
  O      -6.697329     -1.776355     -3.518022
  O      -8.566736     -0.733457     -3.167657
  H     -15.955286    -10.270712    -13.502277
18
Coordinates from ORCA-job p_p_opt_9 E -475.867180694627
  C      -5.668307      1.043100      0.381432
  C      -6.598090      1.705613     -0.468946
  C      -7.169062      1.050059     -1.542813
  C      -6.802019     -0.290030     -1.777010
  C      -5.885827     -0.985241     -0.965283
  C      -5.329206     -0.316899      0.106635
  C      -5.039351      1.748688      1.526959
  H      -5.026695      1.113019      2.429090
  H      -5.525776      2.706084      1.754095
  H      -3.973513      1.952890      1.297525
  H      -6.861542      2.745036     -0.263595
  H      -7.891140      1.535108     -2.200626
  H      -5.633466     -2.020345     -1.198105
  H      -4.618354     -0.830127      0.757991
  N      -7.402154     -0.988606     -2.909982
  O      -6.695888     -1.774518     -3.513700
  O      -8.564944     -0.730998     -3.163297
  H     -15.998267    -10.318062    -13.561352
18
Coordinates from ORCA-job p_p_opt_9 E -475.867193219528
  C      -5.665005      1.046463      0.384251
  C      -6.595442      1.708474     -0.465781
  C      -7.167301      1.052296     -1.538786
  C      -6.800559     -0.287956     -1.772514
  C      -5.883710     -0.982675     -0.961087
  C      -5.326198     -0.313710      0.109959
  C      -5.035151      1.752621      1.528909
  H      -5.022922      1.117802      2.431662
  H      -5.520645      2.710659      1.755305
  H      -3.969158      1.955569      1.299129
  H      -6.858718      2.748030     -0.260891
  H      -7.889921      1.536987     -2.196269
  H      -5.631568     -2.017934     -1.193448
  H      -4.614851     -0.826624      0.761026
  N      -7.401758     -0.987232     -2.904457
  O      -6.696079     -1.773757     -3.508101
  O      -8.564686     -0.729616     -3.157080
  H     -16.039926    -10.364628    -13.622806
18
Coordinates from ORCA-job p_p_opt_9 E -475.867205617258
  C      -5.661640      1.049856      0.387010
  C      -6.592777      1.711343     -0.462640
  C      -7.165636      1.054479     -1.534689
  C      -6.799227     -0.285955     -1.767866
  C      -5.881686     -0.980163     -0.956783
  C      -5.323176     -0.310518      0.113305
  C      -5.030785      1.756655      1.530713
  H      -5.018993      1.122761      2.434141
  H      -5.515309      2.715373      1.756287
  H      -3.964639      1.958264      1.300528
  H      -6.855811      2.751059     -0.258252
  H      -7.888811      1.538791     -2.191844
  H      -5.629806     -2.015596     -1.188655
  H      -4.611279     -0.823069      0.764059
  N      -7.401536     -0.985971     -2.898747
  O      -6.696460     -1.773017     -3.502440
  O      -8.564657     -0.728443     -3.150523
  H     -16.081371    -10.411079    -13.684584
18
Coordinates from ORCA-job p_p_opt_9 E -475.867217893730
  C      -5.658245      1.053259      0.389741
  C      -6.590086      1.714223     -0.459523
  C      -7.163986      1.056656     -1.530586
  C      -6.797929     -0.283971     -1.763177
  C      -5.879684     -0.977669     -0.952454
  C      -5.320145     -0.307329      0.116654
  C      -5.026371      1.760717      1.532470
  H      -5.015049      1.127778      2.436593
  H      -5.509904      2.720133      1.757177
  H      -3.960063      1.960940      1.301884
  H      -6.852852      2.754108     -0.255649
  H      -7.887726      1.540584     -2.187405
  H      -5.628090     -2.013286     -1.183817
  H      -4.607697     -0.819506      0.767099
  N      -7.401387     -0.984748     -2.892961
  O      -6.696896     -1.772211     -3.496809
  O      -8.564757     -0.727416     -3.143752
  H     -16.122734    -10.457491    -13.746464
18
Coordinates from ORCA-job p_p_opt_9 E -475.867230075329
  C      -5.654827      1.056675      0.392447
  C      -6.587388      1.717107     -0.456419
  C      -7.162360      1.058819     -1.526466
  C      -6.796664     -0.282008     -1.758447
  C      -5.877697     -0.975186     -0.948099
  C      -5.317099     -0.304134      0.119999
  C      -5.021907      1.764813      1.534176
  H      -5.011069      1.132859      2.439013
  H      -5.504428      2.724943      1.757982
  H      -3.955433      1.963611      1.303183
  H      -6.849869      2.757166     -0.253069
  H      -7.886677      1.542353     -2.182939
  H      -5.626403     -2.010992     -1.178941
  H      -4.604084     -0.815925      0.770130
  N      -7.401310     -0.983571     -2.887098
  O      -6.697423     -1.771449     -3.491122
  O      -8.564943     -0.726455     -3.136851
  H     -16.164019    -10.503855    -13.808457
18
Coordinates from ORCA-job p_p_opt_9 E -475.867242172654
  C      -5.651384      1.060105      0.395131
  C      -6.584686      1.719993     -0.453325
  C      -7.160762      1.060964     -1.522326
  C      -6.795436     -0.280069     -1.753674
  C      -5.875727     -0.972715     -0.943716
  C      -5.314039     -0.300931      0.123344
  C      -5.017389      1.768946      1.535828
  H      -5.007040      1.138006      2.441398
  H      -5.498876      2.729804      1.758704
  H      -3.950749      1.966283      1.304415
  H      -6.846871      2.760231     -0.250512
  H      -7.885675      1.544092     -2.178444
  H      -5.624744     -2.008717     -1.174023
  H      -4.600440     -0.812323      0.773150
  N      -7.401305     -0.982441     -2.881160
  O      -6.698044     -1.770752     -3.485361
  O      -8.565207     -0.725538     -3.129843
  H     -16.205225    -10.550169    -13.870565
18
Coordinates from ORCA-job p_p_opt_9 E -475.867254177298
  C      -5.647919      1.063549      0.397793
  C      -6.581981      1.722880     -0.450241
  C      -7.159190      1.063094     -1.518167
  C      -6.794243     -0.278151     -1.748863
  C      -5.873774     -0.970256     -0.939307
  C      -5.310966     -0.297721      0.126686
  C      -5.012822      1.773112      1.537429
  H      -5.002969      1.143213      2.443750
  H      -5.493254      2.734712      1.759350
  H      -3.946014      1.968953      1.305585
  H      -6.843860      2.763301     -0.247977
  H      -7.884711      1.545806     -2.173918
  H      -5.623112     -2.006456     -1.169067
  H      -4.596769     -0.808703      0.776159
  N      -7.401366     -0.981353     -2.875149
  O      -6.698751     -1.770108     -3.479534
  O      -8.565543     -0.724668     -3.122732
  H     -16.246357    -10.596435    -13.932778
18
Coordinates from ORCA-job p_p_opt_9 E -475.867266103894
  C      -5.644431      1.067007      0.400433
  C      -6.579274      1.725769     -0.447164
  C      -7.157644      1.065206     -1.513987
  C      -6.793083     -0.276255     -1.744012
  C      -5.871834     -0.967804     -0.934871
  C      -5.307878     -0.294501      0.130024
  C      -5.008205      1.777310      1.538980
  H      -4.998852      1.148479      2.446068
  H      -5.487561      2.739667      1.759922
  H      -3.941229      1.971626      1.306692
  H      -6.840838      2.766377     -0.245461
  H      -7.883791      1.547490     -2.169362
  H      -5.621502     -2.004208     -1.164072
  H      -4.593067     -0.805061      0.779153
  N      -7.401494     -0.980310     -2.869068
  O      -6.699556     -1.769545     -3.473623
  O      -8.565946     -0.723822     -3.115534
  H     -16.287416    -10.642654    -13.995098
18
Coordinates from ORCA-job p_p_opt_9 E -475.867277924395
  C      -5.640923      1.070477      0.403053
  C      -6.576561      1.728659     -0.444098
  C      -7.156120      1.067305     -1.509791
  C      -6.791957     -0.274378     -1.739127
  C      -5.869914     -0.965364     -0.930412
  C      -5.304783     -0.291276      0.133361
  C      -5.003542      1.781537      1.540484
  H      -4.994697      1.153800      2.448356
  H      -5.481799      2.744663      1.760421
  H      -3.936396      1.974292      1.307743
  H      -6.837799      2.769460     -0.242970
  H      -7.882904      1.549154     -2.164780
  H      -5.619923     -2.001976     -1.159039
  H      -4.589345     -0.801407      0.782140
  N      -7.401684     -0.979302     -2.862920
  O      -6.700428     -1.769005     -3.467666
  O      -8.566422     -0.723038     -3.108226
  H     -16.328403    -10.688831    -14.057509
18
Coordinates from ORCA-job p_p_opt_9 E -475.867289666459
  C      -5.637395      1.073960      0.405653
  C      -6.573844      1.731551     -0.441041
  C      -7.154616      1.069389     -1.505577
  C      -6.790858     -0.272521     -1.734210
  C      -5.868002     -0.962930     -0.925931
  C      -5.301673     -0.288041      0.136693
  C      -4.998838      1.785794      1.541942
  H      -4.990509      1.159177      2.450615
  H      -5.475975      2.749702      1.760851
  H      -3.931521      1.976957      1.308742
  H      -6.834751      2.772546     -0.240499
  H      -7.882051      1.550794     -2.160171
  H      -5.618358     -1.999755     -1.153972
  H      -4.585595     -0.797732      0.785112
  N      -7.401935     -0.978336     -2.856707
  O      -6.701388     -1.768534     -3.461638
  O      -8.566963     -0.722287     -3.100828
  H     -16.369328    -10.734962    -14.120015
18
Coordinates from ORCA-job p_p_opt_9 E -475.867289599810
  C      -5.637374      1.073917      0.405617
  C      -6.573781      1.731590     -0.441053
  C      -7.154621      1.069452     -1.505586
  C      -6.790876     -0.272476     -1.734151
  C      -5.868066     -0.962972     -0.925943
  C      -5.301686     -0.288110      0.136698
  C      -4.998799      1.785746      1.541944
  H      -4.990614      1.159145      2.450627
  H      -5.475939      2.749681      1.760736
  H      -3.931455      1.976810      1.308802
  H      -6.834567      2.772609     -0.240457
  H      -7.882012      1.550867     -2.160220
  H      -5.618500     -1.999805     -1.154048
  H      -4.585606     -0.797760      0.785146
  N      -7.401953     -0.978270     -2.856708
  O      -6.701435     -1.768214     -3.461930
  O      -8.567111     -0.722374     -3.100482
  H     -16.369204    -10.735065    -14.119973
