18
Coordinates from ORCA-job first_job
  C   -5.67550940732548      0.73096100286194      4.06736597631326
  C   -6.09838722563571      1.37817160449738      2.86846700102043
  C   -5.96648624908860      0.83246248473099      1.63548232776155
  C   -5.37801330305460     -0.45865635013064      1.46489698487514
  C   -4.92389550767917     -1.16442903999089      2.61839691886313
  C   -5.05914570429142     -0.59182350967478      3.90409170151684
  C   -5.93743642961343      1.50504720071855      5.29454491847103
  H   -5.68336622560734      0.98056645693978      6.20000607429825
  H   -7.00157450473526      1.78526753566683      5.31969178598741
  H   -5.37626327488232      2.43591750729163      5.24750443036248
  H   -6.54738343084995      2.35045630079980      2.93814905735943
  H   -6.32853936107000      1.41707672854001      0.78283641686320
  H   -5.28101965522342     -0.88400537905561      0.43852721794268
  H   -4.48177895880014     -2.13847601428568      2.52659159841753
  H   -4.70170018815951     -1.16155786311228      4.77961307578094
  N   -10.76855288564360     -1.97121790079046    -23.91909957915604
  O   -10.34629721348356     -1.88635685128454    -22.84233297503539
  O   -10.58870572080564     -2.14211731856815    -25.06429609537816
