18
Coordinates from ORCA-job first_job E -474.617185642492
  C      -5.688640      0.743757      4.022800
  C      -6.140175      1.487528      2.894798
  C      -6.035775      0.968601      1.615129
  C      -5.476716     -0.310678      1.421742
  C      -5.025167     -1.062516      2.527377
  C      -5.130387     -0.541724      3.808280
  C      -5.802190      1.321855      5.393426
  H      -5.475682      0.620584      6.172916
  H      -6.841905      1.631109      5.604052
  H      -5.194680      2.242866      5.475477
  H      -6.573380      2.478671      3.052135
  H      -6.384676      1.545414      0.755880
  H      -5.392721     -0.722458      0.413110
  H      -4.593775     -2.053509      2.370119
  H      -4.782679     -1.120275      4.667270
  N     -10.723030     -2.043554    -23.959499
  O     -10.312487     -1.950631    -22.882003
  O     -10.569991     -2.217753    -25.092571
