17
Coordinates from ORCA-job products4 E -475.416346866430
  C      -6.327470      0.330080     -0.611340
  C      -6.468250      0.105550     -2.021470
  C      -6.055660     -1.144470     -2.550570
  C      -5.497280     -2.127900     -1.734540
  C      -5.369340     -1.902870     -0.363220
  C      -5.789410     -0.690060      0.196940
  C      -6.749560      1.613390      0.074380
  H      -5.898350      2.403240     -0.129070
  H      -6.871500      1.484950      1.246680
  H      -7.773330      1.957350     -0.353240
  H      -6.174420     -1.369900     -3.604640
  H      -5.169930     -3.071190     -2.167190
  H      -4.949410     -2.673150      0.270970
  H      -5.697370     -0.551270      1.273700
  N      -7.015730      1.086220     -2.918260
  O      -7.735160      0.637870     -3.932300
  O      -6.773320      2.476400     -2.649870
17
Coordinates from ORCA-job products4 E -475.463414224604
  C      -6.329195      0.336264     -0.607388
  C      -6.464118      0.100336     -2.003721
  C      -6.060194     -1.134069     -2.549777
  C      -5.502295     -2.120285     -1.743038
  C      -5.372278     -1.898138     -0.369878
  C      -5.791445     -0.686650      0.190390
  C      -6.752755      1.624060      0.061648
  H      -5.946884      2.398464     -0.130610
  H      -6.868318      1.497922      1.185584
  H      -7.739996      1.970938     -0.350015
  H      -6.187631     -1.337692     -3.611435
  H      -5.176259     -3.063108     -2.183213
  H      -4.949181     -2.673447      0.267537
  H      -5.699369     -0.544309      1.267915
  N      -7.009527      1.073939     -2.891722
  O      -7.681949      0.667830     -3.868219
  O      -6.784097      2.352185     -2.637097
17
Coordinates from ORCA-job products4 E -475.475692733209
  C      -6.329620      0.343119     -0.601302
  C      -6.457092      0.095092     -1.986060
  C      -6.062411     -1.125901     -2.547382
  C      -5.505018     -2.116779     -1.747435
  C      -5.373732     -1.896396     -0.373602
  C      -5.791703     -0.686214      0.185048
  C      -6.753388      1.632778      0.060305
  H      -5.986698      2.404942     -0.119865
  H      -6.860252      1.495282      1.149497
  H      -7.715628      1.990573     -0.335409
  H      -6.199402     -1.303325     -3.614322
  H      -5.180989     -3.059274     -2.193085
  H      -4.949957     -2.673642      0.266483
  H      -5.700400     -0.539457      1.263550
  N      -7.007857      1.078978     -2.888093
  O      -7.644139      0.698853     -3.836089
  O      -6.797202      2.225612     -2.655279
17
Coordinates from ORCA-job products4 E -475.478634608734
  C      -6.335595      0.338849     -0.597168
  C      -6.462931      0.086125     -1.978802
  C      -6.069078     -1.131519     -2.544655
  C      -5.508049     -2.122312     -1.745797
  C      -5.371882     -1.899652     -0.372705
  C      -5.790874     -0.689971      0.185843
  C      -6.753121      1.632104      0.060415
  H      -6.001237      2.407036     -0.131131
  H      -6.845753      1.497509      1.143431
  H      -7.712394      1.993810     -0.325197
  H      -6.206462     -1.299042     -3.613599
  H      -5.184217     -3.064948     -2.192140
  H      -4.943187     -2.674899      0.267759
  H      -5.692806     -0.538176      1.263512
  N      -7.019055      1.080107     -2.885481
  O      -7.610457      0.677363     -3.877317
  O      -6.808393      2.271856     -2.630008
17
Coordinates from ORCA-job products4 E -475.477788522751
  C      -6.329280      0.340244     -0.602923
  C      -6.442546      0.081770     -1.983125
  C      -6.054210     -1.135901     -2.549033
  C      -5.506429     -2.130128     -1.744330
  C      -5.379700     -1.905556     -0.370456
  C      -5.795145     -0.692742      0.182570
  C      -6.744064      1.635493      0.049967
  H      -5.997983      2.418513     -0.146271
  H      -6.832484      1.498755      1.136546
  H      -7.702563      2.004451     -0.335032
  H      -6.184880     -1.292528     -3.620287
  H      -5.186000     -3.075860     -2.186850
  H      -4.960855     -2.681776      0.275609
  H      -5.703637     -0.537064      1.260646
  N      -6.982995      1.086415     -2.903140
  O      -7.625465      0.682173     -3.862420
  O      -6.887254      2.267983     -2.574511
17
Coordinates from ORCA-job products4 E -475.479437548797
  C      -6.332855      0.343439     -0.596124
  C      -6.453651      0.079124     -1.974312
  C      -6.068469     -1.135658     -2.546184
  C      -5.513593     -2.129364     -1.745143
  C      -5.376463     -1.902777     -0.372557
  C      -5.789408     -0.690744      0.182502
  C      -6.748338      1.632887      0.065153
  H      -6.018860      2.433453     -0.145365
  H      -6.811994      1.488619      1.157797
  H      -7.718684      1.998202     -0.301145
  H      -6.209886     -1.283856     -3.616989
  H      -5.196336     -3.075421     -2.189279
  H      -4.951463     -2.676986      0.271671
  H      -5.690196     -0.532530      1.259775
  N      -7.006379      1.083925     -2.900153
  O      -7.560161      0.674651     -3.907899
  O      -6.868756      2.257277     -2.614788
17
Coordinates from ORCA-job products4 E -475.479563366247
  C      -6.331586      0.344281     -0.596749
  C      -6.454042      0.078372     -1.974768
  C      -6.067827     -1.136895     -2.546544
  C      -5.514407     -2.130689     -1.744404
  C      -5.378365     -1.903633     -0.371837
  C      -5.789727     -0.690922      0.182758
  C      -6.746039      1.632640      0.065437
  H      -6.025540      2.434679     -0.154699
  H      -6.797372      1.492765      1.154528
  H      -7.721028      1.991249     -0.291849
  H      -6.211472     -1.284145     -3.616832
  H      -5.197842     -3.077430     -2.187368
  H      -4.954711     -2.677656      0.272970
  H      -5.690847     -0.532223      1.259857
  N      -7.008116      1.084057     -2.900002
  O      -7.540354      0.676009     -3.920059
  O      -6.886214      2.263781     -2.603479
17
Coordinates from ORCA-job products4 E -475.479624415386
  C      -6.330820      0.345833     -0.597361
  C      -6.452642      0.077802     -1.975280
  C      -6.068069     -1.138289     -2.546935
  C      -5.517277     -2.132593     -1.743699
  C      -5.381373     -1.904441     -0.371342
  C      -5.790345     -0.690801      0.182332
  C      -6.743236      1.632677      0.067354
  H      -6.034994      2.441228     -0.168063
  H      -6.775015      1.495988      1.157922
  H      -7.726360      1.983152     -0.275548
  H      -6.212756     -1.281827     -3.617426
  H      -5.202052     -3.080376     -2.185392
  H      -4.959353     -2.678395      0.274540
  H      -5.691027     -0.530780      1.259170
  N      -7.005832      1.084245     -2.903407
  O      -7.510493      0.677324     -3.937876
  O      -6.913846      2.263493     -2.592029
17
Coordinates from ORCA-job products4 E -475.479695358831
  C      -6.329465      0.348769     -0.598609
  C      -6.450453      0.078241     -1.976776
  C      -6.068050     -1.139809     -2.547157
  C      -5.523326     -2.135636     -1.742341
  C      -5.388504     -1.906261     -0.370178
  C      -5.792518     -0.690643      0.181619
  C      -6.736510      1.633456      0.071758
  H      -6.054214      2.453958     -0.196721
  H      -6.725667      1.504857      1.163998
  H      -7.737508      1.964840     -0.238795
  H      -6.212841     -1.276941     -3.618259
  H      -5.210847     -3.085354     -2.181891
  H      -4.970325     -2.680729      0.277643
  H      -5.692262     -0.528636      1.257974
  N      -7.002437      1.083912     -2.910051
  O      -7.445958      0.681853     -3.973955
  O      -6.974604      2.258365     -2.571299
17
Coordinates from ORCA-job products4 E -475.479711279127
  C      -6.329207      0.349341     -0.599093
  C      -6.450333      0.079393     -1.977627
  C      -6.068171     -1.139690     -2.546686
  C      -5.525706     -2.136329     -1.741842
  C      -5.391379     -1.907086     -0.369593
  C      -5.793606     -0.690607      0.181433
  C      -6.734037      1.634144      0.073018
  H      -6.061442      2.458004     -0.208890
  H      -6.706327      1.509552      1.165738
  H      -7.742035      1.956492     -0.224158
  H      -6.211306     -1.276016     -3.618123
  H      -5.214212     -3.086522     -2.181081
  H      -4.974731     -2.682099      0.278648
  H      -5.692771     -0.528315      1.257645
  N      -7.001387      1.083808     -2.911950
  O      -7.421643      0.684589     -3.986274
  O      -6.997195      2.255580     -2.564206
17
Coordinates from ORCA-job products4 E -475.479718819185
  C      -6.328726      0.349503     -0.599296
  C      -6.450385      0.080874     -1.978291
  C      -6.068092     -1.138987     -2.546035
  C      -5.527299     -2.136499     -1.741505
  C      -5.393318     -1.907791     -0.369069
  C      -5.794344     -0.690623      0.181388
  C      -6.732427      1.634870      0.073606
  H      -6.066112      2.460457     -0.217181
  H      -6.693595      1.512940      1.166181
  H      -7.745257      1.950415     -0.214479
  H      -6.209228     -1.276246     -3.617651
  H      -5.216769     -3.086887     -2.180984
  H      -4.977854     -2.683443      0.279219
  H      -5.693070     -0.528496      1.257558
  N      -7.000901      1.083925     -2.912888
  O      -7.406323      0.686377     -3.993544
  O      -7.011789      2.253850     -2.560067
17
Coordinates from ORCA-job products4 E -475.479719566086
  C      -6.328633      0.349360     -0.599199
  C      -6.450533      0.081239     -1.978347
  C      -6.068146     -1.138683     -2.545818
  C      -5.527441     -2.136400     -1.741445
  C      -5.393421     -1.907934     -0.368951
  C      -5.794378     -0.690645      0.181419
  C      -6.732428      1.635016      0.073482
  H      -6.066568      2.460641     -0.218016
  H      -6.692746      1.513162      1.166060
  H      -7.745697      1.949698     -0.213843
  H      -6.208617     -1.276951     -3.617392
  H      -5.217092     -3.086687     -2.181255
  H      -4.978018     -2.683715      0.279214
  H      -5.692966     -0.528655      1.257605
  N      -7.000887      1.084164     -2.912832
  O      -7.405750      0.686535     -3.993686
  O      -7.012169      2.254093     -2.560037
