18
Coordinates from ORCA-job para_p_opt E -476.019168080813
  C      -5.803841      0.942178      0.139083
  C      -6.794218      1.501880     -0.704299
  C      -7.371743      0.756967     -1.702702
  C      -6.947660     -0.569383     -1.868804
  C      -5.968426     -1.163763     -1.063128
  C      -5.408347     -0.408050     -0.064811
  C      -5.169339      1.744931      1.209210
  H      -5.095118      1.173875      2.139535
  H      -5.687845      2.683316      1.392559
  H      -4.132227      1.978472      0.927211
  H      -7.097268      2.529299     -0.553487
  H      -8.136373      1.161312     -2.350520
  H      -5.676418     -2.189117     -1.239493
  H      -4.653773     -0.839411      0.579954
  N      -7.559699     -1.368675     -2.924235
  O      -6.834063     -2.130315     -3.536261
  O      -8.753489     -1.213585     -3.110999
  H     -12.769504     -6.405993     -9.723784
18
Coordinates from ORCA-job para_p_opt E -476.022154471969
  C      -5.799405      0.940519      0.139266
  C      -6.786399      1.487306     -0.692138
  C      -7.378799      0.736261     -1.689983
  C      -6.954835     -0.573983     -1.872289
  C      -5.969717     -1.150949     -1.079097
  C      -5.411175     -0.393443     -0.069524
  C      -5.154236      1.753990      1.214549
  H      -5.083027      1.192219      2.148378
  H      -5.682187      2.687739      1.399627
  H      -4.124498      2.001790      0.933389
  H      -7.090690      2.514997     -0.539532
  H      -8.153513      1.139552     -2.325726
  H      -5.668636     -2.172466     -1.260750
  H      -4.654918     -0.826248      0.573515
  N      -7.569490     -1.376519     -2.931256
  O      -6.871362     -2.216769     -3.478321
  O      -8.744616     -1.160492     -3.191451
  H     -12.761847     -6.399565     -9.733627
18
Coordinates from ORCA-job para_p_opt E -476.023280326889
  C      -5.794155      0.939107      0.136557
  C      -6.787120      1.477394     -0.680318
  C      -7.386543      0.723657     -1.678916
  C      -6.961432     -0.578504     -1.870920
  C      -5.968238     -1.145154     -1.088190
  C      -5.403004     -0.383650     -0.079068
  C      -5.142863      1.759982      1.214102
  H      -5.071873      1.202027      2.149340
  H      -5.686477      2.684682      1.403876
  H      -4.121404      2.027368      0.929739
  H      -7.097697      2.503363     -0.525891
  H      -8.170819      1.126978     -2.302734
  H      -5.658214     -2.163171     -1.273709
  H      -4.639775     -0.817819      0.555431
  N      -7.578774     -1.383208     -2.929304
  O      -6.926872     -2.310049     -3.391247
  O      -8.714996     -1.091346     -3.280414
  H     -12.749093     -6.387717     -9.743303
18
Coordinates from ORCA-job para_p_opt E -476.132079558381
  C      -5.791441      0.938558      0.134280
  C      -6.793363      1.471534     -0.672765
  C      -7.392246      0.716479     -1.672871
  C      -6.960614     -0.582163     -1.872014
  C      -5.958846     -1.142725     -1.095936
  C      -5.390532     -0.378516     -0.088615
  C      -5.141167      1.763279      1.213998
  H      -5.068378      1.204401      2.148302
  H      -5.700392      2.678131      1.408894
  H      -4.126361      2.048941      0.927075
  H      -7.114788      2.493708     -0.515353
  H      -8.183122      1.118889     -2.288499
  H      -5.641578     -2.157842     -1.283162
  H      -4.619991     -0.812859      0.536889
  N      -7.580871     -1.389273     -2.927672
  O      -6.987420     -2.392262     -3.302925
  O      -8.664092     -1.025790     -3.368668
  H     -12.744146     -6.368549     -9.735928
18
Coordinates from ORCA-job para_p_opt E -476.133351464128
  C      -5.793181      0.938737      0.133157
  C      -6.802436      1.475593     -0.674758
  C      -7.395233      0.722730     -1.674595
  C      -6.959583     -0.581813     -1.870483
  C      -5.955466     -1.148244     -1.093043
  C      -5.385158     -0.384831     -0.091306
  C      -5.146055      1.759807      1.209502
  H      -5.068361      1.196065      2.141616
  H      -5.705605      2.673643      1.406464
  H      -4.130247      2.045225      0.919172
  H      -7.126443      2.496384     -0.516935
  H      -8.183460      1.125500     -2.293601
  H      -5.640647     -2.164470     -1.278852
  H      -4.612377     -0.818402      0.531245
  N      -7.580077     -1.388450     -2.925199
  O      -6.991400     -2.395280     -3.292574
  O      -8.655957     -1.015896     -3.371970
  H     -12.727666     -6.352359     -9.712811
18
Coordinates from ORCA-job para_p_opt E -476.135255230239
  C      -5.799315      0.941382      0.134244
  C      -6.815847      1.488954     -0.683428
  C      -7.395603      0.742082     -1.680134
  C      -6.957277     -0.576813     -1.863728
  C      -5.955269     -1.158627     -1.078935
  C      -5.383961     -0.398958     -0.088633
  C      -5.159017      1.749001      1.199425
  H      -5.066781      1.173276      2.125183
  H      -5.702305      2.670522      1.398930
  H      -4.135241      2.014518      0.901816
  H      -7.137754      2.509081     -0.523650
  H      -8.172265      1.144245     -2.313817
  H      -5.652507     -2.179149     -1.261192
  H      -4.609293     -0.827000      0.533871
  N      -7.577551     -1.381378     -2.919302
  O      -6.952061     -2.342581     -3.332185
  O      -8.678759     -1.033823     -3.311389
  H     -12.708542     -6.350791     -9.692047
18
Coordinates from ORCA-job para_p_opt E -476.135752230302
  C      -5.803103      0.941573      0.135169
  C      -6.812963      1.494430     -0.691834
  C      -7.389767      0.750072     -1.689531
  C      -6.956970     -0.573414     -1.866442
  C      -5.963127     -1.161947     -1.074341
  C      -5.393655     -0.404589     -0.083590
  C      -5.164398      1.743465      1.199995
  H      -5.070110      1.165019      2.124297
  H      -5.692868      2.673258      1.398074
  H      -4.134297      1.992251      0.904655
  H      -7.127817      2.516723     -0.531269
  H      -8.160373      1.151878     -2.331096
  H      -5.668169     -2.185229     -1.255312
  H      -4.623794     -0.831044      0.546071
  N      -7.576796     -1.376534     -2.923001
  O      -6.909224     -2.273475     -3.405074
  O      -8.716050     -1.085072     -3.242909
  H     -12.695869     -6.353425     -9.668830
18
Coordinates from ORCA-job para_p_opt E -476.136063138602
  C      -5.805467      0.941192      0.136642
  C      -6.802842      1.499861     -0.701392
  C      -7.379338      0.757197     -1.700732
  C      -6.954041     -0.569067     -1.871109
  C      -5.970833     -1.163664     -1.070673
  C      -5.405860     -0.408895     -0.075307
  C      -5.168910      1.739524      1.205311
  H      -5.079938      1.161675      2.130527
  H      -5.683807      2.677544      1.398637
  H      -4.132337      1.972506      0.917395
  H      -7.107970      2.525460     -0.541969
  H      -8.145007      1.159208     -2.348624
  H      -5.682015     -2.189203     -1.250739
  H      -4.644893     -0.835725      0.565062
  N      -7.572931     -1.369070     -2.927454
  O      -6.866137     -2.178765     -3.498032
  O      -8.750819     -1.160451     -3.156949
  H     -12.706206     -6.375388     -9.665564
18
Coordinates from ORCA-job para_p_opt E -476.136135424679
  C      -5.803173      0.941703      0.138853
  C      -6.795114      1.504266     -0.701512
  C      -7.376622      0.761926     -1.698927
  C      -6.956280     -0.565514     -1.866835
  C      -5.976475     -1.163364     -1.065038
  C      -5.411200     -0.410067     -0.068324
  C      -5.162748      1.740180      1.206830
  H      -5.079477      1.165961      2.134654
  H      -5.672374      2.681964      1.395902
  H      -4.124525      1.966419      0.920209
  H      -7.092956      2.532478     -0.545256
  H      -8.141183      1.165900     -2.347122
  H      -5.689529     -2.189560     -1.245244
  H      -4.654174     -0.839232      0.575150
  N      -7.573165     -1.362308     -2.923142
  O      -6.850701     -2.126586     -3.535153
  O      -8.765633     -1.199060     -3.110793
  H     -12.734019     -6.421165     -9.719222
18
Coordinates from ORCA-job para_p_opt E -476.136167786438
  C      -5.799909      0.943076      0.141614
  C      -6.790053      1.507263     -0.699001
  C      -7.372582      0.765401     -1.696644
  C      -6.953007     -0.562009     -1.864685
  C      -5.974238     -1.161038     -1.062199
  C      -5.409532     -0.408524     -0.064264
  C      -5.159905      1.741886      1.210955
  H      -5.082603      1.169208      2.140120
  H      -5.671569      2.683240      1.397603
  H      -4.121748      1.969426      0.926674
  H      -7.087227      2.535832     -0.544128
  H      -8.137650      1.170908     -2.343291
  H      -5.687042     -2.187265     -1.241651
  H      -4.654813     -0.840231      0.580145
  N      -7.569585     -1.357775     -2.920272
  O      -6.844563     -2.112340     -3.541682
  O      -8.764957     -1.205558     -3.098357
  H     -12.778367     -6.467557     -9.775907
18
Coordinates from ORCA-job para_p_opt E -476.136191357504
  C      -5.796668      0.944841      0.144958
  C      -6.786301      1.509838     -0.695530
  C      -7.368755      0.768425     -1.693807
  C      -6.949121     -0.558853     -1.862486
  C      -5.970469     -1.158314     -1.059747
  C      -5.406142     -0.406276     -0.061026
  C      -5.157679      1.744015      1.215551
  H      -5.085573      1.172107      2.145516
  H      -5.672636      2.684097      1.400515
  H      -4.120009      1.974277      0.933232
  H      -7.084404      2.538257     -0.541771
  H      -8.133980      1.175598     -2.339177
  H      -5.682325     -2.184355     -1.238517
  H      -4.652301     -0.840167      0.582871
  N      -7.565696     -1.354228     -2.917692
  O      -6.841116     -2.109335     -3.539365
  O      -8.761166     -1.202820     -3.095468
  H     -12.825010     -6.513169     -9.833026
18
Coordinates from ORCA-job para_p_opt E -476.136210073846
  C      -5.794043      0.947392      0.148674
  C      -6.783643      1.512570     -0.692058
  C      -7.365662      0.771403     -1.690700
  C      -6.946005     -0.555969     -1.859485
  C      -5.967461     -1.155605     -1.056551
  C      -5.403288     -0.403743     -0.057656
  C      -5.155665      1.746363      1.219748
  H      -5.085070      1.174261      2.149719
  H      -5.671212      2.686226      1.404317
  H      -4.117908      1.976941      0.938219
  H      -7.082261      2.540862     -0.538512
  H      -8.130512      1.179196     -2.336125
  H      -5.679093     -2.181614     -1.235141
  H      -4.649453     -0.838180      0.585870
  N      -7.562454     -1.351239     -2.914789
  O      -6.837816     -2.106298     -3.536391
  O      -8.757865     -1.199789     -3.092557
  H     -12.869940     -6.558838     -9.891551
18
Coordinates from ORCA-job para_p_opt E -476.136228753493
  C      -5.791512      0.950087      0.152577
  C      -6.781128      1.515168     -0.688385
  C      -7.362668      0.774225     -1.687437
  C      -6.942950     -0.553084     -1.856516
  C      -5.964468     -1.152642     -1.053521
  C      -5.400508     -0.400947     -0.054371
  C      -5.153707      1.748750      1.224155
  H      -5.084464      1.176302      2.154025
  H      -5.669395      2.688601      1.408411
  H      -4.115720      1.979162      0.943523
  H      -7.080341      2.543300     -0.534903
  H      -8.127027      1.182613     -2.333066
  H      -5.675838     -2.178592     -1.232053
  H      -4.646509     -0.835786      0.588703
  N      -7.559152     -1.348307     -2.912250
  O      -6.834570     -2.104213     -3.532826
  O      -8.754269     -1.195843     -3.091123
  H     -12.915127     -6.604855     -9.949913
18
Coordinates from ORCA-job para_p_opt E -476.136247364080
  C      -5.789170      0.952812      0.156567
  C      -6.778649      1.517739     -0.684683
  C      -7.359621      0.777078     -1.684265
  C      -6.939783     -0.550055     -1.853752
  C      -5.961500     -1.149513     -1.050664
  C      -5.397953     -0.398057     -0.051076
  C      -5.151998      1.750990      1.228789
  H      -5.084210      1.178139      2.158539
  H      -5.667181      2.691175      1.412638
  H      -4.113489      1.980486      0.949403
  H      -7.078370      2.545714     -0.531052
  H      -8.123514      1.185933     -2.330151
  H      -5.672606     -2.175376     -1.229307
  H      -4.643902     -0.833176      0.591772
  N      -7.555528     -1.345138     -2.910188
  O      -6.830773     -2.101513     -3.529905
  O      -8.750397     -1.191899     -3.090145
  H     -12.960706     -6.651399    -10.007491
18
Coordinates from ORCA-job para_p_opt E -476.136265749966
  C      -5.787142      0.955455      0.160658
  C      -6.776232      1.520290     -0.680927
  C      -7.356386      0.780068     -1.681344
  C      -6.936216     -0.546732     -1.851481
  C      -5.958320     -1.146160     -1.048214
  C      -5.395585     -0.395116     -0.047814
  C      -5.150854      1.752888      1.233884
  H      -5.085122      1.179652      2.163583
  H      -5.664824      2.693832      1.417027
  H      -4.111399      1.980550      0.956509
  H      -7.076408      2.548081     -0.526816
  H      -8.119895      1.189238     -2.327487
  H      -5.669025     -2.171841     -1.227271
  H      -4.641706     -0.830416      0.595145
  N      -7.551148     -1.341469     -2.908989
  O      -6.826026     -2.098215     -3.527750
  O      -8.745722     -1.187428     -3.090414
  H     -13.007340     -6.698736    -10.063268
18
Coordinates from ORCA-job para_p_opt E -476.136283827942
  C      -5.785407      0.957849      0.164759
  C      -6.773732      1.522965     -0.677245
  C      -7.352922      0.783378     -1.678753
  C      -6.932273     -0.543056     -1.849679
  C      -5.955032     -1.142787     -1.046058
  C      -5.393495     -0.392410     -0.044449
  C      -5.150219      1.754320      1.239332
  H      -5.087523      1.180944      2.169206
  H      -5.662391      2.696432      1.421260
  H      -4.109423      1.979296      0.964781
  H      -7.074089      2.550614     -0.522460
  H      -8.116080      1.192771     -2.325170
  H      -5.665285     -2.168221     -1.225806
  H      -4.640177     -0.827911      0.599053
  N      -7.545992     -1.337069     -2.908559
  O      -6.819939     -2.092627     -3.527639
  O      -8.740584     -1.183644     -3.090515
  H     -13.054788     -6.746904    -10.117028
18
Coordinates from ORCA-job para_p_opt E -476.136301246104
  C      -5.784357      0.959757      0.169063
  C      -6.771316      1.525733     -0.673473
  C      -7.348770      0.787317     -1.676973
  C      -6.927118     -0.538527     -1.849275
  C      -5.950969     -1.139056     -1.045052
  C      -5.391581     -0.389946     -0.041256
  C      -5.151156      1.754634      1.246081
  H      -5.093932      1.181335      2.176446
  H      -5.660548      2.698617      1.425813
  H      -4.108148      1.975348      0.976499
  H      -7.071846      2.553132     -0.517342
  H      -8.111529      1.196831     -2.323779
  H      -5.660428     -2.164008     -1.226216
  H      -4.639388     -0.825700      0.603397
  N      -7.538739     -1.331110     -2.910378
  O      -6.811314     -2.085191     -3.529698
  O      -8.733227     -1.178329     -3.093770
  H     -13.104984     -6.796896    -10.165059
18
Coordinates from ORCA-job para_p_opt E -476.136318113293
  C      -5.783674      0.961172      0.173541
  C      -6.768883      1.528692     -0.669646
  C      -7.343978      0.791983     -1.675857
  C      -6.921084     -0.533266     -1.849936
  C      -5.946369     -1.135190     -1.044910
  C      -5.389665     -0.387896     -0.038275
  C      -5.153209      1.753927      1.253871
  H      -5.103632      1.180828      2.184909
  H      -5.659620      2.700022      1.430725
  H      -4.107557      1.969759      0.990792
  H      -7.069667      2.555736     -0.511788
  H      -8.106020      1.201835     -2.323290
  H      -5.654895     -2.159533     -1.227955
  H      -4.638923     -0.824182      0.607689
  N      -7.530019     -1.323774     -2.913844
  O      -6.800882     -2.075992     -3.533512
  O      -8.724325     -1.171782     -3.099181
  H     -13.156946     -6.848400    -10.208301
18
Coordinates from ORCA-job para_p_opt E -476.136334298670
  C      -5.783402      0.961961      0.178383
  C      -6.766406      1.531859     -0.665667
  C      -7.338269      0.797654     -1.675602
  C      -6.913960     -0.526976     -1.852090
  C      -5.941154     -1.131043     -1.046042
  C      -5.387755     -0.386353     -0.035713
  C      -5.156705      1.751782      1.263236
  H      -5.117696      1.178806      2.194991
  H      -5.659986      2.700203      1.436482
  H      -4.107922      1.962063      1.008657
  H      -7.067729      2.558367     -0.505591
  H      -8.098959      1.208374     -2.324066
  H      -5.648636     -2.154637     -1.231528
  H      -4.638774     -0.823705      0.611532
  N      -7.519457     -1.314531     -2.919727
  O      -6.788233     -2.064830     -3.539409
  O      -8.713330     -1.162940     -3.108179
  H     -13.210976     -6.902114    -10.244635
18
Coordinates from ORCA-job para_p_opt E -476.136350172453
  C      -5.783105      0.962490      0.183636
  C      -6.763785      1.535144     -0.661473
  C      -7.331984      0.804026     -1.675679
  C      -6.906520     -0.520047     -1.855002
  C      -5.935920     -1.126657     -1.047876
  C      -5.385869     -0.385058     -0.033528
  C      -5.160670      1.748775      1.273617
  H      -5.133545      1.175442      2.205714
  H      -5.661087      2.699362      1.443310
  H      -4.108776      1.953633      1.028231
  H      -7.066024      2.560975     -0.499033
  H      -8.090630      1.216392     -2.325495
  H      -5.642492     -2.149517     -1.235915
  H      -4.638593     -0.824100      0.614506
  N      -7.508354     -1.304146     -2.926988
  O      -6.774978     -2.052965     -3.546024
  O      -8.701482     -1.152034     -3.119588
  H     -13.265539     -6.957777    -10.277383
18
Coordinates from ORCA-job para_p_opt E -476.136366114465
  C      -5.782643      0.963010      0.189293
  C      -6.760958      1.538464     -0.657054
  C      -7.325436      0.810826     -1.675738
  C      -6.899295     -0.512733     -1.858198
  C      -5.931144     -1.122032     -1.050008
  C      -5.384241     -0.383803     -0.031575
  C      -5.164487      1.745306      1.284562
  H      -5.149270      1.170946      2.216429
  H      -5.662107      2.697902      1.451214
  H      -4.109672      1.944889      1.048253
  H      -7.064336      2.563568     -0.492263
  H      -8.081505      1.225600     -2.327032
  H      -5.637039     -2.144244     -1.240500
  H      -4.638543     -0.825100      0.616743
  N      -7.497490     -1.293089     -2.934998
  O      -6.761982     -2.040705     -3.552980
  O      -8.689633     -1.139556     -3.132298
  H     -13.319572     -7.015308    -10.308823
18
Coordinates from ORCA-job para_p_opt E -476.136382288241
  C      -5.782006      0.963650      0.195189
  C      -6.757867      1.541797     -0.652479
  C      -7.318936      0.817819     -1.675548
  C      -6.892647     -0.505241     -1.861288
  C      -5.927137     -1.117248     -1.052081
  C      -5.383106     -0.382493     -0.029634
  C      -5.167723      1.741701      1.295540
  H      -5.163292      1.165707      2.226631
  H      -5.662284      2.696261      1.459917
  H      -4.110219      1.936007      1.067600
  H      -7.062261      2.566243     -0.485411
  H      -8.072271      1.235513     -2.328157
  H      -5.632597     -2.138913     -1.244855
  H      -4.639000     -0.826426      0.618747
  N      -7.487420     -1.281723     -2.943111
  O      -6.749864     -2.027977     -3.560236
  O      -8.678521     -1.126308     -3.144884
  H     -13.372199     -7.074429    -10.340910
18
Coordinates from ORCA-job para_p_opt E -476.136398582211
  C      -5.781231      0.964397      0.200987
  C      -6.754506      1.545205     -0.647868
  C      -7.312795      0.824821     -1.674956
  C      -6.886757     -0.497778     -1.863883
  C      -5.923947     -1.112508     -1.053769
  C      -5.382486     -0.381179     -0.027489
  C      -5.170081      1.738253      1.305909
  H      -5.174497      1.160398      2.235953
  H      -5.661246      2.694770      1.468813
  H      -4.110172      1.927349      1.085200
  H      -7.059368      2.569177     -0.478615
  H      -8.063702      1.245486     -2.328460
  H      -5.629171     -2.133704     -1.248698
  H      -4.640165     -0.827821      0.621129
  N      -7.478527     -1.270397     -2.950496
  O      -6.739154     -2.014880     -3.567486
  O      -8.668757     -1.113259     -3.155798
  H     -13.422787     -7.134389    -10.375443
18
Coordinates from ORCA-job para_p_opt E -476.136415184608
  C      -5.780240      0.965214      0.206447
  C      -6.750963      1.548688     -0.643368
  C      -7.307136      0.831580     -1.673929
  C      -6.881585     -0.490687     -1.865643
  C      -5.921334     -1.108108     -1.054699
  C      -5.382046     -0.379942     -0.024998
  C      -5.171471      1.735311      1.315235
  H      -5.182505      1.155691      2.244204
  H      -5.659600      2.693456      1.477407
  H      -4.109654      1.920087      1.100245
  H      -7.055739      2.572394     -0.472174
  H      -8.056045      1.254980     -2.327967
  H      -5.626482     -2.128928     -1.251542
  H      -4.641641     -0.829129      0.624058
  N      -7.470844     -1.259662     -2.956401
  O      -6.730163     -2.002070     -3.574238
  O      -8.660434     -1.101049     -3.163964
  H     -13.471469     -7.193886    -10.413642
18
Coordinates from ORCA-job para_p_opt E -476.136431061351
  C      -5.779618      0.965288      0.211993
  C      -6.747022      1.552667     -0.638585
  C      -7.300921      0.839723     -1.673337
  C      -6.876072     -0.482212     -1.868512
  C      -5.918932     -1.103413     -1.056867
  C      -5.382170     -0.379427     -0.022860
  C      -5.173436      1.730690      1.325491
  H      -5.191959      1.149203      2.253260
  H      -5.657945      2.690720      1.487098
  H      -4.109470      1.910540      1.117128
  H      -7.051066      2.576130     -0.464699
  H      -8.047656      1.266194     -2.327840
  H      -5.624262     -2.123738     -1.256460
  H      -4.644351     -0.831668      0.627064
  N      -7.462711     -1.246534     -2.963955
  O      -6.720731     -1.987246     -3.582221
  O      -8.651598     -1.086188     -3.174588
  H     -13.519432     -7.256789    -10.447080
18
Coordinates from ORCA-job para_p_opt E -476.136446831199
  C      -5.778937      0.965368      0.217662
  C      -6.742847      1.556401     -0.634224
  C      -7.294351      0.847265     -1.672892
  C      -6.870434     -0.474563     -1.870807
  C      -5.916674     -1.099340     -1.057953
  C      -5.382435     -0.379145     -0.019949
  C      -5.175352      1.726752      1.335304
  H      -5.197409      1.142506      2.261279
  H      -5.658877      2.687056      1.498137
  H      -4.110392      1.905502      1.130969
  H      -7.046266      2.579704     -0.458388
  H      -8.038594      1.277023     -2.328056
  H      -5.622212     -2.119327     -1.259492
  H      -4.647362     -0.834568      0.630919
  N      -7.454402     -1.234595     -2.970633
  O      -6.712906     -1.973243     -3.591970
  O      -8.642444     -1.070303     -3.182132
  H     -13.567456     -7.318553    -10.482744
18
Coordinates from ORCA-job para_p_opt E -476.136463069012
  C      -5.778112      0.964919      0.223089
  C      -6.738435      1.561025     -0.629060
  C      -7.288081      0.856714     -1.672073
  C      -6.865533     -0.465012     -1.873795
  C      -5.915138     -1.094589     -1.060678
  C      -5.382871     -0.379290     -0.018259
  C      -5.176588      1.720953      1.345582
  H      -5.206070      1.134829      2.270234
  H      -5.656620      2.682994      1.508459
  H      -4.109741      1.895142      1.147461
  H      -7.040324      2.584219     -0.450035
  H      -8.029867      1.289845     -2.327801
  H      -5.621605     -2.114182     -1.265603
  H      -4.650564     -0.838071      0.633293
  N      -7.447480     -1.219702     -2.978193
  O      -6.704687     -1.957732     -3.598569
  O      -8.634824     -1.053961     -3.193750
  H     -13.612809     -7.384164    -10.515272
18
Coordinates from ORCA-job para_p_opt E -476.136479381881
  C      -5.776617      0.965428      0.228099
  C      -6.734304      1.565107     -0.624491
  C      -7.282619      0.864187     -1.670490
  C      -6.861366     -0.457602     -1.874671
  C      -5.913564     -1.090600     -1.061197
  C      -5.382547     -0.378693     -0.015812
  C      -5.176496      1.717780      1.353838
  H      -5.209400      1.129696      2.277137
  H      -5.655354      2.680231      1.517792
  H      -4.108882      1.890651      1.158807
  H      -7.035148      2.588247     -0.443443
  H      -8.022353      1.299900     -2.326826
  H      -5.620964     -2.110042     -1.268212
  H      -4.652213     -0.839994      0.636153
  N      -7.441974     -1.208592     -2.982244
  O      -6.698989     -1.946290     -3.602695
  O      -8.628724     -1.040878     -3.199933
  H     -13.657834     -7.444596    -10.556782
18
Coordinates from ORCA-job para_p_opt E -476.136496075977
  C      -5.774846      0.966203      0.232914
  C      -6.730174      1.569067     -0.620152
  C      -7.277448      0.871034     -1.668586
  C      -6.857627     -0.450960     -1.874649
  C      -5.912209     -1.087011     -1.060799
  C      -5.382059     -0.377963     -0.013032
  C      -5.175686      1.715521      1.361199
  H      -5.209476      1.125238      2.283022
  H      -5.654902      2.677473      1.527203
  H      -4.108023      1.889344      1.167321
  H      -7.029933      2.592222     -0.437460
  H      -8.015215      1.308897     -2.325716
  H      -5.620815     -2.106459     -1.269507
  H      -4.653442     -0.841375      0.639336
  N      -7.437285     -1.198840     -2.984803
  O      -6.694757     -1.936778     -3.605485
  O      -8.623439     -1.028663     -3.203959
  H     -13.702014     -7.503010    -10.601819
18
Coordinates from ORCA-job para_p_opt E -476.136512701797
  C      -5.772947      0.966948      0.237765
  C      -6.725799      1.573112     -0.615823
  C      -7.272286      0.878033     -1.666571
  C      -6.854297     -0.444273     -1.874447
  C      -5.911426     -1.083530     -1.060194
  C      -5.381924     -0.377383     -0.010146
  C      -5.174376      1.713221      1.368396
  H      -5.207644      1.120286      2.288465
  H      -5.654500      2.674261      1.537235
  H      -4.106999      1.888988      1.174646
  H      -7.024207      2.596386     -0.431559
  H      -8.008034      1.318133     -2.324467
  H      -5.621571     -2.103084     -1.270519
  H      -4.655138     -0.843065      0.642653
  N      -7.433225     -1.188978     -2.987141
  O      -6.691218     -1.927109     -3.608199
  O      -8.618760     -1.016123     -3.207620
  H     -13.744998     -7.561880    -10.647444
18
Coordinates from ORCA-job para_p_opt E -476.136529244705
  C      -5.770984      0.967537      0.242693
  C      -6.721082      1.577348     -0.611397
  C      -7.267064      0.885518     -1.664500
  C      -6.851386     -0.437219     -1.874325
  C      -5.911327     -1.080054     -1.059662
  C      -5.382302     -0.377071     -0.007255
  C      -5.172659      1.710495      1.375650
  H      -5.204510      1.114444      2.293672
  H      -5.653791      2.670444      1.547959
  H      -4.105719      1.888589      1.181440
  H      -7.017755      2.600829     -0.425518
  H      -8.000726      1.328222     -2.322991
  H      -5.623309     -2.099788     -1.271631
  H      -4.657622     -0.845421      0.645991
  N      -7.429767     -1.178428     -2.989688
  O      -6.688113     -1.916520     -3.611189
  O      -8.614626     -1.002833     -3.211624
  H     -13.786608     -7.622153    -10.692595
18
Coordinates from ORCA-job para_p_opt E -476.136546089037
  C      -5.768760      0.968293      0.247439
  C      -6.716182      1.581589     -0.607138
  C      -7.262221      0.892674     -1.662087
  C      -6.849236     -0.430656     -1.873427
  C      -5.911917     -1.076929     -1.058330
  C      -5.382906     -0.376782     -0.004018
  C      -5.169985      1.708400      1.382048
  H      -5.197692      1.108856      2.297802
  H      -5.653171      2.666522      1.558885
  H      -4.104104      1.890616      1.185486
  H      -7.010790      2.605451     -0.420040
  H      -7.993971      1.337917     -2.320998
  H      -5.625988     -2.096993     -1.271541
  H      -4.660353     -0.847786      0.649686
  N      -7.427499     -1.168695     -2.990989
  O      -6.686378     -1.906788     -3.613140
  O      -8.611708     -0.990355     -3.213954
  H     -13.826489     -7.681395    -10.740653
18
Coordinates from ORCA-job para_p_opt E -476.136563016106
  C      -5.766368      0.968694      0.252301
  C      -6.710660      1.586198     -0.602775
  C      -7.257241      0.900636     -1.659609
  C      -6.847875     -0.423535     -1.872519
  C      -5.913799     -1.073955     -1.056954
  C      -5.384340     -0.377097     -0.000682
  C      -5.166505      1.705614      1.388436
  H      -5.187512      1.101674      2.301294
  H      -5.652761      2.661067      1.571400
  H      -4.102327      1.893881      1.187839
  H      -7.002516      2.610642     -0.414457
  H      -7.986764      1.349062     -2.318829
  H      -5.630629     -2.094532     -1.271378
  H      -4.664349     -0.851418      0.653444
  N      -7.426363     -1.157886     -2.992408
  O      -6.685781     -1.896086     -3.615137
  O      -8.609784     -0.976396     -3.216714
  H     -13.863777     -7.742622    -10.788222
18
Coordinates from ORCA-job para_p_opt E -476.136580439339
  C      -5.763473      0.969271      0.256848
  C      -6.704612      1.590905     -0.598814
  C      -7.252772      0.908147     -1.656646
  C      -6.847992     -0.417281     -1.870159
  C      -5.917208     -1.071764     -1.053974
  C      -5.386344     -0.377668      0.003427
  C      -5.161172      1.703896      1.393196
  H      -5.168741      1.094548      2.302374
  H      -5.653418      2.654564      1.585197
  H      -4.100456      1.903244      1.184120
  H      -6.992942      2.616265     -0.410016
  H      -7.980172      1.359760     -2.316048
  H      -5.637552     -2.093231     -1.268769
  H      -4.669052     -0.855325      0.658071
  N      -7.427614     -1.148572     -2.991444
  O      -6.688247     -1.887445     -3.614964
  O      -8.610250     -0.963569     -3.216324
  H     -13.897333     -7.801805    -10.841045
18
Coordinates from ORCA-job para_p_opt E -476.136597205392
  C      -5.760560      0.968922      0.261792
  C      -6.697561      1.596321     -0.594388
  C      -7.247481      0.917744     -1.654000
  C      -6.848554     -0.409157     -1.868930
  C      -5.922082     -1.069262     -1.052245
  C      -5.389530     -0.379324      0.007056
  C      -5.155648      1.699875      1.399117
  H      -5.149407      1.084261      2.303760
  H      -5.653857      2.645373      1.601397
  H      -4.098685      1.910872      1.181595
  H      -6.981486      2.622707     -0.404459
  H      -7.971925      1.373941     -2.313496
  H      -5.646857     -2.091729     -1.267991
  H      -4.675681     -0.861608      0.662053
  N      -7.429566     -1.135969     -2.992352
  O      -6.691109     -1.875606     -3.616127
  O      -8.611255     -0.947202     -3.218929
  H     -13.928106     -7.866220    -10.888822
18
Coordinates from ORCA-job para_p_opt E -476.136614513371
  C      -5.756914      0.970536      0.265425
  C      -6.691744      1.600504     -0.591424
  C      -7.244102      0.922879     -1.650392
  C      -6.849639     -0.405449     -1.864103
  C      -5.925441     -1.068018     -1.046761
  C      -5.390560     -0.379084      0.012074
  C      -5.148721      1.701417      1.401017
  H      -5.123403      1.081153      2.301772
  H      -5.655460      2.640155      1.613788
  H      -4.097243      1.927863      1.171583
  H      -6.972257      2.627985     -0.402309
  H      -7.967151      1.381164     -2.309971
  H      -5.653686     -2.091644     -1.261428
  H      -4.678630     -0.863439      0.667590
  N      -7.432973     -1.131451     -2.986751
  O      -6.696781     -1.872736     -3.611338
  O      -8.614419     -0.940251     -3.212018
  H     -13.960226     -7.917643    -10.951723
18
Coordinates from ORCA-job para_p_opt E -476.136630362464
  C      -5.754133      0.970841      0.270102
  C      -6.685845      1.605232     -0.587042
  C      -7.239001      0.931083     -1.647762
  C      -6.848575     -0.398172     -1.863018
  C      -5.927602     -1.065029     -1.045522
  C      -5.391809     -0.379512      0.015104
  C      -5.144818      1.698518      1.407117
  H      -5.112501      1.074274      2.304719
  H      -5.654861      2.634065      1.626293
  H      -4.095592      1.931772      1.173802
  H      -6.963370      2.633277     -0.396606
  H      -7.959652      1.392809     -2.307574
  H      -5.658964     -2.089227     -1.261398
  H      -4.682285     -0.867194      0.670749
  N      -7.432860     -1.120590     -2.987466
  O      -6.697610     -1.862558     -3.612243
  O      -8.613726     -0.926611     -3.213868
  H     -13.996146     -7.979041    -11.000354
18
Coordinates from ORCA-job para_p_opt E -476.136646455080
  C      -5.751276      0.972316      0.274160
  C      -6.681267      1.609076     -0.583180
  C      -7.234987      0.936759     -1.644721
  C      -6.846897     -0.393058     -1.860707
  C      -5.927693     -1.062216     -1.043142
  C      -5.391287     -0.378476      0.018350
  C      -5.141293      1.698358      1.411843
  H      -5.104703      1.071915      2.307644
  H      -5.653471      2.631900      1.634770
  H      -4.093508      1.935867      1.176165
  H      -6.957033      2.637478     -0.392097
  H      -7.954339      1.400295     -2.304680
  H      -5.660876     -2.086765     -1.259617
  H      -4.683066     -0.867899      0.674106
  N      -7.431944     -1.113627     -2.985948
  O      -6.697717     -1.856127     -3.611197
  O      -8.612575     -0.917852     -3.212302
  H     -14.035416     -8.034005    -11.054417
18
Coordinates from ORCA-job para_p_opt E -476.136662408458
  C      -5.748464      0.973967      0.278132
  C      -6.677109      1.612752     -0.579215
  C      -7.231288      0.942108     -1.641536
  C      -6.845008     -0.388093     -1.858431
  C      -5.927189     -1.059228     -1.040976
  C      -5.390324     -0.377112      0.021341
  C      -5.138023      1.698380      1.416606
  H      -5.100186      1.070480      2.311288
  H      -5.650758      2.631152      1.641573
  H      -4.090717      1.937394      1.180295
  H      -6.951468      2.641409     -0.387404
  H      -7.949639      1.407169     -2.301506
  H      -5.661766     -2.083981     -1.258190
  H      -4.683121     -0.868039      0.677075
  N      -7.430601     -1.106863     -2.984550
  O      -6.697137     -1.849471     -3.610499
  O      -8.611021     -0.909476     -3.210767
  H     -14.075530     -8.088607    -11.108206
18
Coordinates from ORCA-job para_p_opt E -476.136678240277
  C      -5.745644      0.975701      0.282011
  C      -6.673186      1.616401     -0.575102
  C      -7.227896      0.947392     -1.638161
  C      -6.843201     -0.383101     -1.856138
  C      -5.926508     -1.056105     -1.038976
  C      -5.389158     -0.375587      0.024130
  C      -5.134699      1.698398      1.421319
  H      -5.097713      1.069561      2.315377
  H      -5.646659      2.631397      1.647124
  H      -4.087139      1.936730      1.185497
  H      -6.946258      2.645244     -0.382463
  H      -7.945482      1.413884     -2.297954
  H      -5.662277     -2.080988     -1.257037
  H      -4.682814     -0.867962      0.679712
  N      -7.429279     -1.100029     -2.983191
  O      -6.696396     -1.842510     -3.609963
  O      -8.609451     -0.901108     -3.209300
  H     -14.115592     -8.143379    -11.161856
18
Coordinates from ORCA-job para_p_opt E -476.136694000976
  C      -5.742772      0.977602      0.285738
  C      -6.669528      1.619998     -0.570913
  C      -7.224867      0.952457     -1.634578
  C      -6.841502     -0.378237     -1.853679
  C      -5.925607     -1.052896     -1.036977
  C      -5.387691     -0.373833      0.026775
  C      -5.131248      1.698641      1.425810
  H      -5.096852      1.069446      2.319753
  H      -5.641269      2.632758      1.651321
  H      -4.082820      1.934376      1.191346
  H      -6.941493      2.648974     -0.377436
  H      -7.941944      1.420225     -2.294024
  H      -5.662367     -2.077854     -1.255890
  H      -4.681974     -0.867515      0.682051
  N      -7.428095     -1.093471     -2.981551
  O      -6.695691     -1.835703     -3.609221
  O      -8.608048     -0.893280     -3.207443
  H     -14.155583     -8.197749    -11.216052
18
Coordinates from ORCA-job para_p_opt E -476.136709681674
  C      -5.739814      0.979608      0.289357
  C      -6.665991      1.623602     -0.566672
  C      -7.222066      0.957435     -1.630844
  C      -6.839951     -0.373420     -1.851077
  C      -5.924655     -1.049635     -1.034971
  C      -5.386033     -0.371955      0.029304
  C      -5.127604      1.699014      1.430120
  H      -5.096815      1.069848      2.324267
  H      -5.634935      2.634804      1.654664
  H      -4.077962      1.930966      1.197451
  H      -6.936942      2.652684     -0.372360
  H      -7.938764      1.426426     -2.289836
  H      -5.662360     -2.074653     -1.254727
  H      -4.680775     -0.866886      0.684130
  N      -7.427190     -1.087078     -2.979616
  O      -6.695284     -1.829079     -3.608210
  O      -8.606970     -0.885802     -3.205165
  H     -14.195240     -8.251939    -11.270783
18
Coordinates from ORCA-job para_p_opt E -476.136725294387
  C      -5.736723      0.981720      0.292874
  C      -6.662459      1.627212     -0.562463
  C      -7.219415      0.962299     -1.626989
  C      -6.838592     -0.368734     -1.848253
  C      -5.923766     -1.046412     -1.032816
  C      -5.384258     -0.370001      0.031814
  C      -5.123676      1.699607      1.434169
  H      -5.096568      1.070668      2.328648
  H      -5.628123      2.637200      1.657579
  H      -4.072804      1.927517      1.203189
  H      -6.932401      2.656413     -0.367395
  H      -7.935805      1.432463     -2.285482
  H      -5.662474     -2.071523     -1.253335
  H      -4.679334     -0.866109      0.686106
  N      -7.426701     -1.080994     -2.977221
  O      -6.695462     -1.822899     -3.606764
  O      -8.606379     -0.878718     -3.202191
  H     -14.234411     -8.305769    -11.326441
18
Coordinates from ORCA-job para_p_opt E -476.136740808675
  C      -5.733487      0.983827      0.296352
  C      -6.658761      1.630897     -0.558263
  C      -7.216780      0.967262     -1.623054
  C      -6.837474     -0.364017     -1.845304
  C      -5.923143     -1.043240     -1.030589
  C      -5.382554     -0.368112      0.034305
  C      -5.119418      1.700187      1.438073
  H      -5.095643      1.071452      2.332837
  H      -5.621055      2.639484      1.660557
  H      -4.067451      1.924276      1.208460
  H      -6.927540      2.660261     -0.362476
  H      -7.932835      1.438673     -2.281024
  H      -5.663047     -2.068495     -1.251847
  H      -4.677962     -0.865449      0.688023
  N      -7.426710     -1.074890     -2.974553
  O      -6.696337     -1.816826     -3.605091
  O      -8.606331     -0.871537     -3.198759
  H     -14.272821     -8.359811    -11.382618
18
Coordinates from ORCA-job para_p_opt E -476.136756243306
  C      -5.730089      0.985954      0.299767
  C      -6.654871      1.634641     -0.554122
  C      -7.214181      0.972260     -1.619029
  C      -6.836637     -0.359362     -1.842154
  C      -5.922829     -1.040172     -1.028183
  C      -5.380945     -0.366288      0.036840
  C      -5.114764      1.700848      1.441742
  H      -5.093604      1.072227      2.336685
  H      -5.613881      2.641602      1.663676
  H      -4.061944      1.921674      1.212971
  H      -6.922289      2.664238     -0.357706
  H      -7.929899      1.444942     -2.276454
  H      -5.664128     -2.065639     -1.250103
  H      -4.676702     -0.864868      0.689988
  N      -7.427278     -1.068899     -2.971500
  O      -6.698004     -1.810990     -3.603119
  O      -8.606889     -0.864361     -3.194685
  H     -14.310416     -8.413869    -11.439583
18
Coordinates from ORCA-job para_p_opt E -476.136771530228
  C      -5.726559      0.987991      0.303175
  C      -6.650725      1.638509     -0.549957
  C      -7.211532      0.977522     -1.614947
  C      -6.836066     -0.354534     -1.838978
  C      -5.922903     -1.037139     -1.025802
  C      -5.379538     -0.364624      0.039335
  C      -5.109773      1.701288      1.445372
  H      -5.090862      1.072625      2.340361
  H      -5.606487      2.643355      1.667086
  H      -4.056234      1.919148      1.217167
  H      -6.916518      2.668400     -0.352889
  H      -7.926845      1.451622     -2.271793
  H      -5.665841     -2.062869     -1.248414
  H      -4.675737     -0.864593      0.691903
  N      -7.428348     -1.062584     -2.968391
  O      -6.700326     -1.804876     -3.601182
  O      -8.607953     -0.856695     -3.190430
  H     -14.347103     -8.468605    -11.496586
18
Coordinates from ORCA-job para_p_opt E -476.136786723126
  C      -5.722908      0.990078      0.306502
  C      -6.646476      1.642399     -0.545865
  C      -7.208958      0.982726     -1.610786
  C      -6.835710     -0.349828     -1.835594
  C      -5.923171     -1.034199     -1.023226
  C      -5.378167     -0.362971      0.041889
  C      -5.104477      1.701880      1.448754
  H      -5.087284      1.073130      2.343735
  H      -5.599004      2.645089      1.670480
  H      -4.050383      1.917161      1.220752
  H      -6.910513      2.672637     -0.348242
  H      -7.923912      1.458205     -2.267027
  H      -5.667850     -2.060238     -1.246427
  H      -4.674803     -0.864300      0.693889
  N      -7.429826     -1.056474     -2.964918
  O      -6.703219     -1.799044     -3.598972
  O      -8.609452     -0.849182     -3.185580
  H     -14.383235     -8.523129    -11.554334
18
Coordinates from ORCA-job para_p_opt E -476.136801669298
  C      -5.719252      0.991956      0.309918
  C      -6.642018      1.646436     -0.541629
  C      -7.206228      0.988396     -1.606643
  C      -6.835458     -0.344689     -1.832451
  C      -5.923756     -1.031173     -1.020950
  C      -5.377055     -0.361546      0.044309
  C      -5.099115      1.701918      1.452405
  H      -5.083834      1.072893      2.347247
  H      -5.591306      2.646303      1.674295
  H      -4.044415      1.914477      1.224741
  H      -6.904091      2.677034     -0.343276
  H      -7.920668      1.465516     -2.262255
  H      -5.670367     -2.057528     -1.244906
  H      -4.674285     -0.864503      0.695699
  N      -7.431455     -1.049571     -2.961889
  O      -6.706239     -1.792385     -3.597215
  O      -8.611028     -0.840672     -3.181356
  H     -14.418782     -8.578921    -11.611015
18
Coordinates from ORCA-job para_p_opt E -476.136816601127
  C      -5.715576      0.994072      0.313197
  C      -6.637753      1.650316     -0.537601
  C      -7.203685      0.993514     -1.602469
  C      -6.835165     -0.340079     -1.828951
  C      -5.924082     -1.028285     -1.018238
  C      -5.375696     -0.359881      0.046932
  C      -5.093735      1.702629      1.455645
  H      -5.079743      1.073468      2.350425
  H      -5.583943      2.648001      1.677704
  H      -4.038604      1.912942      1.227954
  H      -6.898035      2.681274     -0.338760
  H      -7.917784      1.471968     -2.257481
  H      -5.672447     -2.054966     -1.242683
  H      -4.673369     -0.864174      0.697770
  N      -7.433036     -1.043623     -2.958230
  O      -6.709309     -1.786759     -3.594872
  O      -8.612622     -0.833312     -3.176201
  H     -14.454765     -8.633164    -11.669110
18
Coordinates from ORCA-job para_p_opt E -476.136831104713
  C      -5.712078      0.995687      0.316791
  C      -6.633220      1.654434     -0.533171
  C      -7.200695      0.999643     -1.598455
  C      -6.834729     -0.334431     -1.826261
  C      -5.924727     -1.025084     -1.016430
  C      -5.374805     -0.358660      0.049195
  C      -5.088711      1.701996      1.459813
  H      -5.077114      1.072374      2.354328
  H      -5.576386      2.648623      1.682068
  H      -4.032848      1.909306      1.232868
  H      -6.891494      2.685703     -0.333339
  H      -7.914074      1.480005     -2.252859
  H      -5.675067     -2.052030     -1.241870
  H      -4.673251     -0.864853      0.699395
  N      -7.434265     -1.035782     -2.956028
  O      -6.711723     -1.779038     -3.593850
  O      -8.613693     -0.823746     -3.173224
  H     -14.490470     -8.690207    -11.723942
18
Coordinates from ORCA-job para_p_opt E -476.136845733429
  C      -5.708850      0.997714      0.320291
  C      -6.629324      1.658109     -0.529106
  C      -7.197907      1.004599     -1.594593
  C      -6.833677     -0.329798     -1.823215
  C      -5.924392     -1.022066     -1.013959
  C      -5.373375     -0.356915      0.051901
  C      -5.084387      1.702600      1.463605
  H      -5.074175      1.072713      2.357963
  H      -5.570396      2.650041      1.686014
  H      -4.028084      1.907980      1.236997
  H      -6.886223      2.689602     -0.328659
  H      -7.910836      1.486217     -2.248566
  H      -5.676084     -2.049208     -1.239995
  H      -4.672346     -0.864369      0.701682
  N      -7.434338     -1.029711     -2.953268
  O      -6.712698     -1.773029     -3.592087
  O      -8.613657     -0.816474     -3.169684
  H     -14.528599     -8.744065    -11.780290
18
Coordinates from ORCA-job para_p_opt E -476.136860297549
  C      -5.705916      0.999849      0.323869
  C      -6.625785      1.661553     -0.525156
  C      -7.195034      1.009110     -1.590951
  C      -6.832053     -0.325493     -1.820278
  C      -5.923389     -1.019034     -1.011408
  C      -5.371719     -0.354946      0.054782
  C      -5.080787      1.703577      1.467543
  H      -5.071617      1.073395      2.361712
  H      -5.565627      2.651569      1.690134
  H      -4.024155      1.907618      1.241281
  H      -6.881703      2.693183     -0.324172
  H      -7.907547      1.491733     -2.244636
  H      -5.676035     -2.046292     -1.237970
  H      -4.671157     -0.863407      0.704281
  N      -7.433389     -1.024225     -2.950701
  O      -6.712330     -1.767519     -3.590228
  O      -8.612604     -0.810080     -3.166674
  H     -14.568504     -8.796653    -11.836399
18
Coordinates from ORCA-job para_p_opt E -476.136874816055
  C      -5.703210      1.002061      0.327515
  C      -6.622518      1.664820     -0.521289
  C      -7.192083      1.013297     -1.587484
  C      -6.829966     -0.321419     -1.817453
  C      -5.921873     -1.015986     -1.008820
  C      -5.369895     -0.352812      0.057786
  C      -5.077769      1.704807      1.471632
  H      -5.069400      1.074279      2.365568
  H      -5.561845      2.653134      1.694451
  H      -4.020894      1.907988      1.245748
  H      -6.877762      2.696521     -0.319813
  H      -7.904193      1.496744     -2.241000
  H      -5.675168     -2.043291     -1.235876
  H      -4.669766     -0.862092      0.707110
  N      -7.431614     -1.019145     -2.948336
  O      -6.710877     -1.762347     -3.588331
  O      -8.610719     -0.804304     -3.164178
  H     -14.609799     -8.848317    -11.892198
18
Coordinates from ORCA-job para_p_opt E -476.136889251528
  C      -5.700650      1.004309      0.331210
  C      -6.619401      1.667991     -0.517469
  C      -7.189061      1.017319     -1.584137
  C      -6.827581     -0.317455     -1.814727
  C      -5.920047     -1.012917     -1.006239
  C      -5.367982     -0.350589      0.060851
  C      -5.075123      1.706150      1.475844
  H      -5.067417      1.075215      2.369500
  H      -5.558696      2.654665      1.698947
  H      -4.018057      1.908786      1.250375
  H      -6.874156      2.699718     -0.315514
  H      -7.900768      1.501490     -2.237557
  H      -5.673817     -2.040228     -1.233784
  H      -4.668279     -0.860585      0.710073
  N      -7.429317     -1.014265     -2.946134
  O      -6.708762     -1.757344     -3.586461
  O      -8.608303     -0.798825     -3.162039
  H     -14.651933     -8.899493    -11.947708
