18
Coordinates from ORCA-job para_p_opt
  C   -5.69833092361994      1.00686092459078      0.33485155073378
  C   -6.61680458273250      1.67081204129629     -0.51390840449094
  C   -7.18619273725617      1.02045560106836     -1.58091495155330
  C   -6.82470599943010     -0.31426466461225     -1.81176612108115
  C   -5.91745804808162     -1.00999324425869     -1.00318878997674
  C   -5.36566523100152     -0.34797487006664      0.06423725342932
  C   -5.07305743438627      1.70840368139421      1.47981034621772
  H   -5.06527828138158      1.07716392145458      2.37324524966903
  H   -5.55683733451661      2.65675107330755      1.70319573272173
  H   -4.01601912953277      1.91136256987490      1.25447618269080
  H   -6.87155972048808      2.70250277032083     -0.31175910599881
  H   -7.89767717421053      1.50485388900656     -2.23441149022560
  H   -5.67120614031689     -2.03725120520009     -1.23094987468862
  H   -4.66618171327849     -0.85818501679974      0.71352336890359
  N   -7.42608391142514     -1.01068678627015     -2.94360382798451
  O   -6.70542290043114     -1.75361261013017     -3.58398045937197
  O   -8.60498382670229     -0.79503698488568     -3.15976323113312
  H   -14.69588491120795     -8.94822109009061    -12.00406342786115
