12
Coordinates from ORCA-job benezen E -232.183230964430
  C      -4.127240      1.598090      0.000000
  C      -5.236140      0.753090      0.000000
  C      -5.058790     -0.629750      0.000000
  C      -3.772550     -1.167590      0.000000
  C      -2.663650     -0.322590      0.000000
  C      -2.840990      1.060250      0.000000
  H      -4.265550      2.676550      0.000000
  H      -1.976170      1.719260      0.000000
  H      -1.660520     -0.742040      0.000000
  H      -3.634240     -2.246050      0.000000
  H      -5.923620     -1.288760      0.000000
  H      -6.239270      1.172540      0.000000
12
Coordinates from ORCA-job benezen E -232.183340039652
  C      -4.126989      1.595790     -0.000000
  C      -5.233980      0.752199      0.000000
  C      -5.056871     -0.628304      0.000000
  C      -3.772801     -1.165291     -0.000000
  C      -2.665810     -0.321699     -0.000000
  C      -2.842914      1.058803      0.000000
  H      -4.264779      2.670199      0.000000
  H      -1.981323      1.715282      0.000000
  H      -1.666467     -0.739582     -0.000000
  H      -3.635010     -2.239700      0.000000
  H      -5.918466     -1.284779      0.000000
  H      -6.233322      1.170083     -0.000000
12
Coordinates from ORCA-job benezen E -232.183341133332
  C      -4.126959      1.595428     -0.000000
  C      -5.233630      0.752050     -0.000000
  C      -5.056543     -0.628068      0.000000
  C      -3.772830     -1.164929     -0.000000
  C      -2.666159     -0.321550     -0.000000
  C      -2.843244      1.058567      0.000000
  H      -4.264737      2.669765      0.000000
  H      -1.981684      1.714972      0.000000
  H      -1.666886     -0.739412     -0.000000
  H      -3.635051     -2.239266      0.000000
  H      -5.918106     -1.284470      0.000000
  H      -6.232903      1.169913     -0.000000
