NEB log file generated by ORCA
All quantities are given in atomic units. Unless stated otherwise. 
iteration       : 0
climbing        : no
zoom on         : no
nim             : 10
barrier         :   0.23900369 (image:  6) 
distance        :   0.00000000    1.32763437    2.65825046    3.99420101    5.33289449    6.67503646    8.01968650    9.36621018   10.71303914   12.06024502 
energy          : -436.45913024  -436.42994971  -436.37245788  -436.29036770  -436.24404867  -436.22718221  -436.22012655  -436.24271726  -436.33505740  -436.41754550 
max(|Fr_perp|)   :   0.00000000    0.06698616    0.09455480    0.09323225    0.08709183    0.08445107    0.09574102    0.08508335    0.04697901    0.00000000 
Fr_paral         :   0.00000000   -0.03489043   -0.06456344   -0.05274551   -0.02224505   -0.01188247    0.00076283    0.04526603    0.07138862    0.00000000 
max(|Fsp_paral|) :   0.00000000    0.01147034    0.01853327    0.01023349    0.00388689    0.00159825    0.00006429    0.00459944    0.02078288    0.00000000 
max(|Fsp_perp|)  :   0.00000000    0.00000000    0.00000000    0.00000000    0.00000000    0.00000000    0.00000000    0.00000000    0.00000000    0.00000000 
max(|FNEB|)      :   0.00000000    0.06500591    0.09120357    0.08705786    0.08589423    0.08571758    0.09580904    0.08090585    0.05761315    0.00000000 
max(|Force|)     :   0.00902149    0.07023986    0.09903635    0.10543151    0.08991860    0.08117304    0.09597132    0.09869616    0.06642250    0.06819510 
ksp              :   0.01000000    0.03057914    0.06799723    0.08910008    0.09678526    0.10000000    0.10000000    0.08969171    0.04760092 
max(|step|)      :   0.00000000    0.06784946    0.09519307    0.09086602    0.08965149    0.08946711    0.10000000    0.08444491    0.06013332    0.00000000 
angle (deg.)     :    20.2239  21.2235  18.2907  14.4277  10.2842  9.4774  9.1913  11.7381 
>
iteration       : 1
climbing        : no
zoom on         : no
nim             : 10
barrier         :   0.21508158 (image:  4) 
distance        :   0.00000000    1.35753358    2.72356793    4.03549410    5.36078170    6.70566947    8.04721196    9.38518087   10.68220883   12.08436810 
energy          : -436.45913024  -436.43991135  -436.37245788  -436.29036770  -436.24404867  -436.25401745  -436.24732792  -436.26265376  -436.34492964  -436.41754550 
max(|Fr_perp|)   :   0.00000000    0.08617747    0.09389006    0.09148661    0.08640360    0.07791332    0.08456489    0.08543221    0.04290133    0.00000000 
Fr_paral         :   0.00000000   -0.02678386   -0.06410598   -0.05979860   -0.02343591   -0.00809443    0.00071751    0.04051992    0.06948061    0.00000000 
max(|Fsp_paral|) :   0.00000000    0.01308661    0.02016631    0.01245600    0.00071421    0.00094186    0.00011682    0.00450740    0.01843157    0.00000000 
max(|Fsp_perp|)  :   0.00000000    0.00000000    0.00000000    0.00000000    0.00000000    0.00000000    0.00000000    0.00000000    0.00000000    0.00000000 
max(|FNEB|)      :   0.00000000    0.08659563    0.08961377    0.08779283    0.08611665    0.07714777    0.08446263    0.08125977    0.05408801    0.00000000 
max(|Force|)     :   0.00902149    0.08582402    0.09896275    0.10523556    0.08981465    0.07555286    0.08477116    0.09722469    0.06341105    0.06819510 
ksp              :   0.01000000    0.03338882    0.07597240    0.10000000    0.10000000    0.09829892    0.09829892    0.09034877    0.04766886 
max(|step|)      :   0.00000000    0.05499937    0.09917586    0.09870541    0.09682990    0.09040253    0.10000000    0.08907011    0.05871129    0.01364548 
angle (deg.)     :    22.1478  24.3959  19.1557  17.0455  10.1523  11.6533  10.5222  13.2645 
>
iteration       : 2
climbing        : no
zoom on         : no
nim             : 10
barrier         :   0.21508158 (image:  4) 
distance        :   0.00000000    1.39985084    2.81727506    4.11346548    5.42567285    6.77502754    8.11965075    9.45288138   10.70707555   12.17314126 
energy          : -436.45913024  -436.44686190  -436.35780622  -436.29036770  -436.24404867  -436.26621610  -436.25770832  -436.27780497  -436.35283386  -436.41754550 
max(|Fr_perp|)   :   0.00000000    0.04208708    0.29346019    0.08982858    0.08469951    0.11123201    0.11193997    0.07138154    0.04071428    0.00000000 
Fr_paral         :   0.00000000   -0.02342068   -0.02796213   -0.06670015   -0.02868406   -0.00456384    0.00293328    0.03907757    0.06774066    0.00000000 
max(|Fsp_paral|) :   0.00000000    0.01706940    0.01504793    0.01298726    0.00130370    0.00348867    0.00034713    0.00649209    0.01451802    0.00000000 
max(|Fsp_perp|)  :   0.00000000    0.00000000    0.00000000    0.00000000    0.00000000    0.00000000    0.00000000    0.00000000    0.00000000    0.00000000 
max(|FNEB|)      :   0.00000000    0.04003576    0.30356648    0.08797326    0.08404245    0.11183203    0.11238608    0.06561599    0.04983375    0.00000000 
max(|Force|)     :   0.00902149    0.04338460    0.28932044    0.10523556    0.08981465    0.11173514    0.11228223    0.08249452    0.05622863    0.06819510 
ksp              :   0.01000000    0.04120628    0.07597240    0.10000000    0.10000000    0.09293861    0.09293861    0.08249887    0.04357402 
max(|step|)      :   0.00000000    0.01318846    0.10000000    0.02897990    0.02768502    0.03683939    0.03702190    0.02161503    0.01641609    0.00000000 
angle (deg.)     :    19.2393  24.9215  24.0205  18.8649  11.4341  11.5830  10.9117  13.1945 
>
iteration       : 3
climbing        : no
zoom on         : no
nim             : 10
barrier         :   0.21508158 (image:  4) 
distance        :   0.00000000    1.41579582    2.81995439    4.13805439    5.44454438    6.79488323    8.14467518    9.47023731   10.71716585   12.19772909 
energy          : -436.45913024  -436.44850094  -436.35780622  -436.29036770  -436.24404867  -436.27423180  -436.26529987  -436.28178881  -436.35511044  -436.41754550 
max(|Fr_perp|)   :   0.00000000    0.03571698    0.30002613    0.08938928    0.08327281    0.05522594    0.06188692    0.06440380    0.04101449    0.00000000 
Fr_paral         :   0.00000000   -0.01602491   -0.11255738   -0.06856735   -0.03276757   -0.00844628    0.00013040    0.03948577    0.06843915    0.00000000 
max(|Fsp_paral|) :   0.00000000    0.01889175    0.01496689    0.01224157    0.00158611    0.00499522    0.00070464    0.00559984    0.01392364    0.00000000 
max(|Fsp_perp|)  :   0.00000000    0.00000000    0.00000000    0.00000000    0.00000000    0.00000000    0.00000000    0.00000000    0.00000000    0.00000000 
max(|FNEB|)      :   0.00000000    0.02830839    0.30473295    0.08773779    0.08239572    0.05630834    0.06126067    0.05938703    0.04957364    0.00000000 
max(|Force|)     :   0.00902149    0.04045748    0.28758152    0.10523556    0.08981465    0.05437850    0.06192477    0.07562377    0.05581806    0.06819510 
ksp              :   0.01000000    0.04098924    0.07597240    0.10000000    0.10000000    0.08897612    0.08897612    0.08042262    0.04238766 
max(|step|)      :   0.00000000    0.01007745    0.10000000    0.02967701    0.02779114    0.01734251    0.01839954    0.01756352    0.01574721    0.00410704 
angle (deg.)     :    18.1158  33.0114  30.7635  20.7081  12.7097  11.7731  11.2921  13.4370 
>
