18
Coordinates from ORCA-job meta_products_optfreq
  C   -4.03509000000000      2.51180000000000     -0.55514000000000
  C   -4.77000000000000      2.02965000000000     -1.64029000000000
  C   -4.49367000000000      0.77149000000000     -2.18320000000000
  C   -3.47487000000000     -0.00554000000000     -1.62492000000000
  C   -2.74214000000000      0.47083000000000     -0.53695000000000
  C   -3.02295000000000      1.72728000000000      0.00045000000000
  C   -4.36577000000000      3.87817000000000      0.04488000000000
  H   -3.24371000000000     -0.98447000000000     -2.03032000000000
  H   -5.55404000000000      2.64675000000000     -2.06457000000000
  H   -4.07775000000000      3.90721000000000      1.10620000000000
  H   -5.44544000000000      4.07300000000000     -0.03675000000000
  H   -3.81370000000000      4.65625000000000     -0.50267000000000
  H   -2.44723000000000      2.09392000000000      0.84317000000000
  H   -1.95284000000000     -0.13692000000000     -0.10813000000000
  N   -5.20347000000000      0.31135000000000     -3.23556000000000
  O   -4.98693000000000     -0.67912000000000     -3.66416000000000
  O   -6.00679000000000      0.92121000000000     -3.67641000000000
  H   -9.13448000000000     -1.06040000000000      3.05524000000000
