17
Coordinates from ORCA-job neb_ed_ts_MEP_ALL E -491.775266007901
  C      -4.141126     -0.451046      0.365030
  C      -3.925548     -1.813607      0.732735
  C      -2.646704     -2.338080      0.714702
  C      -1.551327     -1.537806      0.335966
  C      -1.754527     -0.192375     -0.027424
  C      -3.024794      0.353109     -0.016155
  H      -4.777792     -2.430885      1.025906
  H      -2.486242     -3.380667      0.996372
  H      -0.545009     -1.960538      0.324127
  H      -0.903513      0.425484     -0.320934
  H      -3.186913      1.396206     -0.297352
  N      -5.384566      0.069839      0.377322
  H      -6.186777     -0.489472      0.644707
  H      -5.553553      1.035388      0.118605
  N      15.455052      3.570264     -1.711106
  O      16.295247      4.379198     -1.715037
  O      14.318091      3.364989     -1.547463
17
Coordinates from ORCA-job neb_ed_ts_MEP_ALL E -491.773560495127
  C      -3.797911     -0.331302      0.288124
  C      -3.700327     -1.711836      0.638194
  C      -2.464336     -2.325571      0.689041
  C      -1.287499     -1.598951      0.402679
  C      -1.361953     -0.240982      0.063368
  C      -2.596429      0.399914      0.007652
  H      -4.610563     -2.274861      0.857124
  H      -2.398186     -3.383479      0.951789
  H      -0.318137     -2.099200      0.441012
  H      -0.452685      0.319108     -0.163146
  H      -2.647040      1.480254     -0.147615
  N      -4.996328      0.273875      0.230050
  H      -5.850928     -0.236451      0.425747
  H      -5.083082      1.251713     -0.027108
  N      13.992236      3.276877     -1.594421
  O      14.702608      4.208234     -1.648309
  O      12.870560      2.992659     -1.414177
17
Coordinates from ORCA-job neb_ed_ts_MEP_ALL E -491.768240480335
  C      -3.443891     -0.209055      0.205094
  C      -3.472275     -1.597024      0.537046
  C      -2.293550     -2.302792      0.661362
  C      -1.042812     -1.663815      0.478571
  C      -0.984258     -0.304373      0.171065
  C      -2.166797      0.435146      0.016399
  H      -4.434462     -2.096097      0.672382
  H      -2.327155     -3.367853      0.901064
  H      -0.122550     -2.243328      0.569930
  H      -0.022023      0.186693      0.015133
  H      -2.116587      1.526249      0.063784
  N      -4.583603      0.482078      0.070696
  H      -5.485338      0.030364      0.187902
  H      -4.579411      1.463052     -0.192124
  N      12.539038      3.011868     -1.480605
  O      13.076816      4.053909     -1.595309
  O      11.458860      2.594980     -1.282391
17
Coordinates from ORCA-job neb_ed_ts_MEP_ALL E -491.759426393501
  C      -3.079366     -0.087442      0.116200
  C      -3.239419     -1.470042      0.431368
  C      -2.133213     -2.267004      0.631090
  C      -0.821515     -1.727561      0.559049
  C      -0.631065     -0.379175      0.288925
  C      -1.737553      0.465910      0.027694
  H      -4.244089     -1.896741      0.476913
  H      -2.268575     -3.329930      0.844430
  H       0.037693     -2.384568      0.705170
  H       0.375947      0.034372      0.207777
  H      -1.625507      1.518729      0.314129
  N      -4.145687      0.688906     -0.096247
  H      -5.085961      0.305251     -0.061000
  H      -4.041147      1.663583     -0.366566
  N      11.096092      2.791307     -1.367025
  O      11.419877      3.912397     -1.555651
  O      10.123490      2.162009     -1.156257
17
Coordinates from ORCA-job neb_ed_ts_MEP_ALL E -491.738002165314
  C      -2.701831      0.030623      0.021416
  C      -2.997465     -1.332091      0.321549
  C      -1.978975     -2.216586      0.597030
  C      -0.622155     -1.787486      0.639258
  C      -0.302445     -0.463813      0.407943
  C      -1.311596      0.492225      0.070353
  H      -4.032359     -1.678774      0.274773
  H      -2.216209     -3.267174      0.781380
  H       0.163671     -2.517343      0.841136
  H       0.737394     -0.132302      0.410169
  H      -1.184807      1.468876      0.560057
  N      -3.678683      0.891438     -0.265400
  H      -4.646505      0.583308     -0.313472
  H      -3.466257      1.849322     -0.533580
  N       9.469705      2.683406     -1.201271
  O       9.794927      3.762993     -1.552175
  O       8.973589      1.633378     -1.059168
17
Coordinates from ORCA-job neb_ed_ts_MEP_ALL E -491.735404841505
  C      -2.316438      0.142795     -0.071368
  C      -2.745389     -1.188200      0.210305
  C      -1.828910     -2.151863      0.560045
  C      -0.444357     -1.840789      0.715445
  C      -0.002530     -0.553680      0.522520
  C      -0.900138      0.506849      0.135974
  H      -3.797022     -1.450046      0.073770
  H      -2.164197     -3.180376      0.714928
  H       0.257819     -2.635666      0.972569
  H       1.055763     -0.307638      0.618627
  H      -0.793011      1.401242      0.771555
  N      -3.190532      1.078141     -0.426999
  H      -4.169769      0.852362     -0.558855
  H      -2.868027      2.015000     -0.680681
  N       7.692119      2.480538     -1.068902
  O       8.181532      3.482794     -1.493954
  O       8.033085      1.348536     -0.994978
17
Coordinates from ORCA-job neb_ed_ts_MEP_ALL E -491.724160428379
  C      -1.906288      0.252306     -0.158621
  C      -2.469292     -1.034159      0.091885
  C      -1.674548     -2.070761      0.516650
  C      -0.281708     -1.890712      0.788511
  C       0.276833     -0.651744      0.638230
  C      -0.488375      0.507467      0.210518
  H      -3.524225     -1.205413     -0.132658
  H      -2.107507     -3.066323      0.641254
  H       0.323058     -2.743605      1.101111
  H       1.332905     -0.504185      0.861539
  H      -0.424408      1.326215      0.949008
  N      -2.657035      1.257669     -0.583410
  H      -3.639716      1.113680     -0.803179
  H      -2.229350      2.156303     -0.809923
  N       6.198207      2.157205     -0.975099
  O       6.439799      3.242098     -1.425215
  O       6.831649      1.153961     -0.910602
17
Coordinates from ORCA-job neb_ed_ts_MEP_ALL E -491.718667832793
  C      -1.481071      0.355289     -0.236278
  C      -2.174455     -0.874614     -0.032695
  C      -1.520735     -1.974261      0.462883
  C      -0.141757     -1.937249      0.850976
  C       0.533183     -0.757829      0.760989
  C      -0.085765      0.486017      0.293308
  H      -3.219167     -0.951882     -0.341243
  H      -2.050747     -2.925415      0.556055
  H       0.349193     -2.841797      1.215484
  H       1.543032     -0.726022      1.170655
  H      -0.084426      1.245709      1.097950
  N      -2.097104      1.415642     -0.727621
  H      -3.065939      1.356230     -1.036638
  H      -1.569306      2.268694     -0.918154
  N       4.766197      1.889631     -0.901748
  O       4.769462      2.991689     -1.382495
  O       5.529406      0.980168     -0.831430
17
Coordinates from ORCA-job neb_ed_ts_MEP_ALL E -491.726530960607
  C      -1.043365      0.450582     -0.301560
  C      -1.856335     -0.713690     -0.161730
  C      -1.349536     -1.856865      0.399597
  C      -0.005279     -1.955248      0.901266
  C       0.785288     -0.852839      0.905276
  C       0.295809      0.449466      0.395195
  H      -2.876640     -0.699221     -0.551709
  H      -1.976979     -2.750327      0.457361
  H       0.354007     -2.902024      1.310544
  H       1.741490     -0.920100      1.430302
  H       0.221713      1.164958      1.238647
  N      -1.525070      1.544180     -0.856505
  H      -2.461397      1.566390     -1.256229
  H      -0.914564      2.352672     -0.997890
  N       3.311069      1.618935     -0.843253
  O       3.134273      2.707475     -1.333727
  O       4.165515      0.795656     -0.735586
17
Coordinates from ORCA-job neb_ed_ts_MEP_ALL E -491.827250934062
  C      -0.694008      0.557430     -0.341297
  C      -1.565872     -0.565509     -0.247988
  C      -1.147194     -1.720564      0.357979
  C       0.171573     -1.872108      0.930088
  C       1.046190     -0.846370      0.896096
  C       0.652984      0.487239      0.353908
  H      -2.557812     -0.499206     -0.700697
  H      -1.830714     -2.573961      0.390525
  H       0.452787     -2.828844      1.374101
  H       2.055976     -0.930046      1.301174
  H       0.597968      1.190492      1.210191
  N      -1.051850      1.657856     -0.960051
  H      -1.960107      1.727018     -1.415852
  H      -0.365933      2.407843     -1.089726
  N       1.801758      1.110614     -0.502377
  O       1.549146      2.179267     -1.028855
  O       2.845106      0.518851     -0.527219
17
Coordinates from ORCA-job neb_ed_ts_MEP_ALL E -491.775266007901
  C      -4.141126     -0.451046      0.365030
  C      -3.925548     -1.813607      0.732735
  C      -2.646704     -2.338080      0.714702
  C      -1.551327     -1.537806      0.335966
  C      -1.754527     -0.192375     -0.027424
  C      -3.024794      0.353109     -0.016155
  H      -4.777792     -2.430885      1.025906
  H      -2.486242     -3.380667      0.996372
  H      -0.545009     -1.960538      0.324127
  H      -0.903513      0.425484     -0.320934
  H      -3.186913      1.396206     -0.297352
  N      -5.384566      0.069839      0.377322
  H      -6.186777     -0.489472      0.644707
  H      -5.553553      1.035388      0.118605
  N      15.455052      3.570264     -1.711106
  O      16.295247      4.379198     -1.715037
  O      14.318091      3.364989     -1.547463
17
Coordinates from ORCA-job neb_ed_ts_MEP_ALL E -491.773576394782
  C      -3.797516     -0.331198      0.288072
  C      -3.700230     -1.711834      0.638113
  C      -2.464221     -2.325545      0.689036
  C      -1.287403     -1.599157      0.402692
  C      -1.362064     -0.240800      0.063346
  C      -2.596080      0.399848      0.007883
  H      -4.610488     -2.274781      0.857036
  H      -2.398147     -3.383470      0.951773
  H      -0.318036     -2.099276      0.441085
  H      -0.452476      0.319061     -0.163022
  H      -2.646829      1.480257     -0.147670
  N      -4.996204      0.274025      0.229970
  H      -5.850763     -0.236317      0.425636
  H      -5.082846      1.251800     -0.027183
  N      13.991386      3.277208     -1.594299
  O      14.701952      4.207924     -1.648323
  O      12.869964      2.992254     -1.414143
17
Coordinates from ORCA-job neb_ed_ts_MEP_ALL E -491.768305468327
  C      -3.443165     -0.208922      0.204947
  C      -3.472111     -1.597012      0.536885
  C      -2.293358     -2.302737      0.661367
  C      -1.042714     -1.664190      0.478575
  C      -0.984486     -0.303999      0.170856
  C      -2.166258      0.434914      0.017145
  H      -4.434329     -2.095947      0.672234
  H      -2.327101     -3.367816      0.901041
  H      -0.122414     -2.243446      0.570070
  H      -0.021703      0.186609      0.015389
  H      -2.116252      1.526278      0.063558
  N      -4.583396      0.482341      0.070556
  H      -5.485029      0.030601      0.187713
  H      -4.579005      1.463179     -0.192256
  N      12.537528      3.012457     -1.480456
  O      13.075752      4.053372     -1.595305
  O      11.458040      2.594319     -1.282320
17
Coordinates from ORCA-job neb_ed_ts_MEP_ALL E -491.759565336758
  C      -3.077672     -0.087100      0.115843
  C      -3.238778     -1.469759      0.430909
  C      -2.132669     -2.266834      0.631052
  C      -0.821098     -1.728168      0.559161
  C      -0.630708     -0.378749      0.288687
  C      -1.736297      0.465438      0.029090
  H      -4.243517     -1.896137      0.476356
  H      -2.268419     -3.329741      0.844292
  H       0.038052     -2.384939      0.705613
  H       0.376970      0.033954      0.208527
  H      -1.624254      1.518758      0.314127
  N      -4.144567      0.689636     -0.096763
  H      -5.084725      0.306064     -0.061699
  H      -4.039576      1.664042     -0.367029
  N      11.091064      2.791683     -1.366571
  O      11.415486      3.911380     -1.555574
  O      10.120709      2.160472     -1.156020
17
Coordinates from ORCA-job neb_ed_ts_MEP_ALL E -491.738349877861
  C      -2.700640      0.030423      0.021571
  C      -2.997429     -1.331964      0.321197
  C      -1.978569     -2.216554      0.597132
  C      -0.622370     -1.788007      0.639103
  C      -0.302942     -0.463093      0.407368
  C      -1.311967      0.491291      0.071733
  H      -4.032350     -1.678743      0.274758
  H      -2.216185     -3.267154      0.781437
  H       0.163701     -2.517372      0.841225
  H       0.737487     -0.132284      0.410444
  H      -1.184596      1.469206      0.559288
  N      -3.679109      0.891915     -0.265587
  H      -4.646335      0.583416     -0.313521
  H      -3.466227      1.849212     -0.533596
  N       9.469740      2.683860     -1.201194
  O       9.793869      3.761012     -1.551771
  O       8.973922      1.634835     -1.059585
17
Coordinates from ORCA-job neb_ed_ts_MEP_ALL E -491.735738630653
  C      -2.315515      0.142818     -0.071032
  C      -2.745320     -1.188339      0.209948
  C      -1.828741     -2.151863      0.560160
  C      -0.444638     -1.841347      0.715182
  C      -0.002832     -0.552494      0.521819
  C      -0.900554      0.505590      0.137413
  H      -3.796970     -1.450023      0.073719
  H      -2.164177     -3.180325      0.714990
  H       0.257826     -2.635670      0.972694
  H       1.055818     -0.307628      0.618970
  H      -0.792637      1.401697      0.770734
  N      -3.190401      1.078505     -0.427216
  H      -4.169728      0.852419     -0.558935
  H      -2.868026      2.014828     -0.680682
  N       7.693403      2.480586     -1.069555
  O       8.180365      3.482388     -1.493500
  O       8.032128      1.348859     -0.994709
17
Coordinates from ORCA-job neb_ed_ts_MEP_ALL E -491.724522915708
  C      -1.905207      0.252332     -0.158075
  C      -2.469156     -1.034276      0.091457
  C      -1.674338     -2.070832      0.516763
  C      -0.282086     -1.891266      0.788161
  C       0.276875     -0.650333      0.637680
  C      -0.488987      0.505936      0.211804
  H      -3.524109     -1.205338     -0.132787
  H      -2.107503     -3.066242      0.641292
  H       0.323074     -2.743632      1.101272
  H       1.333049     -0.504186      0.861929
  H      -0.423771      1.326718      0.948313
  N      -2.656872      1.257982     -0.583717
  H      -3.639451      1.113837     -0.803327
  H      -2.229194      2.156248     -0.809989
  N       6.199137      2.157646     -0.975870
  O       6.438239      3.241419     -1.424671
  O       6.830299      1.153985     -0.910235
17
Coordinates from ORCA-job neb_ed_ts_MEP_ALL E -491.719035001348
  C      -1.480118      0.355083     -0.235514
  C      -2.174442     -0.874776     -0.033065
  C      -1.520557     -1.974509      0.463003
  C      -0.142328     -1.937714      0.850505
  C       0.533305     -0.756223      0.760652
  C      -0.086780      0.484403      0.294350
  H      -3.219172     -0.951919     -0.341308
  H      -2.050801     -2.925377      0.556112
  H       0.349175     -2.841763      1.215614
  H       1.543108     -0.725819      1.170780
  H      -0.083782      1.246244      1.097309
  N      -2.097127      1.415941     -0.727933
  H      -3.065862      1.356283     -1.036695
  H      -1.569445      2.268604     -0.918192
  N       4.767157      1.890348     -0.902493
  O       4.769039      2.990615     -1.381883
  O       5.528628      0.980578     -0.831243
17
Coordinates from ORCA-job neb_ed_ts_MEP_ALL E -491.726821865764
  C      -1.042963      0.450042     -0.300699
  C      -1.856512     -0.713970     -0.161896
  C      -1.349518     -1.857211      0.399694
  C      -0.005832     -1.955563      0.900903
  C       0.785130     -0.851383      0.904829
  C       0.294719      0.448312      0.395825
  H      -2.876891     -0.699468     -0.551623
  H      -1.977060     -2.750435      0.457481
  H       0.353982     -2.901930      1.310601
  H       1.741392     -0.919679      1.430140
  H       0.222124      1.165501      1.238062
  N      -1.525273      1.544498     -0.856711
  H      -2.461805      1.566207     -1.256118
  H      -0.915257      2.352496     -0.997891
  N       3.312414      1.619772     -0.843856
  O       3.135699      2.706205     -1.333084
  O       4.165651      0.796605     -0.735657
17
Coordinates from ORCA-job neb_ed_ts_MEP_ALL E -491.827250934062
  C      -0.694022      0.557404     -0.341311
  C      -1.565858     -0.565553     -0.247976
  C      -1.147152     -1.720584      0.358019
  C       0.171619     -1.872082      0.930132
  C       1.046210     -0.846323      0.896117
  C       0.652972      0.487264      0.353897
  H      -2.557799     -0.499286     -0.700687
  H      -1.830651     -2.573997      0.390584
  H       0.452856     -2.828801      1.374167
  H       2.055998     -0.929965      1.301197
  H       0.597937      1.190535      1.210163
  N      -1.051890      1.657807     -0.960091
  H      -1.960148      1.726937     -1.415894
  H      -0.365992      2.407809     -1.089783
  N       1.801731      1.110647     -0.502402
  O       1.549093      2.179281     -1.028905
  O       2.845094      0.518909     -0.527228
17
Coordinates from ORCA-job neb_ed_ts_MEP_ALL E -491.775266007901
  C      -4.141126     -0.451046      0.365030
  C      -3.925548     -1.813607      0.732735
  C      -2.646704     -2.338080      0.714702
  C      -1.551327     -1.537806      0.335966
  C      -1.754527     -0.192375     -0.027424
  C      -3.024794      0.353109     -0.016155
  H      -4.777792     -2.430885      1.025906
  H      -2.486242     -3.380667      0.996372
  H      -0.545009     -1.960538      0.324127
  H      -0.903513      0.425484     -0.320934
  H      -3.186913      1.396206     -0.297352
  N      -5.384566      0.069839      0.377322
  H      -6.186777     -0.489472      0.644707
  H      -5.553553      1.035388      0.118605
  N      15.455052      3.570264     -1.711106
  O      16.295247      4.379198     -1.715037
  O      14.318091      3.364989     -1.547463
17
Coordinates from ORCA-job neb_ed_ts_MEP_ALL E -491.773614836833
  C      -3.794157     -0.330282      0.287728
  C      -3.699032     -1.711332      0.637057
  C      -2.462829     -2.325637      0.689014
  C      -1.286549     -1.600468      0.402578
  C      -1.361626     -0.240187      0.063385
  C      -2.593107      0.400341      0.010333
  H      -4.609675     -2.273875      0.856019
  H      -2.397706     -3.383360      0.951592
  H      -0.316773     -2.100215      0.441895
  H      -0.450401      0.318472     -0.161541
  H      -2.644392      1.480008     -0.148324
  N      -4.993846      0.275371      0.229081
  H      -5.848921     -0.234819      0.424374
  H      -5.080195      1.253011     -0.028067
  N      13.980908      3.279240     -1.592915
  O      14.695519      4.206046     -1.648527
  O      12.862782      2.987684     -1.413682
17
Coordinates from ORCA-job neb_ed_ts_MEP_ALL E -491.768463385468
  C      -3.436950     -0.207693      0.203703
  C      -3.469823     -1.595980      0.534679
  C      -2.290966     -2.302837      0.661431
  C      -1.041655     -1.666464      0.478067
  C      -0.984022     -0.302880      0.169487
  C      -2.161257      0.434900      0.025188
  H      -4.432729     -2.094066      0.670319
  H      -2.326450     -3.367348      0.900705
  H      -0.120570     -2.245036      0.571715
  H      -0.018327      0.185501      0.018548
  H      -2.112034      1.526055      0.060988
  N      -4.578836      0.484735      0.068974
  H      -5.481303      0.033462      0.185389
  H      -4.574005      1.465206     -0.193928
  N      12.518535      3.015451     -1.478497
  O      13.063770      4.050672     -1.595539
  O      11.446625      2.586321     -1.281225
17
Coordinates from ORCA-job neb_ed_ts_MEP_ALL E -491.759895052010
  C      -3.061927     -0.083746      0.112507
  C      -3.231080     -1.465567      0.425287
  C      -2.126605     -2.265932      0.630641
  C      -0.816419     -1.732078      0.559417
  C      -0.623941     -0.378526      0.287543
  C      -1.723675      0.463321      0.044257
  H      -4.237262     -1.889335      0.470000
  H      -2.266711     -3.327630      0.842709
  H       0.042317     -2.389350      0.710453
  H       0.387752      0.029381      0.217024
  H      -1.610103      1.518849      0.313502
  N      -4.129691      0.696702     -0.102127
  H      -5.071107      0.315122     -0.069502
  H      -4.022053      1.669889     -0.372246
  N      11.038172      2.792452     -1.361525
  O      11.366955      3.904818     -1.555315
  O      10.085379      2.141629     -1.152625
17
Coordinates from ORCA-job neb_ed_ts_MEP_ALL E -491.739065309362
  C      -2.693802      0.030442      0.022423
  C      -2.995099     -1.330662      0.317017
  C      -1.975446     -2.216898      0.597833
  C      -0.623316     -1.790709      0.636469
  C      -0.305763     -0.460231      0.402770
  C      -1.314627      0.484754      0.087540
  H      -4.031631     -1.677575      0.273950
  H      -2.215802     -3.266569      0.781729
  H       0.164354     -2.518227      0.842206
  H       0.738170     -0.132368      0.414002
  H      -1.181358      1.472300      0.550136
  N      -3.677165      0.893943     -0.266181
  H      -4.644559      0.585085     -0.314572
  H      -3.464619      1.849950     -0.534245
  N       9.465550      2.681398     -1.196322
  O       9.782458      3.751156     -1.551330
  O       8.972653      1.644211     -1.063426
17
Coordinates from ORCA-job neb_ed_ts_MEP_ALL E -491.736471598268
  C      -2.308910      0.142934     -0.067611
  C      -2.743345     -1.188390      0.205435
  C      -1.827041     -2.152867      0.561071
  C      -0.446205     -1.843207      0.710971
  C      -0.004977     -0.546909      0.516212
  C      -0.904732      0.496105      0.153819
  H      -3.796098     -1.449161      0.072579
  H      -2.164041     -3.179593      0.715341
  H       0.258071     -2.636281      0.973885
  H       1.056290     -0.307465      0.623234
  H      -0.787425      1.406512      0.760728
  N      -3.186711      1.080024     -0.428452
  H      -4.167744      0.853887     -0.559976
  H      -2.866530      2.014919     -0.680939
  N       7.700128      2.478064     -1.073774
  O       8.168185      3.483729     -1.491020
  O       8.021085      1.347699     -0.991504
17
Coordinates from ORCA-job neb_ed_ts_MEP_ALL E -491.725413541912
  C      -1.897612      0.252458     -0.152898
  C      -2.466235     -1.034274      0.086391
  C      -1.672658     -2.072273      0.517489
  C      -0.283643     -1.892536      0.783075
  C       0.276529     -0.643324      0.633500
  C      -0.494976      0.493837      0.227032
  H      -3.522679     -1.203915     -0.134718
  H      -2.107720     -3.065280      0.641429
  H       0.323107     -2.744325      1.102731
  H       1.334497     -0.503944      0.866678
  H      -0.415590      1.332125      0.939279
  N      -2.651979      1.259336     -0.585540
  H      -3.635875      1.116133     -0.805102
  H      -2.226400      2.157047     -0.810770
  N       6.203529      2.157621     -0.980990
  O       6.421361      3.240749     -1.421549
  O       6.816346      1.150565     -0.906037
17
Coordinates from ORCA-job neb_ed_ts_MEP_ALL E -491.719934675802
  C      -1.474825      0.353622     -0.228776
  C      -2.172996     -0.876001     -0.037075
  C      -1.519934     -1.977381      0.463596
  C      -0.145010     -1.937988      0.844472
  C       0.531900     -0.747114      0.758152
  C      -0.097345      0.471022      0.307231
  H      -3.219469     -0.951943     -0.342292
  H      -2.051912     -2.925191      0.556558
  H       0.348599     -2.841498      1.216486
  H       1.543558     -0.723022      1.172161
  H      -0.075647      1.252224      1.088684
  N      -2.094834      1.415970     -0.728933
  H      -3.065143      1.357164     -1.037223
  H      -1.570540      2.268980     -0.918585
  N       4.775469      1.892911     -0.907166
  O       4.764962      2.986972     -1.378464
  O       5.523167      0.981273     -0.828825
17
Coordinates from ORCA-job neb_ed_ts_MEP_ALL E -491.727524706387
  C      -1.041808      0.446888     -0.293534
  C      -1.857415     -0.716609     -0.163799
  C      -1.350274     -1.860984      0.400104
  C      -0.008755     -1.955319      0.896389
  C       0.781317     -0.842040      0.900957
  C       0.283157      0.438167      0.403743
  H      -2.879391     -0.701464     -0.551141
  H      -1.978502     -2.751579      0.458413
  H       0.353309     -2.901181      1.310876
  H       1.739747     -0.914868      1.428354
  H       0.228152      1.171688      1.230879
  N      -1.526072      1.543363     -0.856429
  H      -2.465103      1.564897     -1.254800
  H      -0.921007      2.352527     -0.998011
  N       3.325022      1.623066     -0.847054
  O       3.148327      2.700825     -1.329493
  O       4.169296      0.802625     -0.735454
17
Coordinates from ORCA-job neb_ed_ts_MEP_ALL E -491.827250934062
  C      -0.694066      0.557285     -0.341418
  C      -1.565788     -0.565750     -0.247963
  C      -1.146988     -1.720653      0.358211
  C       0.171774     -1.871934      0.930401
  C       1.046260     -0.846090      0.896279
  C       0.652906      0.487381      0.353856
  H      -2.557718     -0.499649     -0.700725
  H      -1.830400     -2.574133      0.390867
  H       0.453092     -2.828562      1.374582
  H       2.056040     -0.929570      1.301413
  H       0.597763      1.190766      1.210022
  N      -1.052022      1.657564     -0.960367
  H      -1.960268      1.726535     -1.416217
  H      -0.366196      2.407618     -1.090135
  N       1.801637      1.110763     -0.502482
  O       1.548910      2.179298     -1.029144
  O       2.845062      0.519130     -0.527182
17
Coordinates from ORCA-job neb_ed_ts_MEP_ALL E -491.775266007901
  C      -4.141126     -0.451046      0.365030
  C      -3.925548     -1.813607      0.732735
  C      -2.646704     -2.338080      0.714702
  C      -1.551327     -1.537806      0.335966
  C      -1.754527     -0.192375     -0.027424
  C      -3.024794      0.353109     -0.016155
  H      -4.777792     -2.430885      1.025906
  H      -2.486242     -3.380667      0.996372
  H      -0.545009     -1.960538      0.324127
  H      -0.903513      0.425484     -0.320934
  H      -3.186913      1.396206     -0.297352
  N      -5.384566      0.069839      0.377322
  H      -6.186777     -0.489472      0.644707
  H      -5.553553      1.035388      0.118605
  N      15.455052      3.570264     -1.711106
  O      16.295247      4.379198     -1.715037
  O      14.318091      3.364989     -1.547463
17
Coordinates from ORCA-job neb_ed_ts_MEP_ALL E -491.773875742355
  C      -3.788339     -0.328672      0.287099
  C      -3.697175     -1.711118      0.635638
  C      -2.461090     -2.325315      0.688884
  C      -1.284768     -1.603218      0.402606
  C      -1.362203     -0.238195      0.063327
  C      -2.587811      0.399817      0.014086
  H      -4.608361     -2.272442      0.854468
  H      -2.397018     -3.383315      0.951365
  H      -0.315105     -2.101493      0.443100
  H      -0.447045      0.317627     -0.159374
  H      -2.640771      1.480124     -0.149338
  N      -4.991333      0.277708      0.227735
  H      -5.845917     -0.232458      0.422424
  H      -5.076131      1.254584     -0.029346
  N      13.967600      3.284283     -1.591117
  O      14.684076      4.201221     -1.648679
  O      12.851389      2.980861     -1.412878
17
Coordinates from ORCA-job neb_ed_ts_MEP_ALL E -491.769569516912
  C      -3.424425     -0.205022      0.201415
  C      -3.465388     -1.594895      0.531225
  C      -2.287254     -2.301894      0.661196
  C      -1.038364     -1.671868      0.478117
  C      -0.983612     -0.299236      0.167627
  C      -2.150863      0.432614      0.037214
  H      -4.429336     -2.090288      0.666595
  H      -2.325190     -3.366721      0.900089
  H      -0.117521     -2.247729      0.574745
  H      -0.011176      0.183189      0.024027
  H      -2.103592      1.526614      0.058311
  N      -4.572144      0.489883      0.065701
  H      -5.473484      0.039123      0.180738
  H      -4.564071      1.468666     -0.197130
  N      12.487122      3.023098     -1.475722
  O      13.036179      4.041931     -1.595227
  O      11.423121      2.572535     -1.278920
17
Coordinates from ORCA-job neb_ed_ts_MEP_ALL E -491.759895052010
  C      -3.040431     -0.080352      0.108398
  C      -3.224930     -1.463426      0.419384
  C      -2.120272     -2.264181      0.630737
  C      -0.813463     -1.741226      0.559392
  C      -0.624614     -0.369602      0.280714
  C      -1.711088      0.454585      0.068594
  H      -4.231798     -1.883403      0.464553
  H      -2.265099     -3.325650      0.841646
  H       0.045960     -2.393057      0.715310
  H       0.397832      0.025673      0.225986
  H      -1.597499      1.520530      0.307651
  N      -4.119783      0.705104     -0.107479
  H      -5.058885      0.323440     -0.076324
  H      -4.006874      1.674045     -0.376760
  N      10.985281      2.801028     -1.357075
  O      11.324781      3.890421     -1.554126
  O      10.060880      2.126071     -1.150602
17
Coordinates from ORCA-job neb_ed_ts_MEP_ALL E -491.743463731889
  C      -2.676797      0.030624      0.023462
  C      -2.990862     -1.329533      0.310565
  C      -1.970474     -2.215762      0.598354
  C      -0.623094     -1.798301      0.633969
  C      -0.307329     -0.451895      0.395736
  C      -1.313352      0.472950      0.111605
  H      -4.027884     -1.673754      0.270846
  H      -2.214819     -3.265113      0.781840
  H       0.165804     -2.519959      0.845130
  H       0.742251     -0.134205      0.421275
  H      -1.172579      1.477279      0.538939
  N      -3.673616      0.900627     -0.270053
  H      -4.635960      0.590294     -0.318371
  H      -3.456494      1.851542     -0.536409
  N       9.455927      2.690753     -1.183173
  O       9.746337      3.730865     -1.552935
  O       8.952940      1.643588     -1.070779
17
Coordinates from ORCA-job neb_ed_ts_MEP_ALL E -491.736471598268
  C      -2.285509      0.145578     -0.063092
  C      -2.737152     -1.187727      0.196754
  C      -1.821385     -2.151640      0.562223
  C      -0.448026     -1.853566      0.707179
  C      -0.004902     -0.528422      0.505955
  C      -0.904656      0.474195      0.181332
  H      -3.790601     -1.443997      0.067817
  H      -2.162945     -3.176721      0.714908
  H       0.259525     -2.638651      0.978235
  H       1.062804     -0.310793      0.633566
  H      -0.773253      1.413432      0.749491
  N      -3.174562      1.089872     -0.434894
  H      -4.157507      0.860342     -0.565712
  H      -2.854802      2.015296     -0.683267
  N       7.691852      2.473304     -1.083053
  O       8.116700      3.471908     -1.482031
  O       7.984419      1.347590     -0.985411
17
Coordinates from ORCA-job neb_ed_ts_MEP_ALL E -491.725413541912
  C      -1.878678      0.253089     -0.143040
  C      -2.463552     -1.035966      0.078585
  C      -1.669080     -2.073562      0.519336
  C      -0.290157     -1.901802      0.776393
  C       0.277180     -0.619283      0.623821
  C      -0.505851      0.466915      0.250579
  H      -3.520608     -1.202115     -0.137136
  H      -2.107905     -3.063667      0.641879
  H       0.323189     -2.745011      1.105368
  H       1.337110     -0.504111      0.873763
  H      -0.403644      1.341161      0.926612
  N      -2.648324      1.264938     -0.590661
  H      -3.630814      1.119483     -0.807608
  H      -2.223147      2.156562     -0.811719
  N       6.219261      2.164343     -0.994458
  O       6.393114      3.229112     -1.412160
  O       6.791906      1.149912     -0.899550
17
Coordinates from ORCA-job neb_ed_ts_MEP_ALL E -491.719934675802
  C      -1.458425      0.350178     -0.215141
  C      -2.172618     -0.878668     -0.043749
  C      -1.517078     -1.981804      0.465576
  C      -0.154864     -1.945638      0.835680
  C       0.533604     -0.719565      0.752173
  C      -0.115592      0.442510      0.326393
  H      -3.219689     -0.952262     -0.343444
  H      -2.053188     -2.924431      0.557448
  H       0.348046     -2.841002      1.218534
  H       1.544852     -0.719454      1.174300
  H      -0.063667      1.261856      1.076894
  N      -2.094753      1.421051     -0.733988
  H      -3.063707      1.358474     -1.038030
  H      -1.572860      2.267765     -0.919057
  N       4.792640      1.904688     -0.920135
  O       4.757621      2.968617     -1.367916
  O       5.509678      0.987685     -0.825536
17
Coordinates from ORCA-job neb_ed_ts_MEP_ALL E -491.731915178598
  C      -1.042563      0.437921     -0.280293
  C      -1.863092     -0.723098     -0.165134
  C      -1.352388     -1.866951      0.401475
  C      -0.017139     -1.959515      0.889889
  C       0.776112     -0.822901      0.894056
  C       0.261739      0.423041      0.413555
  H      -2.886437     -0.707523     -0.547922
  H      -1.981155     -2.755461      0.461301
  H       0.352468     -2.898399      1.310306
  H       1.734988     -0.905478      1.422805
  H       0.233681      1.182273      1.219078
  N      -1.534641      1.545374     -0.857376
  H      -2.476143      1.560026     -1.250345
  H      -0.937761      2.349712     -0.997164
  N       3.357977      1.636998     -0.855353
  O       3.185473      2.689590     -1.322311
  O       4.188880      0.814391     -0.736568
17
Coordinates from ORCA-job neb_ed_ts_MEP_ALL E -491.827250934062
  C      -0.694312      0.556929     -0.341497
  C      -1.565625     -0.566383     -0.247549
  C      -1.146329     -1.720941      0.358938
  C       0.172571     -1.871571      0.930984
  C       1.046690     -0.845429      0.896400
  C       0.652786      0.487726      0.353602
  H      -2.557644     -0.500779     -0.700187
  H      -1.829435     -2.574651      0.391972
  H       0.454291     -2.827955      1.375434
  H       2.056558     -0.928422      1.301414
  H       0.597520      1.191370      1.209547
  N      -1.052747      1.656881     -0.960751
  H      -1.961085      1.725383     -1.416491
  H      -0.367205      2.407135     -1.090863
  N       1.801171      1.111235     -0.503107
  O       1.547991      2.179509     -1.030080
  O       2.844802      0.519962     -0.527768
17
Coordinates from ORCA-job neb_ed_ts_MEP_ALL E -491.775266007901
  C      -4.141126     -0.451046      0.365030
  C      -3.925548     -1.813607      0.732735
  C      -2.646704     -2.338080      0.714702
  C      -1.551327     -1.537806      0.335966
  C      -1.754527     -0.192375     -0.027424
  C      -3.024794      0.353109     -0.016155
  H      -4.777792     -2.430885      1.025906
  H      -2.486242     -3.380667      0.996372
  H      -0.545009     -1.960538      0.324127
  H      -0.903513      0.425484     -0.320934
  H      -3.186913      1.396206     -0.297352
  N      -5.384566      0.069839      0.377322
  H      -6.186777     -0.489472      0.644707
  H      -5.553553      1.035388      0.118605
  N      15.455052      3.570264     -1.711106
  O      16.295247      4.379198     -1.715037
  O      14.318091      3.364989     -1.547463
17
Coordinates from ORCA-job neb_ed_ts_MEP_ALL E -491.774156450972
  C      -3.786298     -0.327929      0.287237
  C      -3.694796     -1.708931      0.633697
  C      -2.458609     -2.326408      0.688748
  C      -1.283478     -1.602370      0.401998
  C      -1.355580     -0.241618      0.064632
  C      -2.585609      0.403809      0.016681
  H      -4.606823     -2.270683      0.852489
  H      -2.396236     -3.383194      0.951020
  H      -0.312689     -2.103262      0.444417
  H      -0.443960      0.316361     -0.156753
  H      -2.636046      1.479386     -0.149774
  N      -4.984691      0.279150      0.226194
  H      -5.842472     -0.229791      0.420084
  H      -5.071325      1.257299     -0.031029
  N      13.944505      3.278550     -1.588657
  O      14.674808      4.204620     -1.648965
  O      12.839300      2.975012     -1.412018
17
Coordinates from ORCA-job neb_ed_ts_MEP_ALL E -491.769569516912
  C      -3.410551     -0.202087      0.198908
  C      -3.460537     -1.593683      0.527353
  C      -2.283154     -2.300863      0.660868
  C      -1.034832     -1.677869      0.478081
  C      -0.983227     -0.295108      0.165426
  C      -2.139532      0.429946      0.050766
  H      -4.425609     -2.086122      0.662453
  H      -2.323833     -3.366022      0.899272
  H      -0.114212     -2.250707      0.577979
  H      -0.003344      0.180643      0.030097
  H      -2.094310      1.527272      0.055350
  N      -4.564785      0.495603      0.062165
  H      -5.464873      0.045379      0.175697
  H      -4.553137      1.472485     -0.200516
  N      12.452371      3.031411     -1.472645
  O      13.005897      4.032242     -1.594815
  O      11.397670      2.557479     -1.276438
17
Coordinates from ORCA-job neb_ed_ts_MEP_ALL E -491.759895052010
  C      -3.017825     -0.076977      0.104355
  C      -3.218719     -1.461358      0.413066
  C      -2.113698     -2.262397      0.630830
  C      -0.810706     -1.751049      0.559036
  C      -0.625923     -0.359770      0.273054
  C      -1.698598      0.444882      0.095092
  H      -4.226279     -1.877377      0.459013
  H      -2.263477     -3.323640      0.840507
  H       0.049608     -2.396823      0.720170
  H       0.407946      0.021977      0.235343
  H      -1.584641      1.522603      0.300707
  N      -4.110042      0.713895     -0.112882
  H      -5.046446      0.331956     -0.083127
  H      -3.991588      1.678205     -0.381162
  N      10.932374      2.810573     -1.352061
  O      11.281750      3.874661     -1.552917
  O      10.036264      2.110639     -1.149025
17
Coordinates from ORCA-job neb_ed_ts_MEP_ALL E -491.743463731889
  C      -2.657188      0.031186      0.024494
  C      -2.985570     -1.327963      0.303174
  C      -1.964686     -2.214385      0.598801
  C      -0.622478     -1.806771      0.631332
  C      -0.308236     -0.442774      0.388256
  C      -1.311000      0.459849      0.138115
  H      -4.023180     -1.668986      0.266899
  H      -2.213627     -3.263284      0.781708
  H       0.167608     -2.522180      0.848611
  H       0.747541     -0.136690      0.429795
  H      -1.161882      1.482593      0.527285
  N      -3.668257      0.908459     -0.274689
  H      -4.625385      0.596688     -0.323126
  H      -3.446071      1.853680     -0.539061
  N       9.441142      2.699869     -1.169144
  O       9.702619      3.708470     -1.554217
  O       8.928650      1.642239     -1.078231
17
Coordinates from ORCA-job neb_ed_ts_MEP_ALL E -491.736471598268
  C      -2.261391      0.148057     -0.057708
  C      -2.731360     -1.187559      0.187658
  C      -1.815757     -2.150647      0.563599
  C      -0.450673     -1.864685      0.702689
  C      -0.005646     -0.507777      0.494428
  C      -0.906208      0.450120      0.210979
  H      -3.785554     -1.439231      0.063311
  H      -2.161965     -3.173994      0.714638
  H       0.260867     -2.640864      0.982483
  H       1.068928     -0.313724      0.643976
  H      -0.759000      1.421267      0.736671
  N      -3.163234      1.099923     -0.441377
  H      -4.148136      0.866485     -0.571096
  H      -2.844251      2.015257     -0.685328
  N       7.688213      2.469521     -1.093566
  O       8.066661      3.459786     -1.472368
  O       7.948507      1.348067     -0.978990
17
Coordinates from ORCA-job neb_ed_ts_MEP_ALL E -491.725413541912
  C      -1.857586      0.253824     -0.132317
  C      -2.460326     -1.037649      0.069945
  C      -1.665012     -2.074913      0.521288
  C      -0.297155     -1.911932      0.769141
  C       0.278200     -0.593124      0.613470
  C      -0.517379      0.437503      0.276276
  H      -3.518038     -1.199904     -0.139997
  H      -2.108058     -3.061765      0.642278
  H       0.323299     -2.745849      1.108365
  H       1.340176     -0.504480      0.881760
  H      -0.390228      1.350932      0.912982
  N      -2.643760      1.271214     -0.596414
  H      -3.624700      1.123373     -0.810586
  H      -2.218943      2.156144     -0.812875
  N       6.234803      2.171464     -1.009044
  O       6.360754      3.216029     -1.401842
  O       6.763953      1.149133     -0.892429
17
Coordinates from ORCA-job neb_ed_ts_MEP_ALL E -491.719934675802
  C      -1.441692      0.346152     -0.200089
  C      -2.173016     -0.882012     -0.050685
  C      -1.514387     -1.986897      0.467918
  C      -0.165982     -1.953870      0.825966
  C       0.534772     -0.689231      0.745307
  C      -0.136555      0.411487      0.347058
  H      -3.220778     -0.953304     -0.344133
  H      -2.054740     -2.924005      0.558702
  H       0.347395     -2.840208      1.220526
  H       1.545705     -0.714971      1.175868
  H      -0.051503      1.272594      1.063613
  N      -2.096185      1.426174     -0.739157
  H      -3.063712      1.359253     -1.038329
  H      -1.577164      2.266141     -0.919348
  N       4.815267      1.918249     -0.934484
  O       4.754054      2.949311     -1.356567
  O       5.498520      0.995138     -0.822165
17
Coordinates from ORCA-job neb_ed_ts_MEP_ALL E -491.731915178598
  C      -1.039802      0.429005     -0.266345
  C      -1.866843     -0.728923     -0.167652
  C      -1.353336     -1.872579      0.402569
  C      -0.025333     -1.964271      0.883135
  C       0.772406     -0.802484      0.887606
  C       0.241191      0.405929      0.425233
  H      -2.891485     -0.712182     -0.546036
  H      -1.983482     -2.758309      0.463736
  H       0.351592     -2.895839      1.310496
  H       1.731374     -0.896752      1.418844
  H       0.242067      1.193238      1.207193
  N      -1.539668      1.548501     -0.859457
  H      -2.483519      1.556358     -1.247243
  H      -0.950947      2.347280     -0.996900
  N       3.383122      1.650128     -0.864106
  O       3.213064      2.675162     -1.314104
  O       4.199601      0.825740     -0.736967
17
Coordinates from ORCA-job neb_ed_ts_MEP_ALL E -491.827250934062
  C      -0.694501      0.556571     -0.341698
  C      -1.565446     -0.566989     -0.247297
  C      -1.145760     -1.721177      0.359627
  C       0.173201     -1.871155      0.931704
  C       1.046985     -0.844742      0.896705
  C       0.652635      0.488076      0.353400
  H      -2.557496     -0.501884     -0.699939
  H      -1.828587     -2.575097      0.393006
  H       0.455243     -2.827276      1.376517
  H       2.056889     -0.927248      1.301729
  H       0.597158      1.192032      1.209074
  N      -1.053308      1.656166     -0.961369
  H      -1.961678      1.724197     -1.417116
  H      -0.368013      2.406594     -1.091785
  N       1.800798      1.111629     -0.503574
  O       1.547258      2.179617     -1.030955
  O       2.844621      0.520687     -0.528029
17
Coordinates from ORCA-job neb_ed_ts_MEP_ALL E -491.775266007901
  C      -4.141126     -0.451046      0.365030
  C      -3.925548     -1.813607      0.732735
  C      -2.646704     -2.338080      0.714702
  C      -1.551327     -1.537806      0.335966
  C      -1.754527     -0.192375     -0.027424
  C      -3.024794      0.353109     -0.016155
  H      -4.777792     -2.430885      1.025906
  H      -2.486242     -3.380667      0.996372
  H      -0.545009     -1.960538      0.324127
  H      -0.903513      0.425484     -0.320934
  H      -3.186913      1.396206     -0.297352
  N      -5.384566      0.069839      0.377322
  H      -6.186777     -0.489472      0.644707
  H      -5.553553      1.035388      0.118605
  N      15.455052      3.570264     -1.711106
  O      16.295247      4.379198     -1.715037
  O      14.318091      3.364989     -1.547463
17
Coordinates from ORCA-job neb_ed_ts_MEP_ALL E -491.774156450972
  C      -3.782399     -0.326753      0.287018
  C      -3.692522     -1.707529      0.631886
  C      -2.456335     -2.326904      0.688609
  C      -1.281896     -1.603132      0.401650
  C      -1.351904     -0.242733      0.065359
  C      -2.581867      0.405919      0.019996
  H      -4.605298     -2.268970      0.850594
  H      -2.395457     -3.383096      0.950708
  H      -0.310491     -2.104901      0.445759
  H      -0.440580      0.315215     -0.154189
  H      -2.631564      1.479006     -0.150507
  N      -4.979579      0.281086      0.224654
  H      -5.839028     -0.227112      0.417791
  H      -5.066585      1.259636     -0.032623
  N      13.924634      3.277447     -1.586378
  O      14.663991      4.204420     -1.649197
  O      12.826880      2.968403     -1.411130
17
Coordinates from ORCA-job neb_ed_ts_MEP_ALL E -491.769569516912
  C      -3.396571     -0.199156      0.196373
  C      -3.455671     -1.592478      0.523472
  C      -2.279026     -2.299818      0.660583
  C      -1.031302     -1.683923      0.478067
  C      -0.982896     -0.290899      0.163160
  C      -2.128177      0.427192      0.064461
  H      -4.421864     -2.081945      0.658322
  H      -2.322463     -3.365305      0.898515
  H      -0.110894     -2.253678      0.581275
  H       0.004505      0.178093      0.036197
  H      -2.085008      1.527942      0.052275
  N      -4.557426      0.501339      0.058580
  H      -5.456231      0.051638      0.170613
  H      -4.542177      1.476282     -0.203962
  N      12.417480      3.039836     -1.469550
  O      12.975512      4.022470     -1.594420
  O      11.372211      2.542410     -1.273963
17
Coordinates from ORCA-job neb_ed_ts_MEP_ALL E -491.759895052010
  C      -2.995116     -0.073616      0.100325
  C      -3.212473     -1.459285      0.406718
  C      -2.107088     -2.260599      0.630968
  C      -0.807947     -1.760903      0.558696
  C      -0.627226     -0.349889      0.265360
  C      -1.686131      0.435094      0.121715
  H      -4.220725     -1.871331      0.453474
  H      -2.261841     -3.321608      0.839435
  H       0.053266     -2.400580      0.725104
  H       0.418074      0.018276      0.244751
  H      -1.571731      1.524715      0.293645
  N      -4.100274      0.722709     -0.118350
  H      -5.033946      0.340482     -0.089987
  H      -3.976255      1.682346     -0.385633
  N      10.879490      2.820157     -1.346964
  O      11.238434      3.858765     -1.551750
  O      10.011491      2.095268     -1.147510
17
Coordinates from ORCA-job neb_ed_ts_MEP_ALL E -491.743463731889
  C      -2.637536      0.031708      0.025570
  C      -2.980319     -1.326457      0.295793
  C      -1.958899     -2.213010      0.599349
  C      -0.621935     -1.815282      0.628721
  C      -0.309245     -0.433449      0.380675
  C      -1.308803      0.446569      0.164743
  H      -4.018511     -1.664287      0.263022
  H      -2.212427     -3.261451      0.781716
  H       0.169402     -2.524335      0.852190
  H       0.752768     -0.139109      0.438324
  H      -1.151237      1.487988      0.515419
  N      -3.662996      0.916258     -0.279399
  H      -4.614912      0.602977     -0.327910
  H      -3.435789      1.855703     -0.541795
  N       9.426915      2.709098     -1.155324
  O       9.659094      3.686083     -1.555482
  O       8.904430      1.640994     -1.085612
17
Coordinates from ORCA-job neb_ed_ts_MEP_ALL E -491.736471598268
  C      -2.237081      0.150531     -0.052323
  C      -2.725481     -1.187398      0.178514
  C      -1.810057     -2.149640      0.565064
  C      -0.453311     -1.875837      0.698271
  C      -0.006325     -0.486988      0.482895
  C      -0.907755      0.425896      0.240740
  H      -3.780418     -1.434451      0.058762
  H      -2.160944     -3.171223      0.714489
  H       0.262240     -2.643046      0.986920
  H       1.075115     -0.316644      0.654514
  H      -0.744629      1.429164      0.723729
  N      -3.151781      1.109974     -0.448035
  H      -4.138623      0.872614     -0.576660
  H      -2.833563      2.015170     -0.687576
  N       7.684336      2.465757     -1.104146
  O       8.016077      3.447570     -1.462694
  O       7.912197      1.348552     -0.972463
17
Coordinates from ORCA-job neb_ed_ts_MEP_ALL E -491.725413541912
  C      -1.836690      0.254447     -0.121518
  C      -2.457277     -1.039489      0.061382
  C      -1.661008     -2.076335      0.523409
  C      -0.304279     -1.922032      0.761935
  C       0.279051     -0.566703      0.603029
  C      -0.529282      0.407970      0.302006
  H      -3.515651     -1.197926     -0.142700
  H      -2.108219     -3.059938      0.642919
  H       0.323412     -2.746536      1.111499
  H       1.343101     -0.504600      0.889631
  H      -0.377011      1.360865      0.899079
  N      -2.639576      1.277328     -0.602235
  H      -3.618964      1.126997     -0.813556
  H      -2.215206      2.155554     -0.814151
  N       6.251401      2.178840     -1.023801
  O       6.329417      3.203026     -1.391618
  O       6.736782      1.148531     -0.885309
17
Coordinates from ORCA-job neb_ed_ts_MEP_ALL E -491.719934675802
  C      -1.424416      0.342186     -0.185088
  C      -2.173074     -0.885246     -0.057754
  C      -1.511489     -1.991887      0.470361
  C      -0.176989     -1.962123      0.816437
  C       0.536213     -0.658780      0.738599
  C      -0.157215      0.380314      0.367898
  H      -3.221510     -0.954162     -0.345029
  H      -2.056198     -2.923398      0.560083
  H       0.346782     -2.839389      1.222902
  H       1.546772     -0.710563      1.177850
  H      -0.038959      1.283389      1.050305
  N      -2.097026      1.431381     -0.744674
  H      -3.063090      1.360146     -1.039056
  H      -1.580799      2.264512     -0.919978
  N       4.836451      1.931579     -0.948911
  O       4.748666      2.929584     -1.345267
  O       5.485882      1.002457     -0.818676
17
Coordinates from ORCA-job neb_ed_ts_MEP_ALL E -491.731915178598
  C      -1.037010      0.420009     -0.252354
  C      -1.870605     -0.734825     -0.170151
  C      -1.354267     -1.878220      0.403820
  C      -0.033575     -1.969000      0.876514
  C       0.768678     -0.781833      0.881176
  C       0.220505      0.388738      0.436955
  H      -2.896544     -0.716958     -0.544121
  H      -1.985793     -2.761156      0.466397
  H       0.350727     -2.893142      1.310948
  H       1.727730     -0.887837      1.414961
  H       0.250456      1.204365      1.195132
  N      -1.544741      1.551561     -0.861730
  H      -2.490943      1.552525     -1.244304
  H      -0.964230      2.344721     -0.996861
  N       3.408433      1.663333     -0.873018
  O       3.240804      2.660560     -1.305989
  O       4.210376      0.837158     -0.737374
17
Coordinates from ORCA-job neb_ed_ts_MEP_ALL E -491.827250934062
  C      -0.694692      0.556170     -0.341960
  C      -1.565253     -0.567642     -0.247021
  C      -1.145170     -1.721397      0.360452
  C       0.173844     -1.870651      0.932595
  C       1.047277     -0.843956      0.897103
  C       0.652469      0.488467      0.353165
  H      -2.557327     -0.503091     -0.699690
  H      -1.827705     -2.575534      0.394240
  H       0.456214     -2.826464      1.377863
  H       2.057211     -0.925925      1.302163
  H       0.596755      1.192812      1.208504
  N      -1.053877      1.655348     -0.962154
  H      -1.962272      1.722851     -1.417930
  H      -0.368840      2.405947     -1.092931
  N       1.800417      1.112004     -0.504111
  O       1.546509      2.179654     -1.032000
  O       2.844441      0.521407     -0.528288
