17
Coordinates from ORCA-job neb_ed_ts_MEP E -491.775266007901
  C      -4.141126     -0.451046      0.365030
  C      -3.925548     -1.813607      0.732735
  C      -2.646704     -2.338080      0.714702
  C      -1.551327     -1.537806      0.335966
  C      -1.754527     -0.192375     -0.027424
  C      -3.024794      0.353109     -0.016155
  H      -4.777792     -2.430885      1.025906
  H      -2.486242     -3.380667      0.996372
  H      -0.545009     -1.960538      0.324127
  H      -0.903513      0.425484     -0.320934
  H      -3.186913      1.396206     -0.297352
  N      -5.384566      0.069839      0.377322
  H      -6.186777     -0.489472      0.644707
  H      -5.553553      1.035388      0.118605
  N      15.455052      3.570264     -1.711106
  O      16.295247      4.379198     -1.715037
  O      14.318091      3.364989     -1.547463
17
Coordinates from ORCA-job neb_ed_ts_MEP E -491.774156450972
  C      -3.782399     -0.326753      0.287018
  C      -3.692522     -1.707529      0.631886
  C      -2.456335     -2.326904      0.688609
  C      -1.281896     -1.603132      0.401650
  C      -1.351904     -0.242733      0.065359
  C      -2.581867      0.405919      0.019996
  H      -4.605298     -2.268970      0.850594
  H      -2.395457     -3.383096      0.950708
  H      -0.310491     -2.104901      0.445759
  H      -0.440580      0.315215     -0.154189
  H      -2.631564      1.479006     -0.150507
  N      -4.979579      0.281086      0.224654
  H      -5.839028     -0.227112      0.417791
  H      -5.066585      1.259636     -0.032623
  N      13.924634      3.277447     -1.586378
  O      14.663991      4.204420     -1.649197
  O      12.826880      2.968403     -1.411130
17
Coordinates from ORCA-job neb_ed_ts_MEP E -491.769569516912
  C      -3.396571     -0.199156      0.196373
  C      -3.455671     -1.592478      0.523472
  C      -2.279026     -2.299818      0.660583
  C      -1.031302     -1.683923      0.478067
  C      -0.982896     -0.290899      0.163160
  C      -2.128177      0.427192      0.064461
  H      -4.421864     -2.081945      0.658322
  H      -2.322463     -3.365305      0.898515
  H      -0.110894     -2.253678      0.581275
  H       0.004505      0.178093      0.036197
  H      -2.085008      1.527942      0.052275
  N      -4.557426      0.501339      0.058580
  H      -5.456231      0.051638      0.170613
  H      -4.542177      1.476282     -0.203962
  N      12.417480      3.039836     -1.469550
  O      12.975512      4.022470     -1.594420
  O      11.372211      2.542410     -1.273963
17
Coordinates from ORCA-job neb_ed_ts_MEP E -491.759895052010
  C      -2.995116     -0.073616      0.100325
  C      -3.212473     -1.459285      0.406718
  C      -2.107088     -2.260599      0.630968
  C      -0.807947     -1.760903      0.558696
  C      -0.627226     -0.349889      0.265360
  C      -1.686131      0.435094      0.121715
  H      -4.220725     -1.871331      0.453474
  H      -2.261841     -3.321608      0.839435
  H       0.053266     -2.400580      0.725104
  H       0.418074      0.018276      0.244751
  H      -1.571731      1.524715      0.293645
  N      -4.100274      0.722709     -0.118350
  H      -5.033946      0.340482     -0.089987
  H      -3.976255      1.682346     -0.385633
  N      10.879490      2.820157     -1.346964
  O      11.238434      3.858765     -1.551750
  O      10.011491      2.095268     -1.147510
17
Coordinates from ORCA-job neb_ed_ts_MEP E -491.743463731889
  C      -2.637536      0.031708      0.025570
  C      -2.980319     -1.326457      0.295793
  C      -1.958899     -2.213010      0.599349
  C      -0.621935     -1.815282      0.628721
  C      -0.309245     -0.433449      0.380675
  C      -1.308803      0.446569      0.164743
  H      -4.018511     -1.664287      0.263022
  H      -2.212427     -3.261451      0.781716
  H       0.169402     -2.524335      0.852190
  H       0.752768     -0.139109      0.438324
  H      -1.151237      1.487988      0.515419
  N      -3.662996      0.916258     -0.279399
  H      -4.614912      0.602977     -0.327910
  H      -3.435789      1.855703     -0.541795
  N       9.426915      2.709098     -1.155324
  O       9.659094      3.686083     -1.555482
  O       8.904430      1.640994     -1.085612
17
Coordinates from ORCA-job neb_ed_ts_MEP E -491.736471598268
  C      -2.237081      0.150531     -0.052323
  C      -2.725481     -1.187398      0.178514
  C      -1.810057     -2.149640      0.565064
  C      -0.453311     -1.875837      0.698271
  C      -0.006325     -0.486988      0.482895
  C      -0.907755      0.425896      0.240740
  H      -3.780418     -1.434451      0.058762
  H      -2.160944     -3.171223      0.714489
  H       0.262240     -2.643046      0.986920
  H       1.075115     -0.316644      0.654514
  H      -0.744629      1.429164      0.723729
  N      -3.151781      1.109974     -0.448035
  H      -4.138623      0.872614     -0.576660
  H      -2.833563      2.015170     -0.687576
  N       7.684336      2.465757     -1.104146
  O       8.016077      3.447570     -1.462694
  O       7.912197      1.348552     -0.972463
17
Coordinates from ORCA-job neb_ed_ts_MEP E -491.725413541912
  C      -1.836690      0.254447     -0.121518
  C      -2.457277     -1.039489      0.061382
  C      -1.661008     -2.076335      0.523409
  C      -0.304279     -1.922032      0.761935
  C       0.279051     -0.566703      0.603029
  C      -0.529282      0.407970      0.302006
  H      -3.515651     -1.197926     -0.142700
  H      -2.108219     -3.059938      0.642919
  H       0.323412     -2.746536      1.111499
  H       1.343101     -0.504600      0.889631
  H      -0.377011      1.360865      0.899079
  N      -2.639576      1.277328     -0.602235
  H      -3.618964      1.126997     -0.813556
  H      -2.215206      2.155554     -0.814151
  N       6.251401      2.178840     -1.023801
  O       6.329417      3.203026     -1.391618
  O       6.736782      1.148531     -0.885309
17
Coordinates from ORCA-job neb_ed_ts_MEP E -491.719934675802
  C      -1.424416      0.342186     -0.185088
  C      -2.173074     -0.885246     -0.057754
  C      -1.511489     -1.991887      0.470361
  C      -0.176989     -1.962123      0.816437
  C       0.536213     -0.658780      0.738599
  C      -0.157215      0.380314      0.367898
  H      -3.221510     -0.954162     -0.345029
  H      -2.056198     -2.923398      0.560083
  H       0.346782     -2.839389      1.222902
  H       1.546772     -0.710563      1.177850
  H      -0.038959      1.283389      1.050305
  N      -2.097026      1.431381     -0.744674
  H      -3.063090      1.360146     -1.039056
  H      -1.580799      2.264512     -0.919978
  N       4.836451      1.931579     -0.948911
  O       4.748666      2.929584     -1.345267
  O       5.485882      1.002457     -0.818676
17
Coordinates from ORCA-job neb_ed_ts_MEP E -491.731915178598
  C      -1.037010      0.420009     -0.252354
  C      -1.870605     -0.734825     -0.170151
  C      -1.354267     -1.878220      0.403820
  C      -0.033575     -1.969000      0.876514
  C       0.768678     -0.781833      0.881176
  C       0.220505      0.388738      0.436955
  H      -2.896544     -0.716958     -0.544121
  H      -1.985793     -2.761156      0.466397
  H       0.350727     -2.893142      1.310948
  H       1.727730     -0.887837      1.414961
  H       0.250456      1.204365      1.195132
  N      -1.544741      1.551561     -0.861730
  H      -2.490943      1.552525     -1.244304
  H      -0.964230      2.344721     -0.996861
  N       3.408433      1.663333     -0.873018
  O       3.240804      2.660560     -1.305989
  O       4.210376      0.837158     -0.737374
17
Coordinates from ORCA-job neb_ed_ts_MEP E -491.827250934062
  C      -0.694692      0.556170     -0.341960
  C      -1.565253     -0.567642     -0.247021
  C      -1.145170     -1.721397      0.360452
  C       0.173844     -1.870651      0.932595
  C       1.047277     -0.843956      0.897103
  C       0.652469      0.488467      0.353165
  H      -2.557327     -0.503091     -0.699690
  H      -1.827705     -2.575534      0.394240
  H       0.456214     -2.826464      1.377863
  H       2.057211     -0.925925      1.302163
  H       0.596755      1.192812      1.208504
  N      -1.053877      1.655348     -0.962154
  H      -1.962272      1.722851     -1.417930
  H      -0.368840      2.405947     -1.092931
  N       1.800417      1.112004     -0.504111
  O       1.546509      2.179654     -1.032000
  O       2.844441      0.521407     -0.528288
