17
Coordinates from ORCA-job neb_ed_ts_initial_path E   0.000000000000
  C      -4.141126     -0.451046      0.365030
  C      -3.925548     -1.813607      0.732735
  C      -2.646704     -2.338080      0.714702
  C      -1.551327     -1.537806      0.335966
  C      -1.754527     -0.192375     -0.027424
  C      -3.024794      0.353109     -0.016155
  H      -4.777792     -2.430885      1.025906
  H      -2.486242     -3.380667      0.996372
  H      -0.545009     -1.960538      0.324127
  H      -0.903513      0.425484     -0.320934
  H      -3.186913      1.396206     -0.297352
  N      -5.384566      0.069839      0.377322
  H      -6.186777     -0.489472      0.644707
  H      -5.553553      1.035388      0.118605
  N      15.455052      3.570264     -1.711106
  O      16.295247      4.379198     -1.715037
  O      14.318091      3.364989     -1.547463
17
Coordinates from ORCA-job neb_ed_ts_initial_path E   0.000000000000
  C      -3.798053     -0.331338      0.288140
  C      -3.700351     -1.711828      0.638220
  C      -2.464372     -2.325580      0.689041
  C      -1.287523     -1.598868      0.402678
  C      -1.361878     -0.241064      0.063385
  C      -2.596547      0.399946      0.007555
  H      -4.610583     -2.274882      0.857147
  H      -2.398197     -3.383482      0.951792
  H      -0.318166     -2.099178      0.440991
  H      -0.452743      0.319119     -0.163186
  H      -2.647091      1.480255     -0.147578
  N      -4.996350      0.273825      0.230072
  H      -5.850971     -0.236488      0.425777
  H      -5.083146      1.251692     -0.027089
  N      13.992490      3.276717     -1.594464
  O      14.702771      4.208355     -1.648300
  O      12.870711      2.992801     -1.414182
17
Coordinates from ORCA-job neb_ed_ts_initial_path E   0.000000000000
  C      -3.444156     -0.209097      0.205145
  C      -3.472317     -1.597013      0.537101
  C      -2.293612     -2.302812      0.661357
  C      -1.042828     -1.663663      0.478579
  C      -0.984118     -0.304543      0.171167
  C      -2.166975      0.435249      0.016086
  H      -4.434496     -2.096136      0.672422
  H      -2.327171     -3.367864      0.901068
  H      -0.122588     -2.243296      0.569886
  H      -0.022113      0.186710      0.015048
  H      -2.116671      1.526235      0.063908
  N      -4.583637      0.481991      0.070736
  H      -5.485422      0.030296      0.187952
  H      -4.579519      1.463022     -0.192088
  N      12.539504      3.011591     -1.480654
  O      13.077072      4.054122     -1.595306
  O      11.459048      2.595207     -1.282405
17
Coordinates from ORCA-job neb_ed_ts_initial_path E   0.000000000000
  C      -3.080381     -0.087680      0.116426
  C      -3.239880     -1.470269      0.431648
  C      -2.133564     -2.267117      0.631134
  C      -0.821849     -1.727255      0.558938
  C      -0.631473     -0.379292      0.288932
  C      -1.738422      0.466090      0.027072
  H      -4.244498     -1.897168      0.477309
  H      -2.268682     -3.330059      0.844539
  H       0.037442     -2.384307      0.704876
  H       0.375229      0.034680      0.207301
  H      -1.626384      1.518757      0.313933
  N      -4.146527      0.688437     -0.095894
  H      -5.086829      0.304688     -0.060505
  H      -4.042264      1.663243     -0.366238
  N      11.099502      2.791232     -1.367350
  O      11.423013      3.912947     -1.555687
  O      10.125566      2.163075     -1.156434
17
Coordinates from ORCA-job neb_ed_ts_initial_path E   0.000000000000
  C      -2.702479      0.030844      0.021298
  C      -2.997459     -1.332248      0.321726
  C      -1.979259     -2.216596      0.596968
  C      -0.622029     -1.787266      0.639313
  C      -0.302178     -0.464038      0.408138
  C      -1.311276      0.492630      0.069847
  H      -4.032332     -1.678761      0.274748
  H      -2.216216     -3.267167      0.781334
  H       0.163663     -2.517339      0.841109
  H       0.737375     -0.132331      0.410078
  H      -1.184843      1.468727      0.560399
  N      -3.678280      0.891118     -0.265293
  H      -4.646563      0.583289     -0.313465
  H      -3.466201      1.849432     -0.533582
  N       9.470038      2.683151     -1.200685
  O       9.795191      3.764433     -1.552782
  O       8.972847      1.632121     -1.059153
17
Coordinates from ORCA-job neb_ed_ts_initial_path E   0.000000000000
  C      -2.316369      0.142921     -0.071607
  C      -2.745115     -1.187960      0.210321
  C      -1.828809     -2.151779      0.559939
  C      -0.444041     -1.840614      0.715629
  C      -0.002064     -0.554300      0.522946
  C      -0.899482      0.507396      0.135455
  H      -3.796757     -1.449770      0.073555
  H      -2.164151     -3.180281      0.714804
  H       0.257907     -2.635806      0.972648
  H       1.056090     -0.307864      0.618737
  H      -0.792717      1.400965      0.772141
  N      -3.189993      1.078211     -0.427075
  H      -4.169203      0.852665     -0.559088
  H      -2.867308      2.015269     -0.680820
  N       7.689646      2.480207     -1.068493
  O       8.180095      3.482650     -1.494073
  O       8.032271      1.348090     -0.995020
17
Coordinates from ORCA-job neb_ed_ts_initial_path E   0.000000000000
  C      -1.906719      0.252308     -0.158849
  C      -2.469331     -1.034091      0.092056
  C      -1.674632     -2.070725      0.516588
  C      -0.281539     -1.890482      0.788648
  C       0.276831     -0.652359      0.638465
  C      -0.488088      0.508115      0.209989
  H      -3.524257     -1.205416     -0.132615
  H      -2.107512     -3.066346      0.641216
  H       0.323049     -2.743609      1.101030
  H       1.332860     -0.504210      0.861388
  H      -0.424645      1.325992      0.949320
  N      -2.657062      1.257558     -0.583271
  H      -3.639788      1.113647     -0.803113
  H      -2.229367      2.156347     -0.809880
  N       6.197719      2.156985     -0.974769
  O       6.440350      3.242366     -1.425441
  O       6.832132      1.153922     -0.910764
17
Coordinates from ORCA-job neb_ed_ts_initial_path E   0.000000000000
  C      -1.481476      0.355383     -0.236594
  C      -2.174460     -0.874538     -0.032539
  C      -1.520815     -1.974156      0.462822
  C      -0.141515     -1.937054      0.851159
  C       0.533130     -0.758521      0.761125
  C      -0.085333      0.486699      0.292875
  H      -3.219168     -0.951854     -0.341214
  H      -2.050731     -2.925428      0.556015
  H       0.349195     -2.841823      1.215408
  H       1.543002     -0.726121      1.170594
  H      -0.084687      1.245476      1.098228
  N      -2.097087      1.415525     -0.727471
  H      -3.065969      1.356227     -1.036595
  H      -1.569240      2.268746     -0.918116
  N       4.765786      1.889315     -0.901431
  O       4.769637      2.992144     -1.382748
  O       5.529731      0.979980     -0.831518
17
Coordinates from ORCA-job neb_ed_ts_initial_path E   0.000000000000
  C      -1.043583      0.450808     -0.301911
  C      -1.856296     -0.713581     -0.161647
  C      -1.349567     -1.856731      0.399553
  C      -0.005060     -1.955116      0.901399
  C       0.785325     -0.853458      0.905442
  C       0.296231      0.449955      0.394923
  H      -2.876574     -0.699130     -0.551720
  H      -1.976960     -2.750297      0.457306
  H       0.354012     -2.902069      1.310487
  H       1.741512     -0.920273      1.430330
  H       0.221517      1.164728      1.238885
  N      -1.525041      1.544039     -0.856386
  H      -2.461286      1.566462     -1.256233
  H      -0.914334      2.352749     -0.997861
  N       3.310655      1.618601     -0.843000
  O       3.133845      2.708049     -1.333997
  O       4.165603      0.795264     -0.735572
17
Coordinates from ORCA-job neb_ed_ts_initial_path E   0.000000000000
  C      -0.694003      0.557444     -0.341284
  C      -1.565880     -0.565484     -0.247990
  C      -1.147214     -1.720556      0.357955
  C       0.171554     -1.872126      0.930055
  C       1.046184     -0.846399      0.896076
  C       0.652992      0.487225      0.353913
  H      -2.557822     -0.499162     -0.700692
  H      -1.830745     -2.573945      0.390490
  H       0.452759     -2.828874      1.374049
  H       2.055971     -0.930095      1.301147
  H       0.597989      1.190463      1.210208
  N      -1.051833      1.657886     -0.960017
  H      -1.960092      1.727068     -1.415811
  H      -0.365908      2.407867     -1.089682
  N       1.801770      1.110600     -0.502367
  O       1.549169      2.179265     -1.028825
  O       2.845110      0.518824     -0.527224
