20
Coordinates from ORCA-job opt
  C   -2.34292213184370      1.21207756245386     -0.51452532812864
  C   -3.64899668305824      1.57622246275772     -0.12610518487470
  C   -4.63303041600564      0.60322576268850      0.08930685939404
  C   -4.32742302330247     -0.76020488957890     -0.08067416419476
  C   -3.02451521770590     -1.12612342540675     -0.46850492331757
  C   -2.03774034980121     -0.15793403407375     -0.68500948982594
  H   -3.90398074509844      2.63933156767051      0.01104843667864
  H   -5.64704488336180      0.91058619906951      0.39218328446945
  H   -1.02422166647888     -0.44238536896506     -0.98670375249369
  H   -2.79196094470888     -2.19228739059369     -0.59955146821901
  O   -5.24429146019225     -1.76525873502397      0.11420987280647
  H   -6.08882039324674     -1.34713758833010      0.37685643184285
  N   -1.39980107511530      2.24682266051168     -0.71432792258582
  C   -0.06940308556005      2.15052390050070     -1.09314523494343
  H   -1.75817353136895      3.19034568272862     -0.55534463906692
  C   0.62642998958769      3.50600413880489     -1.20393380500591
  H   1.67383767672588      3.33494824023505     -1.50737201747387
  H   0.61362033937315      4.04585077561488     -0.23395890164541
  H   0.13138920168814      4.15255788566142     -1.95851093369828
  O   0.50542839947359      1.08398459327486     -1.32047711971749
