20
Coordinates from ORCA-job opt E -515.545411738749
  C      -2.359600      1.238280     -0.508080
  C      -3.672270      1.572270     -0.119700
  C      -4.638980      0.585930      0.089950
  C      -4.315450     -0.763510     -0.084290
  C      -3.020970     -1.116330     -0.468730
  C      -2.048370     -0.132960     -0.680220
  H      -3.951920      2.608800      0.022860
  H      -5.639390      0.873810      0.388000
  H      -1.077490     -0.487020     -0.974090
  H      -2.764960     -2.159870     -0.605100
  O      -5.237130     -1.727490      0.114130
  H      -6.145100     -1.524510      0.381020
  N      -1.425790      2.315300     -0.702900
  C      -0.113590      2.231100     -1.075770
  H      -1.787820      3.268660     -0.542340
  C       0.692570      3.488570     -1.223630
  H       1.735360      3.257300     -1.530160
  H       0.718000      4.031270     -0.255490
  H       0.230500      4.139220     -1.995390
  O       0.430780      1.162330     -1.294610
20
Coordinates from ORCA-job opt E -515.554072841181
  C      -2.349617      1.229385     -0.510801
  C      -3.658445      1.581500     -0.122633
  C      -4.636296      0.602640      0.090149
  C      -4.322669     -0.759510     -0.082184
  C      -3.021703     -1.117600     -0.468464
  C      -2.041126     -0.137198     -0.682039
  H      -3.927244      2.639762      0.018228
  H      -5.649902      0.903867      0.392316
  H      -1.045441     -0.474855     -0.981719
  H      -2.769284     -2.177298     -0.604868
  O      -5.235283     -1.745611      0.111884
  H      -6.127389     -1.468004      0.378612
  N      -1.416652      2.281975     -0.706780
  C      -0.093694      2.185252     -1.083790
  H      -1.776640      3.225165     -0.547469
  C       0.660127      3.497419     -1.214403
  H       1.699158      3.293894     -1.518945
  H       0.669800      4.042948     -0.245866
  H       0.183115      4.149902     -1.977571
  O       0.467565      1.107517     -1.308199
20
Coordinates from ORCA-job opt E -515.556871622790
  C      -2.337563      1.212883     -0.515101
  C      -3.643643      1.580818     -0.126778
  C      -4.631538      0.611769      0.089375
  C      -4.330719     -0.757206     -0.079757
  C      -3.027578     -1.124435     -0.467131
  C      -2.037374     -0.154109     -0.684010
  H      -3.897991      2.647379      0.010488
  H      -5.646739      0.923407      0.392458
  H      -1.030078     -0.467676     -0.985480
  H      -2.788230     -2.191053     -0.600216
  O      -5.240399     -1.758941      0.112464
  H      -6.101821     -1.382431      0.376393
  N      -1.399259      2.247915     -0.713585
  C      -0.069323      2.151437     -1.092923
  H      -1.760462      3.188571     -0.553991
  C       0.625195      3.508229     -1.204034
  H       1.670101      3.335726     -1.508506
  H       0.614195      4.050438     -0.234763
  H       0.129731      4.156949     -1.957197
  O       0.511875      1.081481     -1.322245
20
Coordinates from ORCA-job opt E -515.557158691729
  C      -2.339674      1.211911     -0.515137
  C      -3.646127      1.578403     -0.126650
  C      -4.632415      0.608176      0.089388
  C      -4.330154     -0.758613     -0.079915
  C      -3.026612     -1.124916     -0.467690
  C      -2.037520     -0.156193     -0.684609
  H      -3.899991      2.643339      0.010353
  H      -5.646989      0.917834      0.392455
  H      -1.026735     -0.454942     -0.986296
  H      -2.790516     -2.191155     -0.599720
  O      -5.241617     -1.764361      0.113153
  H      -6.091700     -1.358533      0.376080
  N      -1.397974      2.245530     -0.714494
  C      -0.067578      2.147983     -1.093649
  H      -1.757688      3.187851     -0.555246
  C       0.623464      3.507576     -1.203253
  H       1.670267      3.336880     -1.507496
  H       0.610579      4.048923     -0.234002
  H       0.127336      4.155542     -1.956057
  O       0.510025      1.079917     -1.321757
20
Coordinates from ORCA-job opt E -515.557230304043
  C      -2.342089      1.211805     -0.514694
  C      -3.648439      1.576307     -0.126245
  C      -4.632974      0.604194      0.089322
  C      -4.328517     -0.760018     -0.080375
  C      -3.025356     -1.125834     -0.468207
  C      -2.037858     -0.157801     -0.684865
  H      -3.903033      2.639621      0.010800
  H      -5.646991      0.911975      0.392189
  H      -1.025300     -0.446085     -0.986501
  H      -2.791798     -2.191782     -0.599508
  O      -5.243921     -1.765741      0.114020
  H      -6.088906     -1.348150      0.376565
  N      -1.398892      2.246380     -0.714486
  C      -0.068451      2.149784     -1.093419
  H      -1.757668      3.189670     -0.555434
  C       0.625700      3.506802     -1.203744
  H       1.673122      3.335851     -1.507551
  H       0.612894      4.047084     -0.234046
  H       0.130312      4.153855     -1.957625
  O       0.506546      1.083235     -1.320737
20
Coordinates from ORCA-job opt E -515.557238473455
  C      -2.342922      1.212078     -0.514525
  C      -3.648997      1.576222     -0.126105
  C      -4.633030      0.603226      0.089307
  C      -4.327423     -0.760205     -0.080674
  C      -3.024515     -1.126123     -0.468505
  C      -2.037740     -0.157934     -0.685009
  H      -3.903981      2.639332      0.011048
  H      -5.647045      0.910586      0.392183
  H      -1.024222     -0.442385     -0.986704
  H      -2.791961     -2.192287     -0.599551
  O      -5.244291     -1.765259      0.114210
  H      -6.088820     -1.347138      0.376856
  N      -1.399801      2.246823     -0.714328
  C      -0.069403      2.150524     -1.093145
  H      -1.758174      3.190346     -0.555345
  C       0.626430      3.506004     -1.203934
  H       1.673838      3.334948     -1.507372
  H       0.613620      4.045851     -0.233959
  H       0.131389      4.152558     -1.958511
  O       0.505428      1.083985     -1.320477
