18
Coordinates from ORCA-job para_produtcts_optfreq_6 E -476.288716882424
  C      -5.637256      0.988999      0.211437
  C      -6.615245      1.644790     -0.541517
  C      -7.259702      1.009671     -1.589046
  C      -6.920626     -0.303624     -1.882913
  C      -5.958313     -0.986942     -1.155345
  C      -5.321312     -0.331544     -0.113754
  C      -4.957598      1.687071      1.354206
  H      -4.015053      1.205466      1.611276
  H      -5.590488      1.673676      2.245550
  H      -4.756159      2.731843      1.116035
  H      -6.870049      2.670761     -0.306350
  H      -8.011472      1.511313     -2.179099
  H      -5.716415     -2.006256     -1.415035
  H      -4.561300     -0.852853      0.454660
  N      -7.589409     -0.981713     -3.000782
  O      -7.313967     -2.155578     -3.204561
  O      -8.383824     -0.334441     -3.667015
  H     -14.014316    -10.620091    -11.879835
18
Coordinates from ORCA-job para_produtcts_optfreq_6 E -476.288717223889
  C      -5.637300      0.988958      0.211401
  C      -6.615217      1.644778     -0.541560
  C      -7.259714      1.009673     -1.589017
  C      -6.920544     -0.303567     -1.882941
  C      -5.958257     -0.986918     -1.155378
  C      -5.321341     -0.331550     -0.113781
  C      -4.957602      1.687066      1.354203
  H      -4.014979      1.205403      1.611335
  H      -5.590553      1.673654      2.245618
  H      -4.756167      2.731951      1.116030
  H      -6.870062      2.670679     -0.306368
  H      -8.011419      1.511346     -2.179089
  H      -5.716424     -2.006242     -1.414976
  H      -4.561386     -0.852844      0.454615
  N      -7.589493     -0.981750     -3.000764
  O      -7.313910     -2.155612     -3.204478
  O      -8.383865     -0.334408     -3.667032
  H     -14.014276    -10.620013    -11.879801
