18
Coordinates from ORCA-job para_produtcts_optfreq_6
  C   -5.63730045825013      0.98895775402373      0.21140108952929
  C   -6.61521686818294      1.64477797440037     -0.54155973132990
  C   -7.25971378590691      1.00967334334164     -1.58901735644541
  C   -6.92054365680594     -0.30356656176557     -1.88294101685485
  C   -5.95825725787558     -0.98691806220894     -1.15537833350930
  C   -5.32134133596212     -0.33155007147721     -0.11378115020074
  C   -4.95760209817838      1.68706585938475      1.35420282512380
  H   -4.01497889547030      1.20540292237450      1.61133512103066
  H   -5.59055251655670      1.67365438442870      2.24561788997049
  H   -4.75616712592867      2.73195108820473      1.11602950566502
  H   -6.87006230004945      2.67067937028778     -0.30636805966469
  H   -8.01141891987439      1.51134613848420     -2.17908887142144
  H   -5.71642386904482     -2.00624172561528     -1.41497587457979
  H   -4.56138648775647     -0.85284436030504      0.45461538082834
  N   -7.58949259705865     -0.98175017821882     -3.00076367957948
  O   -7.31391038313880     -2.15561183544513     -3.20447825515089
  O   -8.38386527444987     -0.33440806745435     -3.66703195879171
  H   -14.01427556483359    -10.62001290262179    -11.87980139397085
