18
Coordinates from ORCA-job produtcs_opt
  C   -3.19573616370572      2.62737665061239     -0.87808022772857
  C   -4.32123531552855      1.82744264748199     -1.18823683995650
  C   -4.14342537979847      0.65981385116878     -1.94712841875863
  C   -2.88696821020080      0.25066788257068     -2.42988708400353
  C   -1.76998042409174      1.05166247371040     -2.11693996455115
  C   -1.92011608786303      2.22481304154817     -1.34304932257814
  C   -3.37945528660918      3.89632531805160     -0.05796387828749
  H   -2.79723874015306     -0.66188263151136     -3.01454305310277
  H   -5.31692269109299      2.11021513505468     -0.84689563264536
  H   -2.40866930635095      4.33281668444951      0.21119662081883
  H   -3.92748568748237      3.68863431504777      0.87203135376184
  H   -3.94753564572019      4.65181970575714     -0.61947384432440
  H   -1.04407859881995      2.82733634537617     -1.09286350142666
  H   -0.78287326514061      0.75528438159015     -2.47247827108913
  N   -5.32922200925654     -0.19777497988576     -2.22351517857613
  O   -5.12740697062049     -1.38203050991618     -2.67983831223693
  O   -6.49686135112665      0.28167524329069     -1.98076945658934
  H   -14.91527026189129     -0.92417352129579      7.41072254788259
