18
Coordinates from ORCA-job produtcs_opt E -473.995386664872
  C      -3.201020      2.614160     -0.883210
  C      -4.338310      1.817810     -1.201320
  C      -4.164810      0.679990     -1.945700
  C      -2.907910      0.272990     -2.415620
  C      -1.781850      1.058820     -2.109480
  C      -1.927360      2.199740     -1.347320
  C      -3.377070      3.850780     -0.082420
  H      -2.820530     -0.635670     -2.994030
  H      -5.322580      2.102480     -0.852130
  H      -2.418180      4.296490      0.186500
  H      -3.927820      3.656380      0.844690
  H      -3.944950      4.606090     -0.635600
  H      -1.062670      2.803520     -1.097420
  H      -0.807140      0.751050     -2.468620
  N      -5.335250     -0.188680     -2.220170
  O      -5.089880     -1.305970     -2.647120
  O      -6.437930      0.265480     -1.983320
  H     -14.916990     -0.921460      7.413750
18
Coordinates from ORCA-job produtcs_opt E -474.007172080412
  C      -3.201818      2.604382     -0.889025
  C      -4.334025      1.831351     -1.192998
  C      -4.158585      0.672621     -1.951402
  C      -2.905666      0.271191     -2.417116
  C      -1.782921      1.048120     -2.116149
  C      -1.930593      2.212318     -1.339263
  C      -3.378760      3.859660     -0.076922
  H      -2.819774     -0.637893     -2.995560
  H      -5.325143      2.103553     -0.851172
  H      -2.415490      4.297327      0.187243
  H      -3.928124      3.656029      0.846227
  H      -3.945683      4.607768     -0.636681
  H      -1.059951      2.805332     -1.096733
  H      -0.804743      0.750458     -2.469417
  N      -5.298558     -0.166724     -2.213949
  O      -5.084313     -1.348912     -2.663810
  O      -6.484278      0.282663     -1.974467
  H     -14.916842     -0.921400      7.413684
18
Coordinates from ORCA-job produtcs_opt E -474.008162145743
  C      -3.202263      2.607745     -0.886800
  C      -4.333202      1.830687     -1.193043
  C      -4.153354      0.678466     -1.948888
  C      -2.903009      0.266856     -2.420398
  C      -1.782922      1.049846     -2.114964
  C      -1.929809      2.210824     -1.340840
  C      -3.379402      3.862788     -0.075078
  H      -2.819188     -0.639991     -2.997044
  H      -5.326951      2.104902     -0.850087
  H      -2.413099      4.298347      0.188096
  H      -3.928743      3.655869      0.848243
  H      -3.946653      4.609820     -0.637746
  H      -1.057237      2.807911     -1.095581
  H      -0.802221      0.749432     -2.470525
  N      -5.308856     -0.171549     -2.215122
  O      -5.083978     -1.353641     -2.665819
  O      -6.483496      0.284405     -1.974196
  H     -14.916736     -0.921354      7.413649
18
Coordinates from ORCA-job produtcs_opt E -474.008807195070
  C      -3.201755      2.612981     -0.883547
  C      -4.332865      1.833083     -1.190599
  C      -4.147831      0.680345     -1.948575
  C      -2.898886      0.262633     -2.423956
  C      -1.780644      1.049187     -2.115627
  C      -1.928586      2.212028     -1.341259
  C      -3.380270      3.868842     -0.071606
  H      -2.817860     -0.645866     -3.001065
  H      -5.329163      2.106894     -0.848607
  H      -2.409133      4.300414      0.189802
  H      -3.929923      3.655963      0.852165
  H      -3.948474      4.613966     -0.639431
  H      -1.053404      2.811717     -1.093938
  H      -0.798643      0.748159     -2.471997
  N      -5.317332     -0.181265     -2.218150
  O      -5.086044     -1.358940     -2.668144
  O      -6.486798      0.287252     -1.973599
  H     -14.916557     -0.921356      7.413532
18
Coordinates from ORCA-job produtcs_opt E -474.009192901214
  C      -3.200705      2.618273     -0.880414
  C      -4.332180      1.835203     -1.188178
  C      -4.145781      0.678947     -1.949210
  C      -2.894990      0.258716     -2.427270
  C      -1.776941      1.048519     -2.116574
  C      -1.926597      2.214670     -1.341129
  C      -3.380811      3.876294     -0.067392
  H      -2.816050     -0.653049     -3.005994
  H      -5.331161      2.109076     -0.847056
  H      -2.405356      4.303269      0.192075
  H      -3.931107      3.656891      0.856692
  H      -3.950369      4.619141     -0.640631
  H      -1.049925      2.815461     -1.092400
  H      -0.794512      0.747014     -2.473507
  N      -5.323268     -0.185896     -2.219415
  O      -5.090656     -1.366915     -2.671448
  O      -6.489834      0.287943     -1.973965
  H     -14.916367     -0.921407      7.413352
18
Coordinates from ORCA-job produtcs_opt E -474.009457918334
  C      -3.199193      2.622621     -0.878066
  C      -4.331108      1.835730     -1.186753
  C      -4.145932      0.675908     -1.949900
  C      -2.892264      0.255384     -2.429924
  C      -1.773257      1.048636     -2.117084
  C      -1.924185      2.217804     -1.340867
  C      -3.381037      3.883774     -0.063233
  H      -2.813786     -0.659841     -3.010759
  H      -5.332131      2.111124     -0.845724
  H      -2.402487      4.307013      0.194895
  H      -3.931919      3.659127      0.861123
  H      -3.951852      4.624879     -0.640628
  H      -1.047100      2.818847     -1.091143
  H      -0.789982      0.746235     -2.474878
  N      -5.324334     -0.190615     -2.221075
  O      -5.098157     -1.371850     -2.673494
  O      -6.493255      0.286925     -1.974992
  H     -14.916171     -0.921556      7.413096
18
Coordinates from ORCA-job produtcs_opt E -474.009608978951
  C      -3.197851      2.624885     -0.877131
  C      -4.330013      1.835153     -1.186155
  C      -4.146742      0.671617     -1.950722
  C      -2.891061      0.253713     -2.431118
  C      -1.770727      1.048861     -2.117428
  C      -1.922150      2.220878     -1.340478
  C      -3.380995      3.889373     -0.060209
  H      -2.811353     -0.664382     -3.014120
  H      -5.331201      2.112462     -0.845060
  H      -2.401231      4.311276      0.197922
  H      -3.932027      3.662692      0.864529
  H      -3.952432      4.630237     -0.638991
  H      -1.045278      2.821384     -1.090399
  H      -0.786211      0.746255     -2.475641
  N      -5.324298     -0.191418     -2.221357
  O      -5.106310     -1.375048     -2.674830
  O      -6.494016      0.283777     -1.976903
  H     -14.915995     -0.921775      7.412801
18
Coordinates from ORCA-job produtcs_opt E -474.009715521099
  C      -3.197281      2.625579     -0.877140
  C      -4.328619      1.833447     -1.186615
  C      -4.147413      0.668602     -1.950607
  C      -2.890624      0.252828     -2.431470
  C      -1.769755      1.049574     -2.117299
  C      -1.920932      2.222557     -1.340551
  C      -3.380778      3.892042     -0.058915
  H      -2.809091     -0.665584     -3.015318
  H      -5.328876      2.112978     -0.845022
  H      -2.401604      4.315524      0.200761
  H      -3.931505      3.667063      0.866610
  H      -3.952113      4.634632     -0.636044
  H      -1.044330      2.823104     -1.090132
  H      -0.783980      0.747105     -2.475649
  N      -5.323048     -0.191765     -2.221633
  O      -5.113173     -1.375580     -2.675125
  O      -6.494006      0.280839     -1.978578
  H     -14.915866     -0.922072      7.412491
18
Coordinates from ORCA-job produtcs_opt E -474.009814199266
  C      -3.196956      2.625717     -0.877617
  C      -4.326742      1.831210     -1.187387
  C      -4.146817      0.665645     -1.949986
  C      -2.890151      0.252335     -2.431292
  C      -1.769456      1.050273     -2.117178
  C      -1.920188      2.223836     -1.340935
  C      -3.380447      3.893724     -0.058307
  H      -2.806152     -0.665104     -3.015549
  H      -5.325020      2.113003     -0.845396
  H      -2.403151      4.320983      0.204277
  H      -3.930444      3.673266      0.868531
  H      -3.951118      4.639810     -0.631390
  H      -1.043572      2.824909     -1.090130
  H      -0.782449      0.748891     -2.475056
  N      -5.322936     -0.192047     -2.221838
  O      -5.120028     -1.376218     -2.675604
  O      -6.493724      0.278238     -1.980241
  H     -14.915724     -0.922533      7.412062
18
Coordinates from ORCA-job produtcs_opt E -474.009882291270
  C      -3.196796      2.625929     -0.878077
  C      -4.324493      1.829084     -1.188130
  C      -4.145305      0.663331     -1.948870
  C      -2.889128      0.251807     -2.430978
  C      -1.769568      1.050926     -2.117064
  C      -1.919840      2.224511     -1.341671
  C      -3.380080      3.894752     -0.058143
  H      -2.802893     -0.663583     -3.015125
  H      -5.320832      2.112571     -0.845971
  H      -2.405389      4.326639      0.207815
  H      -3.929165      3.680097      0.870234
  H      -3.949764      4.645116     -0.626080
  H      -1.043132      2.826560     -1.090450
  H      -0.781814      0.751247     -2.474064
  N      -5.324181     -0.193516     -2.222389
  O      -5.125365     -1.377572     -2.676556
  O      -6.494301      0.277445     -1.981224
  H     -14.915582     -0.923112      7.411563
18
Coordinates from ORCA-job produtcs_opt E -474.009955856230
  C      -3.196432      2.626421     -0.878319
  C      -4.322473      1.827723     -1.188489
  C      -4.143669      0.661454     -1.947799
  C      -2.887867      0.251339     -2.430541
  C      -1.769754      1.051391     -2.117020
  C      -1.919866      2.224773     -1.342459
  C      -3.379745      3.895429     -0.058157
  H      -2.799861     -0.662075     -3.014583
  H      -5.317576      2.111740     -0.846547
  H      -2.407592      4.331134      0.210510
  H      -3.928045      3.685884      0.871502
  H      -3.948452      4.649504     -0.621527
  H      -1.043208      2.827594     -1.091175
  H      -0.782017      0.753567     -2.473029
  N      -5.326764     -0.195562     -2.223013
  O      -5.128093     -1.379766     -2.678009
  O      -6.495439      0.278573     -1.981406
  H     -14.915449     -0.923687      7.411093
18
Coordinates from ORCA-job produtcs_opt E -474.009964374327
  C      -3.196048      2.626973     -0.878223
  C      -4.321559      1.827466     -1.188406
  C      -4.143207      0.660526     -1.947322
  C      -2.887121      0.250980     -2.430225
  C      -1.769873      1.051587     -2.116981
  C      -1.919973      2.224756     -1.342884
  C      -3.379572      3.895907     -0.058084
  H      -2.798267     -0.661689     -3.014449
  H      -5.316777      2.110960     -0.846794
  H      -2.408507      4.332591      0.211249
  H      -3.927617      3.688046      0.871931
  H      -3.947835      4.651214     -0.619853
  H      -1.043644      2.827641     -1.091995
  H      -0.782508      0.754707     -2.472582
  N      -5.328507     -0.197006     -2.223383
  O      -5.128001     -1.381375     -2.679133
  O      -6.496450      0.280364     -1.981038
  H     -14.915360     -0.923995      7.410856
18
Coordinates from ORCA-job produtcs_opt E -474.009982894674
  C      -3.195736      2.627377     -0.878080
  C      -4.321235      1.827443     -1.188237
  C      -4.143425      0.659814     -1.947128
  C      -2.886968      0.250668     -2.429887
  C      -1.769980      1.051662     -2.116940
  C      -1.920116      2.224813     -1.343049
  C      -3.379455      3.896325     -0.057964
  H      -2.797239     -0.661883     -3.014543
  H      -5.316923      2.110215     -0.846896
  H      -2.408669      4.332817      0.211197
  H      -3.927486      3.688634      0.872031
  H      -3.947536      4.651820     -0.619474
  H      -1.044079      2.827336     -1.092864
  H      -0.782873      0.755284     -2.472478
  N      -5.329222     -0.197775     -2.223515
  O      -5.127407     -1.382031     -2.679838
  O      -6.496861      0.281675     -1.980769
  H     -14.915270     -0.924174      7.410723
