18
Coordinates from ORCA-job secondjob
  C   -3.20102000000000      2.61416000000000     -0.88321000000000
  C   -4.33831000000000      1.81781000000000     -1.20132000000000
  C   -4.16481000000000      0.67999000000000     -1.94570000000000
  C   -2.90791000000000      0.27299000000000     -2.41562000000000
  C   -1.78185000000000      1.05882000000000     -2.10948000000000
  C   -1.92736000000000      2.19974000000000     -1.34732000000000
  C   -3.37707000000000      3.85078000000000     -0.08242000000000
  H   -2.82053000000000     -0.63567000000000     -2.99403000000000
  H   -5.32258000000000      2.10248000000000     -0.85213000000000
  H   -2.41818000000000      4.29649000000000      0.18650000000000
  H   -3.92782000000000      3.65638000000000      0.84469000000000
  H   -3.94495000000000      4.60609000000000     -0.63560000000000
  H   -1.06267000000000      2.80352000000000     -1.09742000000000
  H   -0.80714000000000      0.75105000000000     -2.46862000000000
  N   -5.33525000000000     -0.18868000000000     -2.22017000000000
  O   -5.08988000000000     -1.30597000000000     -2.64712000000000
  O   -6.43793000000000      0.26548000000000     -1.98332000000000
  H   -14.91699000000000     -0.92146000000000      7.41375000000000
