18
Coordinates from ORCA-job e_c_12
  C   -5.68810343766179      0.74157194467983      4.01600345747737
  C   -6.13711342784993      1.48130994548141      2.89520885046906
  C   -6.03318680210626      0.96557073872231      1.62407657863834
  C   -5.47718636511764     -0.30634894056667      1.43265234477212
  C   -5.02860291959136     -1.05397170266959      2.53218431771792
  C   -5.13320119858906     -0.53593985929596      3.80456689754732
  C   -5.80170604025710      1.31760185169756      5.38315949856062
  H   -5.47839312050791      0.62137420173713      6.15196784693495
  H   -6.83102372666073      1.62130497584222      5.59177633389392
  H   -5.19908828977786      2.22779405730209      5.46514341465626
  H   -6.56547870615366      2.46171907523405      3.05178584971923
  H   -6.37818858479631      1.53540488145251      0.77381213864573
  H   -5.39349414981069     -0.71397844778302      0.43548612211496
  H   -4.60252127018528     -2.03430197242319      2.37625178977967
  H   -4.78948470065247     -1.10737471780284      4.65509537223694
  N   -10.72284505292838     -2.04389248947835    -23.96004958934253
  O   -10.31363332527764     -1.94908028679250    -22.88606609379230
  O   -10.56943174759388     -2.21893568724735    -25.08929918767560
