18
Coordinates from ORCA-job e_c_12 E -476.234107383143
  C      -5.688640      0.743757      4.022800
  C      -6.140175      1.487528      2.894798
  C      -6.035775      0.968601      1.615129
  C      -5.476716     -0.310678      1.421742
  C      -5.025167     -1.062516      2.527377
  C      -5.130387     -0.541724      3.808280
  C      -5.802190      1.321855      5.393426
  H      -5.475682      0.620584      6.172916
  H      -6.841905      1.631109      5.604052
  H      -5.194680      2.242866      5.475477
  H      -6.573380      2.478671      3.052135
  H      -6.384676      1.545414      0.755880
  H      -5.392721     -0.722458      0.413110
  H      -4.593775     -2.053509      2.370119
  H      -4.782679     -1.120275      4.667270
  N     -10.723030     -2.043554    -23.959499
  O     -10.312487     -1.950631    -22.882003
  O     -10.569991     -2.217753    -25.092571
18
Coordinates from ORCA-job e_c_12 E -476.249685245852
  C      -5.688056      0.739106      4.011328
  C      -6.137627      1.483539      2.904297
  C      -6.033074      0.961904      1.612576
  C      -5.476094     -0.311079      1.425158
  C      -5.027086     -1.059879      2.518778
  C      -5.133714     -0.533440      3.812166
  C      -5.803561      1.327303      5.398204
  H      -5.476904      0.622744      6.170500
  H      -6.838003      1.628888      5.604160
  H      -5.196533      2.238629      5.476072
  H      -6.571955      2.475215      3.051755
  H      -6.383449      1.543286      0.758887
  H      -5.392945     -0.720978      0.416954
  H      -4.595229     -2.050045      2.370622
  H      -4.783820     -1.118322      4.664520
  N     -10.667397     -2.051526    -23.964793
  O     -10.341695     -1.950013    -22.906058
  O     -10.592864     -2.210711    -25.063285
18
Coordinates from ORCA-job e_c_12 E -476.284137509879
  C      -5.688193      0.737668      4.007180
  C      -6.134917      1.477454      2.906654
  C      -6.030379      0.956510      1.615771
  C      -5.475524     -0.312034      1.425528
  C      -5.029464     -1.054958      2.515851
  C      -5.136401     -0.528198      3.809202
  C      -5.804564      1.331319      5.399602
  H      -5.478720      0.625992      6.167304
  H      -6.834005      1.626130      5.604921
  H      -5.198080      2.234093      5.477320
  H      -6.569298      2.469125      3.051914
  H      -6.381335      1.539566      0.763555
  H      -5.393287     -0.718690      0.423058
  H      -4.597635     -2.044504      2.370955
  H      -4.785979     -1.114421      4.660319
  N     -10.603277     -2.060732    -23.971059
  O     -10.370713     -1.944502    -22.894173
  O     -10.623766     -2.207338    -25.068430
18
Coordinates from ORCA-job e_c_12 E -476.288598163470
  C      -5.688548      0.739696      4.012190
  C      -6.135310      1.477025      2.901118
  C      -6.030702      0.958005      1.618961
  C      -5.475783     -0.311814      1.423783
  C      -5.029332     -1.054309      2.520274
  C      -5.135604     -0.531021      3.804949
  C      -5.804203      1.329938      5.397563
  H      -5.479748      0.628008      6.165287
  H      -6.832809      1.625267      5.605205
  H      -5.198345      2.232900      5.477756
  H      -6.567261      2.464628      3.051911
  H      -6.379728      1.536839      0.767104
  H      -5.393455     -0.717623      0.425912
  H      -4.599418     -2.040517      2.371213
  H      -4.787648     -1.111455      4.656991
  N     -10.592579     -2.062215    -23.971593
  O     -10.372795     -1.940711    -22.868532
  O     -10.631639     -2.209723    -25.093256
18
Coordinates from ORCA-job e_c_12 E -476.289751979004
  C      -5.688851      0.742033      4.017317
  C      -6.136120      1.478095      2.897030
  C      -6.031624      0.960369      1.619803
  C      -5.476237     -0.310675      1.424511
  C      -5.028796     -1.054876      2.523861
  C      -5.134463     -0.534102      3.802921
  C      -5.803364      1.326441      5.393819
  H      -5.480001      0.628562      6.164604
  H      -6.833460      1.625470      5.605282
  H      -5.197758      2.233710      5.477770
  H      -6.566228      2.462387      3.051654
  H      -6.378866      1.535445      0.769061
  H      -5.393412     -0.717778      0.425564
  H      -4.600281     -2.038633      2.371415
  H      -4.788534     -1.109942      4.654988
  N     -10.604003     -2.060757    -23.971670
  O     -10.366838     -1.940839    -22.863758
  O     -10.626901     -2.211050    -25.098064
18
Coordinates from ORCA-job e_c_12 E -476.292119582938
  C      -5.689049      0.745921      4.025770
  C      -6.137806      1.480923      2.890447
  C      -6.033843      0.965780      1.620813
  C      -5.477347     -0.307606      1.427709
  C      -5.027540     -1.056487      2.531302
  C      -5.132348     -0.539398      3.800858
  C      -5.801365      1.317862      5.384938
  H      -5.480179      0.629001      6.163058
  H      -6.834973      1.626161      5.604802
  H      -5.196534      2.235698      5.477167
  H      -6.564278      2.458070      3.050518
  H      -6.377200      1.532804      0.772969
  H      -5.393269     -0.718337      0.424212
  H      -4.602010     -2.034864      2.372031
  H      -4.790236     -1.107155      4.650482
  N     -10.661503     -2.052056    -23.962569
  O     -10.339455     -1.944212    -22.862321
  O     -10.600582     -2.216110    -25.108968
18
Coordinates from ORCA-job e_c_12 E -476.292963875914
  C      -5.688638      0.745781      4.025668
  C      -6.138309      1.482044      2.889226
  C      -6.034661      0.967795      1.621755
  C      -5.477746     -0.306584      1.428792
  C      -5.027233     -1.056783      2.534171
  C      -5.131891     -0.540270      3.801292
  C      -5.800795      1.315099      5.382493
  H      -5.479881      0.628340      6.162089
  H      -6.834898      1.626393      5.603574
  H      -5.196665      2.235844      5.476004
  H      -6.564110      2.457587      3.049680
  H      -6.377048      1.532606      0.773457
  H      -5.393275     -0.718218      0.424462
  H      -4.602366     -2.034102      2.372397
  H      -4.790414     -1.106972      4.649356
  N     -10.715748     -2.045389    -23.965516
  O     -10.313867     -1.947907    -22.865124
  O     -10.575443     -2.218753    -25.103701
18
Coordinates from ORCA-job e_c_12 E -476.294222817920
  C      -5.688254      0.743236      4.020384
  C      -6.137505      1.480822      2.892462
  C      -6.033688      0.965527      1.622058
  C      -5.477239     -0.308002      1.427377
  C      -5.027918     -1.055709      2.531408
  C      -5.132897     -0.537573      3.802597
  C      -5.801751      1.319119      5.386891
  H      -5.479608      0.627654      6.162091
  H      -6.833386      1.625915      5.602800
  H      -5.197869      2.234125      5.475421
  H      -6.565220      2.459967      3.049876
  H      -6.377972      1.534104      0.771455
  H      -5.393420     -0.717466      0.426293
  H      -4.601599     -2.035755      2.372378
  H      -4.789446     -1.108604      4.651559
  N     -10.711273     -2.045509    -23.962246
  O     -10.317622     -1.948733    -22.875042
  O     -10.575927     -2.217720    -25.096867
18
Coordinates from ORCA-job e_c_12 E -476.294525446691
  C      -5.688082      0.742000      4.017729
  C      -6.137095      1.480307      2.894429
  C      -6.033212      0.964266      1.621856
  C      -5.476981     -0.308578      1.427473
  C      -5.028361     -1.055055      2.529674
  C      -5.133302     -0.536311      3.803423
  C      -5.802194      1.321179      5.388823
  H      -5.479328      0.626878      6.161364
  H      -6.831817      1.625428      5.601438
  H      -5.199150      2.232316      5.474290
  H      -6.565934      2.461447      3.049776
  H      -6.378474      1.534948      0.770670
  H      -5.393571     -0.716601      0.428408
  H      -4.601327     -2.036300      2.372759
  H      -4.788804     -1.109689      4.652907
  N     -10.723568     -2.043385    -23.958475
  O     -10.313434     -1.950668    -22.885698
  O     -10.568660     -2.217730    -25.089873
18
Coordinates from ORCA-job e_c_12 E -476.294538890800
  C      -5.688162      0.742108      4.017802
  C      -6.137012      1.480168      2.894557
  C      -6.033103      0.964004      1.621744
  C      -5.477001     -0.308447      1.427874
  C      -5.028449     -1.054940      2.529305
  C      -5.133352     -0.536193      3.803352
  C      -5.802164      1.321166      5.388701
  H      -5.479367      0.626871      6.160854
  H      -6.831429      1.625232      5.601026
  H      -5.199419      2.231836      5.473948
  H      -6.565880      2.461323      3.049744
  H      -6.378397      1.534835      0.770994
  H      -5.393613     -0.716313      0.429155
  H      -4.601484     -2.035943      2.372964
  H      -4.788824     -1.109640      4.652904
  N     -10.721840     -2.043856    -23.960248
  O     -10.314060     -1.950515    -22.885360
  O     -10.569636     -2.217436    -25.088483
18
Coordinates from ORCA-job e_c_12 E -476.294548620561
  C      -5.688205      0.742275      4.018086
  C      -6.136993      1.480135      2.894345
  C      -6.033093      0.964059      1.621922
  C      -5.477065     -0.308210      1.428296
  C      -5.028498     -1.054807      2.529503
  C      -5.133328     -0.536273      3.803171
  C      -5.802054      1.320742      5.388194
  H      -5.479394      0.626839      6.160303
  H      -6.831181      1.625080      5.600602
  H      -5.199565      2.231526      5.473578
  H      -6.565740      2.461016      3.049662
  H      -6.378264      1.534633      0.771423
  H      -5.393644     -0.716068      0.429801
  H      -4.601690     -2.035490      2.373165
  H      -4.788922     -1.109463      4.652688
  N     -10.722609     -2.043714    -23.959898
  O     -10.313716     -1.950533    -22.885371
  O     -10.569270     -2.217566    -25.088867
18
Coordinates from ORCA-job e_c_12 E -476.294561630810
  C      -5.688251      0.742375      4.018162
  C      -6.136846      1.479941      2.894243
  C      -6.032980      0.964043      1.622502
  C      -5.477195     -0.307637      1.429507
  C      -5.028723     -1.054249      2.529897
  C      -5.133393     -0.536123      3.802924
  C      -5.801839      1.319818      5.386913
  H      -5.479387      0.626511      6.158646
  H      -6.830398      1.624556      5.599171
  H      -5.200028      2.230497      5.472323
  H      -6.565420      2.460318      3.049422
  H      -6.377952      1.534175      0.772524
  H      -5.393740     -0.715293      0.431842
  H      -4.602219     -2.034338      2.373771
  H      -4.789138     -1.109056      4.652209
  N     -10.723243     -2.043601    -23.959547
  O     -10.313461     -1.950490    -22.885554
  O     -10.568969     -2.217752    -25.089228
18
Coordinates from ORCA-job e_c_12 E -476.294567813318
  C      -5.688218      0.742198      4.017754
  C      -6.136713      1.479810      2.894432
  C      -6.032888      0.964062      1.623070
  C      -5.477275     -0.307218      1.430458
  C      -5.028909     -1.053758      2.530291
  C      -5.133495     -0.535836      3.802968
  C      -5.801721      1.319179      5.385897
  H      -5.479273      0.625953      6.157315
  H      -6.829910      1.624100      5.597860
  H      -5.200298      2.229725      5.471139
  H      -6.565239      2.459941      3.049247
  H      -6.377775      1.533935      0.773253
  H      -5.393801     -0.714716      0.433369
  H      -4.602571     -2.033591      2.374256
  H      -4.789268     -1.108792      4.651934
  N     -10.723172     -2.043632    -23.959604
  O     -10.313509     -1.950396    -22.885658
  O     -10.569032     -2.217846    -25.089312
18
Coordinates from ORCA-job e_c_12 E -476.294572443763
  C      -5.688139      0.741881      4.017104
  C      -6.136626      1.479807      2.894775
  C      -6.032846      0.964204      1.623650
  C      -5.477327     -0.306858      1.431315
  C      -5.029039     -1.053350      2.530803
  C      -5.133577     -0.535544      3.803238
  C      -5.801643      1.318633      5.384951
  H      -5.479038      0.625070      6.156047
  H      -6.829703      1.623634      5.596432
  H      -5.200378      2.229117      5.469801
  H      -6.565169      2.459839      3.049151
  H      -6.377696      1.533869      0.773760
  H      -5.393829     -0.714277      0.434554
  H      -4.602811     -2.033113      2.374715
  H      -4.789335     -1.108614      4.651862
  N     -10.722803     -2.043727    -23.959838
  O     -10.313691     -1.950263    -22.885750
  O     -10.569259     -2.217922    -25.089322
18
Coordinates from ORCA-job e_c_12 E -476.294575697085
  C      -5.688064      0.741628      4.016605
  C      -6.136645      1.479989      2.895065
  C      -6.032883      0.964456      1.624026
  C      -5.477341     -0.306640      1.431857
  C      -5.029055     -1.053197      2.531281
  C      -5.133575     -0.535433      3.803605
  C      -5.801603      1.318281      5.384349
  H      -5.478758      0.624104      6.155095
  H      -6.829837      1.623254      5.595218
  H      -5.200235      2.228813      5.468616
  H      -6.565229      2.460057      3.049203
  H      -6.377735      1.533999      0.773942
  H      -5.393815     -0.714088      0.435093
  H      -4.602883     -2.033015      2.375052
  H      -4.789318     -1.108562      4.652077
  N     -10.722511     -2.043810    -23.960070
  O     -10.313839     -1.950139    -22.885855
  O     -10.569447     -2.217996    -25.089317
18
Coordinates from ORCA-job e_c_12 E -476.294579266277
  C      -5.687996      0.741438      4.016220
  C      -6.136772      1.480410      2.895339
  C      -6.032994      0.964871      1.624310
  C      -5.477334     -0.306447      1.432352
  C      -5.028977     -1.053231      2.531843
  C      -5.133483     -0.535489      3.804130
  C      -5.801567      1.317936      5.383840
  H      -5.478368      0.622758      6.153955
  H      -6.830256      1.622767      5.593693
  H      -5.199879      2.228583      5.467086
  H      -6.565411      2.460621      3.049445
  H      -6.377874      1.534333      0.773971
  H      -5.393763     -0.714007      0.435377
  H      -4.602856     -2.033171      2.375444
  H      -4.789225     -1.108579      4.652669
  N     -10.722356     -2.043881    -23.960304
  O     -10.313930     -1.949978    -22.886008
  O     -10.569583     -2.218124    -25.089358
18
Coordinates from ORCA-job e_c_12 E -476.294581842591
  C      -5.687980      0.741436      4.016178
  C      -6.136957      1.480899      2.895444
  C      -6.033124      0.965258      1.624371
  C      -5.477306     -0.306350      1.432613
  C      -5.028842     -1.053438      2.532216
  C      -5.133332     -0.535705      3.804561
  C      -5.801548      1.317729      5.383638
  H      -5.478051      0.621600      6.152979
  H      -6.830731      1.622311      5.592407
  H      -5.199476      2.228434      5.465773
  H      -6.565634      2.461304      3.049837
  H      -6.378052      1.534742      0.773877
  H      -5.393697     -0.714023      0.435407
  H      -4.602747     -2.033508      2.375772
  H      -4.789099     -1.108633      4.653467
  N     -10.722472     -2.043898    -23.960397
  O     -10.313894     -1.949832    -22.886140
  O     -10.569577     -2.218281    -25.089460
18
Coordinates from ORCA-job e_c_12 E -476.294582966900
  C      -5.688014      0.741566      4.016373
  C      -6.137085      1.481193      2.895383
  C      -6.033193      0.965428      1.624262
  C      -5.477279     -0.306345      1.432631
  C      -5.028742     -1.053647      2.532271
  C      -5.133219     -0.535911      3.804711
  C      -5.801550      1.317690      5.383689
  H      -5.477952      0.621126      6.152483
  H      -6.830965      1.622039      5.591833
  H      -5.199255      2.228333      5.465179
  H      -6.565760      2.461725      3.050193
  H      -6.378164      1.535005      0.773790
  H      -5.393653     -0.714057      0.435360
  H      -4.602644     -2.033791      2.375938
  H      -4.789028     -1.108636      4.654058
  N     -10.722757     -2.043867    -23.960351
  O     -10.313765     -1.949744    -22.886187
  O     -10.569462     -2.218401    -25.089545
18
Coordinates from ORCA-job e_c_12 E -476.294583251981
  C      -5.688047      0.741656      4.016501
  C      -6.137117      1.481251      2.895302
  C      -6.033200      0.965432      1.624167
  C      -5.477268     -0.306364      1.432577
  C      -5.028711     -1.053737      2.532192
  C      -5.133187     -0.535982      3.804679
  C      -5.801564      1.317715      5.383748
  H      -5.478001      0.621160      6.152382
  H      -6.830968      1.621940      5.591799
  H      -5.199221      2.228261      5.465142
  H      -6.565765      2.461806      3.050395
  H      -6.378188      1.535080      0.773776
  H      -5.393638     -0.714059      0.435359
  H      -4.602603     -2.033903      2.375979
  H      -4.789036     -1.108567      4.654279
  N     -10.722890     -2.043847    -23.960280
  O     -10.313696     -1.949699    -22.886172
  O     -10.569397     -2.218456    -25.089563
18
Coordinates from ORCA-job e_c_12 E -476.294583367699
  C      -5.688070      0.741692      4.016521
  C      -6.137120      1.481254      2.895252
  C      -6.033194      0.965419      1.624115
  C      -5.477259     -0.306374      1.432547
  C      -5.028697     -1.053783      2.532128
  C      -5.133182     -0.535997      3.804634
  C      -5.801582      1.317732      5.383737
  H      -5.478074      0.621263      6.152337
  H      -6.830931      1.621858      5.591841
  H      -5.199219      2.228182      5.465186
  H      -6.565734      2.461800      3.050582
  H      -6.378191      1.535119      0.773787
  H      -5.393625     -0.714047      0.435390
  H      -4.602580     -2.033973      2.376009
  H      -4.789079     -1.108443      4.654412
  N     -10.722938     -2.043839    -23.960222
  O     -10.313663     -1.949643    -22.886148
  O     -10.569371     -2.218506    -25.089548
18
Coordinates from ORCA-job e_c_12 E -476.294583570033
  C      -5.688098      0.741704      4.016451
  C      -6.137120      1.481259      2.895200
  C      -6.033186      0.965422      1.624065
  C      -5.477242     -0.306377      1.432537
  C      -5.028674     -1.053849      2.532073
  C      -5.133183     -0.535997      3.804578
  C      -5.801618      1.317732      5.383630
  H      -5.478196      0.621399      6.152242
  H      -6.830894      1.621696      5.591883
  H      -5.199201      2.228042      5.465233
  H      -6.565664      2.461774      3.050935
  H      -6.378193      1.535195      0.773811
  H      -5.393597     -0.714021      0.435447
  H      -4.602548     -2.034089      2.376075
  H      -4.789179     -1.108169      4.654634
  N     -10.722966     -2.043842    -23.960161
  O     -10.313628     -1.949517    -22.886106
  O     -10.569358     -2.218605    -25.089481
18
Coordinates from ORCA-job e_c_12 E -476.294583723258
  C      -5.688113      0.741664      4.016269
  C      -6.137117      1.481274      2.895183
  C      -6.033184      0.965468      1.624049
  C      -5.477220     -0.306365      1.432573
  C      -5.028641     -1.053917      2.532082
  C      -5.133190     -0.535972      3.804552
  C      -5.801660      1.317694      5.383420
  H      -5.478318      0.621471      6.152099
  H      -6.830897      1.621489      5.591868
  H      -5.199159      2.227883      5.465224
  H      -6.565574      2.461740      3.051366
  H      -6.378195      1.535295      0.773835
  H      -5.393555     -0.713990      0.435507
  H      -4.602522     -2.034212      2.376167
  H      -4.789318     -1.107798      4.654883
  N     -10.722935     -2.043857    -23.960089
  O     -10.313619     -1.949337    -22.886080
  O     -10.569374     -2.218742    -25.089395
18
Coordinates from ORCA-job e_c_12 E -476.294583770910
  C      -5.688115      0.741616      4.016102
  C      -6.137119      1.481301      2.895183
  C      -6.033188      0.965532      1.624051
  C      -5.477198     -0.306357      1.432614
  C      -5.028610     -1.053971      2.532128
  C      -5.133193     -0.535960      3.804551
  C      -5.801693      1.317646      5.383245
  H      -5.478389      0.621453      6.152004
  H      -6.830963      1.621344      5.591830
  H      -5.199106      2.227802      5.465190
  H      -6.565507      2.461729      3.051694
  H      -6.378197      1.535381      0.773826
  H      -5.393514     -0.713983      0.435498
  H      -4.602508     -2.034302      2.376232
  H      -4.789434     -1.107497      4.655064
  N     -10.722899     -2.043882    -23.960099
  O     -10.313609     -1.949169    -22.886041
  O     -10.569404     -2.218864    -25.089303
18
Coordinates from ORCA-job e_c_12 E -476.294583787963
  C      -5.688103      0.741572      4.016003
  C      -6.137113      1.481310      2.895209
  C      -6.033187      0.965571      1.624077
  C      -5.477186     -0.306349      1.432652
  C      -5.028603     -1.053972      2.532184
  C      -5.133201     -0.535940      3.804567
  C      -5.801706      1.317602      5.383159
  H      -5.478393      0.621374      6.151968
  H      -6.831024      1.621305      5.591776
  H      -5.199088      2.227794      5.465143
  H      -6.565479      2.461719      3.051786
  H      -6.378189      1.535405      0.773812
  H      -5.393494     -0.713978      0.435486
  H      -4.602521     -2.034302      2.376252
  H      -4.789485     -1.107375      4.655095
  N     -10.722845     -2.043892    -23.960050
  O     -10.313633     -1.949080    -22.886066
  O     -10.569432     -2.218936    -25.089299
