18
Coordinates from ORCA-job products_optfreq
  C   -0.98285000000000      2.23360000000000      0.49556000000000
  C   -2.13806000000000      2.71423000000000     -0.19847000000000
  C   -3.10001000000000      1.77032000000000     -0.62520000000000
  C   -2.93616000000000      0.40738000000000     -0.38112000000000
  C   -1.81049000000000     -0.05060000000000      0.29399000000000
  C   -0.84248000000000      0.85193000000000      0.72873000000000
  C   0.11056000000000      3.14198000000000      0.99913000000000
  H   -3.68672000000000     -0.29628000000000     -0.71778000000000
  H   -3.99004000000000      2.08693000000000     -1.15388000000000
  H   0.91923000000000      2.57742000000000      1.51064000000000
  H   0.57389000000000      3.68529000000000      0.14913000000000
  H   -0.30405000000000      3.86355000000000      1.73384000000000
  H   0.02347000000000      0.46498000000000      1.25198000000000
  H   -1.68655000000000     -1.10944000000000      0.48174000000000
  N   -2.36332000000000      4.10667000000000     -0.47990000000000
  O   -1.58316000000000      4.94322000000000     -0.14187000000000
  O   -3.34783000000000      4.44868000000000     -1.06373000000000
  H   -6.99345000000000      2.33724000000000      5.45863000000000
