18
Coordinates from ORCA-job e_c_12
  C   -5.65669666093726      0.69305411298721      3.83533322335099
  C   -6.15772606135010      1.48703851551208      2.79007515157930
  C   -6.14609329281692      1.03152240108580      1.47120269335377
  C   -5.63086675392003     -0.23310077519276      1.16836289343230
  C   -5.12939264253261     -1.03347982350018      2.19648849205547
  C   -5.14352975686000     -0.57205071056637      3.51627702770672
  C   -5.67611966818645      1.19696545528118      5.25662204854991
  H   -5.25267052551658      0.45975984464296      5.95411755848226
  H   -6.70402767899301      1.42137014046864      5.58687644354733
  H   -5.09633014088261      2.12948080501597      5.35822577351556
  H   -6.56309116060384      2.47764707185744      3.01656703413201
  H   -6.54164028472394      1.66745709856818      0.67463726361594
  H   -5.62046938698424     -0.59150285455815      0.13579140425522
  H   -4.72372481406738     -2.02374834905202      1.97349353030462
  H   -4.74846818041213     -1.20627335572904      4.31468016218233
  N   -6.87481310543744     -0.80514651318458    -11.28449703095341
  O   -6.27065384549317     -0.60220796994961    -10.36351126989204
  O   -7.47842604028215     -1.00662509368674    -12.20618239921830
