18
Coordinates from ORCA-job e_c_12 E -475.930002210574
  C      -5.636650      0.704310      4.027870
  C      -6.137020      1.512910      2.967560
  C      -6.117820      1.059040      1.660110
  C      -5.597470     -0.217640      1.370200
  C      -5.097980     -1.032820      2.407650
  C      -5.117940     -0.577140      3.716550
  C      -5.667020      1.209680      5.430440
  H      -5.237040      0.492010      6.144720
  H      -6.707000      1.436370      5.740220
  H      -5.115840      2.167190      5.509830
  H      -6.539170      2.502000      3.199590
  H      -6.503400      1.685410      0.853330
  H      -5.580320     -0.578120      0.339420
  H      -4.696260     -2.021110      2.175640
  H      -4.732180     -1.204650      4.522790
  N      -7.149390     -0.928150    -12.158440
  O      -6.530250     -0.719090    -11.202720
  O      -7.251990     -1.000040    -13.310200
18
Coordinates from ORCA-job e_c_12 E -475.945620114792
  C      -5.640588      0.706753      4.022396
  C      -6.130122      1.503376      2.966954
  C      -6.106231      1.045928      1.652461
  C      -5.590149     -0.223057      1.360904
  C      -5.100101     -1.026410      2.396023
  C      -5.126161     -0.564237      3.711606
  C      -5.676280      1.215277      5.436138
  H      -5.248936      0.495007      6.147706
  H      -6.711452      1.436337      5.749665
  H      -5.121813      2.165174      5.527374
  H      -6.533094      2.494252      3.195831
  H      -6.489356      1.674336      0.844108
  H      -5.569600     -0.584590      0.330128
  H      -4.696907     -2.016645      2.169202
  H      -4.743199     -1.192030      4.520671
  N      -7.092777     -0.910162    -12.159285
  O      -6.494611     -0.708695    -11.220332
  O      -7.343363     -1.020455    -13.256992
18
Coordinates from ORCA-job e_c_12 E -475.954807024955
  C      -5.646510      0.709532      4.013776
  C      -6.125542      1.497623      2.960518
  C      -6.094348      1.036481      1.641326
  C      -5.580113     -0.228449      1.350911
  C      -5.100000     -1.023368      2.387875
  C      -5.134512     -0.554761      3.707724
  C      -5.688754      1.220348      5.436171
  H      -5.263561      0.493834      6.143139
  H      -6.722038      1.433252      5.753897
  H      -5.126554      2.162102      5.540643
  H      -6.530032      2.490459      3.180956
  H      -6.473607      1.668171      0.832963
  H      -5.554097     -0.591216      0.320283
  H      -4.694503     -2.015567      2.171737
  H      -4.755336     -1.184245      4.518136
  N      -7.006182     -0.882675    -12.169968
  O      -6.429318     -0.688812    -11.239495
  O      -7.489733     -1.052550    -13.156031
18
Coordinates from ORCA-job e_c_12 E -475.955968917220
  C      -5.647893      0.710067      4.013093
  C      -6.124676      1.500594      2.957703
  C      -6.090520      1.039693      1.639181
  C      -5.575823     -0.226845      1.349964
  C      -5.097552     -1.023618      2.389053
  C      -5.134698     -0.555954      3.708412
  C      -5.693897      1.218997      5.435323
  H      -5.270442      0.489395      6.140545
  H      -6.728418      1.429489      5.751902
  H      -5.128698      2.158838      5.543923
  H      -6.529777      2.493748      3.174652
  H      -6.468130      1.673135      0.831719
  H      -5.547967     -0.589280      0.319074
  H      -4.691913     -2.016318      2.176101
  H      -4.757397     -1.187657      4.517712
  N      -6.983740     -0.876748    -12.179350
  O      -6.406246     -0.683923    -11.241654
  O      -7.536953     -1.063453    -13.132794
18
Coordinates from ORCA-job e_c_12 E -475.956075400538
  C      -5.649270      0.709390      4.007587
  C      -6.125619      1.502061      2.950367
  C      -6.089528      1.041764      1.633198
  C      -5.573820     -0.226051      1.345063
  C      -5.096408     -1.024903      2.385545
  C      -5.135088     -0.558635      3.703672
  C      -5.696735      1.217320      5.427785
  H      -5.274327      0.486605      6.132848
  H      -6.732397      1.427748      5.742758
  H      -5.130182      2.156936      5.536719
  H      -6.531024      2.495215      3.165394
  H      -6.466075      1.676095      0.826268
  H      -5.544665     -0.588089      0.314193
  H      -4.690526     -2.017584      2.173959
  H      -4.758652     -1.191536      4.512076
  N      -6.973024     -0.871910    -12.154357
  O      -6.389832     -0.678887    -11.218110
  O      -7.557570     -1.065376    -13.090406
18
Coordinates from ORCA-job e_c_12 E -475.956050118438
  C      -5.649833      0.708477      3.998908
  C      -6.128379      1.501111      2.941863
  C      -6.093892      1.040796      1.625090
  C      -5.577896     -0.227087      1.336496
  C      -5.098703     -1.026032      2.376611
  C      -5.135607     -0.559946      3.694321
  C      -5.694436      1.216871      5.418228
  H      -5.270687      0.486576      6.122895
  H      -6.729606      1.427733      5.734845
  H      -5.127639      2.156607      5.525128
  H      -6.533651      2.494246      3.156983
  H      -6.471461      1.675256      0.818791
  H      -5.549406     -0.588974      0.305532
  H      -4.692196     -2.018344      2.164670
  H      -4.757359     -1.192715      4.501903
  N      -6.966588     -0.869546    -12.111448
  O      -6.389296     -0.675878    -11.170165
  O      -7.548103     -1.058992    -13.046092
18
Coordinates from ORCA-job e_c_12 E -475.956075937280
  C      -5.650099      0.708232      3.997537
  C      -6.127783      1.500852      2.940421
  C      -6.092653      1.040745      1.623534
  C      -5.576740     -0.226984      1.334985
  C      -5.098366     -1.025957      2.375136
  C      -5.135906     -0.559992      3.692920
  C      -5.695646      1.216451      5.416886
  H      -5.272620      0.486248      6.122042
  H      -6.730964      1.427727      5.732551
  H      -5.129067      2.156260      5.524096
  H      -6.533154      2.493941      3.155695
  H      -6.469826      1.675238      0.817030
  H      -5.548093     -0.588900      0.304043
  H      -4.692037     -2.018347      2.163115
  H      -4.758317     -1.192857      4.500777
  N      -6.968107     -0.865772    -12.102265
  O      -6.383976     -0.675236    -11.165746
  O      -7.551385     -1.061490    -13.038197
18
Coordinates from ORCA-job e_c_12 E -475.955692988376
  C      -5.650902      0.707471      3.995611
  C      -6.126976      1.501022      2.938886
  C      -6.090912      1.042104      1.621462
  C      -5.574952     -0.225186      1.332026
  C      -5.097766     -1.024977      2.371730
  C      -5.137014     -0.560384      3.690113
  C      -5.697795      1.214490      5.415520
  H      -5.276556      0.483443      6.120911
  H      -6.733198      1.426938      5.729877
  H      -5.130561      2.153866      5.524173
  H      -6.532027      2.494093      3.154919
  H      -6.466891      1.677553      0.815070
  H      -5.543050     -0.585146      0.300486
  H      -4.691609     -2.017286      2.159006
  H      -4.760905     -1.194223      4.497990
  N      -6.961152     -0.892311    -12.088508
  O      -6.383995     -0.661191    -11.158286
  O      -7.558478     -1.050115    -13.026428
18
Coordinates from ORCA-job e_c_12 E -475.956077377701
  C      -5.649980      0.707978      3.995316
  C      -6.127897      1.500774      2.938421
  C      -6.093190      1.040977      1.621426
  C      -5.577439     -0.226695      1.332413
  C      -5.098757     -1.025844      2.372273
  C      -5.135843     -0.560148      3.690134
  C      -5.695483      1.215797      5.414739
  H      -5.272703      0.485481      6.119925
  H      -6.730781      1.427436      5.730281
  H      -5.128842      2.155616      5.522042
  H      -6.533363      2.493752      3.154076
  H      -6.470766      1.675636      0.815238
  H      -5.549426     -0.588547      0.301440
  H      -4.692649     -2.018261      2.159924
  H      -4.758172     -1.193268      4.497777
  N      -6.966172     -0.867805    -12.090248
  O      -6.382765     -0.672857    -11.154260
  O      -7.550510     -1.059863    -13.026356
18
Coordinates from ORCA-job e_c_12 E -475.956078656351
  C      -5.651085      0.706726      3.982184
  C      -6.129479      1.499619      2.925532
  C      -6.095264      1.040016      1.608472
  C      -5.579504     -0.227582      1.319057
  C      -5.100307     -1.026823      2.358653
  C      -5.137018     -0.561364      3.676589
  C      -5.695903      1.214442      5.401619
  H      -5.273039      0.484023      6.106644
  H      -6.731030      1.426387      5.717547
  H      -5.129008      2.154146      5.508708
  H      -6.534817      2.492600      3.141416
  H      -6.473081      1.674888      0.802565
  H      -5.551522     -0.589150      0.287975
  H      -4.694066     -2.019126      2.146042
  H      -4.758929     -1.194582      4.483957
  N      -6.959761     -0.861447    -12.024341
  O      -6.375633     -0.667720    -11.088499
  O      -7.545295     -1.054892    -12.959559
18
Coordinates from ORCA-job e_c_12 E -475.956079749017
  C      -5.651981      0.705474      3.969083
  C      -6.131242      1.498403      2.912866
  C      -6.097933      1.039031      1.595705
  C      -5.582176     -0.228410      1.305675
  C      -5.102140     -1.027719      2.344813
  C      -5.138010     -0.562492      3.662843
  C      -5.695745      1.213060      5.388554
  H      -5.272776      0.482547      6.093399
  H      -6.730586      1.425563      5.705032
  H      -5.128527      2.152619      5.495254
  H      -6.536518      2.491312      3.129225
  H      -6.476386      1.674052      0.790205
  H      -5.554619     -0.589720      0.274489
  H      -4.695896     -2.019927      2.131740
  H      -4.759292     -1.195792      4.469857
  N      -6.953544     -0.855639    -11.958122
  O      -6.368474     -0.662432    -11.022827
  O      -7.538894     -1.049770    -12.893232
18
Coordinates from ORCA-job e_c_12 E -475.956080735916
  C      -5.652690      0.704256      3.955943
  C      -6.133222      1.497221      2.900342
  C      -6.101225      1.038106      1.583055
  C      -5.585507     -0.229157      1.292221
  C      -5.104229     -1.028529      2.330727
  C      -5.138802     -0.563534      3.648874
  C      -5.695048      1.211635      5.375509
  H      -5.272005      0.480875      6.080035
  H      -6.729499      1.424879      5.692750
  H      -5.127255      2.150902      5.481802
  H      -6.538513      2.489994      3.117332
  H      -6.480735      1.673236      0.778136
  H      -5.558879     -0.590269      0.260945
  H      -4.698086     -2.020658      2.117066
  H      -4.759183     -1.196927      4.455397
  N      -6.946739     -0.850189    -11.891837
  O      -6.360534     -0.656893    -10.957304
  O      -7.532588     -1.044788    -12.826434
18
Coordinates from ORCA-job e_c_12 E -475.956082034261
  C      -5.651797      0.703161      3.942628
  C      -6.138524      1.495657      2.889513
  C      -6.112675      1.036763      1.571993
  C      -5.597151     -0.229946      1.278358
  C      -5.109732     -1.028862      2.314381
  C      -5.138100     -0.564008      3.632748
  C      -5.687478      1.210422      5.362419
  H      -5.263871      0.478581      6.065437
  H      -6.720101      1.426790      5.683446
  H      -5.116728      2.148144      5.466552
  H      -6.543979      2.487898      3.108686
  H      -6.497329      1.671688      0.769377
  H      -5.575647     -0.591137      0.247001
  H      -4.703921     -2.020703      2.098690
  H      -4.753864     -1.197138      4.437275
  N      -6.934808     -0.844950    -11.824741
  O      -6.343698     -0.649852    -10.893651
  O      -7.525338     -1.042348    -12.755552
18
Coordinates from ORCA-job e_c_12 E -475.956084698090
  C      -5.646410      0.702586      3.931109
  C      -6.153422      1.492915      2.885996
  C      -6.147572      1.033858      1.568258
  C      -5.632540     -0.231074      1.266290
  C      -5.125078     -1.027832      2.294345
  C      -5.133268     -0.562704      3.612944
  C      -5.659923      1.210386      5.351094
  H      -5.234054      0.475257      6.049236
  H      -6.686369      1.436541      5.684760
  H      -5.079543      2.143058      5.447543
  H      -6.559176      2.483589      3.111679
  H      -6.548451      1.667467      0.772555
  H      -5.627453     -0.592649      0.234826
  H      -4.719837     -2.018543      2.072422
  H      -4.733669     -1.194319      4.411139
  N      -6.909518     -0.842438    -11.766698
  O      -6.302994     -0.638810    -10.847273
  O      -7.515462     -1.047129    -12.685664
18
Coordinates from ORCA-job e_c_12 E -475.956085883759
  C      -5.647961      0.701328      3.918062
  C      -6.154019      1.491934      2.872708
  C      -6.147342      1.033030      1.554944
  C      -5.632150     -0.231848      1.253189
  C      -5.125681     -1.028901      2.281436
  C      -5.134868     -0.564044      3.600085
  C      -5.662249      1.208977      5.338058
  H      -5.236363      0.473851      6.036241
  H      -6.688929      1.434604      5.671335
  H      -5.082253      2.141891      5.434922
  H      -6.559593      2.482698      3.098256
  H      -6.547118      1.666730      0.758740
  H      -5.625859     -0.593062      0.221633
  H      -4.720149     -2.019470      2.059479
  H      -4.736007     -1.195861      4.398525
  N      -6.905199     -0.837200    -11.700775
  O      -6.299332     -0.633650    -10.781096
  O      -7.509668     -1.040847    -12.621181
18
Coordinates from ORCA-job e_c_12 E -475.956086781444
  C      -5.649293      0.700158      3.904929
  C      -6.155192      1.490923      2.859606
  C      -6.148442      1.032050      1.541857
  C      -5.633128     -0.232764      1.240132
  C      -5.126865     -1.029983      2.268311
  C      -5.136262     -0.565276      3.586969
  C      -5.663474      1.207750      5.324930
  H      -5.237300      0.472473      6.022829
  H      -6.690162      1.432931      5.658448
  H      -5.083518      2.140700      5.421945
  H      -6.560587      2.481740      3.085169
  H      -6.547637      1.665616      0.745248
  H      -5.626286     -0.593710      0.208498
  H      -4.721004     -2.020356      2.046128
  H      -4.737553     -1.197177      4.385442
  N      -6.899947     -0.831640    -11.634827
  O      -6.294464     -0.628305    -10.714992
  O      -7.503625     -1.034969    -12.556061
18
Coordinates from ORCA-job e_c_12 E -475.956087469224
  C      -5.650967      0.699159      3.891805
  C      -6.155675      1.490182      2.846048
  C      -6.147819      1.031120      1.528411
  C      -5.632413     -0.233854      1.227431
  C      -5.127366     -1.031302      2.256026
  C      -5.137968     -0.566543      3.574610
  C      -5.666121      1.206754      5.311838
  H      -5.239261      0.471383      6.009294
  H      -6.693183      1.430159      5.645346
  H      -5.086797      2.140005      5.409566
  H      -6.560845      2.481174      3.071127
  H      -6.545391      1.664166      0.730590
  H      -5.624346     -0.594733      0.195778
  H      -4.721066     -2.021516      2.033985
  H      -4.740212     -1.198482      4.373528
  N      -6.895508     -0.825794    -11.569826
  O      -6.292384     -0.623257    -10.648338
  O      -7.497418     -1.028460    -12.492660
18
Coordinates from ORCA-job e_c_12 E -475.956088619338
  C      -5.651101      0.697998      3.878527
  C      -6.158855      1.488812      2.834122
  C      -6.154072      1.029911      1.516414
  C      -5.638778     -0.234731      1.213966
  C      -5.130713     -1.031987      2.241196
  C      -5.138229     -0.567360      3.559855
  C      -5.662912      1.205487      5.298614
  H      -5.235707      0.469618      5.995325
  H      -6.689024      1.430378      5.634002
  H      -5.082237      2.138038      5.395202
  H      -6.564036      2.479535      3.060373
  H      -6.554134      1.662843      0.719717
  H      -5.633196     -0.595455      0.182240
  H      -4.724607     -2.022029      2.018049
  H      -4.738153     -1.199169      4.357726
  N      -6.886865     -0.820957    -11.502971
  O      -6.281685     -0.616798    -10.583191
  O      -7.490435     -1.023976    -12.424605
18
Coordinates from ORCA-job e_c_12 E -475.956064274951
  C      -5.633693      0.701164      3.871471
  C      -6.195761      1.484112      2.849040
  C      -6.244546      1.020802      1.533804
  C      -5.732701     -0.241038      1.212847
  C      -5.170119     -1.029896      2.218579
  C      -5.122208     -0.560088      3.534859
  C      -5.587001      1.212361      5.290199
  H      -5.148249      0.469080      5.971639
  H      -6.596438      1.454366      5.661762
  H      -4.984476      2.132633      5.365089
  H      -6.601649      2.470994      3.090272
  H      -6.687972      1.644622      0.752907
  H      -5.776073     -0.604583      0.182296
  H      -4.767358     -2.018025      1.981250
  H      -4.680386     -1.184961      4.315649
  N      -6.824702     -0.822222    -11.482195
  O      -6.195431     -0.595257    -10.581867
  O      -7.465979     -1.043905    -12.373042
18
Coordinates from ORCA-job e_c_12 E -475.956090608742
  C      -5.647992      0.698036      3.873515
  C      -6.166078      1.487567      2.833211
  C      -6.171529      1.028264      1.515637
  C      -5.656834     -0.235763      1.209252
  C      -5.138404     -1.031661      2.232434
  C      -5.135440     -0.566448      3.550968
  C      -5.648763      1.205946      5.293562
  H      -5.219617      0.468859      5.987730
  H      -6.671819      1.434731      5.635543
  H      -5.064044      2.136358      5.385972
  H      -6.571431      2.477510      3.062587
  H      -6.580268      1.660155      0.722561
  H      -5.660716     -0.597204      0.177786
  H      -4.733077     -2.021397      2.006502
  H      -4.727357     -1.197183      4.345570
  N      -6.873749     -0.819551    -11.479360
  O      -6.263498     -0.611504    -10.563518
  O      -7.484124     -1.026556    -12.395392
18
Coordinates from ORCA-job e_c_12 E -475.956090942150
  C      -5.649716      0.696647      3.860687
  C      -6.165383      1.486583      2.819542
  C      -6.168510      1.027697      1.501799
  C      -5.653812     -0.236388      1.195974
  C      -5.137796     -1.032752      2.219966
  C      -5.137138     -0.567902      3.538648
  C      -5.653202      1.204201      5.280813
  H      -5.224560      0.467647      5.975823
  H      -6.677005      1.432304      5.621029
  H      -5.069785      2.135359      5.374076
  H      -6.570714      2.476653      3.048472
  H      -6.575558      1.660248      0.708299
  H      -5.655483     -0.597433      0.164310
  H      -4.732614     -2.022676      1.994589
  H      -4.730917     -1.199051      4.333903
  N      -6.871160     -0.814569    -11.414065
  O      -6.262469     -0.606861    -10.497134
  O      -7.478918     -1.019549    -12.332170
18
Coordinates from ORCA-job e_c_12 E -475.956091207634
  C      -5.650579      0.695408      3.847589
  C      -6.166705      1.485372      2.806735
  C      -6.170366      1.026686      1.488914
  C      -5.655749     -0.237277      1.182645
  C      -5.139284     -1.033702      2.206331
  C      -5.138079     -0.569020      3.525087
  C      -5.653585      1.202810      5.267746
  H      -5.224837      0.466344      5.962765
  H      -6.677253      1.431204      5.608171
  H      -5.070219      2.134047      5.360730
  H      -6.572028      2.475371      3.036014
  H      -6.577942      1.659460      0.695819
  H      -5.657734     -0.598120      0.150887
  H      -4.734298     -2.023649      1.980708
  H      -4.731515     -1.200256      4.320114
  N      -6.865364     -0.809532    -11.347964
  O      -6.256710     -0.601197    -10.431154
  O      -7.472493     -1.013789    -12.266576
18
Coordinates from ORCA-job e_c_12 E -475.956090819410
  C      -5.651670      0.694199      3.834619
  C      -6.167074      1.484211      2.793492
  C      -6.170136      1.025628      1.475610
  C      -5.655685     -0.238380      1.169459
  C      -5.139933     -1.034884      2.193428
  C      -5.139263     -0.570247      3.512237
  C      -5.655568      1.201521      5.254792
  H      -5.226523      0.465617      5.950191
  H      -6.679538      1.429334      5.594723
  H      -5.073217      2.133399      5.347773
  H      -6.572398      2.474244      3.022659
  H      -6.577471      1.658776      0.682648
  H      -5.657133     -0.599190      0.137627
  H      -4.735289     -2.025040      1.968106
  H      -4.733265     -1.201612      4.307464
  N      -6.860821     -0.804376    -11.282689
  O      -6.254019     -0.595771    -10.364652
  O      -7.465738     -1.007270    -12.202928
18
Coordinates from ORCA-job e_c_12 E -475.956091042707
  C      -5.652253      0.694120      3.834737
  C      -6.165939      1.484422      2.792921
  C      -6.167286      1.025926      1.475018
  C      -5.652722     -0.238239      1.169516
  C      -5.138692     -1.035018      2.194176
  C      -5.139782     -0.570517      3.512998
  C      -5.657974      1.201334      5.254924
  H      -5.229168      0.465648      5.950707
  H      -6.682468      1.428433      5.593781
  H      -5.076399      2.133625      5.348595
  H      -6.571200      2.474602      3.021551
  H      -6.573153      1.659298      0.681518
  H      -5.652587     -0.598925      0.137659
  H      -4.733921     -2.025233      1.969327
  H      -4.735111     -1.202081      4.308735
  N      -6.862642     -0.804209    -11.283102
  O      -6.256831     -0.596323    -10.364281
  O      -7.466612     -1.006701    -12.204220
18
Coordinates from ORCA-job e_c_12 E -475.956091399850
  C      -5.653661      0.693901      3.834988
  C      -6.163235      1.484941      2.791640
  C      -6.160456      1.026767      1.473640
  C      -5.645660     -0.237713      1.169589
  C      -5.135726     -1.035194      2.195789
  C      -5.141046     -0.571113      3.514697
  C      -5.663744      1.200738      5.255265
  H      -5.235714      0.465401      5.951911
  H      -6.689457      1.426286      5.591522
  H      -5.083783      2.133862      5.350734
  H      -6.568366      2.475440      3.019068
  H      -6.562859      1.660750      0.678897
  H      -5.641857     -0.598018      0.137653
  H      -4.730628     -2.025513      1.971994
  H      -4.739475     -1.203183      4.311593
  N      -6.866860     -0.803886    -11.284076
  O      -6.263193     -0.597767    -10.363524
  O      -7.469019     -1.005539    -12.206819
18
Coordinates from ORCA-job e_c_12 E -475.956091697098
  C      -5.654692      0.693715      3.835130
  C      -6.161250      1.485402      2.790779
  C      -6.155426      1.027624      1.472654
  C      -5.640475     -0.237030      1.169522
  C      -5.133525     -1.035136      2.196721
  C      -5.141935     -0.571496      3.515752
  C      -5.668019      1.200085      5.255549
  H      -5.240876      0.464753      5.952751
  H      -6.694592      1.424715      5.589821
  H      -5.088916      2.133579      5.352570
  H      -6.566354      2.476078      3.017459
  H      -6.555343      1.662086      0.677057
  H      -5.634142     -0.596966      0.137488
  H      -4.728202     -2.025508      1.973576
  H      -4.742640     -1.204025      4.313421
  N      -6.869867     -0.803763    -11.284588
  O      -6.267214     -0.598954    -10.363115
  O      -7.471272     -1.004998    -12.207988
18
Coordinates from ORCA-job e_c_12 E -475.956092139856
  C      -5.655834      0.693441      3.835224
  C      -6.159277      1.486036      2.790045
  C      -6.150220      1.029001      1.471683
  C      -5.635053     -0.235737      1.169219
  C      -5.131205     -1.034742      2.197240
  C      -5.142874     -0.571863      3.516507
  C      -5.672532      1.198988      5.255914
  H      -5.246897      0.463171      5.953538
  H      -6.699915      1.423141      5.588010
  H      -5.093678      2.132407      5.354958
  H      -6.564432      2.476808      3.016196
  H      -6.547542      1.664040      0.675268
  H      -5.626177     -0.595058      0.136999
  H      -4.725584     -2.025086      1.974508
  H      -4.745951     -1.205044      4.314834
  N      -6.872851     -0.803858    -11.284707
  O      -6.270025     -0.600432    -10.363063
  O      -7.474694     -1.005053    -12.207813
18
Coordinates from ORCA-job e_c_12 E -475.956092404484
  C      -5.656612      0.693233      3.835271
  C      -6.157838      1.486613      2.789635
  C      -6.146451      1.030317      1.471029
  C      -5.631179     -0.234447      1.168850
  C      -5.129519     -1.034234      2.197332
  C      -5.143478     -0.572060      3.516844
  C      -5.675791      1.197949      5.256256
  H      -5.251532      0.461516      5.954069
  H      -6.703731      1.421918      5.586733
  H      -5.096792      2.131066      5.357023
  H      -6.563126      2.477374      3.015588
  H      -6.542040      1.665809      0.674127
  H      -5.620701     -0.593280      0.136460
  H      -4.723776     -2.024570      1.974777
  H      -4.748271     -1.205820      4.315552
  N      -6.874873     -0.804181    -11.284689
  O      -6.271485     -0.601597    -10.363181
  O      -7.477546     -1.005445    -12.207116
18
Coordinates from ORCA-job e_c_12 E -475.956092507898
  C      -5.656574      0.693175      3.835242
  C      -6.158014      1.486750      2.789872
  C      -6.146783      1.030764      1.471155
  C      -5.631514     -0.233907      1.168612
  C      -5.129643     -1.033893      2.196830
  C      -5.143409     -0.571997      3.516454
  C      -5.675558      1.197574      5.256354
  H      -5.251747      0.460701      5.953974
  H      -6.703382      1.421981      5.586873
  H      -5.095941      2.130263      5.357410
  H      -6.563380      2.477412      3.016137
  H      -6.542587      1.666337      0.674420
  H      -5.621342     -0.592590      0.136154
  H      -4.723919     -2.024175      1.973996
  H      -4.748050     -1.205908      4.314964
  N      -6.874536     -0.804526    -11.284364
  O      -6.270144     -0.601742    -10.363529
  O      -7.478216     -1.006059    -12.205994
18
Coordinates from ORCA-job e_c_12 E -475.956092511299
  C      -5.656564      0.693146      3.835251
  C      -6.157985      1.486853      2.789975
  C      -6.146732      1.031043      1.471199
  C      -5.631493     -0.233603      1.168493
  C      -5.129624     -1.033714      2.196625
  C      -5.143387     -0.571979      3.516312
  C      -5.675601      1.197353      5.256440
  H      -5.251972      0.460299      5.953982
  H      -6.703418      1.421850      5.586916
  H      -5.095796      2.129897      5.357690
  H      -6.563382      2.477470      3.016378
  H      -6.542582      1.666704      0.674559
  H      -5.621397     -0.592215      0.135999
  H      -4.723958     -2.023999      1.973697
  H      -4.748047     -1.205993      4.314746
  N      -6.874475     -0.804783    -11.284330
  O      -6.269906     -0.601837    -10.363617
  O      -7.478420     -1.006334    -12.205756
18
Coordinates from ORCA-job e_c_12 E -475.956091875106
  C      -5.656644      0.693022      3.835413
  C      -6.156968      1.487566      2.790276
  C      -6.144643      1.032779      1.471153
  C      -5.629738     -0.231866      1.167889
  C      -5.128837     -1.032763      2.195959
  C      -5.143420     -0.571920      3.516008
  C      -5.677172      1.196080      5.257062
  H      -5.254332      0.458332      5.954355
  H      -6.705324      1.420126      5.586788
  H      -5.097105      2.128234      5.359752
  H      -6.562576      2.477980      3.017183
  H      -6.540213      1.669082      0.674881
  H      -5.619609     -0.590252      0.135240
  H      -4.723737     -2.023266      1.972918
  H      -4.748928     -1.206603      4.314303
  N      -6.875066     -0.806475    -11.284889
  O      -6.271292     -0.602520    -10.363591
  O      -7.479136     -1.007375    -12.206141
18
Coordinates from ORCA-job e_c_12 E -475.956092461554
  C      -5.656552      0.693124      3.835292
  C      -6.157838      1.486954      2.790054
  C      -6.146465      1.031309      1.471221
  C      -5.631300     -0.233332      1.168400
  C      -5.129550     -1.033559      2.196506
  C      -5.143386     -0.571970      3.516252
  C      -5.675773      1.197157      5.256548
  H      -5.252183      0.460037      5.954046
  H      -6.703638      1.421528      5.586958
  H      -5.095988      2.129685      5.357973
  H      -6.563253      2.477542      3.016555
  H      -6.542317      1.667101      0.674678
  H      -5.621249     -0.591918      0.135887
  H      -4.723995     -2.023885      1.973557
  H      -4.748139     -1.206089      4.314646
  N      -6.874532     -0.805116    -11.284457
  O      -6.270262     -0.601922    -10.363561
  O      -7.478319     -1.006486    -12.205994
18
Coordinates from ORCA-job e_c_12 E -475.956092494120
  C      -5.656672      0.693089      3.835309
  C      -6.157679      1.487014      2.789998
  C      -6.146027      1.031428      1.471149
  C      -5.630822     -0.233220      1.168390
  C      -5.129353     -1.033537      2.196566
  C      -5.143493     -0.572025      3.516329
  C      -5.676167      1.197054      5.256582
  H      -5.252694      0.459898      5.954115
  H      -6.704099      1.421396      5.586805
  H      -5.096428      2.129599      5.358171
  H      -6.563072      2.477622      3.016441
  H      -6.541601      1.667287      0.674534
  H      -5.620475     -0.591712      0.135849
  H      -4.723730     -2.023841      1.973638
  H      -4.748456     -1.206205      4.314778
  N      -6.874824     -0.805086    -11.284477
  O      -6.270607     -0.602096    -10.363529
  O      -7.478540     -1.006505    -12.206089
18
Coordinates from ORCA-job e_c_12 E -475.978147588723
  C      -5.656697      0.693054      3.835333
  C      -6.157726      1.487039      2.790075
  C      -6.146093      1.031522      1.471203
  C      -5.630867     -0.233101      1.168363
  C      -5.129393     -1.033480      2.196488
  C      -5.143530     -0.572051      3.516277
  C      -5.676120      1.196965      5.256622
  H      -5.252671      0.459760      5.954118
  H      -6.704028      1.421370      5.586876
  H      -5.096330      2.129481      5.358226
  H      -6.563091      2.477647      3.016567
  H      -6.541640      1.667457      0.674637
  H      -5.620469     -0.591503      0.135791
  H      -4.723725     -2.023748      1.973494
  H      -4.748468     -1.206273      4.314680
  N      -6.874813     -0.805147    -11.284497
  O      -6.270654     -0.602208    -10.363511
  O      -7.478426     -1.006625    -12.206182
