18
Coordinates from ORCA-job educts_combined_9
  C   -5.44428183653507      1.06828629813374      5.79508289713983
  C   -5.89807778750098      1.13581792773195      4.44672615125211
  C   -5.51739792706126      0.17807885959892      3.52167259066739
  C   -4.67121307572667     -0.87826306774188      3.91474745689275
  C   -4.21304973699934     -0.96232549526519      5.24674263128519
  C   -4.59524798394894     -0.00295817767294      6.17216497260503
  C   -5.85268337227856      2.11609054745357      6.77550753591205
  H   -5.53040484448800      1.88117457890311      7.79886796034589
  H   -6.94746404871710      2.26076712147240      6.76699283566760
  H   -5.41906138398688      3.09476135114152      6.49336002266010
  H   -6.55493530722314      1.95705171117457      4.14868651749117
  H   -5.87088635473130      0.23641045764915      2.49001954566104
  H   -4.36908341512675     -1.63461725105377      3.18646184188647
  H   -3.55867892487651     -1.78444394115075      5.54473719745914
  H   -4.24419871329964     -0.06481182021700      7.20490235560207
  N   -12.75502366744018     -2.53451416294954    -34.17512088733886
  O   -12.34852689932152     -2.43011687455315    -33.09729499921664
  O   -12.60124203424343     -2.73541352821543    -35.30363656175417
