18
Coordinates from ORCA-job para_products_optfreq_4
  C   -5.60671555266318      0.98307571824392      0.18709310947773
  C   -6.70235640668282      1.61079750466717     -0.47396631946762
  C   -7.35565637293357      0.98737551103501     -1.50548091414077
  C   -6.91803499776757     -0.28829781058218     -1.88320329336217
  C   -5.84510330774395     -0.94511619284728     -1.26121823768014
  C   -5.19557084837262     -0.30136637453350     -0.23516462728280
  C   -4.96719692773913      1.66172136836789      1.34006996515812
  H   -4.02114308358117      1.20402715592762      1.62098408172637
  H   -5.63777660740502      1.60645144946312      2.20971145630178
  H   -4.82193411749239      2.72703004491022      1.14466719520413
  H   -7.01727979908461      2.59369889525220     -0.14983971850826
  H   -8.18266327773130      1.44910505770739     -2.02521144716022
  H   -5.55573127226118     -1.93179214972833     -1.59273126675614
  H   -4.36254164831093     -0.78024986928078      0.26118877212393
  N   -7.60884674043945     -0.97137886080163     -2.97093506696461
  O   -7.80339627303946     -2.16675716518016     -2.83312103085462
  O   -7.93903254933231     -0.29842021115183     -3.92969064664077
  H   -13.96003021741902    -10.69110407146886    -11.96938201117385
