18
Coordinates from ORCA-job para_p_opt_2 E -475.485871822230
  C      -5.763491      0.985212      0.006116
  C      -6.809777      1.440337     -0.817230
  C      -7.404237      0.604572     -1.758348
  C      -6.943548     -0.708300     -1.874751
  C      -5.910543     -1.196385     -1.074713
  C      -5.329073     -0.343372     -0.138567
  C      -5.113508      1.911226      0.999776
  H      -4.562559      1.356303      1.773040
  H      -5.856627      2.554095      1.496629
  H      -4.393910      2.579072      0.494513
  H      -7.164894      2.469257     -0.715581
  H      -8.216169      0.945530     -2.399885
  H      -5.582864     -2.228636     -1.194379
  H      -4.521034     -0.717056      0.495466
  N      -7.567965     -1.601421     -2.863304
  O      -7.147380     -2.746178     -2.942745
  O      -8.472717     -1.147506     -3.548893
  H     -12.648515     -7.534850     -9.963355
18
Coordinates from ORCA-job para_p_opt_2 E -475.485942828784
  C      -5.766013      0.982367      0.002628
  C      -6.812483      1.437199     -0.820445
  C      -7.407150      0.601201     -1.761159
  C      -6.946412     -0.711544     -1.877484
  C      -5.913345     -1.199483     -1.077528
  C      -5.331715     -0.346269     -0.141776
  C      -5.115349      1.908650      0.995552
  H      -4.564343      1.353823      1.768873
  H      -5.858014      2.552150      1.492312
  H      -4.395693      2.575958      0.489664
  H      -7.167623      2.466136     -0.719056
  H      -8.219155      0.942000     -2.402685
  H      -5.585605     -2.231705     -1.197041
  H      -4.523507     -0.719751      0.492186
  N      -7.570615     -1.604702     -2.866168
  O      -7.149336     -2.749137     -2.946159
  O      -8.475563     -1.150986     -3.551602
  H     -12.606888     -7.484005     -9.906321
18
Coordinates from ORCA-job para_p_opt_2 E -475.486015336833
  C      -5.768634      0.979578     -0.000793
  C      -6.814916      1.434216     -0.824156
  C      -7.409004      0.598164     -1.765218
  C      -6.948002     -0.714488     -1.881433
  C      -5.915000     -1.202253     -1.081209
  C      -5.333909     -0.348952     -0.145243
  C      -5.118576      1.905722      0.992638
  H      -4.568159      1.350727      1.766235
  H      -5.861449      2.549342      1.488910
  H      -4.398529      2.572978      0.487245
  H      -7.170591      2.462959     -0.722693
  H      -8.221048      0.938743     -2.406822
  H      -5.586975     -2.234416     -1.200547
  H      -4.525920     -0.722272      0.489072
  N      -7.572007     -1.607860     -2.870060
  O      -7.150731     -2.752350     -2.949694
  O      -8.476993     -1.154387     -3.555654
  H     -12.568366     -7.433550     -9.846788
18
Coordinates from ORCA-job para_p_opt_2 E -475.486015399282
  C      -5.768777      0.979672     -0.000830
  C      -6.815355      1.433931     -0.823941
  C      -7.409765      0.597494     -1.764419
  C      -6.948576     -0.715043     -1.880518
  C      -5.915429     -1.202546     -1.080380
  C      -5.334153     -0.348937     -0.144866
  C      -5.117998      1.906287      0.991674
  H      -4.567522      1.351595      1.765470
  H      -5.860416      2.550626      1.487722
  H      -4.397863      2.572870      0.485505
  H      -7.170907      2.462764     -0.722941
  H      -8.221818      0.937894     -2.406093
  H      -5.587243     -2.234649     -1.199580
  H      -4.525848     -0.721948      0.489260
  N      -7.572177     -1.608476     -2.869309
  O      -7.149941     -2.752559     -2.949585
  O      -8.477446     -1.155270     -3.554717
  H     -12.567574     -7.431805     -9.848660
18
Coordinates from ORCA-job para_p_opt_2 E -475.486089794420
  C      -5.771493      0.976970     -0.004267
  C      -6.818118      1.430729     -0.827571
  C      -7.412134      0.593901     -1.767982
  C      -6.950481     -0.718484     -1.883830
  C      -5.917259     -1.205545     -1.083462
  C      -5.336450     -0.351587     -0.148008
  C      -5.120951      1.903869      0.988124
  H      -4.571215      1.349335      1.762549
  H      -5.863333      2.548913      1.483294
  H      -4.400194      2.569802      0.481974
  H      -7.174102      2.459442     -0.726866
  H      -8.224227      0.933926     -2.409803
  H      -5.588641     -2.237540     -1.202376
  H      -4.528142     -0.724185      0.486360
  N      -7.573505     -1.612219     -2.872680
  O      -7.150399     -2.755973     -2.953284
  O      -8.479242     -1.159645     -3.557939
  H     -12.528924     -7.379810     -9.790443
18
Coordinates from ORCA-job para_p_opt_2 E -475.486089678355
  C      -5.771653      0.977057     -0.004269
  C      -6.818299      1.430542     -0.827703
  C      -7.412075      0.593515     -1.768086
  C      -6.950160     -0.718795     -1.883777
  C      -5.916912     -1.205584     -1.083274
  C      -5.336353     -0.351434     -0.147844
  C      -5.121333      1.904175      0.988057
  H      -4.572002      1.349814      1.762895
  H      -5.863779      2.549542      1.482703
  H      -4.400233      2.569771      0.481948
  H      -7.174483      2.459197     -0.727132
  H      -8.224186      0.933338     -2.409989
  H      -5.588067     -2.237522     -1.202064
  H      -4.528038     -0.723816      0.486639
  N      -7.572880     -1.612707     -2.872616
  O      -7.149289     -2.756276     -2.953367
  O      -8.478870     -1.160458     -3.557773
  H     -12.530200     -7.378459     -9.790557
18
Coordinates from ORCA-job para_p_opt_2 E -475.486089619944
  C      -5.771696      0.977083     -0.004265
  C      -6.818245      1.430516     -0.827897
  C      -7.411750      0.593479     -1.768460
  C      -6.949718     -0.718834     -1.884070
  C      -5.916490     -1.205508     -1.083440
  C      -5.336171     -0.351324     -0.147865
  C      -5.121828      1.904200      0.988358
  H      -4.572535      1.349885      1.763249
  H      -5.864549      2.549284      1.482940
  H      -4.400755      2.570029      0.482525
  H      -7.174588      2.459108     -0.727262
  H      -8.223864      0.933229     -2.410405
  H      -5.587539     -2.237426     -1.202200
  H      -4.527951     -0.723663      0.486748
  N      -7.572408     -1.612852     -2.872808
  O      -7.149139     -2.756582     -2.953127
  O      -8.478201     -1.160620     -3.558231
  H     -12.531384     -7.378103     -9.790000
18
Coordinates from ORCA-job para_p_opt_2 E -475.486089406978
  C      -5.771909      0.977213     -0.004284
  C      -6.818361      1.430267     -0.828301
  C      -7.411201      0.593026     -1.769104
  C      -6.948730     -0.719196     -1.884448
  C      -5.915527     -1.205429     -1.083496
  C      -5.335761     -0.350987     -0.147784
  C      -5.122951      1.904564      0.988718
  H      -4.573623      1.350512      1.763769
  H      -5.866236      2.549126      1.483111
  H      -4.402022      2.570829      0.483255
  H      -7.175158      2.458699     -0.727673
  H      -8.223321      0.932465     -2.411204
  H      -5.586204     -2.237257     -1.202101
  H      -4.527613     -0.723037      0.487080
  N      -7.571103     -1.613607     -2.872974
  O      -7.148536     -2.757700     -2.951981
  O      -8.476155     -1.161456     -3.559439
  H     -12.534400     -7.376131     -9.789353
18
Coordinates from ORCA-job para_p_opt_2 E -475.486089483663
  C      -5.771881      0.977203     -0.004286
  C      -6.818392      1.430286     -0.828174
  C      -7.411457      0.593026     -1.768809
  C      -6.949076     -0.719197     -1.884192
  C      -5.915857     -1.205503     -1.083324
  C      -5.335929     -0.351076     -0.147717
  C      -5.122562      1.904574      0.988459
  H      -4.573179      1.350501      1.763460
  H      -5.865630      2.549351      1.482914
  H      -4.401635      2.570666      0.482760
  H      -7.175052      2.458775     -0.727632
  H      -8.223557      0.932514     -2.410907
  H      -5.586632     -2.237357     -1.201913
  H      -4.527730     -0.723156      0.487076
  N      -7.571456     -1.613527     -2.872821
  O      -7.148430     -2.757405     -2.952370
  O      -8.476838     -1.161449     -3.558893
  H     -12.533518     -7.376326     -9.789840
18
Coordinates from ORCA-job para_p_opt_2 E -475.486089482020
  C      -5.771909      0.977230     -0.004297
  C      -6.818433      1.430238     -0.828201
  C      -7.411483      0.592908     -1.768780
  C      -6.949073     -0.719300     -1.884093
  C      -5.915864     -1.205549     -1.083186
  C      -5.335946     -0.351055     -0.147639
  C      -5.122568      1.904685      0.988358
  H      -4.572936      1.350674      1.763227
  H      -5.865660      2.549309      1.482982
  H      -4.401870      2.570938      0.482548
  H      -7.175107      2.458731     -0.727732
  H      -8.223558      0.932352     -2.410935
  H      -5.586630     -2.237405     -1.201708
  H      -4.527730     -0.723080      0.487164
  N      -7.571377     -1.613679     -2.872739
  O      -7.148309     -2.757543     -2.952223
  O      -8.476699     -1.161628     -3.558905
  H     -12.533658     -7.375925     -9.790049
