18
Coordinates from ORCA-job para_p_opt_2
  C   -5.77190899756551      0.97723043544353     -0.00429747173512
  C   -6.81843335297649      1.43023752085684     -0.82820112888528
  C   -7.41148266026564      0.59290849074008     -1.76878047471890
  C   -6.94907295050933     -0.71929996918392     -1.88409332893447
  C   -5.91586361656516     -1.20554921933111     -1.08318559615259
  C   -5.33594589944608     -0.35105499555946     -0.14763930096031
  C   -5.12256800583965      1.90468483140822      0.98835757687842
  H   -4.57293617068944      1.35067434556472      1.76322747068120
  H   -5.86566022722619      2.54930861295445      1.48298170520713
  H   -4.40186960064139      2.57093842488730      0.48254793485813
  H   -7.17510727682423      2.45873085401243     -0.72773185178108
  H   -8.22355811545432      0.93235153508668     -2.41093510360105
  H   -5.58662985711897     -2.23740546724368     -1.20170800324744
  H   -4.52772955105144     -0.72308000407277      0.48716381082813
  N   -7.57137726796606     -1.61367945057647     -2.87273932968167
  O   -7.14830949785680     -2.75754283352188     -2.95222328022583
  O   -8.47669868729433     -1.16162765113358     -3.55890496743500
  H   -12.53365826470849     -7.37592546033135     -9.79004866109418
