18
Coordinates from ORCA-job para_products_optfreq_7
  C   -5.67695220005086      0.99266619596709      0.17177845556716
  C   -6.67689454439482      1.58144442250734     -0.61681227462598
  C   -7.28942180168736      0.88046095237799     -1.63497633877599
  C   -6.90163930909708     -0.43659930583611     -1.86829464111767
  C   -5.92605243972020     -1.05197072525574     -1.10620309933597
  C   -5.31803331583721     -0.32649230064230     -0.08768555980852
  C   -5.01138109010873      1.80382660711915      1.24759068825929
  H   -4.33582245821924      1.19371025114866      1.86421636336675
  H   -5.75616192064183      2.26888440163102      1.91403645907747
  H   -4.41830935181062      2.62427293580349      0.80831154397869
  H   -6.97298518154123      2.61619334885659     -0.42361451165284
  H   -8.06337591179631      1.32557987931019     -2.25980333092731
  H   -5.65244016619736     -2.08525883290848     -1.31804305675835
  H   -4.54186660705652     -0.80290756941923      0.51707431429934
  N   -7.54359187022527     -1.18855089041988     -2.95421914909120
  O   -7.22743453312801     -2.36062454698891     -3.10394868856855
  O   -8.35791397972911     -0.59931664630895     -3.65051799774234
  H   -13.73853331875812     -9.81341817694189    -11.52509917614396
