18
Coordinates from ORCA-job para_products_optfreq_7 E -475.269947250024
  C      -5.638560      0.972590      0.222180
  C      -6.641250      1.625260     -0.510660
  C      -7.281440      0.999450     -1.560300
  C      -6.919080     -0.306040     -1.882560
  C      -5.941600     -0.983200     -1.177420
  C      -5.305510     -0.332900     -0.125810
  C      -4.942610      1.703890      1.335370
  H      -4.551060      0.552130      2.343860
  H      -6.055330      2.770190      1.899520
  H      -3.702080      2.441770      0.606180
  H      -6.918280      2.640610     -0.249650
  H      -8.052660      1.494670     -2.131010
  H      -5.687040     -1.995610     -1.452480
  H      -4.537430     -0.853140      0.431450
  N      -7.590610     -0.977980     -3.002520
  O      -7.296140     -2.142970     -3.231030
  O      -8.406240     -0.333530     -3.646400
  H     -13.941890    -10.653290    -11.894930
18
Coordinates from ORCA-job para_products_optfreq_7 E -475.318930394104
  C      -5.640762      0.970899      0.219657
  C      -6.643314      1.623568     -0.513373
  C      -7.283388      0.997715     -1.563058
  C      -6.921050     -0.307818     -1.885171
  C      -5.943705     -0.984977     -1.179843
  C      -5.307731     -0.334634     -0.128190
  C      -4.944932      1.702244      1.332893
  H      -4.551797      0.651576      2.314497
  H      -5.967053      2.724318      1.893984
  H      -3.759700      2.416066      0.680046
  H      -6.920958      2.642176     -0.250762
  H      -8.057764      1.494403     -2.136515
  H      -5.688550     -2.001642     -1.455991
  H      -4.536646     -0.857224      0.431957
  N      -7.592456     -0.979804     -3.005178
  O      -7.298014     -2.144826     -3.233561
  O      -8.407961     -0.335359     -3.649221
  H     -13.943030    -10.654780    -11.898380
18
Coordinates from ORCA-job para_products_optfreq_7 E -475.367027240194
  C      -5.642131      0.970086      0.218305
  C      -6.644583      1.622735     -0.514879
  C      -7.284560      0.996830     -1.564592
  C      -6.922225     -0.308735     -1.886578
  C      -5.944979     -0.985876     -1.181096
  C      -5.309100     -0.335480     -0.129417
  C      -4.946401      1.701485      1.331568
  H      -4.556977      0.745030      2.279329
  H      -5.883488      2.674566      1.882445
  H      -3.820137      2.387027      0.748137
  H      -6.922462      2.643491     -0.251070
  H      -8.060978      1.494107     -2.140110
  H      -5.689650     -2.005274     -1.458144
  H      -4.536043     -0.859635      0.432602
  N      -7.593528     -0.980777     -3.006613
  O      -7.299096     -2.145823     -3.234885
  O      -8.408943     -0.336350     -3.650789
  H     -13.943527    -10.655508    -11.900423
18
Coordinates from ORCA-job para_products_optfreq_7 E -475.411980940865
  C      -5.642651      0.970329      0.218327
  C      -6.645012      1.622938     -0.515017
  C      -7.284886      0.996963     -1.564751
  C      -6.922539     -0.308633     -1.886596
  C      -5.945380     -0.985736     -1.180957
  C      -5.309605     -0.335270     -0.129259
  C      -4.947030      1.701802      1.331608
  H      -4.567078      0.830597      2.237850
  H      -5.805144      2.620594      1.864243
  H      -3.883205      2.354616      0.808619
  H      -6.923041      2.645106     -0.250399
  H      -8.062619      1.494355     -2.141834
  H      -5.690115     -2.006914     -1.458689
  H      -4.535309     -0.860521      0.433989
  N      -7.593732     -0.980750     -3.006652
  O      -7.299295     -2.145819     -3.234802
  O      -8.409066     -0.336360     -3.650966
  H     -13.943103    -10.655397    -11.900923
18
Coordinates from ORCA-job para_products_optfreq_7 E -475.450551755030
  C      -5.642422      0.971691      0.219321
  C      -6.644726      1.624204     -0.514187
  C      -7.284499      0.998101     -1.563906
  C      -6.922108     -0.307527     -1.885569
  C      -5.945004     -0.984538     -1.179765
  C      -5.309330     -0.333944     -0.128086
  C      -4.946909      1.703300      1.332580
  H      -4.580508      0.907658      2.192565
  H      -5.731097      2.563499      1.840528
  H      -3.949686      2.318681      0.862840
  H      -6.922944      2.647292     -0.249145
  H      -8.063049      1.495256     -2.142203
  H      -5.689955     -2.006831     -1.458002
  H      -4.534287     -0.859977      0.435917
  N      -7.593193     -0.979781     -3.005608
  O      -7.298722     -2.144872     -3.233598
  O      -8.408478     -0.335474     -3.650068
  H     -13.941890    -10.654838    -11.899823
18
Coordinates from ORCA-job para_products_optfreq_7 E -475.476949571156
  C      -5.642116      0.974456      0.220655
  C      -6.644377      1.626709     -0.513142
  C      -7.283977      1.000290     -1.562779
  C      -6.921452     -0.305394     -1.884064
  C      -5.944385     -0.982153     -1.177967
  C      -5.308886     -0.331243     -0.126377
  C      -4.946791      1.706402      1.333811
  H      -4.593758      0.975750      2.150044
  H      -5.657522      2.501744      1.810988
  H      -4.019047      2.280730      0.913055
  H      -6.922900      2.650398     -0.248068
  H      -8.062965      1.496751     -2.142231
  H      -5.689716     -2.005113     -1.456507
  H      -4.533479     -0.857817      0.438112
  N      -7.592352     -0.977984     -3.004011
  O      -7.297768     -2.143112     -3.231667
  O      -8.407604     -0.333901     -3.648736
  H     -13.939715    -10.654612    -11.897325
18
Coordinates from ORCA-job para_products_optfreq_7 E -475.481479156955
  C      -5.642271      0.979821      0.221065
  C      -6.644660      1.631101     -0.513423
  C      -7.283828      1.003602     -1.562677
  C      -6.920734     -0.302193     -1.882867
  C      -5.943525     -0.978010     -1.176065
  C      -5.308467     -0.326020     -0.124877
  C      -4.947430      1.712918      1.333765
  H      -4.598877      1.031423      2.116867
  H      -5.584532      2.435852      1.778693
  H      -4.094095      2.238405      0.962297
  H      -6.924070      2.655192     -0.249022
  H      -8.062699      1.498455     -2.144104
  H      -5.689697     -2.001549     -1.454217
  H      -4.533146     -0.852771      0.440289
  N      -7.591172     -0.975930     -3.002401
  O      -7.296090     -2.141122     -3.229086
  O      -8.406564     -0.332677     -3.647778
  H     -13.936953    -10.654600    -11.892669
18
Coordinates from ORCA-job para_products_optfreq_7 E -475.480692017555
  C      -5.640983      0.973420      0.223479
  C      -6.643249      1.625193     -0.510739
  C      -7.282434      0.998301     -1.560346
  C      -6.919481     -0.307378     -1.881171
  C      -5.942397     -0.983671     -1.174652
  C      -5.307320     -0.332288     -0.123100
  C      -4.946117      1.705872      1.336589
  H      -4.611681      1.050758      2.079072
  H      -5.627135      2.467963      1.811392
  H      -4.052516      2.254258      0.945449
  H      -6.922161      2.647043     -0.246546
  H      -8.058691      1.492071     -2.140784
  H      -5.690033     -2.004540     -1.452580
  H      -4.534534     -0.858257      0.440360
  N      -7.589938     -0.980469     -3.001083
  O      -7.294986     -2.145583     -3.228336
  O      -8.405213     -0.336792     -3.646184
  H     -13.939940    -10.644000    -11.897029
18
Coordinates from ORCA-job para_products_optfreq_7 E -475.480612817595
  C      -5.644797      0.978558      0.218663
  C      -6.646970      1.628985     -0.516875
  C      -7.285421      1.000478     -1.565962
  C      -6.921816     -0.305479     -1.884913
  C      -5.944803     -0.980473     -1.177054
  C      -5.310470     -0.327473     -0.126055
  C      -4.950734      1.712730      1.331140
  H      -4.576270      0.989822      2.149953
  H      -5.632985      2.472168      1.807227
  H      -4.044105      2.274827      0.931120
  H      -6.927001      2.651893     -0.253547
  H      -8.062442      1.494099     -2.148309
  H      -5.691863     -2.003218     -1.453443
  H      -4.536937     -0.853280      0.439476
  N      -7.591489     -0.980290     -3.004259
  O      -7.295983     -2.145586     -3.229853
  O      -8.406709     -0.337769     -3.650581
  H     -13.938015    -10.648091    -11.892939
18
Coordinates from ORCA-job para_products_optfreq_7 E -475.483156881451
  C      -5.643084      0.979158      0.219356
  C      -6.645463      1.629340     -0.516117
  C      -7.283986      1.000595     -1.565018
  C      -6.920244     -0.305354     -1.883844
  C      -5.943025     -0.980109     -1.176042
  C      -5.308623     -0.326873     -0.125232
  C      -4.948954      1.713584      1.331624
  H      -4.585286      1.020220      2.120953
  H      -5.611926      2.454110      1.799492
  H      -4.079547      2.253507      0.951221
  H      -6.925604      2.652807     -0.252940
  H      -8.061671      1.493926     -2.147789
  H      -5.689916     -2.003314     -1.452844
  H      -4.534445     -0.852846      0.440401
  N      -7.589993     -0.980416     -3.002992
  O      -7.294355     -2.145701     -3.228470
  O      -8.405405     -0.338101     -3.649278
  H     -13.937282    -10.642632    -11.888693
18
Coordinates from ORCA-job para_products_optfreq_7 E -475.481793640677
  C      -5.647829      0.977672      0.221842
  C      -6.649212      1.627519     -0.515281
  C      -7.286471      0.998220     -1.564618
  C      -6.922456     -0.307953     -1.882214
  C      -5.946200     -0.982387     -1.172779
  C      -5.313063     -0.328595     -0.121553
  C      -4.955034      1.712684      1.334555
  H      -4.596549      1.034141      2.105118
  H      -5.599401      2.426030      1.790527
  H      -4.051710      2.278666      0.939158
  H      -6.929750      2.651037     -0.252995
  H      -8.063316      1.491035     -2.148775
  H      -5.693075     -2.005722     -1.448733
  H      -4.539867     -0.854431      0.445378
  N      -7.590856     -0.983608     -3.001811
  O      -7.295049     -2.149055     -3.226228
  O      -8.405386     -0.341593     -3.649505
  H     -13.923586    -10.621760    -11.878296
18
Coordinates from ORCA-job para_products_optfreq_7 E -475.483313026664
  C      -5.644592      0.977161      0.219131
  C      -6.646675      1.626682     -0.517329
  C      -7.284528      0.997122     -1.566148
  C      -6.920403     -0.308985     -1.883888
  C      -5.943461     -0.983102     -1.175097
  C      -5.309734     -0.329050     -0.124387
  C      -4.951184      1.712454      1.331277
  H      -4.586684      1.027718      2.106338
  H      -5.620536      2.451836      1.805692
  H      -4.072576      2.265148      0.944085
  H      -6.927134      2.649957     -0.255112
  H      -8.061616      1.489512     -2.149718
  H      -5.690401     -2.006084     -1.451090
  H      -4.536168     -0.854452      0.441770
  N      -7.589436     -0.984915     -3.002941
  O      -7.293489     -2.150306     -3.227466
  O      -8.404599     -0.343171     -3.650106
  H     -13.925592    -10.615628    -11.871219
18
Coordinates from ORCA-job para_products_optfreq_7 E -475.483363318802
  C      -5.647124      0.975151      0.215400
  C      -6.649215      1.623918     -0.521712
  C      -7.286721      0.993467     -1.570208
  C      -6.922235     -0.312780     -1.886951
  C      -5.945273     -0.986170     -1.177495
  C      -5.311899     -0.331227     -0.127128
  C      -4.954099      1.711392      1.327157
  H      -4.583461      1.023313      2.105908
  H      -5.621328      2.444946      1.801352
  H      -4.082394      2.265111      0.941053
  H      -6.930016      2.647561     -0.260209
  H      -8.064076      1.485354     -2.154467
  H      -5.691852     -2.009591     -1.452844
  H      -4.538052     -0.856223      0.439689
  N      -7.590897     -0.989658     -3.005653
  O      -7.294638     -2.155139     -3.229295
  O      -8.406084     -0.348561     -3.653429
  H     -13.889446    -10.558963    -11.817377
18
Coordinates from ORCA-job para_products_optfreq_7 E -475.483399838071
  C      -5.649508      0.972214      0.212193
  C      -6.651572      1.620387     -0.525480
  C      -7.288768      0.989229     -1.573739
  C      -6.923993     -0.317135     -1.889669
  C      -5.947050     -0.989951     -1.179643
  C      -5.313991     -0.334300     -0.129528
  C      -4.956825      1.709208      1.323663
  H      -4.583625      1.022842      2.099158
  H      -5.626056      2.440772      1.800342
  H      -4.086038      2.266873      0.936124
  H      -6.932608      2.644079     -0.264627
  H      -8.066047      1.480557     -2.158441
  H      -5.693466     -2.013423     -1.454379
  H      -4.540233     -0.858831      0.437696
  N      -7.592323     -0.994766     -3.008114
  O      -7.295819     -2.160323     -3.231036
  O      -8.407497     -0.354179     -3.656411
  H     -13.853393    -10.501354    -11.764319
18
Coordinates from ORCA-job para_products_optfreq_7 E -475.483430759412
  C      -5.652009      0.969718      0.208834
  C      -6.653989      1.616913     -0.529810
  C      -7.290641      0.984581     -1.577692
  C      -6.925396     -0.321983     -1.892249
  C      -5.948520     -0.993853     -1.181236
  C      -5.316012     -0.337028     -0.131522
  C      -4.959921      1.707962      1.319846
  H      -4.580902      1.022431      2.092305
  H      -5.631677      2.435105      1.800241
  H      -4.093012      2.271444      0.930749
  H      -6.935413      2.640773     -0.270034
  H      -8.067850      1.475067     -2.163183
  H      -5.694598     -2.017509     -1.454950
  H      -4.542329     -0.860822      0.436462
  N      -7.593144     -1.000863     -3.010283
  O      -7.296242     -2.166550     -3.231989
  O      -8.408265     -0.361118     -3.659478
  H     -13.818892    -10.442367    -11.712219
18
Coordinates from ORCA-job para_products_optfreq_7 E -475.483469613258
  C      -5.655481      0.970173      0.205225
  C      -6.656689      1.612813     -0.538425
  C      -7.290490      0.974936     -1.584673
  C      -6.923125     -0.332645     -1.892465
  C      -5.946936     -1.000116     -1.176384
  C      -5.317311     -0.337742     -0.128426
  C      -4.966492      1.714315      1.314227
  H      -4.555884      1.031883      2.071598
  H      -5.650676      2.416849      1.814402
  H      -4.122298      2.307951      0.918020
  H      -6.939848      2.637569     -0.283953
  H      -8.067103      1.461564     -2.174187
  H      -5.691417     -2.024723     -1.445045
  H      -4.544222     -0.858077      0.443505
  N      -7.587826     -1.017428     -3.008713
  O      -7.289151     -2.183783     -3.224444
  O      -8.402350     -0.381612     -3.662501
  H     -13.801513    -10.370024    -11.673972
18
Coordinates from ORCA-job para_products_optfreq_7 E -475.483511316947
  C      -5.659739      0.976689      0.201481
  C      -6.658990      1.608391     -0.554079
  C      -7.286378      0.957112     -1.595926
  C      -6.914470     -0.352989     -1.887099
  C      -5.940051     -1.009894     -1.158938
  C      -5.316904     -0.334111     -0.115679
  C      -4.977709      1.735073      1.305124
  H      -4.491930      1.063801      2.025064
  H      -5.687097      2.375966      1.852509
  H      -4.193389      2.398182      0.894232
  H      -6.945776      2.635453     -0.312688
  H      -8.061464      1.434652     -2.194892
  H      -5.680981     -2.036881     -1.415092
  H      -4.545209     -0.845982      0.465639
  N      -7.572320     -1.052042     -2.998550
  O      -7.269867     -2.220046     -3.199595
  O      -8.385292     -0.425688     -3.663311
  H     -13.821244    -10.285786    -11.674407
18
Coordinates from ORCA-job para_products_optfreq_7 E -475.483552020265
  C      -5.663549      0.983195      0.197178
  C      -6.660781      1.604080     -0.569927
  C      -7.282486      0.939463     -1.606746
  C      -6.906839     -0.373213     -1.881029
  C      -5.934273     -1.019668     -1.141133
  C      -5.316863     -0.330541     -0.103206
  C      -4.987672      1.755737      1.294769
  H      -4.429962      1.100840      1.975430
  H      -5.715378      2.332852      1.888463
  H      -4.268306      2.482949      0.872909
  H      -6.949972      2.633727     -0.342290
  H      -8.055702      1.408382     -2.214954
  H      -5.671962     -2.048962     -1.384578
  H      -4.546120     -0.833690      0.486890
  N      -7.558617     -1.086472     -2.987019
  O      -7.253079     -2.256146     -3.173134
  O      -8.369949     -0.469510     -3.662480
  H     -13.837300    -10.201124    -11.675355
18
Coordinates from ORCA-job para_products_optfreq_7 E -475.483588181015
  C      -5.666977      0.987870      0.192379
  C      -6.662572      1.599827     -0.583971
  C      -7.280092      0.924195     -1.616161
  C      -6.901847     -0.390612     -1.876302
  C      -5.930797     -1.028439     -1.126985
  C      -5.317608     -0.328293     -0.093942
  C      -4.995621      1.772094      1.284447
  H      -4.381945      1.133714      1.931895
  H      -5.733462      2.295193      1.915238
  H      -4.332947      2.547477      0.856727
  H      -6.952689      2.631867     -0.368375
  H      -8.051467      1.386417     -2.231817
  H      -5.665751     -2.059495     -1.359863
  H      -4.546879     -0.823777      0.502575
  N      -7.549155     -1.115606     -2.977275
  O      -7.241489     -2.286645     -3.150884
  O      -8.359138     -0.506419     -3.661358
  H     -13.838374    -10.117467    -11.662538
18
Coordinates from ORCA-job para_products_optfreq_7 E -475.483624776749
  C      -5.669970      0.989963      0.187505
  C      -6.664802      1.595766     -0.594628
  C      -7.279858      0.912681     -1.623378
  C      -6.899877     -0.403452     -1.874115
  C      -5.929518     -1.035328     -1.118886
  C      -5.318818     -0.327728     -0.089453
  C      -5.001288      1.782088      1.275503
  H      -4.354340      1.154706      1.902594
  H      -5.743673      2.270159      1.928597
  H      -4.375685      2.585045      0.845792
  H      -6.955182      2.629398     -0.387296
  H      -8.050093      1.370684     -2.243525
  H      -5.662339     -2.067376     -1.344633
  H      -4.547331     -0.817590      0.510618
  N      -7.544554     -1.136384     -2.971371
  O      -7.235444     -2.308247     -3.136657
  O      -8.353933     -0.532555     -3.660896
  H     -13.822107    -10.039931    -11.631981
18
Coordinates from ORCA-job para_products_optfreq_7 E -475.483658809654
  C      -5.672674      0.991086      0.182607
  C      -6.667270      1.591813     -0.603729
  C      -7.280633      0.902725     -1.629483
  C      -6.899167     -0.414357     -1.872874
  C      -5.928992     -1.041322     -1.113328
  C      -5.320008     -0.327720     -0.087026
  C      -5.005847      1.789575      1.267086
  H      -4.335126      1.170603      1.879817
  H      -5.750456      2.252239      1.935450
  H      -4.407566      2.610845      0.836267
  H      -6.958345      2.626399     -0.402531
  H      -8.050379      1.357302     -2.252589
  H      -5.660230     -2.074148     -1.333153
  H      -4.548104     -0.813163      0.515915
  N      -7.542034     -1.153680     -2.966898
  O      -7.231661     -2.326109     -3.125674
  O      -8.351270     -0.554263     -3.660429
  H     -13.799049     -9.965925    -11.595638
18
Coordinates from ORCA-job para_products_optfreq_7 E -475.483690316494
  C      -5.675203      0.990915      0.178090
  C      -6.669684      1.587997     -0.611163
  C      -7.282013      0.894578     -1.634613
  C      -6.899608     -0.423204     -1.872679
  C      -5.929516     -1.046643     -1.110130
  C      -5.321582     -0.328710     -0.086229
  C      -5.009512      1.793994      1.259875
  H      -4.321863      1.182187      1.861801
  H      -5.754613      2.239683      1.938999
  H      -4.430456      2.627665      0.827787
  H      -6.961419      2.623209     -0.414250
  H      -8.051553      1.346494     -2.259836
  H      -5.659875     -2.080104     -1.325702
  H      -4.549643     -0.811228      0.518916
  N      -7.541369     -1.167140     -2.964223
  O      -7.230194     -2.339987     -3.118277
  O      -8.350546     -0.570898     -3.660555
  H     -13.770160     -9.896907    -11.554019
18
Coordinates from ORCA-job para_products_optfreq_7 E -475.483722354689
  C      -5.677656      0.990177      0.173736
  C      -6.672221      1.584207     -0.617712
  C      -7.283841      0.887215     -1.639156
  C      -6.900628     -0.431100     -1.872937
  C      -5.930428     -1.051583     -1.108117
  C      -5.323216     -0.330079     -0.086300
  C      -5.012752      1.797043      1.253185
  H      -4.312420      1.191280      1.846934
  H      -5.757693      2.230575      1.940284
  H      -4.448071      2.639552      0.819802
  H      -6.964520      2.619917     -0.424304
  H      -8.053334      1.336844     -2.266063
  H      -5.660053     -2.085537     -1.320329
  H      -4.551105     -0.810225      0.520479
  N      -7.541631     -1.178840     -2.962324
  O      -7.229754     -2.351994     -3.112573
  O      -8.350920     -0.585253     -3.660790
  H     -13.738566     -9.830299    -11.510025
18
Coordinates from ORCA-job para_products_optfreq_7 E -475.483723314979
  C      -5.677616      0.990461      0.173512
  C      -6.673069      1.583729     -0.617391
  C      -7.284862      0.886202     -1.638366
  C      -6.900917     -0.431888     -1.872219
  C      -5.929830     -1.051630     -1.107926
  C      -5.322461     -0.329593     -0.086579
  C      -5.012577      1.797905      1.252444
  H      -4.316051      1.191709      1.849920
  H      -5.757058      2.237767      1.936075
  H      -4.442422      2.636306      0.817675
  H      -6.966090      2.619259     -0.423923
  H      -8.055084      1.335046     -2.265038
  H      -5.659013     -2.085495     -1.320282
  H      -4.549823     -0.809449      0.519880
  N      -7.542102     -1.180192     -2.961113
  O      -7.229540     -2.353157     -3.111408
  O      -8.352221     -0.587231     -3.659149
  H     -13.738075     -9.827848    -11.512323
18
Coordinates from ORCA-job para_products_optfreq_7 E -475.483725197367
  C      -5.677362      0.991588      0.172593
  C      -6.675974      1.582127     -0.616368
  C      -7.288356      0.882687     -1.635680
  C      -6.901785     -0.434587     -1.869800
  C      -5.927534     -1.051670     -1.107384
  C      -5.319634     -0.327731     -0.087701
  C      -5.011868      1.801097      1.249696
  H      -4.330000      1.192406      1.861119
  H      -5.755266      2.262228      1.920307
  H      -4.422851      2.624700      0.810943
  H      -6.971498      2.616974     -0.422586
  H      -8.061218      1.328987     -2.261157
  H      -5.655020     -2.085166     -1.320016
  H      -4.544955     -0.806189      0.517543
  N      -7.543588     -1.184904     -2.956943
  O      -7.228561     -2.357188     -3.107412
  O      -8.356660     -0.594189     -3.653448
  H     -13.736679     -9.819269    -11.519916
18
Coordinates from ORCA-job para_products_optfreq_7 E -475.483726119302
  C      -5.677158      0.992295      0.172071
  C      -6.676997      1.581494     -0.616338
  C      -7.289553      0.880977     -1.634806
  C      -6.901906     -0.436035     -1.868621
  C      -5.926425     -1.051813     -1.106723
  C      -5.318374     -0.326802     -0.087892
  C      -5.011549      1.802960      1.248233
  H      -4.335164      1.193379      1.864662
  H      -5.755053      2.270359      1.914401
  H      -4.416907      2.622033      0.808358
  H      -6.973356      2.616152     -0.422747
  H      -8.063446      1.326181     -2.259807
  H      -5.653111     -2.085172     -1.319077
  H      -4.542693     -0.804181      0.516936
  N      -7.543889     -1.187490     -2.954871
  O      -7.227855     -2.359540     -3.105044
  O      -8.358112     -0.597892     -3.650979
  H     -13.737262     -9.815005    -11.523967
18
Coordinates from ORCA-job para_products_optfreq_7 E -475.483726610515
  C      -5.676952      0.992666      0.171778
  C      -6.676895      1.581444     -0.616812
  C      -7.289422      0.880461     -1.634976
  C      -6.901639     -0.436599     -1.868295
  C      -5.926052     -1.051971     -1.106203
  C      -5.318033     -0.326492     -0.087686
  C      -5.011381      1.803827      1.247591
  H      -4.335822      1.193710      1.864216
  H      -5.756162      2.268884      1.914036
  H      -4.418309      2.624273      0.808312
  H      -6.972985      2.616193     -0.423615
  H      -8.063376      1.325580     -2.259803
  H      -5.652440     -2.085259     -1.318043
  H      -4.541867     -0.802908      0.517074
  N      -7.543592     -1.188551     -2.954219
  O      -7.227435     -2.360625     -3.103949
  O      -8.357914     -0.599317     -3.650518
  H     -13.738533     -9.813418    -11.525099
