18
Coordinates from ORCA-job meta_productds_7 E -475.479469542092
  C      -3.201020      2.614160     -0.883210
  C      -4.338310      1.817810     -1.201320
  C      -4.164810      0.679990     -1.945700
  C      -2.907910      0.272990     -2.415620
  C      -1.781850      1.058820     -2.109480
  C      -1.927360      2.199740     -1.347320
  C      -3.377070      3.850780     -0.082420
  H      -2.820530     -0.635670     -2.994030
  H      -5.322580      2.102480     -0.852130
  H      -2.418180      4.296490      0.186500
  H      -3.927820      3.656380      0.844690
  H      -3.944950      4.606090     -0.635600
  H      -1.062670      2.803520     -1.097420
  H      -0.807140      0.751050     -2.468620
  N      -5.335250     -0.188680     -2.220170
  O      -5.089880     -1.305970     -2.647120
  O      -6.437930      0.265480     -1.983320
  H     -14.916990     -0.921460      7.413750
18
Coordinates from ORCA-job meta_productds_7 E -475.481898557119
  C      -3.201205      2.614442     -0.882609
  C      -4.321279      1.818148     -1.193043
  C      -4.149924      0.661387     -1.936643
  C      -2.902016      0.249162     -2.407959
  C      -1.791535      1.042923     -2.112348
  C      -1.941244      2.204018     -1.354933
  C      -3.374863      3.868355     -0.076633
  H      -2.815227     -0.669802     -2.985971
  H      -5.315117      2.103102     -0.847569
  H      -2.408002      4.320664      0.189100
  H      -3.924994      3.673933      0.858801
  H      -3.951927      4.626173     -0.633819
  H      -1.069100      2.818041     -1.114710
  H      -0.807676      0.738923     -2.476515
  N      -5.332743     -0.188344     -2.218952
  O      -5.125304     -1.299738     -2.677854
  O      -6.431191      0.277483     -1.970383
  H     -14.918902     -0.934869      7.403498
18
Coordinates from ORCA-job meta_productds_7 E -475.482205991573
  C      -3.200091      2.616970     -0.886244
  C      -4.315055      1.821829     -1.187785
  C      -4.148197      0.653888     -1.925069
  C      -2.903612      0.232474     -2.391685
  C      -1.796428      1.028003     -2.103048
  C      -1.944909      2.202401     -1.356866
  C      -3.369051      3.881666     -0.084340
  H      -2.821206     -0.692514     -2.961817
  H      -5.312159      2.105524     -0.849363
  H      -2.400408      4.335607      0.173608
  H      -3.914182      3.688591      0.854485
  H      -3.950503      4.634652     -0.644177
  H      -1.068769      2.816153     -1.127820
  H      -0.810321      0.723988     -2.462895
  N      -5.338810     -0.176456     -2.215477
  O      -5.153007     -1.279573     -2.701532
  O      -6.433393      0.294606     -1.949097
  H     -14.902151     -0.963809      7.380583
18
Coordinates from ORCA-job meta_productds_7 E -475.482315792805
  C      -3.199440      2.620535     -0.888896
  C      -4.315887      1.828246     -1.184513
  C      -4.154506      0.652572     -1.914178
  C      -2.911111      0.221384     -2.375228
  C      -1.801477      1.014197     -2.089756
  C      -1.945547      2.197420     -1.354462
  C      -3.363063      3.893195     -0.094604
  H      -2.834316     -0.708444     -2.938074
  H      -5.315128      2.112204     -0.853191
  H      -2.392845      4.348043      0.154070
  H      -3.902130      3.702124      0.847736
  H      -3.948828      4.640193     -0.657162
  H      -1.064543      2.806699     -1.133394
  H      -0.814138      0.706252     -2.442502
  N      -5.349935     -0.165565     -2.206904
  O      -5.176354     -1.259928     -2.716684
  O      -6.441314      0.304929     -1.921417
  H     -14.851687     -0.990058      7.330621
18
Coordinates from ORCA-job meta_productds_7 E -475.482408283116
  C      -3.196303      2.626522     -0.893372
  C      -4.317927      1.840547     -1.184088
  C      -4.164901      0.655701     -1.902412
  C      -2.922593      0.209209     -2.353555
  C      -1.807178      0.994708     -2.069513
  C      -1.943424      2.187646     -1.348519
  C      -3.351896      3.909717     -0.112860
  H      -2.854328     -0.726302     -2.907555
  H      -5.319476      2.127753     -0.863489
  H      -2.379111      4.366152      0.120008
  H      -3.880571      3.724235      0.836089
  H      -3.944940      4.647091     -0.679307
  H      -1.055043      2.787909     -1.134630
  H      -0.818715      0.678164     -2.410530
  N      -5.365684     -0.150446     -2.196030
  O      -5.203829     -1.231086     -2.738344
  O      -6.452638      0.312896     -1.879845
  H     -14.803695     -1.036418      7.279412
18
Coordinates from ORCA-job meta_productds_7 E -475.482470354757
  C      -3.193868      2.631785     -0.896854
  C      -4.321186      1.852902     -1.186514
  C      -4.175234      0.661102     -1.894349
  C      -2.933927      0.200218     -2.335350
  C      -1.812673      0.976956     -2.049666
  C      -1.941926      2.176782     -1.340038
  C      -3.342458      3.923507     -0.129794
  H      -2.872784     -0.739496     -2.882676
  H      -5.324003      2.146397     -0.875854
  H      -2.367326      4.382349      0.086582
  H      -3.859844      3.745899      0.826774
  H      -3.943649      4.651795     -0.698662
  H      -1.047502      2.768177     -1.127840
  H      -0.823834      0.650410     -2.379485
  N      -5.380342     -0.138273     -2.186730
  O      -5.226599     -1.204821     -2.758862
  O      -6.462342      0.314317     -1.839289
  H     -14.752754     -1.076006      7.230065
18
Coordinates from ORCA-job meta_productds_7 E -475.482531085274
  C      -3.190602      2.637465     -0.900918
  C      -4.324765      1.867707     -1.192354
  C      -4.186126      0.668751     -1.887828
  C      -2.946244      0.190635     -2.315655
  C      -1.818264      0.955902     -2.025565
  C      -1.940090      2.162596     -1.327801
  C      -3.331163      3.938801     -0.150665
  H      -2.892232     -0.753212     -2.856355
  H      -5.327827      2.172821     -0.893559
  H      -2.353456      4.401908      0.043375
  H      -3.832803      3.774740      0.816859
  H      -3.943737      4.656117     -0.720896
  H      -1.040038      2.744397     -1.113131
  H      -0.829858      0.615703     -2.342392
  N      -5.396381     -0.124950     -2.178655
  O      -5.251627     -1.172099     -2.787925
  O      -6.470930      0.311249     -1.790961
  H     -14.706108     -1.124531      7.185884
18
Coordinates from ORCA-job meta_productds_7 E -475.482581844035
  C      -3.190507      2.640131     -0.902265
  C      -4.328980      1.876541     -1.196384
  C      -4.194098      0.673289     -1.883507
  C      -2.955575      0.183959     -2.302386
  C      -1.823486      0.941526     -2.008502
  C      -1.941261      2.152213     -1.317505
  C      -3.325446      3.947400     -0.163116
  H      -2.904880     -0.762165     -2.839484
  H      -5.330706      2.193591     -0.905032
  H      -2.346252      4.414835      0.013258
  H      -3.813864      3.795889      0.813522
  H      -3.947298      4.657920     -0.731958
  H      -1.039258      2.729602     -1.098268
  H      -0.836363      0.590801     -2.317961
  N      -5.408015     -0.117873     -2.173006
  O      -5.269929     -1.150423     -2.808025
  O      -6.475854      0.305702     -1.756190
  H     -14.650478     -1.148939      7.138269
18
Coordinates from ORCA-job meta_productds_7 E -475.482618094526
  C      -3.192582      2.640500     -0.901778
  C      -4.332880      1.879552     -1.196337
  C      -4.199487      0.673925     -1.879122
  C      -2.962216      0.179488     -2.294473
  C      -1.828279      0.933829     -1.999707
  C      -1.944282      2.146807     -1.311952
  C      -3.323687      3.950887     -0.167999
  H      -2.912207     -0.767870     -2.829684
  H      -5.332437      2.205823     -0.907597
  H      -2.343865      4.421777     -0.003154
  H      -3.802712      3.808140      0.814849
  H      -3.951532      4.658845     -0.733862
  H      -1.042739      2.724274     -1.090003
  H      -0.842751      0.576796     -2.307420
  N      -5.415738     -0.115924     -2.167378
  O      -5.282638     -1.140463     -2.815995
  O      -6.479120      0.301581     -1.734768
  H     -14.593098     -1.153967      7.087839
18
Coordinates from ORCA-job meta_productds_7 E -475.482644882257
  C      -3.195364      2.639797     -0.900205
  C      -4.336004      1.878789     -1.192156
  C      -4.203442      0.672157     -1.873781
  C      -2.967116      0.177184     -2.290300
  C      -1.832658      0.931787     -1.998080
  C      -1.947656      2.145814     -1.311474
  C      -3.324219      3.951210     -0.167506
  H      -2.917120     -0.770755     -2.824621
  H      -5.333954      2.208692     -0.902253
  H      -2.344208      4.423615     -0.007370
  H      -3.798883      3.811418      0.817930
  H      -3.954319      4.659352     -0.730900
  H      -1.046901      2.725084     -1.090672
  H      -0.848357      0.572949     -2.307828
  N      -5.420671     -0.116959     -2.160304
  O      -5.290065     -1.140323     -2.811107
  O      -6.482729      0.300441     -1.724218
  H     -14.538583     -1.146251      7.036303
18
Coordinates from ORCA-job meta_productds_7 E -475.482674926637
  C      -3.197218      2.639384     -0.899021
  C      -4.338483      1.877661     -1.184837
  C      -4.208004      0.669666     -1.865402
  C      -2.973162      0.174781     -2.285498
  C      -1.837826      0.930381     -1.998932
  C      -1.950569      2.145894     -1.314240
  C      -3.322512      3.952345     -0.167848
  H      -2.923945     -0.774008     -2.818460
  H      -5.334402      2.210441     -0.891653
  H      -2.342072      4.425864     -0.013288
  H      -3.792061      3.815368      0.820433
  H      -3.954727      4.660903     -0.728548
  H      -1.050249      2.727437     -1.097721
  H      -0.855260      0.570172     -2.312685
  N      -5.426247     -0.118270     -2.149012
  O      -5.298248     -1.142105     -2.799479
  O      -6.487762      0.300807     -1.712224
  H     -14.489504     -1.142723      6.979875
18
Coordinates from ORCA-job meta_productds_7 E -475.482710644776
  C      -3.197224      2.639990     -0.898914
  C      -4.340105      1.877380     -1.173934
  C      -4.214023      0.667148     -1.852502
  C      -2.981631      0.171700     -2.278526
  C      -1.844418      0.928293     -2.001660
  C      -1.952634      2.146289     -1.320770
  C      -3.316557      3.955733     -0.171206
  H      -2.934905     -0.778504     -2.809171
  H      -5.333231      2.213012     -0.874847
  H      -2.335122      4.429958     -0.025327
  H      -3.778584      3.822784      0.821138
  H      -3.951667      4.664071     -0.728995
  H      -1.051821      2.729882     -1.112385
  H      -0.864420      0.566191     -2.321220
  N      -5.433741     -0.118778     -2.131357
  O      -5.309094     -1.144521     -2.779503
  O      -6.494795      0.303524     -1.695204
  H     -14.448276     -1.150151      6.915842
18
Coordinates from ORCA-job meta_productds_7 E -475.482754448877
  C      -3.194357      2.642434     -0.900647
  C      -4.340444      1.879351     -1.159524
  C      -4.222073      0.665543     -1.834039
  C      -2.993579      0.167541     -2.268346
  C      -1.852960      0.924335     -2.005982
  C      -1.953506      2.146291     -1.331689
  C      -3.304488      3.962689     -0.179498
  H      -2.952077     -0.785001     -2.795100
  H      -5.329690      2.218203     -0.851413
  H      -2.321216      4.436961     -0.047157
  H      -3.755329      3.836026      0.818768
  H      -3.944083      4.669319     -0.734254
  H      -1.050653      2.730845     -1.135889
  H      -0.876594      0.559067     -2.332856
  N      -5.444257     -0.117504     -2.104939
  O      -5.324444     -1.146767     -2.748672
  O      -6.504115      0.309905     -1.669705
  H     -14.418384     -1.175238      6.842405
18
Coordinates from ORCA-job meta_productds_7 E -475.482810964698
  C      -3.187510      2.647464     -0.905071
  C      -4.338734      1.884755     -1.141870
  C      -4.232173      0.665799     -1.809391
  C      -3.009615      0.162240     -2.254802
  C      -1.863813      0.917996     -2.012813
  C      -1.952885      2.145605     -1.348295
  C      -3.284646      3.974041     -0.194005
  H      -2.977009     -0.793857     -2.775503
  H      -5.322664      2.227174     -0.820753
  H      -2.298534      4.447164     -0.080947
  H      -3.719981      3.856393      0.812198
  H      -3.930793      4.677001     -0.745582
  H      -1.045993      2.729309     -1.170196
  H      -0.892355      0.548045     -2.348705
  N      -5.458391     -0.113742     -2.067005
  O      -5.345566     -1.149630     -2.701827
  O      -6.515521      0.322177     -1.633166
  H     -14.406065     -1.223935      6.759192
18
Coordinates from ORCA-job meta_productds_7 E -475.482884308298
  C      -3.176973      2.654974     -0.912333
  C      -4.334751      1.893895     -1.123822
  C      -4.243077      0.668768     -1.781477
  C      -3.028412      0.156503     -2.239970
  C      -1.876267      0.909844     -2.022542
  C      -1.951076      2.144102     -1.369653
  C      -3.258784      3.988544     -0.213230
  H      -3.007995     -0.804211     -2.752513
  H      -5.312273      2.239763     -0.786804
  H      -2.269167      4.458902     -0.122748
  H      -3.676228      3.881274      0.801705
  H      -3.912980      4.686248     -0.761612
  H      -1.038388      2.724613     -1.212410
  H      -0.910545      0.534279     -2.368339
  N      -5.474997     -0.107582     -2.018959
  O      -5.371282     -1.154520     -2.637596
  O      -6.527224      0.341423     -1.587313
  H     -14.411831     -1.292821      6.671077
18
Coordinates from ORCA-job meta_productds_7 E -475.482977144770
  C      -3.164047      2.664136     -0.921966
  C      -4.328878      1.906074     -1.108995
  C      -4.253144      0.674576     -1.754705
  C      -3.047880      0.151211     -2.227068
  C      -1.889295      0.901276     -2.035748
  C      -1.948791      2.142057     -1.393922
  C      -3.230589      4.003719     -0.233688
  H      -3.041615     -0.814795     -2.729827
  H      -5.299627      2.255202     -0.755692
  H      -2.237351      4.469834     -0.164748
  H      -3.631086      3.905615      0.789062
  H      -3.893149      4.695769     -0.778790
  H      -1.029333      2.717269     -1.257631
  H      -0.929488      0.520241     -2.391695
  N      -5.492064     -0.100147     -1.963836
  O      -5.399111     -1.163388     -2.556173
  O      -6.536913      0.367032     -1.535537
  H     -14.429887     -1.371683      6.582418
18
Coordinates from ORCA-job meta_productds_7 E -475.483076359221
  C      -3.150829      2.673379     -0.932808
  C      -4.322551      1.919955     -1.098746
  C      -4.262120      0.681972     -1.731429
  C      -3.067074      0.146204     -2.216650
  C      -1.902473      0.892300     -2.049996
  C      -1.946738      2.139022     -1.417563
  C      -3.202845      4.018006     -0.253499
  H      -3.074906     -0.825359     -2.708659
  H      -5.286611      2.274899     -0.732987
  H      -2.206498      4.479932     -0.204229
  H      -3.587825      3.928207      0.776097
  H      -3.873768      4.705210     -0.794273
  H      -1.020815      2.708214     -1.299521
  H      -0.948691      0.505367     -2.415641
  N      -5.508301     -0.092402     -1.906226
  O      -5.427415     -1.172510     -2.468835
  O      -6.544134      0.392891     -1.477928
  H     -14.448657     -1.451289      6.494354
18
Coordinates from ORCA-job meta_productds_7 E -475.483175558544
  C      -3.137882      2.681853     -0.944292
  C      -4.315924      1.933545     -1.089474
  C      -4.270170      0.689025     -1.709142
  C      -3.086160      0.141241     -2.207601
  C      -1.916174      0.883716     -2.065944
  C      -1.945054      2.135962     -1.441880
  C      -3.174962      4.031150     -0.272916
  H      -3.107137     -0.835833     -2.688426
  H      -5.273219      2.297314     -0.714784
  H      -2.176212      4.489660     -0.242442
  H      -3.544685      3.949506      0.762989
  H      -3.853859      4.715372     -0.807561
  H      -1.013900      2.700321     -1.341072
  H      -0.969345      0.490343     -2.442799
  N      -5.523031     -0.084942     -1.845921
  O      -5.455153     -1.180764     -2.378410
  O      -6.549240      0.417132     -1.414460
  H     -14.470144     -1.530601      6.405593
18
Coordinates from ORCA-job meta_productds_7 E -475.483276531518
  C      -3.125586      2.689215     -0.956099
  C      -4.309179      1.946160     -1.078887
  C      -4.277869      0.694974     -1.686028
  C      -3.105485      0.135974     -2.197986
  C      -1.930586      0.875120     -2.082072
  C      -1.943705      2.132896     -1.466780
  C      -3.146552      4.043457     -0.293076
  H      -3.138217     -0.846530     -2.667255
  H      -5.259545      2.321723     -0.698670
  H      -2.146237      4.499698     -0.281725
  H      -3.500232      3.970669      0.749066
  H      -3.832822      4.726780     -0.819761
  H      -1.008879      2.694288     -1.383198
  H      -0.992035      0.473984     -2.471559
  N      -5.536407     -0.077165     -1.784127
  O      -5.482496     -1.185262     -2.291385
  O      -6.552910      0.438450     -1.344890
  H     -14.493507     -1.610432      6.315894
18
Coordinates from ORCA-job meta_productds_7 E -475.483378446976
  C      -3.114056      2.695544     -0.967426
  C      -4.302454      1.957340     -1.063807
  C      -4.286178      0.699512     -1.659067
  C      -3.125590      0.130233     -2.184830
  C      -1.945979      0.865933     -2.096171
  C      -1.942850      2.129650     -1.492087
  C      -3.117176      4.055768     -0.315598
  H      -3.169112     -0.857350     -2.642582
  H      -5.245512      2.344976     -0.678013
  H      -2.115959      4.510239     -0.325923
  H      -3.452415      3.993952      0.733277
  H      -3.810414      4.738992     -0.833626
  H      -1.005558      2.689493     -1.427940
  H      -1.016966      0.455590     -2.498952
  N      -5.549433     -0.067930     -1.723036
  O      -5.510062     -1.183840     -2.213824
  O      -6.556417      0.458369     -1.272802
  H     -14.516119     -1.692471      6.223868
18
Coordinates from ORCA-job meta_productds_7 E -475.483483744529
  C      -3.102986      2.701307     -0.978242
  C      -4.295412      1.967407     -1.043796
  C      -4.295114      0.703080     -1.627444
  C      -3.146534      0.124503     -2.168004
  C      -1.962504      0.856628     -2.108945
  C      -1.942699      2.126512     -1.518713
  C      -3.086836      4.068189     -0.340463
  H      -3.200428     -0.867716     -2.614447
  H      -5.230722      2.365347     -0.649927
  H      -2.085102      4.520405     -0.374429
  H      -3.401576      4.018639      0.715285
  H      -3.786195      4.751732     -0.850083
  H      -1.003780      2.685483     -1.477251
  H      -1.044131      0.436233     -2.525603
  N      -5.562298     -0.057314     -1.662056
  O      -5.537585     -1.178338     -2.142216
  O      -6.559755      0.478922     -1.200719
  H     -14.538593     -1.777019      6.128514
18
Coordinates from ORCA-job meta_productds_7 E -475.483588298837
  C      -3.091603      2.707564     -0.988997
  C      -4.287983      1.978524     -1.022740
  C      -4.304714      0.707939     -1.593705
  C      -3.168435      0.119299     -2.148986
  C      -1.980057      0.846600     -2.120265
  C      -1.943305      2.122530     -1.545405
  C      -3.056035      4.081112     -0.366950
  H      -3.233815     -0.877183     -2.584094
  H      -5.214855      2.384269     -0.617141
  H      -2.053669      4.529252     -0.425877
  H      -3.349183      4.044595      0.695516
  H      -3.761486      4.763715     -0.869382
  H      -1.002152      2.678693     -1.528340
  H      -1.072283      0.416228     -2.549685
  N      -5.575563     -0.044887     -1.601306
  O      -5.564551     -1.170506     -2.071671
  O      -6.563566      0.500952     -1.130084
  H     -14.558993     -1.864696      6.030572
18
Coordinates from ORCA-job meta_productds_7 E -475.483694596500
  C      -3.079994      2.714138     -0.999928
  C      -4.280129      1.990674     -1.001223
  C      -4.314688      0.714088     -1.558309
  C      -3.191152      0.114508     -2.128125
  C      -1.998572      0.835783     -2.130355
  C      -1.944722      2.117591     -1.572140
  C      -3.025372      4.094145     -0.394931
  H      -3.268887     -0.885966     -2.551641
  H      -5.197722      2.403023     -0.581050
  H      -2.022272      4.536509     -0.478638
  H      -3.296757      4.070337      0.673670
  H      -3.736299      4.775173     -0.891533
  H      -1.000927      2.669152     -1.580524
  H      -1.101416      0.395330     -2.571509
  N      -5.588929     -0.030645     -1.540155
  O      -5.591426     -1.160251     -2.001795
  O      -6.566684      0.525398     -1.060282
  H     -14.576303     -1.954985      5.929925
18
Coordinates from ORCA-job meta_productds_7 E -475.483797777952
  C      -3.068102      2.720873     -1.011362
  C      -4.272153      2.004283     -0.983472
  C      -4.324183      0.722139     -1.525932
  C      -3.214092      0.110021     -2.109031
  C      -2.017611      0.824096     -2.140234
  C      -1.946708      2.111324     -1.597191
  C      -2.995292      4.106759     -0.422272
  H      -3.305063     -0.894327     -2.520517
  H      -5.179704      2.424742     -0.549959
  H      -1.991795      4.542798     -0.530622
  H      -3.245523      4.096134      0.651780
  H      -3.712794      4.785359     -0.912511
  H      -0.999770      2.656619     -1.628703
  H      -1.130676      0.373975     -2.592107
  N      -5.601890     -0.015399     -1.478581
  O      -5.617529     -1.149829     -1.928281
  O      -6.569344      0.549480     -0.987849
  H     -14.590020     -2.045047      5.828305
18
Coordinates from ORCA-job meta_productds_7 E -475.483818859652
  C      -3.053657      2.729731     -1.024241
  C      -4.263639      2.024017     -0.970113
  C      -4.336361      0.736586     -1.491635
  C      -3.238838      0.104761     -2.081401
  C      -2.035854      0.805206     -2.138277
  C      -1.948084      2.099002     -1.615943
  C      -2.969284      4.122251     -0.456561
  H      -3.347883     -0.903005     -2.479687
  H      -5.155493      2.454415     -0.512629
  H      -1.961680      4.544219     -0.581013
  H      -3.204915      4.117877      0.621237
  H      -3.688404      4.794176     -0.952179
  H      -0.992931      2.628450     -1.670446
  H      -1.155256      0.344434     -2.591310
  N      -5.619937      0.009326     -1.424998
  O      -5.653627     -1.123770     -1.878412
  O      -6.568861      0.586715     -0.924738
  H     -14.587544     -2.150391      5.733807
18
Coordinates from ORCA-job meta_productds_7 E -475.484000175504
  C      -3.045186      2.733399     -1.034283
  C      -4.255618      2.031170     -0.949902
  C      -4.341413      0.739355     -1.462273
  C      -3.259020      0.101429     -2.070315
  C      -2.056340      0.799904     -2.157822
  C      -1.952758      2.097290     -1.645217
  C      -2.939218      4.130162     -0.477413
  H      -3.376437     -0.909743     -2.457646
  H      -5.141031      2.468668     -0.488207
  H      -1.935247      4.551601     -0.630200
  H      -3.150995      4.143376      0.604855
  H      -3.667848      4.803756     -0.957587
  H      -1.000153      2.628340     -1.721662
  H      -1.189511      0.331233     -2.629304
  N      -5.625388      0.017547     -1.357336
  O      -5.668270     -1.124964     -1.784774
  O      -6.569357      0.601956     -0.845065
  H     -14.608460     -2.220478      5.625609
18
Coordinates from ORCA-job meta_productds_7 E -475.484105071577
  C      -3.034642      2.738451     -1.045274
  C      -4.246859      2.043530     -0.929773
  C      -4.349538      0.747351     -1.428010
  C      -3.282672      0.097690     -2.050843
  C      -2.078344      0.788733     -2.168901
  C      -1.957868      2.090497     -1.671382
  C      -2.910020      4.140374     -0.505389
  H      -3.412638     -0.916562     -2.425913
  H      -5.120554      2.490487     -0.454940
  H      -1.907191      4.554788     -0.682810
  H      -3.100381      4.167408      0.580584
  H      -3.644436      4.812893     -0.978230
  H      -1.004475      2.616036     -1.771982
  H      -1.223717      0.310467     -2.652841
  N      -5.635095      0.033936     -1.291722
  O      -5.691482     -1.112647     -1.706540
  O      -6.567201      0.627741     -0.768029
  H     -14.615136     -2.307171      5.513453
18
Coordinates from ORCA-job meta_productds_7 E -475.484127747752
  C      -3.028545      2.736783     -1.052157
  C      -4.238855      2.048469     -0.906404
  C      -4.352505      0.748414     -1.397923
  C      -3.301601      0.091624     -2.037186
  C      -2.098926      0.779854     -2.183326
  C      -1.964482      2.085512     -1.695568
  C      -2.886382      4.144570     -0.529861
  H      -3.438394     -0.925642     -2.402005
  H      -5.099005      2.521428     -0.430871
  H      -1.886197      4.556524     -0.726562
  H      -3.062243      4.184875      0.558075
  H      -3.622010      4.822403     -0.994763
  H      -1.016746      2.616622     -1.816333
  H      -1.259380      0.291897     -2.684066
  N      -5.636854      0.045513     -1.226297
  O      -5.715531     -1.101644     -1.633608
  O      -6.549097      0.655770     -0.689615
  H     -14.625498     -2.378970      5.409931
18
Coordinates from ORCA-job meta_productds_7 E -475.484305948982
  C      -3.015877      2.746188     -1.066198
  C      -4.228762      2.065772     -0.890355
  C      -4.362693      0.761962     -1.361979
  C      -3.327446      0.090358     -2.013667
  C      -2.122539      0.767437     -2.190720
  C      -1.970381      2.077223     -1.721739
  C      -2.856070      4.157496     -0.559298
  H      -3.480783     -0.929238     -2.364789
  H      -5.077921      2.535045     -0.393859
  H      -1.855795      4.557273     -0.779395
  H      -3.009467      4.207761      0.531393
  H      -3.598310      4.830519     -1.019519
  H      -1.017910      2.593477     -1.868592
  H      -1.292685      0.271256     -2.699255
  N      -5.650148      0.066652     -1.163358
  O      -5.737060     -1.085633     -1.556478
  O      -6.554403      0.681767     -0.615632
  H     -14.624002     -2.471315      5.294899
18
Coordinates from ORCA-job meta_productds_7 E -475.484407310153
  C      -3.006468      2.750548     -1.077209
  C      -4.219365      2.078604     -0.869258
  C      -4.370543      0.771462     -1.325841
  C      -3.352624      0.087539     -1.992084
  C      -2.147722      0.755543     -2.200202
  C      -1.978725      2.069005     -1.747691
  C      -2.827892      4.166141     -0.588585
  H      -3.519286     -0.934273     -2.330468
  H      -5.054756      2.556965     -0.357935
  H      -1.829314      4.556269     -0.832357
  H      -2.960271      4.229744      0.504167
  H      -3.574503      4.838568     -1.042459
  H      -1.026555      2.577977     -1.919747
  H      -1.331081      0.249825     -2.720547
  N      -5.658242      0.085808     -1.096485
  O      -5.759038     -1.069519     -1.477481
  O      -6.548546      0.710396     -0.536531
  H     -14.617319     -2.556603      5.172174
18
Coordinates from ORCA-job meta_productds_7 E -475.484513022530
  C      -2.997128      2.755142     -1.089808
  C      -4.209682      2.093226     -0.849809
  C      -4.378773      0.782773     -1.289025
  C      -3.379082      0.084983     -1.969012
  C      -2.174245      0.742308     -2.208472
  C      -1.988111      2.059528     -1.774181
  C      -2.800463      4.174295     -0.619213
  H      -3.560591     -0.938920     -2.293121
  H      -5.029535      2.581761     -0.322453
  H      -1.802154      4.552156     -0.882608
  H      -2.914759      4.247749      0.475021
  H      -3.549021      4.846825     -1.069399
  H      -1.035737      2.558702     -1.972066
  H      -1.370361      0.226963     -2.739048
  N      -5.666350      0.107692     -1.027750
  O      -5.784050     -1.050417     -1.395904
  O      -6.538036      0.745552     -0.456238
  H     -14.604173     -2.646318      5.044546
18
Coordinates from ORCA-job meta_productds_7 E -475.484615307574
  C      -2.988796      2.758444     -1.101558
  C      -4.200081      2.106577     -0.830643
  C      -4.386589      0.792975     -1.253657
  C      -3.405339      0.082523     -1.947045
  C      -2.201597      0.730086     -2.217351
  C      -1.998045      2.050315     -1.799655
  C      -2.773137      4.181019     -0.648442
  H      -3.599444     -0.943455     -2.257024
  H      -5.005322      2.606248     -0.293117
  H      -1.777122      4.549471     -0.932962
  H      -2.867998      4.266698      0.446569
  H      -3.524404      4.855226     -1.091840
  H      -1.047167      2.542148     -2.021489
  H      -1.412163      0.204090     -2.759115
  N      -5.672412      0.128177     -0.958329
  O      -5.805151     -1.031403     -1.316563
  O      -6.529465      0.774367     -0.372136
  H     -14.588018     -2.729505      4.915815
18
Coordinates from ORCA-job meta_productds_7 E -475.484721289706
  C      -2.980982      2.760989     -1.112945
  C      -4.190351      2.119472     -0.810782
  C      -4.394084      0.803303     -1.218203
  C      -3.432225      0.080448     -1.925465
  C      -2.230375      0.717946     -2.226822
  C      -2.009323      2.040500     -1.825329
  C      -2.746884      4.186388     -0.677755
  H      -3.639015     -0.947151     -2.221574
  H      -4.980940      2.629968     -0.261751
  H      -1.752816      4.544812     -0.981335
  H      -2.824102      4.284324      0.417464
  H      -3.499561      4.862673     -1.115768
  H      -1.060504      2.524720     -2.071292
  H      -1.456233      0.181614     -2.780441
  N      -5.677046      0.149792     -0.888113
  O      -5.824807     -1.012973     -1.229704
  O      -6.517426      0.807896     -0.290190
  H     -14.565578     -2.810721      4.781464
18
Coordinates from ORCA-job meta_productds_7 E -475.484834534879
  C      -2.973190      2.763052     -1.124782
  C      -4.181137      2.135062     -0.792669
  C      -4.403312      0.816331     -1.182910
  C      -3.461550      0.079148     -1.902033
  C      -2.260791      0.703846     -2.233112
  C      -2.021020      2.028116     -1.848888
  C      -2.720323      4.190580     -0.708885
  H      -3.682025     -0.949749     -2.183422
  H      -4.955591      2.659364     -0.233589
  H      -1.727344      4.537050     -1.029557
  H      -2.781519      4.301132      0.386310
  H      -3.472197      4.870271     -1.143154
  H      -1.073450      2.502578     -2.117549
  H      -1.502314      0.155397     -2.796502
  N      -5.682019      0.174745     -0.818080
  O      -5.847583     -0.989037     -1.147705
  O      -6.502325      0.844461     -0.206732
  H     -14.534560     -2.898346      4.644717
18
Coordinates from ORCA-job meta_productds_7 E -475.484947737372
  C      -2.964887      2.766067     -1.137188
  C      -4.170425      2.150110     -0.772481
  C      -4.411561      0.829480     -1.144871
  C      -3.491473      0.078395     -1.877744
  C      -2.293482      0.690472     -2.241125
  C      -2.035015      2.016267     -1.875000
  C      -2.692417      4.195519     -0.740730
  H      -3.725939     -0.951309     -2.144385
  H      -4.929248      2.683041     -0.199912
  H      -1.700795      4.529036     -1.078935
  H      -2.736703      4.318698      0.353854
  H      -3.444180      4.877209     -1.171983
  H      -1.089485      2.479745     -2.168932
  H      -1.551666      0.131055     -2.815778
  N      -5.686448      0.200512     -0.744706
  O      -5.866249     -0.966712     -1.054786
  O      -6.488709      0.882542     -0.123581
  H     -14.503566     -2.986127      4.499743
18
Coordinates from ORCA-job meta_productds_7 E -475.485056309214
  C      -2.956642      2.768562     -1.149973
  C      -4.159647      2.167204     -0.751727
  C      -4.420310      0.845346     -1.104835
  C      -3.523510      0.078815     -1.851146
  C      -2.328802      0.675949     -2.247892
  C      -2.050937      2.002418     -1.900741
  C      -2.663691      4.198726     -0.774553
  H      -3.772935     -0.951198     -2.102396
  H      -4.901779      2.709835     -0.164983
  H      -1.672743      4.516748     -1.129252
  H      -2.692386      4.335689      0.318888
  H      -3.413783      4.882512     -1.205231
  H      -1.107429      2.453044     -2.220256
  H      -1.604683      0.104733     -2.833344
  N      -5.689927      0.229533     -0.669610
  O      -5.885413     -0.940330     -0.961234
  O      -6.471138      0.926815     -0.038450
  H     -14.466494     -3.080401      4.348195
18
Coordinates from ORCA-job meta_productds_7 E -475.485158840496
  C      -2.949310      2.770722     -1.161489
  C      -4.148733      2.182530     -0.731884
  C      -4.429051      0.859806     -1.066677
  C      -3.554995      0.078842     -1.825101
  C      -2.364109      0.662043     -2.253239
  C      -2.067314      1.989243     -1.924376
  C      -2.635413      4.202564     -0.806660
  H      -3.818044     -0.951301     -2.061434
  H      -4.873284      2.734823     -0.134403
  H      -1.646368      4.505677     -1.179214
  H      -2.647107      4.354265      0.285315
  H      -3.384354      4.888859     -1.235480
  H      -1.126847      2.428298     -2.268141
  H      -1.657745      0.079155     -2.848769
  N      -5.694028      0.256988     -0.596950
  O      -5.902875     -0.914043     -0.874407
  O      -6.458668      0.962456      0.044978
  H     -14.424008     -3.166927      4.199390
18
Coordinates from ORCA-job meta_productds_7 E -475.485121570901
  C      -2.945572      2.771449     -1.172279
  C      -4.140470      2.197532     -0.716076
  C      -4.436005      0.872318     -1.032901
  C      -3.586017      0.076456     -1.802724
  C      -2.401267      0.648093     -2.262599
  C      -2.087441      1.976144     -1.947099
  C      -2.609018      4.203269     -0.834726
  H      -3.859033     -0.954538     -2.023517
  H      -4.851868      2.765006     -0.117094
  H      -1.616469      4.486692     -1.212893
  H      -2.616500      4.365298      0.257133
  H      -3.346697      4.896843     -1.272347
  H      -1.150521      2.406808     -2.310969
  H      -1.712859      0.054478     -2.868444
  N      -5.693800      0.288927     -0.519090
  O      -5.916674     -0.884228     -0.772821
  O      -6.438758      1.003119      0.118062
  H     -14.373283     -3.249665      4.051845
18
Coordinates from ORCA-job meta_productds_7 E -475.485339106778
  C      -2.938689      2.771205     -1.181114
  C      -4.127858      2.209581     -0.691143
  C      -4.444107      0.886866     -0.993079
  C      -3.616461      0.079001     -1.774780
  C      -2.436389      0.635745     -2.264159
  C      -2.104089      1.962993     -1.968622
  C      -2.583910      4.204590     -0.867415
  H      -3.903778     -0.950824     -1.982456
  H      -4.817075      2.784494     -0.075904
  H      -1.597286      4.475788     -1.269586
  H      -2.568530      4.387456      0.219644
  H      -3.325605      4.897359     -1.299301
  H      -1.172654      2.382603     -2.358348
  H      -1.767084      0.030825     -2.880171
  N      -5.696259      0.312629     -0.455578
  O      -5.931495     -0.860723     -0.698438
  O      -6.427078      1.040551      0.200602
  H     -14.323904     -3.326139      3.901308
18
Coordinates from ORCA-job meta_productds_7 E -475.485436427987
  C      -2.938348      2.770027     -1.185221
  C      -4.123247      2.217419     -0.674875
  C      -4.450377      0.894978     -0.966970
  C      -3.637588      0.079549     -1.756360
  C      -2.461688      0.627367     -2.264795
  C      -2.118872      1.953944     -1.980690
  C      -2.570496      4.202982     -0.886673
  H      -3.933028     -0.949673     -1.955432
  H      -4.799817      2.799139     -0.050588
  H      -1.584237      4.461573     -1.298070
  H      -2.546553      4.397458      0.198498
  H      -3.308828      4.897467     -1.321521
  H      -1.191124      2.366893     -2.385970
  H      -1.804109      0.015956     -2.886972
  N      -5.698116      0.328286     -0.413537
  O      -5.943451     -0.844604     -0.649043
  O      -6.416033      1.064586      0.248047
  H     -14.256338     -3.359346      3.791633
18
Coordinates from ORCA-job meta_productds_7 E -475.485478037237
  C      -2.939121      2.765134     -1.192156
  C      -4.116648      2.224865     -0.661168
  C      -4.451990      0.904763     -0.941817
  C      -3.657524      0.079653     -1.739363
  C      -2.487516      0.618077     -2.270151
  C      -2.134259      1.944032     -1.997725
  C      -2.563980      4.194875     -0.904364
  H      -3.962170     -0.949320     -1.925733
  H      -4.778472      2.820173     -0.029896
  H      -1.574231      4.441915     -1.314563
  H      -2.542707      4.391500      0.178520
  H      -3.294306      4.892469     -1.347847
  H      -1.211563      2.351707     -2.419359
  H      -1.842495      0.000403     -2.899282
  N      -5.690028      0.353071     -0.364707
  O      -5.948981     -0.819292     -0.587192
  O      -6.390550      1.108029      0.300638
  H     -14.195708     -3.398054      3.677626
18
Coordinates from ORCA-job meta_productds_7 E -475.478952986228
  C      -2.924450      2.774087     -1.201261
  C      -4.133078      2.233860     -0.664805
  C      -4.479977      0.890378     -0.935776
  C      -3.674555      0.052148     -1.740465
  C      -2.474476      0.601621     -2.286907
  C      -2.103713      1.946092     -2.013496
  C      -2.536045      4.222157     -0.909884
  H      -3.986414     -0.991648     -1.921670
  H      -4.801440      2.875115     -0.053576
  H      -1.526943      4.489491     -1.332607
  H      -2.512818      4.411290      0.205059
  H      -3.273276      4.923800     -1.346655
  H      -1.158415      2.370226     -2.435652
  H      -1.822355     -0.027890     -2.927264
  N      -5.736360      0.336921     -0.320852
  O      -6.024539     -0.847244     -0.549145
  O      -6.422301      1.107159      0.336155
  H     -14.191094     -3.443562      3.660260
18
Coordinates from ORCA-job meta_productds_7 E -475.485531644580
  C      -2.933620      2.769819     -1.202345
  C      -4.114155      2.238032     -0.656626
  C      -4.463120      0.913290     -0.920715
  C      -3.679467      0.080692     -1.723354
  C      -2.509065      0.607828     -2.266926
  C      -2.142231      1.932557     -2.005094
  C      -2.540832      4.201561     -0.923838
  H      -3.991212     -0.945965     -1.903339
  H      -4.769732      2.839642     -0.026084
  H      -1.550251      4.438645     -1.344009
  H      -2.508274      4.404004      0.162209
  H      -3.270383      4.903261     -1.362088
  H      -1.217778      2.327345     -2.432889
  H      -1.873139     -0.018035     -2.898997
  N      -5.701387      0.369668     -0.327112
  O      -5.968558     -0.799949     -0.551509
  O      -6.393807      1.117800      0.344568
  H     -14.155239     -3.456196      3.599608
18
Coordinates from ORCA-job meta_productds_7 E -475.483103256044
  C      -2.941027      2.757144     -1.178830
  C      -4.116828      2.228356     -0.674003
  C      -4.457848      0.910328     -0.961649
  C      -3.666432      0.077016     -1.741702
  C      -2.496124      0.616704     -2.259745
  C      -2.138090      1.942196     -1.979167
  C      -2.566551      4.180268     -0.889684
  H      -3.973347     -0.960092     -1.920125
  H      -4.762060      2.853425     -0.072592
  H      -1.571135      4.411677     -1.256519
  H      -2.584573      4.374181      0.180318
  H      -3.270494      4.888205     -1.364169
  H      -1.215404      2.357420     -2.391673
  H      -1.854420     -0.002479     -2.880198
  N      -5.705743      0.357353     -0.379344
  O      -5.996907     -0.835517     -0.602562
  O      -6.394435      1.145104      0.258368
  H     -14.070830     -3.377287      3.674736
18
Coordinates from ORCA-job meta_productds_7 E -475.485297240139
  C      -2.939144      2.762010     -1.192212
  C      -4.113975      2.232907     -0.645963
  C      -4.459795      0.912714     -0.919253
  C      -3.676017      0.072558     -1.713114
  C      -2.508840      0.603544     -2.263346
  C      -2.146047      1.934721     -2.010164
  C      -2.556283      4.190027     -0.916268
  H      -3.989801     -0.961787     -1.883797
  H      -4.770179      2.831873     -0.008549
  H      -1.568932      4.423935     -1.323957
  H      -2.534130      4.385975      0.160175
  H      -3.278648      4.891274     -1.362779
  H      -1.223121      2.338464     -2.459404
  H      -1.871867     -0.020962     -2.894276
  N      -5.700533      0.383390     -0.341936
  O      -5.977672     -0.778705     -0.574547
  O      -6.384544      1.141594      0.335947
  H     -14.082723     -3.419531      3.574903
18
Coordinates from ORCA-job meta_productds_7 E -475.480983992600
  C      -2.933620      2.765679     -1.193870
  C      -4.123339      2.225973     -0.653167
  C      -4.478956      0.906185     -0.923759
  C      -3.691756      0.093340     -1.739662
  C      -2.514873      0.610550     -2.254017
  C      -2.146043      1.916660     -1.969729
  C      -2.523521      4.217040     -0.935694
  H      -3.997350     -0.908516     -1.950058
  H      -4.775700      2.831416     -0.029596
  H      -1.514482      4.470745     -1.398146
  H      -2.465730      4.450771      0.186356
  H      -3.273461      4.902261     -1.382009
  H      -1.226972      2.291555     -2.343267
  H      -1.878787     -0.018230     -2.881383
  N      -5.727199      0.349890     -0.335607
  O      -5.991462     -0.821261     -0.567370
  O      -6.425568      1.083920      0.329173
  H     -14.093430     -3.443977      3.603264
18
Coordinates from ORCA-job meta_productds_7 E -475.485394101085
  C      -2.938823      2.769339     -1.201856
  C      -4.120428      2.229418     -0.658667
  C      -4.463815      0.904675     -0.925051
  C      -3.671706      0.082890     -1.730455
  C      -2.499068      0.617532     -2.269837
  C      -2.137913      1.939372     -2.002090
  C      -2.556436      4.196459     -0.913873
  H      -3.978974     -0.942063     -1.916312
  H      -4.780524      2.823007     -0.025152
  H      -1.572196      4.438780     -1.326314
  H      -2.528926      4.395106      0.166473
  H      -3.286489      4.900166     -1.343679
  H      -1.212155      2.337588     -2.422006
  H      -1.857730     -0.004500     -2.902882
  N      -5.705797      0.349067     -0.339660
  O      -5.964530     -0.829481     -0.550082
  O      -6.410102      1.089640      0.321318
  H     -14.096640     -3.372995      3.601585
18
Coordinates from ORCA-job meta_productds_7 E -475.482963572219
  C      -2.942995      2.757035     -1.175810
  C      -4.117344      2.244568     -0.661180
  C      -4.464237      0.924431     -0.948436
  C      -3.687948      0.063172     -1.728501
  C      -2.517640      0.573960     -2.239692
  C      -2.149652      1.912133     -1.977495
  C      -2.556495      4.192073     -0.904454
  H      -4.017278     -0.979315     -1.900896
  H      -4.774130      2.857649     -0.036751
  H      -1.554197      4.433442     -1.326300
  H      -2.531337      4.387534      0.188174
  H      -3.291127      4.879123     -1.365692
  H      -1.216086      2.304506     -2.413991
  H      -1.879163     -0.057635     -2.849897
  N      -5.710539      0.416754     -0.378726
  O      -6.002804     -0.731623     -0.635828
  O      -6.374435      1.194801      0.324438
  H     -13.994845     -3.448608      3.592497
18
Coordinates from ORCA-job meta_productds_7 E -475.485633987168
  C      -2.937341      2.761295     -1.190968
  C      -4.118158      2.232057     -0.650805
  C      -4.468508      0.910925     -0.920878
  C      -3.682844      0.074527     -1.713405
  C      -2.509314      0.603712     -2.255070
  C      -2.143018      1.928801     -1.993413
  C      -2.550013      4.193623     -0.918939
  H      -3.997695     -0.949941     -1.897819
  H      -4.769598      2.838798     -0.023617
  H      -1.558381      4.429880     -1.331180
  H      -2.525898      4.396967      0.164714
  H      -3.275544      4.893165     -1.367906
  H      -1.217560      2.326698     -2.422503
  H      -1.871962     -0.021848     -2.883867
  N      -5.715736      0.375592     -0.347744
  O      -6.000013     -0.784543     -0.600001
  O      -6.398668      1.129246      0.332548
  H     -14.041997     -3.414954      3.582314
18
Coordinates from ORCA-job meta_productds_7 E -475.485505728459
  C      -2.935072      2.767153     -1.207789
  C      -4.111063      2.247906     -0.647084
  C      -4.469895      0.927625     -0.905473
  C      -3.700415      0.084002     -1.714246
  C      -2.532438      0.593152     -2.262489
  C      -2.156620      1.918690     -2.015540
  C      -2.533924      4.195109     -0.939349
  H      -4.022655     -0.946655     -1.878429
  H      -4.757084      2.848996      0.000288
  H      -1.548449      4.422904     -1.368734
  H      -2.491771      4.401884      0.140626
  H      -3.263481      4.898793     -1.370990
  H      -1.234638      2.298903     -2.452253
  H      -1.904754     -0.045149     -2.889920
  N      -5.711897      0.402072     -0.295586
  O      -5.996467     -0.773303     -0.494550
  O      -6.387283      1.153767      0.390296
  H     -14.024342     -3.471851      3.472683
18
Coordinates from ORCA-job meta_productds_7 E -475.485790424495
  C      -2.938922      2.761776     -1.202316
  C      -4.107684      2.242816     -0.628673
  C      -4.470288      0.922936     -0.879886
  C      -3.711007      0.078388     -1.689757
  C      -2.551170      0.595172     -2.263137
  C      -2.171954      1.918801     -2.021379
  C      -2.531860      4.191042     -0.949546
  H      -4.036630     -0.947677     -1.854297
  H      -4.744210      2.846467      0.015720
  H      -1.543775      4.411484     -1.383085
  H      -2.488880      4.411477      0.130163
  H      -3.259128      4.891412     -1.394474
  H      -1.256124      2.307139     -2.481532
  H      -1.933456     -0.035932     -2.904246
  N      -5.705376      0.397074     -0.267140
  O      -5.992640     -0.772916     -0.473941
  O      -6.372276      1.158896      0.417991
  H     -13.966871     -3.454357      3.390994
18
Coordinates from ORCA-job meta_productds_7 E -475.485657483496
  C      -2.938155      2.763961     -1.206623
  C      -4.114023      2.252568     -0.634582
  C      -4.484430      0.926521     -0.883063
  C      -3.724014      0.074251     -1.687880
  C      -2.553906      0.582557     -2.253658
  C      -2.167694      1.907890     -2.009858
  C      -2.528444      4.191629     -0.950473
  H      -4.052913     -0.950056     -1.856110
  H      -4.745482      2.878259      0.001443
  H      -1.536912      4.403461     -1.363798
  H      -2.498042      4.403371      0.127886
  H      -3.241449      4.901517     -1.402277
  H      -1.247121      2.285327     -2.447163
  H      -1.934954     -0.062989     -2.884670
  N      -5.724988      0.406360     -0.274221
  O      -6.033099     -0.744057     -0.530041
  O      -6.377233      1.169992      0.426420
  H     -13.879390     -3.466563      3.390126
18
Coordinates from ORCA-job meta_productds_7 E -475.485961906074
  C      -2.945890      2.757989     -1.199160
  C      -4.117051      2.241591     -0.626473
  C      -4.481597      0.920846     -0.879998
  C      -3.720244      0.075085     -1.688356
  C      -2.555773      0.587560     -2.254819
  C      -2.175093      1.911467     -2.012103
  C      -2.538669      4.187216     -0.946471
  H      -4.046123     -0.950102     -1.855418
  H      -4.751062      2.854462      0.016741
  H      -1.549371      4.405191     -1.373203
  H      -2.500472      4.406214      0.133257
  H      -3.259927      4.890901     -1.394957
  H      -1.257405      2.298482     -2.465131
  H      -1.936579     -0.049088     -2.891783
  N      -5.719230      0.396503     -0.272376
  O      -6.017162     -0.766150     -0.500333
  O      -6.380612      1.156309      0.419833
  H     -13.829991     -3.400476      3.352208
18
Coordinates from ORCA-job meta_productds_7 E -475.486044154624
  C      -2.946960      2.757900     -1.203300
  C      -4.113892      2.246527     -0.619502
  C      -4.484645      0.925505     -0.863445
  C      -3.734148      0.073141     -1.674562
  C      -2.574923      0.583064     -2.257924
  C      -2.188353      1.907005     -2.023356
  C      -2.531774      4.185895     -0.956976
  H      -4.065503     -0.953498     -1.832436
  H      -4.741971      2.858012      0.027151
  H      -1.542551      4.397180     -1.389575
  H      -2.488011      4.409204      0.121215
  H      -3.253202      4.889953     -1.405262
  H      -1.273941      2.286803     -2.484458
  H      -1.963533     -0.056097     -2.897516
  N      -5.718531      0.407874     -0.241798
  O      -6.020036     -0.756614     -0.457874
  O      -6.371742      1.170747      0.455264
  H     -13.768535     -3.408600      3.265814
