18
Coordinates from ORCA-job meta_productds_7
  C   -2.94949444672740      2.75540253310251     -1.20313399104727
  C   -4.11441760880234      2.24618390214095     -0.61287909635821
  C   -4.48838283163972      0.92562818899361     -0.85418234241413
  C   -3.74305696308190      0.07182122720865     -1.66899492009724
  C   -2.58541216103812      0.57800359881357     -2.25609692052704
  C   -2.19561902632856      1.90152441796456     -2.02451332321466
  C   -2.53183969744997      4.18424632397931     -0.96242443831896
  H   -4.07662884147365     -0.95241847293368     -1.82663847001818
  H   -4.73898395383005      2.85979091797571      0.03562031155203
  H   -1.54315458457058      4.39327960345921     -1.39550548733829
  H   -2.48763875351146      4.41046393842808      0.11484074161747
  H   -3.25174090404018      4.88812665417048     -1.41331423966247
  H   -1.28261419765769      2.28056166525433     -2.49208751924821
  H   -1.97795401070721     -0.06243690901903     -2.89903338394653
  N   -5.72062921113976      0.41160650815684     -0.22483594198116
  O   -6.02724137571748     -0.75166603319536     -0.44042802532830
  O   -6.36745626184255      1.17633475534410      0.47645038543754
  H   -13.69998517044117     -3.39245281984390      3.20861666089367
