18
Coordinates from ORCA-job educts_optfreq_5
  C   -6.13365314899140      0.61505152661642      1.90541479158520
  C   -6.66110307230404      1.10373424329405      0.68052420305059
  C   -6.46067066299769      0.41484594766513     -0.48884545505384
  C   -5.73420726329419     -0.78970004876894     -0.47093385034143
  C   -5.17358420487416     -1.27878912803937      0.72781908918293
  C   -5.36999337091810     -0.59293442966711      1.89463095928105
  C   -6.35694970564776      1.32834589286431      3.17586501142460
  H   -5.39366711150410      1.66290970381082      3.58925603964312
  H   -6.76140842564602      0.64703158910716      3.93854154707129
  H   -7.01043094200828      2.18953824113676      3.07214938968517
  H   -7.22335619906079      2.02704785702307      0.68306722560751
  H   -6.86125488776009      0.79178029387370     -1.41917248246674
  H   -5.62244642507858     -1.36617781098927     -1.37843902218044
  H   -4.60536373604865     -2.19769961568911      0.71748235719348
  H   -4.95856463350885     -0.95710017241882      2.82653574401320
  N   -9.09926683238473     -0.85626174087526    -13.94132873212742
  O   -8.71052921950867     -0.91822187045438    -12.75201446975389
  O   -7.96797772543029     -0.93160726352387    -14.49047533794576
