18
Coordinates from ORCA-job educts_optfreq_5 E -476.354931843537
  C      -6.160808      0.630025      1.797029
  C      -6.682621      0.948176      0.527040
  C      -6.433734      0.135691     -0.557626
  C      -5.654009     -1.020926     -0.403015
  C      -5.126292     -1.353155      0.852055
  C      -5.376130     -0.541402      1.934457
  C      -6.416411      1.497769      2.977421
  H      -5.474524      1.902945      3.364787
  H      -6.850807      0.916888      3.797462
  H      -7.079143      2.328164      2.743531
  H      -7.284057      1.840345      0.412102
  H      -6.838485      0.383869     -1.529255
  H      -5.460804     -1.658549     -1.255413
  H      -4.526289     -2.245760      0.964974
  H      -4.972475     -0.792330      2.907137
  N      -9.246710     -0.666350    -13.275700
  O      -8.402030     -0.794940    -12.306820
  O      -8.119100     -0.618670    -14.680090
18
Coordinates from ORCA-job educts_optfreq_5 E -476.400254984339
  C      -6.163925      0.630085      1.782192
  C      -6.690747      0.953187      0.509686
  C      -6.443578      0.143964     -0.573330
  C      -5.659976     -1.016708     -0.418859
  C      -5.127386     -1.354218      0.837189
  C      -5.374948     -0.546430      1.918937
  C      -6.416431      1.492402      2.960864
  H      -5.471351      1.894487      3.347514
  H      -6.847290      0.907497      3.781431
  H      -7.078993      2.323749      2.731542
  H      -7.292391      1.845267      0.397682
  H      -6.849424      0.392429     -1.544300
  H      -5.467984     -1.652976     -1.272851
  H      -4.527218     -2.246935      0.946565
  H      -4.970051     -0.798288      2.890653
  N      -9.194271     -0.666924    -13.205512
  O      -8.422170     -0.784193    -12.320745
  O      -8.106293     -0.624601    -14.498582
18
Coordinates from ORCA-job educts_optfreq_5 E -476.413894390342
  C      -6.167006      0.630152      1.769677
  C      -6.695369      0.956397      0.495541
  C      -6.448651      0.149463     -0.586829
  C      -5.663540     -1.013295     -0.432434
  C      -5.129408     -1.354475      0.823753
  C      -5.376210     -0.549500      1.905476
  C      -6.417825      1.488196      2.947534
  H      -5.470547      1.886266      3.334966
  H      -6.845722      0.900220      3.768195
  H      -7.079403      2.321286      2.722890
  H      -7.296684      1.848878      0.386480
  H      -6.853991      0.397838     -1.557977
  H      -5.471836     -1.648264     -1.287295
  H      -4.529604     -2.247680      0.929978
  H      -4.971987     -0.801412      2.877305
  N      -9.144677     -0.666364    -13.164250
  O      -8.423542     -0.775882    -12.335291
  O      -8.118426     -0.630032    -14.327641
18
Coordinates from ORCA-job educts_optfreq_5 E -476.427790359937
  C      -6.169189      0.630557      1.768298
  C      -6.693224      0.958493      0.491709
  C      -6.443602      0.152013     -0.589592
  C      -5.659622     -1.012161     -0.432139
  C      -5.129816     -1.355409      0.825876
  C      -5.379549     -0.551176      1.906769
  C      -6.422034      1.487369      2.944726
  H      -5.473879      1.880557      3.336246
  H      -6.850501      0.898202      3.764693
  H      -7.080681      2.322805      2.720899
  H      -7.293072      1.851820      0.382100
  H      -6.844893      0.400194     -1.562448
  H      -5.465610     -1.646840     -1.286681
  H      -4.531503     -2.249479      0.932716
  H      -4.979692     -0.803033      2.880360
  N      -9.111876     -0.665100    -13.204302
  O      -8.374031     -0.777341    -12.345608
  O      -8.201653     -0.629678    -14.263545
18
Coordinates from ORCA-job educts_optfreq_5 E -476.435691138126
  C      -6.170954      0.631475      1.770254
  C      -6.689723      0.960890      0.490673
  C      -6.436635      0.154497     -0.589002
  C      -5.654074     -1.011327     -0.427426
  C      -5.129396     -1.356506      0.832877
  C      -5.382574     -0.552641      1.912421
  C      -6.426719      1.487029      2.944834
  H      -5.477772      1.874892      3.341430
  H      -6.855745      0.896548      3.764187
  H      -7.082169      2.324912      2.721826
  H      -7.287840      1.855257      0.380170
  H      -6.832975      0.401996     -1.564025
  H      -5.457324     -1.645977     -1.281431
  H      -4.532844     -2.251629      0.940650
  H      -4.988005     -0.803847      2.888342
  N      -9.089895     -0.663365    -13.267296
  O      -8.315766     -0.781507    -12.353003
  O      -8.294017     -0.628903    -14.235403
18
Coordinates from ORCA-job educts_optfreq_5 E -476.436094199385
  C      -6.170580      0.632055      1.774961
  C      -6.689693      0.962216      0.495397
  C      -6.436711      0.156310     -0.584454
  C      -5.653596     -1.009521     -0.423188
  C      -5.128334     -1.355537      0.836806
  C      -5.381656     -0.552433      1.916694
  C      -6.425758      1.486544      2.949670
  H      -5.475588      1.871074      3.347417
  H      -6.852240      0.894671      3.769650
  H      -7.080184      2.325785      2.729248
  H      -7.288064      1.856589      0.386214
  H      -6.833179      0.403148     -1.559572
  H      -5.457126     -1.643707     -1.277733
  H      -4.531650     -2.250732      0.943316
  H      -4.987485     -0.803340      2.892873
  N      -9.123213     -0.663740    -13.303721
  O      -8.317967     -0.785735    -12.347610
  O      -8.271403     -0.631854    -14.275892
18
Coordinates from ORCA-job educts_optfreq_5 E -476.437518636030
  C      -6.171483      0.631845      1.771343
  C      -6.690883      0.963037      0.491939
  C      -6.438015      0.158047     -0.588374
  C      -5.654690     -1.007963     -0.428045
  C      -5.129143     -1.355138      0.831572
  C      -5.382323     -0.553053      1.912014
  C      -6.426004      1.485165      2.946628
  H      -5.475206      1.867552      3.345168
  H      -6.851497      0.892461      3.766587
  H      -7.079613      2.325456      2.728094
  H      -7.289289      1.857555      0.384131
  H      -6.834469      0.404911     -1.563477
  H      -5.458444     -1.641352     -1.283256
  H      -4.532429     -2.250470      0.936729
  H      -4.988358     -0.804205      2.888211
  N      -9.121538     -0.662259    -13.307123
  O      -8.318778     -0.783919    -12.349095
  O      -8.262265     -0.635876    -14.212969
18
Coordinates from ORCA-job educts_optfreq_5 E -476.437657430169
  C      -6.171452      0.631653      1.772196
  C      -6.690211      0.962895      0.493223
  C      -6.437121      0.158087     -0.587624
  C      -5.654400     -1.007650     -0.427867
  C      -5.129659     -1.354934      0.831542
  C      -5.383067     -0.552928      1.912384
  C      -6.425980      1.485195      2.948120
  H      -5.475453      1.866990      3.347297
  H      -6.852570      0.893043      3.767672
  H      -7.078839      2.326021      2.729436
  H      -7.288437      1.857583      0.385704
  H      -6.833291      0.405112     -1.562818
  H      -5.458088     -1.640661     -1.283265
  H      -4.533117     -2.250397      0.936590
  H      -4.989509     -0.804323      2.888688
  N      -9.111117     -0.664493    -13.302212
  O      -8.313657     -0.785183    -12.346398
  O      -8.278459     -0.634217    -14.232592
18
Coordinates from ORCA-job educts_optfreq_5 E -476.437656435086
  C      -6.174081      0.630648      1.757288
  C      -6.693391      0.962457      0.478648
  C      -6.440540      0.158146     -0.602544
  C      -5.657621     -1.007609     -0.443520
  C      -5.132420     -1.355537      0.815556
  C      -5.385555     -0.554039      1.896780
  C      -6.428067      1.483656      2.933574
  H      -5.477206      1.864519      3.332994
  H      -6.854561      0.891200      3.753031
  H      -7.080499      2.324978      2.715582
  H      -7.291704      1.857176      0.371838
  H      -6.836929      0.405225     -1.577619
  H      -5.461636     -1.639972     -1.299446
  H      -4.535755     -2.251004      0.919893
  H      -4.991745     -0.805685      2.872921
  N      -9.100295     -0.659749    -13.230435
  O      -8.303170     -0.781347    -12.270818
  O      -8.259250     -0.631270    -14.153645
18
Coordinates from ORCA-job educts_optfreq_5 E -476.437640544398
  C      -6.176632      0.629613      1.742592
  C      -6.696492      0.962204      0.464413
  C      -6.443966      0.158548     -0.617321
  C      -5.660932     -1.007274     -0.459308
  C      -5.135302     -1.356038      0.799340
  C      -5.388091     -0.555192      1.881114
  C      -6.430030      1.481928      2.919475
  H      -5.478879      1.861609      3.319364
  H      -6.856831      0.889162      3.738584
  H      -7.081817      2.323926      2.702223
  H      -7.294860      1.856992      0.358496
  H      -6.840632      0.405878     -1.592221
  H      -5.465295     -1.638880     -1.315874
  H      -4.538576     -2.251564      0.902829
  H      -4.994023     -0.807296      2.857033
  N      -9.086906     -0.655547    -13.158114
  O      -8.292530     -0.777810    -12.195194
  O      -8.242634     -0.628468    -14.077353
18
Coordinates from ORCA-job educts_optfreq_5 E -476.437624905064
  C      -6.178866      0.628440      1.728672
  C      -6.700277      0.963330      0.451773
  C      -6.448856      0.161582     -0.631578
  C      -5.665521     -1.004603     -0.476470
  C      -5.138615     -1.355705      0.780980
  C      -5.390284     -0.556735      1.864348
  C      -6.430733      1.478639      2.907316
  H      -5.478869      1.855048      3.308637
  H      -6.858713      0.884882      3.725187
  H      -7.080732      2.322505      2.692075
  H      -7.298795      1.858310      0.348373
  H      -6.846571      0.410022     -1.605789
  H      -5.470720     -1.634470     -1.334569
  H      -4.541784     -2.251429      0.882122
  H      -4.995384     -0.810290      2.839560
  N      -9.072861     -0.652633    -13.091121
  O      -8.287801     -0.775577    -12.119213
  O      -8.219046     -0.629520    -14.000225
18
Coordinates from ORCA-job educts_optfreq_5 E -476.437610546705
  C      -6.180075      0.626849      1.717344
  C      -6.705768      0.968561      0.444138
  C      -6.457839      0.172412     -0.644024
  C      -5.673863     -0.994851     -0.497482
  C      -5.143254     -1.352823      0.756426
  C      -5.391506     -0.559430      1.844563
  C      -6.427735      1.470680      2.901242
  H      -5.474015      1.837556      3.306959
  H      -6.859798      0.873924      3.715024
  H      -7.072469      2.319949      2.691716
  H      -7.304578      1.864142      0.347952
  H      -6.858778      0.424626     -1.615990
  H      -5.481421     -1.619822     -1.359751
  H      -4.546250     -2.249175      0.850749
  H      -4.994086     -0.817519      2.817568
  N      -9.056659     -0.654452    -13.040861
  O      -8.300610     -0.776822    -12.043844
  O      -8.175722     -0.642012    -13.921651
18
Coordinates from ORCA-job educts_optfreq_5 E -476.437629600964
  C      -6.175901      0.627024      1.735226
  C      -6.705805      0.976548      0.465993
  C      -6.461893      0.186685     -0.627580
  C      -5.677597     -0.981843     -0.490533
  C      -5.143157     -1.347588      0.759472
  C      -5.387610     -0.560556      1.852994
  C      -6.419423      1.463460      2.925069
  H      -5.463981      1.819605      3.336147
  H      -6.856896      0.863240      3.733653
  H      -7.058132      2.318703      2.721689
  H      -7.304713      1.872865      0.377636
  H      -6.866381      0.443676     -1.596879
  H      -5.487666     -1.601550     -1.357185
  H      -4.546215     -2.244735      0.846329
  H      -4.987565     -0.824088      2.823473
  N      -9.064557     -0.667221    -13.136144
  O      -8.341599     -0.786223    -12.113116
  O      -8.155336     -0.666208    -13.986168
18
Coordinates from ORCA-job educts_optfreq_5 E -476.437668917265
  C      -6.170864      0.627105      1.753709
  C      -6.704392      0.986735      0.488865
  C      -6.465684      0.204427     -0.611382
  C      -5.682193     -0.965579     -0.485834
  C      -5.143693     -1.341255      0.759396
  C      -5.383538     -0.562259      1.859798
  C      -6.410897      1.453805      2.951213
  H      -5.454347      1.796908      3.370166
  H      -6.857484      0.848979      3.751540
  H      -7.042041      2.316202      2.754552
  H      -7.302780      1.884225      0.409271
  H      -6.874107      0.468189     -1.577209
  H      -5.495790     -1.578433     -1.357821
  H      -4.547444     -2.239670      0.837467
  H      -4.980610     -0.833547      2.826957
  N      -9.069222     -0.682485    -13.229256
  O      -8.387941     -0.795756    -12.180172
  O      -8.131400     -0.695797    -14.051182
18
Coordinates from ORCA-job educts_optfreq_5 E -476.437691756720
  C      -6.166984      0.627528      1.770709
  C      -6.702372      0.992666      0.508136
  C      -6.466330      0.214566     -0.595706
  C      -5.683381     -0.956376     -0.476234
  C      -5.142905     -1.337474      0.766541
  C      -5.380162     -0.562780      1.870533
  C      -6.405171      1.448993      2.972196
  H      -5.448105      1.785144      3.395281
  H      -6.856897      0.841687      3.767866
  H      -7.032304      2.315101      2.779008
  H      -7.300274      1.890877      0.433070
  H      -6.876682      0.482468     -1.559592
  H      -5.498697     -1.565702     -1.351099
  H      -4.547013     -2.236509      0.840014
  H      -4.975514     -0.838330      2.835763
  N      -9.078422     -0.693672    -13.314642
  O      -8.418018     -0.802653    -12.252889
  O      -8.125195     -0.713741    -14.118880
18
Coordinates from ORCA-job educts_optfreq_5 E -476.437712943796
  C      -6.163119      0.628032      1.787507
  C      -6.699670      0.998172      0.526680
  C      -6.465960      0.223774     -0.580339
  C      -5.683858     -0.948137     -0.466041
  C      -5.141933     -1.334092      0.774709
  C      -5.376837     -0.563150      1.881842
  C      -6.400214      1.444732      2.992515
  H      -5.443036      1.774986      3.419575
  H      -6.857330      0.835086      3.783375
  H      -7.023903      2.313942      2.801983
  H      -7.296858      1.897159      0.455174
  H      -6.877858      0.495879     -1.542399
  H      -5.500740     -1.554520     -1.343431
  H      -4.546504     -2.233727      0.844405
  H      -4.970608     -0.842788      2.845217
  N      -9.088155     -0.704362    -13.397265
  O      -8.445459     -0.809079    -12.326298
  O      -8.122385     -0.730113    -14.187131
18
Coordinates from ORCA-job educts_optfreq_5 E -476.434502314262
  C      -6.175768      0.624605      1.784859
  C      -6.733000      0.964512      0.532593
  C      -6.484181      0.181233     -0.562789
  C      -5.684946     -0.981679     -0.438173
  C      -5.138938     -1.342536      0.804506
  C      -5.382713     -0.555253      1.897713
  C      -6.389626      1.474314      2.970646
  H      -5.418268      1.822638      3.356348
  H      -6.783637      0.889224      3.813126
  H      -7.024926      2.334502      2.782388
  H      -7.341728      1.855813      0.464454
  H      -6.887612      0.424488     -1.534922
  H      -5.492102     -1.594101     -1.306323
  H      -4.534258     -2.235968      0.877833
  H      -4.978119     -0.801903      2.871081
  N      -9.120076     -0.691302    -13.449865
  O      -8.371355     -0.810782    -12.362313
  O      -8.163176     -0.666010    -14.231086
18
Coordinates from ORCA-job educts_optfreq_5 E -476.437722419587
  C      -6.160550      0.628076      1.799597
  C      -6.698816      1.001546      0.540855
  C      -6.466148      0.230324     -0.568557
  C      -5.684278     -0.942285     -0.458673
  C      -5.140968     -1.331336      0.780319
  C      -5.374241     -0.562971      1.889649
  C      -6.396685      1.441514      3.007148
  H      -5.439108      1.766796      3.437076
  H      -6.856971      0.830656      3.795302
  H      -7.017234      2.313406      2.818733
  H      -7.295777      1.900948      0.472747
  H      -6.878880      0.505185     -1.529304
  H      -5.502676     -1.546591     -1.337878
  H      -4.545596     -2.231268      0.846775
  H      -4.966545     -0.844802      2.851774
  N      -9.096642     -0.706669    -13.458882
  O      -8.461518     -0.813728    -12.379206
  O      -8.121795     -0.747008    -14.237398
18
Coordinates from ORCA-job educts_optfreq_5 E -476.437749302936
  C      -6.156022      0.628061      1.815376
  C      -6.695343      1.010936      0.559562
  C      -6.466740      0.246330     -0.555398
  C      -5.686733     -0.927823     -0.454641
  C      -5.141093     -1.325746      0.780665
  C      -5.370762     -0.564524      1.895694
  C      -6.391481      1.432123      3.029453
  H      -5.434279      1.745760      3.468029
  H      -6.863021      0.817041      3.807733
  H      -7.004950      2.310043      2.845667
  H      -7.290881      1.911741      0.497679
  H      -6.881822      0.528681     -1.513046
  H      -5.508109     -1.526424     -1.338162
  H      -4.546590     -2.226714      0.840368
  H      -4.960797     -0.853956      2.854582
  N      -9.100470     -0.713937    -13.532837
  O      -8.495876     -0.819102    -12.440432
  O      -8.109458     -0.780698    -14.290217
18
Coordinates from ORCA-job educts_optfreq_5 E -476.437768274232
  C      -6.151524      0.627628      1.833009
  C      -6.693647      1.020781      0.581503
  C      -6.469568      0.264052     -0.539791
  C      -5.690756     -0.911151     -0.450174
  C      -5.141764     -1.319241      0.780347
  C      -5.367252     -0.566403      1.901908
  C      -6.384088      1.421719      3.054232
  H      -5.426338      1.721425      3.500781
  H      -6.865772      0.802884      3.823497
  H      -6.989234      2.306720      2.876944
  H      -7.288115      1.922829      0.527948
  H      -6.887077      0.553955     -1.494172
  H      -5.515151     -1.502207     -1.338928
  H      -4.547816     -2.221104      0.831360
  H      -4.954591     -0.863618      2.857252
  N      -9.104062     -0.723798    -13.618729
  O      -8.533606     -0.824911    -12.509096
  O      -8.094068     -0.817768    -14.347816
18
Coordinates from ORCA-job educts_optfreq_5 E -476.437787267153
  C      -6.147299      0.626952      1.850459
  C      -6.692661      1.030000      0.603479
  C      -6.472839      0.281252     -0.524028
  C      -5.694927     -0.894719     -0.445544
  C      -5.142625     -1.312865      0.780144
  C      -5.363984     -0.568349      1.908062
  C      -6.376366      1.411645      3.078415
  H      -5.417951      1.697544      3.532062
  H      -6.867560      0.789693      3.839340
  H      -6.973263      2.303489      2.907595
  H      -7.286136      1.933164      0.558297
  H      -6.892390      0.578717     -1.475186
  H      -5.521992     -1.477963     -1.339629
  H      -4.549128     -2.215471      0.822435
  H      -4.948585     -0.873063      2.859842
  N      -9.107485     -0.734426    -13.703639
  O      -8.569476     -0.830132    -12.578049
  O      -8.079760     -0.853674    -14.403978
18
Coordinates from ORCA-job educts_optfreq_5 E -476.437809155743
  C      -6.143309      0.626353      1.867562
  C      -6.691434      1.037888      0.624526
  C      -6.474861      0.296343     -0.508369
  C      -5.697647     -0.880574     -0.439434
  C      -5.142842     -1.307254      0.782262
  C      -5.360837     -0.569867      1.915510
  C      -6.369664      1.403115      3.101083
  H      -5.410954      1.677140      3.560932
  H      -6.869495      0.778748      3.854581
  H      -6.959400      2.300683      2.935431
  H      -7.284059      1.941942      0.586485
  H      -6.895835      0.600992     -1.456614
  H      -5.526789     -1.457481     -1.338158
  H      -4.549878     -2.210519      0.817272
  H      -4.943227     -0.881161      2.864174
  N      -9.112407     -0.743356    -13.786871
  O      -8.600929     -0.834360    -12.648401
  O      -8.070859     -0.886837    -14.461894
18
Coordinates from ORCA-job educts_optfreq_5 E -476.437829618054
  C      -6.139358      0.625887      1.884416
  C      -6.689409      1.045502      0.644901
  C      -6.475604      0.310728     -0.492927
  C      -5.699288     -0.867244     -0.432661
  C      -5.142600     -1.301848      0.785456
  C      -5.357822     -0.571165      1.923578
  C      -6.363982      1.394983      3.123097
  H      -5.405404      1.657766      3.589312
  H      -6.872417      0.768377      3.869148
  H      -6.946884      2.297850      2.962091
  H      -7.281178      1.950367      0.613360
  H      -6.897571      0.622282     -1.438484
  H      -5.530353     -1.438474     -1.335493
  H      -4.550344     -2.205806      0.813907
  H      -4.938622     -0.888754      2.869442
  N      -9.117920     -0.750929    -13.868762
  O      -8.629833     -0.837724    -12.719324
  O      -8.065838     -0.920004    -14.520981
18
Coordinates from ORCA-job educts_optfreq_5 E -476.437834346901
  C      -6.139866      0.626113      1.884017
  C      -6.689555      1.043089      0.643473
  C      -6.473848      0.307061     -0.493141
  C      -5.696858     -0.871737     -0.430152
  C      -5.141280     -1.303295      0.789594
  C      -5.357796     -0.570286      1.926003
  C      -6.365380      1.398101      3.120780
  H      -5.407027      1.664882      3.585202
  H      -6.871416      0.772229      3.869043
  H      -6.950772      2.298970      2.957571
  H      -7.281937      1.947478      0.609972
  H      -6.895320      0.617870     -1.439159
  H      -5.527023     -1.446492     -1.331573
  H      -4.548937     -2.207115      0.820605
  H      -4.939237     -0.886069      2.872753
  N      -9.120829     -0.747057    -13.869097
  O      -8.625968     -0.836292    -12.721052
  O      -8.071380     -0.915654    -14.524762
18
Coordinates from ORCA-job educts_optfreq_5 E -476.437834578952
  C      -6.140269      0.626203      1.883747
  C      -6.689241      1.041991      0.642637
  C      -6.472251      0.305486     -0.493317
  C      -5.695131     -0.873566     -0.428938
  C      -5.140492     -1.303810      0.791548
  C      -5.358193     -0.570012      1.927260
  C      -6.366383      1.399525      3.119582
  H      -5.408184      1.667801      3.583553
  H      -6.871194      0.774036      3.869024
  H      -6.952721      2.299590      2.955458
  H      -7.282064      1.946047      0.608283
  H      -6.893100      0.615816     -1.439702
  H      -5.525051     -1.449934     -1.329061
  H      -4.548259     -2.207671      0.823686
  H      -4.940616     -0.885056      2.874711
  N      -9.122369     -0.745729    -13.869402
  O      -8.624287     -0.835773    -12.721739
  O      -8.074622     -0.913149    -14.527253
18
Coordinates from ORCA-job educts_optfreq_5 E -476.437834267204
  C      -6.140770      0.626273      1.883527
  C      -6.688563      1.041003      0.641632
  C      -6.470155      0.303969     -0.493637
  C      -5.693161     -0.875232     -0.427694
  C      -5.139718     -1.304342      0.793612
  C      -5.358688     -0.569826      1.928657
  C      -6.367716      1.400825      3.118438
  H      -5.409791      1.670589      3.582174
  H      -6.871619      0.775676      3.868779
  H      -6.954957      2.300100      2.953297
  H      -7.281589      1.944883      0.606155
  H      -6.890057      0.613980     -1.440524
  H      -5.522878     -1.453263     -1.326600
  H      -4.547559     -2.208215      0.826943
  H      -4.942179     -0.884241      2.876793
  N      -9.124177     -0.744746    -13.869083
  O      -8.622946     -0.835283    -12.722609
  O      -8.077904     -0.910357    -14.529781
18
Coordinates from ORCA-job educts_optfreq_5 E -476.437833381534
  C      -6.141871      0.626447      1.883170
  C      -6.686775      1.039167      0.639444
  C      -6.465324      0.300883     -0.494352
  C      -5.688870     -0.878459     -0.424930
  C      -5.138131     -1.305493      0.798173
  C      -5.359862     -0.569565      1.931818
  C      -6.370815      1.403340      3.116192
  H      -5.413533      1.676076      3.579649
  H      -6.873078      0.778852      3.868177
  H      -6.959782      2.301074      2.948960
  H      -7.279875      1.942899      0.601394
  H      -6.882692      0.610245     -1.442558
  H      -5.518125     -1.459675     -1.321516
  H      -4.546151     -2.209397      0.834030
  H      -4.945778     -0.882732      2.881434
  N      -9.128295     -0.743815    -13.868483
  O      -8.620460     -0.834609    -12.725002
  O      -8.085011     -0.903446    -14.535524
18
Coordinates from ORCA-job educts_optfreq_5 E -476.437832683432
  C      -6.142947      0.626647      1.883004
  C      -6.684707      1.037551      0.637312
  C      -6.460302      0.297780     -0.494951
  C      -5.684596     -0.881576     -0.421848
  C      -5.136670     -1.306806      0.803145
  C      -5.361113     -0.569405      1.935291
  C      -6.374062      1.405715      3.114179
  H      -5.417428      1.681359      3.577389
  H      -6.874966      0.781906      3.867596
  H      -6.964574      2.302031      2.944846
  H      -7.277470      1.941388      0.596472
  H      -6.874573      0.606459     -1.444747
  H      -5.513162     -1.465393     -1.316528
  H      -4.544929     -2.210762      0.841615
  H      -4.949507     -0.881304      2.886395
  N      -9.132976     -0.744922    -13.868537
  O      -8.618240     -0.834668    -12.728439
  O      -8.092205     -0.894208    -14.542116
18
Coordinates from ORCA-job educts_optfreq_5 E -476.437831745979
  C      -6.144861      0.627070      1.883666
  C      -6.680094      1.034778      0.634030
  C      -6.450018      0.291872     -0.495162
  C      -5.676058     -0.887488     -0.414673
  C      -5.134030     -1.309662      0.814168
  C      -5.363753     -0.569279      1.943222
  C      -6.380388      1.410267      3.111263
  H      -5.425021      1.691228      3.574142
  H      -6.879378      0.788000      3.867103
  H      -6.973367      2.304135      2.937675
  H      -7.271626      1.939155      0.587526
  H      -6.857356      0.599280     -1.448391
  H      -5.502673     -1.475303     -1.306268
  H      -4.543010     -2.213852      0.857893
  H      -4.957173     -0.878729      2.897267
  N      -9.143809     -0.752758    -13.873558
  O      -8.615015     -0.836681    -12.740236
  O      -8.106798     -0.870238    -14.559590
18
Coordinates from ORCA-job educts_optfreq_5 E -476.437828463096
  C      -6.148216      0.627960      1.886727
  C      -6.669974      1.030086      0.629409
  C      -6.428859      0.281063     -0.493693
  C      -5.658757     -0.898642     -0.398711
  C      -5.129312     -1.315603      0.837806
  C      -5.369436     -0.569345      1.960607
  C      -6.392548      1.419016      3.107381
  H      -5.439689      1.709426      3.570074
  H      -6.889176      0.800165      3.867312
  H      -6.989252      2.308708      2.925236
  H      -7.258422      1.935839      0.571804
  H      -6.821667      0.586092     -1.453862
  H      -5.480469     -1.492836     -1.285097
  H      -4.540348     -2.220557      0.891988
  H      -4.973263     -0.874268      2.920441
  N      -9.166456     -0.780148    -13.893495
  O      -8.611246     -0.842693    -12.772707
  O      -8.137338     -0.812470    -14.601143
18
Coordinates from ORCA-job educts_optfreq_5 E -476.437837530488
  C      -6.144840      0.627440      1.888962
  C      -6.675140      1.035763      0.637238
  C      -6.442280      0.291784     -0.490858
  C      -5.670281     -0.888080     -0.407076
  C      -5.132819     -1.311025      0.823827
  C      -5.365455     -0.569944      1.951684
  C      -6.383534      1.411164      3.115602
  H      -5.429110      1.692247      3.580425
  H      -6.884709      0.789551      3.870439
  H      -6.975514      2.305341      2.940070
  H      -7.264752      1.941254      0.588190
  H      -6.843800      0.599731     -1.446375
  H      -5.494649     -1.475136     -1.298815
  H      -4.543135     -2.215956      0.869862
  H      -4.962548     -0.879419      2.907266
  N      -9.154691     -0.770115    -13.901108
  O      -8.621392     -0.842916    -12.769518
  O      -8.115776     -0.849892    -14.589735
18
Coordinates from ORCA-job educts_optfreq_5 E -476.437839888246
  C      -6.144149      0.627378      1.889374
  C      -6.675602      1.037245      0.638645
  C      -6.444425      0.294036     -0.490263
  C      -5.672199     -0.886114     -0.408486
  C      -5.134067     -1.310686      0.821520
  C      -5.365333     -0.570375      1.950181
  C      -6.381837      1.409715      3.117183
  H      -5.427075      1.688622      3.582549
  H      -6.884515      0.787828      3.870797
  H      -6.972373      2.305068      2.942733
  H      -7.265135      1.942862      0.591157
  H      -6.847219      0.602293     -1.445129
  H      -5.495912     -1.470556     -1.301845
  H      -4.544660     -2.215859      0.866229
  H      -4.961529     -0.880801      2.905085
  N      -9.153346     -0.774802    -13.902867
  O      -8.623478     -0.845508    -12.769145
  O      -8.111576     -0.848554    -14.587641
18
Coordinates from ORCA-job educts_optfreq_5 E -476.437838717741
  C      -6.143824      0.627625      1.888372
  C      -6.672973      1.039830      0.637493
  C      -6.442681      0.296086     -0.491071
  C      -5.671256     -0.885595     -0.409309
  C      -5.137403     -1.313116      0.821267
  C      -5.368739     -0.572236      1.949622
  C      -6.381796      1.409414      3.116756
  H      -5.426900      1.685730      3.583346
  H      -6.887921      0.788375      3.868640
  H      -6.969453      2.306582      2.941819
  H      -7.261117      1.946329      0.590136
  H      -6.844416      0.603294     -1.446678
  H      -5.489243     -1.463738     -1.305680
  H      -4.550242     -2.219692      0.866652
  H      -4.966974     -0.883796      2.905050
  N      -9.155743     -0.807630    -13.899406
  O      -8.623448     -0.859487    -12.764738
  O      -8.110298     -0.806182    -14.582193
18
Coordinates from ORCA-job educts_optfreq_5 E -476.437840650446
  C      -6.142597      0.627141      1.889909
  C      -6.675175      1.042820      0.641698
  C      -6.448087      0.302352     -0.489608
  C      -5.676233     -0.879398     -0.413536
  C      -5.139330     -1.310592      0.814263
  C      -5.367491     -0.573032      1.945515
  C      -6.377505      1.405229      3.121226
  H      -5.421875      1.676372      3.589146
  H      -6.886019      0.782918      3.870555
  H      -6.962559      2.304745      2.949672
  H      -7.263579      1.949369      0.598556
  H      -6.853882      0.611655     -1.442863
  H      -5.495607     -1.454371     -1.312121
  H      -4.551895     -2.217200      0.855390
  H      -4.962993     -0.887510      2.898827
  N      -9.150781     -0.805393    -13.904139
  O      -8.629608     -0.860728    -12.764846
  O      -8.099211     -0.822583    -14.577568
18
Coordinates from ORCA-job educts_optfreq_5 E -476.437842353663
  C      -6.141462      0.626441      1.891414
  C      -6.677425      1.046877      0.646349
  C      -6.453600      0.310950     -0.488518
  C      -5.681791     -0.871179     -0.419375
  C      -5.142178     -1.307558      0.805203
  C      -5.366929     -0.574564      1.940193
  C      -6.372528      1.399859      3.126325
  H      -5.415980      1.664391      3.595962
  H      -6.883774      0.775978      3.872654
  H      -6.954280      2.302316      2.959115
  H      -7.265777      1.953704      0.608375
  H      -6.863970      0.623282     -1.438874
  H      -5.502565     -1.442545     -1.320497
  H      -4.554793     -2.214438      0.841094
  H      -4.959994     -0.893231      2.891065
  N      -9.144702     -0.808226    -13.907854
  O      -8.637034     -0.864392    -12.763043
  O      -8.085649     -0.835872    -14.569508
18
Coordinates from ORCA-job educts_optfreq_5 E -476.437843393840
  C      -6.141017      0.625816      1.892219
  C      -6.678094      1.050411      0.649122
  C      -6.455763      0.318357     -0.488557
  C      -5.684940     -0.864521     -0.424176
  C      -5.144543     -1.305353      0.798391
  C      -5.367508     -0.576244      1.936262
  C      -6.369679      1.395563      3.129736
  H      -5.412593      1.655421      3.600815
  H      -6.882479      0.770280      3.873958
  H      -6.949256      2.300011      2.965879
  H      -7.265865      1.957771      0.614751
  H      -6.868578      0.633750     -1.436865
  H      -5.506850     -1.434113     -1.326662
  H      -4.557727     -2.212752      0.830565
  H      -4.960031     -0.898687      2.885614
  N      -9.140808     -0.815726    -13.908836
  O      -8.642557     -0.869572    -12.760234
  O      -8.076140     -0.838618    -14.561905
18
Coordinates from ORCA-job educts_optfreq_5 E -476.437843196706
  C      -6.140237      0.624597      1.893058
  C      -6.678234      1.057439      0.653277
  C      -6.458633      0.332276     -0.489412
  C      -5.690515     -0.852448     -0.433268
  C      -5.149415     -1.301780      0.785944
  C      -5.369250     -0.579605      1.928802
  C      -6.365226      1.387430      3.135327
  H      -5.407246      1.639634      3.608688
  H      -6.880370      0.759356      3.875748
  H      -6.941303      2.295165      2.977613
  H      -7.264246      1.966169      0.625221
  H      -6.874467      0.653842     -1.434337
  H      -5.514497     -1.418577     -1.338301
  H      -4.564302     -2.210493      0.811609
  H      -4.961447     -0.909048      2.875586
  N      -9.134027     -0.835753    -13.907475
  O      -8.651119     -0.882474    -12.752396
  O      -8.059896     -0.833938    -14.545607
18
Coordinates from ORCA-job educts_optfreq_5 E -476.437843742999
  C      -6.139581      0.623500      1.893437
  C      -6.678602      1.062488      0.656204
  C      -6.461343      0.342447     -0.490288
  C      -5.695484     -0.843787     -0.440271
  C      -5.152814     -1.298922      0.776373
  C      -5.369895     -0.581744      1.922788
  C      -6.362074      1.381096      3.139248
  H      -5.403335      1.629485      3.613103
  H      -6.877262      0.750394      3.877466
  H      -6.937015      2.290363      2.986409
  H      -7.263172      1.972282      0.632916
  H      -6.878542      0.669536     -1.432722
  H      -5.522579     -1.408421     -1.346955
  H      -4.568879     -2.208520      0.797052
  H      -4.961226     -0.916006      2.867498
  N      -9.128214     -0.846813    -13.905129
  O      -8.656961     -0.890445    -12.745140
  O      -8.047448     -0.835139    -14.531911
18
Coordinates from ORCA-job educts_optfreq_5 E -476.437846628028
  C      -6.139020      0.622391      1.893399
  C      -6.678287      1.066785      0.658000
  C      -6.463177      0.350524     -0.491387
  C      -5.699871     -0.837464     -0.445861
  C      -5.155723     -1.297049      0.768921
  C      -5.370393     -0.583386      1.917806
  C      -6.360277      1.375711      3.142049
  H      -5.400806      1.623975      3.614614
  H      -6.873255      0.742190      3.879303
  H      -6.936302      2.284967      2.993257
  H      -7.261081      1.977792      0.638347
  H      -6.878855      0.683305     -1.432446
  H      -5.530774     -1.401230     -1.353973
  H      -4.573216     -2.207632      0.785782
  H      -4.960953     -0.921110      2.860957
  N      -9.123446     -0.857711    -13.901913
  O      -8.661393     -0.897999    -12.737681
  O      -8.037597     -0.832269    -14.519099
18
Coordinates from ORCA-job educts_optfreq_5 E -476.437849580917
  C      -6.138852      0.621756      1.893160
  C      -6.677983      1.068055      0.658167
  C      -6.463964      0.352428     -0.491828
  C      -5.701872     -0.836549     -0.447278
  C      -5.156682     -1.297003      0.766994
  C      -5.370291     -0.583689      1.916203
  C      -6.360284      1.373932      3.142634
  H      -5.400300      1.626297      3.612144
  H      -6.869226      0.738698      3.880998
  H      -6.939511      2.281397      2.995195
  H      -7.259787      1.979699      0.639468
  H      -6.876011      0.688253     -1.433369
  H      -5.535681     -1.400185     -1.356097
  H      -4.574955     -2.208089      0.782861
  H      -4.960165     -0.921798      2.858937
  N      -9.121650     -0.860956    -13.900519
  O      -8.663440     -0.900100    -12.734191
  O      -8.033774     -0.830354    -14.513404
18
Coordinates from ORCA-job educts_optfreq_5 E -476.437850496115
  C      -6.138636      0.621302      1.893106
  C      -6.679089      1.068837      0.659099
  C      -6.466609      0.353901     -0.491508
  C      -5.704386     -0.835175     -0.448808
  C      -5.157862     -1.296701      0.764316
  C      -5.370074     -0.584014      1.914237
  C      -6.358736      1.372560      3.143496
  H      -5.398025      1.626485      3.610708
  H      -6.865409      0.736427      3.882540
  H      -6.939397      2.279334      2.997368
  H      -7.260780      1.980575      0.641857
  H      -6.877765      0.691033     -1.432996
  H      -5.539540     -1.396870     -1.358918
  H      -4.576276     -2.207898      0.778783
  H      -4.958625     -0.922681      2.856205
  N      -9.119122     -0.861070    -13.899556
  O      -8.665148     -0.900515    -12.731437
  O      -8.028949     -0.833735    -14.508416
18
Coordinates from ORCA-job educts_optfreq_5 E -476.437850714956
  C      -6.138887      0.621126      1.892989
  C      -6.679533      1.068971      0.659208
  C      -6.467318      0.354055     -0.491355
  C      -5.704821     -0.835029     -0.449079
  C      -5.158568     -1.297061      0.763713
  C      -5.370666     -0.584421      1.913790
  C      -6.358170      1.372474      3.143537
  H      -5.396983      1.627959      3.608960
  H      -6.863009      0.736067      3.883528
  H      -6.940021      2.278542      2.997705
  H      -7.261220      1.980721      0.642280
  H      -6.877435      0.691332     -1.433234
  H      -5.539844     -1.395244     -1.360040
  H      -4.577168     -2.208383      0.778031
  H      -4.959140     -0.923345      2.855635
  N      -9.118402     -0.863104    -13.898889
  O      -8.665738     -0.901635    -12.730337
  O      -8.027503     -0.831231    -14.506367
18
Coordinates from ORCA-job educts_optfreq_5 E -476.437850687995
  C      -6.139373      0.620885      1.892947
  C      -6.681031      1.068606      0.659671
  C      -6.468933      0.354022     -0.491010
  C      -5.705558     -0.834773     -0.449526
  C      -5.159016     -1.297061      0.762675
  C      -5.370964     -0.584714      1.913107
  C      -6.357019      1.372499      3.143628
  H      -5.395106      1.630144      3.606399
  H      -6.858738      0.735649      3.885311
  H      -6.940811      2.277421      2.998434
  H      -7.263211      1.980059      0.643317
  H      -6.878836      0.691295     -1.433012
  H      -5.540783     -1.393960     -1.361203
  H      -4.577325     -2.208211      0.776670
  H      -4.958984     -0.923928      2.854646
  N      -9.116997     -0.859528    -13.898729
  O      -8.667316     -0.899566    -12.729376
  O      -8.024426     -0.837048    -14.503871
18
Coordinates from ORCA-job educts_optfreq_5 E -476.437850067762
  C      -6.139655      0.620028      1.892672
  C      -6.683703      1.070561      0.661657
  C      -6.473325      0.358985     -0.491115
  C      -5.709634     -0.829911     -0.454120
  C      -5.161593     -1.295533      0.755747
  C      -5.371628     -0.586134      1.908485
  C      -6.353421      1.369257      3.145409
  H      -5.390008      1.627627      3.604714
  H      -6.850878      0.730483      3.888286
  H      -6.939114      2.273507      3.003818
  H      -7.266004      1.981994      0.648694
  H      -6.884633      0.698461     -1.431758
  H      -5.546246     -1.386239     -1.367733
  H      -4.579966     -2.206772      0.766641
  H      -4.958269     -0.928112      2.848412
  N      -9.111350     -0.858512    -13.895245
  O      -8.671237     -0.899922    -12.722589
  O      -8.013765     -0.847976    -14.491900
18
Coordinates from ORCA-job educts_optfreq_5 E -476.437849650830
  C      -6.139628      0.619007      1.892358
  C      -6.685727      1.073699      0.663912
  C      -6.477515      0.366006     -0.491667
  C      -5.714491     -0.823487     -0.459975
  C      -5.164705     -1.293458      0.747362
  C      -5.372300     -0.587821      1.902852
  C      -6.349845      1.364597      3.147800
  H      -5.385023      1.623180      3.604135
  H      -6.843172      0.723184      3.891132
  H      -6.937289      2.268404      3.010795
  H      -7.267539      1.985488      0.654980
  H      -6.890545      0.708861     -1.430339
  H      -5.553047     -1.377205     -1.375515
  H      -4.583568     -2.205045      0.754391
  H      -4.957585     -0.933300      2.840897
  N      -9.104932     -0.859900    -13.890967
  O      -8.675643     -0.901933    -12.714389
  O      -8.001874     -0.858484    -14.477683
18
Coordinates from ORCA-job educts_optfreq_5 E -476.437849683105
  C      -6.139460      0.618413      1.891971
  C      -6.686090      1.075847      0.664792
  C      -6.479144      0.370332     -0.492448
  C      -5.717168     -0.819855     -0.463474
  C      -5.166495     -1.292336      0.742725
  C      -5.372674     -0.588748      1.899610
  C      -6.348475      1.361610      3.149002
  H      -5.383011      1.621232      3.603532
  H      -6.838799      0.718257      3.892588
  H      -6.937562      2.264769      3.014830
  H      -7.267213      1.988088      0.657941
  H      -6.893058      0.715430     -1.429872
  H      -5.556887     -1.372661     -1.379828
  H      -4.585940     -2.204300      0.747665
  H      -4.957421     -0.936122      2.836718
  N      -9.101382     -0.861218    -13.887980
  O      -8.678387     -0.903431    -12.708936
  O      -7.995260     -0.863514    -14.468758
18
Coordinates from ORCA-job educts_optfreq_5 E -476.437850776821
  C      -6.139508      0.619355      1.892438
  C      -6.683485      1.073249      0.662640
  C      -6.474173      0.364290     -0.492144
  C      -5.712199     -0.825686     -0.457922
  C      -5.163482     -1.294238      0.750990
  C      -5.372164     -0.587241      1.905236
  C      -6.352456      1.365666      3.146981
  H      -5.388389      1.626291      3.603883
  H      -6.845365      0.724209      3.890485
  H      -6.940939      2.268638      3.008897
  H      -7.264719      1.985376      0.651789
  H      -6.886521      0.706574     -1.431242
  H      -5.550040     -1.381751     -1.372041
  H      -4.582668     -2.206003      0.759710
  H      -4.958623     -0.931445      2.844273
  N      -9.107778     -0.859465    -13.893622
  O      -8.675801     -0.901434    -12.717664
  O      -8.006117     -0.854590    -14.482609
18
Coordinates from ORCA-job educts_optfreq_5 E -476.437849937399
  C      -6.139015      0.617291      1.891960
  C      -6.686122      1.079910      0.666877
  C      -6.481620      0.377999     -0.493112
  C      -5.721713     -0.813385     -0.468858
  C      -5.169946     -1.290676      0.735333
  C      -5.373626     -0.590609      1.894641
  C      -6.346169      1.356269      3.151802
  H      -5.379557      1.618681      3.602566
  H      -6.830704      0.709420      3.895971
  H      -6.938619      2.257938      3.022482
  H      -7.265729      1.993123      0.663584
  H      -6.896191      0.727169     -1.428687
  H      -5.563062     -1.363483     -1.387099
  H      -4.590722     -2.203487      0.736521
  H      -4.957574     -0.941351      2.830148
  N      -9.095816     -0.866139    -13.885737
  O      -8.683979     -0.907668    -12.702462
  O      -7.984264     -0.869210    -14.455852
18
Coordinates from ORCA-job educts_optfreq_5 E -476.437848832338
  C      -6.138111      0.613419      1.893099
  C      -6.689729      1.092002      0.676202
  C      -6.493255      0.402885     -0.492889
  C      -5.737479     -0.790741     -0.486169
  C      -5.181410     -1.284186      0.709679
  C      -5.376769     -0.596920      1.877980
  C      -6.335348      1.339274      3.162119
  H      -5.364464      1.606267      3.601480
  H      -6.803975      0.682598      3.907523
  H      -6.935581      2.237882      3.048283
  H      -7.266032      2.007257      0.686134
  H      -6.910679      0.764832     -1.422399
  H      -5.584533     -1.329583     -1.411812
  H      -4.605349     -2.198913      0.697375
  H      -4.957073     -0.959707      2.807243
  N      -9.076680     -0.879390    -13.879831
  O      -8.698381     -0.919281    -12.685450
  O      -7.949581     -0.895901    -14.418490
18
Coordinates from ORCA-job educts_optfreq_5 E -476.437851760845
  C      -6.136635      0.609302      1.899977
  C      -6.690301      1.106616      0.691418
  C      -6.500827      0.432309     -0.487553
  C      -5.750621     -0.763995     -0.499373
  C      -5.192510     -1.276258      0.687964
  C      -5.380646     -0.604024      1.866039
  C      -6.325214      1.319850      3.178856
  H      -5.350699      1.591413      3.607949
  H      -6.777849      0.652106      3.923911
  H      -6.933256      2.215150      3.081517
  H      -7.262224      2.024350      0.715353
  H      -6.919158      0.809219     -1.410651
  H      -5.602947     -1.290719     -1.432880
  H      -4.620734     -2.193358      0.661191
  H      -4.959417     -0.981044      2.788910
  N      -9.062607     -0.897145    -13.899499
  O      -8.716988     -0.934236    -12.695331
  O      -7.921794     -0.927742    -14.407722
18
Coordinates from ORCA-job educts_optfreq_5 E -476.437854618743
  C      -6.137644      0.613292      1.900832
  C      -6.686331      1.094873      0.683937
  C      -6.488389      0.407811     -0.485806
  C      -5.733422     -0.785982     -0.480279
  C      -5.180862     -1.282859      0.715282
  C      -5.378011     -0.598108      1.884708
  C      -6.335793      1.336989      3.170713
  H      -5.365631      1.602952      3.612083
  H      -6.805668      0.679284      3.913787
  H      -6.935036      2.235968      3.057476
  H      -7.261789      2.010505      0.694634
  H      -6.903232      0.771459     -1.415589
  H      -5.578733     -1.322074     -1.407298
  H      -4.605814     -2.198044      0.702040
  H      -4.960898     -0.963589      2.813916
  N      -9.083988     -0.888036    -13.915937
  O      -8.708388     -0.922634    -12.721054
  O      -7.954799     -0.900013    -14.453368
18
Coordinates from ORCA-job educts_optfreq_5 E -476.437812350309
  C      -6.133936      0.615871      1.911012
  C      -6.683478      1.097965      0.694100
  C      -6.483954      0.411459     -0.475899
  C      -5.723930     -0.786965     -0.470508
  C      -5.175009     -1.282885      0.726822
  C      -5.374931     -0.596399      1.895773
  C      -6.335781      1.338658      3.182100
  H      -5.370268      1.575681      3.644572
  H      -6.838232      0.689705      3.910619
  H      -6.911774      2.251365      3.062616
  H      -7.261682      2.012415      0.706606
  H      -6.900677      0.772382     -1.406127
  H      -5.561257     -1.320695     -1.401405
  H      -4.600230     -2.198697      0.716146
  H      -4.960055     -0.962742      2.826218
  N      -9.091889     -0.918430    -13.985086
  O      -8.739502     -0.924250    -12.774758
  O      -7.957845     -0.882646    -14.492724
18
Coordinates from ORCA-job educts_optfreq_5 E -476.437830875742
  C      -6.135387      0.615137      1.913602
  C      -6.683155      1.095766      0.695500
  C      -6.484691      0.407337     -0.473868
  C      -5.731725     -0.787017     -0.466162
  C      -5.177084     -1.281892      0.729717
  C      -5.373965     -0.595992      1.898659
  C      -6.335088      1.338569      3.183569
  H      -5.365359      1.607222      3.624105
  H      -6.802691      0.680099      3.927674
  H      -6.936862      2.235888      3.070167
  H      -7.257589      2.012232      0.704709
  H      -6.895896      0.771707     -1.405206
  H      -5.582911     -1.327805     -1.392032
  H      -4.601940     -2.197159      0.717755
  H      -4.956468     -0.960568      2.828186
  N      -9.096132     -0.897300    -13.985492
  O      -8.729189     -0.926580    -12.785759
  O      -7.958297     -0.897850    -14.515048
18
Coordinates from ORCA-job educts_optfreq_5 E -476.436182182794
  C      -6.131585      0.615236      1.902789
  C      -6.654324      1.109327      0.681424
  C      -6.457393      0.424535     -0.489235
  C      -5.732982     -0.776438     -0.473802
  C      -5.175680     -1.270188      0.725264
  C      -5.372438     -0.590714      1.889447
  C      -6.358605      1.316590      3.175754
  H      -5.389741      1.624273      3.604496
  H      -6.790129      0.631707      3.927270
  H      -6.993295      2.195296      3.077701
  H      -7.214381      2.030583      0.687440
  H      -6.863128      0.804050     -1.414539
  H      -5.613127     -1.348513     -1.376152
  H      -4.610125     -2.187925      0.713833
  H      -4.966079     -0.957507      2.819266
  N      -9.084395     -0.874126    -13.933695
  O      -8.711037     -0.922099    -12.764679
  O      -7.985982     -0.932295    -14.482504
