18
Coordinates from ORCA-job educts_combined_10
  C   -5.30968596136121      1.02035914982182      6.47952800083468
  C   -5.60609890316500      1.68054586117149      5.25246613468022
  C   -5.35050781181218      1.06628622428523      4.03801118871392
  C   -4.79038915506697     -0.22567331955692      4.01016553524282
  C   -4.48929918275135     -0.89524569457080      5.21529913357962
  C   -4.74586634145798     -0.27970035281232      6.43135123020978
  C   -5.59576122966014      1.69524794271576      7.77901687585209
  H   -5.27665250582322      1.09588600396037      8.64211093019461
  H   -6.67789219629232      1.90256332409429      7.87735992166056
  H   -5.09798731218599      2.68080756815153      7.82617049743262
  H   -6.03955418751681      2.68359957288426      5.28066792645461
  H   -5.57778604465275      1.57739293091190      3.10090196556173
  H   -4.58709786754757     -0.71020841399498      3.05227225308547
  H   -4.05410787854198     -1.89657216669929      5.18600316316227
  H   -4.51377384177143     -0.79364588953430      7.36708353903670
  N   -12.99110120065580     -3.14633954281818    -36.39067034152919
  O   -12.49784910942691     -3.19130891811820    -35.34550494416499
  O   -12.94264451625830     -3.24670768473775    -37.54179617374368
