18
Coordinates from ORCA-job neb_orto_ts_products_im6
  C   0.45019434767683      0.52134982343097      0.38823905782462
  C   -0.79920038131193      0.20739982059224      0.94386205009349
  C   -1.20203748747283     -1.07334255496157      1.34932356907165
  C   -0.18954047389715     -2.04392980483505      1.51561995572261
  C   1.14190401019249     -1.63278291421238      1.41158550701086
  C   1.44329012044278     -0.36115480638229      0.95297484548926
  C   0.97976524780216      1.83693415763498     -0.09631520518332
  H   1.31454497480670      1.76621092056147     -1.13979470103326
  H   1.86205864708893      2.15019535436642      0.48699088219764
  H   0.23210482052454      2.63343850794398     -0.01152601391122
  H   -2.24036554299422     -1.35233458804880      1.49040095003390
  H   -0.43574623610941     -3.08831644689963      1.71828519791636
  H   1.93045081329997     -2.26971849738956      1.83243556361332
  H   2.46196346415048      0.01861005871930      1.14344481429436
  N   -1.59902477186568      1.92975158984103     -2.16815040321470
  O   -2.62863141503886      2.29306326173685     -2.61066870278694
  O   -0.50999008722033      2.29010726658846     -2.44469958615740
  H   -2.21174005007447     -3.82548114868644     -4.76200778098123
