18
Coordinates from ORCA-job neb_orto_ts_products_im2
  C   0.18583520070420      0.44761254741752      0.50627679720596
  C   -0.96756151595551     -0.42625399328544      0.58931803155347
  C   -0.79818314880695     -1.85509638478491      0.61877552414765
  C   0.46997553693920     -2.35927850524377      0.90448356938577
  C   1.38591490949672     -1.45506346941710      1.50732086985454
  C   1.26210054191022     -0.09989243538922      1.28679538775986
  C   0.27400710631987      1.90806972487197      0.20044296937029
  H   0.91742614399985      2.11568986567578     -0.66855706387799
  H   0.72981797201249      2.45752726760468      1.04364519297905
  H   -0.70155220099599      2.34412014601684     -0.03256124378460
  H   -1.57872432457192     -2.60098920376999      0.45292373126378
  H   0.72712935922595     -3.41793660853879      0.81398338429857
  H   2.11030793469841     -1.84989737099705      2.23222245783361
  H   1.96964575244261      0.56736702623814      1.79773630008729
  N   -0.76437443416263      1.78835495294700     -3.36380069686782
  O   -1.33224795013425      1.26562951092294     -4.24312507530401
  O   -0.11537452428514      1.27977195926860     -2.50813009645219
  H   -3.77414235883714     -0.10973502953720     -1.13775003945322
