18
Coordinates from ORCA-job neb_orto_ts_products_im5
  C   0.38349037739686      0.44129771479485      0.58343849571172
  C   -0.82142998729314     -0.02255320934214      1.14441483110892
  C   -1.08564839592859     -1.36697607350477      1.48539657565255
  C   0.01633213924368     -2.24102806248283      1.50131685679428
  C   1.30360600275634     -1.67304629216068      1.46785360581233
  C   1.47439474023678     -0.35227200341200      1.09976713837723
  C   0.74918094801956      1.77231374162960      0.00779830051710
  H   1.09875315750110      1.68222954874867     -1.03132573620338
  H   1.58042746455778      2.21584136485378      0.58018224583254
  H   -0.10331257209137      2.46128393630556      0.02331601549646
  H   -2.07973212744778     -1.74260896490834      1.70673110709290
  H   -0.11361414702993     -3.32094619172506      1.60484524608180
  H   2.13333664031352     -2.22815277222496      1.92213361484749
  H   2.43646491963330      0.14480018542658      1.30860157013480
  N   -1.20661382404261      2.64394209037958     -3.36799490053774
  O   -2.37430218762873      2.68295405001996     -3.50383730115313
  O   -0.61468163799809      2.16726671389473     -2.44901391880320
  H   -2.77665151019869     -3.26434577629255     -4.08362374676267
