18
Coordinates from ORCA-job neb_orto_ts_products_im9
  C   0.61988952623424      0.68215995790636      0.19519286699110
  C   -0.78048076074923      0.59760007942420      0.35940045000393
  C   -1.39778312972091     -0.46711308605426      1.02718052955263
  C   -0.62524728552598     -1.50618345907808      1.53918127228764
  C   0.76514338415704     -1.45731210124366      1.39565149146735
  C   1.36511253732627     -0.37917578087602      0.74258583515849
  C   1.34877209266597      1.80752898493541     -0.49670022632320
  H   1.15026821593247      1.80308417343988     -1.57907910920958
  H   2.43201538842178      1.70871096059010     -0.33194191903547
  H   1.02296858051521      2.79372727433031     -0.13633129448785
  H   -2.48254314832710     -0.45208906254570      1.13372323965330
  H   -1.10393806776818     -2.34342663820175      2.05264144455919
  H   1.38817879174004     -2.25934512923496      1.80069447693407
  H   2.45413501309712     -0.34764794939756      0.64894884335808
  N   -1.68665238342292      1.64326644494834     -0.16779532695641
  O   -2.81340274613219      1.70100256457701      0.29708603595512
  O   -1.26346149866180      2.37983345791586     -1.04711655193797
  H   -0.39297450978185     -5.90462069143549     -7.43332205797042
