18
Coordinates from ORCA-job neb_orto_ts_products_im4
  C   0.26368370201917      0.38989628170776      0.71211750036440
  C   -0.89416350503410     -0.28044128181526      1.17000849690586
  C   -0.95534333127978     -1.67843655950269      1.40657447299731
  C   0.25760156340617     -2.38182312307051      1.33230657961100
  C   1.43999795402041     -1.61501229133663      1.52002154608458
  C   1.43812876835120     -0.26818136047248      1.24590195961179
  C   0.47752579579414      1.73818315606191      0.09311743594989
  H   0.87790715646887      1.65712497868893     -0.92857738902894
  H   1.22004632169378      2.29937914938182      0.68599614976497
  H   -0.45656796194986      2.30751102440828      0.02136842861945
  H   -1.85145413955509     -2.20628781856585      1.73610839260494
  H   0.30494743317630     -3.47060724223431      1.26497552420533
  H   2.26858876372576     -2.07162372477368      2.07888578478385
  H   2.30186477669785      0.35108025524245      1.52501680260692
  N   -0.78860105421923      2.52316613272630     -3.78365594133079
  O   -1.82819601801005      2.64416668597906     -4.31018123390334
  O   -0.47383640455542      2.30382007166134     -2.65963424987572
  H   -3.60212982075012     -2.24191433408644     -3.11035025997149
