18
Coordinates from ORCA-job neb_orto_ts_products_im7
  C   0.53062417192259      0.64837179235035      0.28088563092879
  C   -0.86585749374612      0.36873558066836      0.19807150544529
  C   -1.27195484706967     -0.78522090493451      0.95296737177621
  C   -0.36280381118811     -1.79687434467565      1.40114500800905
  C   1.00687207461234     -1.53210773740123      1.36760749127200
  C   1.41661618373924     -0.29147066887532      0.91142113813767
  C   1.17855923182318      1.93862043768514     -0.11915873029645
  H   1.48302783525904      1.90654310392272     -1.18087604681284
  H   2.08478587671141      2.14532219796943      0.47010487316597
  H   0.50827171276402      2.79942151813225      0.00305943613121
  H   -2.31669736006620     -0.96812552445263      1.15573922699227
  H   -0.67931001989511     -2.81253663259642      1.68204691261538
  H   1.73884065639812     -2.23209697493732      1.78993675514423
  H   2.46079003236343     -0.01699307400194      1.09373090373773
  N   -1.52265229799716      1.31040315860535     -1.27467150400160
  O   -2.66145710566056      1.56699404750814     -1.59243463560615
  O   -0.69624244227138      1.85344457270807     -1.98467958387253
  H   -2.03141239769906     -4.10243054767480     -5.15489575276622
