18
Coordinates from ORCA-job neb_orto_ts_products_initial_path E   0.000000000000
  C       0.214688      0.707205      0.363454
  C      -0.731590     -0.106730     -0.456019
  C      -0.666294     -1.581373     -0.352176
  C       0.157760     -2.182832      0.555297
  C       1.007570     -1.371140      1.354210
  C       1.023453      0.030290      1.267568
  C       0.238411      2.186601      0.253502
  H       0.883900      2.466820     -0.601959
  H       0.651712      2.649802      1.160441
  H      -0.752255      2.610301      0.028790
  H      -1.315016     -2.154908     -1.020389
  H       0.188533     -3.270572      0.652670
  H       1.687632     -1.858854      2.060781
  H       1.692548      0.598699      1.918285
  N      -0.815296      0.284229     -2.017128
  O      -1.623859     -0.358400     -2.630369
  O      -0.087988      1.158032     -2.403521
  H      -1.753908      0.192831     -0.133440
18
Coordinates from ORCA-job neb_orto_ts_products_initial_path E   0.000000000000
  C       0.215928      0.570872      0.348262
  C      -0.961104     -0.252354     -0.039363
  C      -0.788116     -1.711342      0.158714
  C       0.329799     -2.265200      0.738758
  C       1.242474     -1.404997      1.395760
  C       1.156969     -0.017173      1.210721
  C       0.257706      2.053513      0.241735
  H       0.940623      2.353484     -0.577355
  H       0.652673      2.534583      1.151423
  H      -0.711999      2.506609     -0.006750
  H      -1.457703     -2.421668     -0.337501
  H       0.544128     -3.337843      0.740650
  H       1.933295     -1.820206      2.138373
  H       1.854876      0.584520      1.803246
  N      -0.935741      0.788551     -2.456216
  O      -1.402713      0.516879     -3.539903
  O       0.193860      1.171381     -2.401212
  H      -3.064957      0.150392     -0.569342
18
Coordinates from ORCA-job neb_orto_ts_products_initial_path E   0.000000000000
  C       0.212043      0.444768      0.498709
  C      -1.005783     -0.413276      0.585796
  C      -0.787256     -1.867777      0.630376
  C       0.473445     -2.358877      0.890810
  C       1.385216     -1.466110      1.506219
  C       1.261783     -0.085884      1.277392
  C       0.275613      1.904272      0.206654
  H       0.917884      2.119784     -0.667340
  H       0.730033      2.458506      1.046040
  H      -0.701159      2.345458     -0.031780
  H      -1.575926     -2.603474      0.449890
  H       0.731103     -3.416976      0.807822
  H       2.106208     -1.851554      2.234018
  H       1.969840      0.563597      1.801120
  N      -0.766910      1.834730     -3.348801
  O      -1.330161      1.239866     -4.240380
  O      -0.117167      1.257875     -2.512529
  H      -3.778807     -0.104928     -1.134016
18
Coordinates from ORCA-job neb_orto_ts_products_initial_path E   0.000000000000
  C       0.176830      0.370114      0.761842
  C      -1.008979     -0.472167      1.060179
  C      -0.831264     -1.925989      1.153670
  C       0.458797     -2.423660      1.112780
  C       1.443222     -1.547753      1.636364
  C       1.337769     -0.177349      1.347227
  C       0.301148      1.745381      0.184035
  H       0.730000      1.730966     -0.831638
  H       0.988302      2.347217      0.802692
  H      -0.659156      2.267582      0.084384
  H      -1.645303     -2.640054      1.305830
  H       0.712034     -3.455327      0.863746
  H       2.236156     -1.937472      2.280107
  H       2.134735      0.478897      1.706828
  N      -0.605522      2.276574     -3.969578
  O      -1.510100      2.090766     -4.738838
  O      -0.290016      2.133255     -2.822800
  H      -3.968654     -0.860983     -1.936830
18
Coordinates from ORCA-job neb_orto_ts_products_initial_path E   0.000000000000
  C       0.294682      0.381310      0.706117
  C      -0.942587     -0.264950      1.170925
  C      -0.937569     -1.695974      1.418607
  C       0.258122     -2.382361      1.321791
  C       1.440044     -1.628777      1.517847
  C       1.438241     -0.254244      1.234088
  C       0.477863      1.737926      0.096419
  H       0.876679      1.659606     -0.928187
  H       1.220395      2.298628      0.688589
  H      -0.456931      2.307441      0.023106
  H      -1.848245     -2.206504      1.739144
  H       0.308676     -3.470643      1.255152
  H       2.266311     -2.071272      2.082790
  H       2.301143      0.349115      1.529328
  N      -0.762447      2.529348     -3.792200
  O      -1.850481      2.649243     -4.304071
  O      -0.483027      2.304947     -2.644995
  H      -3.600869     -2.242836     -3.114450
18
Coordinates from ORCA-job neb_orto_ts_products_initial_path E   0.000000000000
  C       0.408240      0.422919      0.573654
  C      -0.867381      0.000288      1.149049
  C      -1.069423     -1.382153      1.495916
  C       0.011880     -2.242911      1.491409
  C       1.305088     -1.680446      1.461996
  C       1.479140     -0.339481      1.092199
  C       0.748704      1.771220      0.010285
  H       1.099343      1.684877     -1.030771
  H       1.581668      2.216019      0.582182
  H      -0.103129      2.462331      0.026483
  H      -2.077879     -1.742087      1.706998
  H      -0.111013     -3.322618      1.598402
  H       2.132189     -2.227618      1.925015
  H       2.436813      0.142017      1.312261
  N      -1.178312      2.663186     -3.389041
  O      -2.390288      2.675749     -3.479596
  O      -0.634090      2.163909     -2.435286
  H      -2.771550     -3.265201     -4.091158
18
Coordinates from ORCA-job neb_orto_ts_products_initial_path E   0.000000000000
  C       0.466524      0.501352      0.371070
  C      -0.837551      0.234536      0.949427
  C      -1.187579     -1.089148      1.357171
  C      -0.196698     -2.043314      1.507028
  C       1.145336     -1.637175      1.405236
  C       1.448830     -0.348587      0.946755
  C       0.978524      1.835763     -0.092634
  H       1.315599      1.769229     -1.139329
  H       1.864423      2.152452      0.487933
  H       0.233521      2.636158     -0.007609
  H      -2.238366     -1.350929      1.488890
  H      -0.433096     -3.089681      1.712642
  H       1.930129     -2.269317      1.832582
  H       2.463008      0.015143      1.145781
  N      -1.600140      1.895640     -2.126054
  O      -2.634605      2.306829     -2.614179
  O      -0.513431      2.307409     -2.451916
  H      -2.204429     -3.826361     -4.772794
18
Coordinates from ORCA-job neb_orto_ts_products_initial_path E   0.000000000000
  C       0.537324      0.644649      0.281036
  C      -0.893179      0.390725      0.149185
  C      -1.254409     -0.779952      0.945576
  C      -0.382702     -1.786547      1.394153
  C       1.000073     -1.532573      1.360784
  C       1.414485     -0.279055      0.900856
  C       1.191006      1.945646     -0.119792
  H       1.492059      1.918786     -1.181095
  H       2.098541      2.148231      0.470560
  H       0.525508      2.811459      0.010036
  H      -2.317040     -0.944123      1.136286
  H      -0.686728     -2.800993      1.672287
  H       1.730066     -2.230848      1.783956
  H       2.462578     -0.021408      1.092366
  N      -1.506158      1.242219     -1.196469
  O      -2.656293      1.543336     -1.547414
  O      -0.735483      1.844433     -1.965771
  H      -2.019648     -4.113984     -5.186539
18
Coordinates from ORCA-job neb_orto_ts_products_initial_path E   0.000000000000
  C       0.647966      0.678292      0.222159
  C      -0.762948      0.514759      0.270773
  C      -1.354531     -0.562824      0.959358
  C      -0.560844     -1.584016      1.471908
  C       0.834501     -1.475794      1.385818
  C       1.413959     -0.339076      0.817287
  C       1.350127      1.866297     -0.380363
  H       1.347193      1.813973     -1.480360
  H       2.391318      1.899550     -0.027177
  H       0.856137      2.814982     -0.126075
  H      -2.443514     -0.599948      0.994964
  H      -1.013487     -2.499242      1.861328
  H       1.478981     -2.265496      1.782350
  H       2.502418     -0.234525      0.821127
  N      -1.650329      1.313711     -0.627193
  O      -2.847499      1.271457     -0.410218
  O      -1.146163      2.025739     -1.481161
  H      -1.043283     -4.637839     -6.054526
18
Coordinates from ORCA-job neb_orto_ts_products_initial_path E   0.000000000000
  C       0.619348      0.682387      0.196117
  C      -0.780785      0.595998      0.361390
  C      -1.396371     -0.470807      1.027411
  C      -0.622287     -1.510169      1.536468
  C       0.767922     -1.459523      1.391805
  C       1.366174     -0.379346      0.740543
  C       1.346428      1.810016     -0.493984
  H       1.146960      1.807707     -1.576191
  H       2.429921      1.711982     -0.330407
  H       1.019913      2.795087     -0.131189
  H      -2.481050     -0.457155      1.134954
  H      -1.099639     -2.349024      2.048539
  H       1.392161     -2.261775      1.794552
  H       2.455078     -0.346470      0.646003
  N      -1.688525      1.641848     -0.162728
  O      -2.814918      1.697391      0.303281
  O      -1.266895      2.380761     -1.040827
  H      -0.393435     -5.888909     -7.445738
