18
Coordinates from ORCA-job neb_orto_ts_products_im8
  C   0.64909584328328      0.68639428056495      0.21737284014007
  C   -0.76781225037742      0.50828733836300      0.26627461398705
  C   -1.35932406408315     -0.54972168619979      0.95092453974978
  C   -0.56221926689710     -1.58289289311571      1.47505076922784
  C   0.83833245552965     -1.47039489862618      1.38962337209601
  C   1.41604999011452     -0.34649031256283      0.82371492831623
  C   1.35312576683772      1.86079695357958     -0.37937238420065
  H   1.35035463044462      1.80930043466563     -1.48358739633584
  H   2.39313171927730      1.89681600124103     -0.02934406500816
  H   0.85767560469123      2.81403756222790     -0.13200776881727
  H   -2.44563424356235     -0.59603299896265      0.99373198669229
  H   -1.01838560869404     -2.49341411383921      1.86739775077892
  H   1.47473023166354     -2.26302391501059      1.78849394767437
  H   2.50127770062863     -0.23537049806812      0.82394470418764
  N   -1.65088807833669      1.32198018546285     -0.62603866797023
  O   -2.84584643798280      1.27009117831170     -0.41543280420512
  O   -1.14017984856156      2.01889024770270     -1.48611196315910
  H   -1.04348414397538     -4.64925286573423     -6.04463440315385
