18
Coordinates from ORCA-job neb_orto_ts_products_MEP E -475.759650016084
  C       0.214688      0.707205      0.363454
  C      -0.731590     -0.106730     -0.456019
  C      -0.666294     -1.581373     -0.352176
  C       0.157760     -2.182832      0.555297
  C       1.007570     -1.371140      1.354210
  C       1.023453      0.030290      1.267568
  C       0.238411      2.186601      0.253502
  H       0.883900      2.466820     -0.601959
  H       0.651712      2.649802      1.160441
  H      -0.752255      2.610301      0.028790
  H      -1.315016     -2.154908     -1.020389
  H       0.188533     -3.270572      0.652670
  H       1.687632     -1.858854      2.060781
  H       1.692548      0.598699      1.918285
  N      -0.815296      0.284229     -2.017128
  O      -1.623859     -0.358400     -2.630369
  O      -0.087988      1.158032     -2.403521
  H      -1.753908      0.192831     -0.133440
18
Coordinates from ORCA-job neb_orto_ts_products_MEP E -475.502497208145
  C       0.194752      0.569393      0.368849
  C      -0.956391     -0.279696      0.007855
  C      -0.795662     -1.713693      0.172548
  C       0.342191     -2.267963      0.754320
  C       1.249019     -1.404391      1.407029
  C       1.164981     -0.031171      1.216783
  C       0.257489      2.047310      0.234460
  H       0.938647      2.336870     -0.582911
  H       0.656286      2.527840      1.144303
  H      -0.712986      2.493839     -0.009176
  H      -1.468214     -2.432752     -0.281118
  H       0.553771     -3.343586      0.746811
  H       1.947478     -1.820938      2.143615
  H       1.860790      0.587042      1.800638
  N      -0.896940      0.854917     -2.562420
  O      -1.419650      0.562864     -3.569581
  O       0.174291      1.185144     -2.387297
  H      -3.089852      0.128974     -0.604707
18
Coordinates from ORCA-job neb_orto_ts_products_MEP E -475.417635101137
  C       0.185835      0.447613      0.506277
  C      -0.967562     -0.426254      0.589318
  C      -0.798183     -1.855096      0.618776
  C       0.469976     -2.359279      0.904484
  C       1.385915     -1.455063      1.507321
  C       1.262101     -0.099892      1.286795
  C       0.274007      1.908070      0.200443
  H       0.917426      2.115690     -0.668557
  H       0.729818      2.457527      1.043645
  H      -0.701552      2.344120     -0.032561
  H      -1.578724     -2.600989      0.452924
  H       0.727129     -3.417937      0.813983
  H       2.110308     -1.849897      2.232222
  H       1.969646      0.567367      1.797736
  N      -0.764374      1.788355     -3.363801
  O      -1.332248      1.265630     -4.243125
  O      -0.115375      1.279772     -2.508130
  H      -3.774142     -0.109735     -1.137750
18
Coordinates from ORCA-job neb_orto_ts_products_MEP E -475.416161398326
  C       0.151622      0.367926      0.764937
  C      -0.966561     -0.480596      1.060062
  C      -0.844195     -1.908307      1.141781
  C       0.456077     -2.422867      1.127164
  C       1.446019     -1.537418      1.631198
  C       1.336471     -0.187370      1.361611
  C       0.298238      1.747242      0.180416
  H       0.731978      1.727473     -0.832147
  H       0.987717      2.347495      0.800263
  H      -0.659332      2.267907      0.083153
  H      -1.649817     -2.635844      1.303804
  H       0.706700     -3.458014      0.875352
  H       2.239581     -1.936051      2.276434
  H       2.134703      0.481698      1.703597
  N      -0.613292      2.269318     -3.971494
  O      -1.494579      2.089931     -4.726668
  O      -0.295050      2.132175     -2.840561
  H      -3.966280     -0.864701     -1.938904
18
Coordinates from ORCA-job neb_orto_ts_products_MEP E -475.411495949835
  C       0.263684      0.389896      0.712118
  C      -0.894164     -0.280441      1.170008
  C      -0.955343     -1.678437      1.406574
  C       0.257602     -2.381823      1.332307
  C       1.439998     -1.615012      1.520022
  C       1.438129     -0.268181      1.245902
  C       0.477526      1.738183      0.093117
  H       0.877907      1.657125     -0.928577
  H       1.220046      2.299379      0.685996
  H      -0.456568      2.307511      0.021368
  H      -1.851454     -2.206288      1.736108
  H       0.304947     -3.470607      1.264976
  H       2.268589     -2.071624      2.078886
  H       2.301865      0.351080      1.525017
  N      -0.788601      2.523166     -3.783656
  O      -1.828196      2.644167     -4.310181
  O      -0.473836      2.303820     -2.659634
  H      -3.602130     -2.241914     -3.110350
18
Coordinates from ORCA-job neb_orto_ts_products_MEP E -475.415125147997
  C       0.383490      0.441298      0.583438
  C      -0.821430     -0.022553      1.144415
  C      -1.085648     -1.366976      1.485397
  C       0.016332     -2.241028      1.501317
  C       1.303606     -1.673046      1.467854
  C       1.474395     -0.352272      1.099767
  C       0.749181      1.772314      0.007798
  H       1.098753      1.682230     -1.031326
  H       1.580427      2.215841      0.580182
  H      -0.103313      2.461284      0.023316
  H      -2.079732     -1.742609      1.706731
  H      -0.113614     -3.320946      1.604845
  H       2.133337     -2.228153      1.922134
  H       2.436465      0.144800      1.308602
  N      -1.206614      2.643942     -3.367995
  O      -2.374302      2.682954     -3.503837
  O      -0.614682      2.167267     -2.449014
  H      -2.776652     -3.264346     -4.083624
18
Coordinates from ORCA-job neb_orto_ts_products_MEP E -475.428142226066
  C       0.450194      0.521350      0.388239
  C      -0.799200      0.207400      0.943862
  C      -1.202037     -1.073343      1.349324
  C      -0.189540     -2.043930      1.515620
  C       1.141904     -1.632783      1.411586
  C       1.443290     -0.361155      0.952975
  C       0.979765      1.836934     -0.096315
  H       1.314545      1.766211     -1.139795
  H       1.862059      2.150195      0.486991
  H       0.232105      2.633439     -0.011526
  H      -2.240366     -1.352335      1.490401
  H      -0.435746     -3.088316      1.718285
  H       1.930451     -2.269718      1.832436
  H       2.461963      0.018610      1.143445
  N      -1.599025      1.929752     -2.168150
  O      -2.628631      2.293063     -2.610669
  O      -0.509990      2.290107     -2.444700
  H      -2.211740     -3.825481     -4.762008
18
Coordinates from ORCA-job neb_orto_ts_products_MEP E -475.488090079518
  C       0.530624      0.648372      0.280886
  C      -0.865857      0.368736      0.198072
  C      -1.271955     -0.785221      0.952967
  C      -0.362804     -1.796874      1.401145
  C       1.006872     -1.532108      1.367607
  C       1.416616     -0.291471      0.911421
  C       1.178559      1.938620     -0.119159
  H       1.483028      1.906543     -1.180876
  H       2.084786      2.145322      0.470105
  H       0.508272      2.799422      0.003059
  H      -2.316697     -0.968126      1.155739
  H      -0.679310     -2.812537      1.682047
  H       1.738841     -2.232097      1.789937
  H       2.460790     -0.016993      1.093731
  N      -1.522652      1.310403     -1.274672
  O      -2.661457      1.566994     -1.592435
  O      -0.696242      1.853445     -1.984680
  H      -2.031412     -4.102431     -5.154896
18
Coordinates from ORCA-job neb_orto_ts_products_MEP E -475.585806607164
  C       0.649096      0.686394      0.217373
  C      -0.767812      0.508287      0.266275
  C      -1.359324     -0.549722      0.950925
  C      -0.562219     -1.582893      1.475051
  C       0.838332     -1.470395      1.389623
  C       1.416050     -0.346490      0.823715
  C       1.353126      1.860797     -0.379372
  H       1.350355      1.809300     -1.483587
  H       2.393132      1.896816     -0.029344
  H       0.857676      2.814038     -0.132008
  H      -2.445634     -0.596033      0.993732
  H      -1.018386     -2.493414      1.867398
  H       1.474730     -2.263024      1.788494
  H       2.501278     -0.235370      0.823945
  N      -1.650888      1.321980     -0.626039
  O      -2.845846      1.270091     -0.415433
  O      -1.140180      2.018890     -1.486112
  H      -1.043484     -4.649253     -6.044634
18
Coordinates from ORCA-job neb_orto_ts_products_MEP E -475.478085577487
  C       0.619890      0.682160      0.195193
  C      -0.780481      0.597600      0.359400
  C      -1.397783     -0.467113      1.027181
  C      -0.625247     -1.506183      1.539181
  C       0.765143     -1.457312      1.395651
  C       1.365113     -0.379176      0.742586
  C       1.348772      1.807529     -0.496700
  H       1.150268      1.803084     -1.579079
  H       2.432015      1.708711     -0.331942
  H       1.022969      2.793727     -0.136331
  H      -2.482543     -0.452089      1.133723
  H      -1.103938     -2.343427      2.052641
  H       1.388179     -2.259345      1.800694
  H       2.454135     -0.347648      0.648949
  N      -1.686652      1.643266     -0.167795
  O      -2.813403      1.701003      0.297086
  O      -1.263461      2.379833     -1.047117
  H      -0.392975     -5.904621     -7.433322
