18
Coordinates from ORCA-job neb_orto_ts_products_im1
  C   0.19475215994725      0.56939285736571      0.36884926627110
  C   -0.95639053629032     -0.27969620062389      0.00785511929499
  C   -0.79566229562391     -1.71369294629356      0.17254806088461
  C   0.34219123383800     -2.26796340635317      0.75431959532688
  C   1.24901940558589     -1.40439058416838      1.40702882690798
  C   1.16498083537243     -0.03117131636982      1.21678268360051
  C   0.25748894892664      2.04730956506653      0.23445951760953
  H   0.93864708242345      2.33686954512505     -0.58291071626400
  H   0.65628566306124      2.52783968951805      1.14430333730385
  H   -0.71298569340970      2.49383896166599     -0.00917627957544
  H   -1.46821379685876     -2.43275239927492     -0.28111775943296
  H   0.55377081614177     -3.34358644770914      0.74681105088140
  H   1.94747810975292     -1.82093820130326      2.14361507450994
  H   1.86078967567970      0.58704219713997      1.80063763781422
  N   -0.89693952913869      0.85491733072892     -2.56241983636312
  O   -1.41965026498644      0.56286397548726     -3.56958120042938
  O   0.17429057037534      1.18514367819229     -2.38729739211652
  H   -3.08985238479682      0.12897370180638     -0.60470698622359
