18
Coordinates from ORCA-job neb_orto_ts_products_im3
  C   0.15162199188355      0.36792583169766      0.76493709942307
  C   -0.96656117431389     -0.48059558927137      1.06006247254188
  C   -0.84419483327110     -1.90830727006731      1.14178132367441
  C   0.45607730572768     -2.42286683164174      1.12716426967711
  C   1.44601904354316     -1.53741761206493      1.63119752622270
  C   1.33647124639433     -0.18736950017855      1.36161109871291
  C   0.29823817411902      1.74724193141267      0.18041582712730
  H   0.73197760763758      1.72747339132697     -0.83214665510687
  H   0.98771722331203      2.34749538907892      0.80026280389864
  H   -0.65933215923642      2.26790722133638      0.08315344416822
  H   -1.64981692661885     -2.63584400390904      1.30380441158177
  H   0.70670046931031     -3.45801401999051      0.87535156041743
  H   2.23958137956110     -1.93605054457950      2.27643395328166
  H   2.13470299713509      0.48169824880266      1.70359726588764
  N   -0.61329246060352      2.26931811154417     -3.97149425613753
  O   -1.49457949385496      2.08993138527193     -4.72666774368620
  O   -0.29505048615634      2.13217518670584     -2.84056070196659
  H   -3.96627990456877     -0.86470132547426     -1.93890369971753
