37
Coordinates from ORCA-job Fe_Porphyrin_opt
  C   3.80563947797120      1.91843466376566      0.01554263417796
  C   4.21342992936811      0.62514351818027     -0.00439295863384
  C   3.02499063978510     -0.18499380951087     -0.01186462221433
  C   2.36720781907816      1.90050934901024      0.01989676391496
  N   1.90483992664725      0.60851582194382      0.00373852486169
  C   1.57529260965832      3.03302053627374      0.03641128110545
  C   0.19326979460261      3.03292928147200      0.03812110809043
  N   -0.60057999877215      1.91304496455942      0.02491837787366
  C   -1.89264469746093      2.37558175149742      0.03009752317318
  C   -0.61678636131192      4.22143901891370      0.05192995491982
  C   -1.91023969660307      3.81371525906687      0.04694095378499
  C   -3.02486780124911      1.58320773541645      0.02159248634670
  C   -3.02427925678657      0.20133462943794      0.00786186393748
  N   -1.90443615317126     -0.59252931829182      0.00013122811781
  C   -3.80535660269566     -1.90227171104740     -0.00973508354148
  C   -4.21306722970360     -0.60866689250752      0.00171905465737
  C   -0.19297915186343     -3.01675276974798     -0.02979120276222
  N   0.60086557564372     -1.89666150219972     -0.02312703505743
  C   1.89294029755176     -2.35924514250241     -0.03510378674502
  C   1.91053964900684     -3.79755891009938     -0.05039480730378
  C   0.61707201016542     -4.20534005299194     -0.04658557619636
  C   3.02525401470984     -1.56688090806273     -0.03091117975827
  C   -1.57501782378480     -3.01709865095791     -0.02403852174066
  C   -2.36716410869629     -1.88463284232754     -0.01121741433496
  H   4.40600710799714      2.81488899820004      0.02623237218634
  H   5.21936469871009      0.23491840920221     -0.01345650734339
  H   2.07566118055462      3.99253301985470      0.04784093610557
  H   -0.22649375881180      5.22766251795303      0.06356797164568
  H   -2.80648311032884      4.41472107172389      0.05340645048979
  H   -3.98470458717765      2.08288856579413      0.02642910059710
  H   -4.40565228641653     -2.79870030412478     -0.01662371600895
  H   -5.21887463000999     -0.21809462593795      0.00572338015582
  H   2.80681671264702     -4.39827224788644     -0.06237792508983
  H   0.22662663170016     -5.21137806658895     -0.05482690537969
  H   3.98488661980212     -2.06683582613559     -0.04166623460435
  H   -2.07512615779427     -3.97683525570661     -0.03053210217781
  Fe  0.00027871703840      0.00766972436202      0.00102361275058
