17
Coordinates from ORCA-job opt2_1 E -492.277258867429
  C      -3.724650      0.789010      0.041830
  C      -4.680120     -0.250110      0.264180
  C      -4.290130     -1.574840      0.175640
  C      -2.954950     -1.910030     -0.133580
  C      -2.006060     -0.892030     -0.355280
  C      -2.373470      0.439780     -0.271680
  H      -5.714420      0.014100      0.503550
  H      -5.022870     -2.366640      0.346980
  H      -2.656020     -2.959360     -0.201430
  H      -0.972730     -1.156570     -0.595440
  H      -1.641210      1.232880     -0.444120
  N      -4.093620      2.084070      0.126860
  H      -5.048900      2.348030      0.348600
  H      -3.426260      2.832280     -0.027710
  N       6.999490      3.519360     -1.361740
  O       7.197750      4.734740     -1.822640
  O       6.262410      2.875040     -0.452000
17
Coordinates from ORCA-job opt2_1 E -492.324913052257
  C      -3.719924      0.787322      0.038179
  C      -4.667554     -0.252251      0.269956
  C      -4.272169     -1.566075      0.184152
  C      -2.940330     -1.890414     -0.131975
  C      -1.999379     -0.872007     -0.364092
  C      -2.371909      0.449028     -0.282080
  H      -5.693752      0.005059      0.513235
  H      -4.992681     -2.356607      0.361550
  H      -2.638310     -2.929916     -0.197585
  H      -0.973740     -1.129456     -0.607617
  H      -1.654550      1.240024     -0.459481
  N      -4.093437      2.073160      0.121172
  H      -5.043472      2.330681      0.346959
  H      -3.434963      2.821419     -0.039330
  N       6.963277      3.500375     -1.351316
  O       7.123936      4.640874     -1.729017
  O       6.263196      2.908495     -0.530690
17
Coordinates from ORCA-job opt2_1 E -492.328508594428
  C      -3.721557      0.786730      0.037596
  C      -4.658523     -0.257546      0.274102
  C      -4.254250     -1.564897      0.187828
  C      -2.924663     -1.877338     -0.133682
  C      -1.994028     -0.854439     -0.370541
  C      -2.375160      0.460489     -0.287262
  H      -5.682291     -0.007739      0.520658
  H      -4.964672     -2.359713      0.368016
  H      -2.616428     -2.911377     -0.200326
  H      -0.971373     -1.104225     -0.617633
  H      -1.667729      1.257799     -0.468150
  N      -4.104736      2.068782      0.120953
  H      -5.053991      2.318626      0.349803
  H      -3.455457      2.821734     -0.043214
  N       6.921047      3.492500     -1.323998
  O       7.110670      4.549085     -1.698746
  O       6.267384      2.941238     -0.573385
17
Coordinates from ORCA-job opt2_1 E -492.332939091242
  C      -3.724300      0.784710      0.039304
  C      -4.663293     -0.257863      0.273148
  C      -4.261828     -1.567057      0.185518
  C      -2.932594     -1.882465     -0.134093
  C      -2.000137     -0.860735     -0.367459
  C      -2.378425      0.455997     -0.283720
  H      -5.686941     -0.006064      0.518174
  H      -4.974505     -2.360358      0.363388
  H      -2.626279     -2.916991     -0.201419
  H      -0.977816     -1.112269     -0.613047
  H      -1.666546      1.251914     -0.461716
  N      -4.105753      2.068568      0.122852
  H      -5.054748      2.319817      0.349952
  H      -3.455268      2.820355     -0.040215
  N       6.940023      3.505118     -1.325345
  O       7.160773      4.582253     -1.731695
  O       6.261877      2.934781     -0.551606
17
Coordinates from ORCA-job opt2_1 E -492.333279102553
  C      -3.737827      0.780215      0.041199
  C      -4.673813     -0.263647      0.276154
  C      -4.270302     -1.572648      0.187602
  C      -2.941611     -1.885825     -0.133764
  C      -2.011945     -0.862379     -0.367428
  C      -2.392543      0.454182     -0.283097
  H      -5.697742     -0.013325      0.522469
  H      -4.981472     -2.367464      0.366076
  H      -2.633555     -2.919975     -0.202056
  H      -0.989292     -1.112299     -0.614535
  H      -1.682093      1.251444     -0.461286
  N      -4.122468      2.064485      0.124816
  H      -5.071846      2.313657      0.352583
  H      -3.474424      2.817938     -0.039895
  N       6.989588      3.527087     -1.324734
  O       7.232755      4.590445     -1.742721
  O       6.312831      2.957820     -0.559361
17
Coordinates from ORCA-job opt2_1 E -492.333406988387
  C      -3.753041      0.775564      0.042938
  C      -4.685058     -0.270141      0.279699
  C      -4.278600     -1.578960      0.190612
  C      -2.950309     -1.889235     -0.133062
  C      -2.024478     -0.863263     -0.367852
  C      -2.408363      0.453088     -0.283132
  H      -5.709303     -0.022084      0.527958
  H      -4.987740     -2.375531      0.370636
  H      -2.639664     -2.922759     -0.201887
  H      -1.001393     -1.110690     -0.616863
  H      -1.699571      1.251883     -0.461993
  N      -4.141988      2.060214      0.126608
  H      -5.091832      2.306370      0.355293
  H      -3.497182      2.815734     -0.040536
  N       7.044760      3.550058     -1.326581
  O       7.312830      4.602377     -1.748536
  O       6.365170      2.977084     -0.571283
17
Coordinates from ORCA-job opt2_1 E -492.333454643807
  C      -3.766817      0.771166      0.044085
  C      -4.696776     -0.275585      0.282918
  C      -4.288652     -1.584086      0.194105
  C      -2.960495     -1.892792     -0.131409
  C      -2.036693     -0.865525     -0.368080
  C      -2.422354      0.450519     -0.283591
  H      -5.721032     -0.028925      0.532602
  H      -4.996566     -2.381388      0.375804
  H      -2.648420     -2.925903     -0.200069
  H      -1.013587     -1.111532     -0.618558
  H      -1.714597      1.249940     -0.463847
  N      -4.157834      2.055594      0.127449
  H      -5.107831      2.300177      0.357057
  H      -3.514650      2.812017     -0.041665
  N       7.102221      3.570212     -1.333452
  O       7.378400      4.623895     -1.746731
  O       6.419926      2.991927     -0.584597
17
Coordinates from ORCA-job opt2_1 E -492.333502645810
  C      -3.785462      0.766837      0.044952
  C      -4.708897     -0.284130      0.288283
  C      -4.294421     -1.591011      0.200390
  C      -2.965808     -1.893599     -0.128798
  C      -2.048615     -0.861643     -0.370020
  C      -2.440798      0.452813     -0.286326
  H      -5.733705     -0.042785      0.540955
  H      -4.998101     -2.391201      0.385875
  H      -2.648366     -2.925122     -0.196660
  H      -1.024935     -1.102286     -0.623428
  H      -1.736670      1.254709     -0.469730
  N      -4.183477      2.049800      0.127852
  H      -5.134339      2.288904      0.359395
  H      -3.545322      2.809403     -0.045682
  N       7.166449      3.586954     -1.342885
  O       7.464355      4.645500     -1.728324
  O       6.472350      2.996567     -0.613826
17
Coordinates from ORCA-job opt2_1 E -492.333553643142
  C      -3.808161      0.762732      0.046081
  C      -4.721426     -0.295757      0.294003
  C      -4.296074     -1.599350      0.206796
  C      -2.966061     -1.891076     -0.126368
  C      -2.059075     -0.851383     -0.372387
  C      -2.462194      0.459954     -0.289224
  H      -5.747531     -0.063440      0.549857
  H      -4.992670     -2.404847      0.395988
  H      -2.639720     -2.919833     -0.193808
  H      -1.034107     -1.083162     -0.628921
  H      -1.764516      1.266615     -0.476160
  N      -4.217482      2.042487      0.129141
  H      -5.169955      2.272681      0.362962
  H      -3.587050      2.807464     -0.048717
  N       7.236592      3.596952     -1.351541
  O       7.561707      4.656824     -1.710641
  O       6.521962      3.002850     -0.645040
17
Coordinates from ORCA-job opt2_1 E -492.333616960827
  C      -3.840796      0.759339      0.047568
  C      -4.733511     -0.315104      0.301417
  C      -4.285280     -1.611112      0.214658
  C      -2.951771     -1.879469     -0.124001
  C      -2.065325     -0.823825     -0.376478
  C      -2.491267      0.480303     -0.293474
  H      -5.762587     -0.101682      0.561731
  H      -4.967005     -2.428099      0.408615
  H      -2.606937     -2.902158     -0.191353
  H      -1.037404     -1.037171     -0.637232
  H      -1.807512      1.297652     -0.485375
  N      -4.273300      2.031536      0.131649
  H      -5.229192      2.243444      0.368729
  H      -3.658321      2.807673     -0.051698
  N       7.316398      3.589420     -1.359237
  O       7.688309      4.644946     -1.684454
  O       6.559741      3.004018     -0.689044
17
Coordinates from ORCA-job opt2_1 E -492.333696044548
  C      -3.873290      0.756039      0.049373
  C      -4.744897     -0.334799      0.308487
  C      -4.272970     -1.622203      0.221945
  C      -2.935900     -1.866026     -0.121530
  C      -2.070339     -0.794348     -0.379485
  C      -2.519858      0.501616     -0.296555
  H      -5.776860     -0.140580      0.572359
  H      -4.938838     -2.451234      0.419772
  H      -2.572219     -2.882146     -0.189042
  H      -1.039666     -0.988846     -0.644036
  H      -1.851537      1.330786     -0.493176
  N      -4.329129      2.019567      0.133390
  H      -5.288226      2.213465      0.373046
  H      -3.729659      2.806780     -0.054278
  N       7.394126      3.577883     -1.368606
  O       7.804441      4.630685     -1.654829
  O       6.599061      3.003071     -0.734815
17
Coordinates from ORCA-job opt2_1 E -492.333768555406
  C      -3.908397      0.752856      0.051158
  C      -4.754448     -0.357040      0.316427
  C      -4.254108     -1.633429      0.230257
  C      -2.913194     -1.847702     -0.118443
  C      -2.072610     -0.757459     -0.382235
  C      -2.550691      0.527923     -0.300005
  H      -5.789356     -0.184953      0.584137
  H      -4.900038     -2.477014      0.432585
  H      -2.527206     -2.855598     -0.185569
  H      -1.039104     -0.929619     -0.651099
  H      -1.902850      1.372107     -0.501529
  N      -4.391283      2.005608      0.133368
  H      -5.353558      2.179615      0.375693
  H      -3.809811      2.805357     -0.058417
  N       7.467853      3.558940     -1.382126
  O       7.920091      4.609722     -1.604845
  O       6.632949      2.990395     -0.797339
17
Coordinates from ORCA-job opt2_1 E -492.333827459831
  C      -3.945196      0.749214      0.052541
  C      -4.762185     -0.381028      0.323005
  C      -4.230024     -1.644384      0.237419
  C      -2.885249     -1.825234     -0.115385
  C      -2.073139     -0.714737     -0.384378
  C      -2.583438      0.557664     -0.303149
  H      -5.799998     -0.233817      0.594291
  H      -4.853265     -2.503907      0.443781
  H      -2.474199     -2.823236     -0.181614
  H      -1.036399     -0.861814     -0.656518
  H      -1.959546      1.418330     -0.508162
  N      -4.458296      1.989735      0.133753
  H      -5.423677      2.141304      0.378830
  H      -3.897142      2.803192     -0.061056
  N       7.537510      3.535253     -1.393840
  O       8.040886      4.573654     -1.554128
  O       6.657598      2.979521     -0.863370
17
Coordinates from ORCA-job opt2_1 E -492.333877494986
  C      -3.983666      0.745427      0.053459
  C      -4.766454     -0.407706      0.327256
  C      -4.196907     -1.654570      0.242580
  C      -2.847992     -1.795633     -0.112195
  C      -2.069211     -0.662190     -0.384556
  C      -2.617416      0.593612     -0.304771
  H      -5.807374     -0.289528      0.600768
  H      -4.792831     -2.532646      0.451421
  H      -2.407759     -2.781192     -0.177189
  H      -1.029025     -0.780012     -0.658186
  H      -2.023184      1.474228     -0.511478
  N      -4.531790      1.970915      0.133706
  H      -5.500263      2.096694      0.381216
  H      -3.994098      2.800017     -0.061288
  N       7.596370      3.500197     -1.404251
  O       8.156228      4.516746     -1.501189
  O       6.669613      2.965352     -0.933281
17
Coordinates from ORCA-job opt2_1 E -492.333900715632
  C      -4.007464      0.740378      0.054178
  C      -4.776629     -0.420946      0.328370
  C      -4.192328     -1.661616      0.244402
  C      -2.842096     -1.788030     -0.109862
  C      -2.075691     -0.646226     -0.380559
  C      -2.639409      0.604848     -0.302970
  H      -5.818629     -0.312939      0.601817
  H      -4.776901     -2.547446      0.452478
  H      -2.391340     -2.768823     -0.174562
  H      -1.035344     -0.752925     -0.653993
  H      -2.057902      1.495242     -0.510417
  N      -4.569548      1.960700      0.133187
  H      -5.538377      2.078121      0.383363
  H      -4.040288      2.795965     -0.057746
  N       7.653470      3.503808     -1.411706
  O       8.245521      4.503478     -1.488593
  O       6.717194      2.976121     -0.965368
17
Coordinates from ORCA-job opt2_1 E -492.333964864669
  C      -4.031230      0.736327      0.056154
  C      -4.786453     -0.434119      0.331005
  C      -4.187316     -1.667596      0.247538
  C      -2.835633     -1.777514     -0.107297
  C      -2.083583     -0.626353     -0.379611
  C      -2.661800      0.616744     -0.301638
  H      -5.829851     -0.339874      0.604398
  H      -4.761898     -2.559831      0.456280
  H      -2.372732     -2.752632     -0.172245
  H      -1.041185     -0.720496     -0.653599
  H      -2.090308      1.512487     -0.510361
  N      -4.608584      1.949298      0.135260
  H      -5.579048      2.053184      0.385055
  H      -4.090208      2.790927     -0.057858
  N       7.720746      3.501912     -1.423113
  O       8.327719      4.495120     -1.471404
  O       6.765605      2.982125     -0.996543
17
Coordinates from ORCA-job opt2_1 E -492.334014826600
  C      -4.047478      0.732871      0.057943
  C      -4.797337     -0.441362      0.333034
  C      -4.192614     -1.672087      0.249742
  C      -2.840185     -1.775911     -0.104990
  C      -2.093672     -0.621098     -0.377542
  C      -2.677510      0.619578     -0.299866
  H      -5.841418     -0.353125      0.605904
  H      -4.763818     -2.566506      0.458572
  H      -2.372671     -2.748828     -0.170130
  H      -1.050663     -0.709588     -0.651851
  H      -2.108718      1.516580     -0.510406
  N      -4.631098      1.942488      0.136375
  H      -5.602124      2.040396      0.386324
  H      -4.116963      2.786636     -0.057515
  N       7.780083      3.512233     -1.435579
  O       8.388876      4.505712     -1.460921
  O       6.821546      2.991722     -1.017073
17
Coordinates from ORCA-job opt2_1 E -492.334055691968
  C      -4.059178      0.729307      0.059197
  C      -4.808962     -0.445132      0.334122
  C      -4.204346     -1.675836      0.250997
  C      -2.851736     -1.779836     -0.103158
  C      -2.105322     -0.625007     -0.375580
  C      -2.689319      0.616417     -0.298483
  H      -5.853177     -0.357695      0.606690
  H      -4.776029     -2.569939      0.459848
  H      -2.384106     -2.752718     -0.167795
  H      -1.062480     -0.712312     -0.649513
  H      -2.119045      1.512389     -0.509414
  N      -4.643399      1.938566      0.137341
  H      -5.614346      2.035443      0.387941
  H      -4.129440      2.782887     -0.056260
  N       7.834396      3.530873     -1.445113
  O       8.442232      4.524850     -1.460744
  O       6.878497      3.007452     -1.028056
17
Coordinates from ORCA-job opt2_1 E -492.334093331056
  C      -4.073472      0.725124      0.060328
  C      -4.820610     -0.450864      0.335238
  C      -4.213287     -1.680235      0.252456
  C      -2.860423     -1.781291     -0.101355
  C      -2.116671     -0.624896     -0.373949
  C      -2.703508      0.615424     -0.297335
  H      -5.865042     -0.365952      0.607750
  H      -4.783136     -2.575474      0.461408
  H      -2.390509     -2.753108     -0.165397
  H      -1.073582     -0.709373     -0.647416
  H      -2.134555      1.512295     -0.507960
  N      -4.660602      1.933157      0.138572
  H      -5.631627      2.027530      0.389772
  H      -4.148554      2.778674     -0.054708
  N       7.891554      3.546940     -1.452948
  O       8.505216      4.537282     -1.461079
  O       6.933048      3.024477     -1.041358
17
Coordinates from ORCA-job opt2_1 E -492.334130891759
  C      -4.088729      0.720626      0.061484
  C      -4.832387     -0.457584      0.336071
  C      -4.221198     -1.684901      0.253752
  C      -2.867906     -1.781599     -0.099313
  C      -2.127476     -0.623121     -0.371729
  C      -2.718331      0.615283     -0.295799
  H      -5.877169     -0.375477      0.608118
  H      -4.788081     -2.582061      0.462487
  H      -2.394876     -2.751991     -0.162222
  H      -1.084005     -0.703676     -0.644167
  H      -2.151718      1.514150     -0.504653
  N      -4.679334      1.927023      0.139123
  H      -5.650504      2.019034      0.390706
  H      -4.169396      2.774053     -0.052991
  N       7.948817      3.562086     -1.462724
  O       8.569629      4.547677     -1.455990
  O       6.986904      3.040189     -1.060134
17
Coordinates from ORCA-job opt2_1 E -492.334168707883
  C      -4.104559      0.716482      0.062932
  C      -4.843780     -0.464490      0.337514
  C      -4.227900     -1.689591      0.255457
  C      -2.874158     -1.781220     -0.097323
  C      -2.138202     -0.619875     -0.369720
  C      -2.733730      0.616272     -0.294106
  H      -5.888963     -0.386498      0.609219
  H      -4.791554     -2.588813      0.464080
  H      -2.397429     -2.749799     -0.160299
  H      -1.094238     -0.696503     -0.642004
  H      -2.170374      1.516965     -0.503425
  N      -4.699907      1.920602      0.140439
  H      -5.671397      2.008660      0.392104
  H      -4.193200      2.769584     -0.051671
  N       8.007754      3.575274     -1.471214
  O       8.635421      4.556577     -1.453544
  O       7.040457      3.056084     -1.076421
17
Coordinates from ORCA-job opt2_1 E -492.334206909493
  C      -4.121450      0.711933      0.064382
  C      -4.855319     -0.472516      0.338319
  C      -4.233427     -1.694584      0.256702
  C      -2.879003     -1.779592     -0.094985
  C      -2.148198     -0.614808     -0.366632
  C      -2.749755      0.618235     -0.291597
  H      -5.901069     -0.398867      0.609057
  H      -4.792539     -2.596789      0.464676
  H      -2.397703     -2.745947     -0.157480
  H      -1.103638     -0.686483     -0.637956
  H      -2.191107      1.522113     -0.499739
  N      -4.722198      1.913343      0.140969
  H      -5.694110      1.997713      0.392298
  H      -4.218884      2.764649     -0.049836
  N       8.066444      3.587673     -1.481648
  O       8.703393      4.562389     -1.445631
  O       7.092803      3.071248     -1.098879
17
Coordinates from ORCA-job opt2_1 E -492.334244529018
  C      -4.138784      0.707401      0.065894
  C      -4.866750     -0.480932      0.338764
  C      -4.238176     -1.699613      0.257662
  C      -2.882910     -1.777311     -0.092430
  C      -2.157806     -0.608651     -0.362858
  C      -2.766045      0.620968     -0.288369
  H      -5.913173     -0.412266      0.608183
  H      -4.792342     -2.605085      0.464702
  H      -2.396562     -2.741156     -0.154625
  H      -1.112572     -0.675133     -0.633008
  H      -2.212904      1.528405     -0.495641
  N      -4.745632      1.905708      0.141535
  H      -5.718125      1.985799      0.392038
  H      -4.246126      2.759623     -0.047703
  N       8.125234      3.599257     -1.492548
  O       8.772377      4.566217     -1.436596
  O       7.144537      3.086479     -1.122980
17
Coordinates from ORCA-job opt2_1 E -492.334280967975
  C      -4.154320      0.703176      0.067325
  C      -4.878389     -0.487799      0.339048
  C      -4.245385     -1.704226      0.258453
  C      -2.889424     -1.777111     -0.089996
  C      -2.168147     -0.605802     -0.359267
  C      -2.780864      0.621702     -0.285192
  H      -5.925360     -0.422897      0.607261
  H      -4.796563     -2.611706      0.464657
  H      -2.399615     -2.739215     -0.151949
  H      -1.122378     -0.668833     -0.628216
  H      -2.231141      1.531264     -0.492170
  N      -4.765489      1.899301      0.142558
  H      -5.738494      1.975966      0.392097
  H      -4.268647      2.755013     -0.045571
  N       8.183145      3.613292     -1.502564
  O       8.837935      4.574037     -1.431459
  O       7.197376      3.103549     -1.142995
17
Coordinates from ORCA-job opt2_1 E -492.334316521939
  C      -4.169059      0.698985      0.068729
  C      -4.890250     -0.494005      0.339195
  C      -4.253878     -1.708695      0.259092
  C      -2.897282     -1.777859     -0.087624
  C      -2.178868     -0.604521     -0.355742
  C      -2.795011      0.621314     -0.282049
  H      -5.937715     -0.432197      0.606185
  H      -4.802969     -2.617637      0.464424
  H      -2.404720     -2.738574     -0.149195
  H      -1.132599     -0.664928     -0.623225
  H      -2.247715      1.532462     -0.488407
  N      -4.783543      1.893454      0.143794
  H      -5.757070      1.967261      0.392116
  H      -4.288739      2.750532     -0.043491
  N       8.240906      3.628555     -1.512117
  O       8.902533      4.583486     -1.427932
  O       7.250221      3.122077     -1.161732
17
Coordinates from ORCA-job opt2_1 E -492.334349960130
  C      -4.180507      0.695121      0.070120
  C      -4.902803     -0.497439      0.339497
  C      -4.267296     -1.712634      0.259721
  C      -2.910394     -1.782765     -0.085580
  C      -2.190917     -0.609872     -0.352697
  C      -2.806258      0.616584     -0.279288
  H      -5.950503     -0.435321      0.605480
  H      -4.817556     -2.621037      0.464298
  H      -2.418341     -2.743761     -0.146835
  H      -1.144413     -0.670998     -0.618816
  H      -2.257717      1.527173     -0.484966
  N      -4.794277      1.890013      0.145252
  H      -5.768093      1.963995      0.392325
  H      -4.298792      2.746748     -0.041777
  N       8.296905      3.648690     -1.520102
  O       8.961351      4.601096     -1.429763
  O       7.303852      3.144116     -1.174848
17
Coordinates from ORCA-job opt2_1 E -492.334383473072
  C      -4.192896      0.690921      0.071608
  C      -4.915509     -0.501716      0.339529
  C      -4.279799     -1.716838      0.260088
  C      -2.922445     -1.786653     -0.083366
  C      -2.202627     -0.613614     -0.349068
  C      -2.818188      0.612549     -0.276067
  H      -5.963558     -0.439743      0.604170
  H      -4.830270     -2.625360      0.463554
  H      -2.430149     -2.747552     -0.144226
  H      -1.155677     -0.674801     -0.613484
  H      -2.269710      1.523428     -0.480272
  N      -4.806605      1.885885      0.146545
  H      -5.780839      1.959867      0.391956
  H      -4.310851      2.742592     -0.039864
  N       8.354031      3.667824     -1.528252
  O       9.023195      4.616115     -1.430227
  O       7.356136      3.166807     -1.190607
17
Coordinates from ORCA-job opt2_1 E -492.334413017713
  C      -4.198831      0.687503      0.073023
  C      -4.929208     -0.500615      0.339904
  C      -4.301254     -1.719853      0.260592
  C      -2.944072     -1.798326     -0.081680
  C      -2.216577     -0.629831     -0.346374
  C      -2.824416      0.600461     -0.273497
  H      -5.977086     -0.432288      0.603657
  H      -4.857977     -2.624727      0.463297
  H      -2.457820     -2.762308     -0.142442
  H      -1.169773     -0.697423     -0.609695
  H      -2.269270      1.507571     -0.476896
  N      -4.804994      1.886362      0.148042
  H      -5.779117      1.966144      0.392040
  H      -4.303824      2.739868     -0.038539
  N       8.406517      3.695658     -1.533382
  O       9.073028      4.646318     -1.440068
  O       7.408917      3.195197     -1.195961
17
Coordinates from ORCA-job opt2_1 E -492.334442149903
  C      -4.204561      0.683898      0.074524
  C      -4.943271     -0.499391      0.339840
  C      -4.323423     -1.722857      0.260717
  C      -2.966335     -1.810358     -0.079767
  C      -2.230547     -0.646687     -0.342838
  C      -2.830299      0.587601     -0.270161
  H      -5.991023     -0.424045      0.602193
  H      -4.886544     -2.624042      0.462176
  H      -2.486559     -2.777592     -0.140411
  H      -1.183788     -0.721074     -0.604773
  H      -2.268622      1.491032     -0.472171
  N      -4.802504      1.886902      0.149276
  H      -5.776532      1.973357      0.391376
  H      -4.295339      2.736943     -0.036900
  N       8.459247      3.724198     -1.538603
  O       9.123939      4.676520     -1.449251
  O       7.460403      3.225305     -1.203206
17
Coordinates from ORCA-job opt2_1 E -492.334464645263
  C      -4.205301      0.680124      0.076131
  C      -4.958874     -0.494759      0.336891
  C      -4.352886     -1.724936      0.258325
  C      -2.995599     -1.827640     -0.076754
  C      -2.245268     -0.672098     -0.335122
  C      -2.830686      0.568367     -0.262963
  H      -6.006671     -0.407030      0.595199
  H      -4.926527     -2.620249      0.456265
  H      -2.527275     -2.800444     -0.137253
  H      -1.199015     -0.758695     -0.594452
  H      -2.259767      1.466295     -0.462443
  N      -4.789363      1.889947      0.149592
  H      -5.763209      1.988531      0.387812
  H      -4.271311      2.734266     -0.032663
  N       8.509635      3.758686     -1.540811
  O       9.172828      4.713032     -1.464585
  O       7.503529      3.266313     -1.211149
17
Coordinates from ORCA-job opt2_1 E -492.334494634173
  C      -4.209352      0.676658      0.077545
  C      -4.973146     -0.492008      0.336471
  C      -4.377239     -1.727361      0.258336
  C      -3.020267     -1.841389     -0.074843
  C      -2.259747     -0.692202     -0.331641
  C      -2.835282      0.552932     -0.259439
  H      -6.020584     -0.395460      0.593132
  H      -4.958767     -2.617890      0.454882
  H      -2.560062     -2.818103     -0.135080
  H      -1.213306     -0.786925     -0.589307
  H      -2.256051      1.446055     -0.456934
  N      -4.782841      1.891548      0.150752
  H      -5.756329      1.998589      0.386800
  H      -4.257290      2.731312     -0.031001
  N       8.560156      3.789520     -1.545790
  O       9.219702      4.746890     -1.475279
  O       7.554645      3.297543     -1.216585
17
Coordinates from ORCA-job opt2_1 E -492.334523861763
  C      -4.215172      0.673139      0.078863
  C      -4.986786     -0.490930      0.335406
  C      -4.398604     -1.730031      0.257792
  C      -3.041705     -1.852568     -0.072704
  C      -2.273652     -0.708010     -0.327463
  C      -2.841341      0.541013     -0.255258
  H      -6.034173     -0.388553      0.589986
  H      -4.986507     -2.616715      0.452745
  H      -2.587477     -2.832084     -0.132671
  H      -1.227460     -0.809000     -0.583119
  H      -2.255430      1.430152     -0.451472
  N      -4.781494      1.891481      0.152119
  H      -5.754884      2.003697      0.386074
  H      -4.250518      2.728120     -0.028248
  N       8.612714      3.816957     -1.550770
  O       9.270128      4.776266     -1.487165
  O       7.606602      3.326777     -1.222094
17
Coordinates from ORCA-job opt2_1 E -492.334551652761
  C      -4.220335      0.669472      0.080204
  C      -5.001000     -0.489453      0.332961
  C      -4.421410     -1.732622      0.256059
  C      -3.064342     -1.864451     -0.070150
  C      -2.287539     -0.725109     -0.321400
  C      -2.846422      0.528059     -0.249591
  H      -6.048518     -0.380241      0.584147
  H      -5.016350     -2.615201      0.448291
  H      -2.616784     -2.847079     -0.129446
  H      -1.241295     -0.833013     -0.573809
  H      -2.253057      1.412997     -0.442942
  N      -4.778495      1.891636      0.153031
  H      -5.751823      2.010081      0.384113
  H      -4.241038      2.724780     -0.024276
  N       8.664933      3.845386     -1.556261
  O       9.320605      4.806290     -1.498751
  O       7.657108      3.358178     -1.230158
17
Coordinates from ORCA-job opt2_1 E -492.334577479395
  C      -4.224722      0.665769      0.081505
  C      -5.015704     -0.487540      0.328293
  C      -4.445545     -1.735074      0.252415
  C      -3.087886     -1.876909     -0.067016
  C      -2.301206     -0.743243     -0.312620
  C      -2.850290      0.514507     -0.241702
  H      -6.063679     -0.370901      0.574183
  H      -5.048420     -2.613199      0.440302
  H      -2.647530     -2.862857     -0.125157
  H      -1.254595     -0.858689     -0.559857
  H      -2.248439      1.394804     -0.430500
  N      -4.774198      1.891947      0.153595
  H      -5.747598      2.017010      0.380796
  H      -4.229329      2.721415     -0.018228
  N       8.716700      3.874189     -1.561808
  O       9.371058      4.836459     -1.511974
  O       7.705620      3.392022     -1.240208
17
Coordinates from ORCA-job opt2_1 E -492.334599498896
  C      -4.227355      0.662062      0.082768
  C      -5.031137     -0.484608      0.319546
  C      -4.472073     -1.737148      0.245240
  C      -3.113074     -1.890519     -0.062898
  C      -2.314171     -0.763533     -0.298878
  C      -2.851620      0.499487     -0.229564
  H      -6.080116     -0.359129      0.556642
  H      -5.084595     -2.610146      0.425709
  H      -2.681110     -2.880291     -0.119136
  H      -1.266542     -0.887774     -0.537331
  H      -2.239414      1.374369     -0.410501
  N      -4.766752      1.892821      0.153475
  H      -5.740477      2.025672      0.374740
  H      -4.212572      2.718073     -0.008609
  N       8.766199      3.903682     -1.567527
  O       9.419806      4.866991     -1.527537
  O       7.749244      3.429701     -1.254121
17
Coordinates from ORCA-job opt2_1 E -492.334613248100
  C      -4.232082      0.659081      0.083919
  C      -5.037877     -0.482476      0.335529
  C      -4.484377     -1.737722      0.260050
  C      -3.130056     -1.899148     -0.065075
  C      -2.328051     -0.777102     -0.316528
  C      -2.861160      0.486239     -0.242323
  H      -6.083101     -0.350441      0.585334
  H      -5.098165     -2.607435      0.451713
  H      -2.704675     -2.891487     -0.125586
  H      -1.283615     -0.906722     -0.569440
  H      -2.250461      1.359154     -0.435658
  N      -4.762226      1.893711      0.156284
  H      -5.733719      2.034834      0.382317
  H      -4.206330      2.714152     -0.023333
  N       8.803631      3.928873     -1.567173
  O       9.450167      4.896809     -1.530020
  O       7.796338      3.439389     -1.237990
17
Coordinates from ORCA-job opt2_1 E -492.334637687096
  C      -4.235378      0.655205      0.085455
  C      -5.053001     -0.479709      0.328872
  C      -4.510069     -1.739674      0.254616
  C      -3.154976     -1.912420     -0.061554
  C      -2.341419     -0.797029     -0.305175
  C      -2.863817      0.470823     -0.231533
  H      -6.098750     -0.338947      0.571612
  H      -5.132763     -2.604368      0.440151
  H      -2.738033     -2.908382     -0.121241
  H      -1.296360     -0.935159     -0.551396
  H      -2.244263      1.338827     -0.418778
  N      -4.755157      1.894334      0.156735
  H      -5.726705      2.043638      0.377179
  H      -4.190471      2.710290     -0.015760
  N       8.853969      3.958834     -1.572480
  O       9.500471      4.927086     -1.543711
  O       7.840961      3.476362     -1.250972
17
Coordinates from ORCA-job opt2_1 E -492.334664773137
  C      -4.243599      0.651160      0.086995
  C      -5.066571     -0.480823      0.325690
  C      -4.528325     -1.742806      0.252024
  C      -3.172711     -1.920492     -0.058977
  C      -2.353952     -0.807938     -0.298076
  C      -2.871574      0.461983     -0.224659
  H      -6.112755     -0.336688      0.564508
  H      -5.155314     -2.605113      0.434137
  H      -2.759361     -2.917956     -0.118357
  H      -1.308617     -0.949920     -0.540176
  H      -2.247852      1.327618     -0.408694
  N      -4.759115      1.892175      0.158066
  H      -5.730961      2.044436      0.375070
  H      -4.190656      2.706225     -0.010986
  N       8.908304      3.982763     -1.578560
  O       9.555811      4.950445     -1.554140
  O       7.891487      3.504641     -1.261844
17
Coordinates from ORCA-job opt2_1 E -492.334692652355
  C      -4.253550      0.647042      0.088623
  C      -5.079722     -0.483356      0.323443
  C      -4.544049     -1.746450      0.250106
  C      -3.187874     -1.926761     -0.056694
  C      -2.365963     -0.815709     -0.291933
  C      -2.880977      0.455344     -0.218782
  H      -6.126376     -0.337454      0.559085
  H      -5.173663     -2.607441      0.429335
  H      -2.776419     -2.925016     -0.115860
  H      -1.320228     -0.959843     -0.530501
  H      -2.254678      1.319664     -0.399942
  N      -4.766755      1.889100      0.159536
  H      -5.739002      2.042864      0.373610
  H      -4.196072      2.702109     -0.006975
  N       8.963532      4.004495     -1.585293
  O       9.612557      4.971184     -1.562685
  O       7.943478      3.529939     -1.273050
17
Coordinates from ORCA-job opt2_1 E -492.334720954947
  C      -4.264664      0.642903      0.090293
  C      -5.092530     -0.486859      0.321895
  C      -4.557964     -1.750441      0.248727
  C      -3.201204     -1.931797     -0.054621
  C      -2.377604     -0.821302     -0.286564
  C      -2.891494      0.450269     -0.213664
  H      -6.139672     -0.340334      0.554951
  H      -5.189049     -2.610855      0.425520
  H      -2.790475     -2.930354     -0.113660
  H      -1.331428     -0.966409     -0.522155
  H      -2.263741      1.313996     -0.392357
  N      -4.776959      1.885408      0.161118
  H      -5.749672      2.039624      0.372685
  H      -4.205151      2.698008     -0.003491
  N       9.019275      4.024649     -1.592382
  O       9.670104      4.990115     -1.570136
  O       7.996468      3.553090     -1.284140
17
Coordinates from ORCA-job opt2_1 E -492.334749313732
  C      -4.276435      0.638759      0.091986
  C      -5.105128     -0.490914      0.320786
  C      -4.570826     -1.754630      0.247704
  C      -3.213470     -1.936134     -0.052673
  C      -2.389024     -0.825657     -0.281705
  C      -2.902652      0.446072     -0.209020
  H      -6.152759     -0.344397      0.551625
  H      -5.202698     -2.614899      0.422349
  H      -2.802811     -2.934720     -0.111638
  H      -1.342387     -0.971044     -0.514718
  H      -2.274111      1.309634     -0.385522
  N      -4.788603      1.881374      0.162758
  H      -5.761811      2.035476      0.372086
  H      -4.216292      2.693921     -0.000319
  N       9.075240      4.043892     -1.599671
  O       9.727960      5.008050     -1.576981
  O       8.050047      3.574928     -1.295028
17
Coordinates from ORCA-job opt2_1 E -492.334777717648
  C      -4.288704      0.634612      0.093691
  C      -5.117565     -0.495401      0.319970
  C      -4.582874     -1.758971      0.246924
  C      -3.224906     -1.939926     -0.050808
  C      -2.400264     -0.829050     -0.277200
  C      -2.914285      0.442567     -0.204702
  H      -6.165698     -0.349391      0.548840
  H      -5.215014     -2.619432      0.419621
  H      -2.813807     -2.938330     -0.109730
  H      -1.353146     -0.974171     -0.507924
  H      -2.285462      1.306293     -0.379216
  N      -4.801370      1.877070      0.164439
  H      -5.775098      2.030605      0.371726
  H      -4.229028      2.689853      0.002677
  N       9.131364      4.062415     -1.607125
  O       9.786037      5.025203     -1.583394
  O       8.104059      3.595763     -1.305768
17
Coordinates from ORCA-job opt2_1 E -492.334806003691
  C      -4.301286      0.630469      0.095397
  C      -5.129876     -0.500148      0.319429
  C      -4.594385     -1.763399      0.246383
  C      -3.235812     -1.943381     -0.049018
  C      -2.411399     -0.831846     -0.273038
  C      -2.926238      0.439482     -0.200688
  H      -6.178496     -0.354951      0.546563
  H      -5.226447     -2.624264      0.417335
  H      -2.823963     -2.941478     -0.107928
  H      -1.363806     -0.976348     -0.501751
  H      -2.297479      1.303585     -0.373418
  N      -4.814823      1.872605      0.166143
  H      -5.789068      2.025306      0.371572
  H      -4.242760      2.685795      0.005488
  N       9.187543      4.080491     -1.614664
  O       9.844148      5.041907     -1.589523
  O       8.158388      3.615883     -1.316261
17
Coordinates from ORCA-job opt2_1 E -492.334834358197
  C      -4.314245      0.626322      0.097105
  C      -5.142068     -0.505235      0.319053
  C      -4.605271     -1.767947      0.245980
  C      -3.246068     -1.946406     -0.047278
  C      -2.422385     -0.833889     -0.269091
  C      -2.938538      0.436947     -0.196877
  H      -6.191201     -0.361260      0.544596
  H      -5.236862     -2.629475      0.415307
  H      -2.833071     -2.944024     -0.106180
  H      -1.374302     -0.977343     -0.495965
  H      -2.310221      1.301679     -0.367952
  N      -4.829156      1.867924      0.167871
  H      -5.803946      2.019415      0.371592
  H      -4.257725      2.681757      0.008243
  N       9.243843      4.097999     -1.622349
  O       9.902450      5.057974     -1.595328
  O       8.213005      3.635272     -1.326707
17
Coordinates from ORCA-job opt2_1 E -492.334862553284
  C      -4.327368      0.622174      0.098811
  C      -5.154198     -0.510463      0.318799
  C      -4.615870     -1.772539      0.245693
  C      -3.256038     -1.949246     -0.045568
  C      -2.433308     -0.835615     -0.265308
  C      -2.951004      0.434630     -0.193206
  H      -6.203837     -0.367864      0.542850
  H      -5.246801     -2.634850      0.413488
  H      -2.841733     -2.946320     -0.104474
  H      -1.384728     -0.977818     -0.490488
  H      -2.323317      1.300112     -0.362715
  N      -4.843847      1.863152      0.169598
  H      -5.819174      2.013305      0.371706
  H      -4.273198      2.677719      0.010941
  N       9.300147      4.115268     -1.630111
  O       9.960725      5.073807     -1.600967
  O       8.267788      3.654258     -1.337030
17
Coordinates from ORCA-job opt2_1 E -492.334890641069
  C      -4.340640      0.618026      0.100512
  C      -5.166268     -0.515825      0.318633
  C      -4.626206     -1.777172      0.245489
  C      -3.265740     -1.951912     -0.043881
  C      -2.444171     -0.837039     -0.261651
  C      -2.963616      0.432525     -0.189646
  H      -6.216415     -0.374758      0.541269
  H      -5.256303     -2.640374      0.411825
  H      -2.849975     -2.948378     -0.102791
  H      -1.395090     -0.977804     -0.485249
  H      -2.336726      1.298864     -0.357666
  N      -4.858880      1.858292      0.171324
  H      -5.834743      2.006972      0.371910
  H      -4.289154      2.673685      0.013615
  N       9.356461      4.132308     -1.637939
  O      10.018991      5.089409     -1.606485
  O       8.322716      3.672892     -1.347250
17
Coordinates from ORCA-job opt2_1 E -492.334918607281
  C      -4.354025      0.613875      0.102208
  C      -5.178296     -0.521292      0.318514
  C      -4.636340     -1.781838      0.245335
  C      -3.275237     -1.954441     -0.042206
  C      -2.454985     -0.838232     -0.258070
  C      -2.976335      0.430584     -0.186155
  H      -6.228955     -0.381876      0.539774
  H      -5.265470     -2.646013      0.410253
  H      -2.857897     -2.950247     -0.101114
  H      -1.405398     -0.977410     -0.480158
  H      -2.350370      1.297863     -0.352724
  N      -4.874174      1.853361      0.173043
  H      -5.850572      2.000466      0.372172
  H      -4.305473      2.669652      0.016296
  N       9.412776      4.149177     -1.645841
  O      10.077242      5.104831     -1.611892
  O       8.377749      3.691252     -1.357415
17
Coordinates from ORCA-job opt2_1 E -492.334946442485
  C      -4.367497      0.609723      0.103899
  C      -5.190288     -0.526839      0.318434
  C      -4.646313     -1.786525      0.245222
  C      -3.284568     -1.956860     -0.040541
  C      -2.465760     -0.839241     -0.254554
  C      -2.989140      0.428772     -0.182721
  H      -6.241458     -0.389169      0.538354
  H      -5.274370     -2.651742      0.408760
  H      -2.865563     -2.951966     -0.099444
  H      -1.415666     -0.976714     -0.475192
  H      -2.364202      1.297057     -0.347878
  N      -4.889673      1.848372      0.174754
  H      -5.866600      1.993821      0.372483
  H      -4.322078      2.665616      0.018984
  N       9.469084      4.165907     -1.653803
  O      10.135460      5.120116     -1.617217
  O       8.432872      3.709382     -1.367519
17
Coordinates from ORCA-job opt2_1 E -492.334974086496
  C      -4.381005      0.605571      0.105583
  C      -5.202256     -0.532420      0.318380
  C      -4.656206     -1.791217      0.245142
  C      -3.293824     -1.959227     -0.038881
  C      -2.476520     -0.840170     -0.251086
  C      -3.001987      0.427010     -0.179328
  H      -6.253934     -0.396531      0.536981
  H      -5.283133     -2.657507      0.407327
  H      -2.873119     -2.953615     -0.097774
  H      -1.425920     -0.975877     -0.470322
  H      -2.378129      1.296334     -0.343099
  N      -4.905253      1.843356      0.176450
  H      -5.882700      1.987125      0.372827
  H      -4.338795      2.661576      0.021679
  N       9.525361      4.182578     -1.661808
  O      10.193608      5.135355     -1.622499
  O       8.488052      3.727369     -1.377553
17
Coordinates from ORCA-job opt2_1 E -492.335001562602
  C      -4.394534      0.601418      0.107259
  C      -5.214208     -0.538024      0.318333
  C      -4.666044     -1.795910      0.245078
  C      -3.303029     -1.961555     -0.037222
  C      -2.487270     -0.841043     -0.247641
  C      -3.014858      0.425284     -0.175957
  H      -6.266390     -0.403941      0.535623
  H      -5.291801     -2.663295      0.405923
  H      -2.880602     -2.955215     -0.096095
  H      -1.436165     -0.974940     -0.465504
  H      -2.392116      1.295668     -0.338355
  N      -4.920887      1.838320      0.178133
  H      -5.898843      1.980390      0.373192
  H      -4.355585      2.657532      0.024395
  N       9.581610      4.199208     -1.669850
  O      10.251683      5.150568     -1.627764
  O       8.543278      3.745246     -1.387526
17
Coordinates from ORCA-job opt2_1 E -492.335040633711
  C      -4.413507      0.597159      0.109773
  C      -5.226109     -0.549226      0.312143
  C      -4.668420     -1.802918      0.238440
  C      -3.302447     -1.957503     -0.034865
  C      -2.493868     -0.830241     -0.235948
  C      -3.030562      0.432636     -0.165936
  H      -6.280696     -0.423303      0.522673
  H      -5.288672     -2.675482      0.392565
  H      -2.871898     -2.947790     -0.092483
  H      -1.440532     -0.955872     -0.446683
  H      -2.411815      1.307750     -0.320792
  N      -4.949741      1.829687      0.180658
  H      -5.929954      1.963814      0.369943
  H      -4.389835      2.653709      0.032980
  N       9.639120      4.206400     -1.682686
  O      10.314638      5.153102     -1.630802
  O       8.598536      3.757786     -1.406960
17
Coordinates from ORCA-job opt2_1 E -492.335070169807
  C      -4.433047      0.592725      0.112225
  C      -5.237802     -0.560953      0.305098
  C      -4.669763     -1.809935      0.231293
  C      -3.300642     -1.952492     -0.032329
  C      -2.500047     -0.818016     -0.223527
  C      -3.046806      0.440770     -0.154941
  H      -6.294825     -0.443788      0.508348
  H      -5.283947     -2.688068      0.377946
  H      -2.861357     -2.938999     -0.088747
  H      -1.444115     -0.934456     -0.426813
  H      -2.433039      1.320742     -0.301834
  N      -4.980101      1.820410      0.182994
  H      -5.962579      1.945931      0.366398
  H      -4.426068      2.649662      0.042645
  N       9.696798      4.212509     -1.695674
  O      10.378485      5.154470     -1.634988
  O       8.653097      3.769197     -1.426077
