17
Coordinates from ORCA-job opt E -491.757630113737
  C      -2.244660      1.297950     -0.191540
  C      -3.342720      0.514010     -0.260090
  C      -3.223550     -0.956800     -0.244540
  C      -2.014360     -1.524250     -0.203520
  C      -0.800210     -0.678080     -0.170780
  C      -0.868400      0.677050     -0.065350
  H      -4.333500      0.954550     -0.321430
  H      -4.115790     -1.573530     -0.283930
  H      -1.919680     -2.605390     -0.219090
  H       0.158170     -1.184880     -0.247580
  H      -0.698460      0.782720      1.004820
  N      -2.416320      2.711710     -0.173720
  H      -3.355710      3.129630     -0.249220
  H      -1.623200      3.349390     -0.025070
  N       0.287920      1.381740     -0.551250
  O       0.164210      2.347240     -1.242100
  O       1.387460      0.957630     -0.347520
17
Coordinates from ORCA-job opt E -491.802195565110
  C      -2.251950      1.317559     -0.189178
  C      -3.360200      0.509389     -0.256449
  C      -3.224576     -0.920026     -0.242928
  C      -1.983219     -1.519727     -0.205126
  C      -0.813443     -0.724399     -0.174315
  C      -0.885472      0.688247     -0.055506
  H      -4.358611      0.940640     -0.320531
  H      -4.125187     -1.533962     -0.284030
  H      -1.888107     -2.605024     -0.224427
  H       0.150317     -1.229907     -0.249894
  H      -0.714953      0.792532      1.040571
  N      -2.389214      2.678015     -0.179052
  H      -3.311966      3.102822     -0.250136
  H      -1.589901      3.295583     -0.056407
  N       0.293575      1.420203     -0.570407
  O       0.106757      2.412683     -1.246308
  O       1.387351      0.956062     -0.327788
17
Coordinates from ORCA-job opt E -491.819239547068
  C      -2.259416      1.340612     -0.179275
  C      -3.378084      0.496188     -0.242621
  C      -3.223417     -0.876206     -0.239261
  C      -1.949610     -1.502707     -0.214840
  C      -0.827977     -0.757114     -0.179399
  C      -0.900115      0.700918     -0.030255
  H      -4.383347      0.917148     -0.307696
  H      -4.125972     -1.492048     -0.285402
  H      -1.860961     -2.590039     -0.249133
  H       0.146465     -1.245199     -0.250477
  H      -0.725710      0.802028      1.073662
  N      -2.382823      2.646547     -0.181357
  H      -3.304115      3.071575     -0.246165
  H      -1.577987      3.262192     -0.115093
  N       0.307951      1.434243     -0.582818
  O       0.109893      2.439998     -1.238119
  O       1.376427      0.932553     -0.323661
17
Coordinates from ORCA-job opt E -491.823147776032
  C      -2.256195      1.342071     -0.163295
  C      -3.386587      0.485430     -0.211109
  C      -3.234209     -0.876076     -0.228535
  C      -1.949027     -1.516348     -0.235773
  C      -0.823487     -0.771669     -0.188483
  C      -0.899752      0.699181      0.009486
  H      -4.388999      0.915389     -0.275717
  H      -4.137482     -1.491241     -0.282628
  H      -1.872663     -2.603680     -0.301182
  H       0.162654     -1.237222     -0.249307
  H      -0.718324      0.793942      1.110643
  N      -2.374015      2.648694     -0.196536
  H      -3.295648      3.077962     -0.249906
  H      -1.562336      3.259905     -0.257166
  N       0.308139      1.439462     -0.576585
  O       0.095055      2.480318     -1.166308
  O       1.374076      0.934572     -0.329510
17
Coordinates from ORCA-job opt E -491.824252202226
  C      -2.257482      1.350931     -0.146961
  C      -3.394149      0.482677     -0.185464
  C      -3.236956     -0.874793     -0.231743
  C      -1.939476     -1.518271     -0.257057
  C      -0.817345     -0.770602     -0.180186
  C      -0.901942      0.709220      0.063884
  H      -4.393423      0.921617     -0.245615
  H      -4.135021     -1.495986     -0.303887
  H      -1.870550     -2.603393     -0.358087
  H       0.182641     -1.208424     -0.217208
  H      -0.722032      0.805502      1.160399
  N      -2.384633      2.654221     -0.198291
  H      -3.309552      3.077500     -0.254940
  H      -1.575108      3.258867     -0.341547
  N       0.319611      1.445064     -0.545306
  O       0.111113      2.475538     -1.153752
  O       1.365505      0.871022     -0.396150
17
Coordinates from ORCA-job opt E -491.825092052380
  C      -2.257990      1.346942     -0.147102
  C      -3.397423      0.482833     -0.161063
  C      -3.240349     -0.879979     -0.226899
  C      -1.942079     -1.520119     -0.269163
  C      -0.821147     -0.771561     -0.182666
  C      -0.904231      0.706532      0.076988
  H      -4.393020      0.931085     -0.203592
  H      -4.134653     -1.505596     -0.298889
  H      -1.878983     -2.602816     -0.391599
  H       0.183651     -1.197772     -0.208221
  H      -0.715210      0.814425      1.166102
  N      -2.388156      2.650150     -0.218130
  H      -3.312590      3.073082     -0.289019
  H      -1.572863      3.242842     -0.389864
  N       0.318233      1.431930     -0.558347
  O       0.130390      2.511969     -1.080344
  O       1.367621      0.866743     -0.410102
17
Coordinates from ORCA-job opt E -491.825464308883
  C      -2.259027      1.341681     -0.142237
  C      -3.396254      0.480668     -0.161185
  C      -3.238555     -0.880500     -0.229198
  C      -1.942664     -1.517365     -0.268383
  C      -0.823116     -0.769796     -0.175904
  C      -0.906785      0.704499      0.080648
  H      -4.391604      0.929059     -0.202781
  H      -4.131801     -1.507932     -0.297665
  H      -1.879807     -2.600094     -0.391411
  H       0.181647     -1.196117     -0.198972
  H      -0.712910      0.820078      1.168544
  N      -2.383042      2.645664     -0.228534
  H      -3.303047      3.074006     -0.318304
  H      -1.556805      3.231236     -0.371402
  N       0.308990      1.435681     -0.556227
  O       0.117986      2.531565     -1.044072
  O       1.357993      0.858358     -0.454827
17
Coordinates from ORCA-job opt E -491.825893607704
  C      -2.263538      1.337824     -0.146154
  C      -3.396561      0.477447     -0.167665
  C      -3.236324     -0.880307     -0.236692
  C      -1.942203     -1.511924     -0.266923
  C      -0.824768     -0.765716     -0.158695
  C      -0.908443      0.706449      0.080744
  H      -4.392524      0.925044     -0.198635
  H      -4.126951     -1.512140     -0.300038
  H      -1.880250     -2.595134     -0.388340
  H       0.180400     -1.191387     -0.167152
  H      -0.706458      0.845005      1.165487
  N      -2.391641      2.640463     -0.241279
  H      -3.310430      3.067873     -0.342870
  H      -1.556557      3.221071     -0.349583
  N       0.310398      1.433308     -0.559369
  O       0.146245      2.567893     -0.964874
  O       1.340804      0.814922     -0.549872
17
Coordinates from ORCA-job opt E -491.826244982416
  C      -2.265745      1.335579     -0.148623
  C      -3.398337      0.474710     -0.176241
  C      -3.236708     -0.883162     -0.241246
  C      -1.941723     -1.512193     -0.261065
  C      -0.825690     -0.766042     -0.141680
  C      -0.908962      0.706537      0.085187
  H      -4.393880      0.923465     -0.207190
  H      -4.125205     -1.518183     -0.304006
  H      -1.880433     -2.595970     -0.377891
  H       0.179415     -1.190720     -0.137209
  H      -0.697929      0.866594      1.165502
  N      -2.393979      2.636776     -0.251143
  H      -3.311627      3.063967     -0.362272
  H      -1.550688      3.209627     -0.346637
  N       0.308562      1.435900     -0.563414
  O       0.171365      2.608531     -0.858087
  O       1.312765      0.785273     -0.665895
17
Coordinates from ORCA-job opt E -491.826603371495
  C      -2.265603      1.335354     -0.155910
  C      -3.399209      0.472211     -0.196225
  C      -3.237351     -0.886620     -0.246629
  C      -1.940322     -1.516515     -0.243717
  C      -0.824759     -0.769447     -0.121178
  C      -0.907501      0.706214      0.086499
  H      -4.394356      0.921018     -0.240511
  H      -4.125059     -1.522100     -0.315981
  H      -1.877753     -2.601559     -0.346969
  H       0.178559     -1.197309     -0.106397
  H      -0.689333      0.887738      1.162379
  N      -2.393769      2.636649     -0.249989
  H      -3.311149      3.062978     -0.366638
  H      -1.545191      3.208097     -0.320486
  N       0.304265      1.438598     -0.577239
  O       0.193832      2.637103     -0.762019
  O       1.275900      0.768281     -0.790898
17
Coordinates from ORCA-job opt E -491.826921962082
  C      -2.262519      1.336634     -0.159957
  C      -3.396843      0.471089     -0.226988
  C      -3.236034     -0.889230     -0.255095
  C      -1.937340     -1.522366     -0.216142
  C      -0.821751     -0.773616     -0.096186
  C      -0.904348      0.705683      0.090106
  H      -4.390689      0.918851     -0.301944
  H      -4.123820     -1.522805     -0.338409
  H      -1.871713     -2.608985     -0.297364
  H       0.178293     -1.208867     -0.074599
  H      -0.680076      0.905891      1.161119
  N      -2.389971      2.639223     -0.233456
  H      -3.307292      3.064022     -0.356554
  H      -1.541241      3.214001     -0.277197
  N       0.293401      1.439507     -0.599976
  O       0.207504      2.651791     -0.684711
  O       1.225639      0.759867     -0.924557
17
Coordinates from ORCA-job opt E -491.827090655378
  C      -2.260128      1.336629     -0.158961
  C      -3.391575      0.469901     -0.255660
  C      -3.230644     -0.890139     -0.267168
  C      -1.932579     -1.523829     -0.190250
  C      -0.818847     -0.773042     -0.066594
  C      -0.902302      0.707944      0.099195
  H      -4.383240      0.916049     -0.361408
  H      -4.116683     -1.523266     -0.369323
  H      -1.864015     -2.611326     -0.254991
  H       0.178895     -1.213335     -0.034040
  H      -0.670794      0.928159      1.163688
  N      -2.388893      2.640631     -0.213678
  H      -3.304986      3.064237     -0.349591
  H      -1.542621      3.220291     -0.222762
  N       0.278226      1.434349     -0.626622
  O       0.233060      2.652364     -0.625668
  O       1.158326      0.745073     -1.058076
17
Coordinates from ORCA-job opt E -491.827173558808
  C      -2.256522      1.335638     -0.152724
  C      -3.385007      0.470586     -0.276569
  C      -3.223986     -0.890037     -0.279475
  C      -1.928031     -1.524899     -0.172673
  C      -0.815547     -0.772947     -0.042289
  C      -0.900547      0.708964      0.111044
  H      -4.373795      0.915940     -0.408800
  H      -4.108228     -1.522219     -0.401171
  H      -1.858038     -2.612874     -0.226381
  H       0.180199     -1.217129      0.003135
  H      -0.664741      0.940429      1.170928
  N      -2.382034      2.640946     -0.191424
  H      -3.295364      3.067817     -0.335728
  H      -1.539214      3.224257     -0.186664
  N       0.259795      1.430149     -0.645796
  O       0.230757      2.648188     -0.612086
  O       1.101503      0.737882     -1.145236
17
Coordinates from ORCA-job opt E -491.827214354660
  C      -2.257549      1.334283     -0.148845
  C      -3.384233      0.470514     -0.276717
  C      -3.221199     -0.889480     -0.284825
  C      -1.926438     -1.523291     -0.175007
  C      -0.815313     -0.771600     -0.036429
  C      -0.900760      0.709935      0.115410
  H      -4.373202      0.915826     -0.407275
  H      -4.104299     -1.522921     -0.408710
  H      -1.857529     -2.611331     -0.229599
  H       0.180777     -1.214034      0.017952
  H      -0.661843      0.945235      1.173443
  N      -2.382343      2.639842     -0.189224
  H      -3.293622      3.068956     -0.339769
  H      -1.539758      3.223354     -0.179474
  N       0.255072      1.427652     -0.649693
  O       0.235207      2.645597     -0.612995
  O       1.088232      0.732153     -1.160153
17
Coordinates from ORCA-job opt E -491.827236449174
  C      -2.258593      1.333595     -0.144831
  C      -3.384130      0.471101     -0.275432
  C      -3.218608     -0.888616     -0.291369
  C      -1.924833     -1.522092     -0.180121
  C      -0.814785     -0.771279     -0.030980
  C      -0.900415      0.710820      0.118726
  H      -4.373849      0.916013     -0.401288
  H      -4.100521     -1.523073     -0.419092
  H      -1.857582     -2.610148     -0.236794
  H       0.181384     -1.211824      0.035299
  H      -0.657823      0.948866      1.175194
  N      -2.382006      2.639335     -0.184719
  H      -3.291389      3.071979     -0.337147
  H      -1.540469      3.224161     -0.174139
  N       0.250992      1.424692     -0.653793
  O       0.227981      2.642544     -0.634553
  O       1.085847      0.724617     -1.156869
17
Coordinates from ORCA-job opt E -491.827243876020
  C      -2.258865      1.333629     -0.142673
  C      -3.383632      0.471046     -0.279408
  C      -3.217272     -0.888586     -0.296235
  C      -1.923917     -1.522006     -0.178565
  C      -0.814455     -0.771410     -0.024368
  C      -0.899627      0.711463      0.120582
  H      -4.373253      0.915487     -0.407479
  H      -4.098349     -1.523452     -0.427685
  H      -1.857163     -2.610220     -0.232626
  H       0.181103     -1.212109      0.048502
  H      -0.652579      0.954231      1.174891
  N      -2.382594      2.639318     -0.179437
  H      -3.291292      3.072588     -0.334287
  H      -1.541663      3.224813     -0.166488
  N       0.248156      1.423227     -0.659478
  O       0.232288      2.640950     -0.632246
  O       1.074315      0.721723     -1.174910
17
Coordinates from ORCA-job opt E -491.827248608373
  C      -2.258803      1.333976     -0.141065
  C      -3.383572      0.471105     -0.281506
  C      -3.217018     -0.888512     -0.299078
  C      -1.923633     -1.522147     -0.177894
  C      -0.814404     -0.771748     -0.020983
  C      -0.899067      0.711839      0.121481
  H      -4.373067      0.915287     -0.411437
  H      -4.097602     -1.523376     -0.433699
  H      -1.857074     -2.610446     -0.230364
  H       0.180767     -1.212762      0.055457
  H      -0.648109      0.957142      1.174202
  N      -2.382907      2.639654     -0.174912
  H      -3.291517      3.073059     -0.330091
  H      -1.542418      3.225705     -0.162009
  N       0.246971      1.422306     -0.663259
  O       0.230587      2.639973     -0.638194
  O       1.072068      0.719637     -1.178558
17
Coordinates from ORCA-job opt E -491.827251973399
  C      -2.258625      1.334132     -0.139378
  C      -3.383437      0.471235     -0.283278
  C      -3.217021     -0.888423     -0.301560
  C      -1.923695     -1.522137     -0.177136
  C      -0.814663     -0.771811     -0.018115
  C      -0.898792      0.712101      0.122214
  H      -4.372665      0.915388     -0.415329
  H      -4.097160     -1.523155     -0.439529
  H      -1.857035     -2.610485     -0.228386
  H       0.180063     -1.213378      0.061095
  H      -0.643242      0.959866      1.173144
  N      -2.383242      2.639852     -0.170241
  H      -3.291972      3.073050     -0.325370
  H      -1.543030      3.226190     -0.157555
  N       0.246109      1.421435     -0.666929
  O       0.227320      2.639056     -0.646788
  O       1.072286      0.717774     -1.178768
17
Coordinates from ORCA-job opt E -491.827253490950
  C      -2.258550      1.334050     -0.138206
  C      -3.383226      0.471343     -0.284140
  C      -3.216963     -0.888314     -0.302861
  C      -1.923770     -1.521946     -0.176694
  C      -0.814931     -0.771560     -0.016624
  C      -0.898915      0.712201      0.122976
  H      -4.372195      0.915672     -0.417547
  H      -4.096868     -1.522958     -0.442648
  H      -1.856860     -2.610297     -0.227567
  H       0.179558     -1.213481      0.063713
  H      -0.640507      0.961366      1.172777
  N      -2.383506      2.639862     -0.167579
  H      -3.292301      3.072742     -0.323157
  H      -1.543335      3.226196     -0.154784
  N       0.245631      1.420858     -0.668927
  O       0.225343      2.638432     -0.652294
  O       1.072594      0.716525     -1.178349
17
Coordinates from ORCA-job opt E -491.827254179848
  C      -2.258585      1.333893     -0.137632
  C      -3.383036      0.471413     -0.284533
  C      -3.216842     -0.888243     -0.303382
  C      -1.923793     -1.521752     -0.176454
  C      -0.815101     -0.771247     -0.015860
  C      -0.899217      0.712187      0.123573
  H      -4.371824      0.915944     -0.418606
  H      -4.096654     -1.522844     -0.443948
  H      -1.856606     -2.610080     -0.227466
  H       0.179266     -1.213382      0.064808
  H      -0.639417      0.962141      1.172781
  N      -2.383649      2.639793     -0.166403
  H      -3.292458      3.072444     -0.322445
  H      -1.543445      3.226019     -0.153211
  N       0.245420      1.420553     -0.669854
  O       0.224636      2.638073     -0.654898
  O       1.072506      0.715778     -1.178378
