17
Coordinates from ORCA-job opt2 E -491.663035022052
  C      -2.319262      1.317409     -0.558855
  C      -3.448030      0.487979     -0.886844
  C      -3.375734     -0.884917     -0.789722
  C      -2.182938     -1.505104     -0.363633
  C      -1.059387     -0.725772     -0.032890
  C      -1.113718      0.652763     -0.122425
  H      -4.367935      0.976215     -1.217436
  H      -4.246052     -1.493078     -1.044945
  H      -2.124393     -2.592888     -0.289089
  H      -0.127864     -1.185435      0.299102
  H       3.188236     -0.375147      9.948073
  N      -2.416157      2.640121     -0.664164
  H      -3.280060      3.074183     -0.977037
  H      -1.589626      3.198929     -0.424147
  N       0.097635      1.410533      0.243650
  O       0.051070      2.637013      0.157098
  O       1.064185      0.780846      0.609116
17
Coordinates from ORCA-job opt2 E -491.663059710257
  C      -2.321933      1.317827     -0.563124
  C      -3.450237      0.488447     -0.892785
  C      -3.378048     -0.884490     -0.795889
  C      -2.185863     -1.504791     -0.368241
  C      -1.062615     -0.725524     -0.036235
  C      -1.116842      0.653083     -0.125574
  H      -4.369498      0.976852     -1.224911
  H      -4.247858     -1.492665     -1.052794
  H      -2.127463     -2.592613     -0.293912
  H      -0.131223     -1.185502      0.295761
  H       3.229739     -0.381712     10.026765
  N      -2.418531      2.640569     -0.668707
  H      -3.281919      3.074851     -0.982693
  H      -1.592228      3.199260     -0.427614
  N       0.094648      1.411041      0.239710
  O       0.048228      2.637440      0.151768
  O       1.061613      0.781576      0.604325
17
Coordinates from ORCA-job opt2 E -491.663085304467
  C      -2.324756      1.318415     -0.568502
  C      -3.452154      0.488774     -0.900538
  C      -3.380055     -0.884138     -0.803085
  C      -2.188958     -1.504214     -0.372137
  C      -1.066562     -0.724714     -0.037779
  C      -1.120540      0.653869     -0.127958
  H      -4.370434      0.977172     -1.235371
  H      -4.249006     -1.492576     -1.062261
  H      -2.130853     -2.592000     -0.296994
  H      -0.135754     -1.184836      0.295692
  H       3.276057     -0.390570     10.105949
  N      -2.421340      2.641096     -0.675197
  H      -3.283969      3.075236     -0.991440
  H      -1.595502      3.199975     -0.432923
  N       0.090989      1.411771      0.237423
  O       0.044996      2.638174      0.148902
  O       1.057811      0.782217      0.602071
17
Coordinates from ORCA-job opt2 E -491.663113339545
  C      -2.327555      1.318915     -0.576001
  C      -3.453257      0.488859     -0.912670
  C      -3.381699     -0.883945     -0.813106
  C      -2.192986     -1.503515     -0.374907
  C      -1.072217     -0.723546     -0.036166
  C      -1.125530      0.654858     -0.128923
  H      -4.369619      0.977199     -1.252800
  H      -4.249163     -1.492838     -1.076175
  H      -2.135653     -2.591174     -0.297426
  H      -0.142949     -1.183549      0.301708
  H       3.332988     -0.401928     10.185813
  N      -2.423639      2.641522     -0.684424
  H      -3.284528      3.075702     -1.005261
  H      -1.598714      3.200466     -0.439208
  N       0.084906      1.413124      0.239050
  O       0.038328      2.639568      0.150939
  O       1.051257      0.783930      0.605406
17
Coordinates from ORCA-job opt2 E -491.663150807397
  C      -2.330827      1.319683     -0.591015
  C      -3.451062      0.488053     -0.941790
  C      -3.381623     -0.884242     -0.833942
  C      -2.200619     -1.501870     -0.372762
  C      -1.084804     -0.720322     -0.021501
  C      -1.135797      0.657435     -0.123080
  H      -4.361493      0.975631     -1.298533
  H      -4.244703     -1.494552     -1.107944
  H      -2.145645     -2.589049     -0.287451
  H      -0.160695     -1.179108      0.331788
  H       3.431153     -0.423535     10.267743
  N      -2.425812      2.641929     -0.704955
  H      -3.281354      3.075447     -1.040581
  H      -1.604720      3.201689     -0.448935
  N       0.070514      1.416223      0.256875
  O       0.023422      2.642866      0.170886
  O       1.034035      0.787371      0.631045
17
Coordinates from ORCA-job opt2 E -491.663200458099
  C      -2.334031      1.320473     -0.620796
  C      -3.440540      0.485014     -1.004775
  C      -3.377276     -0.885819     -0.876178
  C      -2.216023     -1.498495     -0.361160
  C      -1.112548     -0.713189      0.019410
  C      -1.157503      0.662878     -0.102919
  H      -4.335811      0.969903     -1.401338
  H      -4.229854     -1.499323     -1.174862
  H      -2.167140     -2.584329     -0.257448
  H      -0.201780     -1.167629      0.411029
  H       3.611160     -0.464999     10.345894
  N      -2.424916      2.641724     -0.748696
  H      -3.266331      3.073343     -1.120456
  H      -1.614462      3.203551     -0.464721
  N       0.036745      1.423463      0.309282
  O      -0.012728      2.650422      0.228164
  O       0.993009      0.796663      0.705420
17
Coordinates from ORCA-job opt2 E -491.663236749145
  C      -2.335291      1.321072     -0.662445
  C      -3.418744      0.478798     -1.094829
  C      -3.366471     -0.889264     -0.934516
  C      -2.238648     -1.493082     -0.340368
  C      -1.155791     -0.701327      0.083173
  C      -1.190537      0.671687     -0.069719
  H      -4.288594      0.957665     -1.550843
  H      -4.202045     -1.507911     -1.268591
  H      -2.199801     -2.576398     -0.209919
  H      -0.267234     -1.146141      0.532971
  H       3.854990     -0.524531     10.403557
  N      -2.418464      2.640376     -0.813132
  H      -3.235816      3.067518     -1.239691
  H      -1.627436      3.206492     -0.486042
  N      -0.017110      1.434658      0.393111
  O      -0.069794      2.661878      0.316842
  O       0.926755      0.812160      0.826292
17
Coordinates from ORCA-job opt2 E -491.663268465101
  C      -2.335645      1.320903     -0.688176
  C      -3.405482      0.475077     -1.146928
  C      -3.360811     -0.891113     -0.969333
  C      -2.253380     -1.490056     -0.333150
  C      -1.183294     -0.694966      0.115378
  C      -1.211426      0.676428     -0.053182
  H      -4.259826      0.949540     -1.635690
  H      -4.186947     -1.512012     -1.322195
  H      -2.220547     -2.571874     -0.189392
  H      -0.309427     -1.132736      0.599162
  H       4.016268     -0.561924     10.471791
  N      -2.411939      2.638817     -0.853199
  H      -3.213704      3.062777     -1.311411
  H      -1.633933      3.207574     -0.500479
  N      -0.053140      1.442765      0.440591
  O      -0.108937      2.669792      0.362945
  O       0.882142      0.824657      0.899117
17
Coordinates from ORCA-job opt2 E -491.663316258040
  C      -2.334739      1.319533     -0.703920
  C      -3.398777      0.474218     -1.176383
  C      -3.359949     -0.890818     -0.991692
  C      -2.262983     -1.489454     -0.337617
  C      -1.200223     -0.695074      0.128521
  C      -1.223727      0.676816     -0.044163
  H      -4.245098      0.945001     -1.682359
  H      -4.183379     -1.510106     -1.353582
  H      -2.232334     -2.571108     -0.191866
  H      -0.338359     -1.128849      0.635120
  H       4.134475     -0.583750     10.542804
  N      -2.401940      2.636135     -0.881589
  H      -3.193642      3.056703     -1.360175
  H      -1.633683      3.206618     -0.510961
  N      -0.080702      1.451548      0.473297
  O      -0.139515      2.677544      0.383771
  O       0.844544      0.838693      0.956643
17
Coordinates from ORCA-job opt2 E -491.663347550265
  C      -2.335120      1.320156     -0.729370
  C      -3.382619      0.468804     -1.227116
  C      -3.350698     -0.893974     -1.024125
  C      -2.277311     -1.484632     -0.325282
  C      -1.230805     -0.684674      0.166564
  C      -1.247393      0.685091     -0.023728
  H      -4.211001      0.931831     -1.768681
  H      -4.161726     -1.517242     -1.406586
  H      -2.251466     -2.564518     -0.165789
  H      -0.385712     -1.110005      0.708257
  H       4.297903     -0.634742     10.602028
  N      -2.395468      2.634052     -0.929111
  H      -3.170277      3.046206     -1.441438
  H      -1.642659      3.210877     -0.537375
  N      -0.120432      1.463338      0.523318
  O      -0.176796      2.688865      0.426929
  O       0.791550      0.854217      1.037355
17
Coordinates from ORCA-job opt2 E -491.663394133793
  C      -2.338192      1.321166     -0.735684
  C      -3.382804      0.468280     -1.235993
  C      -3.350008     -0.894356     -1.031632
  C      -2.280342     -1.482345     -0.325382
  C      -1.237447     -0.681006      0.171995
  C      -1.253564      0.688569     -0.021358
  H      -4.209011      0.928407     -1.783315
  H      -4.157689     -1.518982     -1.418894
  H      -2.253604     -2.562058     -0.164558
  H      -0.395783     -1.109089      0.718467
  H       4.358665     -0.658247     10.676083
  N      -2.398766      2.634110     -0.943544
  H      -3.173225      3.041440     -1.460108
  H      -1.647366      3.214018     -0.553958
  N      -0.128615      1.469781      0.525845
  O      -0.177263      2.694350      0.416911
  O       0.774984      0.859614      1.050975
17
Coordinates from ORCA-job opt2 E -491.663443291844
  C      -2.338092      1.320837     -0.753450
  C      -3.371189      0.464483     -1.270931
  C      -3.343094     -0.896976     -1.056108
  C      -2.290650     -1.479080     -0.320004
  C      -1.260224     -0.673563      0.196511
  C      -1.271400      0.693971     -0.007715
  H      -4.184968      0.919631     -1.840586
  H      -4.140965     -1.524543     -1.458636
  H      -2.267602     -2.557396     -0.149487
  H      -0.432166     -1.099151      0.764487
  H       4.483646     -0.695928     10.737364
  N      -2.393529      2.632205     -0.974312
  H      -3.157641      3.034192     -1.509990
  H      -1.649531      3.215466     -0.575949
  N      -0.159261      1.480632      0.558032
  O      -0.199960      2.702994      0.426615
  O       0.726597      0.875877      1.120010
17
Coordinates from ORCA-job opt2 E -491.663491495553
  C      -2.338689      1.320297     -0.768089
  C      -3.361770      0.460580     -1.299595
  C      -3.337185     -0.899791     -1.076498
  C      -2.298601     -1.476354     -0.316960
  C      -1.279169     -0.666447      0.215480
  C      -1.286937      0.699137      0.002305
  H      -4.164902      0.912568     -1.886607
  H      -4.126179     -1.530647     -1.491190
  H      -2.278773     -2.553312     -0.138001
  H      -0.463337     -1.092176      0.799982
  H       4.591924     -0.729900     10.798118
  N      -2.390172      2.630369     -0.997735
  H      -3.146009      3.029513     -1.547149
  H      -1.648190      3.214918     -0.597658
  N      -0.186298      1.491066      0.582988
  O      -0.214671      2.710024      0.422041
  O       0.678929      0.893802      1.184419
17
Coordinates from ORCA-job opt2 E -491.663521558534
  C      -2.341200      1.320558     -0.777568
  C      -3.359661      0.458455     -1.314373
  C      -3.336033     -0.901087     -1.086935
  C      -2.303032     -1.474581     -0.317472
  C      -1.288491     -0.662214      0.221026
  C      -1.295311      0.702668      0.003009
  H      -4.157785      0.909179     -1.909136
  H      -4.121136     -1.534078     -1.505747
  H      -2.284147     -2.550950     -0.135036
  H      -0.478371     -1.087439      0.814013
  H       4.663277     -0.752338     10.868606
  N      -2.391286      2.629816     -1.011115
  H      -3.142652      3.028191     -1.567213
  H      -1.650015      3.214851     -0.610208
  N      -0.199426      1.496195      0.589971
  O      -0.221210      2.713761      0.416486
  O       0.656448      0.902664      1.207543
17
Coordinates from ORCA-job opt2 E -491.663550356282
  C      -2.343142      1.320558     -0.790398
  C      -3.354944      0.454765     -1.334272
  C      -3.333049     -0.903308     -1.099432
  C      -2.308536     -1.472144     -0.315118
  C      -1.301168     -0.656274      0.231436
  C      -1.306456      0.707705      0.006204
  H      -4.145462      0.902928     -1.941006
  H      -4.112851     -1.539328     -1.523543
  H      -2.290784     -2.547697     -0.127835
  H      -0.499662     -1.077933      0.838533
  H       4.748990     -0.783086     10.935078
  N      -2.390082      2.628285     -1.031733
  H      -3.133565      3.024815     -1.599648
  H      -1.651905      3.214644     -0.626653
  N      -0.218696      1.503894      0.604206
  O      -0.234025      2.720044      0.417527
  O       0.625309      0.915780      1.242505
17
Coordinates from ORCA-job opt2 E -491.663574462640
  C      -2.345454      1.320591     -0.800845
  C      -3.352884      0.451820     -1.348303
  C      -3.331537     -0.905028     -1.107902
  C      -2.312208     -1.469976     -0.313906
  C      -1.309683     -0.651444      0.237315
  C      -1.314745      0.712040      0.006852
  H      -4.138599      0.898030     -1.962661
  H      -4.107750     -1.543661     -1.534673
  H      -2.294871     -2.544935     -0.123203
  H      -0.514168     -1.070698      0.854288
  H       4.819545     -0.810731     11.003721
  N      -2.390315      2.627054     -1.048463
  H      -3.128321      3.022173     -1.624453
  H      -1.654026      3.214393     -0.641000
  N      -0.233082      1.511173      0.611207
  O      -0.242971      2.726033      0.413627
  O       0.601039      0.926815      1.264250
17
Coordinates from ORCA-job opt2 E -491.663597483640
  C      -2.344963      1.319604     -0.820363
  C      -3.340150      0.444313     -1.379986
  C      -3.323055     -0.909867     -1.125106
  C      -2.320588     -1.465813     -0.303568
  C      -1.331239     -0.640754      0.260862
  C      -1.332483      0.720469      0.017083
  H      -4.112302      0.884162     -2.015744
  H      -4.089613     -1.553685     -1.561440
  H      -2.306295     -2.538897     -0.102291
  H      -0.549897     -1.050508      0.901311
  H       4.933495     -0.861428     11.056193
  N      -2.383767      2.623104     -1.083710
  H      -3.107965      3.012557     -1.680688
  H      -1.655974      3.214321     -0.666437
  N      -0.266111      1.526097      0.639889
  O      -0.269034      2.738167      0.424102
  O       0.549912      0.951809      1.325743
17
Coordinates from ORCA-job opt2 E -491.663620445959
  C      -2.345804      1.319194     -0.833560
  C      -3.333645      0.439524     -1.399226
  C      -3.318731     -0.912926     -1.135010
  C      -2.326074     -1.462593     -0.297427
  C      -1.344348     -0.633157      0.273490
  C      -1.343703      0.726496      0.020899
  H      -4.098306      0.874619     -2.047181
  H      -4.079413     -1.560308     -1.576328
  H      -2.313750     -2.534305     -0.088809
  H      -0.570130     -1.037163      0.926293
  H       5.015005     -0.899570     11.118517
  N      -2.381703      2.620755     -1.107037
  H      -3.098626      3.005711     -1.715578
  H      -1.659438      3.215086     -0.684608
  N      -0.285949      1.537093      0.651607
  O      -0.285881      2.747454      0.426898
  O       0.520468      0.967739      1.352908
17
Coordinates from ORCA-job opt2 E -491.663646200814
  C      -2.343535      1.317455     -0.854304
  C      -3.316759      0.428669     -1.430354
  C      -3.306598     -0.920092     -1.146310
  C      -2.333789     -1.456045     -0.277253
  C      -1.366138     -0.617365      0.303882
  C      -1.361206      0.738455      0.031856
  H      -4.067424      0.852192     -2.101895
  H      -4.055683     -1.574767     -1.596597
  H      -2.326216     -2.524425     -0.051931
  H      -0.603407     -1.010156      0.977317
  H       5.120111     -0.969842     11.162597
  N      -2.375255      2.615104     -1.147837
  H      -3.080432      2.988789     -1.776702
  H      -1.665065      3.217334     -0.716643
  N      -0.320269      1.561182      0.674388
  O      -0.317620      2.768341      0.436848
  O       0.469257      0.998820      1.398789
17
Coordinates from ORCA-job opt2 E -491.663651498944
  C      -2.338817      1.314068     -0.880106
  C      -3.291592      0.412662     -1.470768
  C      -3.288829     -0.930718     -1.161434
  C      -2.344116     -1.448289     -0.251245
  C      -1.397513     -0.596346      0.344817
  C      -1.385516      0.753859      0.048584
  H      -4.020658      0.821914     -2.174189
  H      -4.021724     -1.595267     -1.623730
  H      -2.341981     -2.512268     -0.005898
  H      -0.654631     -0.971605      1.048030
  H       5.246672     -1.057174     11.182162
  N      -2.362880      2.606024     -1.198695
  H      -3.048896      2.966502     -1.855800
  H      -1.666632      3.217255     -0.757604
  N      -0.369055      1.591545      0.712580
  O      -0.356957      2.792189      0.445148
  O       0.393094      1.049298      1.483999
17
Coordinates from ORCA-job opt2 E -491.663679079183
  C      -2.343328      1.315551     -0.881073
  C      -3.299097      0.415314     -1.468602
  C      -3.294480     -0.928603     -1.162236
  C      -2.344386     -1.448338     -0.258862
  C      -1.394467     -0.597865      0.334357
  C      -1.384215      0.753142      0.040248
  H      -4.031889      0.826108     -2.167246
  H      -4.030004     -1.592157     -1.621784
  H      -2.340951     -2.512889     -0.016039
  H      -0.647989     -0.976797      1.033050
  H       5.272949     -1.058389     11.259662
  N      -2.369660      2.608309     -1.195883
  H      -3.059120      2.970345     -1.848558
  H      -1.671598      3.218884     -0.756724
  N      -0.363051      1.588654      0.698905
  O      -0.352582      2.790626      0.436958
  O       0.403838      1.041756      1.459677
17
Coordinates from ORCA-job opt2 E -491.663696807520
  C      -2.344880      1.315163     -0.891389
  C      -3.295298      0.410649     -1.481062
  C      -3.291696     -0.931458     -1.167188
  C      -2.347717     -1.445297     -0.254092
  C      -1.403410     -0.590422      0.342017
  C      -1.392126      0.758904      0.040128
  H      -4.022967      0.816760     -2.187759
  H      -4.023137     -1.598281     -1.628527
  H      -2.344736     -2.508539     -0.005610
  H      -0.662146     -0.965482      1.048371
  H       5.337501     -1.094923     11.322823
  N      -2.370014      2.606096     -1.213438
  H      -3.054939      2.963840     -1.873239
  H      -1.675275      3.219827     -0.773430
  N      -0.377172      1.599363      0.702493
  O      -0.363723      2.799278      0.431078
  O       0.381705      1.058172      1.474675
17
Coordinates from ORCA-job opt2 E -491.663711751607
  C      -2.344975      1.313845     -0.906429
  C      -3.285993      0.401628     -1.499368
  C      -3.284200     -0.937254     -1.172088
  C      -2.351361     -1.440280     -0.241711
  C      -1.417081     -0.577346      0.358828
  C      -1.403988      0.768747      0.043354
  H      -4.004855      0.799170     -2.219822
  H      -4.008448     -1.609895     -1.636330
  H      -2.349109     -2.501044      0.017108
  H      -0.685414     -0.944290      1.079079
  H       5.415315     -1.152226     11.375330
  N      -2.367808      2.601361     -1.241758
  H      -3.044575      2.951127     -1.914147
  H      -1.679242      3.220860     -0.800242
  N      -0.400501      1.617784      0.712839
  O      -0.382518      2.814079      0.425699
  O       0.344723      1.087384      1.505510
17
Coordinates from ORCA-job opt2 E -491.663726508137
  C      -2.345886      1.312959     -0.918570
  C      -3.280044      0.394801     -1.513115
  C      -3.279186     -0.941592     -1.175767
  C      -2.354223     -1.436125     -0.233107
  C      -1.427230     -0.567009      0.369920
  C      -1.413374      0.776649      0.044486
  H      -3.992962      0.785585     -2.243111
  H      -3.998153     -1.618735     -1.641675
  H      -2.352227     -2.494944      0.033537
  H      -0.702534     -0.927674      1.100288
  H       5.482651     -1.199694     11.433449
  N      -2.367185      2.597716     -1.264356
  H      -3.038143      2.941067     -1.945811
  H      -1.683613      3.221872     -0.821755
  N      -0.418172      1.632533      0.717759
  O      -0.397349      2.826009      0.419250
  O       0.317599      1.110232      1.524428
17
Coordinates from ORCA-job opt2 E -491.663741610271
  C      -2.347269      1.312327     -0.929292
  C      -3.275778      0.389023     -1.524613
  C      -3.275358     -0.945220     -1.178758
  C      -2.356578     -1.432334     -0.226285
  C      -1.435530     -0.557925      0.378245
  C      -1.421482      0.783684      0.044461
  H      -3.984114      0.773930     -2.262153
  H      -3.989944     -1.626297     -1.645673
  H      -2.354757     -2.489426      0.047118
  H      -0.716492     -0.913103      1.117036
  H       5.544414     -1.242351     11.494137
  N      -2.367528      2.594657     -1.284082
  H      -3.033906      2.932453     -1.972763
  H      -1.688293      3.222855     -0.840587
  N      -0.432934      1.645375      0.719786
  O      -0.410334      2.836615      0.412745
  O       0.295854      1.129386      1.536528
17
Coordinates from ORCA-job opt2 E -491.663756094015
  C      -2.348393      1.311425     -0.940222
  C      -3.270737      0.382797     -1.536798
  C      -3.271128     -0.949120     -1.182049
  C      -2.359349     -1.428422     -0.218986
  C      -1.444731     -0.548540      0.387353
  C      -1.430065      0.790874      0.044927
  H      -3.973702      0.761643     -2.282568
  H      -3.980846     -1.634363     -1.650287
  H      -2.358121     -2.483658      0.061493
  H      -0.731699     -0.897565      1.134805
  H       5.607648     -1.286204     11.553393
  N      -2.367379      2.591206     -1.304257
  H      -3.028780      2.923376     -2.000427
  H      -1.692573      3.223356     -0.859611
  N      -0.448769      1.658935      0.722563
  O      -0.423986      2.847517      0.405776
  O       0.272579      1.150392      1.550744
17
Coordinates from ORCA-job opt2 E -491.663771334820
  C      -2.350271      1.311033     -0.949226
  C      -3.268152      0.378350     -1.546329
  C      -3.268767     -0.951806     -1.185074
  C      -2.361760     -1.425180     -0.214602
  C      -1.451676     -0.541255      0.392626
  C      -1.436818      0.796541      0.043641
  H      -3.967412      0.752695     -2.297830
  H      -3.974947     -1.640287     -1.653909
  H      -2.360887     -2.479033      0.071031
  H      -0.742860     -0.885791      1.146340
  H       5.664329     -1.321765     11.616742
  N      -2.368725      2.588942     -1.319863
  H      -3.026794      2.917034     -2.021092
  H      -1.697073      3.223958     -0.874471
  N      -0.460325      1.669045      0.722019
  O      -0.434512      2.855977      0.399272
  O       0.256620      1.165191      1.556576
17
Coordinates from ORCA-job opt2 E -491.663786177020
  C      -2.351740      1.310354     -0.959046
  C      -3.264316      0.373063     -1.557098
  C      -3.265622     -0.955010     -1.188306
  C      -2.364591     -1.421635     -0.209027
  C      -1.460013     -0.533019      0.399513
  C      -1.444425      0.802768      0.042974
  H      -3.958834      0.742266     -2.315508
  H      -3.967601     -1.647170     -1.658030
  H      -2.364280     -2.473881      0.082477
  H      -0.756072     -0.872078      1.160169
  H       5.723902     -1.360492     11.678004
  N      -2.369311      2.586106     -1.337093
  H      -3.023203      2.909491     -2.044384
  H      -1.701245      3.224345     -0.890871
  N      -0.473795      1.680444      0.723074
  O      -0.446633      2.865297      0.392854
  O       0.237749      1.182802      1.566145
17
Coordinates from ORCA-job opt2 E -491.663801615568
  C      -2.353945      1.310241     -0.966460
  C      -3.263394      0.370173     -1.564908
  C      -3.264919     -0.956619     -1.191703
  C      -2.367237     -1.419162     -0.207418
  C      -1.465827     -0.527787      0.401760
  C      -1.449914      0.806828      0.040643
  H      -3.955230      0.736312     -2.327246
  H      -3.964403     -1.651065     -1.661771
  H      -2.367182     -2.470472      0.087445
  H      -0.764697     -0.863959      1.166322
  H       5.776846     -1.388581     11.744111
  N      -2.371228      2.584727     -1.348761
  H      -3.022818      2.905269     -2.059457
  H      -1.705239      3.224887     -0.902143
  N      -0.482411      1.687758      0.720943
  O      -0.454871      2.871412      0.386367
  O       0.226441      1.193687      1.568126
17
Coordinates from ORCA-job opt2 E -491.663817091078
  C      -2.355902      1.310111     -0.974539
  C      -3.261703      0.366888     -1.573577
  C      -3.263764     -0.958453     -1.195228
  C      -2.370210     -1.416425     -0.205030
  C      -1.472433     -0.521890      0.404808
  C      -1.455921      0.811267      0.038429
  H      -3.950338      0.729495     -2.340486
  H      -3.960436     -1.655408     -1.665758
  H      -2.370693     -2.466594      0.093864
  H      -0.774282     -0.854238      1.173822
  H       5.831375     -1.418043     11.809291
  N      -2.372771      2.583179     -1.361567
  H      -3.021445      2.900395     -2.076406
  H      -1.709621      3.225670     -0.914063
  N      -0.491919      1.695237      0.719670
  O      -0.464717      2.878049      0.382056
  O       0.214751      1.204412      1.570563
17
Coordinates from ORCA-job opt2 E -491.663832498350
  C      -2.358133      1.310114     -0.981419
  C      -3.261443      0.364642     -1.580645
  C      -3.263754     -0.959637     -1.198684
  C      -2.372921     -1.414274     -0.204527
  C      -1.477633     -0.517453      0.405648
  C      -1.460837      0.814686      0.035605
  H      -3.947994      0.724673     -2.350634
  H      -3.958482     -1.658398     -1.669408
  H      -2.373584     -2.463632      0.097193
  H      -0.781779     -0.847483      1.177646
  H       5.882874     -1.443322     11.876453
  N      -2.374772      2.582126     -1.371923
  H      -3.021492      2.896809     -2.089643
  H      -1.713492      3.226357     -0.924165
  N      -0.499431      1.701447      0.717059
  O      -0.472510      2.883320      0.376107
  O       0.205353      1.213676      1.571186
17
Coordinates from ORCA-job opt2 E -491.663848013780
  C      -2.360562      1.310395     -0.987633
  C      -3.262099      0.363331     -1.586989
  C      -3.264641     -0.960199     -1.202437
  C      -2.375766     -1.412497     -0.205473
  C      -1.482101     -0.514098      0.404781
  C      -1.465091      0.817300      0.032118
  H      -3.947211      0.721542     -2.359106
  H      -3.958061     -1.660196     -1.673254
  H      -2.376670     -2.461242      0.098365
  H      -0.787766     -0.842438      1.178907
  H       5.932550     -1.464327     11.945299
  N      -2.377166      2.581702     -1.380453
  H      -3.022447      2.894583     -2.100248
  H      -1.717524      3.227265     -0.932222
  N      -0.505276      1.705728      0.713655
  O      -0.479284      2.887298      0.371600
  O       0.199085      1.219504      1.568940
17
Coordinates from ORCA-job opt2 E -491.663863370451
  C      -2.363003      1.310681     -0.993705
  C      -3.262991      0.362182     -1.593096
  C      -3.265743     -0.960674     -1.206194
  C      -2.378569     -1.410832     -0.206775
  C      -1.486322     -0.510982      0.403455
  C      -1.469145      0.819735      0.028482
  H      -3.946859      0.718726     -2.367085
  H      -3.958042     -1.661747     -1.677059
  H      -2.379629     -2.459000      0.099043
  H      -0.793467     -0.837771      1.179520
  H       5.981868     -1.484654     12.014459
  N      -2.379580      2.581334     -1.388665
  H      -3.023609      2.892596     -2.110278
  H      -1.721366      3.228123     -0.940131
  N      -0.510891      1.709774      0.710177
  O      -0.485757      2.891005      0.366934
  O       0.193075      1.225156      1.566768
17
Coordinates from ORCA-job opt2 E -491.663878682009
  C      -2.365787      1.311284     -0.998658
  C      -3.265279      0.362308     -1.598009
  C      -3.268085     -0.960323     -1.210316
  C      -2.381415     -1.409746     -0.210145
  C      -1.489459     -0.509455      0.399902
  C      -1.472244      0.821038      0.024127
  H      -3.948822      0.718301     -2.372541
  H      -3.960094     -1.661719     -1.681126
  H      -2.382553     -2.457689      0.096439
  H      -0.797142     -0.835907      1.176619
  H       6.028532     -1.499421     12.085820
  N      -2.382556      2.581765     -1.394188
  H      -3.026239      2.892509     -2.116329
  H      -1.725010      3.229045     -0.945401
  N      -0.514254      1.711568      0.705512
  O      -0.490240      2.892941      0.362703
  O       0.190617      1.227152      1.561439
17
Coordinates from ORCA-job opt2 E -491.663893779321
  C      -2.368519      1.311829     -1.003782
  C      -3.267376      0.362260     -1.603128
  C      -3.270269     -0.960094     -1.214451
  C      -2.384276     -1.408598     -0.213292
  C      -1.492819     -0.507729      0.396642
  C      -1.475494      0.822469      0.019881
  H      -3.950437      0.717562     -2.378399
  H      -3.961863     -1.661903     -1.685256
  H      -2.385487     -2.456273      0.094201
  H      -0.801217     -0.833581      1.174205
  H       6.075725     -1.514887     12.156890
  N      -2.385412      2.582073     -1.400095
  H      -3.028687      2.892217     -2.122854
  H      -1.728545      3.229888     -0.951091
  N      -0.517994      1.713638      0.701129
  O      -0.494873      2.895030      0.358328
  O       0.187513      1.229749      1.556923
17
Coordinates from ORCA-job opt2 E -491.663908757919
  C      -2.371466      1.312565     -1.008261
  C      -3.270248      0.362927     -1.607587
  C      -3.273118     -0.959398     -1.218803
  C      -2.387164     -1.407765     -0.217564
  C      -1.495631     -0.506874      0.392229
  C      -1.478265      0.823285      0.015295
  H      -3.953316      0.718157     -2.382884
  H      -3.964706     -1.661240     -1.689565
  H      -2.388415     -2.455386      0.090116
  H      -0.804182     -0.832810      1.169909
  H       6.121471     -1.527318     12.229112
  N      -2.388574      2.582837     -1.404501
  H      -3.031923      2.892959     -2.127199
  H      -1.731941      3.230759     -0.955301
  N      -0.520495      1.714475      0.696087
  O      -0.498395      2.896143      0.354143
  O       0.186340      1.230334      1.550624
17
Coordinates from ORCA-job opt2 E -491.663923468087
  C      -2.374174      1.313047     -1.013621
  C      -3.272058      0.362558     -1.612933
  C      -3.274971     -0.959381     -1.222821
  C      -2.389953     -1.406469     -0.220195
  C      -1.499255     -0.504723      0.389558
  C      -1.481766      0.825025      0.011230
  H      -3.954445      0.716825     -2.389269
  H      -3.965886     -1.661879     -1.693593
  H      -2.391262     -2.453759      0.088613
  H      -0.808700     -0.829719      1.168378
  H       6.169146     -1.544177     12.299685
  N      -2.391374      2.582959     -1.411016
  H      -3.034190      2.892216     -2.134553
  H      -1.735493      3.231533     -0.961660
  N      -0.524722      1.717103      0.691881
  O      -0.503238      2.898613      0.349319
  O       0.182310      1.233879      1.546846
17
Coordinates from ORCA-job opt2 E -491.663938120337
  C      -2.377253      1.313894     -1.017746
  C      -3.275371      0.363607     -1.616997
  C      -3.278173     -0.958434     -1.227252
  C      -2.392814     -1.405814     -0.225063
  C      -1.501754     -0.504325      0.384538
  C      -1.484313      0.825533      0.006495
  H      -3.958055      0.718125     -2.392955
  H      -3.969292     -1.660791     -1.697936
  H      -2.394143     -2.453171      0.083514
  H      -0.810990     -0.829739      1.163045
  H       6.214133     -1.555141     12.372485
  N      -2.394699      2.583961     -1.414665
  H      -3.037816      2.893435     -2.137839
  H      -1.738794      3.232421     -0.965165
  N      -0.526591      1.717335      0.686512
  O      -0.506112      2.899207      0.345101
  O       0.182005      1.233545      1.539777
17
Coordinates from ORCA-job opt2 E -491.663952581195
  C      -2.380077      1.314501     -1.022745
  C      -3.277645      0.363666     -1.621943
  C      -3.280444     -0.958129     -1.231357
  C      -2.395620     -1.404707     -0.228344
  C      -1.505017     -0.502691      0.381135
  C      -1.487544      0.826914      0.002216
  H      -3.959960      0.717572     -2.398507
  H      -3.971160     -1.660917     -1.701985
  H      -2.397007     -2.451853      0.080947
  H      -0.814701     -0.827508      1.160272
  H       6.260974     -1.570227     12.443747
  N      -2.397648      2.584357     -1.420361
  H      -3.040435      2.893230     -2.144084
  H      -1.742280      3.233256     -0.970706
  N      -0.530124      1.719224      0.681980
  O      -0.510449      2.901132      0.340610
  O       0.179107      1.235832      1.534976
17
Coordinates from ORCA-job opt2 E -491.663966877214
  C      -2.382951      1.315121     -1.027637
  C      -3.280109      0.363808     -1.626675
  C      -3.282827     -0.957775     -1.235380
  C      -2.398322     -1.403653     -0.231780
  C      -1.508049     -0.501173      0.377498
  C      -1.490622      0.828220     -0.002171
  H      -3.962215      0.717189     -2.403660
  H      -3.973248     -1.660949     -1.705869
  H      -2.399701     -2.450621      0.078115
  H      -0.818062     -0.825539      1.157103
  H       6.307385     -1.585075     12.515219
  N      -2.400728      2.584800     -1.425826
  H      -3.043313      2.893134     -2.149950
  H      -1.745780      3.234090     -0.976132
  N      -0.533411      1.721043      0.677232
  O      -0.514416      2.902926      0.335714
  O       0.176339      1.238104      1.530050
17
Coordinates from ORCA-job opt2 E -491.663981038306
  C      -2.385935      1.315818     -1.032264
  C      -3.282966      0.364236     -1.631051
  C      -3.285508     -0.957242     -1.239409
  C      -2.400953     -1.402732     -0.235687
  C      -1.510752     -0.499997      0.373313
  C      -1.493468      0.829290     -0.006743
  H      -3.965133      0.717341     -2.408108
  H      -3.975840     -1.660643     -1.709688
  H      -2.402251     -2.449606      0.074518
  H      -0.820805     -0.824163      1.153044
  H       6.353116     -1.598835     12.587188
  N      -2.403965      2.585417     -1.430723
  H      -3.046578      2.893445     -2.154952
  H      -1.749188      3.234934     -0.981103
  N      -0.536203      1.722399      0.672204
  O      -0.517825      2.904314      0.330749
  O       0.174223      1.239673      1.524563
17
Coordinates from ORCA-job opt2 E -491.663995115133
  C      -2.388779      1.316371     -1.037445
  C      -3.285169      0.364024     -1.635967
  C      -3.287609     -0.957117     -1.243167
  C      -2.403542     -1.401508     -0.238531
  C      -1.513893     -0.498019      0.370156
  C      -1.496738      0.830939     -0.011051
  H      -3.966980      0.716267     -2.413727
  H      -3.977482     -1.661108     -1.713232
  H      -2.404776     -2.448107      0.072602
  H      -0.824282     -0.821316      1.150551
  H       6.399867     -1.615199     12.658185
  N      -2.406986      2.585648     -1.436947
  H      -3.049240      2.892841     -2.161841
  H      -1.752770      3.235763     -0.987385
  N      -0.540011      1.724810      0.667637
  O      -0.522248      2.906622      0.325791
  O       0.170606      1.242739      1.520221
17
Coordinates from ORCA-job opt2 E -491.664009042680
  C      -2.391644      1.316876     -1.042650
  C      -3.287436      0.363712     -1.640752
  C      -3.289666     -0.957071     -1.246748
  C      -2.405959     -1.400273     -0.241280
  C      -1.516876     -0.495958      0.367007
  C      -1.499941      0.832657     -0.015402
  H      -3.968982      0.715040     -2.419159
  H      -3.979103     -1.661697     -1.716502
  H      -2.407020     -2.446585      0.070813
  H      -0.827570     -0.818366      1.148026
  H       6.446399     -1.632088     12.729155
  N      -2.410106      2.585808     -1.443259
  H      -3.052111      2.892141     -2.168735
  H      -1.756366      3.236554     -0.993922
  N      -0.543839      1.727478      0.662937
  O      -0.526305      2.908965      0.319972
  O       0.166494      1.246457      1.516350
17
Coordinates from ORCA-job opt2 E -491.664022869433
  C      -2.394657      1.317464     -1.047606
  C      -3.290126      0.363648     -1.645136
  C      -3.292004     -0.956873     -1.250251
  C      -2.408238     -1.399157     -0.244433
  C      -1.519483     -0.494177      0.363341
  C      -1.502920      0.834195     -0.019948
  H      -3.971701      0.714261     -2.423840
  H      -3.981204     -1.662006     -1.719592
  H      -2.409006     -2.445264      0.068350
  H      -0.830123     -0.815874      1.144615
  H       6.492182     -1.648136     12.800600
  N      -2.413421      2.586119     -1.449095
  H      -3.055438      2.891794     -2.174833
  H      -1.759874      3.237342     -1.000179
  N      -0.547191      1.729766      0.657927
  O      -0.529762      2.910965      0.313971
  O       0.162937      1.249583      1.511960
17
Coordinates from ORCA-job opt2 E -491.664036575935
  C      -2.397787      1.318093     -1.052418
  C      -3.293151      0.363700     -1.649168
  C      -3.294517     -0.956615     -1.253581
  C      -2.410330     -1.398112     -0.247794
  C      -1.521732     -0.492531      0.359296
  C      -1.505702      0.835654     -0.024684
  H      -3.975036      0.713692     -2.427881
  H      -3.983636     -1.662192     -1.722370
  H      -2.410652     -2.444062      0.065511
  H      -0.831993     -0.813559      1.140520
  H       6.537286     -1.663886     12.872370
  N      -2.416939      2.586508     -1.454666
  H      -3.059234      2.891640     -2.180388
  H      -1.763346      3.238130     -1.006398
  N      -0.550204      1.731899      0.652620
  O      -0.532621      2.912748      0.307481
  O       0.159565      1.252544      1.507400
17
Coordinates from ORCA-job opt2 E -491.664050130144
  C      -2.401182      1.318891     -1.056681
  C      -3.297089      0.364334     -1.652336
  C      -3.297685     -0.956000     -1.256792
  C      -2.412175     -1.397363     -0.252115
  C      -1.523139     -0.491579      0.354014
  C      -1.507909      0.836642     -0.029904
  H      -3.979970      0.714189     -2.430236
  H      -3.987215     -1.661694     -1.724804
  H      -2.411818     -2.443340      0.061099
  H      -0.832275     -0.812371      1.134349
  H       6.580703     -1.677582     12.945214
  N      -2.420898      2.587268     -1.459035
  H      -3.064103      2.892330     -2.183975
  H      -1.766682      3.238944     -1.011766
  N      -0.552053      1.733121      0.646588
  O      -0.534082      2.913686      0.300513
  O       0.157542      1.254172      1.501716
17
Coordinates from ORCA-job opt2 E -491.664063468204
  C      -2.404899      1.319906     -1.060248
  C      -3.302177      0.365719     -1.654414
  C      -3.301695     -0.954923     -1.259863
  C      -2.413731     -1.396988     -0.257663
  C      -1.523482     -0.491518      0.347127
  C      -1.509369      0.837012     -0.035763
  H      -3.986926      0.716059     -2.430452
  H      -3.992265     -1.660309     -1.726802
  H      -2.412419     -2.443224      0.054678
  H      -0.830548     -0.812612      1.125500
  H       6.621959     -1.688598     13.019386
  N      -2.425407      2.588517     -1.461846
  H      -3.070335      2.894107     -2.185031
  H      -1.769841      3.239810     -1.016003
  N      -0.552399      1.733140      0.639645
  O      -0.533847      2.913546      0.293072
  O       0.157351      1.254006      1.494528
17
Coordinates from ORCA-job opt2 E -491.664076492129
  C      -2.408969      1.321215     -1.062858
  C      -3.308675      0.368170     -1.655175
  C      -3.306823     -0.953176     -1.262945
  C      -2.415068     -1.397125     -0.264952
  C      -1.522582     -0.492730      0.338127
  C      -1.509863      0.836485     -0.042413
  H      -3.996331      0.719902     -2.428006
  H      -3.999245     -1.657651     -1.728515
  H      -2.412565     -2.443931      0.045465
  H      -0.826543     -0.814991      1.113235
  H       6.660555     -1.695630     13.095244
  N      -2.430555      2.590456     -1.462422
  H      -3.078169      2.897407     -2.182619
  H      -1.772802      3.240760     -1.018374
  N      -0.550724      1.731406      0.631567
  O      -0.531621      2.911931      0.285443
  O       0.159949      1.251154      1.485047
17
Coordinates from ORCA-job opt2 E -491.664089465846
  C      -2.412850      1.322458     -1.065684
  C      -3.314640      0.370449     -1.656480
  C      -3.311685     -0.951512     -1.266292
  C      -2.416730     -1.397141     -0.271918
  C      -1.522236     -0.493746      0.329665
  C      -1.510649      0.836058     -0.048806
  H      -4.004771      0.723428     -2.426531
  H      -4.005720     -1.655169     -1.730699
  H      -2.413291     -2.444438      0.036824
  H      -0.823572     -0.817100      1.101947
  H       6.700155     -1.703050     13.170664
  N      -2.435380      2.592285     -1.463367
  H      -3.085292      2.900422     -2.180982
  H      -1.775821      3.241720     -1.020734
  N      -0.549550      1.729869      0.623903
  O      -0.530405      2.910644      0.278658
  O       0.162406      1.248474      1.475683
17
Coordinates from ORCA-job opt2 E -491.664102504148
  C      -2.416449      1.323564     -1.068944
  C      -3.319753      0.372319     -1.658635
  C      -3.316022     -0.950081     -1.269928
  C      -2.418752     -1.396931     -0.278191
  C      -1.522728     -0.494295      0.322251
  C      -1.511933      0.835937     -0.054738
  H      -4.011691      0.726214     -2.426641
  H      -4.011249     -1.653143     -1.733453
  H      -2.414704     -2.444573      0.029371
  H      -0.822225     -0.818542      1.092492
  H       6.741347     -1.711725     13.245262
  N      -2.439748      2.593846     -1.465167
  H      -3.091351      2.902822     -2.180880
  H      -1.778976      3.242667     -1.023452
  N      -0.549313      1.728938      0.616898
  O      -0.530602      2.910020      0.272684
  O       0.164119      1.246614      1.466921
17
Coordinates from ORCA-job opt2 E -491.664115644912
  C      -2.419717      1.324484     -1.072748
  C      -3.323813      0.373645     -1.661862
  C      -3.319688     -0.948972     -1.273916
  C      -2.421211     -1.396448     -0.283559
  C      -1.524299     -0.494248      0.316215
  C      -1.513903      0.836212     -0.060022
  H      -4.016704      0.728023     -2.428787
  H      -4.015552     -1.651731     -1.736942
  H      -2.416899     -2.444260      0.023415
  H      -0.822861     -0.819069      1.085356
  H       6.784651     -1.722133     13.318751
  N      -2.443479      2.595022     -1.468154
  H      -3.095993      2.904420     -2.182853
  H      -1.782158      3.243541     -1.026814
  N      -0.550421      1.728869      0.610863
  O      -0.532444      2.910207      0.267490
  O       0.164461      1.246088      1.459416
17
Coordinates from ORCA-job opt2 E -491.664128732198
  C      -2.422942      1.325355     -1.076840
  C      -3.327478      0.374621     -1.665433
  C      -3.322983     -0.948084     -1.277807
  C      -2.423664     -1.395750     -0.288311
  C      -1.526197     -0.493706      0.310858
  C      -1.516131      0.836847     -0.065086
  H      -4.021039      0.729160     -2.431678
  H      -4.019219     -1.650771     -1.740381
  H      -2.419135     -2.443623      0.018455
  H      -0.824140     -0.818840      1.079304
  H       6.828460     -1.733866     13.391780
  N      -2.447234      2.596006     -1.471874
  H      -3.100422      2.905466     -2.185926
  H      -1.785718      3.244505     -1.030791
  N      -0.551906      1.729289      0.605004
  O      -0.534759      2.910904      0.262502
  O       0.164476      1.246136      1.452076
17
Coordinates from ORCA-job opt2 E -491.664141713150
  C      -2.426202      1.326220     -1.080821
  C      -3.331367      0.375679     -1.668752
  C      -3.326436     -0.947163     -1.281566
  C      -2.426026     -1.395137     -0.293200
  C      -1.527842     -0.493299      0.305203
  C      -1.518193      0.837359     -0.070350
  H      -4.025793      0.730482     -2.434089
  H      -4.023185     -1.649712     -1.743577
  H      -2.421208     -2.443097      0.013271
  H      -0.824940     -0.818725      1.072743
  H       6.871660     -1.745260     13.464949
  N      -2.451011      2.597058     -1.475250
  H      -3.104997      2.906786     -2.188449
  H      -1.789140      3.245403     -1.034465
  N      -0.553140      1.729565      0.598765
  O      -0.537240      2.911537      0.257382
  O       0.165030      1.245954      1.444058
17
Coordinates from ORCA-job opt2 E -491.664154544446
  C      -2.429602      1.327115     -1.084782
  C      -3.335422      0.376664     -1.671836
  C      -3.329905     -0.946292     -1.285036
  C      -2.428206     -1.394483     -0.297951
  C      -1.529228     -0.492775      0.299444
  C      -1.520134      0.837995     -0.075740
  H      -4.030888      0.731650     -2.436143
  H      -4.027215     -1.648753     -1.746335
  H      -2.422952     -2.442518      0.008254
  H      -0.825233     -0.818377      1.065900
  H       6.914202     -1.757032     13.538268
  N      -2.455179      2.598109     -1.478671
  H      -3.110131      2.907989     -2.190914
  H      -1.792995      3.246430     -1.038321
  N      -0.554037      1.729933      0.592237
  O      -0.539171      2.912238      0.251919
  O       0.166066      1.245755      1.435559
17
Coordinates from ORCA-job opt2 E -491.664167286248
  C      -2.433117      1.328021     -1.088565
  C      -3.339860      0.377739     -1.674457
  C      -3.333599     -0.945382     -1.288197
  C      -2.430166     -1.393925     -0.302855
  C      -1.530136     -0.492407      0.293237
  C      -1.521767      0.838516     -0.081432
  H      -4.036698      0.733004     -2.437383
  H      -4.031694     -1.647681     -1.748555
  H      -2.424357     -2.442065      0.002987
  H      -0.824675     -0.818173      1.058269
  H       6.955666     -1.768557     13.611835
  N      -2.459567      2.599231     -1.481716
  H      -3.115737      2.909419     -2.192699
  H      -1.796838      3.247436     -1.042012
  N      -0.554428      1.730180      0.585123
  O      -0.541123      2.912921      0.246235
  O       0.168065      1.245373      1.426034
17
Coordinates from ORCA-job opt2 E -491.664179935103
  C      -2.436667      1.328799     -1.092559
  C      -3.344085      0.378342     -1.677095
  C      -3.336973     -0.944785     -1.290870
  C      -2.431927     -1.393200     -0.306957
  C      -1.531004     -0.491556      0.287583
  C      -1.523468      0.839395     -0.087084
  H      -4.042222      0.733512     -2.438879
  H      -4.035704     -1.647163     -1.750139
  H      -2.425491     -2.441318     -0.001063
  H      -0.824076     -0.817085      1.051384
  H       6.996710     -1.781854     13.684920
  N      -2.464150      2.600101     -1.485346
  H      -3.121421      2.910306     -2.195301
  H      -1.801168      3.248481     -1.046285
  N      -0.554995      1.731217      0.577643
  O      -0.543708      2.914310      0.239943
  O       0.170319      1.246148      1.415954
17
Coordinates from ORCA-job opt2 E -491.664192358104
  C      -2.440631      1.329539     -1.096432
  C      -3.349036      0.378565     -1.678565
  C      -3.340416     -0.944480     -1.292096
  C      -2.432753     -1.392366     -0.310363
  C      -1.530588     -0.490266      0.281568
  C      -1.524515      0.840637     -0.093374
  H      -4.049256      0.733309     -2.438634
  H      -4.040071     -1.647165     -1.749487
  H      -2.425185     -2.440385     -0.004155
  H      -0.821348     -0.815101      1.043528
  H       7.034562     -1.797051     13.758020
  N      -2.469866      2.600840     -1.489094
  H      -3.128909      2.910764     -2.197532
  H      -1.806451      3.249710     -1.051415
  N      -0.554420      1.732923      0.568470
  O      -0.546041      2.916424      0.232181
  O       0.174893      1.247754      1.403230
17
Coordinates from ORCA-job opt2 E -491.664204094607
  C      -2.445414      1.329856     -1.100513
  C      -3.354848      0.376867     -1.677683
  C      -3.343157     -0.945541     -1.289176
  C      -2.431157     -1.390908     -0.310335
  C      -1.527452     -0.486916      0.276293
  C      -1.524370      0.843454     -0.100763
  H      -4.058549      0.729625     -2.435461
  H      -4.043937     -1.649594     -1.742730
  H      -2.421286     -2.438366     -0.002271
  H      -0.814355     -0.809265      1.035738
  H       7.064297     -1.820123     13.828642
  N      -2.478181      2.600667     -1.494444
  H      -3.140076      2.908997     -2.200925
  H      -1.814620      3.251310     -1.059649
  N      -0.552037      1.737892      0.555089
  O      -0.549520      2.921698      0.219964
  O       0.184629      1.253998      1.384074
17
Coordinates from ORCA-job opt2 E -491.664214386897
  C      -2.451178      1.329715     -1.104662
  C      -3.361739      0.372936     -1.673692
  C      -3.344947     -0.948194     -1.281134
  C      -2.426402     -1.388629     -0.306217
  C      -1.520891     -0.481010      0.271895
  C      -1.522766      0.848208     -0.109326
  H      -4.070683      0.721823     -2.428365
  H      -4.047018     -1.654958     -1.728437
  H      -2.412679     -2.435002      0.005373
  H      -0.802236     -0.798955      1.027938
  H       7.083310     -1.852386     13.894666
  N      -2.489667      2.599377     -1.501706
  H      -3.155979      2.904316     -2.205510
  H      -1.826046      3.253293     -1.071990
  N      -0.547508      1.746664      0.536903
  O      -0.553201      2.930368      0.201661
  O       0.199599      1.266084      1.358454
17
Coordinates from ORCA-job opt2 E -491.664224210462
  C      -2.457254      1.329281     -1.109391
  C      -3.368426      0.367474     -1.668878
  C      -3.345539     -0.951866     -1.270717
  C      -2.420043     -1.385499     -0.299367
  C      -1.513359     -0.472983      0.269078
  C      -1.521179      0.854531     -0.117933
  H      -4.082921      0.711059     -2.420738
  H      -4.048369     -1.662432     -1.710747
  H      -2.401717     -2.430398      0.016904
  H      -0.789275     -0.785628      1.022167
  H       7.099643     -1.891443     13.958449
  N      -2.502265      2.597139     -1.511425
  H      -3.173489      2.897092     -2.212703
  H      -1.838642      3.255226     -1.088184
  N      -0.543572      1.758238      0.517275
  O      -0.556852      2.941041      0.179100
  O       0.213228      1.282818      1.332961
17
Coordinates from ORCA-job opt2 E -491.664234735440
  C      -2.463559      1.328446     -1.115650
  C      -3.374110      0.359584     -1.663904
  C      -3.343852     -0.957069     -1.257430
  C      -2.411555     -1.380705     -0.288205
  C      -1.505288     -0.461177      0.269566
  C      -1.520401      0.863670     -0.126101
  H      -4.093993      0.695423     -2.414113
  H      -4.046116     -1.673333     -1.689030
  H      -2.387646     -2.423487      0.034616
  H      -0.776858     -0.767480      1.021262
  H       7.115872     -1.941776     14.019870
  N      -2.515829      2.593281     -1.526217
  H      -3.192346      2.885395     -2.225703
  H      -1.852209      3.256863     -1.111697
  N      -0.542213      1.774551      0.496971
  O      -0.559963      2.954778      0.149765
  O       0.220037      1.306684      1.311851
17
Coordinates from ORCA-job opt2 E -491.664245246026
  C      -2.470184      1.328520     -1.119188
  C      -3.383247      0.356029     -1.656870
  C      -3.346265     -0.959570     -1.247277
  C      -2.404557     -1.378325     -0.285047
  C      -1.495824     -0.454938      0.262263
  C      -1.517589      0.868669     -0.136559
  H      -4.110509      0.688138     -2.401613
  H      -4.050367     -1.678800     -1.670856
  H      -2.375139     -2.420231      0.040105
  H      -0.760147     -0.757095      1.008055
  H       7.130955     -1.975172     14.088327
  N      -2.528900      2.592130     -1.532720
  H      -3.212594      2.880556     -2.226722
  H      -1.862521      3.258049     -1.126480
  N      -0.536506      1.783330      0.476604
  O      -0.558346      2.962241      0.125040
  O       0.231708      1.320121      1.288788
17
Coordinates from ORCA-job opt2 E -491.664256095880
  C      -2.475542      1.328202     -1.124412
  C      -3.389372      0.351869     -1.653718
  C      -3.347320     -0.962229     -1.239666
  C      -2.399561     -1.375412     -0.280911
  C      -1.490063     -0.447960      0.258384
  C      -1.517038      0.874130     -0.145102
  H      -4.121293      0.679758     -2.395765
  H      -4.051885     -1.684738     -1.656834
  H      -2.366100     -2.416151      0.047564
  H      -0.749840     -0.746366      1.001329
  H       7.155946     -2.010395     14.156568
  N      -2.538789      2.590279     -1.542102
  H      -3.227331      2.874629     -2.232977
  H      -1.870701      3.258412     -1.142281
  N      -0.535742      1.793525      0.460307
  O      -0.560130      2.970436      0.102152
  O       0.234731      1.335661      1.273313
17
Coordinates from ORCA-job opt2 E -491.664266813088
  C      -2.480362      1.328602     -1.128204
  C      -3.395460      0.350802     -1.652448
  C      -3.350282     -0.962792     -1.237186
  C      -2.397810     -1.374101     -0.282278
  C      -1.486863     -0.445142      0.251931
  C      -1.517008      0.876549     -0.152720
  H      -4.130917      0.677213     -2.391644
  H      -4.056012     -1.686429     -1.650413
  H      -2.361889     -2.414449      0.047186
  H      -0.742493     -0.741585      0.991539
  H       7.186775     -2.032424     14.228580
  N      -2.546658      2.590258     -1.546794
  H      -3.238524      2.873282     -2.234893
  H      -1.877461      3.259301     -1.150268
  N      -0.534168      1.797857      0.447579
  O      -0.561346      2.974173      0.087807
  O       0.240445      1.342537      1.258078
17
Coordinates from ORCA-job opt2 E -491.664278238370
  C      -2.484403      1.329219     -1.132501
  C      -3.400171      0.350455     -1.653632
  C      -3.352995     -0.962777     -1.237554
  C      -2.397752     -1.372782     -0.284842
  C      -1.486207     -0.442832      0.246603
  C      -1.518413      0.878630     -0.158873
  H      -4.137603      0.675844     -2.391308
  H      -4.059220     -1.687264     -1.648436
  H      -2.360236     -2.412917      0.045115
  H      -0.739547     -0.738437      0.984342
  H       7.224851     -2.051661     14.301162
  N      -2.552300      2.590446     -1.552212
  H      -3.246161      2.872370     -2.238748
  H      -1.882075      3.259921     -1.158075
  N      -0.535158      1.801235      0.438738
  O      -0.562392      2.976776      0.076406
  O       0.239751      1.347421      1.249665
17
Coordinates from ORCA-job opt2 E -491.664289612510
  C      -2.487865      1.329847     -1.136891
  C      -3.403884      0.350462     -1.656361
  C      -3.355615     -0.962496     -1.239664
  C      -2.399060     -1.371606     -0.287909
  C      -1.487202     -0.441107      0.241994
  C      -1.520456      0.880172     -0.164183
  H      -4.142331      0.675198     -2.393307
  H      -4.062071     -1.687467     -1.649294
  H      -2.360725     -2.411556      0.042538
  H      -0.739506     -0.736226      0.978926
  H       7.265908     -2.068648     14.373525
  N      -2.556779      2.590787     -1.557281
  H      -3.251448      2.872088     -2.243248
  H      -1.886375      3.260726     -1.164232
  N      -0.536829      1.803632      0.431382
  O      -0.565483      2.979004      0.068541
  O       0.239692      1.350839      1.241313
17
Coordinates from ORCA-job opt2 E -491.664301113687
  C      -2.491281      1.330777     -1.140824
  C      -3.407982      0.351395     -1.659151
  C      -3.358882     -0.961676     -1.242874
  C      -2.400833     -1.370877     -0.292681
  C      -1.488353     -0.440384      0.236124
  C      -1.522438      0.880990     -0.169592
  H      -4.147600      0.676249     -2.394867
  H      -4.065851     -1.686630     -1.651654
  H      -2.361762     -2.410920      0.037394
  H      -0.739451     -0.735547      0.971736
  H       7.307729     -2.081982     14.446882
  N      -2.560982      2.591781     -1.560869
  H      -3.256623      2.873187     -2.245805
  H      -1.890014      3.261701     -1.168754
  N      -0.538079      1.804361      0.424867
  O      -0.566901      2.979716      0.061926
  O       0.239272      1.351509      1.233993
17
Coordinates from ORCA-job opt2 E -491.664312629525
  C      -2.494363      1.331549     -1.145192
  C      -3.411237      0.351977     -1.662897
  C      -3.361714     -0.961035     -1.246494
  C      -2.403078     -1.369969     -0.296805
  C      -1.490395     -0.439328      0.231402
  C      -1.524903      0.882026     -0.174460
  H      -4.151330      0.676675     -2.398202
  H      -4.068846     -1.686085     -1.654823
  H      -2.363650     -2.409957      0.033408
  H      -0.741086     -0.734491      0.966644
  H       7.351329     -2.096260     14.519493
  N      -2.564527      2.592473     -1.565361
  H      -3.260426      2.873794     -2.250073
  H      -1.893474      3.262617     -1.173796
  N      -0.540314      1.805674      0.419136
  O      -0.569840      2.981040      0.056305
  O       0.237822      1.352951      1.227566
17
Coordinates from ORCA-job opt2 E -491.664324090338
  C      -2.497506      1.332445     -1.149308
  C      -3.414785      0.352969     -1.666481
  C      -3.364888     -0.960159     -1.250440
  C      -2.405436     -1.369285     -0.301662
  C      -1.492312     -0.438720      0.225936
  C      -1.527202      0.882722     -0.179556
  H      -4.155507      0.677835     -2.401078
  H      -4.072365     -1.685102     -1.658357
  H      -2.365672     -2.409336      0.028305
  H      -0.742329     -0.734023      0.960424
  H       7.394743     -2.108975     14.592587
  N      -2.568107      2.593488     -1.569060
  H      -3.264560      2.875011     -2.253122
  H      -1.896766      3.263611     -1.177982
  N      -0.542107      1.806235      0.413484
  O      -0.571929      2.981694      0.051033
  O       0.236699      1.353241      1.221128
17
Coordinates from ORCA-job opt2 E -491.664335489119
  C      -2.500506      1.333249     -1.153714
  C      -3.417906      0.353712     -1.670517
  C      -3.367785     -0.959404     -1.254458
  C      -2.407943     -1.368449     -0.306041
  C      -1.494632     -0.437816      0.221137
  C      -1.529762      0.883617     -0.184382
  H      -4.158922      0.678513     -2.404845
  H      -4.075390     -1.684384     -1.662086
  H      -2.368005     -2.408477      0.023977
  H      -0.744351     -0.733142      0.955327
  H       7.438961     -2.122536     14.665257
  N      -2.571398      2.594304     -1.573407
  H      -3.268144      2.875787     -2.257187
  H      -1.900025      3.264548     -1.182617
  N      -0.544446      1.807229      0.408192
  O      -0.574687      2.982727      0.045952
  O       0.234910      1.354172      1.215261
17
Coordinates from ORCA-job opt2 E -491.664346823648
  C      -2.503490      1.334069     -1.158148
  C      -3.420992      0.354487     -1.674640
  C      -3.370678     -0.958623     -1.258573
  C      -2.410507     -1.367612     -0.310460
  C      -1.497050     -0.436921      0.216369
  C      -1.532381      0.884497     -0.189163
  H      -4.162257      0.679224     -2.408744
  H      -4.078381     -1.683652     -1.665945
  H      -2.370430     -2.407630      0.019575
  H      -0.746492     -0.732221      0.950285
  H       7.483403     -2.136004     14.737917
  N      -2.574594      2.595136     -1.577809
  H      -3.271630      2.876543     -2.261322
  H      -1.903181      3.265451     -1.187230
  N      -0.546867      1.808159      0.403060
  O      -0.577417      2.983697      0.040997
  O       0.232914      1.355050      1.209682
17
Coordinates from ORCA-job opt2 E -491.664357837820
  C      -2.506729      1.334816     -1.162562
  C      -3.424495      0.354931     -1.677974
  C      -3.373531     -0.958076     -1.261648
  C      -2.412402     -1.366674     -0.314345
  C      -1.498658     -0.435664      0.211401
  C      -1.534628      0.885650     -0.194388
  H      -4.166518      0.679333     -2.411463
  H      -4.081477     -1.683336     -1.668180
  H      -2.371837     -2.406597      0.015919
  H      -0.747322     -0.730492      0.944691
  H       7.525981     -2.150961     14.810583
  N      -2.578492      2.595792     -1.582414
  H      -3.276238      2.876877     -2.265336
  H      -1.906921      3.266358     -1.192536
  N      -0.548738      1.809646      0.396771
  O      -0.580127      2.985175      0.034762
  O       0.232102      1.356872      1.202568
17
Coordinates from ORCA-job opt2 E -491.664369170697
  C      -2.509429      1.335610     -1.167304
  C      -3.426953      0.355637     -1.682971
  C      -3.376161     -0.957298     -1.266405
  C      -2.415468     -1.365740     -0.318601
  C      -1.501916     -0.434676      0.207393
  C      -1.537732      0.886591     -0.198656
  H      -4.168664      0.679905     -2.416836
  H      -4.083905     -1.682649     -1.673119
  H      -2.375061     -2.405622      0.011807
  H      -0.750900     -0.729509      0.941054
  H       7.572242     -2.164458     14.882806
  N      -2.581023      2.596524     -1.587365
  H      -3.278515      2.877443     -2.270593
  H      -1.909686      3.267137     -1.197201
  N      -0.552063      1.810685      0.392674
  O      -0.583329      2.986176      0.030500
  O       0.228531      1.357894      1.198666
17
Coordinates from ORCA-job opt2 E -491.664380209608
  C      -2.512394      1.336365     -1.171928
  C      -3.429905      0.356160     -1.687181
  C      -3.378864     -0.956673     -1.270313
  C      -2.417927     -1.364777     -0.322605
  C      -1.504404     -0.433475      0.202996
  C      -1.540463      0.887682     -0.203367
  H      -4.171799      0.680157     -2.420979
  H      -4.086594     -1.682222     -1.676709
  H      -2.377338     -2.404581      0.008037
  H      -0.753199     -0.727975      0.936576
  H       7.616837     -2.178884     14.955201
  N      -2.584201      2.597176     -1.592295
  H      -3.281883      2.877818     -2.275456
  H      -1.912830      3.267931     -1.202397
  N      -0.554789      1.812014      0.387570
  O      -0.586287      2.987439      0.025183
  O       0.226011      1.359496      1.193515
17
Coordinates from ORCA-job opt2 E -491.664391272080
  C      -2.515163      1.337091     -1.176701
  C      -3.432458      0.356700     -1.691970
  C      -3.381463     -0.956015     -1.274732
  C      -2.420786     -1.363809     -0.326627
  C      -1.507463     -0.432325      0.198974
  C      -1.543474      0.888718     -0.207766
  H      -4.174161      0.680461     -2.426063
  H      -4.089033     -1.681713     -1.681140
  H      -2.380247     -2.403518      0.004314
  H      -0.756441     -0.726550      0.932848
  H       7.662589     -2.193003     15.027394
  N      -2.586955      2.597805     -1.597387
  H      -3.284443      2.878229     -2.280839
  H      -1.915753      3.268690     -1.207397
  N      -0.557990      1.813260      0.383139
  O      -0.589608      2.988634      0.020583
  O       0.222820      1.360995      1.189221
17
Coordinates from ORCA-job opt2 E -491.664402102878
  C      -2.518046      1.337622     -1.181851
  C      -3.434872      0.356492     -1.696546
  C      -3.383600     -0.955834     -1.278122
  C      -2.423096     -1.362481     -0.329351
  C      -1.510216     -0.430264      0.195710
  C      -1.546509      0.890416     -0.212225
  H      -4.176440      0.679377     -2.431161
  H      -4.090819     -1.682107     -1.684116
  H      -2.382345     -2.401882      0.002536
  H      -0.759356     -0.723662      0.930087
  H       7.707606     -2.210003     15.099015
  N      -2.590125      2.597943     -1.603680
  H      -3.287451      2.877549     -2.287623
  H      -1.919243      3.269372     -1.214083
  N      -0.561458      1.815791      0.378066
  O      -0.593372      2.990837      0.014472
  O       0.219312      1.364484      1.184722
17
Coordinates from ORCA-job opt2 E -491.664412975420
  C      -2.520908      1.338354     -1.186631
  C      -3.437615      0.356982     -1.701078
  C      -3.386232     -0.955234     -1.282282
  C      -2.425731     -1.361522     -0.333353
  C      -1.513024     -0.429026      0.191497
  C      -1.549416      0.891521     -0.216805
  H      -4.179171      0.679594     -2.435824
  H      -4.093355     -1.681690     -1.688110
  H      -2.384867     -2.400824     -0.001174
  H      -0.762129     -0.721969      0.925996
  H       7.752962     -2.224433     15.171291
  N      -2.593064      2.598555     -1.608818
  H      -3.290387      2.877921     -2.292854
  H      -1.922198      3.270101     -1.219408
  N      -0.564548      1.817126      0.373460
  O      -0.596196      2.991988      0.009236
  O       0.215848      1.366203      1.180707
17
Coordinates from ORCA-job opt2 E -491.664423708662
  C      -2.523732      1.338957     -1.191663
  C      -3.440069      0.357064     -1.705758
  C      -3.388540     -0.954873     -1.286110
  C      -2.428261     -1.360360     -0.336619
  C      -1.515933     -0.427332      0.187934
  C      -1.552456      0.892948     -0.221243
  H      -4.181461      0.679058     -2.440940
  H      -4.095390     -1.681722     -1.691711
  H      -2.387274     -2.399438     -0.003757
  H      -0.765241     -0.719591      0.922917
  H       7.798407     -2.240314     15.243140
  N      -2.596017      2.598874     -1.614685
  H      -3.293168      2.877691     -2.299125
  H      -1.925391      3.270814     -1.225534
  N      -0.567983      1.819151      0.368741
  O      -0.599677      2.993725      0.003598
  O       0.212155      1.368999      1.176665
17
Coordinates from ORCA-job opt2 E -491.664434439269
  C      -2.526512      1.339742     -1.196344
  C      -3.442742      0.357772     -1.710472
  C      -3.391261     -0.954125     -1.290670
  C      -2.431148     -1.359502     -0.340974
  C      -1.518954     -0.426378      0.183627
  C      -1.555413      0.893848     -0.225705
  H      -4.184019      0.679672     -2.445813
  H      -4.098039     -1.681017     -1.696320
  H      -2.390188     -2.398537     -0.007978
  H      -0.768394     -0.718382      0.918832
  H       7.844190     -2.253896     15.315503
  N      -2.598731      2.599608     -1.619527
  H      -3.295767      2.878359     -2.304105
  H      -1.928174      3.271603     -1.230372
  N      -0.571076      1.820113      0.364425
  O      -0.602658      2.994631     -0.000914
  O       0.208854      1.370139      1.172657
17
Coordinates from ORCA-job opt2 E -491.664444999455
  C      -2.529344      1.340351     -1.201354
  C      -3.445210      0.357859     -1.715118
  C      -3.393564     -0.953756     -1.294466
  C      -2.433651     -1.358322     -0.344226
  C      -1.521816     -0.424671      0.180063
  C      -1.558445      0.895293     -0.230135
  H      -4.186340      0.679126     -2.450882
  H      -4.100064     -1.681055     -1.699872
  H      -2.392561     -2.397137     -0.010559
  H      -0.771461     -0.716077      0.915728
  H       7.889552     -2.269786     15.387352
  N      -2.601712      2.599927     -1.625382
  H      -3.298628      2.878095     -2.310324
  H      -1.931404      3.272333     -1.236509
  N      -0.574483      1.822165      0.359648
  O      -0.606099      2.996392     -0.006625
  O       0.205199      1.372912      1.168512
17
Coordinates from ORCA-job opt2 E -491.664455516487
  C      -2.532203      1.341062     -1.206140
  C      -3.447882      0.358279     -1.719668
  C      -3.396122     -0.953185     -1.298552
  C      -2.436277     -1.357302     -0.348054
  C      -1.524628     -0.423351      0.176018
  C      -1.561371      0.896463     -0.234648
  H      -4.188960      0.679190     -2.455639
  H      -4.102477     -1.680716     -1.703793
  H      -2.395093     -2.395995     -0.014021
  H      -0.774332     -0.714387      0.911885
  H       7.934842     -2.284496     15.459521
  N      -2.604667      2.600482     -1.630634
  H      -3.301561      2.878315     -2.315726
  H      -1.934474      3.273104     -1.241952
  N      -0.577587      1.823657      0.354944
  O      -0.609208      2.997726     -0.011840
  O       0.201970      1.374803      1.164149
17
Coordinates from ORCA-job opt2 E -491.664465827455
  C      -2.535154      1.341610     -1.211200
  C      -3.450456      0.358109     -1.724019
  C      -3.398320     -0.952986     -1.301801
  C      -2.438462     -1.355990     -0.350851
  C      -1.527172     -0.421316      0.172562
  C      -1.564299      0.898147     -0.239224
  H      -4.191544      0.678160     -2.460358
  H      -4.104378     -1.681091     -1.706523
  H      -2.396984     -2.394391     -0.015952
  H      -0.776891     -0.711598      0.908755
  H       7.979447     -2.301391     15.531239
  N      -2.607978      2.600651     -1.636772
  H      -3.304906      2.877669     -2.322157
  H      -1.938031      3.273816     -1.248615
  N      -0.580861      1.826156      0.349647
  O      -0.612709      2.999863     -0.018264
  O       0.198668      1.378232      1.159384
17
Coordinates from ORCA-job opt2 E -491.664476194335
  C      -2.538005      1.342399     -1.215815
  C      -3.453263      0.358809     -1.728532
  C      -3.401087     -0.952243     -1.306165
  C      -2.441222     -1.355112     -0.355163
  C      -1.529982     -0.420336      0.168143
  C      -1.567141      0.899070     -0.243796
  H      -4.194356      0.678752     -2.464909
  H      -4.107119     -1.680420     -1.710807
  H      -2.399710     -2.393472     -0.020138
  H      -0.779660     -0.710437      0.904349
  H       8.024725     -2.315090     15.603646
  N      -2.610877      2.601405     -1.641503
  H      -3.307823      2.878321     -2.326911
  H      -1.940968      3.274630     -1.253384
  N      -0.583733      1.827162      0.345016
  O      -0.615641      3.000845     -0.022974
  O       0.195832      1.379366      1.154793
17
Coordinates from ORCA-job opt2 E -491.664486439357
  C      -2.540931      1.343178     -1.220372
  C      -3.456204      0.359468     -1.732814
  C      -3.403870     -0.951530     -1.310294
  C      -2.443825     -1.354226     -0.359409
  C      -1.532560     -0.419326      0.163622
  C      -1.569871      0.900028     -0.248478
  H      -4.197446      0.679276     -2.469101
  H      -4.109930     -1.679795     -1.714726
  H      -2.402193     -2.392538     -0.024255
  H      -0.782069     -0.709238      0.899733
  H       8.069508     -2.328987     15.676085
  N      -2.613961      2.602138     -1.646173
  H      -3.311021      2.878941     -2.331509
  H      -1.944047      3.275443     -1.258195
  N      -0.586429      1.828270      0.340051
  O      -0.618574      3.001932     -0.027978
  O       0.193394      1.380613      1.149662
17
Coordinates from ORCA-job opt2 E -491.664496597028
  C      -2.543897      1.344011     -1.224819
  C      -3.459269      0.360250     -1.736979
  C      -3.406749     -0.950743     -1.314457
  C      -2.446407     -1.353386     -0.363848
  C      -1.535026     -0.418441      0.158891
  C      -1.572522      0.900907     -0.253215
  H      -4.200746      0.680014     -2.473047
  H      -4.112898     -1.679044     -1.718670
  H      -2.404633     -2.391692     -0.028689
  H      -0.784301     -0.708281      0.894789
  H       8.114107     -2.342515     15.748669
  N      -2.617129      2.602970     -1.650611
  H      -3.314393      2.879718     -2.335759
  H      -1.947152      3.276315     -1.262817
  N      -0.588932      1.829177      0.335014
  O      -0.621307      3.002875     -0.032900
  O       0.191224      1.381515      1.144297
17
Coordinates from ORCA-job opt2 E -491.664506928222
  C      -2.546448      1.344875     -1.229467
  C      -3.461593      0.361288     -1.742355
  C      -3.409529     -0.949750     -1.319917
  C      -2.449881     -1.352595     -0.368690
  C      -1.538721     -0.417833      0.154748
  C      -1.575775      0.901554     -0.257267
  H      -4.202521      0.681218     -2.478902
  H      -4.115483     -1.677939     -1.724680
  H      -2.408471     -2.390943     -0.033616
  H      -0.788537     -0.707938      0.891092
  H       8.161245     -2.354784     15.820973
  N      -2.619235      2.603896     -1.655193
  H      -3.316023      2.880780     -2.340781
  H      -1.949415      3.277107     -1.266865
  N      -0.592424      1.829618      0.331635
  O      -0.624417      3.003377     -0.036152
  O       0.187200      1.381720      1.141289
17
Coordinates from ORCA-job opt2 E -491.664516967090
  C      -2.549333      1.345690     -1.233986
  C      -3.464510      0.362067     -1.746736
  C      -3.412367     -0.948958     -1.324266
  C      -2.452604     -1.351759     -0.373142
  C      -1.541401     -0.416963      0.150159
  C      -1.578533      0.902422     -0.261895
  H      -4.205538      0.681962     -2.483199
  H      -4.118359     -1.677167     -1.728918
  H      -2.411143     -2.390092     -0.038030
  H      -0.791108     -0.707027      0.886418
  H       8.206277     -2.368227     15.893472
  N      -2.622218      2.604706     -1.659701
  H      -3.319078      2.881560     -2.345206
  H      -1.952403      3.277934     -1.271433
  N      -0.595123      1.830538      0.326855
  O      -0.627238      3.004297     -0.040917
  O       0.184652      1.382667      1.136375
17
Coordinates from ORCA-job opt2 E -491.664526881686
  C      -2.552313      1.346505     -1.238448
  C      -3.467585      0.362799     -1.750859
  C      -3.415225     -0.948205     -1.328349
  C      -2.455141     -1.350908     -0.377514
  C      -1.543832     -0.416028      0.145452
  C      -1.581181      0.903341     -0.266648
  H      -4.208866      0.682612     -2.487103
  H      -4.121302     -1.676473     -1.732748
  H      -2.413508     -2.389221     -0.042366
  H      -0.793284     -0.706003      0.881488
  H       8.250824     -2.381927     15.966017
  N      -2.625404      2.605496     -1.664204
  H      -3.322493      2.882275     -2.349509
  H      -1.955500      3.278784     -1.276193
  N      -0.597651      1.831551      0.321777
  O      -0.629963      3.005291     -0.046025
  O       0.182395      1.383761      1.131082
17
Coordinates from ORCA-job opt2 E -491.664536809598
  C      -2.555119      1.347346     -1.242951
  C      -3.470376      0.363689     -1.755471
  C      -3.418084     -0.947336     -1.333009
  C      -2.458074     -1.350103     -0.382129
  C      -1.546755     -0.415276      0.140912
  C      -1.584044      0.904108     -0.271134
  H      -4.211604      0.683554     -2.491746
  H      -4.124159     -1.675564     -1.737484
  H      -2.416496     -2.388429     -0.047010
  H      -0.796263     -0.705332      0.876969
  H       8.296336     -2.394920     16.038510
  N      -2.628171      2.606370     -1.668636
  H      -3.325210      2.883201     -2.353974
  H      -1.958307      3.279643     -1.280522
  N      -0.600490      1.832257      0.317330
  O      -0.632893      3.006056     -0.050279
  O       0.179679      1.384386      1.126473
17
Coordinates from ORCA-job opt2 E -491.664546543960
  C      -2.558159      1.348153     -1.247386
  C      -3.473574      0.364388     -1.759404
  C      -3.420956     -0.946613     -1.336898
  C      -2.460453     -1.349243     -0.386458
  C      -1.548991     -0.414295      0.136111
  C      -1.586603      0.905064     -0.275989
  H      -4.215182      0.684143     -2.495342
  H      -4.127159     -1.674928     -1.740993
  H      -2.418615     -2.387546     -0.051302
  H      -0.798121     -0.704226      0.871831
  H       8.340516     -2.408807     16.111089
  N      -2.631518      2.607149     -1.673116
  H      -3.328916      2.883874     -2.358122
  H      -1.961515      3.280490     -1.285378
  N      -0.602887      1.833345      0.312010
  O      -0.635419      3.007080     -0.055801
  O       0.177523      1.385620      1.120998
17
Coordinates from ORCA-job opt2 E -491.664556205507
  C      -2.561181      1.348957     -1.251821
  C      -3.476716      0.365084     -1.763406
  C      -3.423815     -0.945887     -1.340839
  C      -2.462898     -1.348376     -0.390760
  C      -1.551300     -0.413321      0.131376
  C      -1.589194      0.906013     -0.280790
  H      -4.218645      0.684728     -2.499067
  H      -4.130120     -1.674284     -1.744606
  H      -2.420834     -2.386654     -0.055554
  H      -0.800118     -0.703148      0.866819
  H       8.384798     -2.422669     16.183632
  N      -2.634811      2.607918     -1.677621
  H      -3.332503      2.884537     -2.362372
  H      -1.964702      3.281345     -1.290217
  N      -0.605327      1.834426      0.306751
  O      -0.638158      3.008145     -0.061089
  O       0.175494      1.386834      1.115415
17
Coordinates from ORCA-job opt2 E -491.664565660181
  C      -2.564422      1.349732     -1.256162
  C      -3.480246      0.365615     -1.766751
  C      -3.426701     -0.945290     -1.344056
  C      -2.464834     -1.347466     -0.394818
  C      -1.552945     -0.412156      0.126356
  C      -1.591478      0.907118     -0.285954
  H      -4.222920      0.685019     -2.501768
  H      -4.133244     -1.673872     -1.747065
  H      -2.422259     -2.385687     -0.059505
  H      -0.801039     -0.701708      0.861172
  H       8.427737     -2.437273     16.256248
  N      -2.638676      2.608618     -1.682081
  H      -3.337057      2.885008     -2.366221
  H      -1.968320      3.282221     -1.295412
  N      -0.607285      1.835810      0.300601
  O      -0.640560      3.009432     -0.067509
  O       0.174220      1.388528      1.108775
17
Coordinates from ORCA-job opt2 E -491.664575134386
  C      -2.567539      1.350557     -1.260489
  C      -3.483602      0.366346     -1.770462
  C      -3.429640     -0.944555     -1.347792
  C      -2.467104     -1.346622     -0.399184
  C      -1.554972     -0.411214      0.121377
  C      -1.593920      0.908053     -0.290913
  H      -4.226787      0.685668     -2.504995
  H      -4.136375     -1.673218     -1.750330
  H      -2.424198     -2.384836     -0.063890
  H      -0.802560     -0.700678      0.855701
  H       8.471460     -2.451113     16.328905
  N      -2.642193      2.609432     -1.686390
  H      -3.341053      2.885739     -2.370072
  H      -1.971628      3.283095     -1.300189
  N      -0.609451      1.836853      0.294998
  O      -0.643060      3.010463     -0.073133
  O       0.172593      1.389680      1.102709
17
Coordinates from ORCA-job opt2 E -491.664584578541
  C      -2.570549      1.351386     -1.264874
  C      -3.486760      0.367131     -1.774483
  C      -3.432551     -0.943771     -1.351845
  C      -2.469604     -1.345787     -0.403634
  C      -1.557303     -0.410339      0.116552
  C      -1.596502      0.908933     -0.295709
  H      -4.230262      0.686421     -2.508707
  H      -4.139411     -1.672469     -1.754095
  H      -2.426510     -2.384001     -0.068359
  H      -0.804570     -0.699797      0.850555
  H       8.515768     -2.464663     16.401507
  N      -2.645463      2.610266     -1.690727
  H      -3.344615      2.886533     -2.374122
  H      -1.974785      3.283961     -1.304783
  N      -0.611835      1.837786      0.289771
  O      -0.645724      3.011418     -0.078275
  O       0.170644      1.390642      1.097077
17
Coordinates from ORCA-job opt2 E -491.664593953547
  C      -2.573594      1.352234     -1.269203
  C      -3.490017      0.367965     -1.778394
  C      -3.435520     -0.942961     -1.355863
  C      -2.472059     -1.344984     -0.408178
  C      -1.559535     -0.409525      0.111586
  C      -1.599023      0.909773     -0.300570
  H      -4.233916      0.687265     -2.512213
  H      -4.142551     -1.671672     -1.757785
  H      -2.428739     -2.383215     -0.072990
  H      -0.806392     -0.698994      0.845159
  H       8.559905     -2.478077     16.474184
  N      -2.648793      2.611145     -1.694936
  H      -3.348314      2.887416     -2.377954
  H      -1.977941      3.284841     -1.309289
  N      -0.614106      1.838647      0.284460
  O      -0.648239      3.012300     -0.083506
  O       0.168802      1.391493      1.091342
17
Coordinates from ORCA-job opt2 E -491.664603287210
  C      -2.576580      1.353069     -1.273603
  C      -3.493135      0.368768     -1.782483
  C      -3.438426     -0.942163     -1.359995
  C      -2.474611     -1.344156     -0.412663
  C      -1.561941     -0.408666      0.106789
  C      -1.601643      0.910642     -0.305331
  H      -4.237309      0.688048     -2.516032
  H      -4.145566     -1.670901     -1.761676
  H      -2.431128     -2.382391     -0.077506
  H      -0.808517     -0.698140      0.840080
  H       8.604376     -2.491551     16.546777
  N      -2.651990      2.611985     -1.699291
  H      -3.351761      2.888228     -2.382059
  H      -1.981031      3.285699     -1.313872
  N      -0.616556      1.839552      0.279352
  O      -0.650902      3.013220     -0.088547
  O       0.166688      1.392408      1.085911
17
Coordinates from ORCA-job opt2 E -491.664612572629
  C      -2.579517      1.353893     -1.278064
  C      -3.496146      0.369551     -1.786720
  C      -3.441288     -0.941374     -1.364225
  C      -2.477241     -1.343315     -0.417107
  C      -1.564484     -0.407783      0.102117
  C      -1.604339      0.911519     -0.310015
  H      -4.240499      0.688791     -2.520102
  H      -4.148491     -1.670147     -1.765733
  H      -2.433642     -2.381543     -0.081943
  H      -0.810875     -0.697241      0.835223
  H       8.649116     -2.505052     16.619309
  N      -2.655080      2.612806     -1.703747
  H      -3.355017      2.889007     -2.386359
  H      -1.984065      3.286552     -1.318482
  N      -0.619148      1.840476      0.274413
  O      -0.653636      3.014143     -0.093484
  O       0.164321      1.393366      1.080769
17
Coordinates from ORCA-job opt2 E -491.664621838959
  C      -2.582373      1.354700     -1.282620
  C      -3.498982      0.370306     -1.791196
  C      -3.444080     -0.940592     -1.368623
  C      -2.480005     -1.342450     -0.421507
  C      -1.567261     -0.406866      0.097641
  C      -1.607163      0.912413     -0.314570
  H      -4.243359      0.689482     -2.524583
  H      -4.151272     -1.669407     -1.770071
  H      -2.436373     -2.380655     -0.086282
  H      -0.813622     -0.696288      0.830737
  H       8.694322     -2.518581     16.691747
  N      -2.657978      2.613588     -1.708380
  H      -3.357937      2.889725     -2.390996
  H      -1.986970      3.287374     -1.323174
  N      -0.621981      1.841432      0.269775
  O      -0.656519      3.015082     -0.098176
  O       0.161522      1.394385      1.076129
17
Coordinates from ORCA-job opt2 E -491.664631015616
  C      -2.585241      1.355495     -1.287198
  C      -3.501822      0.371012     -1.795648
  C      -3.446847     -0.939845     -1.372949
  C      -2.482725     -1.341571     -0.425823
  C      -1.570005     -0.405895      0.093198
  C      -1.609979      0.913341     -0.319144
  H      -4.246238      0.690083     -2.529039
  H      -4.154023     -1.668730     -1.774303
  H      -2.439033     -2.379742     -0.090495
  H      -0.816326     -0.695206      0.826290
  H       8.739449     -2.532275     16.764160
  N      -2.660921      2.614345     -1.713069
  H      -3.360915      2.890386     -2.395682
  H      -1.989940      3.288198     -1.327943
  N      -0.624811      1.842458      0.265071
  O      -0.659388      3.016063     -0.103026
  O       0.158735      1.395532      1.071452
17
Coordinates from ORCA-job opt2 E -491.664640131093
  C      -2.588113      1.356288     -1.291780
  C      -3.504668      0.371711     -1.800085
  C      -3.449613     -0.939102     -1.377253
  C      -2.485431     -1.340687     -0.430131
  C      -1.572737     -0.404913      0.088753
  C      -1.612791      0.914279     -0.323725
  H      -4.249132      0.690671     -2.533476
  H      -4.156773     -1.668059     -1.778503
  H      -2.441675     -2.378820     -0.094695
  H      -0.819013     -0.694109      0.821845
  H       8.784559     -2.545998     16.836568
  N      -2.663869      2.615093     -1.717781
  H      -3.363907      2.891030     -2.400390
  H      -1.992898      3.289016     -1.332762
  N      -0.627640      1.843497      0.260358
  O      -0.662283      3.017065     -0.107852
  O       0.155951      1.396689      1.066758
17
Coordinates from ORCA-job opt2 E -491.664649178647
  C      -2.590982      1.357081     -1.296360
  C      -3.507510      0.372413     -1.804528
  C      -3.452378     -0.938357     -1.381567
  C      -2.488144     -1.339806     -0.434443
  C      -1.575473     -0.403937      0.084308
  C      -1.615604      0.915211     -0.328304
  H      -4.252019      0.691265     -2.537921
  H      -4.159523     -1.667385     -1.782716
  H      -2.444327     -2.377902     -0.098902
  H      -0.821705     -0.693018      0.817400
  H       8.829674     -2.559706     16.908975
  N      -2.666814      2.615845     -1.722480
  H      -3.366893      2.891684     -2.405084
  H      -1.995859      3.289835     -1.337552
  N      -0.630470      1.844531      0.255647
  O      -0.665167      3.018058     -0.112690
  O       0.153165      1.397837      1.062068
17
Coordinates from ORCA-job opt2 E -491.664649186084
  C      -2.590968      1.357076     -1.296371
  C      -3.507476      0.372408     -1.804575
  C      -3.452367     -0.938359     -1.381605
  C      -2.488175     -1.339806     -0.434438
  C      -1.575524     -0.403938      0.084346
  C      -1.615631      0.915210     -0.328272
  H      -4.251952      0.691259     -2.538002
  H      -4.159495     -1.667386     -1.782782
  H      -2.444374     -2.377900     -0.098892
  H      -0.821789     -0.693006      0.817474
  H       8.829763     -2.559705     16.908958
  N      -2.666775      2.615838     -1.722504
  H      -3.366826      2.891675     -2.405141
  H      -1.995831      3.289827     -1.337554
  N      -0.630514      1.844536      0.255705
  O      -0.665197      3.018056     -0.112656
  O       0.153102      1.397864      1.062158
