18
Coordinates from ORCA-job opt
  C   -3.86516734357010      0.94434157945665     -0.07538725943809
  C   -4.92272831379506      0.26873722983356     -0.70264597592121
  C   -5.03057771819703     -1.11798142899817     -0.59784356576840
  C   -4.08352665954933     -1.84223577131705      0.13553018590779
  C   -3.02981102252337     -1.17199643200787      0.76088165488684
  C   -2.91953321612422      0.21863970639081      0.65722704147654
  C   -3.81073419980518      2.46478525764726     -0.19518116082199
  H   -5.65406019384117      0.84349861132032     -1.27491300280147
  H   -5.85623938274783     -1.63850776567522     -1.09027562821825
  H   -4.16802260279406     -2.92913883238131      0.21698779894580
  H   -2.28611135457989     -1.73328106107773      1.33282673748350
  H   -2.09792478362700      0.74948053847094      1.13911505725274
  O   -4.89378187167171      3.07132909731433      0.44720048381772
  H   -4.93072682950342      2.71104471332091      1.34348100678890
  O   -2.59608443456263      2.90295951283218      0.34520695932434
  H   -2.62116462808870      3.87067963083761      0.29505823914507
  O   -3.95270938377184      2.89080295116375     -1.51804130322301
  H   -3.24608606124737      2.46925246286899     -2.02593726883681
