18
Coordinates from ORCA-job opt E -496.617779602433
  C      -3.919380      0.927960     -0.126710
  C      -5.157780      0.266640     -0.273330
  C      -5.240840     -1.122890     -0.139180
  C      -4.096420     -1.870900      0.142280
  C      -2.864780     -1.231370      0.290510
  C      -2.774720      0.157280      0.157330
  C      -3.786980      2.438650     -0.265200
  H      -6.064980      0.813120     -0.493330
  H      -6.195220     -1.620520     -0.254150
  H      -4.164150     -2.946180      0.245660
  H      -1.977890     -1.811960      0.509450
  H      -1.808830      0.630950      0.279060
  O      -5.033920      3.038150     -0.525390
  H      -5.545280      3.047940      0.326470
  O      -3.251840      2.970260      0.926370
  H      -3.149770      3.948070      0.786120
  O      -2.935030      2.728150     -1.347950
  H      -1.997180      2.609060     -1.044720
18
Coordinates from ORCA-job opt E -496.622966549267
  C      -3.920471      0.922792     -0.110091
  C      -5.146329      0.267593     -0.281432
  C      -5.231284     -1.123050     -0.159581
  C      -4.093010     -1.873767      0.141426
  C      -2.866272     -1.228474      0.317975
  C      -2.782112      0.159391      0.192189
  C      -3.792681      2.437665     -0.257660
  H      -6.046528      0.830360     -0.530812
  H      -6.192302     -1.623008     -0.303104
  H      -4.160978     -2.960454      0.238022
  H      -1.972002     -1.809368      0.556958
  H      -1.816301      0.647628      0.343938
  O      -5.018531      3.061622     -0.495762
  H      -5.493679      3.054668      0.344043
  O      -3.209762      2.939180      0.917778
  H      -3.114201      3.894996      0.781595
  O      -3.014322      2.763710     -1.372848
  H      -2.094225      2.610926     -1.129342
18
Coordinates from ORCA-job opt E -496.624448125532
  C      -3.922661      0.926538     -0.097786
  C      -5.135377      0.270329     -0.314575
  C      -5.219436     -1.121034     -0.198080
  C      -4.088517     -1.868649      0.136950
  C      -2.870468     -1.216362      0.355416
  C      -2.791191      0.171644      0.239702
  C      -3.800532      2.442617     -0.251550
  H      -6.022566      0.841563     -0.596924
  H      -6.175433     -1.623445     -0.375270
  H      -4.154498     -2.957383      0.228113
  H      -1.979548     -1.792611      0.623598
  H      -1.837059      0.671631      0.433675
  O      -5.028950      3.077782     -0.418441
  H      -5.475335      3.027986      0.434564
  O      -3.144995      2.917594      0.893984
  H      -3.048392      3.872115      0.762875
  O      -3.095427      2.784043     -1.408556
  H      -2.174606      2.548053     -1.254404
18
Coordinates from ORCA-job opt E -496.625728555277
  C      -3.921981      0.931286     -0.083764
  C      -5.123802      0.274151     -0.344747
  C      -5.206607     -1.118145     -0.236986
  C      -4.083662     -1.863196      0.129250
  C      -2.874872     -1.206499      0.390153
  C      -2.797495      0.182160      0.286632
  C      -3.806303      2.448499     -0.242579
  H      -5.996089      0.855791     -0.651953
  H      -6.155424     -1.621691     -0.445822
  H      -4.148041     -2.952168      0.213255
  H      -1.990643     -1.779784      0.684655
  H      -1.858073      0.691844      0.520435
  O      -5.037331      3.089050     -0.343767
  H      -5.463504      2.997024      0.518950
  O      -3.087135      2.908528      0.870374
  H      -2.985767      3.864071      0.737555
  O      -3.167742      2.798457     -1.435041
  H      -2.260519      2.473030     -1.373309
18
Coordinates from ORCA-job opt E -496.626778424732
  C      -3.918621      0.936432     -0.067819
  C      -5.110061      0.277801     -0.375481
  C      -5.191823     -1.115051     -0.278592
  C      -4.078589     -1.858153      0.119880
  C      -2.881055     -1.199760      0.426056
  C      -2.802969      0.190134      0.335938
  C      -3.809882      2.454448     -0.229967
  H      -5.967150      0.868630     -0.705551
  H      -6.131394     -1.619491     -0.521174
  H      -4.141816     -2.947108      0.194811
  H      -2.006318     -1.772530      0.746561
  H      -1.879031      0.706877      0.607081
  O      -5.043675      3.095987     -0.265312
  H      -5.446237      2.969579      0.605608
  O      -3.030773      2.913120      0.843481
  H      -2.924621      3.867276      0.699431
  O      -3.238219      2.807061     -1.455174
  H      -2.362755      2.397158     -1.486487
18
Coordinates from ORCA-job opt E -496.627588620634
  C      -3.914299      0.942321     -0.049948
  C      -5.093836      0.281844     -0.407532
  C      -5.174243     -1.111042     -0.323988
  C      -4.072647     -1.852816      0.109036
  C      -2.889732     -1.194434      0.464270
  C      -2.810625      0.197208      0.389024
  C      -3.811783      2.459494     -0.215056
  H      -5.937733      0.878530     -0.759319
  H      -6.102407     -1.616879     -0.603238
  H      -4.134464     -2.942254      0.172860
  H      -2.026217     -1.768454      0.810888
  H      -1.901326      0.718821      0.694168
  O      -5.047419      3.099562     -0.182290
  H      -5.418551      2.947875      0.698499
  O      -2.975152      2.926154      0.810858
  H      -2.864538      3.876166      0.646253
  O      -3.308729      2.808393     -1.471058
  H      -2.481289      2.321921     -1.590137
18
Coordinates from ORCA-job opt E -496.628116446775
  C      -3.909702      0.947453     -0.036067
  C      -5.073815      0.284915     -0.445404
  C      -5.152620     -1.107587     -0.374557
  C      -4.066444     -1.848160      0.100105
  C      -2.902405     -1.189702      0.508305
  C      -2.822532      0.203506      0.443134
  C      -3.812914      2.463234     -0.200839
  H      -5.906372      0.882283     -0.822167
  H      -6.066402     -1.615692     -0.694166
  H      -4.127200     -2.938287      0.154860
  H      -2.053016     -1.764604      0.887092
  H      -1.928013      0.728334      0.783024
  O      -5.046295      3.102116     -0.090221
  H      -5.371228      2.932413      0.804650
  O      -2.916197      2.935962      0.768827
  H      -2.802482      3.880646      0.581648
  O      -3.389499      2.810711     -1.486240
  H      -2.617853      2.264869     -1.688694
18
Coordinates from ORCA-job opt E -496.628371366809
  C      -3.903569      0.950928     -0.029430
  C      -5.049909      0.286822     -0.488623
  C      -5.129399     -1.105000     -0.423624
  C      -4.062058     -1.844779      0.095992
  C      -2.918021     -1.186079      0.553580
  C      -2.836937      0.208237      0.493132
  C      -3.813291      2.466233     -0.189264
  H      -5.872535      0.881590     -0.890913
  H      -6.028090     -1.615291     -0.780389
  H      -4.123473     -2.935185      0.146398
  H      -2.084289     -1.761015      0.965654
  H      -1.955316      0.734394      0.862073
  O      -5.040577      3.101885      0.002199
  H      -5.312795      2.916450      0.911327
  O      -2.860440      2.940360      0.722430
  H      -2.745780      3.880381      0.515231
  O      -3.472252      2.819626     -1.497567
  H      -2.756259      2.232853     -1.774915
18
Coordinates from ORCA-job opt E -496.628436931875
  C      -3.899419      0.951368     -0.030784
  C      -5.036682      0.286757     -0.511878
  C      -5.117326     -1.104768     -0.447372
  C      -4.061442     -1.844067      0.097028
  C      -2.927712     -1.184800      0.578061
  C      -2.844668      0.209571      0.514919
  C      -3.813958      2.467112     -0.185640
  H      -5.853667      0.878038     -0.930657
  H      -6.007808     -1.616212     -0.822474
  H      -4.124442     -2.934338      0.147939
  H      -2.102796     -1.758869      1.008564
  H      -1.968507      0.735193      0.897038
  O      -5.036631      3.098821      0.050305
  H      -5.276132      2.908860      0.967707
  O      -2.833047      2.939061      0.695708
  H      -2.720506      3.877940      0.482354
  O      -3.518285      2.828056     -1.503201
  H      -2.821962      2.234688     -1.814328
18
Coordinates from ORCA-job opt E -496.628480915934
  C      -3.893601      0.950822     -0.033727
  C      -5.019230      0.285850     -0.540945
  C      -5.102435     -1.105288     -0.475244
  C      -4.061857     -1.844172      0.099303
  C      -2.940460     -1.184320      0.607387
  C      -2.854315      0.209990      0.540561
  C      -3.815455      2.467403     -0.182888
  H      -5.828211      0.872662     -0.981113
  H      -5.982872     -1.617644     -0.872021
  H      -4.127885     -2.934129      0.152045
  H      -2.127213     -1.757119      1.061005
  H      -1.985023      0.734072      0.939607
  O      -5.030511      3.092113      0.109583
  H      -5.224839      2.900939      1.037428
  O      -2.800198      2.937638      0.658302
  H      -2.694944      3.876502      0.441034
  O      -3.579348      2.838181     -1.509897
  H      -2.896594      2.248910     -1.857130
18
Coordinates from ORCA-job opt E -496.628499029962
  C      -3.888836      0.949528     -0.037829
  C      -5.005441      0.284125     -0.563976
  C      -5.091281     -1.106644     -0.495553
  C      -4.063096     -1.844817      0.102062
  C      -2.951211     -1.184226      0.629725
  C      -2.862031      0.209880      0.558998
  C      -3.817279      2.466826     -0.182452
  H      -5.806957      0.867920     -1.021494
  H      -5.964250     -1.619497     -0.907849
  H      -4.131850     -2.934459      0.157268
  H      -2.147246     -1.755723      1.101130
  H      -1.998380      0.732875      0.971349
  O      -5.024248      3.085140      0.155802
  H      -5.180344      2.894943      1.090997
  O      -2.774739      2.935344      0.624975
  H      -2.679938      3.875927      0.410487
  O      -3.630077      2.845407     -1.514897
  H      -2.947786      2.269861     -1.885454
18
Coordinates from ORCA-job opt E -496.628511499891
  C      -3.886118      0.947967     -0.041882
  C      -4.997762      0.281994     -0.577922
  C      -5.085724     -1.108431     -0.505878
  C      -4.064701     -1.845669      0.104979
  C      -2.957847     -1.184371      0.642215
  C      -2.866595      0.209514      0.568404
  C      -3.818545      2.465811     -0.183760
  H      -5.793717      0.864902     -1.046143
  H      -5.954960     -1.621473     -0.925783
  H      -4.135175     -2.935058      0.162793
  H      -2.159058     -1.754836      1.123572
  H      -2.006392      0.732386      0.987975
  O      -5.019076      3.080570      0.182541
  H      -5.152645      2.889875      1.121090
  O      -2.758882      2.932614      0.602150
  H      -2.675284      3.876167      0.396243
  O      -3.661905      2.849283     -1.518362
  H      -2.970605      2.291164     -1.898940
18
Coordinates from ORCA-job opt E -496.628526262291
  C      -3.884406      0.946374     -0.045177
  C      -4.992610      0.279789     -0.588162
  C      -5.082403     -1.110228     -0.512501
  C      -4.066517     -1.846425      0.108041
  C      -2.963117     -1.184579      0.651384
  C      -2.870031      0.209114      0.575014
  C      -3.819122      2.464543     -0.186095
  H      -5.783031      0.863651     -1.064513
  H      -5.949271     -1.623262     -0.937318
  H      -4.138160     -2.935599      0.168380
  H      -2.167953     -1.754324      1.139589
  H      -2.012675      0.732692      0.999298
  O      -5.012853      3.077966      0.202719
  H      -5.132589      2.881504      1.141927
  O      -2.744740      2.929668      0.581125
  H      -2.675454      3.877300      0.389150
  O      -3.687737      2.850694     -1.522249
  H      -2.982319      2.313532     -1.907321
18
Coordinates from ORCA-job opt E -496.628542023386
  C      -3.882571      0.945256     -0.047336
  C      -4.987353      0.278294     -0.597763
  C      -5.079063     -1.111188     -0.519148
  C      -4.068380     -1.846521      0.111012
  C      -2.968670     -1.184523      0.661030
  C      -2.873474      0.209022      0.582556
  C      -3.818559      2.463439     -0.188573
  H      -5.771464      0.864432     -1.081768
  H      -5.943332     -1.624133     -0.949367
  H      -4.141089     -2.935510      0.173458
  H      -2.177501     -1.754009      1.156042
  H      -2.019328      0.733893      1.011441
  O      -5.003795      3.077045      0.224024
  H      -5.115671      2.865201      1.160800
  O      -2.728207      2.927026      0.557241
  H      -2.676300      3.879162      0.383032
  O      -3.714297      2.850768     -1.526591
  H      -2.995936      2.334754     -1.916798
18
Coordinates from ORCA-job opt E -496.628558919533
  C      -3.879785      0.944745     -0.049868
  C      -4.980398      0.277537     -0.609322
  C      -5.074719     -1.111254     -0.527311
  C      -4.070693     -1.845713      0.114794
  C      -2.975598     -1.183731      0.673331
  C      -2.877637      0.209567      0.591955
  C      -3.816629      2.462793     -0.191033
  H      -5.756947      0.865961     -1.102791
  H      -5.935377     -1.624399     -0.964530
  H      -4.144895     -2.934480      0.179690
  H      -2.189875     -1.753113      1.177128
  H      -2.027373      0.736071      1.026417
  O      -4.990431      3.077316      0.251237
  H      -5.098994      2.837183      1.181463
  O      -2.707008      2.923808      0.527541
  H      -2.675174      3.880644      0.376005
  O      -3.745674      2.852108     -1.530728
  H      -3.017783      2.357367     -1.930687
18
Coordinates from ORCA-job opt E -496.628573256019
  C      -3.875640      0.944801     -0.053751
  C      -4.970068      0.277169     -0.625433
  C      -5.067988     -1.110856     -0.538934
  C      -4.073707     -1.844212      0.119861
  C      -2.985066     -1.182030      0.690235
  C      -2.883588      0.210825      0.604437
  C      -3.813676      2.462866     -0.192995
  H      -5.737544      0.865910     -1.132673
  H      -5.923089     -1.624851     -0.985977
  H      -4.150333     -2.932635      0.188069
  H      -2.207154     -1.751001      1.206489
  H      -2.038166      0.738632      1.046677
  O      -4.971830      3.077634      0.288693
  H      -5.077100      2.798901      1.208405
  O      -2.680467      2.919914      0.489902
  H      -2.669013      3.880961      0.364611
  O      -3.786027      2.857172     -1.533100
  H      -3.054536      2.383211     -1.951226
18
Coordinates from ORCA-job opt E -496.628574054878
  C      -3.867538      0.944770     -0.061743
  C      -4.947153      0.275564     -0.659728
  C      -5.051721     -1.111273     -0.565079
  C      -4.079157     -1.842049      0.128668
  C      -3.005404     -1.178499      0.724829
  C      -2.897520      0.213425      0.630526
  C      -3.809712      2.463328     -0.195121
  H      -5.697018      0.860991     -1.196441
  H      -5.893959     -1.627560     -1.033401
  H      -4.160850     -2.929732      0.202986
  H      -2.244167     -1.745641      1.267267
  H      -2.062343      0.742476      1.090366
  O      -4.934203      3.075262      0.364737
  H      -5.021259      2.738358      1.266613
  O      -2.634322      2.913443      0.416099
  H      -2.650390      3.879042      0.334206
  O      -3.868263      2.869892     -1.530898
  H      -3.140011      2.430614     -1.990595
18
Coordinates from ORCA-job opt E -496.628544867959
  C      -3.859486      0.944857     -0.071524
  C      -4.921059      0.272783     -0.697792
  C      -5.032350     -1.113008     -0.594224
  C      -4.085113     -1.840034      0.137695
  C      -3.029031     -1.173705      0.761903
  C      -2.914787      0.217040      0.658000
  C      -3.806403      2.464310     -0.196639
  H      -5.651137      0.851393     -1.268073
  H      -5.858979     -1.632750     -1.085953
  H      -4.172208     -2.926859      0.218606
  H      -2.286787     -1.737723      1.333107
  H      -2.091480      0.747189      1.137811
  O      -4.888570      3.071529      0.447102
  H      -4.952866      2.680320      1.328629
  O      -2.590958      2.906579      0.335391
  H      -2.626500      3.874415      0.298272
  O      -3.956567      2.886171     -1.520883
  H      -3.240709      2.479902     -2.028139
18
Coordinates from ORCA-job opt E -496.628535553379
  C      -3.868353      0.947179     -0.075580
  C      -4.935424      0.272209     -0.685679
  C      -5.041005     -1.115339     -0.581493
  C      -4.082535     -1.840901      0.135554
  C      -3.018513     -1.170958      0.744652
  C      -2.911387      0.219663      0.639783
  C      -3.808776      2.467806     -0.193457
  H      -5.678148      0.839863     -1.249856
  H      -5.872414     -1.637804     -1.062067
  H      -4.166206     -2.927977      0.216401
  H      -2.266222     -1.732367      1.305018
  H      -2.081794      0.748148      1.111737
  O      -4.909219      3.077421      0.417691
  H      -4.980037      2.708340      1.308303
  O      -2.611875      2.902488      0.385126
  H      -2.622598      3.869281      0.314000
  O      -3.905795      2.895578     -1.521099
  H      -3.204688      2.449780     -2.015743
18
Coordinates from ORCA-job opt E -496.628572527548
  C      -3.864950      0.945371     -0.070396
  C      -4.931809      0.272798     -0.685635
  C      -5.039348     -1.113909     -0.584009
  C      -4.082427     -1.841275      0.134011
  C      -3.019831     -1.174177      0.747128
  C      -2.910026      0.216878      0.646188
  C      -3.808722      2.465030     -0.194900
  H      -5.671678      0.849647     -1.244825
  H      -5.871765     -1.633284     -1.066147
  H      -4.166968     -2.928344      0.213259
  H      -2.269310     -1.737938      1.307562
  H      -2.082006      0.745943      1.118901
  O      -4.908534      3.073454      0.416600
  H      -4.974545      2.709626      1.309768
  O      -2.608750      2.907299      0.372653
  H      -2.630720      3.874375      0.310650
  O      -3.919018      2.884605     -1.523295
  H      -3.204584      2.456312     -2.014225
18
Coordinates from ORCA-job opt E -496.628566653286
  C      -3.863407      0.945141     -0.073189
  C      -4.925213      0.271489     -0.695813
  C      -5.034098     -1.115010     -0.591907
  C      -4.083849     -1.841071      0.136127
  C      -3.026273     -1.172860      0.756775
  C      -2.915018      0.217867      0.653375
  C      -3.808501      2.465078     -0.195490
  H      -5.659605      0.846716     -1.263786
  H      -5.862297     -1.635229     -1.080375
  H      -4.169431     -2.927947      0.217035
  H      -2.280630     -1.735548      1.324762
  H      -2.090460      0.747485      1.131567
  O      -4.896800      3.072168      0.437783
  H      -4.953482      2.698226      1.327374
  O      -2.598196      2.905140      0.351475
  H      -2.624763      3.872767      0.301131
  O      -3.942353      2.888584     -1.520466
  H      -3.230614      2.469412     -2.023089
18
Coordinates from ORCA-job opt E -496.628567189508
  C      -3.863761      0.944830     -0.074447
  C      -4.923152      0.270308     -0.699988
  C      -5.031948     -1.116238     -0.595293
  C      -4.084050     -1.841447      0.136387
  C      -3.028698     -1.172312      0.759982
  C      -2.917503      0.218315      0.656028
  C      -3.809231      2.464984     -0.195593
  H      -5.655603      0.844900     -1.271055
  H      -5.858534     -1.636713     -1.086220
  H      -4.169500     -2.928288      0.217801
  H      -2.284564     -1.734278      1.330670
  H      -2.094544      0.748352      1.136496
  O      -4.893500      3.071603      0.444889
  H      -4.942031      2.699988      1.335948
  O      -2.595446      2.903984      0.345065
  H      -2.622364      3.871747      0.297268
  O      -3.950374      2.890011     -1.519141
  H      -3.240190      2.472664     -2.025508
18
Coordinates from ORCA-job opt E -496.628568280878
  C      -3.865076      0.944354     -0.075502
  C      -4.922262      0.268702     -0.703263
  C      -5.030220     -1.118021     -0.598294
  C      -4.083681     -1.842228      0.135754
  C      -3.030300     -1.171907      0.761617
  C      -2.919882      0.218698      0.657770
  C      -3.810691      2.464805     -0.195310
  H      -5.653384      0.843098     -1.276155
  H      -5.855602     -1.638599     -1.091136
  H      -4.168326     -2.929109      0.217312
  H      -2.286903     -1.733075      1.334068
  H      -2.098449      0.749422      1.140070
  O      -4.892797      3.071225      0.448755
  H      -4.929666      2.709386      1.344419
  O      -2.595189      2.902846      0.343271
  H      -2.620623      3.870613      0.294196
  O      -3.954569      2.891022     -1.517882
  H      -3.247371      2.471178     -2.026400
18
Coordinates from ORCA-job opt E -496.628568837618
  C      -3.865167      0.944342     -0.075387
  C      -4.922728      0.268737     -0.702646
  C      -5.030578     -1.117981     -0.597844
  C      -4.083527     -1.842236      0.135530
  C      -3.029811     -1.171996      0.760882
  C      -2.919533      0.218640      0.657227
  C      -3.810734      2.464785     -0.195181
  H      -5.654060      0.843499     -1.274913
  H      -5.856239     -1.638508     -1.090276
  H      -4.168023     -2.929139      0.216988
  H      -2.286111     -1.733281      1.332827
  H      -2.097925      0.749481      1.139115
  O      -4.893782      3.071329      0.447200
  H      -4.930727      2.711045      1.343481
  O      -2.596084      2.902960      0.345207
  H      -2.621165      3.870680      0.295058
  O      -3.952709      2.890803     -1.518041
  H      -3.246086      2.469252     -2.025937
