18
Coordinates from ORCA-job e_c_11
  C   -5.65064645304729      0.73989462147645      4.11987185855974
  C   -6.13001598951315      1.52090597736841      3.02910856452799
  C   -6.07649298046458      1.03693546098985      1.73275133813821
  C   -5.54209370518824     -0.24345913258663      1.48483284110430
  C   -5.06291228526065     -1.03160593966393      2.55291017799013
  C   -5.11718363157116     -0.54577753399196      3.85059468953811
  C   -5.71224032848903      1.27965143179360      5.50926777271346
  H   -5.35692869133687      0.55736788473377      6.25627843008794
  H   -6.74400235410005      1.58026525871217      5.76703555240267
  H   -5.10371486710930      2.19954846091490      5.59429786353068
  H   -6.54385699130604      2.51274936948488      3.22859364669840
  H   -6.44652339317212      1.64215441188348      0.90236474285193
  H   -5.49847724603216     -0.62786342467870      0.46294170605221
  H   -4.65047780040787     -2.02306465570261      2.35335790107553
  H   -4.74782145555905     -1.15253043642804      4.68059150711469
  N   -10.77554179719477     -2.12478277816054    -24.40048072555316
  O   -10.35810220006733     -2.03577661430085    -23.32532593937613
  O   -10.62702307612941     -2.26732576669036    -25.53855509119297
