18
Coordinates from ORCA-job e_c_11 E -475.724619442140
  C      -5.688640      0.743757      4.022800
  C      -6.140175      1.487528      2.894798
  C      -6.035775      0.968601      1.615129
  C      -5.476716     -0.310678      1.421742
  C      -5.025167     -1.062516      2.527377
  C      -5.130387     -0.541724      3.808280
  C      -5.802190      1.321855      5.393426
  H      -5.475682      0.620584      6.172916
  H      -6.841905      1.631109      5.604052
  H      -5.194680      2.242866      5.475477
  H      -6.573380      2.478671      3.052135
  H      -6.384676      1.545414      0.755880
  H      -5.392721     -0.722458      0.413110
  H      -4.593775     -2.053509      2.370119
  H      -4.782679     -1.120275      4.667270
  N     -10.723030     -2.043554    -23.959499
  O     -10.312487     -1.950631    -22.882003
  O     -10.569991     -2.217753    -25.092571
18
Coordinates from ORCA-job e_c_11 E -475.724629670173
  C      -5.685299      0.744695      4.035861
  C      -6.133777      1.491448      2.908567
  C      -6.030022      0.974049      1.628234
  C      -5.474724     -0.306618      1.433441
  C      -5.026078     -1.061320      2.538334
  C      -5.130590     -0.542028      3.819909
  C      -5.799820      1.320630      5.407323
  H      -5.461272      0.623071      6.184979
  H      -6.843102      1.614964      5.622586
  H      -5.205350      2.250079      5.487439
  H      -6.564039      2.483693      3.066993
  H      -6.376537      1.553166      0.769551
  H      -5.391312     -0.717357      0.424336
  H      -4.597411     -2.053309      2.379914
  H      -4.784972     -1.122760      4.678269
  N     -10.735222     -2.059390    -24.021546
  O     -10.321440     -1.971896    -22.944837
  O     -10.583086     -2.203829    -25.158916
18
Coordinates from ORCA-job e_c_11 E -475.724641168401
  C      -5.677375      0.744273      4.052487
  C      -6.130682      1.498089      2.931776
  C      -6.037902      0.986297      1.648361
  C      -5.488707     -0.295436      1.443776
  C      -5.035618     -1.057184      2.542019
  C      -5.129447     -0.543633      3.826744
  C      -5.781567      1.313827      5.427423
  H      -5.421555      0.619066      6.197869
  H      -6.827060      1.588977      5.657995
  H      -5.202844      2.253301      5.502823
  H      -6.555538      2.491429      3.097801
  H      -6.387678      1.571000      0.794835
  H      -5.412547     -0.701114      0.432040
  H      -4.611744     -2.049983      2.375958
  H      -4.780166     -1.129727      4.679954
  N     -10.743507     -2.072660    -24.096401
  O     -10.327181     -1.985099    -23.020648
  O     -10.592938     -2.214136    -25.234374
18
Coordinates from ORCA-job e_c_11 E -475.724652665344
  C      -5.672486      0.739406      4.070431
  C      -6.132821      1.506959      2.962011
  C      -6.049006      1.010686      1.671890
  C      -5.502260     -0.268906      1.448184
  C      -5.042259     -1.044160      2.534039
  C      -5.127034     -0.546130      3.825445
  C      -5.764179      1.293291      5.452614
  H      -5.427568      0.577674      6.214555
  H      -6.800234      1.600105      5.684160
  H      -5.154163      2.211903      5.541874
  H      -6.556154      2.498335      3.142952
  H      -6.404535      1.605848      0.828016
  H      -5.433973     -0.662767      0.431147
  H      -4.620526     -2.035275      2.353144
  H      -4.772740     -1.142913      4.669129
  N     -10.751020     -2.092182    -24.168895
  O     -10.334150     -2.000809    -23.093561
  O     -10.598947     -2.233777    -25.306698
18
Coordinates from ORCA-job e_c_11 E -475.724664508583
  C      -5.664219      0.735856      4.088559
  C      -6.133161      1.516210      2.992761
  C      -6.063337      1.033223      1.696785
  C      -5.522555     -0.245506      1.454445
  C      -5.054150     -1.033330      2.527569
  C      -5.124849     -0.548571      3.824847
  C      -5.740451      1.275666      5.477213
  H      -5.404491      0.548948      6.228882
  H      -6.771639      1.589841      5.719998
  H      -5.120859      2.187423      5.571480
  H      -6.551923      2.506788      3.188156
  H      -6.425446      1.638097      0.862638
  H      -5.465238     -0.628786      0.432610
  H      -4.637097     -2.023685      2.332224
  H      -4.764038     -1.155137      4.658733
  N     -10.756659     -2.111015    -24.244240
  O     -10.337866     -2.017530    -23.169808
  O     -10.606078     -2.251207    -25.382415
18
Coordinates from ORCA-job e_c_11 E -475.724676103865
  C      -5.654157      0.732037      4.106635
  C      -6.135859      1.525364      3.025822
  C      -6.084526      1.056375      1.723875
  C      -5.550253     -0.220906      1.460395
  C      -5.069335     -1.021455      2.518417
  C      -5.121418     -0.550663      3.821697
  C      -5.710010      1.257015      5.501901
  H      -5.373836      0.518461      6.241874
  H      -6.734797      1.580112      5.759200
  H      -5.078897      2.160587      5.599527
  H      -6.549612      2.514700      3.237536
  H      -6.456362      1.671048      0.901197
  H      -5.507236     -0.592655      0.433575
  H      -4.657363     -2.010579      2.306704
  H      -4.750856     -1.167093      4.643994
  N     -10.759476     -2.130562    -24.318830
  O     -10.338273     -2.035413    -23.245514
  O     -10.611790     -2.269087    -25.457567
18
Coordinates from ORCA-job e_c_11 E -475.724684622431
  C      -5.643928      0.729586      4.119841
  C      -6.138570      1.532370      3.051979
  C      -6.106225      1.073333      1.745914
  C      -5.578781     -0.203106      1.465143
  C      -5.084809     -1.012741      2.510128
  C      -5.117714     -0.551826      3.817564
  C      -5.680416      1.243486      5.519840
  H      -5.335666      0.498617      6.249480
  H      -6.701279      1.565807      5.793215
  H      -5.046824      2.145434      5.616381
  H      -6.547142      2.520951      3.276913
  H      -6.487977      1.695041      0.933104
  H      -5.551018     -0.566665      0.435014
  H      -4.677919     -2.001033      2.285078
  H      -4.736910     -1.175258      4.629849
  N     -10.758562     -2.144385    -24.374112
  O     -10.335571     -2.049441    -23.301602
  O     -10.614743     -2.282884    -25.513292
18
Coordinates from ORCA-job e_c_11 E -475.724685637993
  C      -5.641229      0.730890      4.120373
  C      -6.138473      1.532118      3.052565
  C      -6.110409      1.070691      1.747251
  C      -5.584629     -0.206602      1.467064
  C      -5.087803     -1.014515      2.512047
  C      -5.116444     -0.551193      3.818750
  C      -5.674856      1.246730      5.519739
  H      -5.318121      0.506790      6.248606
  H      -6.698010      1.557461      5.798426
  H      -5.051598      2.156214      5.611389
  H      -6.545673      2.521406      3.276899
  H      -6.494091      1.691234      0.934546
  H      -5.560987     -0.572618      0.437904
  H      -4.682031     -2.003395      2.287554
  H      -4.733337     -1.173269      4.630992
  N     -10.757212     -2.142482    -24.379101
  O     -10.334564     -2.049527    -23.306371
  O     -10.614589     -2.282648    -25.518198
18
Coordinates from ORCA-job e_c_11 E -475.724691552082
  C      -5.631335      0.732646      4.128913
  C      -6.141228      1.533742      3.066934
  C      -6.130451      1.071331      1.761726
  C      -5.609680     -0.206708      1.475698
  C      -5.100094     -1.014280      2.514798
  C      -5.111513     -0.550004      3.821447
  C      -5.648884      1.248660      5.528504
  H      -5.267149      0.515285      6.251264
  H      -6.672946      1.540242      5.824802
  H      -5.041684      2.169728      5.609386
  H      -6.544254      2.523735      3.295699
  H      -6.523664      1.691806      0.953528
  H      -5.599971     -0.573315      0.446565
  H      -4.698060     -2.003656      2.285804
  H      -4.718438     -1.171796      4.629128
  N     -10.756321     -2.145688    -24.422450
  O     -10.332792     -2.056587    -23.349781
  O     -10.615590     -2.287856    -25.561529
18
Coordinates from ORCA-job e_c_11 E -475.724692212065
  C      -5.626103      0.734757      4.130710
  C      -6.136566      1.535646      3.068733
  C      -6.132421      1.070440      1.764483
  C      -5.617700     -0.210261      1.479370
  C      -5.107053     -1.017337      2.518399
  C      -5.111858     -0.550241      3.824098
  C      -5.640947      1.252277      5.529777
  H      -5.226458      0.532636      6.248210
  H      -6.671338      1.507197      5.839223
  H      -5.066844      2.194561      5.602280
  H      -6.534686      2.527774      3.296850
  H      -6.526004      1.690935      0.956518
  H      -5.614219     -0.580289      0.451314
  H      -4.709367     -2.008613      2.290048
  H      -4.717789     -1.171651      4.631582
  N     -10.756478     -2.143865    -24.435138
  O     -10.332878     -2.057956    -23.362166
  O     -10.615347     -2.288724    -25.573852
18
Coordinates from ORCA-job e_c_11 E -475.724696934138
  C      -5.616451      0.733586      4.139622
  C      -6.137759      1.541361      3.088139
  C      -6.151469      1.082680      1.781648
  C      -5.644321     -0.198085      1.483741
  C      -5.122967     -1.011891      2.512174
  C      -5.109887     -0.551349      3.820134
  C      -5.613776      1.243320      5.541609
  H      -5.176141      0.525901      6.248443
  H      -6.642844      1.479124      5.870712
  H      -5.054287      2.194440      5.609778
  H      -6.529707      2.533608      3.326194
  H      -6.553200      1.708426      0.981728
  H      -5.654118     -0.562425      0.453515
  H      -4.731069     -2.003117      2.273825
  H      -4.707351     -1.177930      4.619409
  N     -10.754760     -2.153052    -24.474565
  O     -10.328918     -2.068823    -23.402264
  O     -10.615029     -2.298486    -25.613405
18
Coordinates from ORCA-job e_c_11 E -475.724691004497
  C      -5.637037      0.739262      4.124692
  C      -6.137964      1.525375      3.047373
  C      -6.112962      1.046233      1.748371
  C      -5.586288     -0.234069      1.484212
  C      -5.085570     -1.027053      2.538733
  C      -5.111341     -0.546101      3.839105
  C      -5.670436      1.272556      5.517522
  H      -5.284414      0.553000      6.251817
  H      -6.700503      1.553511      5.803507
  H      -5.076388      2.202606      5.591063
  H      -6.545432      2.517291      3.259289
  H      -6.499392      1.655163      0.928268
  H      -5.565117     -0.614280      0.460076
  H      -4.679000     -2.018327      2.326600
  H      -4.725121     -1.156506      4.658688
  N     -10.763979     -2.131673    -24.418022
  O     -10.342823     -2.045302    -23.344171
  O     -10.620289     -2.274399    -25.556685
18
Coordinates from ORCA-job e_c_11 E -475.724686938759
  C      -5.652831      0.743221      4.116827
  C      -6.135066      1.513530      3.019722
  C      -6.077977      1.019941      1.727160
  C      -5.537228     -0.259653      1.489590
  C      -5.055068     -1.037326      2.563934
  C      -5.112891     -0.541895      3.857821
  C      -5.717233      1.293635      5.501898
  H      -5.373566      0.573309      6.256215
  H      -6.746679      1.608220      5.751367
  H      -5.098335      2.207088      5.583667
  H      -6.554157      2.504744      3.211239
  H      -6.450595      1.616607      0.891616
  H      -5.489830     -0.650158      0.470047
  H      -4.637727     -2.028290      2.372277
  H      -4.741472     -1.140524      4.692779
  N     -10.776213     -2.117095    -24.394350
  O     -10.359561     -2.029346    -23.318854
  O     -10.627626     -2.258721    -25.532519
18
Coordinates from ORCA-job e_c_11 E -475.724688703896
  C      -5.646134      0.740829      4.119931
  C      -6.132831      1.520745      3.031597
  C      -6.088384      1.035333      1.735442
  C      -5.556032     -0.245478      1.485290
  C      -5.069442     -1.032436      2.550905
  C      -5.114601     -0.545137      3.848385
  C      -5.699405      1.281644      5.509252
  H      -5.330352      0.563578      6.253646
  H      -6.731890      1.571787      5.776433
  H      -5.099871      2.207888      5.587710
  H      -6.545051      2.512914      3.232825
  H      -6.464036      1.639766      0.906972
  H      -5.519787     -0.631138      0.463598
  H      -4.658483     -2.024152      2.349592
  H      -4.739441     -1.150977      4.676446
  N     -10.771340     -2.124072    -24.401459
  O     -10.353018     -2.036721    -23.326508
  O     -10.623956     -2.267086    -25.539621
18
Coordinates from ORCA-job e_c_11 E -475.724688427613
  C      -5.650027      0.741003      4.119183
  C      -6.131459      1.519266      3.027348
  C      -6.079191      1.032579      1.731951
  C      -5.544043     -0.247892      1.486096
  C      -5.062829     -1.033336      2.555257
  C      -5.115843     -0.544795      3.851972
  C      -5.710423      1.283616      5.507517
  H      -5.352264      0.563701      6.255456
  H      -6.742471      1.582347      5.766410
  H      -5.103933      2.205108      5.589584
  H      -6.545890      2.511183      3.225258
  H      -6.450826      1.635735      0.900775
  H      -5.501422     -0.634520      0.464996
  H      -4.649824     -2.024878      2.357300
  H      -4.744914     -1.149482      4.682778
  N     -10.774912     -2.122611    -24.399570
  O     -10.357625     -2.034485    -23.324269
  O     -10.626158     -2.265252    -25.537605
18
Coordinates from ORCA-job e_c_11 E -475.724688422482
  C      -5.651879      0.740104      4.119505
  C      -6.129007      1.520431      3.027269
  C      -6.072669      1.035717      1.731311
  C      -5.537615     -0.244767      1.485283
  C      -5.060627     -1.032247      2.554837
  C      -5.117713     -0.545671      3.852122
  C      -5.716434      1.280706      5.508441
  H      -5.363141      0.558716      6.256690
  H      -6.748628      1.581990      5.763658
  H      -5.107663      2.200371      5.594310
  H      -6.543400      2.512330      3.225307
  H      -6.441018      1.640397      0.899775
  H      -5.491866     -0.629767      0.463712
  H      -4.647676     -2.023781      2.356739
  H      -4.750078     -1.151911      4.683260
  N     -10.776916     -2.123997    -24.399715
  O     -10.360010     -2.034918    -23.324351
  O     -10.627716     -2.266418    -25.537717
18
Coordinates from ORCA-job e_c_11 E -475.724688538496
  C      -5.651004      0.740088      4.119682
  C      -6.129888      1.520544      3.028307
  C      -6.075576      1.036010      1.732191
  C      -5.540839     -0.244407      1.485134
  C      -5.062142     -1.032015      2.553831
  C      -5.117211     -0.545626      3.851273
  C      -5.713410      1.280467      5.508800
  H      -5.358501      0.558530      6.256336
  H      -6.745321      1.581185      5.765844
  H      -5.104945      2.200413      5.593760
  H      -6.543982      2.512415      3.227127
  H      -6.445218      1.640812      0.901331
  H      -5.496567     -0.629260      0.463439
  H      -4.649450     -2.023501      2.354946
  H      -4.748228     -1.151962      4.681743
  N     -10.775925     -2.124308    -24.400157
  O     -10.358648     -2.035354    -23.324933
  O     -10.627201     -2.266745    -25.538218
18
Coordinates from ORCA-job e_c_11 E -475.724688616195
  C      -5.650646      0.739895      4.119872
  C      -6.130016      1.520906      3.029109
  C      -6.076493      1.036935      1.732751
  C      -5.542094     -0.243459      1.484833
  C      -5.062912     -1.031606      2.552910
  C      -5.117184     -0.545778      3.850595
  C      -5.712240      1.279651      5.509268
  H      -5.356929      0.557368      6.256278
  H      -6.744002      1.580265      5.767036
  H      -5.103715      2.199548      5.594298
  H      -6.543857      2.512749      3.228594
  H      -6.446523      1.642154      0.902365
  H      -5.498477     -0.627863      0.462942
  H      -4.650478     -2.023065      2.353358
  H      -4.747821     -1.152530      4.680592
  N     -10.775542     -2.124783    -24.400481
  O     -10.358102     -2.035777    -23.325326
  O     -10.627023     -2.267326    -25.538555
