14
Coordinates from ORCA-job a_opt E -287.235564914789
  C      -4.887670      2.956860      0.027070
  C      -6.153020      2.349380      0.016150
  C      -6.263600      0.955160     -0.002290
  C      -5.112960      0.161300     -0.009910
  C      -3.850040      0.760610      0.000900
  C      -3.735920      2.154540      0.019340
  H      -7.050880      2.954620      0.021910
  H      -7.241020      0.490300     -0.010660
  H      -5.199890     -0.917460     -0.024180
  H      -2.959680      0.145200     -0.005010
  H      -2.752740      2.608160      0.027590
  N      -4.773890      4.368690      0.045750
  H      -5.614850      4.964340      0.051520
  H      -3.848400      4.821950      0.053850
14
Coordinates from ORCA-job a_opt E -287.238046860793
  C      -4.886664      2.968762      0.027194
  C      -6.152718      2.356283      0.016165
  C      -6.260079      0.963837     -0.002184
  C      -5.112733      0.164385     -0.009815
  C      -3.852145      0.769711      0.001010
  C      -3.735096      2.161357      0.019360
  H      -7.058120      2.969368      0.022004
  H      -7.248606      0.497731     -0.010600
  H      -5.200533     -0.924852     -0.024134
  H      -2.950961      0.151382     -0.004926
  H      -2.743246      2.621510      0.027668
  N      -4.775334      4.350092      0.045558
  H      -5.595762      4.931391      0.051198
  H      -3.872565      4.792693      0.053533
14
Coordinates from ORCA-job a_opt E -287.238253699772
  C      -4.886123      2.974966      0.027273
  C      -6.152163      2.355775      0.016131
  C      -6.257568      0.964580     -0.002171
  C      -5.113013      0.161091     -0.009831
  C      -3.854506      0.770789      0.001020
  C      -3.735692      2.160880      0.019320
  H      -7.057742      2.970512      0.021972
  H      -7.248447      0.500742     -0.010580
  H      -5.200882     -0.928611     -0.024109
  H      -2.950597      0.154381     -0.004901
  H      -2.743398      2.622604      0.027606
  N      -4.775641      4.346158      0.045541
  H      -5.597325      4.929230      0.051176
  H      -3.871463      4.790555      0.053583
14
Coordinates from ORCA-job a_opt E -287.238299193882
  C      -4.885807      2.978391      0.027322
  C      -6.151355      2.353723      0.016101
  C      -6.255796      0.963497     -0.002180
  C      -5.113369      0.156841     -0.009878
  C      -3.856426      0.769946      0.001005
  C      -3.736780      2.158928      0.019281
  H      -7.055943      2.969463      0.021948
  H      -7.247782      0.502552     -0.010563
  H      -5.201205     -0.932018     -0.024125
  H      -2.950930      0.156262     -0.004888
  H      -2.745290      2.621771      0.027554
  N      -4.775509      4.347760      0.045584
  H      -5.597172      4.932502      0.051196
  H      -3.871196      4.794030      0.053674
14
Coordinates from ORCA-job a_opt E -287.238303507069
  C      -4.885770      2.978628      0.027330
  C      -6.150895      2.352837      0.016096
  C      -6.255390      0.962898     -0.002187
  C      -5.113500      0.155293     -0.009902
  C      -3.856922      0.769396      0.000995
  C      -3.737363      2.158108      0.019271
  H      -7.054850      2.969295      0.021956
  H      -7.247915      0.503442     -0.010551
  H      -5.201329     -0.933271     -0.024147
  H      -2.950641      0.157116     -0.004879
  H      -2.746373      2.621751      0.027553
  N      -4.775439      4.348588      0.045606
  H      -5.596721      4.933949      0.051190
  H      -3.871450      4.795620      0.053697
14
Coordinates from ORCA-job a_opt E -287.238304119281
  C      -4.885785      2.978353      0.027333
  C      -6.150744      2.352589      0.016100
  C      -6.255363      0.962691     -0.002189
  C      -5.113534      0.154908     -0.009911
  C      -3.856983      0.769184      0.000991
  C      -3.737547      2.157879      0.019273
  H      -7.054392      2.969492      0.021970
  H      -7.248203      0.503953     -0.010544
  H      -5.201369     -0.933621     -0.024162
  H      -2.950267      0.157577     -0.004875
  H      -2.746786      2.622006      0.027565
  N      -4.775439      4.348554      0.045620
  H      -5.596486      4.934170      0.051170
  H      -3.871663      4.795917      0.053689
