12
Coordinates from ORCA-job lactone E -306.108554395600
  C      -2.198400      3.003050     -0.206660
  C      -2.501790      1.556420      0.082840
  O      -1.298120      0.854110     -0.224910
  H      -3.319490      1.177860     -0.537110
  H      -2.746290      1.385870      1.136740
  C      -0.736520      3.105080      0.147980
  H      -2.834350      3.697470      0.348480
  H      -2.330680      3.202600     -1.277180
  C      -0.246070      1.723260     -0.162800
  H      -0.589030      3.305400      1.213000
  H      -0.225450      3.853170     -0.462030
  O       0.922230      1.400710     -0.300200
12
Coordinates from ORCA-job lactone E -306.111902377747
  C      -2.215318      3.019488     -0.207935
  C      -2.506659      1.550908      0.079099
  O      -1.284591      0.860501     -0.222142
  H      -3.314313      1.142931     -0.545545
  H      -2.757442      1.374075      1.140126
  C      -0.730409      3.116526      0.143917
  H      -2.862026      3.709646      0.353674
  H      -2.356049      3.222026     -1.282177
  C      -0.227945      1.715209     -0.148252
  H      -0.571939      3.325003      1.214893
  H      -0.189657      3.858055     -0.457520
  O       0.912388      1.370632     -0.309987
12
Coordinates from ORCA-job lactone E -306.112342643690
  C      -2.223936      3.029405     -0.210619
  C      -2.508283      1.549430      0.078366
  O      -1.279573      0.864817     -0.213899
  H      -3.304125      1.117430     -0.545702
  H      -2.763332      1.376256      1.140378
  C      -0.731526      3.123609      0.135415
  H      -2.871918      3.711729      0.359513
  H      -2.374013      3.236611     -1.283155
  C      -0.220588      1.716198     -0.167342
  H      -0.565951      3.324450      1.208935
  H      -0.169015      3.866247     -0.446080
  O       0.908299      1.348818     -0.297660
12
Coordinates from ORCA-job lactone E -306.112477554013
  C      -2.224164      3.030232     -0.209498
  C      -2.509385      1.548763      0.076719
  O      -1.280768      0.865794     -0.209634
  H      -3.298728      1.112219     -0.551179
  H      -2.769998      1.376106      1.136400
  C      -0.733375      3.125490      0.134340
  H      -2.871241      3.708710      0.364276
  H      -2.377325      3.240142     -1.280353
  C      -0.218126      1.713332     -0.150237
  H      -0.565254      3.335293      1.204991
  H      -0.162976      3.862486     -0.446447
  O       0.907378      1.346433     -0.311228
12
Coordinates from ORCA-job lactone E -306.112516266124
  C      -2.222808      3.029016     -0.210015
  C      -2.508870      1.548955      0.076862
  O      -1.281461      0.864823     -0.206778
  H      -3.297700      1.113141     -0.552320
  H      -2.772172      1.378868      1.136244
  C      -0.734522      3.124557      0.132713
  H      -2.868158      3.706615      0.366852
  H      -2.378384      3.240445     -1.280189
  C      -0.219088      1.714328     -0.153515
  H      -0.566156      3.333142      1.203584
  H      -0.163808      3.862794     -0.446124
  O       0.909166      1.348316     -0.309165
12
Coordinates from ORCA-job lactone E -306.112528416565
  C      -2.222236      3.028606     -0.210520
  C      -2.508443      1.548702      0.076581
  O      -1.281219      0.863985     -0.202387
  H      -3.295210      1.112294     -0.554841
  H      -2.776173      1.381093      1.135265
  C      -0.735448      3.124194      0.130377
  H      -2.865754      3.704263      0.370733
  H      -2.381755      3.242558     -1.279563
  C      -0.219117      1.714801     -0.154471
  H      -0.565810      3.332836      1.201220
  H      -0.162454      3.862665     -0.445986
  O       0.909660      1.349003     -0.308257
12
Coordinates from ORCA-job lactone E -306.112531263134
  C      -2.222200      3.028556     -0.210581
  C      -2.508321      1.548327      0.076298
  O      -1.280714      0.863408     -0.199678
  H      -3.293835      1.112081     -0.556842
  H      -2.778935      1.381414      1.134360
  C      -0.735453      3.124112      0.129073
  H      -2.864697      3.703073      0.373171
  H      -2.384197      3.244210     -1.278872
  C      -0.218816      1.714782     -0.153892
  H      -0.564969      3.333471      1.199743
  H      -0.161685      3.862379     -0.446837
  O       0.909861      1.349187     -0.307793
12
Coordinates from ORCA-job lactone E -306.112532637440
  C      -2.222289      3.028596     -0.210354
  C      -2.508304      1.547918      0.076027
  O      -1.280192      0.862925     -0.197524
  H      -3.292799      1.112264     -0.558824
  H      -2.781290      1.380840      1.133432
  C      -0.735082      3.124133      0.128098
  H      -2.863971      3.702294      0.375273
  H      -2.386237      3.245748     -1.278010
  C      -0.218491      1.714620     -0.153035
  H      -0.563927      3.334495      1.198506
  H      -0.161458      3.862055     -0.448413
  O       0.910079      1.349112     -0.307027
