17
Coordinates from ORCA-job opt3 E -491.696187999290
  C      -0.896710      1.836900     11.197550
  C      -0.395100      1.303330     12.376870
  C       0.287120      0.143970     12.347190
  C       0.491950     -0.518320     11.160760
  C       0.000000      0.000000      9.993180
  C      -0.685010      1.158440      9.999470
  H      -0.556260      1.819920     13.294800
  H       0.669930     -0.260690     13.250460
  H       1.032080     -1.433720     11.146830
  H       0.160140     -0.516910      9.076100
  H      -1.069390      1.563470      9.096090
  N      -1.561400      2.967420     11.215740
  H      -1.718290      3.460050     12.058480
  H      -1.922690      3.358920     10.387400
  N       0.000000      0.000000      0.000000
  O      -0.942230      0.658470     -0.699490
  O       0.805310      0.188980      1.028830
17
Coordinates from ORCA-job opt3 E -491.755544817562
  C      -0.905311      1.848455     11.194635
  C      -0.386169      1.308233     12.393598
  C       0.307085      0.131493     12.363946
  C       0.507344     -0.542991     11.158479
  C      -0.000999     -0.019457      9.971554
  C      -0.698618      1.156117      9.976607
  H      -0.543857      1.834776     13.324972
  H       0.702842     -0.277738     13.281095
  H       1.057408     -1.472514     11.143864
  H       0.157251     -0.548152      9.049571
  H      -1.096165      1.566992      9.061393
  N      -1.581065      2.996060     11.212614
  H      -1.736194      3.501122     12.069910
  H      -1.956131      3.393594     10.368210
  N      -0.001686      0.012701      0.005801
  O      -0.854531      0.655910     -0.633509
  O       0.728247      0.185630      0.987520
17
Coordinates from ORCA-job opt3 E -491.766670697546
  C      -0.909582      1.855682     11.191576
  C      -0.379254      1.312868     12.402822
  C       0.319885      0.123493     12.374055
  C       0.515091     -0.559572     11.156877
  C      -0.004209     -0.032644      9.957586
  C      -0.709172      1.154641      9.961267
  H      -0.533598      1.846913     13.341319
  H       0.723824     -0.288203     13.298788
  H       1.069987     -1.497618     11.142104
  H       0.152421     -0.573701      9.029928
  H      -1.116090      1.570032      9.039380
  N      -1.591088      3.014305     11.209504
  H      -1.742528      3.524818     12.071771
  H      -1.973535      3.413173     10.360622
  N      -0.005393      0.050563      0.026309
  O      -0.774065      0.609210     -0.586284
  O       0.656757      0.206270      0.952639
17
Coordinates from ORCA-job opt3 E -491.771704093686
  C      -0.909363      1.857328     11.198947
  C      -0.380579      1.311704     12.409805
  C       0.318560      0.121522     12.379888
  C       0.515083     -0.560168     11.161968
  C      -0.002781     -0.030861      9.962990
  C      -0.706550      1.157504      9.968463
  H      -0.536425      1.844950     13.350953
  H       0.721699     -0.293033     13.306546
  H       1.070382     -1.500572     11.146697
  H       0.154452     -0.570083      9.026480
  H      -1.112351      1.574539      9.043411
  N      -1.591358      3.016953     11.217457
  H      -1.744549      3.526739     12.081940
  H      -1.973547      3.418011     10.366994
  N       0.001623      0.050922      0.010234
  O      -0.802648      0.596236     -0.661500
  O       0.677801      0.208539      0.958989
17
Coordinates from ORCA-job opt3 E -491.772135897790
  C      -0.909666      1.858831     11.208750
  C      -0.379463      1.312333     12.419252
  C       0.319901      0.120845     12.388255
  C       0.514911     -0.561078     11.169560
  C      -0.004546     -0.030547      9.970839
  C      -0.707945      1.159300      9.977583
  H      -0.534425      1.845305     13.360950
  H       0.723707     -0.294516     13.314593
  H       1.069557     -1.502106     11.153698
  H       0.150917     -0.568342      9.032680
  H      -1.114541      1.576779      9.052684
  N      -1.592300      3.019595     11.228450
  H      -1.744615      3.528370     12.093480
  H      -1.975646      3.420959     10.378826
  N       0.003336      0.056347     -0.027789
  O      -0.791952      0.575723     -0.712720
  O       0.672219      0.212431      0.921169
17
Coordinates from ORCA-job opt3 E -491.772256246360
  C      -0.909960      1.860476     11.224098
  C      -0.378760      1.312269     12.432650
  C       0.320250      0.120106     12.399357
  C       0.513654     -0.560655     11.180206
  C      -0.007083     -0.028093      9.983303
  C      -0.709532      1.162718      9.992599
  H      -0.532460      1.843836     13.375057
  H       0.724591     -0.296558     13.324559
  H       1.067185     -1.501969     11.162959
  H       0.146126     -0.562586      9.043089
  H      -1.116597      1.580977      9.068546
  N      -1.592546      3.022126     11.246244
  H      -1.743627      3.528752     12.112184
  H      -1.976888      3.424474     10.398191
  N       0.009961      0.057117     -0.087831
  O      -0.785049      0.546933     -0.787778
  O       0.670185      0.220306      0.862825
17
Coordinates from ORCA-job opt3 E -491.772309216012
  C      -0.910410      1.861967     11.239170
  C      -0.378453      1.311907     12.445843
  C       0.320115      0.119585     12.410136
  C       0.512252     -0.559555     11.190346
  C      -0.009380     -0.025051      9.995251
  C      -0.711152      1.166150     10.007089
  H      -0.530989      1.841916     13.389160
  H       0.725032     -0.298395     13.334311
  H       1.065082     -1.501060     11.171494
  H       0.142225     -0.556800      9.053363
  H      -1.118629      1.585371      9.083833
  N      -1.592610      3.024076     11.263815
  H      -1.742623      3.528836     12.130819
  H      -1.977751      3.427662     10.416971
  N       0.017539      0.053076     -0.148780
  O      -0.781379      0.523829     -0.857175
  O       0.670580      0.226717      0.804614
17
Coordinates from ORCA-job opt3 E -491.772357670788
  C      -0.911059      1.863900     11.255711
  C      -0.377960      1.310547     12.459655
  C       0.320090      0.118181     12.419904
  C       0.510525     -0.557984     11.198646
  C      -0.012414     -0.020197     10.006248
  C      -0.713428      1.171377     10.022224
  H      -0.528834      1.837835     13.404646
  H       0.725954     -0.302057     13.342499
  H       1.062652     -1.499692     11.176967
  H       0.137127     -0.547833      9.061849
  H      -1.121449      1.592403      9.100166
  N      -1.592645      3.026489     11.284465
  H      -1.741214      3.528295     12.153275
  H      -1.978957      3.432256     10.439386
  N       0.028040      0.046579     -0.211746
  O      -0.775532      0.493878     -0.930792
  O       0.668555      0.236253      0.747159
17
Coordinates from ORCA-job opt3 E -491.772405640584
  C      -0.912023      1.866281     11.273703
  C      -0.376911      1.308555     12.474259
  C       0.320732      0.116269     12.428978
  C       0.508729     -0.555886     11.205395
  C      -0.016296     -0.013786     10.016377
  C      -0.716666      1.178110     10.037914
  H      -0.525521      1.832220     13.421567
  H       0.728211     -0.306947     13.349431
  H       1.060296     -1.497746     11.179728
  H       0.130605     -0.536489      9.068904
  H      -1.125673      1.601650      9.117509
  N      -1.593080      3.029178     11.308034
  H      -1.739792      3.527205     12.179253
  H      -1.981266      3.437769     10.465275
  N       0.040110      0.037558     -0.277149
  O      -0.764645      0.462230     -1.009199
  O       0.662640      0.244057      0.690281
17
Coordinates from ORCA-job opt3 E -491.772462563090
  C      -0.913858      1.869883     11.296186
  C      -0.374228      1.304531     12.490912
  C       0.323307      0.112769     12.435489
  C       0.506691     -0.552082     11.207283
  C      -0.022813     -0.002521     10.024131
  C      -0.722720      1.189504     10.055731
  H      -0.518733      1.821726     13.442408
  H       0.734362     -0.315638     13.351952
  H       1.057976     -1.493869     11.174108
  H       0.119536     -0.517198      9.071675
  H      -1.133995      1.617673      9.138463
  N      -1.594601      3.032681     11.340676
  H      -1.738108      3.524150     12.216139
  H      -1.986762      3.446075     10.502112
  N       0.056973      0.021809     -0.349053
  O      -0.738754      0.424171     -1.104183
  O       0.645178      0.246566      0.636232
17
Coordinates from ORCA-job opt3 E -491.772527130736
  C      -0.916390      1.874230     11.321413
  C      -0.370248      1.299203     12.508813
  C       0.327496      0.108293     12.440124
  C       0.504750     -0.546820     11.205565
  C      -0.031049      0.012236     10.029742
  C      -0.730976      1.203979     10.074470
  H      -0.509620      1.808206     13.465546
  H       0.743484     -0.327013     13.351164
  H       1.056083     -1.488236     11.162262
  H       0.105838     -0.493372      9.071631
  H      -1.145946      1.638621      9.161828
  N      -1.597149      3.036385     11.379026
  H      -1.736538      3.519887     12.259649
  H      -1.994636      3.455923     10.545939
  N       0.076026      0.001568     -0.423802
  O      -0.701509      0.386355     -1.206700
  O       0.619835      0.240783      0.583589
17
Coordinates from ORCA-job opt3 E -491.772592113091
  C      -0.918810      1.878258     11.345611
  C      -0.366528      1.294035     12.526221
  C       0.331395      0.103875     12.444911
  C       0.503029     -0.541489     11.204089
  C      -0.038603      0.026718     10.034974
  C      -0.738985      1.217763     10.092293
  H      -0.501568      1.795526     13.487585
  H       0.751814     -0.338527     13.350548
  H       1.054533     -1.482367     11.150736
  H       0.093867     -0.471816      9.072433
  H      -1.158245      1.659436      9.184949
  N      -1.599669      3.039545     11.415320
  H      -1.735253      3.516330     12.300247
  H      -2.001573      3.465125     10.587318
  N       0.093857     -0.017154     -0.495468
  O      -0.667268      0.351617     -1.301035
  O       0.597457      0.233356      0.529529
17
Coordinates from ORCA-job opt3 E -491.772658685882
  C      -0.922669      1.884011     11.376866
  C      -0.360107      1.283314     12.545139
  C       0.338340      0.095182     12.441112
  C       0.500580     -0.531785     11.189151
  C      -0.051288      0.052642     10.032168
  C      -0.752692      1.241527     10.112136
  H      -0.487971      1.771200     13.514558
  H       0.766542     -0.360104     13.336794
  H       1.052987     -1.471063     11.117454
  H       0.074574     -0.433572      9.062663
  H      -1.179558      1.696679      9.214868
  N      -1.603597      3.043424     11.468116
  H      -1.732576      3.508385     12.360425
  H      -2.012587      3.480137     10.649202
  N       0.123202     -0.046482     -0.567599
  O      -0.606275      0.298756     -1.411125
  O       0.552544      0.217978      0.488330
17
Coordinates from ORCA-job opt3 E -491.772714184948
  C      -0.924157      1.886876     11.397285
  C      -0.358032      1.279142     12.560163
  C       0.340314      0.091600     12.446668
  C       0.498960     -0.527257     11.190291
  C      -0.056429      0.064289     10.038377
  C      -0.758275      1.252219     10.128023
  H      -0.483737      1.761557     13.532552
  H       0.770993     -0.369798     13.337973
  H       1.051290     -1.465888     11.110651
  H       0.067285     -0.418089      9.066318
  H      -1.189280      1.713843      9.236176
  N      -1.605244      3.045454     11.497306
  H      -1.731483      3.506200     12.392128
  H      -2.015860      3.487485     10.682135
  N       0.138330     -0.057845     -0.630406
  O      -0.585491      0.264378     -1.487410
  O       0.540267      0.216063      0.432029
17
Coordinates from ORCA-job opt3 E -491.772774533630
  C      -0.927110      1.891490     11.425799
  C      -0.353154      1.268633     12.576626
  C       0.345526      0.083506     12.442232
  C       0.496417     -0.517292     11.176347
  C      -0.067273      0.089213     10.035946
  C      -0.769734      1.274372     10.146590
  H      -0.473633      1.738282     13.555895
  H       0.782305     -0.390345     13.323969
  H       1.049227     -1.453993     11.079614
  H       0.051862     -0.382476      9.058156
  H      -1.208165      1.749437      9.265458
  N      -1.608560      3.047890     11.545779
  H      -1.728839      3.497831     12.446883
  H      -2.023730      3.501256     10.739214
  N       0.165177     -0.080575     -0.694419
  O      -0.533954      0.211808     -1.582069
  O       0.503087      0.201194      0.388241
17
Coordinates from ORCA-job opt3 E -491.772827696755
  C      -0.930495      1.896016     11.455010
  C      -0.348460      1.257609     12.592696
  C       0.350893      0.075806     12.436388
  C       0.493723     -0.505911     11.161098
  C      -0.078561      0.115888     10.033195
  C      -0.781169      1.297989     10.165640
  H      -0.463236      1.713213     13.579244
  H       0.794367     -0.410347     13.307990
  H       1.046992     -1.440312     11.046778
  H       0.035987     -0.342904      9.048987
  H      -1.226426      1.786463      9.295231
  N      -1.612649      3.049588     11.596812
  H      -1.726428      3.486719     12.505019
  H      -2.032759      3.515185     10.799879
  N       0.189534     -0.106606     -0.759566
  O      -0.478964      0.168838     -1.676138
  O       0.467101      0.172996      0.341999
17
Coordinates from ORCA-job opt3 E -491.772866372513
  C      -0.932886      1.899106     11.478360
  C      -0.345945      1.251199     12.607616
  C       0.353866      0.071730     12.437696
  C       0.491700     -0.498010     11.156853
  C      -0.085815      0.133143     10.036898
  C      -0.788322      1.313234     10.182871
  H      -0.457167      1.697923     13.598589
  H       0.801542     -0.421882     13.302875
  H       1.045167     -1.430847     11.031666
  H       0.026080     -0.317298      9.048638
  H      -1.237704      1.809970      9.319229
  N      -1.615578      3.050692     11.633981
  H      -1.725141      3.479506     12.546620
  H      -2.038582      3.524107     10.843282
  N       0.204320     -0.125311     -0.824475
  O      -0.444506      0.142908     -1.757374
  O       0.448422      0.150058      0.286937
17
Coordinates from ORCA-job opt3 E -491.772904017645
  C      -0.933994      1.900729     11.493514
  C      -0.345470      1.250824     12.620312
  C       0.354524      0.071965     12.447110
  C       0.490761     -0.495279     11.165328
  C      -0.088151      0.137812     10.047489
  C      -0.790667      1.317936     10.196722
  H      -0.455544      1.695452     13.612302
  H       0.803534     -0.423077     13.310698
  H       1.044021     -1.427839     11.037662
  H       0.022928     -0.310462      9.057832
  H      -1.241583      1.816298      9.334891
  N      -1.617225      3.051626     11.653068
  H      -1.725151      3.478139     12.566916
  H      -2.040946      3.527310     10.864219
  N       0.207940     -0.134498     -0.884280
  O      -0.432763      0.136651     -1.822024
  O       0.447236      0.136644      0.228501
17
Coordinates from ORCA-job opt3 E -491.772941018556
  C      -0.935664      1.902994     11.512078
  C      -0.344350      1.247759     12.634109
  C       0.355885      0.070222     12.453328
  C       0.489422     -0.490351     11.168487
  C      -0.092269      0.148066     10.055233
  C      -0.794777      1.327100     10.212024
  H      -0.452389      1.687219     13.628598
  H       0.807175     -0.428881     13.313345
  H       1.042672     -1.422053     11.034804
  H       0.017164     -0.294988      9.063080
  H      -1.247864      1.829708      9.353829
  N      -1.619294      3.052628     11.679368
  H      -1.724844      3.474254     12.595721
  H      -2.044604      3.532665     10.894052
  N       0.216532     -0.148080     -0.946533
  O      -0.413659      0.122179     -1.891719
  O       0.440313      0.119788      0.170458
17
Coordinates from ORCA-job opt3 E -491.772979525389
  C      -0.936899      1.904830     11.527863
  C      -0.343896      1.246696     12.647185
  C       0.356483      0.069860     12.462260
  C       0.488507     -0.487207     11.175819
  C      -0.094691      0.154121     10.065174
  C      -0.797324      1.332750     10.226117
  H      -0.450724      1.683243     13.643068
  H       0.809047     -0.431352     13.320353
  H       1.041651     -1.418487     11.038911
  H       0.013635     -0.285767      9.071376
  H      -1.251697      1.837380      9.369839
  N      -1.620902      3.053671     11.699511
  H      -1.725023      3.472476     12.617293
  H      -2.047126      3.536124     10.916205
  N       0.221539     -0.158548     -1.006807
  O      -0.402019      0.114158     -1.955689
  O       0.438889      0.106280      0.111783
17
Coordinates from ORCA-job opt3 E -491.773017592130
  C      -0.938293      1.906865     11.544766
  C      -0.343334      1.244658     12.660618
  C       0.357212      0.068792     12.470115
  C       0.487489     -0.483292     11.181361
  C      -0.097573      0.162127     10.074136
  C      -0.800352      1.339915     10.240675
  H      -0.448770      1.677219     13.658382
  H       0.811258     -0.435475     13.325624
  H       1.040639     -1.413909     11.040050
  H       0.009433     -0.273565      9.078346
  H      -1.256147      1.847507      9.386924
  N      -1.622604      3.054708     11.721995
  H      -1.725190      3.469823     12.641613
  H      -2.049965      3.540263     10.941236
  N       0.228111     -0.170446     -1.067794
  O      -0.388372      0.103271     -2.020989
  O       0.435908      0.091768      0.053204
17
Coordinates from ORCA-job opt3 E -491.773055695390
  C      -0.939519      1.908742     11.560664
  C      -0.343049      1.243317     12.673796
  C       0.357632      0.068206     12.478952
  C       0.486640     -0.480004     11.188405
  C      -0.099800      0.168643     10.083867
  C      -0.802797      1.345820     10.254776
  H      -0.447433      1.672707     13.673037
  H       0.812768     -0.438442     13.332469
  H       1.039799     -1.410093     11.043697
  H       0.006109     -0.263630      9.086415
  H      -1.259676      1.855624      9.402946
  N      -1.624114      3.055766     11.742237
  H      -1.725570      3.467952     12.663289
  H      -2.052353      3.543715     10.963461
  N       0.233366     -0.181229     -1.128013
  O      -0.377398      0.094668     -2.084220
  O       0.434844      0.078469     -0.005517
17
Coordinates from ORCA-job opt3 E -491.773092947734
  C      -0.940797      1.910681     11.577019
  C      -0.342775      1.241526     12.687107
  C       0.358052      0.067307     12.487320
  C       0.485753     -0.476358     11.194692
  C      -0.102164      0.176027     10.093175
  C      -0.805382      1.352377     10.269058
  H      -0.446089      1.667278     13.688017
  H       0.814325     -0.442149     13.338558
  H       1.038989     -1.405788     11.046089
  H       0.002620     -0.252406      9.093945
  H      -1.263364      1.864840      9.419426
  N      -1.625641      3.056791     11.763442
  H      -1.725990      3.465672     12.686084
  H      -2.054814      3.547432     10.986872
  N       0.239212     -0.192603     -1.188472
  O      -0.365737      0.084834     -2.147891
  O       0.433253      0.064769     -0.064180
17
Coordinates from ORCA-job opt3 E -491.773129654508
  C      -0.941972      1.912512     11.592761
  C      -0.342671      1.240164     12.700258
  C       0.358286      0.066713     12.496283
  C       0.484961     -0.473081     11.201902
  C      -0.104138      0.182498     10.102955
  C      -0.807612      1.358168     10.283057
  H      -0.445128      1.662791     13.702581
  H       0.815468     -0.445136     13.345598
  H       1.038283     -1.401932     11.050019
  H      -0.000317     -0.242601      9.102165
  H      -1.266501      1.872857      9.435274
  N      -1.627050      3.057821     11.783295
  H      -1.726537      3.463860     12.707281
  H      -2.056997      3.550734     11.008593
  N       0.244221     -0.203303     -1.248465
  O      -0.355564      0.076422     -2.210416
  O       0.432719      0.051741     -0.122882
17
Coordinates from ORCA-job opt3 E -491.773165411905
  C      -0.943176      1.914368     11.608785
  C      -0.342592      1.238511     12.713480
  C       0.358507      0.065925     12.504943
  C       0.484139     -0.469559     11.208639
  C      -0.106189      0.189530     10.112472
  C      -0.809904      1.364373     10.297167
  H      -0.444193      1.657718     13.717328
  H       0.816624     -0.448585     13.352147
  H       1.037591     -1.397741     11.053163
  H      -0.003316     -0.231983      9.110069
  H      -1.269706      1.881589      9.451421
  N      -1.628470      3.058810     11.803752
  H      -1.727118      3.461759     12.729179
  H      -2.059210      3.554194     11.031067
  N       0.249552     -0.214380     -1.308600
  O      -0.344954      0.067282     -2.273223
  O       0.431864      0.038422     -0.181529
17
Coordinates from ORCA-job opt3 E -491.773200546524
  C      -0.944291      1.916126     11.624259
  C      -0.342638      1.237269     12.726555
  C       0.358591      0.065432     12.514143
  C       0.483395     -0.466374     11.216219
  C      -0.107930      0.195712     10.122425
  C      -0.811905      1.369874     10.311025
  H      -0.443547      1.653538     13.731696
  H       0.817469     -0.451344     13.359556
  H       1.036972     -1.393968     11.057705
  H      -0.005859     -0.222691      9.118609
  H      -1.272471      1.889218      9.467009
  N      -1.629795      3.059804     11.823008
  H      -1.727785      3.460085     12.749659
  H      -2.061203      3.557288     11.052046
  N       0.254115     -0.224864     -1.368341
  O      -0.335484      0.059509     -2.335139
  O       0.431816      0.025616     -0.240173
17
Coordinates from ORCA-job opt3 E -491.773234790516
  C      -0.945431      1.917897     11.639957
  C      -0.342698      1.235800     12.739682
  C       0.358672      0.064795     12.523096
  C       0.482623     -0.462984     11.223424
  C      -0.109744      0.202342     10.132174
  C      -0.813957      1.375699     10.324975
  H      -0.442913      1.648900     13.746202
  H       0.818343     -0.454454     13.366566
  H       1.036355     -1.389920     11.061619
  H      -0.008455     -0.212758      9.126911
  H      -1.275299      1.897411      9.482845
  N      -1.631135      3.060754     11.842751
  H      -1.728469      3.458166     12.770704
  H      -2.063225      3.560502     11.073636
  N       0.258900     -0.235671     -1.428207
  O      -0.325597      0.051244     -2.397318
  O       0.431481      0.012509     -0.298758
17
Coordinates from ORCA-job opt3 E -491.773268442166
  C      -0.946496      1.919582     11.655163
  C      -0.342847      1.234721     12.752678
  C       0.358658      0.064439     12.532538
  C       0.481917     -0.459901     11.231392
  C      -0.111313      0.208186     10.142320
  C      -0.815777      1.380877     10.338700
  H      -0.442488      1.645100     13.760369
  H       0.818989     -0.456910     13.374351
  H       1.035794     -1.386259     11.066795
  H      -0.010685     -0.204052      9.135791
  H      -1.277784      1.904586      9.498182
  N      -1.632401      3.061713     11.861422
  H      -1.729208      3.456647     12.790485
  H      -2.065072      3.563392     11.093894
  N       0.262979     -0.245969     -1.487732
  O      -0.316568      0.044302     -2.458782
  O       0.431752     -0.000225     -0.357307
17
Coordinates from ORCA-job opt3 E -491.773301470417
  C      -0.947565      1.921262     11.670416
  C      -0.343011      1.233580     12.765677
  C       0.358630      0.064050     12.541912
  C       0.481204     -0.456753     11.239267
  C      -0.112890      0.214154     10.152418
  C      -0.817594      1.386132     10.352447
  H      -0.442089      1.641176     13.774553
  H       0.819623     -0.459452     13.382027
  H       1.035234     -1.382508     11.071815
  H      -0.012906     -0.195172      9.144623
  H      -1.280257      1.911901      9.513581
  N      -1.633666      3.062647     11.880199
  H      -1.729954      3.455049     12.810385
  H      -2.066912      3.566298     11.114289
  N       0.267070     -0.256368     -1.547265
  O      -0.307430      0.037285     -2.520265
  O       0.431963     -0.013050     -0.415816
17
Coordinates from ORCA-job opt3 E -491.773306156526
  C      -0.948370      1.922442     11.676468
  C      -0.343042      1.227680     12.767233
  C       0.358641      0.059705     12.535473
  C       0.480524     -0.452640     11.229110
  C      -0.114406      0.225399     10.146929
  C      -0.818965      1.395432     10.354984
  H      -0.441502      1.628640     13.778880
  H       0.820219     -0.469156     13.371985
  H       1.034794     -1.377150     11.055319
  H      -0.015517     -0.177254      9.136636
  H      -1.281719      1.926252      9.519331
  N      -1.634313      3.062414     11.893464
  H      -1.730679      3.448911     12.826180
  H      -2.068487      3.570264     11.130736
  N       0.276564     -0.263297     -1.550586
  O      -0.302965      0.017542     -2.524634
  O       0.428674     -0.014953     -0.417248
17
Coordinates from ORCA-job opt3 E -491.773315542469
  C      -0.949234      1.924189     11.684246
  C      -0.344151      1.219702     12.769622
  C       0.357498      0.053585     12.528056
  C       0.479947     -0.447752     11.216960
  C      -0.114535      0.239968     10.140359
  C      -0.819258      1.408050     10.358283
  H      -0.442753      1.611724     13.784850
  H       0.818664     -0.482457     13.360361
  H       1.034543     -1.370721     11.035606
  H      -0.016793     -0.153464      9.126502
  H      -1.280985      1.945390      9.526238
  N      -1.634837      3.062442     11.909960
  H      -1.733018      3.440776     12.845947
  H      -2.069908      3.575373     11.150961
  N       0.289503     -0.270623     -1.556079
  O      -0.303395     -0.013230     -2.528636
  O       0.428162     -0.012722     -0.422978
17
Coordinates from ORCA-job opt3 E -491.773328274735
  C      -0.950570      1.926970     11.698584
  C      -0.346117      1.206222     12.774304
  C       0.355354      0.043385     12.516162
  C       0.478868     -0.439142     11.197588
  C      -0.114786      0.264666     10.130750
  C      -0.819871      1.429551     10.365445
  H      -0.445135      1.583180     13.795267
  H       0.815698     -0.504868     13.341072
  H       1.033873     -1.359351     11.003430
  H      -0.018689     -0.113233      9.110715
  H      -1.280382      1.978324      9.540130
  N      -1.635690      3.062239     11.939327
  H      -1.736496      3.426785     12.880589
  H      -2.071683      3.584309     11.186958
  N       0.310607     -0.280095     -1.569955
  O      -0.300438     -0.070402     -2.542267
  O       0.424907     -0.008309     -0.437839
17
Coordinates from ORCA-job opt3 E -491.773344835717
  C      -0.951952      1.929551     11.714802
  C      -0.347800      1.192165     12.779491
  C       0.353388      0.033146     12.503632
  C       0.477342     -0.429336     11.177792
  C      -0.115900      0.290949     10.121807
  C      -0.821157      1.452305     10.374452
  H      -0.446945      1.553434     13.806097
  H       0.813361     -0.527844     13.320149
  H       1.032628     -1.346351     10.969825
  H      -0.021312     -0.070989      9.095644
  H      -1.281372      2.013618      9.557392
  N      -1.636791      3.061329     11.972086
  H      -1.739148      3.411483     12.918625
  H      -2.073206      3.593859     11.227330
  N       0.331058     -0.288533     -1.588397
  O      -0.290121     -0.130809     -2.563695
  O       0.417379     -0.007747     -0.456774
17
Coordinates from ORCA-job opt3 E -491.773384099330
  C      -0.952963      1.930994     11.731124
  C      -0.348520      1.189413     12.791920
  C       0.352698      0.031794     12.510776
  C       0.476276     -0.424705     11.183378
  C      -0.117297      0.299776     10.130839
  C      -0.822741      1.460280     10.388766
  H      -0.447601      1.546436     13.819900
  H       0.813080     -0.532741     13.324437
  H       1.031575     -1.340601     10.971132
  H      -0.022334     -0.057980      9.103258
  H      -1.284082      2.025858      9.575377
  N      -1.638347      3.061378     11.994189
  H      -1.739789      3.407443     12.942185
  H      -2.074084      3.598167     11.252331
  N       0.335447     -0.298224     -1.646718
  O      -0.277989     -0.146858     -2.627762
  O       0.416122     -0.020200     -0.514873
17
Coordinates from ORCA-job opt3 E -491.773415851022
  C      -0.954170      1.932803     11.747519
  C      -0.349245      1.186600     12.804696
  C       0.352058      0.030339     12.518089
  C       0.475256     -0.420143     11.188649
  C      -0.118752      0.308971     10.139650
  C      -0.824300      1.468182     10.403066
  H      -0.447998      1.538981     13.834289
  H       0.812858     -0.537737     13.329016
  H       1.030678     -1.334931     10.972050
  H      -0.023964     -0.043959      9.110201
  H      -1.286063      2.037305      9.592415
  N      -1.639742      3.061835     12.016000
  H      -1.740775      3.403593     12.965584
  H      -2.075601      3.602091     11.276756
  N       0.341466     -0.310073     -1.705815
  O      -0.269230     -0.159660     -2.688785
  O       0.416973     -0.033968     -0.573119
17
Coordinates from ORCA-job opt3 E -491.773447039044
  C      -0.956153      1.935277     11.769686
  C      -0.351064      1.175244     12.816494
  C       0.350329      0.022994     12.514380
  C       0.473354     -0.409387     11.179216
  C      -0.120466      0.333723     10.140232
  C      -0.826079      1.489548     10.418977
  H      -0.449798      1.513839     13.850634
  H       0.811427     -0.555799     13.317417
  H       1.028836     -1.321041     10.950109
  H      -0.024968     -0.005290      9.106647
  H      -1.288379      2.069854      9.616903
  N      -1.642469      3.060093     12.053940
  H      -1.743052      3.388817     13.008096
  H      -2.077503      3.611232     11.322352
  N       0.355866     -0.327862     -1.760433
  O      -0.252874     -0.197881     -2.748227
  O       0.412442     -0.053131     -0.626163
17
Coordinates from ORCA-job opt3 E -491.773477835757
  C      -0.957496      1.937023     11.785981
  C      -0.352341      1.171909     12.829065
  C       0.349317      0.021291     12.521368
  C       0.472506     -0.404282     11.184042
  C      -0.121249      0.343948     10.148735
  C      -0.827157      1.498411     10.432916
  H      -0.451138      1.505278     13.864918
  H       0.810513     -0.561319     13.321612
  H       1.028068     -1.314748     10.950351
  H      -0.024828      0.010496      9.113608
  H      -1.289528      2.082558      9.633731
  N      -1.644307      3.060080     12.076146
  H      -1.744537      3.383794     13.032073
  H      -2.078907      3.615387     11.347424
  N       0.360881     -0.342148     -1.819240
  O      -0.244667     -0.207443     -2.808446
  O       0.414321     -0.070005     -0.684024
17
Coordinates from ORCA-job opt3 E -491.773508659546
  C      -0.958928      1.938989     11.804093
  C      -0.353830      1.166376     12.841650
  C       0.347978      0.018060     12.525691
  C       0.471419     -0.397657     11.185283
  C      -0.122243      0.358062     10.155425
  C      -0.828375      1.510338     10.447892
  H      -0.452732      1.492173     13.879900
  H       0.809168     -0.570274     13.321739
  H       1.027152     -1.306294     10.944957
  H      -0.025530      0.032504      9.117748
  H      -1.290775      2.100199      9.652941
  N      -1.646041      3.059765     12.102432
  H      -1.746219      3.376474     13.060706
  H      -2.080249      3.620613     11.377732
  N       0.368700     -0.356343     -1.877588
  O      -0.234880     -0.226979     -2.868688
  O       0.414837     -0.085776     -0.741654
17
Coordinates from ORCA-job opt3 E -491.773539113888
  C      -0.960285      1.940882     11.821620
  C      -0.355312      1.161505     12.854197
  C       0.346665      0.015326     12.530849
  C       0.470444     -0.391478     11.187715
  C      -0.123077      0.370977     10.162771
  C      -0.829453      1.521214     10.462648
  H      -0.454388      1.480431     13.894572
  H       0.807770     -0.578155     13.323127
  H       1.026339     -1.298437     10.941464
  H      -0.026070      0.052573      9.122858
  H      -1.291797      2.116157      9.671448
  N      -1.647687      3.059550     12.127256
  H      -1.747885      3.369922     13.087603
  H      -2.081511      3.625343     11.406171
  N       0.375587     -0.370308     -1.935967
  O      -0.225937     -0.243894     -2.928648
  O       0.416049     -0.101379     -0.799424
17
Coordinates from ORCA-job opt3 E -491.773569254537
  C      -0.961612      1.942737     11.838919
  C      -0.356825      1.156847     12.866695
  C       0.345336      0.012777     12.536272
  C       0.469523     -0.385421     11.190562
  C      -0.123820      0.383500     10.170362
  C      -0.830448      1.531714     10.477339
  H      -0.456127      1.469129     13.909074
  H       0.806299     -0.585653     13.324916
  H       1.025584     -1.290733     10.938650
  H      -0.026533      0.071984      9.128339
  H      -1.292672      2.131514      9.689725
  N      -1.649279      3.059347     12.151508
  H      -1.749566      3.363619     13.113804
  H      -2.082714      3.629846     11.433894
  N       0.382058     -0.384267     -1.994258
  O      -0.217372     -0.259739     -2.988369
  O       0.417618     -0.116973     -0.857170
17
Coordinates from ORCA-job opt3 E -491.773599156524
  C      -0.962947      1.944611     11.856510
  C      -0.358430      1.151742     12.879102
  C       0.343905      0.009964     12.541119
  C       0.468569     -0.379005     11.192720
  C      -0.124527      0.396839     10.177630
  C      -0.831380      1.542838     10.492214
  H      -0.458019      1.456887     13.923576
  H       0.804661     -0.593777     13.325840
  H       1.024798     -1.282523     10.934779
  H      -0.027058      0.092656      9.133393
  H      -1.293423      2.147846      9.708461
  N      -1.650859      3.059002     12.176471
  H      -1.751339      3.356746     13.140792
  H      -2.083875      3.634470     11.462575
  N       0.388869     -0.398449     -2.052318
  O      -0.208658     -0.276935     -3.047872
  O       0.419163     -0.132682     -0.914734
17
Coordinates from ORCA-job opt3 E -491.773628776404
  C      -0.964282      1.946482     11.874244
  C      -0.360105      1.146365     12.891406
  C       0.342401      0.007012     12.545589
  C       0.467592     -0.372346     11.194468
  C      -0.125186      0.410689     10.184730
  C      -0.832231      1.554350     10.507195
  H      -0.460032      1.444067     13.938003
  H       0.802894     -0.602246     13.326199
  H       1.023971     -1.273976     10.930291
  H      -0.027607      0.114108      9.138254
  H      -1.294041      2.164765      9.727483
  N      -1.652435      3.058528     12.201827
  H      -1.753181      3.349463     13.168200
  H      -2.084995      3.639128     11.491816
  N       0.395805     -0.412857     -2.110171
  O      -0.199919     -0.294733     -3.107146
  O       0.420803     -0.148569     -0.972126
17
Coordinates from ORCA-job opt3 E -491.773628680789
  C      -0.964094      1.946268     11.871471
  C      -0.359876      1.149988     12.891812
  C       0.342847      0.009499     12.550440
  C       0.468246     -0.375013     11.200687
  C      -0.124743      0.403997     10.187798
  C      -0.832166      1.548859     10.505806
  H      -0.459896      1.451616     13.937320
  H       0.803302     -0.596712     13.333506
  H       1.024780     -1.277618     10.940091
  H      -0.026425      0.103131      9.142703
  H      -1.293918      2.156097      9.723514
  N      -1.652165      3.059601     12.194688
  H      -1.752934      3.354270     13.159964
  H      -2.084968      3.637206     11.482344
  N       0.391189     -0.412009     -2.111195
  O      -0.202501     -0.280664     -3.107333
  O       0.422772     -0.148285     -0.973355
17
Coordinates from ORCA-job opt3 E -491.773632224611
  C      -0.964141      1.946039     11.870432
  C      -0.360059      1.153911     12.894192
  C       0.343094      0.012325     12.557544
  C       0.469115     -0.377242     11.209222
  C      -0.124137      0.397430     10.193039
  C      -0.832318      1.542947     10.506370
  H      -0.460448      1.459701     13.938465
  H       0.803467     -0.590701     13.343128
  H       1.026168     -1.280578     10.952265
  H      -0.024148      0.092393      9.149091
  H      -1.293857      2.147042      9.721449
  N      -1.652129      3.060773     12.188864
  H      -1.752851      3.359605     13.152870
  H      -2.084977      3.635236     11.474008
  N       0.384680     -0.414719     -2.120879
  O      -0.203474     -0.260398     -3.116886
  O       0.425465     -0.153533     -0.982914
17
Coordinates from ORCA-job opt3 E -491.773638469635
  C      -0.964354      1.946088     11.871767
  C      -0.360508      1.156667     12.897698
  C       0.342989      0.014317     12.564157
  C       0.469897     -0.378319     11.216863
  C      -0.123132      0.393748     10.198572
  C      -0.832336      1.539417     10.508864
  H      -0.461548      1.465065     13.941103
  H       0.803008     -0.586809     13.351344
  H       1.027569     -1.281908     10.962228
  H      -0.021323      0.086422      9.155292
  H      -1.293613      2.141448      9.722214
  N      -1.652506      3.061638     12.186992
  H      -1.753458      3.363201     13.150087
  H      -2.085353      3.633973     11.470474
  N       0.378082     -0.420340     -2.136331
  O      -0.202005     -0.241609     -3.133018
  O       0.428044     -0.162769     -0.998046
17
Coordinates from ORCA-job opt3 E -491.773638717154
  C      -0.964362      1.946248     11.872643
  C      -0.360700      1.155213     12.897352
  C       0.342707      0.013304     12.562098
  C       0.469821     -0.377368     11.214309
  C      -0.122897      0.396371     10.197145
  C      -0.832085      1.541624     10.509209
  H      -0.461935      1.462017     13.941190
  H       0.802491     -0.589147     13.348385
  H       1.027556     -1.280542     10.958419
  H      -0.021450      0.090499      9.153466
  H      -1.293268      2.144804      9.723404
  N      -1.652532      3.061349     12.189381
  H      -1.754004      3.361461     13.152858
  H      -2.085483      3.634529     11.473626
  N       0.379172     -0.421038     -2.134769
  O      -0.201476     -0.246214     -3.131862
  O       0.427893     -0.162880     -0.996594
17
Coordinates from ORCA-job opt3 E -491.773638041191
  C      -0.964387      1.946840     11.876009
  C      -0.361256      1.149348     12.895797
  C       0.341827      0.009326     12.553621
  C       0.469200     -0.373503     11.203762
  C      -0.122687      0.406762     10.191239
  C      -0.831227      1.550599     10.510310
  H      -0.462838      1.449782     13.941408
  H       0.801100     -0.598195     13.336240
  H       1.026823     -1.275228     10.942742
  H      -0.023175      0.106526      9.146025
  H      -1.292153      2.158455      9.728060
  N      -1.652549      3.060052     12.199141
  H      -1.755710      3.354076     13.164273
  H      -2.085857      3.636953     11.486644
  N       0.385509     -0.422481     -2.128355
  O      -0.200237     -0.267792     -3.126097
  O       0.427067     -0.161290     -0.990558
17
Coordinates from ORCA-job opt3 E -491.773638635240
  C      -0.964409      1.946874     11.875479
  C      -0.361398      1.150463     12.896385
  C       0.341891      0.010136     12.555662
  C       0.469581     -0.374217     11.206141
  C      -0.122321      0.404825     10.192549
  C      -0.831067      1.549029     10.510163
  H      -0.463165      1.452007     13.941702
  H       0.801053     -0.596434     13.339149
  H       1.027350     -1.276229     10.946307
  H      -0.022239      0.103248      9.147750
  H      -1.291768      2.155780      9.726852
  N      -1.652544      3.060509     12.197128
  H      -1.756005      3.355567     13.161957
  H      -2.086041      3.636293     11.483788
  N       0.383196     -0.423723     -2.130529
  O      -0.200983     -0.260644     -3.127551
  O       0.428319     -0.163255     -0.992672
17
Coordinates from ORCA-job opt3 E -491.773639017524
  C      -0.964471      1.947002     11.876247
  C      -0.361879      1.149392     12.896494
  C       0.341598      0.009527     12.554736
  C       0.469759     -0.373333     11.204818
  C      -0.121853      0.406804     10.191877
  C      -0.830509      1.550744     10.510505
  H      -0.464046      1.449753     13.942118
  H       0.800529     -0.597903     13.337708
  H       1.027626     -1.275071     10.944230
  H      -0.021732      0.106056      9.146876
  H      -1.290850      2.158341      9.727634
  N      -1.652625      3.060336     12.198831
  H      -1.756999      3.354115     13.163958
  H      -2.086287      3.636550     11.485927
  N       0.382705     -0.426255     -2.130909
  O      -0.201054     -0.259987     -3.127675
  O       0.429538     -0.165841     -0.993115
17
Coordinates from ORCA-job opt3 E -491.773639642693
  C      -0.965009      1.947980     11.883548
  C      -0.365445      1.138143     12.895967
  C       0.339157      0.002674     12.542634
  C       0.470304     -0.364586     11.188643
  C      -0.119111      0.427152     10.183424
  C      -0.826662      1.568209     10.513470
  H      -0.470353      1.426250     13.944773
  H       0.796503     -0.613728     13.319540
  H       1.028375     -1.263618     10.919252
  H      -0.019689      0.136371      9.135689
  H      -1.284605      2.185121      9.736511
  N      -1.653299      3.057919     12.217155
  H      -1.763886      3.338779     13.185433
  H      -2.087658      3.640401     11.509751
  N       0.384771     -0.443093     -2.129098
  O      -0.200702     -0.273032     -3.124455
  O       0.436759     -0.180712     -0.991978
17
Coordinates from ORCA-job opt3 E -491.773667916907
  C      -0.966116      1.950279     11.903853
  C      -0.368535      1.128304     12.907456
  C       0.336061     -0.003241     12.541789
  C       0.469088     -0.354762     11.183918
  C      -0.118136      0.449165     10.187217
  C      -0.825248      1.586839     10.529655
  H      -0.475201      1.404004     13.959384
  H       0.791956     -0.629008     13.311984
  H       1.027208     -1.250827     10.905012
  H      -0.019060      0.170020      9.136267
  H      -1.281663      2.213081      9.759298
  N      -1.654553      3.056463     12.249329
  H      -1.768923      3.324958     13.220641
  H      -2.089101      3.646192     11.548099
  N       0.394413     -0.460958     -2.185054
  O      -0.195910     -0.304850     -3.180095
  O       0.443169     -0.195429     -1.048495
17
Coordinates from ORCA-job opt3 E -491.773695592927
  C      -0.968001      1.952911     11.929952
  C      -0.375098      1.107382     12.916639
  C       0.329843     -0.016284     12.527702
  C       0.467947     -0.336479     11.162582
  C      -0.114277      0.491167     10.182545
  C      -0.821694      1.621256     10.548289
  H      -0.485940      1.358639     13.974253
  H       0.782160     -0.660120     13.284997
  H       1.026404     -1.226432     10.865354
  H      -0.013166      0.236707      9.125027
  H      -1.274134      2.265404      9.790236
  N      -1.656823      3.051551     12.298078
  H      -1.778083      3.295852     13.274932
  H      -2.090555      3.655898     11.608870
  N       0.406798     -0.492874     -2.233901
  O      -0.191440     -0.352928     -3.226559
  O       0.455511     -0.221418     -1.098736
17
Coordinates from ORCA-job opt3 E -491.773721095369
  C      -0.970318      1.955074     11.956991
  C      -0.381664      1.083889     12.923720
  C       0.323077     -0.030919     12.508593
  C       0.465898     -0.316107     11.136123
  C      -0.111014      0.537946     10.176016
  C      -0.819571      1.658286     10.568027
  H      -0.495908      1.307943     13.987071
  H       0.771543     -0.694664     13.250805
  H       1.024243     -1.198842     10.817876
  H      -0.008210      0.313992      9.111186
  H      -1.268271      2.321882      9.824507
  N      -1.659549      3.044602     12.350898
  H      -1.784513      3.262905     13.333422
  H      -2.090553      3.666940     11.676154
  N       0.422366     -0.524816     -2.278206
  O      -0.185584     -0.411902     -3.268224
  O       0.467478     -0.245977     -1.144698
17
Coordinates from ORCA-job opt3 E -491.773743816386
  C      -0.971780      1.956940     11.978643
  C      -0.384895      1.071041     12.932927
  C       0.319109     -0.038464     12.502100
  C       0.463670     -0.303278     11.125764
  C      -0.110454      0.566108     10.177986
  C      -0.819384      1.680632     10.585739
  H      -0.500413      1.279067     13.999385
  H       0.765660     -0.713719     13.234952
  H       1.021522     -1.181694     10.794995
  H      -0.008233      0.359909      9.108968
  H      -1.266481      2.355409      9.851190
  N      -1.661195      3.040651     12.388106
  H      -1.787074      3.243831     13.373738
  H      -2.090588      3.673781     11.722464
  N       0.433961     -0.545653     -2.330245
  O      -0.179417     -0.451748     -3.318830
  O       0.475443     -0.262584     -1.197623
17
Coordinates from ORCA-job opt3 E -491.773693954079
  C      -0.977189      1.954861     11.972435
  C      -0.385352      1.087425     12.940274
  C       0.319924     -0.029665     12.527094
  C       0.464378     -0.317648     11.155110
  C      -0.110875      0.535608     10.194399
  C      -0.826542      1.652568     10.585924
  H      -0.498165      1.312014     14.003604
  H       0.765845     -0.691854     13.271705
  H       1.021372     -1.200939     10.836348
  H       0.015403      0.331201      9.130730
  H      -1.279681      2.316616      9.847322
  N      -1.672858      3.040458     12.367353
  H      -1.769403      3.267626     13.350983
  H      -2.081769      3.680446     11.695734
  N       0.432094     -0.519419     -2.364552
  O      -0.180464     -0.452344     -3.354593
  O       0.462732     -0.236723     -1.229611
17
Coordinates from ORCA-job opt3 E -491.773787310387
  C      -0.975539      1.958006     11.999004
  C      -0.388736      1.065338     12.946815
  C       0.315657     -0.040783     12.508165
  C       0.461857     -0.295259     11.130152
  C      -0.110755      0.581068     10.187920
  C      -0.822332      1.692034     10.604338
  H      -0.503995      1.264880     14.014920
  H       0.760819     -0.721436     13.236753
  H       1.019219     -1.171480     10.792917
  H       0.000445      0.385255      9.118575
  H      -1.270637      2.373119      9.877075
  N      -1.667294      3.036832     12.417529
  H      -1.782435      3.235468     13.405376
  H      -2.087025      3.682902     11.758276
  N       0.442927     -0.559023     -2.404099
  O      -0.173898     -0.483910     -3.391652
  O       0.481173     -0.272780     -1.271804
17
Coordinates from ORCA-job opt3 E -491.773816137634
  C      -0.976485      1.959480     12.017573
  C      -0.391367      1.056630     12.956721
  C       0.312915     -0.044765     12.507221
  C       0.459927     -0.284675     11.126790
  C      -0.111760      0.601194     10.192747
  C      -0.822602      1.708566     10.620022
  H      -0.507427      1.245333     14.026713
  H       0.757689     -0.733062     13.228916
  H       1.017676     -1.157405     10.781174
  H      -0.001094      0.411885      9.121871
  H      -1.269614      2.397489      9.899152
  N      -1.667607      3.034549     12.446601
  H      -1.784647      3.222854     13.436235
  H      -2.087323      3.686817     11.793461
  N       0.449898     -0.578751     -2.456623
  O      -0.169135     -0.505179     -3.443117
  O       0.490407     -0.290730     -1.325198
17
Coordinates from ORCA-job opt3 E -491.773855162016
  C      -0.978629      1.963290     12.061434
  C      -0.392699      1.036734     12.976943
  C       0.308123     -0.055467     12.499047
  C       0.452357     -0.261883     11.112739
  C      -0.118053      0.648869     10.202229
  C      -0.827942      1.746021     10.657931
  H      -0.506139      1.198971     14.051736
  H       0.752418     -0.762273     13.203067
  H       1.007592     -1.127088     10.744502
  H      -0.015073      0.489757      9.124223
  H      -1.275019      2.452496      9.953646
  N      -1.668298      3.028033     12.518669
  H      -1.781770      3.191650     13.513215
  H      -2.087192      3.698327     11.882890
  N       0.476161     -0.614917     -2.572541
  O      -0.150332     -0.580737     -3.557629
  O       0.503943     -0.321552     -1.441840
17
Coordinates from ORCA-job opt3 E -491.773876649885
  C      -0.979114      1.966583     12.109153
  C      -0.386532      1.015378     12.992445
  C       0.305779     -0.065674     12.478730
  C       0.436883     -0.234666     11.087683
  C      -0.136907      0.702995     10.208881
  C      -0.842253      1.786826     10.700240
  H      -0.489856      1.148710     14.071127
  H       0.753619     -0.792706     13.158237
  H       0.986178     -1.090311     10.690749
  H      -0.051621      0.575888      9.125198
  H      -1.294158      2.512584     10.019371
  N      -1.663258      3.018543     12.601810
  H      -1.765918      3.155238     13.600268
  H      -2.085197      3.708098     11.989339
  N       0.509291     -0.653431     -2.682549
  O      -0.121197     -0.672025     -3.665628
  O       0.523711     -0.351802     -1.554795
17
Coordinates from ORCA-job opt3 E -491.773889758369
  C      -0.978126      1.968879     12.142759
  C      -0.373267      0.999259     12.997141
  C       0.308312     -0.073407     12.450260
  C       0.417835     -0.213836     11.054075
  C      -0.165678      0.744255     10.203311
  C      -0.862986      1.817777     10.727875
  H      -0.460726      1.110773     14.079924
  H       0.764305     -0.816113     13.107440
  H       0.959267     -1.062175     10.630498
  H      -0.098163      0.639829      9.115853
  H      -1.324760      2.559404     10.070003
  N      -1.654105      3.011024     12.668099
  H      -1.740808      3.127207     13.670536
  H      -2.083290      3.715243     12.076603
  N       0.538319     -0.683014     -2.735670
  O      -0.093074     -0.743794     -3.716225
  O       0.546397     -0.371082     -1.612222
17
Coordinates from ORCA-job opt3 E -491.773852599390
  C      -0.981202      1.971672     12.200960
  C      -0.377444      0.963756     13.014428
  C       0.299372     -0.090503     12.421095
  C       0.406983     -0.173006     11.017758
  C      -0.173046      0.824801     10.207493
  C      -0.868298      1.879137     10.778263
  H      -0.463537      1.029902     14.103010
  H       0.753322     -0.863257     13.047190
  H       0.945229     -1.006333     10.557225
  H      -0.110261      0.770092      9.112545
  H      -1.328456      2.650825     10.150568
  N      -1.654841      2.994190     12.772271
  H      -1.739785      3.067101     13.780704
  H      -2.082600      3.726382     12.210895
  N       0.568572     -0.744087     -2.863602
  O      -0.069601     -0.849581     -3.836788
  O       0.575042     -0.420860     -1.743756
17
Coordinates from ORCA-job opt3 E -491.773836535748
  C      -0.981108      1.976634     12.234885
  C      -0.370017      0.966205     13.040353
  C       0.301215     -0.085722     12.439084
  C       0.396596     -0.165160     11.034514
  C      -0.190952      0.833758     10.233227
  C      -0.881542      1.887763     10.811994
  H      -0.444480      1.027892     14.130207
  H       0.761099     -0.857908     13.060364
  H       0.929854     -0.997594     10.568391
  H      -0.144411      0.789211      9.133339
  H      -1.345092      2.657471     10.185712
  N      -1.649090      2.997022     12.814852
  H      -1.725473      3.064125     13.825163
  H      -2.083766      3.728837     12.259912
  N       0.586438     -0.773633     -2.998510
  O      -0.045904     -0.854365     -3.971864
  O       0.586082     -0.464304     -1.871361
17
Coordinates from ORCA-job opt3 E -491.773842570767
  C      -0.976481      1.982226     12.260581
  C      -0.341660      0.981019     13.058910
  C       0.312792     -0.075850     12.450181
  C       0.368240     -0.169728     11.044161
  C      -0.243267      0.819425     10.250944
  C      -0.917750      1.878157     10.837814
  H      -0.383450      1.052942     14.149682
  H       0.791071     -0.839776     13.066567
  H       0.888106     -1.006234     10.572064
  H      -0.227342      0.769402      9.149719
  H      -1.399583      2.638841     10.216074
  N      -1.628876      3.006696     12.847549
  H      -1.673720      3.084163     13.859173
  H      -2.077533      3.732096     12.298761
  N       0.626609     -0.764725     -3.096577
  O      -0.008504     -0.894388     -4.070524
  O       0.590798     -0.464036     -1.964818
17
Coordinates from ORCA-job opt3 E -491.773945499129
  C      -0.958512      1.982619     12.303628
  C      -0.252621      0.973261     13.025379
  C       0.340298     -0.071012     12.339465
  C       0.265874     -0.137474     10.929327
  C      -0.415468      0.862409     10.210806
  C      -1.030716      1.902849     10.877808
  H      -0.197720      1.024611     14.117993
  H       0.870754     -0.845199     12.895115
  H       0.739414     -0.961520     10.394035
  H      -0.449564      0.833524      9.117597
  H      -1.571122      2.679722     10.328561
  N      -1.555537      2.990662     12.963491
  H      -1.506568      3.049996     13.976222
  H      -2.048402      3.721196     12.471918
  N       0.714515     -0.767712     -3.065403
  O       0.091105     -1.096786     -3.999041
  O       0.663719     -0.410916     -1.956640
17
Coordinates from ORCA-job opt3 E -491.774104911196
  C      -0.953011      1.984280     12.324185
  C      -0.223639      0.969486     13.015836
  C       0.354925     -0.067002     12.304654
  C       0.236202     -0.125917     10.900194
  C      -0.470365      0.877627     10.210913
  C      -1.063028      1.917350     10.899847
  H      -0.133760      1.017712     14.104135
  H       0.908218     -0.843489     12.836811
  H       0.695280     -0.947439     10.345635
  H      -0.565122      0.838371      9.123771
  H      -1.620347      2.696366     10.370528
  N      -1.531806      2.989344     13.011635
  H      -1.454934      3.042212     14.023028
  H      -2.042998      3.727227     12.540999
  N       0.747913     -0.782021     -3.080737
  O       0.163657     -1.110883     -4.036556
  O       0.652266     -0.452994     -1.964618
17
Coordinates from ORCA-job opt3 E -491.774147228715
  C      -0.957816      1.983902     12.340155
  C      -0.239427      0.958749     13.028913
  C       0.347088     -0.070069     12.314606
  C       0.249273     -0.112195     10.908847
  C      -0.446936      0.900758     10.221712
  C      -1.050824      1.933019     10.915161
  H      -0.164895      0.993491     14.118159
  H       0.891397     -0.853818     12.845273
  H       0.716728     -0.927148     10.352167
  H      -0.525098      0.874075      9.129793
  H      -1.597797      2.717130     10.383441
  N      -1.542103      2.983606     13.029730
  H      -1.483734      3.023331     14.041177
  H      -2.052362      3.722882     12.559872
  N       0.742245     -0.810455     -3.143768
  O       0.127793     -1.131308     -4.082072
  O       0.685918     -0.455721     -2.032907
17
Coordinates from ORCA-job opt3 E -491.774177735514
  C      -0.958735      1.984846     12.375191
  C      -0.236018      0.948352     13.042535
  C       0.345575     -0.068991     12.308786
  C       0.239118     -0.089148     10.903580
  C      -0.462222      0.934390     10.237427
  C      -1.062472      1.955579     10.951226
  H      -0.154444      0.965360     14.131635
  H       0.892933     -0.861000     12.823715
  H       0.703446     -0.894961     10.331685
  H      -0.548138      0.925366      9.143767
  H      -1.611949      2.746274     10.432864
  N      -1.537205      2.974420     13.083792
  H      -1.473945      2.997200     14.095089
  H      -2.053702      3.718875     12.628870
  N       0.760757     -0.845914     -3.248352
  O       0.131774     -1.185012     -4.169622
  O       0.724678     -0.475407     -2.141929
17
Coordinates from ORCA-job opt3 E -491.774204873827
  C      -0.958327      1.985319     12.414551
  C      -0.227063      0.937080     13.053943
  C       0.345451     -0.066794     12.295346
  C       0.221523     -0.062339     10.891723
  C      -0.489182      0.972305     10.252988
  C      -1.081064      1.980622     10.992426
  H      -0.131657      0.934592     14.141994
  H       0.899426     -0.867473     12.789390
  H       0.679196     -0.857564     10.300219
  H      -0.589676      0.982765      9.159071
  H      -1.636597      2.779025     10.493000
  N      -1.527000      2.962745     13.147369
  H      -1.451869      2.967328     14.157620
  H      -2.051466      3.713440     12.712152
  N       0.785996     -0.882343     -3.356625
  O       0.148792     -1.250036     -4.260498
  O       0.762966     -0.498442     -2.254409
17
Coordinates from ORCA-job opt3 E -491.774230291817
  C      -0.956982      1.984854     12.456158
  C      -0.215456      0.923904     13.062125
  C       0.345387     -0.063799     12.274528
  C       0.199416     -0.031026     10.873681
  C      -0.522542      1.015649     10.267742
  C      -1.103089      2.008605     11.036944
  H      -0.102733      0.899179     14.148215
  H       0.907488     -0.873907     12.743431
  H       0.648336     -0.813595     10.259253
  H      -0.640750      1.048260      9.174816
  H      -1.666116      2.815813     10.560926
  N      -1.513312      2.947546     13.217359
  H      -1.422972      2.931250     14.225903
  H      -2.046608      3.705537     12.805911
  N       0.814664     -0.920205     -3.463173
  O       0.173942     -1.324619     -4.348152
  O       0.800776     -0.523216     -2.365407
17
Coordinates from ORCA-job opt3 E -491.774251515709
  C      -0.955274      1.983419     12.498474
  C      -0.203607      0.909415     13.068166
  C       0.344658     -0.060014     12.249888
  C       0.175708      0.003538     10.852934
  C      -0.557555      1.062504     10.282673
  C      -1.125549      2.038163     11.083289
  H      -0.072802      0.860604     14.151418
  H       0.914939     -0.879796     12.691430
  H       0.615149     -0.764728     10.214229
  H      -0.694185      1.119289      9.191726
  H      -1.696010      2.854642     10.632907
  N      -1.498299      2.929401     13.289600
  H      -1.391924      2.890663     14.295598
  H      -2.040039      3.695049     12.903955
  N       0.843899     -0.958982     -3.567951
  O       0.203857     -1.403462     -4.433430
  O       0.836484     -0.549476     -2.474646
17
Coordinates from ORCA-job opt3 E -491.774268341044
  C      -0.953698      1.981106     12.540096
  C      -0.193346      0.894264     13.073056
  C       0.342876     -0.055484     12.224536
  C       0.152863      0.040051     10.832362
  C      -0.590391      1.111011     10.298272
  C      -1.146151      2.068080     11.129849
  H      -0.045917      0.820434     14.152765
  H       0.920301     -0.884745     12.638363
  H       0.583259     -0.712791     10.169719
  H      -0.743917      1.193135      9.210039
  H      -1.722930      2.893803     10.705406
  N      -1.483877      2.909049     13.360716
  H      -1.362751      2.847053     14.363520
  H      -2.032938      3.682271     13.001185
  N       0.871473     -0.997931     -3.671089
  O       0.234351     -1.482650     -4.516297
  O       0.870242     -0.576423     -2.582237
17
Coordinates from ORCA-job opt3 E -491.774283195359
  C      -0.952394      1.978109     12.580385
  C      -0.185107      0.879010     13.077325
  C       0.340137     -0.050199     12.199992
  C       0.131794      0.077653     10.813320
  C      -0.619825      1.159944     10.314713
  C      -1.164222      2.097658     11.175794
  H      -0.023233      0.779889     14.152938
  H       0.923402     -0.888478     12.586659
  H       0.553926     -0.659120     10.127855
  H      -0.788282      1.267508      9.229863
  H      -1.746046      2.932254     10.776706
  N      -1.470709      2.887185     13.429215
  H      -1.336809      2.801667     14.428393
  H      -2.025900      3.667565     13.095272
  N       0.896735     -1.036620     -3.772763
  O       0.263534     -1.559870     -4.597137
  O       0.902448     -0.603925     -2.688269
17
Coordinates from ORCA-job opt3 E -491.774300690303
  C      -0.951584      1.974582     12.618271
  C      -0.179429      0.864058     13.081212
  C       0.336589     -0.044382     12.177466
  C       0.113721      0.115272     10.796685
  C      -0.644259      1.208016     10.331388
  C      -1.179111      2.126133     11.219696
  H      -0.006228      0.740034     14.152421
  H       0.924021     -0.891093     12.538553
  H       0.528946     -0.605296     10.090312
  H      -0.824433      1.340185      9.250518
  H      -1.764577      2.969030     10.844530
  N      -1.459594      2.864610     13.493117
  H      -1.315982      2.755746     14.488479
  H      -2.019956      3.651266     13.183222
  N       0.918463     -1.073839     -3.871619
  O       0.286785     -1.633879     -4.672291
  O       0.936079     -0.630213     -2.791700
17
Coordinates from ORCA-job opt3 E -491.774327259422
  C      -0.951281      1.970892     12.652498
  C      -0.176319      0.850127     13.084932
  C       0.332715     -0.038323     12.158158
  C       0.099284      0.151027     10.783284
  C      -0.663400      1.252807     10.347647
  C      -1.190685      2.152251     11.259925
  H       0.004879      0.702849     14.151781
  H       0.922745     -0.892612     12.496322
  H       0.509268     -0.554080     10.058718
  H      -0.851859      1.406981      9.271248
  H      -1.778570      3.002413     10.906380
  N      -1.450666      2.842962     13.550070
  H      -1.300910      2.712121     14.541687
  H      -2.015680      3.634429     13.261465
  N       0.935707     -1.107528     -3.965548
  O       0.300626     -1.702582     -4.737722
  O       0.973597     -0.653504     -2.890587
17
Coordinates from ORCA-job opt3 E -491.774366601075
  C      -0.951514      1.967264     12.682122
  C      -0.175606      0.837645     13.088519
  C       0.329060     -0.032362     12.142612
  C       0.088750      0.183412     10.773306
  C      -0.677604      1.292430     10.362747
  C      -1.199114      2.175114     11.295126
  H       0.010422      0.669790     14.151418
  H       0.920471     -0.893166     12.461204
  H       0.495306     -0.507649     10.033647
  H      -0.870799      1.464632      9.291001
  H      -1.788561      3.031317     10.960567
  N      -1.443969      2.823518     13.598566
  H      -1.291538      2.673166     14.586793
  H      -2.013327      3.618195     13.327628
  N       0.947782     -1.135972     -4.052248
  O       0.303100     -1.763793     -4.790121
  O       1.016592     -0.673311     -2.982627
17
Coordinates from ORCA-job opt3 E -491.774426724137
  C      -0.952310      1.967558     12.703155
  C      -0.176478      0.835116     13.100235
  C       0.327454     -0.028014     12.147923
  C       0.083470      0.196263     10.781083
  C      -0.686327      1.306216     10.379188
  C      -1.204122      2.183977     11.318654
  H       0.011699      0.661075     14.161798
  H       0.919923     -0.890709     12.459549
  H       0.488429     -0.490188     10.036301
  H      -0.882905      1.481617      9.311145
  H      -1.795548      3.041195     10.992161
  N      -1.440473      2.819819     13.625753
  H      -1.286909      2.664534     14.612863
  H      -2.012633      3.614295     13.360110
  N       0.953103     -1.148878     -4.140795
  O       0.290432     -1.798372     -4.843897
  O       1.062643     -0.685273     -3.074968
17
Coordinates from ORCA-job opt3 E -491.774502555401
  C      -0.954006      1.972750     12.718369
  C      -0.177236      0.845020     13.124448
  C       0.327855     -0.025426     12.179054
  C       0.081065      0.186983     10.810728
  C      -0.691822      1.291512     10.399918
  C      -1.207444      2.177285     11.332303
  H       0.012585      0.681452     14.187463
  H       0.922113     -0.884456     12.497375
  H       0.485051     -0.505681     10.070954
  H      -0.889806      1.456520      9.332796
  H      -1.802251      3.030676     11.002637
  N      -1.441155      2.833451     13.634167
  H      -1.283831      2.690060     14.622895
  H      -2.012551      3.625992     13.361100
  N       0.954991     -1.148640     -4.244133
  O       0.268391     -1.802746     -4.920374
  O       1.107500     -0.694522     -3.179438
17
Coordinates from ORCA-job opt3 E -491.774569785930
  C      -0.956381      1.977572     12.736497
  C      -0.177935      0.854400     13.150614
  C       0.327841     -0.022732     12.210838
  C       0.078243      0.179538     10.840956
  C      -0.696904      1.279624     10.422507
  C      -1.210890      2.172157     11.348489
  H       0.013871      0.700014     14.214935
  H       0.924296     -0.878271     12.534811
  H       0.481240     -0.518402     10.105131
  H      -0.895424      1.437118      9.355606
  H      -1.808721      3.023035     11.016654
  N      -1.443627      2.845026     13.646238
  H      -1.281373      2.713098     14.636107
  H      -2.012495      3.636847     13.366466
  N       0.957696     -1.151239     -4.354815
  O       0.252790     -1.807840     -5.010135
  O       1.147222     -0.709716     -3.290640
17
Coordinates from ORCA-job opt3 E -491.774623017821
  C      -0.958654      1.981306     12.756771
  C      -0.178099      0.861072     13.174025
  C       0.327261     -0.019182     12.236366
  C       0.074359      0.178165     10.866004
  C      -0.702612      1.275743     10.444627
  C      -1.215080      2.171280     11.367818
  H       0.016190      0.711480     14.238700
  H       0.925852     -0.872461     12.562332
  H       0.476041     -0.522136     10.131496
  H      -0.901803      1.430111      9.378217
  H      -1.815376      3.020976     11.036558
  N      -1.445786      2.851422     13.664424
  H      -1.278738      2.725634     14.654958
  H      -2.012908      3.643616     13.381980
  N       0.961299     -1.158241     -4.463281
  O       0.241422     -1.816402     -5.101014
  O       1.186083     -0.732154     -3.399722
17
Coordinates from ORCA-job opt3 E -491.774670990030
  C      -0.960974      1.985639     12.776112
  C      -0.178125      0.869403     13.198728
  C       0.327028     -0.015707     12.264941
  C       0.070707      0.174022     10.893750
  C      -0.708299      1.268081     10.467276
  C      -1.219245      2.168313     11.385789
  H       0.018731      0.726862     14.264021
  H       0.927998     -0.865879     12.594542
  H       0.471115     -0.530001     10.161915
  H      -0.908012      1.417193      9.401063
  H      -1.822250      3.016164     11.053785
  N      -1.448221      2.860066     13.680046
  H      -1.275953      2.742612     14.671540
  H      -2.013287      3.652352     13.393305
  N       0.964349     -1.162975     -4.572302
  O       0.229266     -1.819075     -5.195206
  O       1.224623     -0.756841     -3.509046
17
Coordinates from ORCA-job opt3 E -491.774680682181
  C      -0.960706      1.987840     12.776782
  C      -0.176931      0.873488     13.204535
  C       0.327372     -0.016291     12.273769
  C       0.070049      0.166936     10.901470
  C      -0.708061      1.259689     10.470486
  C      -1.218583      2.164765     11.384747
  H       0.020675      0.735726     14.270719
  H       0.929002     -0.865113     12.606650
  H       0.469716     -0.540828     10.172433
  H      -0.911926      1.401433      9.404097
  H      -1.820969      3.012197     11.049486
  N      -1.449306      2.865872     13.676179
  H      -1.276016      2.755261     14.668028
  H      -2.012463      3.657278     13.385196
  N       0.965892     -1.161024     -4.583859
  O       0.232485     -1.815638     -5.210224
  O       1.219220     -0.751360     -3.520236
17
Coordinates from ORCA-job opt3 E -491.774693079863
  C      -0.959192      1.990533     12.780921
  C      -0.171013      0.879054     13.210166
  C       0.327027     -0.015139     12.280167
  C       0.061969      0.161179     10.908234
  C      -0.715840      1.253121     10.476699
  C      -1.222322      2.162095     11.388068
  H       0.032466      0.745893     14.275686
  H       0.931152     -0.861931     12.613277
  H       0.457515     -0.549812     10.180220
  H      -0.925588      1.385952      9.409144
  H      -1.824107      3.010346     11.052772
  N      -1.447957      2.869396     13.679350
  H      -1.266982      2.764787     14.671159
  H      -2.008632      3.662957     13.388275
  N       0.974040     -1.165371     -4.605048
  O       0.241571     -1.816200     -5.236791
  O       1.215341     -0.746630     -3.542038
17
Coordinates from ORCA-job opt3 E -491.774701639870
  C      -0.954549      1.999838     12.779717
  C      -0.158911      0.899238     13.224185
  C       0.327659     -0.014930     12.307937
  C       0.046167      0.129999     10.935339
  C      -0.735134      1.212963     10.489059
  C      -1.232922      2.141062     11.386275
  H       0.057824      0.789466     14.289491
  H       0.936598     -0.853464     12.652497
  H       0.433162     -0.596785     10.218520
  H      -0.959209      1.323304      9.422955
  H      -1.837520      2.983025     11.040097
  N      -1.437148      2.895124     13.664772
  H      -1.239254      2.814835     14.656016
  H      -1.996395      3.686465     13.363801
  N       0.983864     -1.152773     -4.641455
  O       0.256917     -1.801498     -5.281394
  O       1.208300     -0.725638     -3.577549
17
Coordinates from ORCA-job opt3 E -491.774711946045
  C      -0.948696      2.005103     12.785661
  C      -0.144212      0.911218     13.230436
  C       0.328196     -0.012542     12.316743
  C       0.023313      0.115565     10.947183
  C      -0.766505      1.192672     10.501490
  C      -1.249398      2.130037     11.395460
  H       0.090520      0.814325     14.293200
  H       0.944243     -0.846297     12.660984
  H       0.399317     -0.618854     10.232048
  H      -1.005802      1.290763      9.437371
  H      -1.859605      2.968321     11.050399
  N      -1.419879      2.908627     13.668109
  H      -1.201231      2.843009     14.655870
  H      -1.980109      3.698927     13.367470
  N       0.999943     -1.151509     -4.677611
  O       0.280454     -1.807827     -5.318756
  O       1.208901     -0.711308     -3.615797
17
Coordinates from ORCA-job opt3 E -491.774735755990
  C      -0.935418      2.016776     12.797378
  C      -0.112574      0.937835     13.242136
  C       0.330098     -0.007442     12.336320
  C      -0.025147      0.083628     10.975722
  C      -0.835208      1.146393     10.529873
  C      -1.286885      2.105022     11.416465
  H       0.160700      0.870582     14.298044
  H       0.961341     -0.830162     12.679859
  H       0.327106     -0.668390     10.266969
  H      -1.110369      1.218221      9.473947
  H      -1.912063      2.933581     11.073654
  N      -1.378215      2.941190     13.673413
  H      -1.117992      2.904994     14.653451
  H      -1.945270      3.726599     13.373276
  N       1.031520     -1.144965     -4.760028
  O       0.321611     -1.816105     -5.397417
  O       1.226216     -0.687527     -3.702799
17
Coordinates from ORCA-job opt3 E -491.774751861920
  C      -0.925820      2.022696     12.809629
  C      -0.087620      0.952345     13.244440
  C       0.332612     -0.002923     12.337654
  C      -0.063092      0.070434     10.987020
  C      -0.891588      1.123684     10.550726
  C      -1.318774      2.091913     11.438374
  H       0.216667      0.901109     14.292948
  H       0.976969     -0.819073     12.672428
  H       0.271107     -0.689673     10.277536
  H      -1.196060      1.181673      9.503305
  H      -1.958463      2.913837     11.105399
  N      -1.343548      2.958823     13.686202
  H      -1.052083      2.938071     14.658387
  H      -1.918778      3.740551     13.392056
  N       1.056827     -1.146792     -4.816121
  O       0.349720     -1.828974     -5.445431
  O       1.251375     -0.677471     -3.764292
17
Coordinates from ORCA-job opt3 E -491.774760912993
  C      -0.919792      2.026742     12.817590
  C      -0.071663      0.961792     13.245489
  C       0.334429     -0.000156     12.338561
  C      -0.086409      0.062894     10.995210
  C      -0.926415      1.109741     10.564962
  C      -1.338909      2.083767     11.452733
  H       0.251787      0.920514     14.288961
  H       0.986770     -0.812325     12.667229
  H       0.236572     -0.702249     10.285813
  H      -1.249877      1.158192      9.523718
  H      -1.989150      2.900665     11.126706
  N      -1.321022      2.970721     13.693955
  H      -1.012032      2.958617     14.661349
  H      -1.903370      3.748460     13.403289
  N       1.072623     -1.148887     -4.853931
  O       0.359973     -1.832689     -5.475640
  O       1.275937     -0.675568     -3.805734
17
Coordinates from ORCA-job opt3 E -491.774764431919
  C      -0.919932      2.027152     12.816251
  C      -0.072201      0.961886     13.245118
  C       0.334191     -0.000907     12.338912
  C      -0.084994      0.062248     10.995279
  C      -0.924249      1.108979     10.563774
  C      -1.338035      2.083330     11.450744
  H       0.250383      0.920861     14.288814
  H       0.985847     -0.813249     12.668211
  H       0.238861     -0.703071     10.286300
  H      -1.246861      1.156609      9.522037
  H      -1.988668      2.899643     11.123680
  N      -1.320960      2.971835     13.691555
  H      -1.014235      2.959109     14.659265
  H      -1.904231      3.748469     13.399742
  N       1.071911     -1.148691     -4.848210
  O       0.356553     -1.828649     -5.470967
  O       1.276071     -0.675324     -3.800245
17
Coordinates from ORCA-job opt3 E -491.774771885311
  C      -0.919386      2.029364     12.815555
  C      -0.071887      0.963916     13.246322
  C       0.333703     -0.001824     12.342466
  C      -0.084194      0.059820     10.998863
  C      -0.923006      1.105601     10.565041
  C      -1.337933      2.081729     11.449579
  H       0.250595      0.924692     14.290113
  H       0.984180     -0.814307     12.673290
  H       0.240228     -0.706637     10.291305
  H      -1.246003      1.150338      9.522787
  H      -1.990562      2.895696     11.120647
  N      -1.318492      2.976484     13.688586
  H      -1.015640      2.962451     14.657203
  H      -1.905509      3.749692     13.394676
  N       1.072813     -1.149811     -4.850002
  O       0.349389     -1.820575     -5.473191
  O       1.281153     -0.676400     -3.802983
17
Coordinates from ORCA-job opt3 E -491.774776963432
  C      -0.918711      2.031346     12.817049
  C      -0.071000      0.966598     13.249529
  C       0.333308     -0.001976     12.348037
  C      -0.085632      0.056449     11.004670
  C      -0.924863      1.101179     10.569135
  C      -1.339048      2.079727     11.451393
  H       0.252740      0.930123     14.292977
  H       0.983567     -0.813947     12.680392
  H       0.238100     -0.711665     10.298597
  H      -1.248831      1.143238      9.526830
  H      -1.992812      2.892457     11.121389
  N      -1.316054      2.981135     13.687928
  H      -1.013719      2.968238     14.656607
  H      -1.905416      3.752115     13.392392
  N       1.074632     -1.150467     -4.863787
  O       0.346784     -1.817918     -5.485257
  O       1.286406     -0.676401     -3.817624
17
Coordinates from ORCA-job opt3 E -491.774792896385
  C      -0.916687      2.038337     12.822708
  C      -0.068844      0.977203     13.263898
  C       0.331787     -0.002096     12.372394
  C      -0.090831      0.041860     11.029495
  C      -0.930709      1.082740     10.585702
  C      -1.341566      2.071433     11.458043
  H       0.258618      0.952019     14.306541
  H       0.981526     -0.811452     12.712104
  H       0.230131     -0.733563     10.330335
  H      -1.257586      1.113739      9.543383
  H      -1.996799      2.880592     11.122597
  N      -1.309831      2.998508     13.684144
  H      -1.007807      2.993349     14.652970
  H      -1.904762      3.762844     13.381506
  N       1.080114     -1.150643     -4.921290
  O       0.338851     -1.808781     -5.536493
  O       1.303844     -0.675858     -3.877776
17
Coordinates from ORCA-job opt3 E -491.774813061668
  C      -0.914365      2.047588     12.830001
  C      -0.066749      0.992687     13.285625
  C       0.329390     -0.001979     12.409536
  C      -0.098425      0.019045     11.067438
  C      -0.938363      1.054075     10.609842
  C      -1.343971      2.058454     11.466673
  H       0.265213      0.984675     14.327115
  H       0.978947     -0.806544     12.760951
  H       0.218420     -0.768057     10.379856
  H      -1.267696      1.068138      9.567668
  H      -1.998586      2.863861     11.121738
  N      -1.303368      3.023042     13.676288
  H      -0.999861      3.032764     14.644574
  H      -1.902687      3.779687     13.362655
  N       1.086072     -1.147798     -5.004463
  O       0.329442     -1.796500     -5.610768
  O       1.326038     -0.672906     -3.964470
17
Coordinates from ORCA-job opt3 E -491.774840035754
  C      -0.909876      2.061044     12.838768
  C      -0.060564      1.017123     13.315271
  C       0.326169     -0.001145     12.462805
  C      -0.114386     -0.016902     11.124388
  C      -0.955879      1.007764     10.646702
  C      -1.350389      2.036692     11.479360
  H       0.281230      1.036373     14.353481
  H       0.977596     -0.796996     12.830481
  H       0.194011     -0.823016     10.455489
  H      -1.292536      0.993929      9.607012
  H      -2.004074      2.835760     11.119940
  N      -1.290871      3.059999     13.661166
  H      -0.979951      3.095868     14.626628
  H      -1.894519      3.806527     13.332160
  N       1.096682     -1.140778     -5.120554
  O       0.322539     -1.777934     -5.717008
  O       1.354268     -0.664079     -4.085828
17
Coordinates from ORCA-job opt3 E -491.774862241360
  C      -0.906177      2.074313     12.844977
  C      -0.057063      1.042147     13.345894
  C       0.321975     -0.000657     12.520361
  C      -0.127485     -0.054120     11.185681
  C      -0.968605      0.959077     10.683881
  C      -1.353899      2.013275     11.489287
  H       0.291261      1.089614     14.380968
  H       0.973761     -0.787210     12.906902
  H       0.173776     -0.880292     10.538577
  H      -1.309577      0.917031      9.647078
  H      -2.005793      2.805096     11.112244
  N      -1.280381      3.097636     13.640411
  H      -0.964381      3.160855     14.603080
  H      -1.886125      3.834303     13.293805
  N       1.103449     -1.129638     -5.236171
  O       0.309424     -1.753371     -5.820886
  O       1.385290     -0.657828     -4.205828
17
Coordinates from ORCA-job opt3 E -491.774883468940
  C      -0.900289      2.088880     12.846927
  C      -0.049373      1.071146     13.373236
  C       0.317949      0.000540     12.578924
  C      -0.145626     -0.096434     11.251459
  C      -0.987657      0.902708     10.724484
  C      -1.360685      1.985086     11.498311
  H       0.309562      1.151056     14.402540
  H       0.971153     -0.774824     12.985074
  H       0.145691     -0.945151     10.629669
  H      -1.337498      0.827493      9.693346
  H      -2.012145      2.767345     11.102348
  N      -1.264422      3.139126     13.611374
  H      -0.939958      3.233297     14.568794
  H      -1.873765      3.863817     13.246956
  N       1.112791     -1.115653     -5.344226
  O       0.297845     -1.720402     -5.920398
  O       1.415877     -0.647800     -4.318559
17
Coordinates from ORCA-job opt3 E -491.774885500313
  C      -0.893660      2.099211     12.823538
  C      -0.043008      1.094536     13.374968
  C       0.314664     -0.000193     12.611427
  C      -0.154360     -0.135331     11.289854
  C      -0.991435      0.852207     10.736248
  C      -1.360193      1.958222     11.481588
  H       0.319383      1.200686     14.400000
  H       0.964928     -0.766526     13.038213
  H       0.130177     -1.004272     10.694101
  H      -1.347027      0.748367      9.711076
  H      -2.008848      2.729573     11.062372
  N      -1.252221      3.170270     13.560156
  H      -0.926486      3.286905     14.513744
  H      -1.863369      3.885149     13.181826
  N       1.111492     -1.091986     -5.329185
  O       0.278208     -1.656778     -5.920085
  O       1.421205     -0.639810     -4.299581
17
Coordinates from ORCA-job opt3 E -491.774884178972
  C      -0.886652      2.099391     12.821071
  C      -0.011513      1.100242     13.345199
  C       0.329273      0.006218     12.571129
  C      -0.179840     -0.131028     11.264711
  C      -1.040685      0.850749     10.739267
  C      -1.395740      1.953396     11.494944
  H       0.381346      1.208996     14.358580
  H       0.996696     -0.756146     12.977194
  H       0.091388     -0.998707     10.660324
  H      -1.428825      0.743585      9.726808
  H      -2.066574      2.716895     11.095935
  N      -1.226533      3.168734     13.569098
  H      -0.874299      3.284000     14.513898
  H      -1.855376      3.879321     13.211907
  N       1.131434     -1.097938     -5.285445
  O       0.286301     -1.639669     -5.881486
  O       1.449048     -0.657811     -4.252874
17
Coordinates from ORCA-job opt3 E -491.774871027366
  C      -0.873394      2.097477     12.817321
  C       0.046727      1.109980     13.284683
  C       0.354984      0.020910     12.488865
  C      -0.229733     -0.119471     11.214696
  C      -1.134064      0.850663     10.744363
  C      -1.460170      1.945383     11.523717
  H       0.497207      1.222213     14.273143
  H       1.055179     -0.733491     12.851723
  H       0.017033     -0.982967     10.593488
  H      -1.580579      0.737918      9.757631
  H      -2.169291      2.696558     11.168000
  N      -1.179883      3.160649     13.587970
  H      -0.777235      3.274039     14.512362
  H      -1.839684      3.863466     13.273743
  N       1.169162     -1.109262     -5.197980
  O       0.308477     -1.614140     -5.804299
  O       1.494713     -0.689695     -4.159167
17
Coordinates from ORCA-job opt3 E -491.774882061614
  C      -0.876819      2.098464     12.818824
  C       0.032015      1.108184     13.302036
  C       0.348699      0.017583     12.512279
  C      -0.217330     -0.123801     11.229563
  C      -1.110680      0.849204     10.743728
  C      -1.442872      1.947501     11.516059
  H       0.468187      1.219919     14.297195
  H       1.041496     -0.738224     12.887008
  H       0.035890     -0.989186     10.613613
  H      -1.542199      0.736788      9.749309
  H      -2.141013      2.702596     11.147521
  N      -1.192977      3.163254     13.583185
  H      -0.803817      3.277593     14.512953
  H      -1.844054      3.868863     13.257357
  N       1.160209     -1.106453     -5.224199
  O       0.303160     -1.615197     -5.832105
  O       1.481554     -0.686857     -4.184067
17
Coordinates from ORCA-job opt3 E -491.774887757794
  C      -0.875772      2.097874     12.820009
  C       0.037431      1.108707     13.296982
  C       0.351577      0.020138     12.504082
  C      -0.222564     -0.122199     11.224947
  C      -1.121141      0.849609     10.745365
  C      -1.448620      1.947697     11.520297
  H       0.480212      1.220508     14.289438
  H       1.049280     -0.734092     12.873692
  H       0.028695     -0.986701     10.606871
  H      -1.559497      0.737200      9.752892
  H      -2.148792      2.702973     11.156146
  N      -1.190208      3.160786     13.587589
  H      -0.795464      3.274980     14.514845
  H      -1.842191      3.867633     13.266243
  N       1.165414     -1.108888     -5.219242
  O       0.310330     -1.611307     -5.834903
  O       1.480761     -0.694686     -4.174990
17
Coordinates from ORCA-job opt3 E -491.774889492985
  C      -0.874280      2.097946     12.818881
  C       0.042562      1.110574     13.291945
  C       0.353726      0.021751     12.498821
  C      -0.227592     -0.123481     11.223309
  C      -1.130663      0.846421     10.747498
  C      -1.454585      1.945606     11.522905
  H       0.491284      1.224615     14.281573
  H       1.055033     -0.730755     12.865452
  H       0.021336     -0.988390     10.605073
  H      -1.575979      0.732696      9.757639
  H      -2.157141      2.699927     11.161515
  N      -1.185778      3.161235     13.587170
  H      -0.785479      3.276695     14.511816
  H      -1.838947      3.868272     13.268671
  N       1.169686     -1.109178     -5.212285
  O       0.315252     -1.604111     -5.834761
  O       1.481015     -0.699592     -4.164964
17
Coordinates from ORCA-job opt3 E -491.774890608146
  C      -0.873826      2.097643     12.818582
  C       0.044777      1.110988     13.289448
  C       0.354947      0.022358     12.495751
  C      -0.229479     -0.123349     11.221809
  C      -1.134897      0.845719     10.748409
  C      -1.457876      1.944756     11.524399
  H       0.496002      1.225858     14.277896
  H       1.057923     -0.729463     12.860665
  H       0.018488     -0.987923     10.602827
  H      -1.583517      0.731785      9.759696
  H      -2.161622      2.698644     11.164534
  N      -1.183797      3.161062     13.587456
  H      -0.780605      3.277020     14.510829
  H      -1.837548      3.868190     13.270351
  N       1.171702     -1.110087     -5.208456
  O       0.316999     -1.600514     -5.833972
  O       1.481780     -0.702457     -4.159964
17
Coordinates from ORCA-job opt3 E -491.774891616344
  C      -0.873256      2.097265     12.817685
  C       0.047357      1.111742     13.286658
  C       0.356266      0.022680     12.493005
  C      -0.231567     -0.123756     11.220923
  C      -1.139643      0.843982     10.749400
  C      -1.462122      1.942888     11.525860
  H       0.501163      1.228256     14.273769
  H       1.060891     -0.728332     12.856351
  H       0.015317     -0.988176     10.601390
  H      -1.592032      0.729095      9.762108
  H      -2.167227      2.696009     11.167103
  N      -1.181024      3.161694     13.586287
  H      -0.774194      3.279120     14.507886
  H      -1.835644      3.868520     13.270200
  N       1.173930     -1.111111     -5.203080
  O       0.317292     -1.593961     -5.831610
  O       1.483943     -0.705686     -4.153676
17
Coordinates from ORCA-job opt3 E -491.774892469836
  C      -0.873658      2.096881     12.817575
  C       0.046604      1.111348     13.287386
  C       0.356225      0.022163     12.493929
  C      -0.230445     -0.123630     11.221452
  C      -1.138378      0.843993     10.749328
  C      -1.462249      1.942376     11.525699
  H       0.499318      1.228117     14.274983
  H       1.060462     -0.728977     12.857701
  H       0.016985     -0.987680     10.601627
  H      -1.590186      0.728906      9.761613
  H      -2.166686      2.695537     11.165705
  N      -1.181664      3.161893     13.585414
  H      -0.774574      3.280450     14.506717
  H      -1.835951      3.868617     13.268419
  N       1.173620     -1.112379     -5.202596
  O       0.314240     -1.590359     -5.830936
  O       1.485788     -0.707024     -4.153755
17
Coordinates from ORCA-job opt3 E -491.774893165211
  C      -0.874114      2.096200     12.817975
  C       0.046061      1.110426     13.287845
  C       0.356256      0.021775     12.493577
  C      -0.229129     -0.122203     11.220466
  C      -1.136942      0.845571     10.748236
  C      -1.462318      1.942383     11.525865
  H       0.497568      1.226547     14.276080
  H       1.060018     -0.729897     12.857086
  H       0.019234     -0.985289     10.599601
  H      -1.587841      0.730908      9.760068
  H      -2.166445      2.695555     11.165041
  N      -1.182724      3.161061     13.585830
  H      -0.775399      3.280611     14.506860
  H      -1.837208      3.867473     13.268413
  N       1.173253     -1.114805     -5.201334
  O       0.309350     -1.587552     -5.827270
  O       1.489829     -0.708534     -4.154079
17
Coordinates from ORCA-job opt3 E -491.774893886002
  C      -0.874953      2.095797     12.818714
  C       0.043447      1.109096     13.290459
  C       0.355258      0.021135     12.495812
  C      -0.226069     -0.121055     11.220707
  C      -1.131914      0.847720     10.746665
  C      -1.459290      1.943328     11.524759
  H       0.491811      1.223856     14.280275
  H       1.057318     -0.731524     12.860593
  H       0.024247     -0.983351     10.599472
  H      -1.579612      0.734121      9.757053
  H      -2.161899      2.697021     11.161724
  N      -1.185853      3.160071     13.586376
  H      -0.780810      3.280036     14.508302
  H      -1.839594      3.866498     13.267367
  N       1.171304     -1.116719     -5.203665
  O       0.303565     -1.587257     -5.825901
  O       1.492494     -0.708543     -4.158453
17
Coordinates from ORCA-job opt3 E -491.774894410447
  C      -0.875539      2.095432     12.819616
  C       0.041437      1.107801     13.292286
  C       0.354420      0.020924     12.496751
  C      -0.223628     -0.119587     11.219893
  C      -1.127904      0.850299     10.744873
  C      -1.456519      1.944567     11.523956
  H       0.487495      1.220903     14.283351
  H       1.055137     -0.732723     12.862208
  H       0.028570     -0.980965     10.598097
  H      -1.573235      0.738270      9.754184
  H      -2.158239      2.698680     11.159670
  N      -1.188547      3.158599     13.587792
  H      -0.785743      3.278300     14.510723
  H      -1.841878      3.865094     13.267910
  N       1.169686     -1.118603     -5.205326
  O       0.298690     -1.588377     -5.823566
  O       1.495247     -0.708386     -4.162158
17
Coordinates from ORCA-job opt3 E -491.774894415891
  C      -0.875472      2.095475     12.819629
  C       0.041244      1.107666     13.292272
  C       0.354204      0.021102     12.496518
  C      -0.223407     -0.119519     11.219392
  C      -1.127401      0.850699     10.744386
  C      -1.455851      1.944816     11.523651
  H       0.487230      1.220402     14.283411
  H       1.054742     -0.732736     12.862044
  H       0.029311     -0.980778     10.597632
  H      -1.572700      0.739145      9.753686
  H      -2.157594      2.698938     11.159231
  N      -1.188899      3.158266     13.588040
  H      -0.786788      3.277673     14.511280
  H      -1.842288      3.864748     13.268217
  N       1.169341     -1.118907     -5.204917
  O       0.297350     -1.588686     -5.821762
  O       1.496429     -0.708074     -4.162449
