13
Coordinates from ORCA-job first_job E -294.170651021699
  C      -3.210260     -1.734990      0.019650
  C      -4.378130     -1.080160     -0.012450
  C      -5.667400     -1.750160      0.023780
  C      -6.854980     -1.117470     -0.026800
  C      -8.195240     -1.804220     -0.000660
  H      -8.405530     -2.319950     -0.976120
  H      -9.022750     -1.075310      0.175040
  H      -8.240880     -2.584040      0.803110
  F      -2.033290     -1.098380     -0.005280
  H      -3.101030     -2.823860      0.069980
  H      -4.355660      0.014300     -0.065600
  H      -5.650660     -2.847240      0.101650
  H      -6.852650     -0.021620     -0.112380
13
Coordinates from ORCA-job first_job E -294.171351274433
  C      -3.210898     -1.734438      0.028813
  C      -4.378903     -1.081003     -0.019401
  C      -5.668022     -1.750504      0.024351
  C      -6.855618     -1.118907     -0.030128
  C      -8.195220     -1.804961     -0.002572
  H      -8.423768     -2.281287     -0.973483
  H      -9.008379     -1.094953      0.208667
  H      -8.230497     -2.598744      0.762259
  F      -2.034141     -1.098466     -0.011710
  H      -3.101382     -2.821629      0.102041
  H      -4.356531      0.011721     -0.094411
  H      -5.651219     -2.845379      0.111931
  H      -6.853882     -0.024550     -0.112436
13
Coordinates from ORCA-job first_job E -294.171546630218
  C      -3.210713     -1.733711      0.037113
  C      -4.378736     -1.081842     -0.026857
  C      -5.667871     -1.750573      0.026220
  C      -6.855416     -1.119855     -0.035146
  C      -8.194874     -1.805064     -0.003323
  H      -8.448825     -2.239613     -0.984754
  H      -9.000825     -1.105641      0.255772
  H      -8.214764     -2.628275      0.726603
  F      -2.034144     -1.098161     -0.012755
  H      -3.100964     -2.819067      0.133317
  H      -4.356265      0.009145     -0.123307
  H      -5.651150     -2.844145      0.126496
  H      -6.853911     -0.026299     -0.125460
13
Coordinates from ORCA-job first_job E -294.171979300275
  C      -3.210160     -1.731610      0.054456
  C      -4.378192     -1.084372     -0.042673
  C      -5.667381     -1.750906      0.031130
  C      -6.854785     -1.122411     -0.045339
  C      -8.193781     -1.805174     -0.005099
  H      -8.503724     -2.147235     -1.002448
  H      -8.981108     -1.134164      0.354984
  H      -8.185144     -2.688200      0.644128
  F      -2.034141     -1.097245     -0.015731
  H      -3.099791     -2.811381      0.200019
  H      -4.355391      0.001464     -0.185244
  H      -5.650930     -2.841139      0.159499
  H      -6.853932     -0.030727     -0.153760
13
Coordinates from ORCA-job first_job E -294.172411870510
  C      -3.208790     -1.728589      0.070491
  C      -4.377060     -1.088477     -0.059020
  C      -5.666225     -1.751993      0.037680
  C      -6.853459     -1.126509     -0.053170
  C      -8.191440     -1.804793     -0.007349
  H      -8.559227     -2.050997     -1.011546
  H      -8.958778     -1.169198      0.448488
  H      -8.164471     -2.742951      0.554238
  F      -2.034113     -1.094949     -0.020824
  H      -3.096798     -2.800023      0.267918
  H      -4.353890     -0.009979     -0.249205
  H      -5.650171     -2.838189      0.194630
  H      -6.854038     -0.036453     -0.178411
13
Coordinates from ORCA-job first_job E -294.172844603101
  C      -3.206645     -1.724574      0.086984
  C      -4.375658     -1.093433     -0.071468
  C      -5.664567     -1.754413      0.043404
  C      -6.851812     -1.132754     -0.063723
  C      -8.188177     -1.803677     -0.008879
  H      -8.615739     -1.955697     -1.009651
  H      -8.932830     -1.207056      0.535785
  H      -8.151231     -2.789684      0.464865
  F      -2.034219     -1.090726     -0.025327
  H      -3.091635     -2.786719      0.328653
  H      -4.352209     -0.023278     -0.304285
  H      -5.649067     -2.836195      0.228184
  H      -6.854671     -0.044896     -0.210622
13
Coordinates from ORCA-job first_job E -294.173267620602
  C      -3.206016     -1.720827      0.104399
  C      -4.375500     -1.096665     -0.077705
  C      -5.664114     -1.756712      0.044586
  C      -6.851458     -1.138521     -0.083477
  C      -8.187290     -1.803144     -0.008302
  H      -8.670128     -1.871535     -0.993256
  H      -8.896804     -1.246209      0.618280
  H      -8.136700     -2.823376      0.385484
  F      -2.034807     -1.087092     -0.020825
  H      -3.089314     -2.776542      0.371664
  H      -4.351667     -0.032996     -0.338436
  H      -5.649372     -2.833853      0.254998
  H      -6.855289     -0.055626     -0.263488
13
Coordinates from ORCA-job first_job E -294.173635327953
  C      -3.203753     -1.717465      0.115252
  C      -4.375478     -1.099883     -0.075831
  C      -5.662640     -1.762629      0.045747
  C      -6.850222     -1.150285     -0.110712
  C      -8.185425     -1.801533     -0.005611
  H      -8.724116     -1.797436     -0.976390
  H      -8.861384     -1.265730      0.692790
  H      -8.129473     -2.853190      0.330177
  F      -2.036742     -1.074778     -0.004688
  H      -3.080987     -2.771903      0.385211
  H      -4.352752     -0.037127     -0.341368
  H      -5.648965     -2.835484      0.280583
  H      -6.856522     -0.075657     -0.341242
13
Coordinates from ORCA-job first_job E -294.173879326581
  C      -3.208225     -1.715561      0.130272
  C      -4.378412     -1.098979     -0.078877
  C      -5.665729     -1.760804      0.045913
  C      -6.852314     -1.151828     -0.137858
  C      -8.190592     -1.803941     -0.005033
  H      -8.766367     -1.731786     -0.943057
  H      -8.806524     -1.313014      0.764174
  H      -8.109351     -2.868147      0.256880
  F      -2.038352     -1.077370      0.007785
  H      -3.089381     -2.767690      0.409235
  H      -4.355398     -0.039776     -0.357127
  H      -5.653026     -2.826319      0.310239
  H      -6.854788     -0.087885     -0.408627
13
Coordinates from ORCA-job first_job E -294.173913336156
  C      -3.208817     -1.716684      0.126452
  C      -4.378457     -1.098026     -0.077798
  C      -5.666136     -1.759173      0.048737
  C      -6.852236     -1.151024     -0.138307
  C      -8.191096     -1.805156     -0.006851
  H      -8.765117     -1.736504     -0.948012
  H      -8.808310     -1.309851      0.763062
  H      -8.105906     -2.869570      0.260428
  F      -2.038315     -1.079071      0.007571
  H      -3.091006     -2.769907      0.402261
  H      -4.355544     -0.037506     -0.351181
  H      -5.653474     -2.823847      0.316812
  H      -6.854046     -0.086779     -0.409254
13
Coordinates from ORCA-job first_job E -294.173921967855
  C      -3.209901     -1.717686      0.124037
  C      -4.378656     -1.096230     -0.075422
  C      -5.666893     -1.756777      0.051558
  C      -6.852716     -1.149241     -0.137640
  C      -8.191447     -1.806481     -0.008639
  H      -8.761706     -1.743652     -0.953063
  H      -8.810375     -1.307802      0.759240
  H      -8.101149     -2.869561      0.264786
  F      -2.037964     -1.083079      0.004076
  H      -3.094151     -2.772175      0.396101
  H      -4.355668     -0.034853     -0.345493
  H      -5.653947     -2.820900      0.321995
  H      -6.853887     -0.084662     -0.407615
13
Coordinates from ORCA-job first_job E -294.173922682009
  C      -3.210162     -1.717857      0.123740
  C      -4.378635     -1.095828     -0.075304
  C      -5.667018     -1.756141      0.052240
  C      -6.852909     -1.148891     -0.137341
  C      -8.191251     -1.806709     -0.008902
  H      -8.761755     -1.743206     -0.953153
  H      -8.810123     -1.308992      0.759599
  H      -8.100072     -2.869946      0.263446
  F      -2.037842     -1.084187      0.003291
  H      -3.095164     -2.772230      0.396606
  H      -4.355654     -0.034590     -0.345901
  H      -5.653803     -2.820100      0.323333
  H      -6.854073     -0.084421     -0.407734
