17
Coordinates from ORCA-job opt2 E -491.714590008401
  C      -3.724650      0.789010      0.041830
  C      -4.680120     -0.250110      0.264180
  C      -4.290130     -1.574840      0.175640
  C      -2.954950     -1.910030     -0.133580
  C      -2.006060     -0.892030     -0.355280
  C      -2.373470      0.439780     -0.271680
  H      -5.714420      0.014100      0.503550
  H      -5.022870     -2.366640      0.346980
  H      -2.656020     -2.959360     -0.201430
  H      -0.972730     -1.156570     -0.595440
  H      -1.641210      1.232880     -0.444120
  N      -4.093620      2.084070      0.126860
  H      -5.048900      2.348030      0.348600
  H      -3.426260      2.832280     -0.027710
  N       6.999490      3.519360     -1.361740
  O       7.197750      4.734740     -1.822640
  O       6.262410      2.875040     -0.452000
17
Coordinates from ORCA-job opt2 E -491.764015216228
  C      -3.723521      0.792099      0.038671
  C      -4.672960     -0.252919      0.271267
  C      -4.274910     -1.572490      0.185063
  C      -2.938422     -1.897578     -0.132435
  C      -1.995231     -0.874623     -0.365661
  C      -2.370551      0.452271     -0.283126
  H      -5.706503      0.004720      0.516566
  H      -5.000211     -2.369127      0.364093
  H      -2.633468     -2.944478     -0.198498
  H      -0.962571     -1.133838     -0.611120
  H      -1.649806      1.248698     -0.461843
  N      -4.098918      2.080593      0.122168
  H      -5.054569      2.338648      0.349595
  H      -3.437241      2.833579     -0.039252
  N       6.969131      3.502899     -1.350160
  O       7.136670      4.639687     -1.730480
  O       6.267321      2.911568     -0.532829
17
Coordinates from ORCA-job opt2 E -491.767212597586
  C      -3.727916      0.794445      0.038393
  C      -4.667104     -0.258838      0.275589
  C      -4.258211     -1.574691      0.188752
  C      -2.921463     -1.887766     -0.134463
  C      -1.988067     -0.857530     -0.372546
  C      -2.373758      0.466046     -0.288493
  H      -5.701400     -0.009847      0.524805
  H      -4.975163     -2.377970      0.371109
  H      -2.608509     -2.931815     -0.201836
  H      -0.955087     -1.108944     -0.622275
  H      -1.660514      1.271816     -0.471512
  N      -4.114203      2.079547      0.122910
  H      -5.070431      2.328843      0.353792
  H      -3.461310      2.838422     -0.041724
  N       6.930433      3.495115     -1.321749
  O       7.132454      4.549024     -1.706858
  O       6.274490      2.943851     -0.571875
17
Coordinates from ORCA-job opt2 E -491.771677466793
  C      -3.730756      0.792263      0.039905
  C      -4.671612     -0.259361      0.274580
  C      -4.265402     -1.576480      0.186644
  C      -2.929194     -1.892208     -0.134736
  C      -1.994435     -0.863113     -0.369552
  C      -2.377343      0.461656     -0.285309
  H      -5.705813     -0.008619      0.522395
  H      -4.984456     -2.378339      0.367061
  H      -2.617903     -2.936683     -0.202567
  H      -0.961526     -1.115658     -0.617912
  H      -1.659342      1.265721     -0.465751
  N      -4.115436      2.078770      0.124694
  H      -5.071646      2.329269      0.354072
  H      -3.461268      2.836748     -0.038859
  N       6.950493      3.507127     -1.324150
  O       7.180924      4.581199     -1.737341
  O       6.268958      2.937419     -0.551155
17
Coordinates from ORCA-job opt2 E -491.771991772450
  C      -3.745728      0.787983      0.041808
  C      -4.682651     -0.265955      0.277832
  C      -4.273389     -1.582506      0.189046
  C      -2.937507     -1.895073     -0.134435
  C      -2.006458     -0.863424     -0.369818
  C      -2.392631      0.460812     -0.285073
  H      -5.717156     -0.017825      0.527171
  H      -4.990267     -2.386111      0.370464
  H      -2.623678     -2.938713     -0.203141
  H      -0.973193     -1.113142     -0.620016
  H      -1.676516      1.266201     -0.466096
  N      -4.134489      2.074247      0.126835
  H      -5.091105      2.321636      0.357160
  H      -3.483376      2.834207     -0.038337
  N       7.003414      3.528207     -1.323793
  O       7.257383      4.588468     -1.748502
  O       6.321586      2.960697     -0.559083
17
Coordinates from ORCA-job opt2 E -491.772107409893
  C      -3.762099      0.783649      0.043447
  C      -4.693850     -0.273226      0.281761
  C      -4.280473     -1.588982      0.192540
  C      -2.944811     -1.897515     -0.133627
  C      -2.018818     -0.862424     -0.370686
  C      -2.409425      0.461009     -0.285751
  H      -5.728703     -0.028623      0.533327
  H      -4.994530     -2.394664      0.375970
  H      -2.627416     -2.940030     -0.202687
  H      -0.985080     -1.108137     -0.623222
  H      -1.695521      1.268034     -0.468082
  N      -4.156160      2.069486      0.128540
  H      -5.113304      2.312771      0.360210
  H      -3.508925      2.831917     -0.039151
  N       7.060164      3.549013     -1.326365
  O       7.338938      4.599449     -1.752364
  O       6.374254      2.977982     -0.571841
17
Coordinates from ORCA-job opt2 E -491.772157816649
  C      -3.776628      0.779398      0.044538
  C      -4.705454     -0.279181      0.285317
  C      -4.289558     -1.594285      0.196423
  C      -2.953937     -1.900441     -0.131898
  C      -2.030848     -0.863430     -0.371255
  C      -2.424096      0.459383     -0.286642
  H      -5.740406     -0.036693      0.538555
  H      -5.001841     -2.401091      0.381824
  H      -2.634409     -2.942309     -0.200725
  H      -0.996978     -1.106824     -0.625579
  H      -1.711698      1.267342     -0.470751
  N      -4.173560      2.064676      0.129258
  H      -5.130935      2.305738      0.362152
  H      -3.528458      2.828391     -0.040590
  N       7.118059      3.567839     -1.333590
  O       7.405428      4.620427     -1.748867
  O       6.429557      2.990770     -0.586150
17
Coordinates from ORCA-job opt2 E -491.772212702701
  C      -3.799136      0.775701      0.044962
  C      -4.716634     -0.290370      0.292995
  C      -4.289732     -1.602329      0.205518
  C      -2.953290     -1.897981     -0.128708
  C      -2.041635     -0.852927     -0.375307
  C      -2.446144      0.466838     -0.291996
  H      -5.752523     -0.056977      0.550972
  H      -4.994653     -2.414187      0.396943
  H      -2.624555     -2.937036     -0.196213
  H      -1.006680     -1.086492     -0.634479
  H      -1.740006      1.279091     -0.481302
  N      -4.207783      2.058073      0.128596
  H      -5.166473      2.290035      0.364954
  H      -3.570922      2.827123     -0.047687
  N       7.182966      3.579162     -1.345459
  O       7.500158      4.640347     -1.715238
  O       6.481282      2.981639     -0.626530
17
Coordinates from ORCA-job opt2 E -491.772270141401
  C      -3.824438      0.772257      0.045465
  C      -4.727910     -0.303742      0.300986
  C      -4.286451     -1.611089      0.214904
  C      -2.948478     -1.892529     -0.125473
  C      -2.050846     -0.837348     -0.379602
  C      -2.470006      0.478048     -0.297480
  H      -5.765217     -0.082202      0.563693
  H      -4.981623     -2.429906      0.412242
  H      -2.607945     -2.927814     -0.192015
  H      -1.014397     -1.058620     -0.643738
  H      -1.772678      1.296568     -0.492475
  N      -4.247888      2.050136      0.128194
  H      -5.208315      2.270673      0.368320
  H      -3.621232      2.826047     -0.054313
  N       7.251306      3.584570     -1.358012
  O       7.598935      4.652243     -1.679112
  O       6.531425      2.972417     -0.669563
17
Coordinates from ORCA-job opt2 E -491.772342085732
  C      -3.853381      0.769012      0.046261
  C      -4.739276     -0.320180      0.308520
  C      -4.278448     -1.620804      0.223488
  C      -2.937826     -1.882794     -0.122373
  C      -2.057629     -0.814646     -0.383580
  C      -2.496168      0.494417     -0.302444
  H      -5.778705     -0.114177      0.575447
  H      -4.960580     -2.449280      0.425901
  H      -2.581955     -2.912931     -0.188414
  H      -1.019069     -1.020249     -0.652116
  H      -1.811390      1.322169     -0.503111
  N      -4.295686      2.040240      0.128587
  H      -5.258384      2.246337      0.372545
  H      -3.681705      2.825082     -0.058965
  N       7.323635      3.581103     -1.370311
  O       7.701545      4.651327     -1.645922
  O       6.579259      2.965083     -0.711491
17
Coordinates from ORCA-job opt2 E -491.772414528425
  C      -3.885269      0.765802      0.047326
  C      -4.750081     -0.339334      0.315546
  C      -4.265422     -1.631124      0.231203
  C      -2.921368     -1.868673     -0.119541
  C      -2.061822     -0.785079     -0.386914
  C      -2.524259      0.515563     -0.306687
  H      -5.792059     -0.151989      0.586217
  H      -4.931024     -2.471875      0.438008
  H      -2.546896     -2.892241     -0.185238
  H      -1.020760     -0.972040     -0.659181
  H      -1.856278      1.355743     -0.512602
  N      -4.350077      2.028387      0.129115
  H      -5.315307      2.217704      0.376805
  H      -3.751064      2.823918     -0.062147
  N       7.396479      3.569427     -1.382493
  O       7.805600      4.638658     -1.613408
  O       6.623848      2.956864     -0.753988
17
Coordinates from ORCA-job opt2 E -491.772479158135
  C      -3.920007      0.762478      0.048352
  C      -4.759324     -0.360925      0.322783
  C      -4.246493     -1.641778      0.239175
  C      -2.898876     -1.850231     -0.116659
  C      -2.064257     -0.748693     -0.390255
  C      -2.555106      0.541276     -0.310994
  H      -5.803971     -0.195589      0.597467
  H      -4.892077     -2.496835      0.450678
  H      -2.502352     -2.865515     -0.181689
  H      -1.020383     -0.913509     -0.666378
  H      -1.907785      1.396178     -0.521950
  N      -4.411469      2.014622      0.129259
  H      -5.379386      2.184193      0.380838
  H      -3.830382      2.822517     -0.065701
  N       7.467259      3.552264     -1.395187
  O       7.917319      4.614871     -1.572913
  O       6.661532      2.944385     -0.804806
17
Coordinates from ORCA-job opt2 E -491.772540899973
  C      -3.958797      0.759264      0.049195
  C      -4.765177     -0.386710      0.329762
  C      -4.216321     -1.652539      0.247046
  C      -2.864641     -1.823260     -0.113638
  C      -2.062113     -0.699441     -0.393420
  C      -2.589355      0.575646     -0.315131
  H      -5.812859     -0.249525      0.608338
  H      -4.835622     -2.525652      0.463241
  H      -2.439969     -2.827181     -0.177581
  H      -1.014994     -0.836050     -0.673031
  H      -1.969811      1.449667     -0.530734
  N      -4.484067      1.997334      0.128825
  H      -5.455017      2.141927      0.384374
  H      -3.925917      2.820587     -0.069164
  N       7.531367      3.521576     -1.408368
  O       8.034226      4.568919     -1.520609
  O       6.683307      2.925149     -0.867084
17
Coordinates from ORCA-job opt2 E -491.772584904966
  C      -3.993221      0.753257      0.050556
  C      -4.772406     -0.410064      0.333742
  C      -4.193746     -1.662156      0.250716
  C      -2.839511     -1.800098     -0.112062
  C      -2.062117     -0.658721     -0.392932
  C      -2.619479      0.603926     -0.315299
  H      -5.822219     -0.294517      0.613989
  H      -4.788715     -2.551652      0.468238
  H      -2.391756     -2.794065     -0.174456
  H      -1.014326     -0.774790     -0.672495
  H      -2.028636      1.498202     -0.530617
  N      -4.546499      1.979481      0.127609
  H      -5.519154      2.105857      0.386306
  H      -4.006866      2.815532     -0.068193
  N       7.594736      3.499133     -1.414850
  O       8.150607      4.522215     -1.492953
  O       6.707549      2.928168     -0.915279
17
Coordinates from ORCA-job opt2 E -491.772639281830
  C      -4.026015      0.749848      0.052041
  C      -4.779199     -0.430110      0.337331
  C      -4.173104     -1.669537      0.255468
  C      -2.816066     -1.778572     -0.108402
  C      -2.065061     -0.620474     -0.392479
  C      -2.650281      0.628285     -0.315614
  H      -5.831212     -0.338405      0.618192
  H      -4.749495     -2.570919      0.474300
  H      -2.346701     -2.762482     -0.171312
  H      -1.013322     -0.712789     -0.673898
  H      -2.078498      1.532930     -0.534492
  N      -4.605670      1.963721      0.129453
  H      -5.580713      2.067883      0.389048
  H      -4.084683      2.810894     -0.068972
  N       7.661321      3.479960     -1.427854
  O       8.249377      4.487698     -1.459519
  O       6.743562      2.921778     -0.961272
17
Coordinates from ORCA-job opt2 E -491.772686397051
  C      -4.035510      0.746961      0.053946
  C      -4.790471     -0.431763      0.339282
  C      -4.187227     -1.672931      0.257042
  C      -2.830429     -1.785462     -0.107151
  C      -2.078009     -0.628318     -0.390093
  C      -2.660445      0.622704     -0.313845
  H      -5.842512     -0.339404      0.619882
  H      -4.767193     -2.572227      0.475226
  H      -2.363062     -2.770191     -0.171743
  H      -1.026188     -0.721438     -0.672530
  H      -2.083317      1.523836     -0.534804
  N      -4.614405      1.961594      0.131463
  H      -5.589628      2.064912      0.390583
  H      -4.093029      2.808035     -0.068769
  N       7.714277      3.501302     -1.433891
  O       8.300108      4.511256     -1.468482
  O       6.801282      2.940845     -0.964096
17
Coordinates from ORCA-job opt2 E -491.772730614165
  C      -4.051953      0.742644      0.055386
  C      -4.801522     -0.439302      0.340550
  C      -4.193057     -1.677801      0.258155
  C      -2.835891     -1.784426     -0.105837
  C      -2.088615     -0.623876     -0.388197
  C      -2.676436      0.625264     -0.312249
  H      -5.853909     -0.352021      0.621460
  H      -4.769332     -2.579386      0.476627
  H      -2.363993     -2.766992     -0.170010
  H      -1.037084     -0.712076     -0.670196
  H      -2.102335      1.528695     -0.532734
  N      -4.637011      1.954582      0.132914
  H      -5.612734      2.052538      0.392094
  H      -4.119902      2.803591     -0.067416
  N       7.773836      3.512782     -1.439939
  O       8.369686      4.516602     -1.471460
  O       6.854492      2.958894     -0.977128
17
Coordinates from ORCA-job opt2 E -491.772773007565
  C      -4.070149      0.738442      0.056741
  C      -4.812409     -0.448075      0.341816
  C      -4.196553     -1.682837      0.259639
  C      -2.838766     -1.781275     -0.104164
  C      -2.098796     -0.616158     -0.386737
  C      -2.694107      0.629656     -0.310908
  H      -5.865306     -0.367819      0.622907
  H      -4.767832     -2.587485      0.478539
  H      -2.360584     -2.760834     -0.167674
  H      -1.046846     -0.697152     -0.668382
  H      -2.123904      1.535640     -0.530826
  N      -4.663032      1.946641      0.134636
  H      -5.639437      2.037508      0.393745
  H      -4.151502      2.798897     -0.066155
  N       7.835076      3.521233     -1.447179
  O       8.441112      4.518926     -1.470792
  O       6.907274      2.974403     -0.993189
17
Coordinates from ORCA-job opt2 E -491.772815705139
  C      -4.089667      0.734051      0.058132
  C      -4.823155     -0.457997      0.343096
  C      -4.198138     -1.688092      0.261237
  C      -2.839639     -1.776330     -0.102365
  C      -2.108361     -0.605838     -0.385231
  C      -2.712854      0.635549     -0.309403
  H      -5.876677     -0.385808      0.624029
  H      -4.762862     -2.596792      0.480321
  H      -2.353919     -2.752234     -0.165142
  H      -1.055722     -0.678327     -0.666425
  H      -2.148193      1.545197     -0.528305
  N      -4.691531      1.937750      0.136180
  H      -5.668661      2.020938      0.395123
  H      -4.186419      2.793776     -0.064804
  N       7.896960      3.527017     -1.454831
  O       8.514015      4.518013     -1.468289
  O       6.959062      2.988837     -1.011303
17
Coordinates from ORCA-job opt2 E -491.772858187713
  C      -4.109540      0.729485      0.059657
  C      -4.833718     -0.468257      0.344713
  C      -4.198931     -1.693368      0.263080
  C      -2.839785     -1.770767     -0.100503
  C      -2.117612     -0.594684     -0.383513
  C      -2.731887      0.641759     -0.307731
  H      -5.887829     -0.404094      0.625363
  H      -4.756252     -2.606637      0.482122
  H      -2.346353     -2.742833     -0.163025
  H      -1.064265     -0.658789     -0.664501
  H      -2.174360      1.555879     -0.526060
  N      -4.720649      1.928479      0.137392
  H      -5.698392      2.004383      0.396273
  H      -4.222137      2.788368     -0.063593
  N       7.958527      3.532162     -1.462649
  O       8.587457      4.515765     -1.464146
  O       7.009964      3.002860     -1.030859
17
Coordinates from ORCA-job opt2 E -491.772900909223
  C      -4.130362      0.724964      0.061225
  C      -4.843863     -0.479314      0.346288
  C      -4.197913     -1.698663      0.264909
  C      -2.838036     -1.763780     -0.098506
  C      -2.126302     -0.581359     -0.381467
  C      -2.751788      0.649314     -0.305766
  H      -5.898577     -0.424212      0.626581
  H      -4.746682     -2.617105      0.483894
  H      -2.335945     -2.731423     -0.160930
  H      -1.072240     -0.635826     -0.662287
  H      -2.202453      1.568497     -0.523753
  N      -4.751860      1.918466      0.138483
  H      -5.730278      1.986265      0.397097
  H      -4.260806      2.782672     -0.062448
  N       8.019852      3.535291     -1.471376
  O       8.660927      4.510789     -1.457243
  O       7.060567      3.015135     -1.052681
17
Coordinates from ORCA-job opt2 E -491.772941638952
  C      -4.149967      0.720292      0.062792
  C      -4.853887     -0.489375      0.348243
  C      -4.198231     -1.703548      0.267022
  C      -2.837926     -1.758043     -0.096513
  C      -2.135445     -0.570069     -0.379481
  C      -2.770793      0.655403     -0.304012
  H      -5.908984     -0.442188      0.628523
  H      -4.739383     -2.626506      0.486002
  H      -2.328451     -2.721785     -0.159196
  H      -1.080962     -0.616908     -0.660474
  H      -2.230161      1.579463     -0.522705
  N      -4.780838      1.908980      0.139383
  H      -5.759678      1.969705      0.398142
  H      -4.296484      2.776980     -0.061480
  N       8.080056      3.541381     -1.479946
  O       8.734510      4.507727     -1.449636
  O       7.110864      3.028200     -1.074644
17
Coordinates from ORCA-job opt2 E -491.772983602756
  C      -4.171706      0.715786      0.064278
  C      -4.863216     -0.501244      0.349574
  C      -4.194889     -1.708543      0.268799
  C      -2.833875     -1.749149     -0.094220
  C      -2.143560     -0.554023     -0.377033
  C      -2.791728      0.664624     -0.301739
  H      -5.918845     -0.464781      0.629430
  H      -4.726434     -2.637074      0.487751
  H      -2.314577     -2.707656     -0.156652
  H      -1.088496     -0.589734     -0.657714
  H      -2.260568      1.594245     -0.520355
  N      -4.814513      1.897895      0.140353
  H      -5.794055      1.948951      0.398542
  H      -4.338814      2.770723     -0.060376
  N       8.140347      3.542951     -1.490547
  O       8.808189      4.498855     -1.437466
  O       7.160982      3.037885     -1.100607
17
Coordinates from ORCA-job opt2 E -491.773023783181
  C      -4.192441      0.711096      0.065716
  C      -4.872497     -0.512342      0.350948
  C      -4.192704     -1.713210      0.270625
  C      -2.831229     -1.741117     -0.091852
  C      -2.152106     -0.539530     -0.374505
  C      -2.811902      0.672814     -0.299585
  H      -5.928530     -0.485881      0.630390
  H      -4.715546     -2.646709      0.489437
  H      -2.302992     -2.694734     -0.154024
  H      -1.096695     -0.565500     -0.654833
  H      -2.290174      1.607689     -0.518324
  N      -4.846394      1.887137      0.141218
  H      -5.826464      1.929083      0.399008
  H      -4.378758      2.764369     -0.059276
  N       8.199764      3.546978     -1.501241
  O       8.882045      4.491044     -1.424874
  O       7.210863      3.048523     -1.126808
17
Coordinates from ORCA-job opt2 E -491.773061977634
  C      -4.209923      0.706713      0.067056
  C      -4.882571     -0.520716      0.352505
  C      -4.195699     -1.717516      0.272555
  C      -2.834077     -1.737505     -0.089656
  C      -2.162283     -0.531881     -0.372465
  C      -2.829202      0.676991     -0.298189
  H      -5.938768     -0.500860      0.631854
  H      -4.713344     -2.653891      0.491479
  H      -2.300127     -2.687945     -0.151547
  H      -1.106970     -0.551400     -0.652660
  H      -2.312654      1.614752     -0.517297
  N      -4.871216      1.878748      0.142381
  H      -5.851557      1.914341      0.400032
  H      -4.408975      2.758776     -0.058317
  N       8.257805      3.556872     -1.511164
  O       8.950825      4.491355     -1.415754
  O       7.262977      3.062876     -1.148792
17
Coordinates from ORCA-job opt2 E -491.773099251805
  C      -4.232493      0.701661      0.068321
  C      -4.891140     -0.533544      0.352834
  C      -4.189988     -1.722123      0.273691
  C      -2.827763     -1.725918     -0.086925
  C      -2.169824     -0.512551     -0.369323
  C      -2.851183      0.687806     -0.295580
  H      -5.947798     -0.526187      0.631029
  H      -4.696746     -2.664535      0.492151
  H      -2.282467     -2.669973     -0.147775
  H      -1.113770     -0.519533     -0.648073
  H      -2.346031      1.631800     -0.513465
  N      -4.907126      1.866052      0.143260
  H      -5.888051      1.890396      0.399976
  H      -4.454653      2.751333     -0.056626
  N       8.317176      3.556813     -1.522845
  O       9.025218      4.476699     -1.401050
  O       7.310881      3.071515     -1.177579
17
Coordinates from ORCA-job opt2 E -491.773134057570
  C      -4.245528      0.697492      0.069536
  C      -4.902434     -0.538268      0.354885
  C      -4.200062     -1.726046      0.275860
  C      -2.838123     -1.728169     -0.085269
  C      -2.182042     -0.514070     -0.368578
  C      -2.864507      0.686191     -0.295647
  H      -5.958942     -0.532340      0.633674
  H      -4.705868     -2.668835      0.494897
  H      -2.291460     -2.671443     -0.145834
  H      -1.126361     -0.519740     -0.647529
  H      -2.359841      1.630384     -0.514273
  N      -4.922073      1.860969      0.144852
  H      -5.902832      1.883466      0.402329
  H      -4.471177      2.746873     -0.055740
  N       8.373803      3.573555     -1.529720
  O       9.087360      4.488215     -1.399942
  O       7.364326      3.091474     -1.191481
17
Coordinates from ORCA-job opt2 E -491.773167885363
  C      -4.260869      0.693159      0.070822
  C      -4.913192     -0.544852      0.356697
  C      -4.206563     -1.730158      0.277810
  C      -2.844735     -1.727264     -0.083589
  C      -2.193260     -0.510876     -0.367535
  C      -2.880014      0.687116     -0.295179
  H      -5.969634     -0.542637      0.635778
  H      -4.708932     -2.674698      0.497203
  H      -2.294439     -2.668453     -0.143794
  H      -1.137531     -0.512695     -0.646402
  H      -2.378345      1.632815     -0.514226
  N      -4.941685      1.854200      0.146352
  H      -5.922383      1.873074      0.404339
  H      -4.494157      2.741703     -0.054678
  N       8.431657      3.585778     -1.536827
  O       9.151192      4.494428     -1.398013
  O       7.417133      3.109071     -1.206738
17
Coordinates from ORCA-job opt2 E -491.773201024202
  C      -4.275775      0.688929      0.072185
  C      -4.923962     -0.551077      0.358860
  C      -4.213582     -1.734203      0.279886
  C      -2.851964     -1.726902     -0.082250
  C      -2.204566     -0.508536     -0.366970
  C      -2.895178      0.687306     -0.294887
  H      -5.980249     -0.551872      0.638530
  H      -4.712664     -2.680369      0.499761
  H      -2.298534     -2.666266     -0.142332
  H      -1.148813     -0.507189     -0.646069
  H      -2.396378      1.634374     -0.514623
  N      -4.960213      1.847832      0.147849
  H      -5.940761      1.863862      0.406607
  H      -4.515655      2.736697     -0.053752
  N       8.489396      3.597756     -1.542540
  O       9.213201      4.502255     -1.398974
  O       7.469936      3.127112     -1.219262
17
Coordinates from ORCA-job opt2 E -491.773228951408
  C      -4.293183      0.684708      0.073720
  C      -4.934321     -0.559125      0.361449
  C      -4.217056     -1.738925      0.282076
  C      -2.855454     -1.723582     -0.080992
  C      -2.214986     -0.501845     -0.366265
  C      -2.912943      0.689734     -0.295160
  H      -5.990527     -0.564111      0.641389
  H      -4.709829     -2.688364      0.502004
  H      -2.296234     -2.659613     -0.140666
  H      -1.158042     -0.494488     -0.645041
  H      -2.418144      1.638752     -0.516352
  N      -4.982893      1.840126      0.149508
  H      -5.963213      1.852752      0.409490
  H      -4.542954      2.731089     -0.053058
  N       8.547455      3.605183     -1.549476
  O       9.274521      4.505166     -1.395306
  O       7.522043      3.142253     -1.235299
17
Coordinates from ORCA-job opt2 E -491.773264927470
  C      -4.303301      0.680875      0.074959
  C      -4.945394     -0.561785      0.363685
  C      -4.229974     -1.741643      0.284268
  C      -2.869075     -1.728577     -0.080265
  C      -2.227541     -0.507497     -0.366979
  C      -2.923387      0.685233     -0.294366
  H      -6.001145     -0.566917      0.645342
  H      -4.724366     -2.689913      0.505681
  H      -2.311682     -2.665548     -0.140824
  H      -1.172342     -0.502367     -0.647663
  H      -2.429477      1.634429     -0.515712
  N      -4.992979      1.836694      0.150792
  H      -5.973107      1.848580      0.411318
  H      -4.552839      2.727461     -0.052123
  N       8.603313      3.622902     -1.550437
  O       9.332325      4.523516     -1.408916
  O       7.575210      3.164267     -1.236740
17
Coordinates from ORCA-job opt2 E -491.773296058770
  C      -4.316011      0.677092      0.076377
  C      -4.956525     -0.566101      0.366698
  C      -4.240097     -1.745454      0.286820
  C      -2.879678     -1.731230     -0.079646
  C      -2.239678     -0.509706     -0.367796
  C      -2.936646      0.682437     -0.294990
  H      -6.011896     -0.571703      0.649781
  H      -4.733131     -2.694177      0.509320
  H      -2.321400     -2.667668     -0.140466
  H      -1.184613     -0.503900     -0.649642
  H      -2.443441      1.631758     -0.517696
  N      -5.006568      1.832310      0.152526
  H      -5.986321      1.843730      0.414497
  H      -4.567547      2.723359     -0.051586
  N       8.660023      3.636950     -1.553292
  O       9.389216      4.537989     -1.415749
  O       7.628554      3.184024     -1.243134
17
Coordinates from ORCA-job opt2 E -491.773326579233
  C      -4.328493      0.673324      0.077785
  C      -4.967633     -0.570260      0.369699
  C      -4.250420     -1.749164      0.289372
  C      -2.890510     -1.734076     -0.079065
  C      -2.251841     -0.512208     -0.368698
  C      -2.949676      0.679441     -0.295552
  H      -6.022605     -0.576306      0.654259
  H      -4.742328     -2.698205      0.513022
  H      -2.331579     -2.670110     -0.140210
  H      -1.197031     -0.505928     -0.651845
  H      -2.457230      1.628895     -0.519528
  N      -5.019795      1.828046      0.154242
  H      -5.999179      1.839018      0.417612
  H      -4.581760      2.719313     -0.051033
  N       8.716613      3.651163     -1.555751
  O       9.445821      4.552954     -1.423532
  O       7.681887      3.203812     -1.248758
17
Coordinates from ORCA-job opt2 E -491.773326543024
  C      -4.327580      0.673487      0.077780
  C      -4.967614     -0.569551      0.369929
  C      -4.251378     -1.748930      0.289527
  C      -2.891618     -1.735113     -0.079331
  C      -2.252040     -0.513756     -0.369233
  C      -2.948827      0.678443     -0.295656
  H      -6.022508     -0.575086      0.654838
  H      -4.744143     -2.697448      0.513481
  H      -2.333632     -2.671670     -0.140716
  H      -1.197545     -0.508321     -0.653007
  H      -2.456120      1.627717     -0.519650
  N      -5.018058      1.828732      0.154249
  H      -5.997398      1.840208      0.417712
  H      -4.579381      2.719653     -0.051119
  N       8.716143      3.651656     -1.554116
  O       9.444360      4.554959     -1.426843
  O       7.681580      3.204732     -1.245825
17
Coordinates from ORCA-job opt2 E -491.773326433225
  C      -4.326880      0.673670      0.077840
  C      -4.967485     -0.568983      0.370307
  C      -4.251851     -1.748699      0.289782
  C      -2.892232     -1.735825     -0.079679
  C      -2.252087     -0.514831     -0.369926
  C      -2.948196      0.677576     -0.295799
  H      -6.022270     -0.574340      0.655579
  H      -4.745226     -2.696826      0.514092
  H      -2.334963     -2.672792     -0.141369
  H      -1.197880     -0.509749     -0.654626
  H      -2.455617      1.626870     -0.519855
  N      -5.016666      1.829333      0.154282
  H      -5.995984      1.841156      0.417824
  H      -4.577476      2.719959     -0.051296
  N       8.715695      3.651276     -1.552049
  O       9.442430      4.556558     -1.430581
  O       7.680927      3.205357     -1.242504
