18
Coordinates from ORCA-job p_p_opt_8
  C   -5.70576501288572      1.00282447746691      0.31942148754887
  C   -6.68089553905207      1.61234494557284     -0.48687098234998
  C   -7.25074310163807      0.93928093253552     -1.56591894314115
  C   -6.83617002583815     -0.36368864878120     -1.83648393617461
  C   -5.87102843803657     -1.00323648736589     -1.05699007847794
  C   -5.31391848921637     -0.31355871591645      0.01542801338203
  C   -5.07681135458112      1.73837187538676      1.47259891741352
  H   -5.03237531428774      1.10642578114396      2.37349136893747
  H   -5.63026065150370      2.65504841785642      1.72156495939068
  H   -4.03979940291718      2.02854864889574      1.23151032047501
  H   -7.00098881055549      2.63312298825194     -0.26434750163539
  H   -8.00807171826902      1.40132834118156     -2.19797655294026
  H   -5.57720598046775     -2.02322264876755     -1.30160540381412
  H   -4.55880147573897     -0.80571895380426      0.63374599344568
  N   -7.43497216098776     -1.08559785206587     -2.97115745928310
  O   -7.05860109367580     -2.22932654984658     -3.17820668851163
  O   -8.27334479975129     -0.49922269643195     -3.63860572384908
  H   -14.50959663059677     -8.60978385531186    -11.72456779041592
