18
Coordinates from ORCA-job p_p_opt_8 E -475.744804936313
  C      -5.698331      1.006861      0.334852
  C      -6.616805      1.670812     -0.513908
  C      -7.186193      1.020456     -1.580915
  C      -6.824706     -0.314265     -1.811766
  C      -5.917458     -1.009993     -1.003189
  C      -5.365665     -0.347975      0.064237
  C      -5.073057      1.708404      1.479810
  H      -5.065278      1.077164      2.373245
  H      -5.556837      2.656751      1.703196
  H      -4.016019      1.911363      1.254476
  H      -6.871560      2.702503     -0.311759
  H      -7.897677      1.504854     -2.234411
  H      -5.671206     -2.037251     -1.230950
  H      -4.666182     -0.858185      0.713523
  N      -7.426084     -1.010687     -2.943604
  O      -6.705423     -1.753613     -3.583980
  O      -8.604984     -0.795037     -3.159763
  H     -14.695885     -8.948221    -12.004063
18
Coordinates from ORCA-job p_p_opt_8 E -475.748264095636
  C      -5.692634      1.009459      0.340495
  C      -6.614609      1.660164     -0.501282
  C      -7.199646      1.000045     -1.574754
  C      -6.834524     -0.323436     -1.820914
  C      -5.915843     -1.002434     -1.018646
  C      -5.363020     -0.334214      0.064464
  C      -5.054044      1.723832      1.493810
  H      -5.045850      1.096623      2.399123
  H      -5.550894      2.676461      1.721438
  H      -3.995045      1.942751      1.267047
  H      -6.876030      2.700851     -0.295706
  H      -7.930229      1.484946     -2.222380
  H      -5.654918     -2.034201     -1.254972
  H      -4.653238     -0.849121      0.716776
  N      -7.437895     -1.024681     -2.958676
  O      -6.747772     -1.856688     -3.526390
  O      -8.586845     -0.735511     -3.255875
  H     -14.706315     -8.950907    -12.028528
18
Coordinates from ORCA-job p_p_opt_8 E -475.749513123293
  C      -5.689944      1.010762      0.341423
  C      -6.621284      1.650519     -0.490639
  C      -7.207648      0.985702     -1.569274
  C      -6.833300     -0.329862     -1.825704
  C      -5.904442     -0.996976     -1.028639
  C      -5.349962     -0.322998      0.058283
  C      -5.050609      1.732780      1.500364
  H      -5.040538      1.106930      2.407986
  H      -5.566652      2.676622      1.733038
  H      -3.996713      1.975322      1.274346
  H      -6.895311      2.689409     -0.282541
  H      -7.950975      1.466136     -2.207902
  H      -5.630150     -2.025237     -1.270468
  H      -4.632182     -0.837687      0.705016
  N      -7.436257     -1.035022     -2.965347
  O      -6.800154     -1.963648     -3.442053
  O      -8.530315     -0.659021     -3.358364
  H     -14.722914     -8.939792    -12.034492
18
Coordinates from ORCA-job p_p_opt_8 E -475.750272460110
  C      -5.687678      1.013333      0.339762
  C      -6.633298      1.642636     -0.482494
  C      -7.219463      0.971799     -1.559275
  C      -6.833578     -0.339490     -1.820735
  C      -5.891407     -0.995877     -1.030036
  C      -5.333742     -0.314876      0.052462
  C      -5.047648      1.743567      1.496182
  H      -5.030658      1.119803      2.404708
  H      -5.580626      2.677257      1.732444
  H      -4.000794      2.006692      1.264927
  H      -6.920577      2.677712     -0.274909
  H      -7.971212      1.445871     -2.191839
  H      -5.607687     -2.020501     -1.273213
  H      -4.604891     -0.825479      0.689451
  N      -7.436459     -1.049446     -2.959734
  O      -6.870131     -2.060602     -3.350008
  O      -8.460020     -0.593286     -3.445155
  H     -14.729481     -8.915175    -12.047507
18
Coordinates from ORCA-job p_p_opt_8 E -475.750752809597
  C      -5.688874      1.014828      0.338863
  C      -6.647491      1.636203     -0.476015
  C      -7.224954      0.964272     -1.554598
  C      -6.825299     -0.343322     -1.821005
  C      -5.872341     -0.992119     -1.035314
  C      -5.316169     -0.307689      0.043594
  C      -5.056482      1.747122      1.496218
  H      -5.031661      1.119283      2.400950
  H      -5.605573      2.669122      1.738343
  H      -4.015814      2.029638      1.263412
  H      -6.951990      2.664411     -0.264262
  H      -7.980388      1.432877     -2.184921
  H      -5.582157     -2.013630     -1.279214
  H      -4.577109     -0.813426      0.670938
  N      -7.427429     -1.058084     -2.958571
  O      -6.944436     -2.139412     -3.262480
  O      -8.368420     -0.532993     -3.532510
  H     -14.742763     -8.893143    -12.038397
18
Coordinates from ORCA-job p_p_opt_8 E -475.750929923355
  C      -5.691516      1.015291      0.336774
  C      -6.661988      1.628805     -0.471641
  C      -7.233989      0.955769     -1.550036
  C      -6.823789     -0.348812     -1.819767
  C      -5.861984     -0.991141     -1.038514
  C      -5.304846     -0.302868      0.035274
  C      -5.061977      1.750039      1.491313
  H      -5.024647      1.119085      2.393057
  H      -5.619322      2.664928      1.739142
  H      -4.025912      2.043839      1.252566
  H      -6.978976      2.651717     -0.255329
  H      -7.990527      1.420410     -2.180941
  H      -5.568277     -2.011102     -1.282550
  H      -4.554438     -0.801593      0.653815
  N      -7.423906     -1.067550     -2.956418
  O      -7.019035     -2.196689     -3.190538
  O      -8.288137     -0.494101     -3.600737
  H     -14.726083     -8.852085    -12.010439
18
Coordinates from ORCA-job p_p_opt_8 E -475.750975388957
  C      -5.694840      1.012698      0.333614
  C      -6.666917      1.625197     -0.474012
  C      -7.237809      0.953006     -1.553118
  C      -6.826104     -0.350894     -1.823686
  C      -5.863357     -0.992784     -1.043304
  C      -5.306437     -0.304742      0.030415
  C      -5.065671      1.746869      1.487940
  H      -5.024573      1.114529      2.388591
  H      -5.621614      2.662045      1.737302
  H      -4.029425      2.039776      1.247955
  H      -6.985375      2.647116     -0.254928
  H      -7.993795      1.417441     -2.184935
  H      -5.570310     -2.013023     -1.287562
  H      -4.554375     -0.801640      0.648511
  N      -7.425152     -1.070270     -2.959969
  O      -7.033196     -2.206081     -3.181702
  O      -8.277880     -0.490289     -3.614313
  H     -14.682523     -8.805013    -11.951770
18
Coordinates from ORCA-job p_p_opt_8 E -475.751011840285
  C      -5.698053      1.010365      0.330389
  C      -6.671577      1.621527     -0.476638
  C      -7.241495      0.949758     -1.556399
  C      -6.828564     -0.353653     -1.827375
  C      -5.864936     -0.994780     -1.047369
  C      -5.307991     -0.306401      0.026019
  C      -5.069088      1.744545      1.484345
  H      -5.024180      1.111322      2.384281
  H      -5.623225      2.660415      1.734781
  H      -4.032481      2.036014      1.243141
  H      -6.991048      2.642644     -0.254786
  H      -7.997592      1.413432     -2.188723
  H      -5.572073     -2.015046     -1.291886
  H      -4.554324     -0.800870      0.644264
  N      -7.427199     -1.074143     -2.963080
  O      -7.046199     -2.215286     -3.175307
  O      -8.270147     -0.488888     -3.625741
  H     -14.639177     -8.757016    -11.894886
18
Coordinates from ORCA-job p_p_opt_8 E -475.751043934126
  C      -5.700730      1.007748      0.326892
  C      -6.674631      1.618544     -0.479938
  C      -7.244558      0.946651     -1.559648
  C      -6.831215     -0.356607     -1.830685
  C      -5.867282     -0.997455     -1.050796
  C      -5.310280     -0.308908      0.022450
  C      -5.071687      1.742132      1.480666
  H      -5.026078      1.108969      2.380635
  H      -5.625234      2.658342      1.731084
  H      -4.034910      2.032992      1.239232
  H      -6.994047      2.639561     -0.257441
  H      -8.000965      1.409918     -2.191918
  H      -5.574262     -2.017650     -1.295544
  H      -4.556219     -0.802561      0.640899
  N      -7.429853     -1.077484     -2.966173
  O      -7.051162     -2.219776     -3.176254
  O      -8.270734     -0.491445     -3.630814
  H     -14.595502     -8.709031    -11.837618
18
Coordinates from ORCA-job p_p_opt_8 E -475.751076035996
  C      -5.703437      1.005149      0.323394
  C      -6.677759      1.615530     -0.483217
  C      -7.247688      0.943500     -1.562881
  C      -6.833861     -0.359574     -1.834000
  C      -5.869591     -1.000107     -1.054236
  C      -5.312538     -0.311377      0.018866
  C      -5.074318      1.739761      1.476976
  H      -5.027908      1.106663      2.376980
  H      -5.627174      2.656371      1.727371
  H      -4.037335      2.029906      1.235297
  H      -6.997100      2.636433     -0.259960
  H      -8.004460      1.406294     -2.195086
  H      -5.576372     -2.020212     -1.299270
  H      -4.558031     -0.804080      0.637567
  N      -7.432487     -1.080890     -2.969260
  O      -7.056444     -2.224489     -3.176890
  O      -8.270978     -0.493961     -3.636184
  H     -14.551871     -8.660978    -11.780434
18
Coordinates from ORCA-job p_p_opt_8 E -475.751109008262
  C      -5.706006      1.002539      0.319774
  C      -6.680460      1.612691     -0.486787
  C      -7.250645      0.940303     -1.566171
  C      -6.836589     -0.362723     -1.837117
  C      -5.872104     -1.003004     -1.057381
  C      -5.315000     -0.314044      0.015571
  C      -5.076722      1.737518      1.473129
  H      -5.030386      1.104846      2.373461
  H      -5.628954      2.654635      1.723032
  H      -4.039471      2.026823      1.231483
  H      -6.999357      2.633697     -0.263310
  H      -8.007832      1.402642     -2.198238
  H      -5.578664     -2.023026     -1.302594
  H      -4.560382     -0.806064      0.634696
  N      -7.435392     -1.084376     -2.972112
  O      -7.058785     -2.227797     -3.180014
  O      -8.274468     -0.498055     -3.638815
  H     -14.508134     -8.612665    -11.723578
18
Coordinates from ORCA-job p_p_opt_8 E -475.751109356662
  C      -5.705809      1.002681      0.319431
  C      -6.680741      1.612457     -0.486836
  C      -7.250824      0.939432     -1.565858
  C      -6.836360     -0.363565     -1.836461
  C      -5.871295     -1.003295     -1.056959
  C      -5.314155     -0.313815      0.015584
  C      -5.076640      1.738278      1.472579
  H      -5.031517      1.106263      2.373401
  H      -5.629999      2.654932      1.721819
  H      -4.039676      2.028503      1.231256
  H      -7.000131      2.633396     -0.264034
  H      -8.008303      1.401395     -2.197808
  H      -5.577476     -2.023201     -1.301898
  H      -4.559269     -0.805752      0.634360
  N      -7.435381     -1.085335     -2.971256
  O      -7.059101     -2.229102     -3.178818
  O      -8.273559     -0.498843     -3.638779
  H     -14.509115     -8.610489    -11.724691
18
Coordinates from ORCA-job p_p_opt_8 E -475.751109447049
  C      -5.705790      1.002708      0.319433
  C      -6.680797      1.612437     -0.486842
  C      -7.250690      0.939493     -1.565949
  C      -6.836217     -0.363500     -1.836554
  C      -5.871199     -1.003238     -1.057052
  C      -5.314057     -0.313722      0.015439
  C      -5.076785      1.738160      1.472665
  H      -5.032089      1.106091      2.373460
  H      -5.630264      2.654761      1.721831
  H      -4.039813      2.028446      1.231516
  H      -7.000612      2.633265     -0.264152
  H      -8.007985      1.401591     -2.198005
  H      -5.577479     -2.023220     -1.301810
  H      -4.559068     -0.805873      0.633915
  N      -7.435054     -1.085259     -2.971327
  O      -7.058688     -2.228986     -3.178522
  O      -8.273419     -0.498869     -3.638757
  H     -14.509344     -8.610344    -11.724260
18
Coordinates from ORCA-job p_p_opt_8 E -475.751109448263
  C      -5.705765      1.002824      0.319421
  C      -6.680896      1.612345     -0.486871
  C      -7.250743      0.939281     -1.565919
  C      -6.836170     -0.363689     -1.836484
  C      -5.871028     -1.003236     -1.056990
  C      -5.313918     -0.313559      0.015428
  C      -5.076811      1.738372      1.472599
  H      -5.032375      1.106426      2.373491
  H      -5.630261      2.655048      1.721565
  H      -4.039799      2.028549      1.231510
  H      -7.000989      2.633123     -0.264348
  H      -8.008072      1.401328     -2.197977
  H      -5.577206     -2.023223     -1.301605
  H      -4.558801     -0.805719      0.633746
  N      -7.434972     -1.085598     -2.971157
  O      -7.058601     -2.229327     -3.178207
  O      -8.273345     -0.499223     -3.638606
  H     -14.509597     -8.609784    -11.724568
