18
Coordinates from ORCA-job neb_orto_educts_ts_MEP_ALL E -475.663166774593
  C       0.282504      0.587724      3.016425
  C      -0.242160      0.906397      1.738144
  C       0.007265      0.087490      0.647154
  C       0.791740     -1.075227      0.803298
  C       1.323019     -1.407891      2.065932
  C       1.072361     -0.590001      3.154780
  C       0.025713      1.457100      4.200688
  H       0.975931      1.865044      4.593518
  H      -0.410616      0.870642      5.029391
  H      -0.643200      2.296763      3.969193
  H      -0.848017      1.808060      1.622176
  H      -0.402223      0.337747     -0.333945
  H       0.987268     -1.719181     -0.057691
  H       1.928231     -2.309645      2.181531
  H       1.478961     -0.843180      4.137118
  N      -2.180812     -0.930741    -12.296400
  O      -1.885807     -0.993276    -11.178936
  O      -2.260159     -0.347826    -13.292376
18
Coordinates from ORCA-job neb_orto_educts_ts_MEP_ALL E -475.283980349288
  C       0.401582      0.682055      2.622779
  C      -0.465565      0.755653      1.491455
  C      -0.393518     -0.267929      0.523240
  C       0.409319     -1.413117      0.766160
  C       1.087929     -1.573589      2.007908
  C       1.175213     -0.489176      2.878620
  C       0.122531      1.684941      3.658519
  H       0.877943      1.521782      4.917084
  H      -0.761431      0.850142      4.562818
  H      -0.939838      2.305865      3.482254
  H      -0.428448      1.974055      1.123104
  H       0.044433      0.480846     -0.655628
  H       1.381101     -1.467035     -0.356144
  H       2.145321     -2.099183      2.036897
  H       1.290151     -0.966532      3.952406
  N      -2.074317     -0.846051    -11.040669
  O      -1.600940     -0.929618     -9.983294
  O      -2.271464     -0.203110    -11.987510
18
Coordinates from ORCA-job neb_orto_educts_ts_MEP_ALL E -474.745474417065
  C       0.452833      0.714864      2.314887
  C      -0.495875      0.732048      1.243580
  C      -0.557084     -0.434955      0.439597
  C       0.189136     -1.568106      0.767208
  C       0.999664     -1.626439      1.937618
  C       1.191754     -0.446150      2.658677
  C       0.532612      1.985370      3.050094
  H       0.223370      1.171559      4.833348
  H      -1.349102      0.598963      4.009267
  H      -0.882599      2.206528      3.079862
  H      -0.051845      2.061934      0.728535
  H       0.403378      0.568628     -0.888429
  H       1.576544     -1.323697     -0.583803
  H       2.270178     -1.865717      1.900133
  H       1.131816     -1.066164      3.787520
  N      -2.012845     -0.749484     -9.759784
  O      -1.284045     -0.874889     -8.860019
  O      -2.337890     -0.084293    -10.658291
18
Coordinates from ORCA-job neb_orto_educts_ts_MEP_ALL E -474.535742345617
  C       0.528242      0.756652      1.976190
  C      -0.484621      0.696443      0.940535
  C      -0.701176     -0.579769      0.387432
  C      -0.050591     -1.672028      0.813932
  C       0.920668     -1.644443      1.868107
  C       1.216833     -0.397992      2.421899
  C       0.655291      2.082440      2.569889
  H      -0.320001      0.813541      4.572195
  H      -1.809037      0.450424      3.378761
  H      -0.992478      2.109373      2.582439
  H       0.272500      2.162230      0.383673
  H       1.113254      0.753617     -0.960060
  H       1.637669     -1.287643     -0.858738
  H       2.339322     -1.655838      1.752824
  H       1.019011     -1.149095      3.608371
  N      -1.958245     -0.604843     -8.369293
  O      -0.953974     -0.827062     -7.818797
  O      -2.432667     -0.006007     -9.249360
18
Coordinates from ORCA-job neb_orto_educts_ts_MEP_ALL E -474.426981977933
  C       0.550152      0.733590      1.620350
  C      -0.530119      0.549250      0.693036
  C      -0.974399     -0.775944      0.501867
  C      -0.270667     -1.817825      0.986092
  C       0.835725     -1.657864      1.873399
  C       1.240192     -0.355535      2.198740
  C       0.804118      2.149283      1.921105
  H      -0.799851      0.392185      4.211598
  H      -2.206298      0.418423      2.786844
  H      -1.053354      2.007386      2.055723
  H       0.466046      2.036405     -0.095062
  H       2.236732      1.034606     -0.573910
  H       1.502288     -0.852498     -1.115091
  H       2.355202     -1.482493      1.596851
  H       1.002777     -1.200264      3.479103
  N      -1.867737     -0.455263     -7.168031
  O      -0.751152     -0.760919     -6.982344
  O      -2.539657      0.037478     -7.990271
18
Coordinates from ORCA-job neb_orto_educts_ts_MEP_ALL E -474.443171785814
  C       0.604369      0.702105      1.262778
  C      -0.582024      0.448927      0.465689
  C      -1.104588     -0.880635      0.523635
  C      -0.559917     -1.827224      1.285633
  C       0.704464     -1.625390      1.921989
  C       1.238981     -0.339829      1.982189
  C       0.986042      2.111098      1.285321
  H      -1.349759     -0.211228      3.677234
  H      -2.559759      0.461902      2.122162
  H      -1.093047      1.894884      1.474002
  H       0.817586      1.869737     -0.481050
  H       2.758817      1.131732     -0.283082
  H       1.967547     -0.244663     -1.461947
  H       2.325307     -1.326482      1.519135
  H       0.931569     -1.225287      3.395670
  N      -1.770087     -0.342133     -5.973463
  O      -0.653315     -0.680354     -6.110741
  O      -2.662186      0.082840     -6.605153
18
Coordinates from ORCA-job neb_orto_educts_ts_MEP_ALL E -474.527962082775
  C       0.604992      0.640698      1.083037
  C      -0.691110      0.379714      0.418939
  C      -1.303570     -0.900602      0.628113
  C      -0.802895     -1.758010      1.519017
  C       0.516546     -1.586151      2.047618
  C       1.173216     -0.362862      1.899975
  C       1.210640      1.892926      0.646218
  H      -1.688715     -0.562286      3.390827
  H      -2.723257      0.426751      1.719790
  H      -1.091333      1.817040      1.029743
  H       1.024439      1.222003     -0.817640
  H       2.862622      0.765482     -0.305137
  H       2.851876      1.301874     -2.211691
  H       2.265142     -1.210759      1.645160
  H       0.744460     -1.275938      3.411962
  N      -1.688715     -0.280773     -5.108426
  O      -0.598283     -0.629031     -5.377934
  O      -2.666055      0.119925     -5.619571
18
Coordinates from ORCA-job neb_orto_educts_ts_MEP_ALL E -474.659062841180
  C       0.795828      0.514558      0.651647
  C      -0.552652      0.411569      0.099653
  C      -1.368978     -0.702863      0.572420
  C      -0.927976     -1.530915      1.602127
  C       0.413153     -1.437150      2.074273
  C       1.196364     -0.338629      1.713295
  C       1.498009      1.815457      0.618327
  H      -1.764043     -0.661017      3.111163
  H      -2.652975      0.377618      1.257658
  H      -0.917501      1.708425      0.564291
  H       1.711676     -0.292154     -1.291556
  H       2.829770      0.907685     -0.367210
  H       1.502027      1.916989     -1.357176
  H       2.312044     -0.956446      1.769254
  H       0.638110     -1.275246      3.333765
  N      -1.592956     -0.155812     -4.495149
  O      -0.519648     -0.487225     -4.857087
  O      -2.600253      0.185155     -4.999693
18
Coordinates from ORCA-job neb_orto_educts_ts_MEP_ALL E -475.314626292432
  C       0.735254      0.379998      0.372777
  C      -0.635793      0.374247     -0.154408
  C      -1.532862     -0.596745      0.464228
  C      -1.120460     -1.347101      1.575824
  C       0.245761     -1.295020      2.007451
  C       1.122543     -0.312101      1.534042
  C       1.717783      1.021778     -0.482183
  H      -1.949943     -0.939773      2.734781
  H      -2.723378      0.145620      0.728613
  H      -0.897297      1.583012      0.094625
  H       2.027890      0.129637     -1.359014
  H       3.026692      1.098758     -0.128797
  H       1.556943      2.114597     -1.405164
  H       2.214085     -0.728803      1.694539
  H       0.470943     -1.355450      3.165326
  N      -1.401546     -0.089760     -3.309361
  O      -0.379806     -0.380407     -3.829026
  O      -2.476808      0.197515     -3.704253
18
Coordinates from ORCA-job neb_orto_educts_ts_MEP_ALL E -475.759629594373
  C       0.776736      0.272934     -0.022730
  C      -0.660795      0.387126     -0.409942
  C      -1.673255     -0.293101      0.427811
  C      -1.316577     -0.913126      1.590858
  C       0.057080     -0.956779      1.952031
  C       1.067866     -0.369763      1.173899
  C       1.840908      0.880297     -0.859338
  H      -2.065623     -1.393218      2.224929
  H      -2.709303     -0.259911      0.078820
  H      -0.900749      1.473731     -0.384645
  H       2.099213      0.172229     -1.671071
  H       2.749837      1.075458     -0.273104
  H       1.509452      1.800986     -1.363229
  H       2.105253     -0.428189      1.512462
  H       0.342265     -1.479723      2.871156
  N      -0.993213      0.072782     -1.955129
  O      -0.078482     -0.267021     -2.654851
  O      -2.150614      0.225288     -2.237926
18
Coordinates from ORCA-job neb_orto_educts_ts_MEP_ALL E -475.663166774593
  C       0.282504      0.587724      3.016425
  C      -0.242160      0.906397      1.738144
  C       0.007265      0.087490      0.647154
  C       0.791740     -1.075227      0.803298
  C       1.323019     -1.407891      2.065932
  C       1.072361     -0.590001      3.154780
  C       0.025713      1.457100      4.200688
  H       0.975931      1.865044      4.593518
  H      -0.410616      0.870642      5.029391
  H      -0.643200      2.296763      3.969193
  H      -0.848017      1.808060      1.622176
  H      -0.402223      0.337747     -0.333945
  H       0.987268     -1.719181     -0.057691
  H       1.928231     -2.309645      2.181531
  H       1.478961     -0.843180      4.137118
  N      -2.180812     -0.930741    -12.296400
  O      -1.885807     -0.993276    -11.178936
  O      -2.260159     -0.347826    -13.292376
18
Coordinates from ORCA-job neb_orto_educts_ts_MEP_ALL E -475.329711215579
  C       0.394505      0.679717      2.624371
  C      -0.452081      0.768441      1.473599
  C      -0.381854     -0.256257      0.506445
  C       0.423059     -1.407390      0.749785
  C       1.096865     -1.570893      1.996782
  C       1.161176     -0.497683      2.880092
  C       0.118806      1.678559      3.667568
  H       0.846726      1.518455      4.892731
  H      -0.770310      0.850687      4.534431
  H      -0.919535      2.301567      3.472825
  H      -0.422808      1.959885      1.114038
  H       0.042985      0.468490     -0.648552
  H       1.368747     -1.468229     -0.346577
  H       2.136585     -2.096849      2.033205
  H       1.290385     -0.959925      3.941666
  N      -2.071506     -0.842422    -11.000267
  O      -1.589579     -0.927520     -9.946858
  O      -2.272166     -0.198635    -11.945283
18
Coordinates from ORCA-job neb_orto_educts_ts_MEP_ALL E -474.745474417065
  C       0.452201      0.716241      2.315744
  C      -0.473305      0.752328      1.225134
  C      -0.541940     -0.431724      0.431271
  C       0.196233     -1.556150      0.754427
  C       1.022865     -1.631450      1.919353
  C       1.171942     -0.455618      2.681117
  C       0.504253      1.976418      3.056179
  H       0.209501      1.166626      4.818602
  H      -1.347729      0.605068      4.004649
  H      -0.863316      2.207548      3.070091
  H      -0.061440      2.044990      0.727415
  H       0.403518      0.562206     -0.882206
  H       1.564590     -1.332010     -0.577833
  H       2.247673     -1.872012      1.899949
  H       1.138352     -1.051850      3.771865
  N      -2.009577     -0.744955     -9.737682
  O      -1.277205     -0.873502     -8.843215
  O      -2.336617     -0.082154    -10.634861
18
Coordinates from ORCA-job neb_orto_educts_ts_MEP_ALL E -474.535742345617
  C       0.530173      0.763618      1.983435
  C      -0.471368      0.694478      0.924050
  C      -0.686368     -0.593805      0.409302
  C      -0.065385     -1.643049      0.804563
  C       0.938503     -1.653106      1.850701
  C       1.201249     -0.404990      2.442115
  C       0.633604      2.074728      2.564038
  H      -0.334831      0.808376      4.562476
  H      -1.801790      0.455767      3.384774
  H      -0.972645      2.113958      2.581330
  H       0.264321      2.147613      0.378073
  H       1.124483      0.746732     -0.956455
  H       1.632854     -1.277151     -0.859794
  H       2.318819     -1.666569      1.755332
  H       1.025354     -1.134644      3.595785
  N      -1.951053     -0.598722     -8.366119
  O      -0.954386     -0.827102     -7.813590
  O      -2.431533     -0.006133     -9.240016
18
Coordinates from ORCA-job neb_orto_educts_ts_MEP_ALL E -474.426981977933
  C       0.545150      0.734768      1.620072
  C      -0.520012      0.534465      0.697216
  C      -0.954911     -0.776699      0.513957
  C      -0.282883     -1.793528      0.975663
  C       0.843042     -1.673395      1.868730
  C       1.234777     -0.356335      2.210995
  C       0.789194      2.145307      1.911467
  H      -0.811617      0.391981      4.201201
  H      -2.197264      0.422602      2.794683
  H      -1.038962      2.013250      2.056648
  H       0.467272      2.032523     -0.093637
  H       2.233185      1.022637     -0.576347
  H       1.506545     -0.842937     -1.112259
  H       2.337032     -1.490046      1.602328
  H       1.003704     -1.191518      3.464725
  N      -1.862274     -0.451174     -7.172548
  O      -0.752754     -0.760985     -6.978050
  O      -2.539223      0.039083     -7.984844
18
Coordinates from ORCA-job neb_orto_educts_ts_MEP_ALL E -474.443171785814
  C       0.607567      0.709860      1.259223
  C      -0.587158      0.443746      0.482577
  C      -1.084774     -0.884328      0.541393
  C      -0.573437     -1.802151      1.266971
  C       0.695964     -1.634881      1.939755
  C       1.251076     -0.351903      1.975038
  C       0.981831      2.101189      1.266398
  H      -1.357303     -0.203040      3.669888
  H      -2.550830      0.463965      2.132562
  H      -1.093042      1.888107      1.465337
  H       0.825905      1.876869     -0.463641
  H       2.752977      1.117614     -0.293362
  H       1.972693     -0.240208     -1.452209
  H       2.312095     -1.316988      1.527613
  H       0.928251     -1.233999      3.381566
  N      -1.766898     -0.339180     -5.984924
  O      -0.655999     -0.679799     -6.109438
  O      -2.658918      0.085127     -6.604746
18
Coordinates from ORCA-job neb_orto_educts_ts_MEP_ALL E -474.527962082775
  C       0.613450      0.649042      1.073859
  C      -0.706042      0.386631      0.439224
  C      -1.281102     -0.899480      0.642705
  C      -0.812038     -1.734153      1.497936
  C       0.501752     -1.588213      2.075245
  C       1.189613     -0.382821      1.887229
  C       1.209833      1.871519      0.631001
  H      -1.694480     -0.553771      3.385414
  H      -2.718247      0.428888      1.727857
  H      -1.092978      1.801791      1.017513
  H       1.029494      1.235333     -0.801998
  H       2.863672      0.766277     -0.315554
  H       2.852886      1.288137     -2.195782
  H       2.252794     -1.196910      1.652822
  H       0.740379     -1.289375      3.397866
  N      -1.686584     -0.277549     -5.121395
  O      -0.602865     -0.627291     -5.375982
  O      -2.659538      0.121947     -5.617961
18
Coordinates from ORCA-job neb_orto_educts_ts_MEP_ALL E -474.659062841180
  C       0.791810      0.528020      0.662176
  C      -0.557390      0.429493      0.124478
  C      -1.378036     -0.678041      0.585230
  C      -0.930565     -1.518837      1.612833
  C       0.401030     -1.430212      2.103396
  C       1.221658     -0.367656      1.700091
  C       1.496696      1.801422      0.594384
  H      -1.760003     -0.670032      3.103171
  H      -2.644671      0.366571      1.251846
  H      -0.918467      1.690396      0.553959
  H       1.713465     -0.267805     -1.280705
  H       2.823981      0.896994     -0.371156
  H       1.521781      1.909765     -1.352939
  H       2.297086     -0.943413      1.772713
  H       0.634013     -1.289483      3.316793
  N      -1.592519     -0.155354     -4.517729
  O      -0.523652     -0.487656     -4.857291
  O      -2.596218      0.185831     -5.001250
18
Coordinates from ORCA-job neb_orto_educts_ts_MEP_ALL E -475.314626292432
  C       0.734696      0.384878      0.370771
  C      -0.635468      0.385369     -0.125584
  C      -1.547348     -0.569581      0.470809
  C      -1.125140     -1.340511      1.594617
  C       0.245205     -1.289622      2.034502
  C       1.139568     -0.337320      1.532375
  C       1.750583      1.056823     -0.474851
  H      -1.934937     -0.945211      2.726178
  H      -2.704757      0.135541      0.736137
  H      -0.899282      1.568880      0.098754
  H       2.011547      0.127807     -1.344363
  H       2.997418      1.091357     -0.135789
  H       1.555148      2.090241     -1.384265
  H       2.205028     -0.723534      1.699328
  H       0.471364     -1.363810      3.155421
  N      -1.405287     -0.088136     -3.362216
  O      -0.385396     -0.380983     -3.853739
  O      -2.472944      0.197813     -3.738088
18
Coordinates from ORCA-job neb_orto_educts_ts_MEP_ALL E -475.759629594373
  C       0.776671      0.273182     -0.021998
  C      -0.660612      0.387173     -0.410192
  C      -1.673481     -0.293864      0.426412
  C      -1.317466     -0.914480      1.589347
  C       0.055940     -0.957937      1.951497
  C       1.067120     -0.370148      1.174458
  C       1.841273      0.881370     -0.857462
  H      -2.066832     -1.395180      2.222581
  H      -2.709284     -0.260775      0.076683
  H      -0.900912      1.473692     -0.384416
  H       2.100385      0.173868     -1.669434
  H       2.749715      1.076452     -0.270446
  H       1.509908      1.802263     -1.361041
  H       2.104277     -0.428465      1.513743
  H       0.340611     -1.481349      2.870516
  N      -0.991805      0.073659     -1.955813
  O      -0.076460     -0.265446     -2.655071
  O      -2.149046      0.225986     -2.239363
