18
Coordinates from ORCA-job neb_orto_educts_ts_im3
  C   0.53017293262349      0.76361787563195      1.98343508383101
  C   -0.47136844579737      0.69447843915034      0.92404962935445
  C   -0.68636846068927     -0.59380457139475      0.40930249403017
  C   -0.06538519513032     -1.64304892801662      0.80456284809041
  C   0.93850270430337     -1.65310614805508      1.85070146978754
  C   1.20124872431546     -0.40498963967130      2.44211485756325
  C   0.63360447189508      2.07472774351272      2.56403832505008
  H   -0.33483139293465      0.80837596872160      4.56247600490376
  H   -1.80178954345300      0.45576711302252      3.38477407568731
  H   -0.97264512097464      2.11395819982376      2.58132961868728
  H   0.26432129366319      2.14761319576351      0.37807333132540
  H   1.12448288010388      0.74673235478462     -0.95645543145312
  H   1.63285429637352     -1.27715136993085     -0.85979366587933
  H   2.31881917006668     -1.66656887495702      1.75533167944686
  H   1.02535433615928     -1.13464350619678      3.59578504901471
  N   -1.95105290721381     -0.59872203963781     -8.36611918216688
  O   -0.95438627808833     -0.82710245137878     -7.81359032470460
  O   -2.43153346522256     -0.00613336117202     -9.24001586256832
