18
Coordinates from ORCA-job neb_orto_educts_ts_im6
  C   0.61344993632321      0.64904203217318      1.07385916385886
  C   -0.70604171139862      0.38663054177487      0.43922412942286
  C   -1.28110182167971     -0.89948024010769      0.64270546053398
  C   -0.81203832392352     -1.73415295216481      1.49793602954884
  C   0.50175162801444     -1.58821326236669      2.07524452140909
  C   1.18961342190780     -0.38282127070390      1.88722916294545
  C   1.20983328670822      1.87151927846159      0.63100104016475
  H   -1.69447975669855     -0.55377136751261      3.38541369130947
  H   -2.71824669672615      0.42888777349822      1.72785685247816
  H   -1.09297794075026      1.80179075137961      1.01751313933785
  H   1.02949390863663      1.23533257228815     -0.80199786368307
  H   2.86367228934751      0.76627734870877     -0.31555365084941
  H   2.85288625086550      1.28813727469674     -2.19578208802803
  H   2.25279396084117     -1.19691026960063      1.65282184327425
  H   0.74037869467882     -1.28937497428146      3.39786571204194
  N   -1.68658404280733     -0.27754880138217     -5.12139485090338
  O   -0.60286492205573     -0.62729131187934     -5.37598167468698
  O   -2.65953816128342      0.12194687701817     -5.61796061817464
