18
Coordinates from ORCA-job neb_orto_educts_ts_im1
  C   0.39450450515576      0.67971731681303      2.62437078951761
  C   -0.45208141315234      0.76844131175941      1.47359903486728
  C   -0.38185366463887     -0.25625730486797      0.50644499530612
  C   0.42305910600402     -1.40739038619116      0.74978502414697
  C   1.09686542281172     -1.57089262990506      1.99678168756187
  C   1.16117608875652     -0.49768299954237      2.88009208223653
  C   0.11880572570606      1.67855942546872      3.66756825662195
  H   0.84672580775043      1.51845491834067      4.89273070717718
  H   -0.77031019731561      0.85068731690215      4.53443073144963
  H   -0.91953506199883      2.30156724942982      3.47282502105336
  H   -0.42280816474042      1.95988522177611      1.11403797777936
  H   0.04298529731176      0.46849022760252     -0.64855218067800
  H   1.36874704687652     -1.46822867442751     -0.34657716532264
  H   2.13658481570058     -2.09684904053990      2.03320498715522
  H   1.29038518008415     -0.95992512841212      3.94166571204350
  N   -2.07150577936224     -0.84242153390912    -11.00026655647707
  O   -1.58957850853728     -0.92752033138099     -9.94685768898302
  O   -2.27216620641194     -0.19863495891624    -11.94528341545586
