18
Coordinates from ORCA-job neb_orto_educts_ts_initial_path E   0.000000000000
  C       0.282504      0.587724      3.016425
  C      -0.242160      0.906397      1.738144
  C       0.007265      0.087490      0.647154
  C       0.791740     -1.075227      0.803298
  C       1.323019     -1.407891      2.065932
  C       1.072361     -0.590001      3.154780
  C       0.025713      1.457100      4.200688
  H       0.975931      1.865044      4.593518
  H      -0.410616      0.870642      5.029391
  H      -0.643200      2.296763      3.969193
  H      -0.848017      1.808060      1.622176
  H      -0.402223      0.337747     -0.333945
  H       0.987268     -1.719181     -0.057691
  H       1.928231     -2.309645      2.181531
  H       1.478961     -0.843180      4.137118
  N      -2.180812     -0.930741    -12.296400
  O      -1.885807     -0.993276    -11.178936
  O      -2.260159     -0.347826    -13.292376
18
Coordinates from ORCA-job neb_orto_educts_ts_initial_path E   0.000000000000
  C       0.411706      0.684477      2.622050
  C      -0.478319      0.733893      1.507668
  C      -0.402910     -0.278667      0.544570
  C       0.395648     -1.416680      0.785529
  C       1.071019     -1.569157      2.019637
  C       1.186745     -0.479722      2.865996
  C       0.127045      1.687308      3.643621
  H       0.908098      1.524847      4.941298
  H      -0.753817      0.849575      4.590501
  H      -0.961913      2.312486      3.491299
  H      -0.432883      1.991618      1.130272
  H       0.046969      0.493686     -0.664289
  H       1.393622     -1.465980     -0.366886
  H       2.158788     -2.104050      2.039780
  H       1.289492     -0.975267      3.967613
  N      -2.076947     -0.849026    -11.077149
  O      -1.611269     -0.931882    -10.015898
  O      -2.271073     -0.207458    -12.025613
18
Coordinates from ORCA-job neb_orto_educts_ts_initial_path E   0.000000000000
  C       0.453793      0.713824      2.313693
  C      -0.517866      0.711810      1.261009
  C      -0.572035     -0.438715      0.448533
  C       0.181038     -1.579317      0.779846
  C       0.976709     -1.621751      1.955298
  C       1.211099     -0.436858      2.636506
  C       0.560822      1.994323      3.043003
  H       0.236226      1.176027      4.847319
  H      -1.350773      0.593217      4.013106
  H      -0.901043      2.205798      3.088736
  H      -0.041709      2.078618      0.728853
  H       0.404707      0.575007     -0.894689
  H       1.588226     -1.315284     -0.590175
  H       2.291914     -1.859658      1.900225
  H       1.125236     -1.080103      3.802544
  N      -2.016128     -0.753860     -9.779580
  O      -1.290704     -0.876511     -8.874995
  O      -2.339512     -0.086569    -10.679233
18
Coordinates from ORCA-job neb_orto_educts_ts_initial_path E   0.000000000000
  C       0.526456      0.749850      1.968817
  C      -0.497394      0.698251      0.956542
  C      -0.715730     -0.566019      0.366248
  C      -0.036553     -1.700209      0.823210
  C       0.903041     -1.636153      1.885165
  C       1.232044     -0.391159      2.402092
  C       0.676802      2.090050      2.574997
  H      -0.305687      0.818633      4.581344
  H      -1.816143      0.445650      3.372610
  H      -1.011429      2.105157      2.583117
  H       0.280940      2.176402      0.388752
  H       1.103001      0.760197     -0.963442
  H       1.642142     -1.297820     -0.857799
  H       2.359021     -1.645533      1.750367
  H       1.012726     -1.163129      3.620505
  N      -1.965445     -0.610890     -8.371630
  O      -0.953744     -0.827278     -7.823267
  O      -2.434048     -0.006002     -9.257631
18
Coordinates from ORCA-job neb_orto_educts_ts_initial_path E   0.000000000000
  C       0.555181      0.732429      1.620265
  C      -0.539891      0.563607      0.688805
  C      -0.993509     -0.775160      0.490235
  C      -0.259264     -1.841313      0.996527
  C       0.828327     -1.642802      1.878055
  C       1.245470     -0.354823      2.186642
  C       0.819060      2.153099      1.929764
  H      -0.788768      0.392210      4.221235
  H      -2.215239      0.414814      2.778728
  H      -1.067050      2.001822      2.054249
  H       0.465412      2.039984     -0.096858
  H       2.240788      1.045979     -0.571404
  H       1.498367     -0.861514     -1.118098
  H       2.372630     -1.475239      1.591499
  H       1.001741     -1.208752      3.492989
  N      -1.873164     -0.459231     -7.162587
  O      -0.749748     -0.761023     -6.985719
  O      -2.540343      0.035913     -7.994327
18
Coordinates from ORCA-job neb_orto_educts_ts_initial_path E   0.000000000000
  C       0.601293      0.694581      1.266608
  C      -0.576897      0.454132      0.449568
  C      -1.123727     -0.876784      0.506439
  C      -0.546609     -1.851412      1.303480
  C       0.712755     -1.616247      1.904714
  C       1.227241     -0.328182      1.989391
  C       0.990138      2.120707      1.304316
  H      -1.341744     -0.218191      3.685012
  H      -2.567889      0.460199      2.112914
  H      -1.092741      1.901771      1.483055
  H       0.809282      1.862898     -0.497582
  H       2.763973      1.145000     -0.273562
  H       1.961953     -0.249938     -1.471027
  H       2.338033     -1.336078      1.510999
  H       0.934833     -1.216754      3.409449
  N      -1.773471     -0.345162     -5.963686
  O      -0.651044     -0.681148     -6.112982
  O      -2.665378      0.080607     -6.607107
18
Coordinates from ORCA-job neb_orto_educts_ts_initial_path E   0.000000000000
  C       0.596868      0.632572      1.091970
  C      -0.676514      0.373064      0.399294
  C      -1.325382     -0.901554      0.614015
  C      -0.794106     -1.781025      1.539487
  C       0.530854     -1.584191      2.020804
  C       1.157343     -0.343534      1.912334
  C       1.211557      1.913680      0.661002
  H      -1.683014     -0.570191      3.396194
  H      -2.727958      0.425004      1.712158
  H      -1.089526      1.832001      1.041695
  H       1.019607      1.209099     -0.832763
  H       2.861613      0.764438     -0.295148
  H       2.850760      1.314550     -2.227067
  H       2.277048     -1.224394      1.637677
  H       0.748436     -1.262868      3.425624
  N      -1.690974     -0.283891     -5.095995
  O      -0.594056     -0.630829     -5.379975
  O      -2.672554      0.118068     -5.621306
18
Coordinates from ORCA-job neb_orto_educts_ts_initial_path E   0.000000000000
  C       0.799431      0.501745      0.642410
  C      -0.548666      0.393943      0.076543
  C      -1.359424     -0.727857      0.560283
  C      -0.925300     -1.542979      1.590932
  C       0.425097     -1.444514      2.045954
  C       1.171614     -0.310484      1.726660
  C       1.498570      1.829022      0.641697
  H      -1.767886     -0.651396      3.119905
  H      -2.661237      0.389008      1.265097
  H      -0.916958      1.726387      0.575734
  H       1.707755     -0.311315     -1.300507
  H       2.835692      0.917534     -0.363413
  H       1.486975      1.921731     -1.363861
  H       2.326399     -0.970047      1.765545
  H       0.642387     -1.261433      3.350522
  N      -1.593791     -0.156541     -4.474975
  O      -0.516199     -0.487271     -4.858487
  O      -2.604457      0.184466     -5.000036
18
Coordinates from ORCA-job neb_orto_educts_ts_initial_path E   0.000000000000
  C       0.735647      0.375709      0.375345
  C      -0.636412      0.364012     -0.182753
  C      -1.518610     -0.622928      0.458349
  C      -1.115931     -1.352817      1.557214
  C       0.245395     -1.300013      1.981369
  C       1.106647     -0.287998      1.534670
  C       1.683881      0.983896     -0.492038
  H      -1.965249     -0.934635      2.743072
  H      -2.742074      0.155502      0.720226
  H      -0.895080      1.596457      0.089348
  H       2.045184      0.132804     -1.373738
  H       3.056835      1.105472     -0.121933
  H       1.560049      2.139390     -1.426540
  H       2.222454     -0.733422      1.689682
  H       0.470177     -1.347759      3.174361
  N      -1.397749     -0.091294     -3.255356
  O      -0.374464     -0.379826     -3.802835
  O      -2.480699      0.197450     -3.668442
18
Coordinates from ORCA-job neb_orto_educts_ts_initial_path E   0.000000000000
  C       0.776848      0.272548     -0.023525
  C      -0.660939      0.387184     -0.409655
  C      -1.673051     -0.292034      0.429338
  C      -1.315734     -0.911499      1.592487
  C       0.058191     -0.955581      1.952585
  C       1.068632     -0.369536      1.173273
  C       1.840637      0.878879     -0.861367
  H      -2.064500     -1.390836      2.227460
  H      -2.709363     -0.258568      0.081158
  H      -0.900355      1.473919     -0.384847
  H       2.097952      0.170178     -1.672863
  H       2.750129      1.073974     -0.275986
  H       1.509215      1.799410     -1.365570
  H       2.106262     -0.428245      1.511040
  H       0.343865     -1.478085      2.871808
  N      -0.994748      0.072030     -1.954377
  O      -0.080741     -0.268649     -2.654619
  O      -2.152303      0.224910     -2.236340
