18
Coordinates from ORCA-job neb_orto_educts_ts_im4
  C   0.54515007714497      0.73476789876352      1.62007168907762
  C   -0.52001249072773      0.53446480162418      0.69721598185093
  C   -0.95491112209259     -0.77669892634463      0.51395665329231
  C   -0.28288253619839     -1.79352847847860      0.97566290918565
  C   0.84304178472882     -1.67339461260675      1.86873023645714
  C   1.23477677527667     -0.35633495414834      2.21099525782808
  C   0.78919360238589      2.14530686244222      1.91146706423293
  H   -0.81161651144499      0.39198087715616      4.20120147578743
  H   -2.19726364303759      0.42260211617121      2.79468345611525
  H   -1.03896222512864      2.01325032098647      2.05664771069497
  H   0.46727235747043      2.03252343412664     -0.09363685797644
  H   2.23318531038322      1.02263713946267     -0.57634680589743
  H   1.50654474142007     -0.84293692102796     -1.11225926957008
  H   2.33703163905768     -1.49004631006690      1.60232763681042
  H   1.00370395722021     -1.19151791918482      3.46472451501170
  N   -1.86227410092297     -0.45117352693116     -7.17254757467849
  O   -0.75275429957729     -0.76098524249187     -6.97805029110229
  O   -2.53922331595779      0.03908344054794     -7.98484378711970
