18
Coordinates from ORCA-job neb_orto_educts_ts_im7
  C   0.79181046402770      0.52801963041944      0.66217558433977
  C   -0.55739015909613      0.42949325371924      0.12447765167945
  C   -1.37803554265977     -0.67804138963079      0.58522968697504
  C   -0.93056527150917     -1.51883748735417      1.61283297983869
  C   0.40103008788917     -1.43021246106788      2.10339594470045
  C   1.22165833236642     -0.36765614135540      1.70009139831327
  C   1.49669628041936      1.80142173598444      0.59438390344555
  H   -1.76000331999953     -0.67003239728103      3.10317128631745
  H   -2.64467061280097      0.36657057832281      1.25184586777214
  H   -0.91846745614169      1.69039603377284      0.55395923009040
  H   1.71346526471518     -0.26780491115551     -1.28070507137130
  H   2.82398066456761      0.89699415581735     -0.37115574373406
  H   1.52178130327686      1.90976480507594     -1.35293875859829
  H   2.29708618962680     -0.94341284800368      1.77271301482789
  H   0.63401312263199     -1.28948293398561      3.31679334744540
  N   -1.59251899533170     -0.15535399099049     -4.51772894084411
  O   -0.52365217187619     -0.48765645207967     -4.85729145368912
  O   -2.59621818010593      0.18583081979217     -5.00124992750861
