18
Coordinates from ORCA-job neb_orto_educts_ts_im2
  C   0.45220080525098      0.71624054363083      2.31574441440274
  C   -0.47330465886420      0.75232803987403      1.22513378002496
  C   -0.54193977881372     -0.43172422347913      0.43127133224475
  C   0.19623279286477     -1.55615007035870      0.75442722670449
  C   1.02286458452581     -1.63145047417207      1.91935296174496
  C   1.17194179052441     -0.45561815374367      2.68111669895063
  C   0.50425256011559      1.97641791762936      3.05617934560664
  H   0.20950143482280      1.16662645668307      4.81860215208506
  H   -1.34772897762326      0.60506841937189      4.00464910382481
  H   -0.86331577239017      2.20754842535592      3.07009096518769
  H   -0.06144046377129      2.04498975428775      0.72741465162183
  H   0.40351812775243      0.56220563929257     -0.88220612517281
  H   1.56458996373474     -1.33200983146051     -0.57783290424591
  H   2.24767321146560     -1.87201179954834      1.89994921992884
  H   1.13835237608191     -1.05185038235261      3.77186457668276
  N   -2.00957650955574     -0.74495477230774     -9.73768176339339
  O   -1.27720489576358     -0.87350153162106     -8.84321498516585
  O   -2.33661659035708     -0.08215395708157    -10.63486065103220
