18
Coordinates from ORCA-job neb_orto_educts_ts_MEP E -475.663166774593
  C       0.282504      0.587724      3.016425
  C      -0.242160      0.906397      1.738144
  C       0.007265      0.087490      0.647154
  C       0.791740     -1.075227      0.803298
  C       1.323019     -1.407891      2.065932
  C       1.072361     -0.590001      3.154780
  C       0.025713      1.457100      4.200688
  H       0.975931      1.865044      4.593518
  H      -0.410616      0.870642      5.029391
  H      -0.643200      2.296763      3.969193
  H      -0.848017      1.808060      1.622176
  H      -0.402223      0.337747     -0.333945
  H       0.987268     -1.719181     -0.057691
  H       1.928231     -2.309645      2.181531
  H       1.478961     -0.843180      4.137118
  N      -2.180812     -0.930741    -12.296400
  O      -1.885807     -0.993276    -11.178936
  O      -2.260159     -0.347826    -13.292376
18
Coordinates from ORCA-job neb_orto_educts_ts_MEP E -475.329711215579
  C       0.394505      0.679717      2.624371
  C      -0.452081      0.768441      1.473599
  C      -0.381854     -0.256257      0.506445
  C       0.423059     -1.407390      0.749785
  C       1.096865     -1.570893      1.996782
  C       1.161176     -0.497683      2.880092
  C       0.118806      1.678559      3.667568
  H       0.846726      1.518455      4.892731
  H      -0.770310      0.850687      4.534431
  H      -0.919535      2.301567      3.472825
  H      -0.422808      1.959885      1.114038
  H       0.042985      0.468490     -0.648552
  H       1.368747     -1.468229     -0.346577
  H       2.136585     -2.096849      2.033205
  H       1.290385     -0.959925      3.941666
  N      -2.071506     -0.842422    -11.000267
  O      -1.589579     -0.927520     -9.946858
  O      -2.272166     -0.198635    -11.945283
18
Coordinates from ORCA-job neb_orto_educts_ts_MEP E -474.745474417065
  C       0.452201      0.716241      2.315744
  C      -0.473305      0.752328      1.225134
  C      -0.541940     -0.431724      0.431271
  C       0.196233     -1.556150      0.754427
  C       1.022865     -1.631450      1.919353
  C       1.171942     -0.455618      2.681117
  C       0.504253      1.976418      3.056179
  H       0.209501      1.166626      4.818602
  H      -1.347729      0.605068      4.004649
  H      -0.863316      2.207548      3.070091
  H      -0.061440      2.044990      0.727415
  H       0.403518      0.562206     -0.882206
  H       1.564590     -1.332010     -0.577833
  H       2.247673     -1.872012      1.899949
  H       1.138352     -1.051850      3.771865
  N      -2.009577     -0.744955     -9.737682
  O      -1.277205     -0.873502     -8.843215
  O      -2.336617     -0.082154    -10.634861
18
Coordinates from ORCA-job neb_orto_educts_ts_MEP E -474.535742345617
  C       0.530173      0.763618      1.983435
  C      -0.471368      0.694478      0.924050
  C      -0.686368     -0.593805      0.409302
  C      -0.065385     -1.643049      0.804563
  C       0.938503     -1.653106      1.850701
  C       1.201249     -0.404990      2.442115
  C       0.633604      2.074728      2.564038
  H      -0.334831      0.808376      4.562476
  H      -1.801790      0.455767      3.384774
  H      -0.972645      2.113958      2.581330
  H       0.264321      2.147613      0.378073
  H       1.124483      0.746732     -0.956455
  H       1.632854     -1.277151     -0.859794
  H       2.318819     -1.666569      1.755332
  H       1.025354     -1.134644      3.595785
  N      -1.951053     -0.598722     -8.366119
  O      -0.954386     -0.827102     -7.813590
  O      -2.431533     -0.006133     -9.240016
18
Coordinates from ORCA-job neb_orto_educts_ts_MEP E -474.426981977933
  C       0.545150      0.734768      1.620072
  C      -0.520012      0.534465      0.697216
  C      -0.954911     -0.776699      0.513957
  C      -0.282883     -1.793528      0.975663
  C       0.843042     -1.673395      1.868730
  C       1.234777     -0.356335      2.210995
  C       0.789194      2.145307      1.911467
  H      -0.811617      0.391981      4.201201
  H      -2.197264      0.422602      2.794683
  H      -1.038962      2.013250      2.056648
  H       0.467272      2.032523     -0.093637
  H       2.233185      1.022637     -0.576347
  H       1.506545     -0.842937     -1.112259
  H       2.337032     -1.490046      1.602328
  H       1.003704     -1.191518      3.464725
  N      -1.862274     -0.451174     -7.172548
  O      -0.752754     -0.760985     -6.978050
  O      -2.539223      0.039083     -7.984844
18
Coordinates from ORCA-job neb_orto_educts_ts_MEP E -474.443171785814
  C       0.607567      0.709860      1.259223
  C      -0.587158      0.443746      0.482577
  C      -1.084774     -0.884328      0.541393
  C      -0.573437     -1.802151      1.266971
  C       0.695964     -1.634881      1.939755
  C       1.251076     -0.351903      1.975038
  C       0.981831      2.101189      1.266398
  H      -1.357303     -0.203040      3.669888
  H      -2.550830      0.463965      2.132562
  H      -1.093042      1.888107      1.465337
  H       0.825905      1.876869     -0.463641
  H       2.752977      1.117614     -0.293362
  H       1.972693     -0.240208     -1.452209
  H       2.312095     -1.316988      1.527613
  H       0.928251     -1.233999      3.381566
  N      -1.766898     -0.339180     -5.984924
  O      -0.655999     -0.679799     -6.109438
  O      -2.658918      0.085127     -6.604746
18
Coordinates from ORCA-job neb_orto_educts_ts_MEP E -474.527962082775
  C       0.613450      0.649042      1.073859
  C      -0.706042      0.386631      0.439224
  C      -1.281102     -0.899480      0.642705
  C      -0.812038     -1.734153      1.497936
  C       0.501752     -1.588213      2.075245
  C       1.189613     -0.382821      1.887229
  C       1.209833      1.871519      0.631001
  H      -1.694480     -0.553771      3.385414
  H      -2.718247      0.428888      1.727857
  H      -1.092978      1.801791      1.017513
  H       1.029494      1.235333     -0.801998
  H       2.863672      0.766277     -0.315554
  H       2.852886      1.288137     -2.195782
  H       2.252794     -1.196910      1.652822
  H       0.740379     -1.289375      3.397866
  N      -1.686584     -0.277549     -5.121395
  O      -0.602865     -0.627291     -5.375982
  O      -2.659538      0.121947     -5.617961
18
Coordinates from ORCA-job neb_orto_educts_ts_MEP E -474.659062841180
  C       0.791810      0.528020      0.662176
  C      -0.557390      0.429493      0.124478
  C      -1.378036     -0.678041      0.585230
  C      -0.930565     -1.518837      1.612833
  C       0.401030     -1.430212      2.103396
  C       1.221658     -0.367656      1.700091
  C       1.496696      1.801422      0.594384
  H      -1.760003     -0.670032      3.103171
  H      -2.644671      0.366571      1.251846
  H      -0.918467      1.690396      0.553959
  H       1.713465     -0.267805     -1.280705
  H       2.823981      0.896994     -0.371156
  H       1.521781      1.909765     -1.352939
  H       2.297086     -0.943413      1.772713
  H       0.634013     -1.289483      3.316793
  N      -1.592519     -0.155354     -4.517729
  O      -0.523652     -0.487656     -4.857291
  O      -2.596218      0.185831     -5.001250
18
Coordinates from ORCA-job neb_orto_educts_ts_MEP E -475.314626292432
  C       0.734696      0.384878      0.370771
  C      -0.635468      0.385369     -0.125584
  C      -1.547348     -0.569581      0.470809
  C      -1.125140     -1.340511      1.594617
  C       0.245205     -1.289622      2.034502
  C       1.139568     -0.337320      1.532375
  C       1.750583      1.056823     -0.474851
  H      -1.934937     -0.945211      2.726178
  H      -2.704757      0.135541      0.736137
  H      -0.899282      1.568880      0.098754
  H       2.011547      0.127807     -1.344363
  H       2.997418      1.091357     -0.135789
  H       1.555148      2.090241     -1.384265
  H       2.205028     -0.723534      1.699328
  H       0.471364     -1.363810      3.155421
  N      -1.405287     -0.088136     -3.362216
  O      -0.385396     -0.380983     -3.853739
  O      -2.472944      0.197813     -3.738088
18
Coordinates from ORCA-job neb_orto_educts_ts_MEP E -475.759629594373
  C       0.776671      0.273182     -0.021998
  C      -0.660612      0.387173     -0.410192
  C      -1.673481     -0.293864      0.426412
  C      -1.317466     -0.914480      1.589347
  C       0.055940     -0.957937      1.951497
  C       1.067120     -0.370148      1.174458
  C       1.841273      0.881370     -0.857462
  H      -2.066832     -1.395180      2.222581
  H      -2.709284     -0.260775      0.076683
  H      -0.900912      1.473692     -0.384416
  H       2.100385      0.173868     -1.669434
  H       2.749715      1.076452     -0.270446
  H       1.509908      1.802263     -1.361041
  H       2.104277     -0.428465      1.513743
  H       0.340611     -1.481349      2.870516
  N      -0.991805      0.073659     -1.955813
  O      -0.076460     -0.265446     -2.655071
  O      -2.149046      0.225986     -2.239363
