18
Coordinates from ORCA-job neb_orto_educts_ts_im5
  C   0.60756732032740      0.70985963094146      1.25922337146299
  C   -0.58715753046903      0.44374625961431      0.48257699386166
  C   -1.08477396631476     -0.88432763431239      0.54139294266318
  C   -0.57343678307185     -1.80215122158786      1.26697085378038
  C   0.69596435776588     -1.63488080644617      1.93975457610811
  C   1.25107591581361     -0.35190327800830      1.97503776387262
  C   0.98183138927519      2.10118860182646      1.26639841324369
  H   -1.35730273289237     -0.20304003404523      3.66988779302835
  H   -2.55083015632591      0.46396473311876      2.13256184138852
  H   -1.09304228269681      1.88810672024954      1.46533707354818
  H   0.82590473054512      1.87686857073985     -0.46364056273187
  H   2.75297657501519      1.11761431578677     -0.29336168761936
  H   1.97269305638284     -0.24020768881269     -1.45220908304632
  H   2.31209452891139     -1.31698780416458      1.52761277226148
  H   0.92825060339802     -1.23399915390840      3.38156582861745
  N   -1.76689825654574     -0.33917977557906     -5.98492431982249
  O   -0.65599893087421     -0.67979852176522     -6.10943838257196
  O   -2.65891783824396      0.08512708635274     -6.60474618804460
