18
Coordinates from ORCA-job neb_orto_educts_ts_im9
  C   0.77667088596499      0.27318155563895     -0.02199769994733
  C   -0.66061174955221      0.38717316875944     -0.41019231952977
  C   -1.67348107469666     -0.29386358956880      0.42641200911641
  C   -1.31746587468083     -0.91448047796034      1.58934652159892
  C   0.05594048774399     -0.95793696556304      1.95149730573780
  C   1.06711980190338     -0.37014762306417      1.17445759018429
  C   1.84127250376389      0.88136954213436     -0.85746227639623
  H   -2.06683213426869     -1.39518047261276      2.22258113472502
  H   -2.70928424673941     -0.26077538008911      0.07668315667843
  H   -0.90091180325343      1.47369168970933     -0.38441594185545
  H   2.10038451564955      0.17386768597298     -1.66943372547822
  H   2.74971479467709      1.07645239793295     -0.27044608335068
  H   1.50990780465939      1.80226277783959     -1.36104146907395
  H   2.10427676524475     -0.42846474846183      1.51374324014771
  H   0.34061136071594     -1.48134890748487      2.87051595728148
  N   -0.99180539709302      0.07365945608026     -1.95581266528254
  O   -0.07646029802121     -0.26544647538612     -2.65507124394329
  O   -2.14904634201751      0.22598636612320     -2.23936349061260
