18
Coordinates from ORCA-job neb_orto_educts_ts_im8
  C   0.73469562460584      0.38487778623389      0.37077066339305
  C   -0.63546782748020      0.38536921324920     -0.12558408145515
  C   -1.54734774852630     -0.56958109017145      0.47080933444067
  C   -1.12514006429910     -1.34051105487889      1.59461744307403
  C   0.24520469675450     -1.28962229733564      2.03450246276261
  C   1.13956844756828     -0.33731980777420      1.53237509498387
  C   1.75058336759913      1.05682250281922     -0.47485062378744
  H   -1.93493718634060     -0.94521062240071      2.72617814663828
  H   -2.70475688897955      0.13554071732748      0.73613730002767
  H   -0.89928248913034      1.56887977207648      0.09875448405582
  H   2.01154681613470      0.12780714305476     -1.34436254191892
  H   2.99741844071174      1.09135734926678     -0.13578868723923
  H   1.55514849892871      2.09024067036793     -1.38426506629436
  H   2.20502838485101     -0.72353412655006      1.69932848333359
  H   0.47136405901269     -1.36380993016063      3.15542133161609
  N   -1.40528689611741     -0.08813642217373     -3.36221583636082
  O   -0.38539571707643     -0.38098252761521     -3.85373944768251
  O   -2.47294351821668      0.19781272466481     -3.73808845958724
