17
Coordinates from ORCA-job opt E -491.773547691670
  C      -2.849330      1.386920      0.342200
  C      -2.981150      0.819500     -0.869550
  C      -1.871450      0.017770     -1.442200
  C      -0.770090     -0.295390     -0.708500
  C      -0.596160      0.451140      0.580380
  C      -1.578400      1.217160      1.085520
  H      -3.888440      0.959270     -1.449610
  H      -1.982580     -0.333900     -2.464020
  H      -1.087730     -1.258270     -0.312340
  H       0.330200      0.357050      1.139260
  H      -1.432770      1.724270      2.034460
  N      -3.896740      2.170700      0.892340
  H      -4.781240      2.307870      0.381120
  H      -3.785800      2.614040      1.815680
  N       0.407700     -0.714290     -1.415480
  O       0.338640     -1.118120     -2.538530
  O       1.466530     -0.725020     -0.862610
17
Coordinates from ORCA-job opt E -491.814701120578
  C      -2.839478      1.384794      0.344775
  C      -2.983999      0.801783     -0.907435
  C      -1.935720      0.036751     -1.454171
  C      -0.790727     -0.291239     -0.682308
  C      -0.600510      0.456994      0.596910
  C      -1.589367      1.223769      1.093498
  H      -3.890980      0.944317     -1.494688
  H      -2.042600     -0.321092     -2.479916
  H      -1.113262     -1.279580     -0.272628
  H       0.335840      0.353929      1.146075
  H      -1.454884      1.739930      2.044417
  N      -3.832648      2.138840      0.877787
  H      -4.707742      2.280057      0.376760
  H      -3.716732      2.576254      1.789640
  N       0.427634     -0.698757     -1.412060
  O       0.297823     -1.090019     -2.554820
  O       1.478542     -0.676032     -0.803717
17
Coordinates from ORCA-job opt E -491.825887251286
  C      -2.831718      1.385665      0.355067
  C      -2.976695      0.782959     -0.932876
  C      -1.988131      0.037353     -1.447938
  C      -0.816603     -0.317732     -0.644685
  C      -0.607727      0.449021      0.609618
  C      -1.601201      1.220538      1.102761
  H      -3.876824      0.948683     -1.529131
  H      -2.078131     -0.339020     -2.469804
  H      -1.117986     -1.324117     -0.238940
  H       0.339094      0.334231      1.141422
  H      -1.474345      1.745316      2.052642
  N      -3.785845      2.125708      0.860793
  H      -4.656685      2.275587      0.357554
  H      -3.675589      2.572109      1.767370
  N       0.437225     -0.669196     -1.415991
  O       0.273195     -1.030985     -2.561569
  O       1.479155     -0.615419     -0.798170
17
Coordinates from ORCA-job opt E -491.828610380903
  C      -2.833976      1.391191      0.362414
  C      -2.984964      0.777698     -0.936752
  C      -2.002559      0.003446     -1.443822
  C      -0.826553     -0.366029     -0.623523
  C      -0.615979      0.425086      0.614168
  C      -1.604772      1.208428      1.104583
  H      -3.877621      0.975169     -1.536447
  H      -2.079755     -0.395822     -2.458346
  H      -1.093401     -1.384910     -0.230672
  H       0.332812      0.302147      1.141706
  H      -1.472683      1.738009      2.051683
  N      -3.784882      2.151697      0.859311
  H      -4.652359      2.312970      0.352952
  H      -3.677756      2.608592      1.761576
  N       0.447671     -0.646296     -1.422918
  O       0.280526     -0.969810     -2.577319
  O       1.487441     -0.550865     -0.810473
17
Coordinates from ORCA-job opt E -491.829750152496
  C      -2.830717      1.398564      0.367048
  C      -2.989667      0.773018     -0.936842
  C      -2.021153     -0.031340     -1.430952
  C      -0.840572     -0.415181     -0.600086
  C      -0.631684      0.392856      0.627865
  C      -1.605769      1.198852      1.108370
  H      -3.875984      1.000977     -1.534791
  H      -2.086780     -0.456836     -2.435139
  H      -1.049299     -1.451277     -0.240007
  H       0.318465      0.261867      1.151454
  H      -1.465805      1.738003      2.049018
  N      -3.779150      2.176565      0.849038
  H      -4.642254      2.345595      0.336575
  H      -3.680430      2.643240      1.748325
  N       0.451161     -0.586785     -1.437957
  O       0.283689     -0.908677     -2.589824
  O       1.487139     -0.498742     -0.823975
17
Coordinates from ORCA-job opt E -491.830059198242
  C      -2.819843      1.401114      0.364550
  C      -2.987829      0.761763     -0.934689
  C      -2.039930     -0.077074     -1.409370
  C      -0.859605     -0.471260     -0.573492
  C      -0.650400      0.346932      0.649636
  C      -1.603005      1.183906      1.113551
  H      -3.867217      1.013984     -1.532172
  H      -2.103912     -0.531148     -2.400614
  H      -1.020496     -1.517645     -0.243758
  H       0.296240      0.203172      1.176274
  H      -1.454365      1.734424      2.046060
  N      -3.759005      2.203232      0.825492
  H      -4.614906      2.382154      0.303313
  H      -3.664788      2.682086      1.719779
  N       0.440052     -0.567540     -1.436928
  O       0.274512     -0.782235     -2.611750
  O       1.475686     -0.385166     -0.847760
17
Coordinates from ORCA-job opt E -491.830675679095
  C      -2.821060      1.400404      0.362172
  C      -2.989485      0.761561     -0.931903
  C      -2.041376     -0.075767     -1.406902
  C      -0.856785     -0.454627     -0.580918
  C      -0.651500      0.349267      0.652152
  C      -1.604806      1.185371      1.115853
  H      -3.872041      1.005905     -1.528330
  H      -2.113468     -0.530881     -2.397360
  H      -1.008937     -1.506512     -0.256522
  H       0.290311      0.201170      1.185990
  H      -1.459603      1.731451      2.051407
  N      -3.757676      2.203199      0.823993
  H      -4.613110      2.382595      0.301651
  H      -3.659696      2.681613      1.717655
  N       0.440954     -0.551862     -1.441991
  O       0.279549     -0.799071     -2.611998
  O       1.479918     -0.403117     -0.846828
17
Coordinates from ORCA-job opt E -491.830934013867
  C      -2.816368      1.402724      0.356172
  C      -2.990311      0.755217     -0.928569
  C      -2.049368     -0.092387     -1.396264
  C      -0.860875     -0.458560     -0.579400
  C      -0.660116      0.332545      0.662110
  C      -1.606160      1.179926      1.119364
  H      -3.876806      0.992970     -1.521891
  H      -2.131942     -0.559346     -2.380465
  H      -0.981822     -1.521355     -0.275429
  H       0.274194      0.174190      1.205859
  H      -1.462559      1.723584      2.056415
  N      -3.745391      2.216484      0.812138
  H      -4.598464      2.399796      0.287422
  H      -3.643513      2.698135      1.703443
  N       0.437183     -0.521038     -1.446413
  O       0.277820     -0.765114     -2.617396
  O       1.475687     -0.377069     -0.848977
17
Coordinates from ORCA-job opt E -491.831058087016
  C      -2.812390      1.401895      0.351958
  C      -2.992912      0.743540     -0.924014
  C      -2.059837     -0.116721     -1.383096
  C      -0.866519     -0.471421     -0.574454
  C      -0.671231      0.308689      0.674203
  C      -1.609775      1.167924      1.124790
  H      -3.881926      0.976648     -1.515367
  H      -2.154631     -0.598288     -2.359046
  H      -0.949321     -1.544503     -0.295373
  H       0.255636      0.140636      1.227346
  H      -1.467218      1.710137      2.062710
  N      -3.728479      2.235801      0.796725
  H      -4.576080      2.428785      0.266657
  H      -3.620241      2.724879      1.683131
  N       0.432823     -0.486081     -1.450195
  O       0.273734     -0.709959     -2.624895
  O       1.469557     -0.331263     -0.852961
17
Coordinates from ORCA-job opt E -491.831092885540
  C      -2.809541      1.402262      0.349472
  C      -2.995543      0.734462     -0.920982
  C      -2.066277     -0.132476     -1.375588
  C      -0.869756     -0.482176     -0.570492
  C      -0.678057      0.292749      0.681482
  C      -1.612751      1.158575      1.128105
  H      -3.886435      0.962874     -1.511285
  H      -2.169116     -0.621266     -2.347052
  H      -0.930441     -1.559985     -0.306324
  H       0.245119      0.120370      1.239339
  H      -1.470766      1.699865      2.066632
  N      -3.716705      2.250086      0.786518
  H      -4.561065      2.449054      0.253470
  H      -3.604713      2.742984      1.670335
  N       0.431024     -0.465408     -1.451762
  O       0.270615     -0.671806     -2.629028
  O       1.465597     -0.299463     -0.854721
17
Coordinates from ORCA-job opt E -491.831100661280
  C      -2.809900      1.400736      0.350109
  C      -2.997563      0.729684     -0.919079
  C      -2.068481     -0.138245     -1.373161
  C      -0.870191     -0.486025     -0.569152
  C      -0.680192      0.287122      0.683941
  C      -1.615035      1.153252      1.130074
  H      -3.888788      0.955470     -1.509848
  H      -2.175622     -0.628561     -2.343359
  H      -0.924119     -1.564960     -0.309531
  H       0.242154      0.114421      1.243065
  H      -1.473484      1.693779      2.069147
  N      -3.712248      2.256107      0.782758
  H      -4.554325      2.458979      0.247583
  H      -3.597692      2.751766      1.664713
  N       0.431617     -0.458151     -1.452662
  O       0.269935     -0.657165     -2.630753
  O       1.465124     -0.287509     -0.855726
17
Coordinates from ORCA-job opt E -491.831103001800
  C      -2.809986      1.401045      0.350274
  C      -2.998256      0.728651     -0.918453
  C      -2.068435     -0.138465     -1.373173
  C      -0.869789     -0.486162     -0.569153
  C      -0.680252      0.286708      0.684063
  C      -1.615698      1.152123      1.130408
  H      -3.889964      0.952219     -1.509325
  H      -2.177235     -0.627912     -2.343614
  H      -0.924271     -1.564981     -0.309410
  H       0.242205      0.114583      1.243208
  H      -1.474368      1.692052      2.069895
  N      -3.711640      2.257624      0.782179
  H      -4.553602      2.460654      0.246913
  H      -3.596853      2.753176      1.664167
  N       0.432726     -0.457771     -1.452958
  O       0.270618     -0.655513     -2.631116
  O       1.465990     -0.287331     -0.855784
17
Coordinates from ORCA-job opt E -491.831103818483
  C      -2.810445      1.400662      0.350761
  C      -2.998384      0.728635     -0.918217
  C      -2.068110     -0.137826     -1.373388
  C      -0.869446     -0.485562     -0.569368
  C      -0.679966      0.287409      0.683752
  C      -1.615886      1.152052      1.130526
  H      -3.889992      0.951830     -1.509380
  H      -2.177349     -0.626687     -2.344079
  H      -0.925141     -1.564148     -0.308841
  H       0.242736      0.115743      1.242657
  H      -1.474553      1.691816      2.070119
  N      -3.712097      2.257331      0.782467
  H      -4.553889      2.460464      0.246986
  H      -3.597218      2.753089      1.664327
  N       0.433251     -0.458450     -1.453140
  O       0.271063     -0.656468     -2.631228
  O       1.466616     -0.289189     -0.855835
