17
Coordinates from ORCA-job a_o E -491.728548279879
  C      -3.411580      0.754980     -0.047060
  C      -4.598910      0.022200     -0.031100
  C      -4.558820     -1.370930      0.001540
  C      -3.332760     -2.033700      0.018010
  C      -2.146100     -1.302730      0.001510
  C      -2.184760      0.090430     -0.031140
  H      -5.559270      0.532710     -0.044490
  H      -5.484750     -1.940540      0.013830
  H      -3.302050     -3.120270      0.043270
  H      -1.189470     -1.819130      0.013780
  H      -1.254770      0.654370     -0.044540
  N      -3.450140      2.119180     -0.078720
  H      -4.333620      2.586360      0.092250
  H      -2.594400      2.635490      0.092110
  N       6.529960      3.955130     -1.459760
  O       5.722850      4.855190     -1.471240
  O       6.189800      2.961950     -0.860130
17
Coordinates from ORCA-job a_o E -491.756516522556
  C      -3.407325      0.758074     -0.038254
  C      -4.616359      0.021271     -0.032129
  C      -4.576420     -1.365062     -0.007010
  C      -3.339939     -2.035466      0.010974
  C      -2.137415     -1.307484      0.003862
  C      -2.168044      0.077313     -0.020615
  H      -5.577646      0.537281     -0.047804
  H      -5.506392     -1.934237     -0.001934
  H      -3.314066     -3.125939      0.030052
  H      -1.178650     -1.828033      0.017355
  H      -1.240483      0.640011     -0.025608
  N      -3.429430      2.114727     -0.065717
  H      -4.308018      2.600627      0.090936
  H      -2.565657      2.629106      0.096259
  N       6.459241      3.954387     -1.420148
  O       5.725879      4.906820     -1.576974
  O       6.221934      2.937294     -0.805125
17
Coordinates from ORCA-job a_o E -491.768819618951
  C      -3.403880      0.762271     -0.021913
  C      -4.627520      0.019017     -0.022615
  C      -4.586172     -1.361302     -0.006857
  C      -3.345063     -2.039044      0.005504
  C      -2.132544     -1.313403      0.003171
  C      -2.154459      0.065588     -0.010134
  H      -5.587467      0.541743     -0.036664
  H      -5.518300     -1.930762     -0.005218
  H      -3.324016     -3.131723      0.016438
  H      -1.174074     -1.838426      0.012344
  H      -1.223417      0.631518     -0.009655
  N      -3.418550      2.110052     -0.050984
  H      -4.292335      2.615517      0.066671
  H      -2.554233      2.632710      0.068192
  N       6.387884      3.953826     -1.390060
  O       5.752234      4.924199     -1.605755
  O       6.243122      2.938910     -0.804344
17
Coordinates from ORCA-job a_o E -491.770941325685
  C      -3.401713      0.764652     -0.009407
  C      -4.623914      0.017908     -0.015454
  C      -4.582379     -1.362588     -0.009975
  C      -3.345733     -2.043577     -0.001445
  C      -2.135544     -1.317843      0.002255
  C      -2.153009      0.062644     -0.001976
  H      -5.580581      0.545585     -0.024883
  H      -5.514150     -1.932013     -0.012424
  H      -3.326606     -3.135471      0.002140
  H      -1.179694     -1.845839      0.008512
  H      -1.220893      0.632232      0.000495
  N      -3.419904      2.110881     -0.030300
  H      -4.293083      2.622102      0.048635
  H      -2.560196      2.643235      0.054714
  N       6.351783      3.948122     -1.373969
  O       5.774753      4.925642     -1.644292
  O       6.252074      2.945018     -0.784507
