18
Coordinates from ORCA-job first_job
  C   -5.68864025007199      0.74375697940424      4.02279963313618
  C   -6.14017478281601      1.48752803661525      2.89479801700060
  C   -6.03577510452864      0.96860095727281      1.61512919679120
  C   -5.47671551789388     -0.31067808542453      1.42174229638733
  C   -5.02516667533910     -1.06251571606448      2.52737726342718
  C   -5.13038656319973     -0.54172380422492      3.80827956130628
  C   -5.80219044545854      1.32185478537185      5.39342595030213
  H   -5.47568151075062      0.62058386935549      6.17291648473423
  H   -6.84190537608322      1.63110850063137      5.60405156790145
  H   -5.19467969317582      2.24286556186927      5.47547721675407
  H   -6.57338048436388      2.47867051326444      3.05213474531913
  H   -6.38467649074386      1.54541398407473      0.75588032905486
  H   -5.39272090817148     -0.72245752042804      0.41310965395308
  H   -4.59377490734198     -2.05350886881684      2.37011864130417
  H   -4.78267860356755     -1.12027465846136      4.66726950684610
  N   -10.72303025727538     -2.04355384202885    -23.95949870294162
  O   -10.31248685872961     -1.95063071645687    -22.88200324132554
  O   -10.56999081643787     -2.21775338079966    -25.09257128368711
