18
Coordinates from ORCA-job educts_combined_optfreq2
  C   -5.97671370852862      1.31300875449901      0.92567724739483
  C   -7.09198211065936      0.63041440687566      0.37581553975324
  C   -7.03604845733170     -0.73301717657696      0.13021301638527
  C   -5.85995491209163     -1.45492675964635      0.42621088779139
  C   -4.74111041411264     -0.79392525576554      0.97242252425793
  C   -4.79820707819619      0.56787724660259      1.21754554909948
  C   -6.02845687788191      2.77535692912920      1.21397802377767
  H   -5.13124344471970      3.28902444031798      0.82720667166750
  H   -6.02520177477411      2.94845547035898      2.30766389198541
  H   -6.92537608205217      3.25325704518863      0.79755415277349
  H   -8.00040070332486      1.19313504409608      0.14798226777314
  H   -7.89995668175720     -1.25180793066086     -0.29131300151267
  H   -5.81707602244308     -2.52932122446695      0.23140224073672
  H   -3.83385661293562     -1.35738884353142      1.20121183666430
  H   -3.93386138982332      1.08595798183917      1.64104064517049
  N   -8.93868813971812     -2.82989400254035    -11.20042866386408
  O   -8.76566960221585     -1.82117775459473    -10.65993514757175
  O   -9.19669598743279     -3.44187837112414    -12.14729768228220
