15
Coordinates from ORCA-job toluol_optfreq E -271.188964389169
  C      -6.189610      1.044470      0.000000
  C      -7.381130      0.300610      0.000000
  C      -7.340470     -1.099270      0.000000
  C      -6.113070     -1.763920      0.000000
  C      -4.922370     -1.034570     -0.000000
  C      -4.956720      0.366630      0.000000
  C      -6.248550      2.549110      0.000000
  H      -5.233020      3.000150      0.000000
  H      -6.788580      2.909580      0.901530
  H      -6.788580      2.909580     -0.901530
  H      -8.341350      0.800380      0.000000
  H      -8.259570     -1.670610      0.000000
  H      -6.084970     -2.846790     -0.000000
  H      -3.974930     -1.558290     -0.000000
  H      -4.022360      0.913920      0.000000
15
Coordinates from ORCA-job toluol_optfreq E -271.189845464904
  C      -6.189680      1.044665     -0.000000
  C      -7.377621      0.294787     -0.000000
  C      -7.339814     -1.103553     -0.000000
  C      -6.112131     -1.772045      0.000000
  C      -4.923901     -1.037499     -0.000000
  C      -4.962650      0.362536     -0.000000
  C      -6.247096      2.555957      0.000000
  H      -5.241851      3.002116      0.000000
  H      -6.782449      2.925755      0.890893
  H      -6.782449      2.925755     -0.890893
  H      -8.346276      0.803693     -0.000000
  H      -8.271112     -1.676900      0.000000
  H      -6.082376     -2.865512      0.000000
  H      -3.963303     -1.560291      0.000000
  H      -4.022572      0.921515     -0.000000
15
Coordinates from ORCA-job toluol_optfreq E -271.189925870747
  C      -6.190208      1.045006      0.000000
  C      -7.375948      0.291035      0.000000
  C      -7.339371     -1.105926      0.000000
  C      -6.111581     -1.776528     -0.000000
  C      -4.924955     -1.039198      0.000000
  C      -4.966170      0.359957      0.000000
  C      -6.246345      2.556966     -0.000000
  H      -5.240893      3.001190     -0.000000
  H      -6.781254      2.933369      0.887881
  H      -6.781254      2.933369     -0.887881
  H      -8.344203      0.803077      0.000000
  H      -8.272974     -1.676915     -0.000000
  H      -6.081021     -2.870495     -0.000000
  H      -3.961299     -1.557854     -0.000000
  H      -4.027806      0.923927      0.000000
15
Coordinates from ORCA-job toluol_optfreq E -271.189950038024
  C      -6.190884      1.045649     -0.000000
  C      -7.375311      0.288495     -0.000000
  C      -7.339102     -1.107456     -0.000000
  C      -6.111184     -1.779346      0.000000
  C      -4.925624     -1.040320     -0.000000
  C      -4.968311      0.358321     -0.000000
  C      -6.245756      2.556180      0.000000
  H      -5.238990      2.998841      0.000000
  H      -6.780723      2.937887      0.886231
  H      -6.780724      2.937887     -0.886230
  H      -8.342279      0.802694     -0.000000
  H      -8.273703     -1.676065      0.000000
  H      -6.080151     -2.872787      0.000000
  H      -3.960260     -1.555005      0.000000
  H      -4.032277      0.926006     -0.000000
15
Coordinates from ORCA-job toluol_optfreq E -271.189952083730
  C      -6.191133      1.045826      0.000000
  C      -7.375574      0.288247      0.000000
  C      -7.339084     -1.107637      0.000000
  C      -6.111155     -1.779461     -0.000000
  C      -4.925674     -1.040447      0.000000
  C      -4.968338      0.358211      0.000000
  C      -6.245610      2.555447     -0.000000
  H      -5.238523      2.997865     -0.000000
  H      -6.780612      2.938085      0.886064
  H      -6.780612      2.938085     -0.886064
  H      -8.342072      0.802816      0.000000
  H      -8.273704     -1.675766     -0.000000
  H      -6.080138     -2.872673     -0.000000
  H      -3.960069     -1.554196     -0.000000
  H      -4.032981      0.926579      0.000000
15
Coordinates from ORCA-job toluol_optfreq E -271.189952433695
  C      -6.191252      1.045787     -0.000000
  C      -7.375805      0.288259     -0.000000
  C      -7.339088     -1.107685     -0.000000
  C      -6.111179     -1.779318      0.000000
  C      -4.925661     -1.040474      0.000000
  C      -4.968191      0.358232     -0.000000
  C      -6.245540      2.555082      0.000000
  H      -5.238430      2.997559     -0.000000
  H      -6.780528      2.937917      0.886057
  H      -6.780528      2.937917     -0.886057
  H      -8.342135      0.802973      0.000000
  H      -8.273710     -1.675716     -0.000000
  H      -6.080230     -2.872496      0.000000
  H      -3.959934     -1.553891      0.000000
  H      -4.033070      0.926833     -0.000000
