20
Coordinates from ORCA-job opt
  C   -3.00684093801905      2.29685007957848      0.00678193351368
  C   -4.38708872014518      2.02094244331718     -0.00510908447192
  C   -4.87214857415481      0.71550539001031     -0.00640112728694
  C   -3.98518998189967     -0.36804277116892      0.00355122288761
  C   -2.61095269455301     -0.10746762022193      0.01556585218279
  C   -2.12568513128134      1.19974577407855      0.01765795619570
  H   -5.09785885012398      2.85227148068388     -0.01361744684419
  H   -5.95267029220756      0.54061574709890     -0.01557538181227
  H   -1.04954941647502      1.34098020458410      0.02919454879734
  H   -1.91804269373123     -0.95135414009071      0.02421088392565
  O   -4.39430683531576     -1.66453634853949      0.00257809876192
  H   -5.35968400337343     -1.69911416489437     -0.00591516500803
  N   -2.63500951926512      3.65351569478496      0.00890035621514
  C   -1.44553873129756      4.36005348546622      0.00024980842363
  H   -3.41722511029243      4.30255501525297      0.01600831696727
  C   -0.12999911498808      3.61220282271173     -0.01791363156210
  H   -0.04569807411950      2.96694512471186     -0.90598928666923
  H   -0.01553811630843      2.97986588613783      0.87611235370463
  H   0.67088188083720      4.36098496729615     -0.03590701993814
  O   -1.48788508328602      5.57818092920229      0.00563681201747
