20
Coordinates from ORCA-job opt E -514.843562293100
  C      -3.001070      2.282000      0.002900
  C      -4.381790      2.017530     -0.002990
  C      -4.873100      0.707980     -0.002690
  C      -3.977870     -0.350670      0.004130
  C      -2.610860     -0.114230      0.010900
  C      -2.122660      1.199100      0.010510
  H      -5.100720      2.834300     -0.008530
  H      -5.945530      0.541690     -0.007760
  H      -1.048410      1.309430      0.018010
  H      -1.918000     -0.951780      0.016990
  O      -4.401030     -1.645010      0.004820
  H      -5.372250     -1.656900     -0.000330
  N      -2.637500      3.640630      0.002070
  C      -1.456760      4.317360     -0.000980
  H      -3.406190      4.302480      0.004070
  C      -0.133630      3.614880     -0.011540
  H      -0.031920      3.007820     -0.913870
  H      -0.011560      3.020460      0.896660
  H       0.667080      4.361860     -0.026280
  O      -1.502260      5.551770      0.003930
20
Coordinates from ORCA-job opt E -514.845737578102
  C      -3.010623      2.296032      0.002840
  C      -4.390895      2.022030     -0.003559
  C      -4.874538      0.712662     -0.002799
  C      -3.976739     -0.358241      0.004152
  C      -2.605128     -0.104234      0.010836
  C      -2.124647      1.209622      0.010503
  H      -5.112000      2.843938     -0.009297
  H      -5.954589      0.540674     -0.007802
  H      -1.045958      1.336410      0.017455
  H      -1.905407     -0.941412      0.016923
  O      -4.388150     -1.658878      0.005076
  H      -5.353448     -1.685904      0.000114
  N      -2.642747      3.655877      0.002269
  C      -1.451097      4.339329     -0.001220
  H      -3.414811      4.316778      0.005496
  C      -0.136232      3.599879     -0.011744
  H      -0.043696      2.973150     -0.912141
  H      -0.023770      2.985049      0.894588
  H       0.671189      4.341787     -0.025501
  O      -1.482745      5.566152      0.003831
20
Coordinates from ORCA-job opt E -514.846330181189
  C      -3.008830      2.295335      0.003608
  C      -4.389149      2.020317     -0.004211
  C      -4.874903      0.714942     -0.003748
  C      -3.985881     -0.369300      0.004201
  C      -2.611272     -0.109802      0.012186
  C      -2.126608      1.199199      0.012230
  H      -5.103345      2.849533     -0.010816
  H      -5.957036      0.544148     -0.009789
  H      -1.049374      1.332399      0.020069
  H      -1.914983     -0.951255      0.019048
  O      -4.396245     -1.668269      0.004927
  H      -5.361034     -1.700354     -0.000889
  N      -2.637688      3.654791      0.003706
  C      -1.445985      4.358432     -0.000655
  H      -3.416914      4.307523      0.008426
  C      -0.127076      3.613040     -0.013536
  H      -0.033171      2.973975     -0.906382
  H      -0.011718      2.983981      0.883961
  H       0.671038      4.365478     -0.026710
  O      -1.485856      5.576586      0.004391
20
Coordinates from ORCA-job opt E -514.846372325355
  C      -3.009052      2.298738      0.004067
  C      -4.388824      2.021295     -0.004309
  C      -4.872417      0.715513     -0.004055
  C      -3.983710     -0.367871      0.004124
  C      -2.609696     -0.105148      0.012542
  C      -2.126211      1.203220      0.012875
  H      -5.102043      2.850668     -0.011205
  H      -5.953299      0.541562     -0.010500
  H      -1.049402      1.342004      0.021043
  H      -1.913778     -0.946611      0.019551
  O      -4.391321     -1.665666      0.004628
  H      -5.356677     -1.700350     -0.001484
  N      -2.637693      3.655997      0.004368
  C      -1.445732      4.360056     -0.001055
  H      -3.418105      4.307204      0.009770
  C      -0.131303      3.607293     -0.014104
  H      -0.042521      2.964383     -0.903692
  H      -0.020503      2.974751      0.880502
  H       0.669865      4.356100     -0.027559
  O      -1.483608      5.577563      0.004513
20
Coordinates from ORCA-job opt E -514.846380906065
  C      -3.007247      2.297176      0.004879
  C      -4.387309      2.020739     -0.004503
  C      -4.872177      0.715327     -0.004719
  C      -3.985244     -0.368459      0.003940
  C      -2.611189     -0.107102      0.013379
  C      -2.125998      1.200298      0.014245
  H      -5.098822      2.851388     -0.011846
  H      -5.952813      0.541319     -0.011957
  H      -1.049669      1.339697      0.023373
  H      -1.917165     -0.950067      0.020829
  O      -4.394056     -1.665013      0.004006
  H      -5.359519     -1.699183     -0.002779
  N      -2.635719      3.653875      0.005746
  C      -1.445506      4.360476     -0.000470
  H      -3.417529      4.303438      0.011541
  C      -0.129863      3.611332     -0.015134
  H      -0.041930      2.967292     -0.903559
  H      -0.017340      2.978570      0.878662
  H       0.669994      4.361396     -0.030045
  O      -1.486931      5.578197      0.004432
20
Coordinates from ORCA-job opt E -514.846382413271
  C      -3.006874      2.296942      0.005496
  C      -4.387065      2.020813     -0.004723
  C      -4.872108      0.715382     -0.005294
  C      -3.985281     -0.368239      0.003832
  C      -2.611152     -0.107368      0.014176
  C      -2.125790      1.199878      0.015442
  H      -5.098118      2.851865     -0.012489
  H      -5.952667      0.540918     -0.013201
  H      -1.049567      1.340190      0.025473
  H      -1.917788     -0.950875      0.022079
  O      -4.394349     -1.664650      0.003568
  H      -5.359780     -1.698972     -0.003811
  N      -2.635206      3.653547      0.006742
  C      -1.445528      4.360201     -0.000688
  H      -3.417303      4.302740      0.013177
  C      -0.129913      3.611985     -0.016215
  H      -0.043114      2.967614     -0.904563
  H      -0.017184      2.979089      0.877528
  H       0.670423      4.361451     -0.031766
  O      -1.487667      5.578190      0.005257
20
Coordinates from ORCA-job opt E -514.846382958176
  C      -3.006841      2.296850      0.006782
  C      -4.387089      2.020942     -0.005109
  C      -4.872149      0.715505     -0.006401
  C      -3.985190     -0.368043      0.003551
  C      -2.610953     -0.107468      0.015566
  C      -2.125685      1.199746      0.017658
  H      -5.097859      2.852271     -0.013617
  H      -5.952670      0.540616     -0.015575
  H      -1.049549      1.340980      0.029195
  H      -1.918043     -0.951354      0.024211
  O      -4.394307     -1.664536      0.002578
  H      -5.359684     -1.699114     -0.005915
  N      -2.635010      3.653516      0.008900
  C      -1.445539      4.360053      0.000250
  H      -3.417225      4.302555      0.016008
  C      -0.129999      3.612203     -0.017914
  H      -0.045698      2.966945     -0.905989
  H      -0.015538      2.979866      0.876112
  H       0.670882      4.360985     -0.035907
  O      -1.487885      5.578181      0.005637
