18
Coordinates from ORCA-job neb_orto_educts_products_im6
  C   -0.51345623665275      0.06778454002113      1.33616382566564
  C   -0.32813281879641     -0.00436962787077     -0.02324753899428
  C   0.62420253181278     -0.72001283329688     -0.67289797426031
  C   1.55768125346807     -1.47223279352925      0.11363001956499
  C   1.46186630397171     -1.42018094834056      1.49225915509410
  C   0.47228406643230     -0.66654121080057      2.09597621807984
  C   -1.52052414629801      0.89162576324397      2.06570376421724
  H   -1.19608435916626      1.94514622740703      2.10573965205186
  H   -1.66172030651806      0.54848962756084      3.09765716250113
  H   -2.48802359263475      0.87319813792351      1.54902749833537
  H   3.54033143860705      5.90656430424064      0.87534341199215
  H   0.77647252427903     -0.72539109561268     -1.73419362228809
  H   2.32830465280394     -2.06597560283249     -0.39440448141663
  H   2.17323217623098     -1.98906362572543      2.10075706889263
  H   0.41218284258340     -0.62642705123803      3.19234311637875
  N   -1.88200139566241     -0.22257567267357     -5.46096097274044
  O   -1.20415781003134     -1.01375843083021     -5.99693496172959
  O   -2.55245712442926      0.69372029235333     -5.74196134134435
