18
Coordinates from ORCA-job neb_orto_educts_products_im3
  C   -0.15230283023056      0.33540872934004      2.26677754710774
  C   -0.29320565288820      0.49537942378343      0.90987636510375
  C   0.26624343238097     -0.27512518680002     -0.06521415228255
  C   1.18121864297016     -1.28887649105418      0.37459727646913
  C   1.44737744348880     -1.45958727583552      1.72820747851277
  C   0.80916410114962     -0.66636666901944      2.66199930107999
  C   -0.82219348188715      1.13366482126256      3.33689552979861
  H   -0.13966500542199      1.87398762741194      3.78438352696682
  H   -1.14298139935061      0.49609948302166      4.17057780322966
  H   -1.69252644688413      1.66686291345675      2.93672536571067
  H   1.62527391793815      4.42662636706859      0.70580613876032
  H   0.05709753825759     -0.16588358868777     -1.11796880613705
  H   1.66310625705994     -1.93150738668357     -0.37129172117340
  H   2.14518344018975     -2.23779306368563      2.06465434149040
  H   1.02104380169013     -0.79854512462397      3.73408333159587
  N   -2.11271158081172     -0.74065052437994     -9.13299649856092
  O   -1.44407174723885     -1.06132594219107     -8.23423058782119
  O   -2.41605043041190      0.19763188761615     -9.75288223985063
