18
Coordinates from ORCA-job neb_orto_educts_products_im8
  C   -0.70134724995096     -0.11827169140143      0.72148438688224
  C   -0.28142470772434     -0.34301056387530     -0.58140160807731
  C   0.84521274311015     -0.99170900632159     -1.00541027575606
  C   1.70522104567301     -1.51948989663672      0.00437225249534
  C   1.37252291659653     -1.33461288716054      1.33416504011853
  C   0.21921663127535     -0.65999249960770      1.68905271928360
  C   -1.90642929537479      0.60789794045605      1.24542818594754
  H   -1.81065923284322      1.69023886953185      1.07277183478489
  H   -2.04631983025029      0.44853911703624      2.32546085752833
  H   -2.82596666206822      0.28697809470158      0.74195682293321
  H   4.86930422350588      7.08503575013563      0.64886685393371
  H   1.18150524060627     -1.13925482129084     -2.02212581920702
  H   2.61441036917081     -2.05603412578142     -0.29213701821640
  H   2.03410073419174     -1.73651107516421      2.10750970581003
  H   -0.01854658446106     -0.53496389290520      2.75365355328285
  N   -1.67989012668814      0.01681691575919     -3.31954297866117
  O   -1.15767971471355     -0.63164850426361     -4.15051812618112
  O   -2.41323050005515      0.92999227678803     -3.27358638690117
