18
Coordinates from ORCA-job neb_orto_educts_products_im7
  C   -0.60979991186390     -0.02773990115296      1.01937774264374
  C   -0.29284528732382     -0.18476073024800     -0.31348502050771
  C   0.76095613823881     -0.86920930186640     -0.83715425279801
  C   1.65484151086193     -1.51578942639375      0.07535830637898
  C   1.42760009730873     -1.38395095668573      1.43130093744078
  C   0.34369051779018     -0.66352910017116      1.89782233013595
  C   -1.72962420598971      0.75053042079077      1.63514970919991
  H   -1.52922310260061      1.83202510976412      1.56323460729156
  H   -1.86819106974795      0.50458920276277      2.69688585521814
  H   -2.67486585702312      0.56652757365414      1.11097129224704
  H   4.22848748057462      6.50061705470783      0.75958774175986
  H   1.06089427141416     -0.92394261378118     -1.86928993358356
  H   2.50757122141716     -2.08349125966614     -0.31995783902318
  H   2.11684771649463     -1.86643686127298      2.13120927612495
  H   0.18480316132203     -0.57627520488416      2.98064190822047
  N   -1.84057127646545     -0.09756385810491     -4.39892064068574
  O   -1.20355613857362     -0.80153465413147     -5.08818721433368
  O   -2.53701526583406      0.83993450667922     -4.47454480572951
