18
Coordinates from ORCA-job neb_orto_educts_products_im2
  C   -0.01750621776807      0.41536084964212      2.55133387536113
  C   -0.27540787082545      0.63496668921522      1.20957068966240
  C   0.16555799157764     -0.14980053305052      0.17554270104203
  C   1.04445930861851     -1.22235622888201      0.50535921794310
  C   1.41057815133430     -1.45669404270130      1.83102403812561
  C   0.90000649698193     -0.65327482344130      2.83538099975827
  C   -0.54353207290725      1.21590875561405      3.69917371188697
  H   0.24039889905028      1.83999043973982      4.15909120212415
  H   -0.90308197360460      0.56001464086211      4.50569055720362
  H   -1.37304900210430      1.85908217854506      3.38486357234205
  H   0.82029779226424      3.76493780105387      0.60250613274535
  H   -0.11903433309765     -0.00133281022213     -0.85915596654170
  H   1.43097482631983     -1.86924292153251     -0.29065978967144
  H   2.08130732740729     -2.28550053663530      2.08504908449788
  H   1.18824873792379     -0.84233614186870      3.87917337273942
  N   -2.09435577744944     -0.81998033780181    -10.18135497613517
  O   -1.61085793003728     -1.00265910136097     -9.13651162070935
  O   -2.34500435368375      0.01291612282428    -10.95607680237433
