18
Coordinates from ORCA-job neb_orto_educts_products_MEP E -475.663166774593
  C       0.282504      0.587724      3.016425
  C      -0.242160      0.906397      1.738144
  C       0.007265      0.087490      0.647154
  C       0.791740     -1.075227      0.803298
  C       1.323019     -1.407891      2.065932
  C       1.072361     -0.590001      3.154780
  C       0.025713      1.457100      4.200688
  H       0.975931      1.865044      4.593518
  H      -0.410616      0.870642      5.029391
  H      -0.643200      2.296763      3.969193
  H      -0.848017      1.808060      1.622176
  H      -0.402223      0.337747     -0.333945
  H       0.987268     -1.719181     -0.057691
  H       1.928231     -2.309645      2.181531
  H       1.478961     -0.843180      4.137118
  N      -2.180812     -0.930741    -12.296400
  O      -1.885807     -0.993276    -11.178936
  O      -2.260159     -0.347826    -13.292376
18
Coordinates from ORCA-job neb_orto_educts_products_MEP E -475.544913563937
  C       0.131155      0.505455      2.811528
  C      -0.263476      0.810124      1.477597
  C       0.064517     -0.044908      0.426598
  C       0.903401     -1.156227      0.658393
  C       1.363464     -1.442069      1.956274
  C       0.987225     -0.622218      3.006022
  C      -0.226803      1.333064      4.004375
  H       0.662609      1.854057      4.407710
  H      -0.594908      0.699981      4.828306
  H      -1.001581      2.077687      3.789995
  H      -0.136729      2.861935      0.866993
  H      -0.284031      0.123329     -0.590014
  H       1.198541     -1.808488     -0.172160
  H       1.997059     -2.316135      2.133591
  H       1.349050     -0.856220      4.014868
  N      -2.115533     -0.860491    -11.265502
  O      -1.756807     -0.980882    -10.179200
  O      -2.277153     -0.177995    -12.175375
18
Coordinates from ORCA-job neb_orto_educts_products_MEP E -475.482656970162
  C      -0.017506      0.415361      2.551334
  C      -0.275408      0.634967      1.209571
  C       0.165558     -0.149801      0.175543
  C       1.044459     -1.222356      0.505359
  C       1.410578     -1.456694      1.831024
  C       0.900006     -0.653275      2.835381
  C      -0.543532      1.215909      3.699174
  H       0.240399      1.839990      4.159091
  H      -0.903082      0.560015      4.505691
  H      -1.373049      1.859082      3.384864
  H       0.820298      3.764938      0.602506
  H      -0.119034     -0.001333     -0.859156
  H       1.430975     -1.869243     -0.290660
  H       2.081307     -2.285501      2.085049
  H       1.188249     -0.842336      3.879173
  N      -2.094356     -0.819980    -10.181355
  O      -1.610858     -1.002659     -9.136512
  O      -2.345004      0.012916    -10.956077
18
Coordinates from ORCA-job neb_orto_educts_products_MEP E -475.464747388220
  C      -0.152303      0.335409      2.266778
  C      -0.293206      0.495379      0.909876
  C       0.266243     -0.275125     -0.065214
  C       1.181219     -1.288876      0.374597
  C       1.447377     -1.459587      1.728207
  C       0.809164     -0.666367      2.661999
  C      -0.822193      1.133665      3.336896
  H      -0.139665      1.873988      3.784384
  H      -1.142981      0.496099      4.170578
  H      -1.692526      1.666863      2.936725
  H       1.625274      4.426626      0.705806
  H       0.057098     -0.165884     -1.117969
  H       1.663106     -1.931507     -0.371292
  H       2.145183     -2.237793      2.064654
  H       1.021044     -0.798545      3.734083
  N      -2.112712     -0.740651     -9.132996
  O      -1.444072     -1.061326     -8.234231
  O      -2.416050      0.197632     -9.752882
18
Coordinates from ORCA-job neb_orto_educts_products_MEP E -475.460607669773
  C      -0.286223      0.243032      1.959068
  C      -0.318888      0.339744      0.589695
  C       0.377255     -0.420409     -0.297723
  C       1.314340     -1.353716      0.257418
  C       1.469568     -1.455097      1.634317
  C       0.705826     -0.668755      2.475884
  C      -1.073320      1.067076      2.922137
  H      -0.504049      1.954447      3.240765
  H      -1.302991      0.515509      3.841556
  H      -2.004314      1.422628      2.464819
  H       2.305420      4.935038      0.879486
  H       0.252714     -0.354115     -1.365790
  H       1.896919     -1.986932     -0.420228
  H       2.183509     -2.171600      2.060439
  H       0.836846     -0.736742      3.566409
  N      -2.161166     -0.533458     -7.817385
  O      -1.236086     -1.171404     -7.505212
  O      -2.455359      0.374752     -8.485656
18
Coordinates from ORCA-job neb_orto_educts_products_MEP E -475.455238909703
  C      -0.404107      0.157671      1.651504
  C      -0.333627      0.174057      0.281682
  C       0.493077     -0.565617     -0.499840
  C       1.438228     -1.413969      0.168787
  C       1.474121     -1.443102      1.554355
  C       0.595206     -0.669003      2.288192
  C      -1.294380      0.999202      2.500925
  H      -0.843769      1.990976      2.668647
  H      -1.461266      0.554878      3.488991
  H      -2.260867      1.164911      2.009251
  H       2.888400      5.376957      0.944311
  H       0.479632     -0.540190     -1.573382
  H       2.115745     -2.030684     -0.432436
  H       2.193037     -2.091375      2.070400
  H       0.635622     -0.680441      3.387288
  N      -1.980830     -0.337622     -6.562818
  O      -1.202998     -1.173902     -6.822087
  O      -2.531222      0.527253     -7.123770
18
Coordinates from ORCA-job neb_orto_educts_products_MEP E -475.454273491934
  C      -0.513456      0.067785      1.336164
  C      -0.328133     -0.004370     -0.023248
  C       0.624203     -0.720013     -0.672898
  C       1.557681     -1.472233      0.113630
  C       1.461866     -1.420181      1.492259
  C       0.472284     -0.666541      2.095976
  C      -1.520524      0.891626      2.065704
  H      -1.196084      1.945146      2.105740
  H      -1.661720      0.548490      3.097657
  H      -2.488024      0.873198      1.549027
  H       3.540331      5.906564      0.875343
  H       0.776473     -0.725391     -1.734194
  H       2.328305     -2.065976     -0.394404
  H       2.173232     -1.989064      2.100757
  H       0.412183     -0.626427      3.192343
  N      -1.882001     -0.222576     -5.460961
  O      -1.204158     -1.013758     -5.996935
  O      -2.552457      0.693720     -5.741961
18
Coordinates from ORCA-job neb_orto_educts_products_MEP E -475.458530504907
  C      -0.609800     -0.027740      1.019378
  C      -0.292845     -0.184761     -0.313485
  C       0.760956     -0.869209     -0.837154
  C       1.654842     -1.515789      0.075358
  C       1.427600     -1.383951      1.431301
  C       0.343691     -0.663529      1.897822
  C      -1.729624      0.750530      1.635150
  H      -1.529223      1.832025      1.563235
  H      -1.868191      0.504589      2.696886
  H      -2.674866      0.566528      1.110971
  H       4.228487      6.500617      0.759588
  H       1.060894     -0.923943     -1.869290
  H       2.507571     -2.083491     -0.319958
  H       2.116848     -1.866437      2.131209
  H       0.184803     -0.576275      2.980642
  N      -1.840571     -0.097564     -4.398921
  O      -1.203556     -0.801535     -5.088187
  O      -2.537015      0.839935     -4.474545
18
Coordinates from ORCA-job neb_orto_educts_products_MEP E -475.480707170548
  C      -0.701347     -0.118272      0.721484
  C      -0.281425     -0.343011     -0.581402
  C       0.845213     -0.991709     -1.005410
  C       1.705221     -1.519490      0.004372
  C       1.372523     -1.334613      1.334165
  C       0.219217     -0.659992      1.689053
  C      -1.906429      0.607898      1.245428
  H      -1.810659      1.690239      1.072772
  H      -2.046320      0.448539      2.325461
  H      -2.825967      0.286978      0.741957
  H       4.869304      7.085036      0.648867
  H       1.181505     -1.139255     -2.022126
  H       2.614410     -2.056034     -0.292137
  H       2.034101     -1.736511      2.107510
  H      -0.018547     -0.534964      2.753654
  N      -1.679890      0.016817     -3.319543
  O      -1.157680     -0.631649     -4.150518
  O      -2.413231      0.929992     -3.273586
18
Coordinates from ORCA-job neb_orto_educts_products_MEP E -475.478075102024
  C      -0.801037     -0.198580      0.454545
  C      -0.382219     -0.429666     -0.874493
  C       0.823142     -1.071607     -1.183715
  C       1.669705     -1.488327     -0.159853
  C       1.288698     -1.276509      1.169109
  C       0.074963     -0.650833      1.459293
  C      -2.092551      0.469954      0.856401
  H      -2.083394      1.539491      0.597612
  H      -2.245739      0.366298      1.940890
  H      -2.959319      0.042296      0.332550
  H       5.537770      7.701973      0.534585
  H       1.068575     -1.234221     -2.233286
  H       2.615509     -1.981155     -0.397206
  H       1.936215     -1.606611      1.985957
  H      -0.216178     -0.503306      2.502942
  N      -1.204253     -0.004983     -2.030520
  O      -0.976488     -0.529358     -3.108558
  O      -2.053399      0.855145     -1.846253
