18
Coordinates from ORCA-job neb_orto_educts_products_initial_path E   0.000000000000
  C       0.282504      0.587724      3.016425
  C      -0.242160      0.906397      1.738144
  C       0.007265      0.087490      0.647154
  C       0.791740     -1.075227      0.803298
  C       1.323019     -1.407891      2.065932
  C       1.072361     -0.590001      3.154780
  C       0.025713      1.457100      4.200688
  H       0.975931      1.865044      4.593518
  H      -0.410616      0.870642      5.029391
  H      -0.643200      2.296763      3.969193
  H      -0.848017      1.808060      1.622176
  H      -0.402223      0.337747     -0.333945
  H       0.987268     -1.719181     -0.057691
  H       1.928231     -2.309645      2.181531
  H       1.478961     -0.843180      4.137118
  N      -2.180812     -0.930741    -12.296400
  O      -1.885807     -0.993276    -11.178936
  O      -2.260159     -0.347826    -13.292376
18
Coordinates from ORCA-job neb_orto_educts_products_initial_path E   0.000000000000
  C       0.130032      0.497948      2.812309
  C      -0.283415      0.800893      1.484730
  C       0.067039     -0.046177      0.433102
  C       0.909493     -1.155729      0.657364
  C       1.363621     -1.443367      1.957557
  C       0.992313     -0.621578      3.009473
  C      -0.221511      1.332437      4.003477
  H       0.665039      1.854217      4.411119
  H      -0.593320      0.700980      4.831773
  H      -1.000382      2.078264      3.794759
  H      -0.138678      2.884835      0.858746
  H      -0.286925      0.121256     -0.588011
  H       1.198101     -1.808999     -0.170448
  H       1.996879     -2.316127      2.133660
  H       1.352735     -0.857389      4.014953
  N      -2.122579     -0.880574    -11.279141
  O      -1.753198     -0.973400    -10.178509
  O      -2.275243     -0.167490    -12.186914
18
Coordinates from ORCA-job neb_orto_educts_products_initial_path E   0.000000000000
  C      -0.003606      0.403516      2.569282
  C      -0.304853      0.673737      1.208696
  C       0.169819     -0.154175      0.195137
  C       1.038409     -1.217801      0.506177
  C       1.412562     -1.457439      1.840622
  C       0.908288     -0.651685      2.850270
  C      -0.526196      1.216891      3.711709
  H       0.258744      1.837757      4.181072
  H      -0.889883      0.562615      4.524828
  H      -1.358129      1.866738      3.408333
  H       0.777579      3.735903      0.596441
  H      -0.128950      0.006993     -0.842822
  H       1.422364     -1.866584     -0.285081
  H       2.080446     -2.286519      2.086178
  H       1.200866     -0.846260      3.885839
  N      -2.097511     -0.835475    -10.238927
  O      -1.618540     -0.995345     -9.181573
  O      -2.341408      0.007133    -11.016181
18
Coordinates from ORCA-job neb_orto_educts_products_initial_path E   0.000000000000
  C      -0.137247      0.317048      2.279338
  C      -0.327252      0.535209      0.891263
  C       0.281162     -0.287772     -0.051712
  C       1.177127     -1.285307      0.367631
  C       1.451982     -1.460881      1.734676
  C       0.810512     -0.664115      2.672800
  C      -0.814683      1.131531      3.336686
  H      -0.136088      1.871902      3.795942
  H      -1.139258      0.494428      4.178093
  H      -1.688634      1.668858      2.944470
  H       1.610356      4.420755      0.703155
  H       0.052486     -0.161253     -1.111170
  H       1.662294     -1.930579     -0.368649
  H       2.147178     -2.236499      2.064662
  H       1.028087     -0.801007      3.735551
  N      -2.119481     -0.759438     -9.159006
  O      -1.442982     -1.055525     -8.240853
  O      -2.415560      0.202643     -9.772878
18
Coordinates from ORCA-job neb_orto_educts_products_initial_path E   0.000000000000
  C      -0.269581      0.224340      1.974527
  C      -0.353423      0.378035      0.568369
  C       0.393708     -0.431887     -0.281475
  C       1.309762     -1.349953      0.250198
  C       1.473877     -1.456023      1.640528
  C       0.706678     -0.665639      2.487168
  C      -1.065428      1.064475      2.924407
  H      -0.500226      1.952420      3.254463
  H      -1.298860      0.513335      3.850736
  H      -1.999905      1.425908      2.474238
  H       2.288230      4.928391      0.878581
  H       0.246460     -0.347790     -1.358460
  H       1.895348     -1.985344     -0.418261
  H       2.185976     -2.170688      2.060000
  H       0.844876     -0.739391      3.569080
  N      -2.178722     -0.546038     -7.834285
  O      -1.225273     -1.174264     -7.518876
  O      -2.453496      0.380112     -8.520937
18
Coordinates from ORCA-job neb_orto_educts_products_initial_path E   0.000000000000
  C      -0.387407      0.136980      1.664439
  C      -0.370344      0.207721      0.250124
  C       0.512611     -0.579894     -0.481850
  C       1.436543     -1.411324      0.158302
  C       1.477726     -1.443164      1.558969
  C       0.592542     -0.664069      2.295592
  C      -1.289859      0.995968      2.497646
  H      -0.845599      1.989635      2.672216
  H      -1.460364      0.553140      3.492027
  H      -2.260624      1.163985      2.011233
  H       2.880145      5.377761      0.945295
  H       0.477108     -0.536416     -1.569064
  H       2.117753     -2.029468     -0.430849
  H       2.195425     -2.089519      2.069618
  H       0.640236     -0.682577      3.387362
  N      -1.988426     -0.340906     -6.538892
  O      -1.194567     -1.179252     -6.838166
  O      -2.532899      0.531400     -7.144001
18
Coordinates from ORCA-job neb_orto_educts_products_initial_path E   0.000000000000
  C      -0.497088      0.048198      1.349935
  C      -0.363792      0.024969     -0.059396
  C       0.642222     -0.733962     -0.650849
  C       1.559413     -1.469910      0.101567
  C       1.464088     -1.418819      1.495793
  C       0.466496     -0.660970      2.100731
  C      -1.516849      0.889128      2.062328
  H      -1.199211      1.943517      2.106431
  H      -1.662205      0.546365      3.098848
  H      -2.488463      0.870912      1.549175
  H       3.534393      5.910032      0.876124
  H       0.776931     -0.722993     -1.730154
  H       2.330934     -2.065122     -0.392734
  H       2.175412     -1.987287      2.099359
  H       0.416080     -0.628166      3.191965
  N      -1.881434     -0.228596     -5.434759
  O      -1.195012     -1.022428     -6.011274
  O      -2.561915      0.705132     -5.753090
18
Coordinates from ORCA-job neb_orto_educts_products_initial_path E   0.000000000000
  C      -0.596743     -0.044809      1.029531
  C      -0.323755     -0.164274     -0.354607
  C       0.779108     -0.883542     -0.818379
  C       1.659806     -1.514748      0.062578
  C       1.428476     -1.380890      1.433022
  C       0.333031     -0.657905      1.896976
  C      -1.729899      0.745611      1.626533
  H      -1.538172      1.828104      1.553909
  H      -1.873043      0.501853      2.691121
  H      -2.678383      0.559050      1.103585
  H       4.234432      6.515202      0.758242
  H       1.068904     -0.926081     -1.868168
  H       2.513401     -2.082906     -0.316744
  H       2.118141     -1.862877      2.130199
  H       0.184811     -0.576943      2.977073
  N      -1.837778     -0.105160     -4.359534
  O      -1.191217     -0.809921     -5.088768
  O      -2.551120      0.860235     -4.456569
18
Coordinates from ORCA-job neb_orto_educts_products_initial_path E   0.000000000000
  C      -0.695297     -0.134814      0.713922
  C      -0.304887     -0.338624     -0.631879
  C       0.867221     -1.009789     -1.000540
  C       1.710894     -1.518645     -0.012511
  C       1.369076     -1.328834      1.327850
  C       0.199797     -0.654000      1.673815
  C      -1.917975      0.593354      1.215131
  H      -1.835820      1.676388      1.033458
  H      -2.062872      0.441899      2.296851
  H      -2.838352      0.263231      0.712924
  H       4.914290      7.136853      0.640727
  H       1.192561     -1.154805     -2.032429
  H       2.624801     -2.051525     -0.288798
  H       2.029291     -1.724708      2.104052
  H      -0.031522     -0.533507      2.736044
  N      -1.660589      0.010027     -3.211179
  O      -1.143151     -0.628775     -4.097979
  O      -2.417466      0.956273     -3.179459
18
Coordinates from ORCA-job neb_orto_educts_products_initial_path E   0.000000000000
  C      -0.801146     -0.199185      0.454088
  C      -0.381222     -0.430364     -0.874584
  C       0.824964     -1.071254     -1.182765
  C       1.671250     -1.486770     -0.158186
  C       1.289156     -1.274822      1.170443
  C       0.074623     -0.650212      1.459587
  C      -2.093573      0.468249      0.854836
  H      -2.085279      1.537697      0.595650
  H      -2.247380      0.364852      1.939261
  H      -2.959578      0.039556      0.330571
  H       5.529958      7.707529      0.535365
  H       1.071252     -1.234024     -2.232112
  H       2.617687     -1.978771     -0.394725
  H       1.936450     -1.603991      1.987845
  H      -0.217352     -0.502576      2.502987
  N      -1.202899     -0.006910     -2.031317
  O      -0.973911     -0.531469     -3.109006
  O      -2.052999      0.852465     -1.847937
