18
Coordinates from ORCA-job neb_orto_educts_products_im4
  C   -0.28622322902872      0.24303170987590      1.95906794311971
  C   -0.31888837895946      0.33974429642657      0.58969519538635
  C   0.37725503932156     -0.42040899128721     -0.29772262465871
  C   1.31433988130112     -1.35371620119310      0.25741835456470
  C   1.46956845994027     -1.45509693615481      1.63431739747317
  C   0.70582609668099     -0.66875457143479      2.47588440311159
  C   -1.07332028806546      1.06707620543215      2.92213653034330
  H   -0.50404890784876      1.95444723945583      3.24076454646025
  H   -1.30299063405049      0.51550946260960      3.84155560926928
  H   -2.00431423384935      1.42262812190949      2.46481860208368
  H   2.30541966081199      4.93503751238032      0.87948601815122
  H   0.25271360301405     -0.35411478433760     -1.36578959350561
  H   1.89691882990035     -1.98693166823837     -0.42022782436985
  H   2.18350877714828     -2.17159976209859      2.06043876653315
  H   0.83684591665325     -0.73674187147838      3.56640946475371
  N   -2.16116573087340     -0.53345770572619     -7.81738532610745
  O   -1.23608552658200     -1.17140372138798     -7.50521168608268
  O   -2.45535933551422      0.37475166524716     -8.48565577652581
