18
Coordinates from ORCA-job neb_orto_educts_products_im1
  C   0.13115488564222      0.50545470366271      2.81152757395019
  C   -0.26347588787264      0.81012381591086      1.47759655410245
  C   0.06451748710536     -0.04490842924516      0.42659834142723
  C   0.90340085207536     -1.15622734269045      0.65839319769815
  C   1.36346418723869     -1.44206861204650      1.95627390230066
  C   0.98722502220820     -0.62221773379579      3.00602215685613
  C   -0.22680310314792      1.33306398295798      4.00437466631728
  H   0.66260854162267      1.85405656057504      4.40771046919469
  H   -0.59490776817998      0.69998082794297      4.82830645402980
  H   -1.00158141255244      2.07768704109143      3.78999516815323
  H   -0.13672919475344      2.86193548316188      0.86699323538104
  H   -0.28403137989279      0.12332949411472     -0.59001438980458
  H   1.19854085066305     -1.80848767204509     -0.17215956949935
  H   1.99705935475319     -2.31613488812354      2.13359137328559
  H   1.34905042816117     -0.85622000468775      4.01486814938534
  N   -2.11553335352138     -0.86049093232899    -11.26550235074704
  O   -1.75680665281807     -0.98088167558294    -10.17919987790594
  O   -2.27715285673127     -0.17799461887137    -12.17537505412487
