18
Coordinates from ORCA-job neb_orto_educts_products_im5
  C   -0.40410666228938      0.15767112693734      1.65150411508149
  C   -0.33362742384413      0.17405740023076      0.28168184344438
  C   0.49307655441897     -0.56561733428456     -0.49983991131760
  C   1.43822750078397     -1.41396861573631      0.16878664623154
  C   1.47412069136985     -1.44310171192479      1.55435462861843
  C   0.59520563145392     -0.66900333599127      2.28819196642460
  C   -1.29437991465147      0.99920153600345      2.50092527896259
  H   -0.84376885674844      1.99097614770497      2.66864685752900
  H   -1.46126583931355      0.55487752566028      3.48899147783199
  H   -2.26086696790597      1.16491070258727      2.00925098476098
  H   2.88839971719903      5.37695656327078      0.94431133914142
  H   0.47963194632510     -0.54019021818268     -1.57338175927743
  H   2.11574452619329     -2.03068385190991     -0.43243569899484
  H   2.19303671134428     -2.09137478318669      2.07039965201272
  H   0.63562167909145     -0.68044069847248      3.38728751618359
  N   -1.98082969933994     -0.33762207585245     -6.56281763855190
  O   -1.20299765148587     -1.17390171430906     -6.82208680381751
  O   -2.53122194260112      0.52725333745536     -7.12377049426345
