18
Coordinates from ORCA-job neb_orto_educts_products_im0
  C   0.28250436190231      0.58772442151065      3.01642523325943
  C   -0.24216018757654      0.90639668492955      1.73814445150007
  C   0.00726528572342      0.08749025759337      0.64715381040071
  C   0.79173973829848     -1.07522661917645      0.80329754095248
  C   1.32301864187618     -1.40789066321799      2.06593189849792
  C   1.07236081414448     -0.59000106208095      3.15477985374929
  C   0.02571278263804      1.45710028606128      4.20068831682345
  H   0.97593138978395      1.86504363901447      4.59351838428846
  H   -0.41061611763269      0.87064176175062      5.02939062772365
  H   -0.64319981782796      2.29676331636942      3.96919319334670
  H   -0.84801665101498      1.80806019442880      1.62217595628015
  H   -0.40222294489938      0.33774694624748     -0.33394493355802
  H   0.98726765797800     -1.71918066959623     -0.05769056636920
  H   1.92823110607632     -2.30964467190854      2.18153053706304
  H   1.47896090614827     -0.84318035624420      4.13711755657197
  N   -2.18081183602252     -0.93074071966784    -12.29639981752857
  O   -1.88580660099524     -0.99327647128898    -11.17893574174090
  O   -2.26015852860018     -0.34782627472445    -13.29237630126066
