18
Coordinates from ORCA-job neb_orto_educts_products_MEP_ALL E -475.663166774593
  C       0.282504      0.587724      3.016425
  C      -0.242160      0.906397      1.738144
  C       0.007265      0.087490      0.647154
  C       0.791740     -1.075227      0.803298
  C       1.323019     -1.407891      2.065932
  C       1.072361     -0.590001      3.154780
  C       0.025713      1.457100      4.200688
  H       0.975931      1.865044      4.593518
  H      -0.410616      0.870642      5.029391
  H      -0.643200      2.296763      3.969193
  H      -0.848017      1.808060      1.622176
  H      -0.402223      0.337747     -0.333945
  H       0.987268     -1.719181     -0.057691
  H       1.928231     -2.309645      2.181531
  H       1.478961     -0.843180      4.137118
  N      -2.180812     -0.930741    -12.296400
  O      -1.885807     -0.993276    -11.178936
  O      -2.260159     -0.347826    -13.292376
18
Coordinates from ORCA-job neb_orto_educts_products_MEP_ALL E -475.544746849895
  C       0.130059      0.498066      2.812081
  C      -0.282987      0.801097      1.484729
  C       0.067109     -0.046170      0.432937
  C       0.909395     -1.155766      0.657464
  C       1.363604     -1.443353      1.957360
  C       0.992069     -0.621540      3.009399
  C      -0.221595      1.332484      4.003537
  H       0.664932      1.854221      4.411027
  H      -0.593391      0.700950      4.831663
  H      -1.000439      2.078233      3.794621
  H      -0.138592      2.884367      0.858916
  H      -0.286853      0.121296     -0.588074
  H       1.198112     -1.809010     -0.170491
  H       1.996907     -2.316118      2.133652
  H       1.352649     -0.857361      4.014945
  N      -2.122060     -0.879103    -11.278426
  O      -1.753552     -0.973916    -10.179010
  O      -2.275367     -0.168375    -12.186329
18
Coordinates from ORCA-job neb_orto_educts_products_MEP_ALL E -475.476747887565
  C      -0.003977      0.403864      2.568825
  C      -0.304098      0.672768      1.208768
  C       0.169643     -0.153985      0.194665
  C       1.038578     -1.217934      0.506225
  C       1.412501     -1.457401      1.840375
  C       0.908119     -0.651749      2.849901
  C      -0.526591      1.216855      3.711454
  H       0.258329      1.837801      4.180575
  H      -0.890176      0.562560      4.524391
  H      -1.358459      1.866559      3.407805
  H       0.778527      3.736544      0.596581
  H      -0.128716      0.006798     -0.843171
  H       1.422561     -1.866643     -0.285217
  H       2.080475     -2.286503      2.086154
  H       1.200586     -0.846173      3.885705
  N      -2.097427     -0.835059    -10.237625
  O      -1.618391     -0.995513     -9.180609
  O      -2.341483      0.007210    -11.014801
18
Coordinates from ORCA-job neb_orto_educts_products_MEP_ALL E -475.464356452336
  C      -0.137600      0.317481      2.279047
  C      -0.326453      0.534278      0.891706
  C       0.280806     -0.287467     -0.052025
  C       1.177226     -1.285389      0.367799
  C       1.451876     -1.460848      1.734523
  C       0.810488     -0.664170      2.672549
  C      -0.814854      1.131577      3.336701
  H      -0.136167      1.871945      3.795684
  H      -1.139341      0.494461      4.177925
  H      -1.688720      1.668810      2.944300
  H       1.610682      4.420886      0.703217
  H       0.052591     -0.161357     -1.111322
  H       1.662312     -1.930596     -0.368712
  H       2.147136     -2.236529      2.064660
  H       1.027929     -0.800952      3.735521
  N      -2.119323     -0.758996     -9.158421
  O      -1.443014     -1.055655     -8.240717
  O      -2.415574      0.202521     -9.772433
18
Coordinates from ORCA-job neb_orto_educts_products_MEP_ALL E -475.460183288875
  C      -0.269976      0.224778      1.974159
  C      -0.352613      0.377135      0.568865
  C       0.393318     -0.431614     -0.281860
  C       1.309876     -1.350041      0.250369
  C       1.473778     -1.455998      1.640379
  C       0.706662     -0.665715      2.486900
  C      -1.065615      1.064529      2.924352
  H      -0.500321      1.952465      3.254138
  H      -1.298958      0.513381      3.850518
  H      -2.000012      1.425823      2.474015
  H       2.288628      4.928555      0.878606
  H       0.246609     -0.347938     -1.358632
  H       1.895391     -1.985377     -0.418310
  H       2.185924     -2.170706      2.060008
  H       0.844689     -0.739330      3.569016
  N      -2.178307     -0.545738     -7.833877
  O      -1.225532     -1.174191     -7.518553
  O      -2.453543      0.379984     -8.520095
18
Coordinates from ORCA-job neb_orto_educts_products_MEP_ALL E -475.454710217159
  C      -0.387801      0.137466      1.664135
  C      -0.369482      0.206933      0.250867
  C       0.512146     -0.579552     -0.482274
  C       1.436588     -1.411385      0.158551
  C       1.477644     -1.443160      1.558859
  C       0.592612     -0.664187      2.295420
  C      -1.289963      0.996039      2.497730
  H      -0.845555      1.989663      2.672140
  H      -1.460382      0.553176      3.491960
  H      -2.260628      1.164004      2.011193
  H       2.880321      5.377742      0.945275
  H       0.477165     -0.536500     -1.569162
  H       2.117709     -2.029492     -0.430889
  H       2.195374     -2.089561      2.069634
  H       0.640134     -0.682528      3.387362
  N      -1.988250     -0.340829     -6.539468
  O      -1.194769     -1.179122     -6.837797
  O      -2.532861      0.531296     -7.143537
18
Coordinates from ORCA-job neb_orto_educts_products_MEP_ALL E -475.453737774189
  C      -0.497477      0.048657      1.349605
  C      -0.362954      0.024279     -0.058551
  C       0.641795     -0.733630     -0.651372
  C       1.559379     -1.469964      0.101854
  C       1.464039     -1.418848      1.495707
  C       0.466637     -0.661103      2.100618
  C      -1.516937      0.889180      2.062405
  H      -1.199144      1.943551      2.106412
  H      -1.662195      0.546409      3.098818
  H      -2.488455      0.870957      1.549169
  H       3.534526      5.909962      0.876108
  H       0.776924     -0.723048     -1.730248
  H       2.330879     -2.065138     -0.392776
  H       2.175366     -1.987325      2.099390
  H       0.415990     -0.628127      3.191973
  N      -1.881449     -0.228453     -5.435368
  O      -1.195231     -1.022218     -6.010928
  O      -2.561693      0.704859     -5.752814
18
Coordinates from ORCA-job neb_orto_educts_products_MEP_ALL E -475.458044936316
  C      -0.597056     -0.044412      1.029280
  C      -0.323028     -0.164760     -0.353651
  C       0.778682     -0.883204     -0.818829
  C       1.659698     -1.514772      0.062880
  C       1.428457     -1.380958      1.432977
  C       0.333285     -0.658040      1.896991
  C      -1.729898      0.745717      1.626725
  H      -1.537974      1.828188      1.554115
  H      -1.872935      0.501911      2.691247
  H      -2.678306      0.559211      1.103748
  H       4.234298      6.514885      0.758273
  H       1.068725     -0.926033     -1.868197
  H       2.513274     -2.082915     -0.316820
  H       2.118114     -1.862954      2.130221
  H       0.184807     -0.576928      2.977151
  N      -1.837845     -0.104977     -4.360432
  O      -1.191511     -0.809713     -5.088725
  O      -2.550787      0.859755     -4.456954
18
Coordinates from ORCA-job neb_orto_educts_products_MEP_ALL E -475.480369108178
  C      -0.695437     -0.134427      0.714107
  C      -0.304343     -0.338718     -0.630693
  C       0.866699     -1.009356     -1.000652
  C       1.710764     -1.518662     -0.012113
  C       1.369161     -1.328968      1.327998
  C       0.200262     -0.654143      1.674180
  C      -1.917698      0.593695      1.215855
  H      -1.835225      1.676712      1.034398
  H      -2.062478      0.442050      2.297535
  H      -2.838057      0.263790      0.713618
  H       4.913201      7.135629      0.640925
  H       1.192296     -1.154427     -2.032183
  H       2.624558     -2.051627     -0.288882
  H       2.029412     -1.724986      2.104130
  H      -0.031208     -0.533545      2.736464
  N      -1.661048      0.010184     -3.213755
  O      -1.143494     -0.628845     -4.099232
  O      -2.417366      0.955643     -3.181699
18
Coordinates from ORCA-job neb_orto_educts_products_MEP_ALL E -475.478075102024
  C      -0.801142     -0.199173      0.454099
  C      -0.381246     -0.430347     -0.874582
  C       0.824922     -1.071259     -1.182790
  C       1.671217     -1.486803     -0.158228
  C       1.289149     -1.274861      1.170409
  C       0.074634     -0.650229      1.459579
  C      -2.093549      0.468284      0.854875
  H      -2.085237      1.537734      0.595700
  H      -2.247341      0.364879      1.939302
  H      -2.959572      0.039614      0.330620
  H       5.530125      7.707410      0.535350
  H       1.071189     -1.234023     -2.232142
  H       2.617640     -1.978821     -0.394789
  H       1.936450     -1.604051      1.987797
  H      -0.217321     -0.502596      2.502985
  N      -1.202933     -0.006865     -2.031297
  O      -0.973974     -0.531418     -3.108995
  O      -2.053012      0.852525     -1.847894
18
Coordinates from ORCA-job neb_orto_educts_products_MEP_ALL E -475.663166774593
  C       0.282504      0.587724      3.016425
  C      -0.242160      0.906397      1.738144
  C       0.007265      0.087490      0.647154
  C       0.791740     -1.075227      0.803298
  C       1.323019     -1.407891      2.065932
  C       1.072361     -0.590001      3.154780
  C       0.025713      1.457100      4.200688
  H       0.975931      1.865044      4.593518
  H      -0.410616      0.870642      5.029391
  H      -0.643200      2.296763      3.969193
  H      -0.848017      1.808060      1.622176
  H      -0.402223      0.337747     -0.333945
  H       0.987268     -1.719181     -0.057691
  H       1.928231     -2.309645      2.181531
  H       1.478961     -0.843180      4.137118
  N      -2.180812     -0.930741    -12.296400
  O      -1.885807     -0.993276    -11.178936
  O      -2.260159     -0.347826    -13.292376
18
Coordinates from ORCA-job neb_orto_educts_products_MEP_ALL E -475.544913563937
  C       0.130513      0.501324      2.810519
  C      -0.273607      0.805413      1.481908
  C       0.066599     -0.045751      0.429584
  C       0.906761     -1.156178      0.658219
  C       1.363489     -1.442827      1.955848
  C       0.988947     -0.621616      3.007667
  C      -0.224159      1.332861      4.003953
  H       0.663244      1.854168      4.409171
  H      -0.594528      0.700340      4.829644
  H      -1.001398      2.077733      3.791933
  H      -0.136807      2.874263      0.862587
  H      -0.285329      0.122178     -0.589294
  H       1.198476     -1.808924     -0.171411
  H       1.997150     -2.316067      2.133555
  H       1.350766     -0.856796      4.014790
  N      -2.116917     -0.864523    -11.269217
  O      -1.756500     -0.979186    -10.181015
  O      -2.276700     -0.176412    -12.178439
18
Coordinates from ORCA-job neb_orto_educts_products_MEP_ALL E -475.477042163763
  C      -0.011600      0.410991      2.559384
  C      -0.288590      0.652852      1.210146
  C       0.166109     -0.150193      0.184917
  C       1.042003     -1.220682      0.507139
  C       1.411212     -1.456676      1.835317
  C       0.904549     -0.653047      2.842296
  C      -0.534766      1.216184      3.706081
  H       0.249738      1.838763      4.170235
  H      -0.896271      0.561483      4.515308
  H      -1.365286      1.862919      3.396804
  H       0.798370      3.749903      0.599454
  H      -0.123866      0.002751     -0.850457
  H       1.426589     -1.867927     -0.287996
  H       2.080986     -2.286213      2.085677
  H       1.194726     -0.844359      3.882908
  N      -2.095669     -0.826568    -10.210577
  O      -1.615247     -0.999032     -9.160499
  O      -2.342988      0.008852    -10.986135
18
Coordinates from ORCA-job neb_orto_educts_products_MEP_ALL E -475.464747388220
  C      -0.144823      0.326341      2.273086
  C      -0.310051      0.515159      0.900753
  C       0.273571     -0.281316     -0.058454
  C       1.179177     -1.287093      0.371196
  C       1.449660     -1.460220      1.731426
  C       0.809889     -0.665268      2.667400
  C      -0.818393      1.132594      3.336938
  H      -0.137788      1.872906      3.790298
  H      -1.141081      0.495237      4.174412
  H      -1.690504      1.667900      2.940726
  H       1.617623      4.423568      0.704459
  H       0.054752     -0.163522     -1.114511
  H       1.662646     -1.931014     -0.369981
  H       2.146186     -2.237170      2.064646
  H       1.024610     -0.799798      3.734867
  N      -2.116074     -0.749970     -9.146280
  O      -1.443598     -1.058398     -8.237780
  O      -2.415802      0.200064     -9.763203
18
Coordinates from ORCA-job neb_orto_educts_products_MEP_ALL E -475.460607669773
  C      -0.278027      0.233749      1.966641
  C      -0.335988      0.358673      0.579042
  C       0.385403     -0.426105     -0.289722
  C       1.312133     -1.351871      0.253830
  C       1.471711     -1.455542      1.637360
  C       0.706246     -0.667225      2.481419
  C      -1.069462      1.065739      2.923175
  H      -0.502247      1.953431      3.247423
  H      -1.300980      0.514416      3.846022
  H      -2.002194      1.424162      2.469386
  H       2.297001      4.931869      0.879073
  H       0.249674     -0.351017     -1.362197
  H       1.896210     -1.986138     -0.419270
  H       2.184757     -2.171126      2.060211
  H       0.840791     -0.738055      3.567692
  N      -2.169797     -0.539596     -7.825415
  O      -1.230761     -1.172789     -7.511866
  O      -2.454469      0.377424     -8.502803
18
Coordinates from ORCA-job neb_orto_educts_products_MEP_ALL E -475.455238909703
  C      -0.395841      0.147440      1.657950
  C      -0.351799      0.190769      0.266105
  C       0.502690     -0.572631     -0.490914
  C       1.437403     -1.412652      0.163622
  C       1.475919     -1.443126      1.556637
  C       0.593943     -0.666578      2.291888
  C      -1.292096      0.997588      2.499395
  H      -0.844619      1.990302      2.670532
  H      -1.460778      0.553994      3.490573
  H      -2.260706      1.164480      2.010329
  H       2.884144      5.377276      0.944828
  H       0.478330     -0.538276     -1.571201
  H       2.116718     -2.030058     -0.431671
  H       2.194248     -2.090469      2.069994
  H       0.637965     -0.681520      3.387363
  N      -1.984618     -0.339254     -6.551198
  O      -1.198851     -1.176543     -6.830204
  O      -2.532054      0.529259     -7.134027
18
Coordinates from ORCA-job neb_orto_educts_products_MEP_ALL E -475.454273491934
  C      -0.505394      0.058070      1.342907
  C      -0.345779      0.010135     -0.041207
  C       0.633115     -0.726918     -0.662032
  C       1.558589     -1.471093      0.107668
  C       1.462976     -1.419491      1.493983
  C       0.469432     -0.663800      2.098297
  C      -1.518739      0.890336      2.063969
  H      -1.197704      1.944311      2.105998
  H      -1.661993      0.547409      3.098185
  H      -2.488280      0.871987      1.549032
  H       3.537453      5.908403      0.875733
  H       0.776754     -0.724222     -1.732207
  H       2.329663     -2.065539     -0.393585
  H       2.174332     -1.988158      2.100057
  H       0.414090     -0.627291      3.192124
  N      -1.881719     -0.225525     -5.447820
  O      -1.199657     -1.017987     -6.003878
  O      -2.557139      0.699373     -5.747223
18
Coordinates from ORCA-job neb_orto_educts_products_MEP_ALL E -475.458530504907
  C      -0.603398     -0.036247      1.024229
  C      -0.308135     -0.174686     -0.333992
  C       0.769986     -0.876354     -0.827961
  C       1.657370     -1.515289      0.069032
  C       1.428032     -1.382409      1.432109
  C       0.338391     -0.660760      1.897316
  C      -1.729857      0.747997      1.630686
  H      -1.533826      1.830010      1.558373
  H      -1.870690      0.503186      2.693848
  H      -2.676697      0.562650      1.107116
  H       4.231701      6.508153      0.758886
  H       1.064996     -0.925078     -1.868789
  H       2.510565     -2.083189     -0.318347
  H       2.117486     -1.864606      2.130710
  H       0.184713     -0.576595      2.978775
  N      -1.839187     -0.101246     -4.378926
  O      -1.197478     -0.805550     -5.088021
  O      -2.543973      0.850012     -4.465045
18
Coordinates from ORCA-job neb_orto_educts_products_MEP_ALL E -475.480707170548
  C      -0.698274     -0.126461      0.717955
  C      -0.293144     -0.340637     -0.606301
  C       0.856044     -1.000584     -1.002855
  C       1.708031     -1.519057     -0.003945
  C       1.370875     -1.331772      1.331106
  C       0.209724     -0.657039      1.681680
  C      -1.912010      0.600782      1.230709
  H      -1.822937      1.683474      1.053685
  H      -2.054382      0.445265      2.311580
  H      -2.831993      0.275394      0.727855
  H       4.891053      7.110288      0.644939
  H       1.186910     -1.146762     -2.027098
  H       2.619507     -2.053814     -0.290521
  H       2.031816     -1.730755      2.105797
  H      -0.024797     -0.534285      2.745103
  N      -1.670497      0.013407     -3.266687
  O      -1.150513     -0.630345     -4.125142
  O      -2.415414      0.942902     -3.227859
18
Coordinates from ORCA-job neb_orto_educts_products_MEP_ALL E -475.478075102024
  C      -0.801085     -0.198892      0.454324
  C      -0.381730     -0.430007     -0.874539
  C       0.824043     -1.071413     -1.183263
  C       1.670483     -1.487540     -0.159057
  C       1.288947     -1.275674      1.169746
  C       0.074814     -0.650539      1.459431
  C      -2.093054      0.469082      0.855649
  H      -2.084337      1.538578      0.596674
  H      -2.246538      0.365543      1.940107
  H      -2.959445      0.040909      0.331597
  H       5.533837      7.704771      0.534999
  H       1.069892     -1.234092     -2.232727
  H       2.616603     -1.979948     -0.396020
  H       1.936364     -1.605316      1.986859
  H      -0.216732     -0.502971      2.502961
  N      -1.203601     -0.005928     -2.030904
  O      -0.975235     -0.530382     -3.108777
  O      -2.053226      0.853818     -1.847060
18
Coordinates from ORCA-job neb_orto_educts_products_MEP_ALL E -475.663166774593
  C       0.282504      0.587724      3.016425
  C      -0.242160      0.906397      1.738144
  C       0.007265      0.087490      0.647154
  C       0.791740     -1.075227      0.803298
  C       1.323019     -1.407891      2.065932
  C       1.072361     -0.590001      3.154780
  C       0.025713      1.457100      4.200688
  H       0.975931      1.865044      4.593518
  H      -0.410616      0.870642      5.029391
  H      -0.643200      2.296763      3.969193
  H      -0.848017      1.808060      1.622176
  H      -0.402223      0.337747     -0.333945
  H       0.987268     -1.719181     -0.057691
  H       1.928231     -2.309645      2.181531
  H       1.478961     -0.843180      4.137118
  N      -2.180812     -0.930741    -12.296400
  O      -1.885807     -0.993276    -11.178936
  O      -2.260159     -0.347826    -13.292376
18
Coordinates from ORCA-job neb_orto_educts_products_MEP_ALL E -475.544913563937
  C       0.131155      0.505455      2.811528
  C      -0.263476      0.810124      1.477597
  C       0.064517     -0.044908      0.426598
  C       0.903401     -1.156227      0.658393
  C       1.363464     -1.442069      1.956274
  C       0.987225     -0.622218      3.006022
  C      -0.226803      1.333064      4.004375
  H       0.662609      1.854057      4.407710
  H      -0.594908      0.699981      4.828306
  H      -1.001581      2.077687      3.789995
  H      -0.136729      2.861935      0.866993
  H      -0.284031      0.123329     -0.590014
  H       1.198541     -1.808488     -0.172160
  H       1.997059     -2.316135      2.133591
  H       1.349050     -0.856220      4.014868
  N      -2.115533     -0.860491    -11.265502
  O      -1.756807     -0.980882    -10.179200
  O      -2.277153     -0.177995    -12.175375
18
Coordinates from ORCA-job neb_orto_educts_products_MEP_ALL E -475.482656970162
  C      -0.017506      0.415361      2.551334
  C      -0.275408      0.634967      1.209571
  C       0.165558     -0.149801      0.175543
  C       1.044459     -1.222356      0.505359
  C       1.410578     -1.456694      1.831024
  C       0.900006     -0.653275      2.835381
  C      -0.543532      1.215909      3.699174
  H       0.240399      1.839990      4.159091
  H      -0.903082      0.560015      4.505691
  H      -1.373049      1.859082      3.384864
  H       0.820298      3.764938      0.602506
  H      -0.119034     -0.001333     -0.859156
  H       1.430975     -1.869243     -0.290660
  H       2.081307     -2.285501      2.085049
  H       1.188249     -0.842336      3.879173
  N      -2.094356     -0.819980    -10.181355
  O      -1.610858     -1.002659     -9.136512
  O      -2.345004      0.012916    -10.956077
18
Coordinates from ORCA-job neb_orto_educts_products_MEP_ALL E -475.464747388220
  C      -0.152303      0.335409      2.266778
  C      -0.293206      0.495379      0.909876
  C       0.266243     -0.275125     -0.065214
  C       1.181219     -1.288876      0.374597
  C       1.447377     -1.459587      1.728207
  C       0.809164     -0.666367      2.661999
  C      -0.822193      1.133665      3.336896
  H      -0.139665      1.873988      3.784384
  H      -1.142981      0.496099      4.170578
  H      -1.692526      1.666863      2.936725
  H       1.625274      4.426626      0.705806
  H       0.057098     -0.165884     -1.117969
  H       1.663106     -1.931507     -0.371292
  H       2.145183     -2.237793      2.064654
  H       1.021044     -0.798545      3.734083
  N      -2.112712     -0.740651     -9.132996
  O      -1.444072     -1.061326     -8.234231
  O      -2.416050      0.197632     -9.752882
18
Coordinates from ORCA-job neb_orto_educts_products_MEP_ALL E -475.460607669773
  C      -0.286223      0.243032      1.959068
  C      -0.318888      0.339744      0.589695
  C       0.377255     -0.420409     -0.297723
  C       1.314340     -1.353716      0.257418
  C       1.469568     -1.455097      1.634317
  C       0.705826     -0.668755      2.475884
  C      -1.073320      1.067076      2.922137
  H      -0.504049      1.954447      3.240765
  H      -1.302991      0.515509      3.841556
  H      -2.004314      1.422628      2.464819
  H       2.305420      4.935038      0.879486
  H       0.252714     -0.354115     -1.365790
  H       1.896919     -1.986932     -0.420228
  H       2.183509     -2.171600      2.060439
  H       0.836846     -0.736742      3.566409
  N      -2.161166     -0.533458     -7.817385
  O      -1.236086     -1.171404     -7.505212
  O      -2.455359      0.374752     -8.485656
18
Coordinates from ORCA-job neb_orto_educts_products_MEP_ALL E -475.455238909703
  C      -0.404107      0.157671      1.651504
  C      -0.333627      0.174057      0.281682
  C       0.493077     -0.565617     -0.499840
  C       1.438228     -1.413969      0.168787
  C       1.474121     -1.443102      1.554355
  C       0.595206     -0.669003      2.288192
  C      -1.294380      0.999202      2.500925
  H      -0.843769      1.990976      2.668647
  H      -1.461266      0.554878      3.488991
  H      -2.260867      1.164911      2.009251
  H       2.888400      5.376957      0.944311
  H       0.479632     -0.540190     -1.573382
  H       2.115745     -2.030684     -0.432436
  H       2.193037     -2.091375      2.070400
  H       0.635622     -0.680441      3.387288
  N      -1.980830     -0.337622     -6.562818
  O      -1.202998     -1.173902     -6.822087
  O      -2.531222      0.527253     -7.123770
18
Coordinates from ORCA-job neb_orto_educts_products_MEP_ALL E -475.454273491934
  C      -0.513456      0.067785      1.336164
  C      -0.328133     -0.004370     -0.023248
  C       0.624203     -0.720013     -0.672898
  C       1.557681     -1.472233      0.113630
  C       1.461866     -1.420181      1.492259
  C       0.472284     -0.666541      2.095976
  C      -1.520524      0.891626      2.065704
  H      -1.196084      1.945146      2.105740
  H      -1.661720      0.548490      3.097657
  H      -2.488024      0.873198      1.549027
  H       3.540331      5.906564      0.875343
  H       0.776473     -0.725391     -1.734194
  H       2.328305     -2.065976     -0.394404
  H       2.173232     -1.989064      2.100757
  H       0.412183     -0.626427      3.192343
  N      -1.882001     -0.222576     -5.460961
  O      -1.204158     -1.013758     -5.996935
  O      -2.552457      0.693720     -5.741961
18
Coordinates from ORCA-job neb_orto_educts_products_MEP_ALL E -475.458530504907
  C      -0.609800     -0.027740      1.019378
  C      -0.292845     -0.184761     -0.313485
  C       0.760956     -0.869209     -0.837154
  C       1.654842     -1.515789      0.075358
  C       1.427600     -1.383951      1.431301
  C       0.343691     -0.663529      1.897822
  C      -1.729624      0.750530      1.635150
  H      -1.529223      1.832025      1.563235
  H      -1.868191      0.504589      2.696886
  H      -2.674866      0.566528      1.110971
  H       4.228487      6.500617      0.759588
  H       1.060894     -0.923943     -1.869290
  H       2.507571     -2.083491     -0.319958
  H       2.116848     -1.866437      2.131209
  H       0.184803     -0.576275      2.980642
  N      -1.840571     -0.097564     -4.398921
  O      -1.203556     -0.801535     -5.088187
  O      -2.537015      0.839935     -4.474545
18
Coordinates from ORCA-job neb_orto_educts_products_MEP_ALL E -475.480707170548
  C      -0.701347     -0.118272      0.721484
  C      -0.281425     -0.343011     -0.581402
  C       0.845213     -0.991709     -1.005410
  C       1.705221     -1.519490      0.004372
  C       1.372523     -1.334613      1.334165
  C       0.219217     -0.659992      1.689053
  C      -1.906429      0.607898      1.245428
  H      -1.810659      1.690239      1.072772
  H      -2.046320      0.448539      2.325461
  H      -2.825967      0.286978      0.741957
  H       4.869304      7.085036      0.648867
  H       1.181505     -1.139255     -2.022126
  H       2.614410     -2.056034     -0.292137
  H       2.034101     -1.736511      2.107510
  H      -0.018547     -0.534964      2.753654
  N      -1.679890      0.016817     -3.319543
  O      -1.157680     -0.631649     -4.150518
  O      -2.413231      0.929992     -3.273586
18
Coordinates from ORCA-job neb_orto_educts_products_MEP_ALL E -475.478075102024
  C      -0.801037     -0.198580      0.454545
  C      -0.382219     -0.429666     -0.874493
  C       0.823142     -1.071607     -1.183715
  C       1.669705     -1.488327     -0.159853
  C       1.288698     -1.276509      1.169109
  C       0.074963     -0.650833      1.459293
  C      -2.092551      0.469954      0.856401
  H      -2.083394      1.539491      0.597612
  H      -2.245739      0.366298      1.940890
  H      -2.959319      0.042296      0.332550
  H       5.537770      7.701973      0.534585
  H       1.068575     -1.234221     -2.233286
  H       2.615509     -1.981155     -0.397206
  H       1.936215     -1.606611      1.985957
  H      -0.216178     -0.503306      2.502942
  N      -1.204253     -0.004983     -2.030520
  O      -0.976488     -0.529358     -3.108558
  O      -2.053399      0.855145     -1.846253
