18
Coordinates from ORCA-job neb_orto_educts_products_im9
  C   -0.80103657325887     -0.19858044330615      0.45454502544991
  C   -0.38221927690933     -0.42966604605705     -0.87449261048637
  C   0.82314168642257     -1.07160718632476     -1.18371492524626
  C   1.66970541168016     -1.48832730522401     -0.15985319836034
  C   1.28869799927284     -1.27650920992204      1.16910879315164
  C   0.07496269062438     -0.65083282451308      1.45929267864340
  C   -2.09255106808921      0.46995366728467      0.85640145132902
  H   -2.08339415842092      1.53949053312454      0.59761176146269
  H   -2.24573885430443      0.36629839142992      1.94088960386421
  H   -2.95931875472231      0.04229597102764      0.33255034257095
  H   5.53776988652494      7.70197321433904      0.53458520190473
  H   1.06857514136438     -1.23422110368135     -2.23328591918073
  H   2.61550858902586     -1.98115546632630     -0.39720585114516
  H   1.93621524566496     -1.60661143300970      1.98595689516572
  H   -0.21617764107691     -0.50330567686108      2.50294193489580
  N   -1.20425317522705     -0.00498264393264     -2.03052006167496
  O   -0.97648819427710     -0.52935783199231     -3.10855790120441
  O   -2.05339895429398      0.85514539394466     -1.84625322113984
