17
Coordinates from ORCA-job a_o E -491.728548279879
  C      -3.411580      0.754980     -0.047060
  C      -4.598910      0.022200     -0.031100
  C      -4.558820     -1.370930      0.001540
  C      -3.332760     -2.033700      0.018010
  C      -2.146100     -1.302730      0.001510
  C      -2.184760      0.090430     -0.031140
  H      -5.559270      0.532710     -0.044490
  H      -5.484750     -1.940540      0.013830
  H      -3.302050     -3.120270      0.043270
  H      -1.189470     -1.819130      0.013780
  H      -1.254770      0.654370     -0.044540
  N      -3.450140      2.119180     -0.078720
  H      -4.333620      2.586360      0.092250
  H      -2.594400      2.635490      0.092110
  N       6.529960      3.955130     -1.459760
  O       5.722850      4.855190     -1.471240
  O       6.189800      2.961950     -0.860130
17
Coordinates from ORCA-job a_o E -491.756516518001
  C      -3.407325      0.758074     -0.038254
  C      -4.616359      0.021271     -0.032129
  C      -4.576420     -1.365062     -0.007010
  C      -3.339939     -2.035466      0.010974
  C      -2.137415     -1.307484      0.003862
  C      -2.168044      0.077313     -0.020615
  H      -5.577646      0.537281     -0.047804
  H      -5.506392     -1.934237     -0.001934
  H      -3.314066     -3.125939      0.030052
  H      -1.178650     -1.828033      0.017355
  H      -1.240483      0.640011     -0.025608
  N      -3.429430      2.114727     -0.065717
  H      -4.308018      2.600627      0.090936
  H      -2.565657      2.629106      0.096259
  N       6.459241      3.954387     -1.420148
  O       5.725879      4.906820     -1.576974
  O       6.221934      2.937294     -0.805125
17
Coordinates from ORCA-job a_o E -491.768819636393
  C      -3.403880      0.762271     -0.021914
  C      -4.627520      0.019018     -0.022615
  C      -4.586174     -1.361302     -0.006857
  C      -3.345063     -2.039046      0.005504
  C      -2.132544     -1.313403      0.003171
  C      -2.154459      0.065589     -0.010134
  H      -5.587466      0.541744     -0.036664
  H      -5.518302     -1.930762     -0.005218
  H      -3.324017     -3.131725      0.016439
  H      -1.174073     -1.838427      0.012344
  H      -1.223417      0.631518     -0.009655
  N      -3.418549      2.110052     -0.050985
  H      -4.292334      2.615518      0.066671
  H      -2.554233      2.632709      0.068192
  N       6.387884      3.953826     -1.390060
  O       5.752234      4.924200     -1.605753
  O       6.243122      2.938910     -0.804345
17
Coordinates from ORCA-job a_o E -491.770941321458
  C      -3.401713      0.764652     -0.009407
  C      -4.623914      0.017908     -0.015454
  C      -4.582379     -1.362588     -0.009975
  C      -3.345733     -2.043577     -0.001445
  C      -2.135543     -1.317842      0.002255
  C      -2.153009      0.062644     -0.001976
  H      -5.580581      0.545584     -0.024883
  H      -5.514150     -1.932012     -0.012424
  H      -3.326606     -3.135471      0.002140
  H      -1.179694     -1.845839      0.008512
  H      -1.220893      0.632232      0.000495
  N      -3.419904      2.110881     -0.030300
  H      -4.293083      2.622101      0.048636
  H      -2.560196      2.643235      0.054715
  N       6.351783      3.948122     -1.373969
  O       5.774753      4.925642     -1.644292
  O       6.252074      2.945018     -0.784507
17
Coordinates from ORCA-job a_o E -491.771256132123
  C      -3.410601      0.760970     -0.004114
  C      -4.628846      0.012728     -0.009709
  C      -4.586827     -1.368581     -0.008144
  C      -3.352145     -2.048537     -0.002745
  C      -2.145545     -1.320668      0.001139
  C      -2.163116      0.061286     -0.000385
  H      -5.584763      0.541802     -0.014673
  H      -5.518318     -1.938534     -0.010603
  H      -3.331668     -3.140218     -0.001335
  H      -1.190028     -1.849176      0.005726
  H      -1.231377      0.632868      0.001450
  N      -3.434818      2.108228     -0.016798
  H      -4.310206      2.618103      0.038785
  H      -2.578128      2.647320      0.046123
  N       6.385407      3.960909     -1.374757
  O       5.825702      4.946542     -1.655838
  O       6.296489      2.955648     -0.786003
17
Coordinates from ORCA-job a_o E -491.771362909216
  C      -3.421681      0.756966     -0.000280
  C      -4.637003      0.006518     -0.004395
  C      -4.593051     -1.375019     -0.005256
  C      -3.357293     -2.051806     -0.002993
  C      -2.153411     -1.320488     -0.000042
  C      -2.173386      0.061919      0.000439
  H      -5.593542      0.534740     -0.005992
  H      -5.523810     -1.946327     -0.007246
  H      -3.333648     -3.143473     -0.003253
  H      -1.197026     -1.847770      0.002392
  H      -1.242746      0.635123      0.002040
  N      -3.452039      2.104764     -0.005712
  H      -4.330130      2.611432      0.031567
  H      -2.597604      2.649357      0.037858
  N       6.429091      3.973822     -1.378476
  O       5.877941      4.965703     -1.658325
  O       6.340546      2.965227     -0.794205
17
Coordinates from ORCA-job a_o E -491.771436373590
  C      -3.434586      0.753655      0.003980
  C      -4.647096     -0.000665      0.000696
  C      -4.599139     -1.382141     -0.002844
  C      -3.360622     -2.054027     -0.003736
  C      -2.159560     -1.318031     -0.001297
  C      -2.183891      0.064439      0.001839
  H      -5.605245      0.524724      0.001867
  H      -5.528301     -1.956039     -0.004597
  H      -3.332346     -3.145617     -0.006088
  H      -1.201612     -1.842601     -0.001446
  H      -1.254817      0.639930      0.003444
  N      -3.471576      2.101544      0.005223
  H      -4.352571      2.603906      0.026737
  H      -2.619670      2.651129      0.031026
  N       6.477117      3.984846     -1.383261
  O       5.931566      4.980461     -1.662135
  O       6.383558      2.975177     -0.801289
17
Coordinates from ORCA-job a_o E -491.771497759500
  C      -3.449546      0.751364      0.008904
  C      -4.658510     -0.009109      0.006040
  C      -4.603860     -1.390291     -0.000886
  C      -3.361299     -2.055240     -0.005378
  C      -2.163906     -1.312900     -0.003123
  C      -2.194976      0.069428      0.003510
  H      -5.619331      0.511344      0.010096
  H      -5.530306     -1.968484     -0.002564
  H      -3.326669     -3.146654     -0.010395
  H      -1.203579     -1.833064     -0.006346
  H      -1.268254      0.648580      0.005144
  N      -3.494377      2.098946      0.016842
  H      -4.378638      2.595884      0.024090
  H      -2.645594      2.653829      0.025054
  N       6.527842      3.992475     -1.388234
  O       5.987671      4.990388     -1.669001
  O       6.424542      2.984193     -0.805634
17
Coordinates from ORCA-job a_o E -491.771546053039
  C      -3.464072      0.749074      0.012320
  C      -4.670087     -0.016794      0.009522
  C      -4.609339     -1.397631      0.000284
  C      -3.363762     -2.057160     -0.006522
  C      -2.169350     -1.309822     -0.004233
  C      -2.206314      0.072274      0.004761
  H      -5.633243      0.499254      0.015373
  H      -5.533270     -1.979799     -0.001433
  H      -3.324317     -3.148402     -0.013347
  H      -1.206892     -1.825960     -0.009379
  H      -1.281844      0.655035      0.006207
  N      -3.514318      2.096241      0.023443
  H      -4.400624      2.589605      0.026697
  H      -2.667776      2.654587      0.024874
  N       6.578156      4.002278     -1.393397
  O       6.041847      5.000074     -1.681152
  O       6.466415      2.997836     -0.805898
17
Coordinates from ORCA-job a_o E -491.771591803521
  C      -3.479266      0.747082      0.015392
  C      -4.681726     -0.024907      0.012727
  C      -4.613928     -1.405323      0.001187
  C      -3.365243     -2.058925     -0.008007
  C      -2.174306     -1.305981     -0.005784
  C      -2.218079      0.075829      0.005499
  H      -5.647484      0.486182      0.020450
  H      -5.534902     -1.992149     -0.000502
  H      -3.320629     -3.149946     -0.016612
  H      -1.209366     -1.817365     -0.012793
  H      -1.296437      0.663170      0.006642
  N      -3.535309      2.093749      0.028930
  H      -4.423619      2.583524      0.031985
  H      -2.691222      2.655789      0.027136
  N       6.628266      4.010386     -1.397961
  O       6.097937      5.007636     -1.697672
  O       6.506523      3.011938     -0.802497
17
Coordinates from ORCA-job a_o E -491.771637674776
  C      -3.496050      0.745658      0.018031
  C      -4.693662     -0.034212      0.016424
  C      -4.616657     -1.414051      0.002755
  C      -3.364129     -2.060029     -0.009600
  C      -2.177831     -1.299779     -0.008436
  C      -2.230554      0.081643      0.004925
  H      -5.662727      0.470485      0.026599
  H      -5.533703     -2.007016      0.001823
  H      -3.312969     -3.150731     -0.019805
  H      -1.209659     -1.804866     -0.017786
  H      -1.312841      0.675358      0.005401
  N      -3.559539      2.091679      0.033282
  H      -4.450269      2.577029      0.039186
  H      -2.718631      2.658426      0.029890
  N       6.678624      4.014900     -1.401673
  O       6.158927      5.013913     -1.713125
  O       6.542882      3.022281     -0.799772
17
Coordinates from ORCA-job a_o E -491.771683634824
  C      -3.515654      0.745393      0.020330
  C      -4.705901     -0.045800      0.021182
  C      -4.615476     -1.424729      0.005172
  C      -3.357497     -2.059541     -0.011987
  C      -2.178157     -1.288572     -0.013277
  C      -2.244064      0.092210      0.002330
  H      -5.679667      0.449637      0.034983
  H      -5.526676     -2.026693      0.006053
  H      -3.296898     -3.149717     -0.023942
  H      -1.205318     -1.784373     -0.026086
  H      -1.332522      0.695684      0.001493
  N      -3.590025      2.090526      0.036689
  H      -4.484122      2.569511      0.049990
  H      -2.753730      2.664094      0.033735
  N       6.728445      4.011517     -1.403496
  O       6.227868      5.015327     -1.729809
  O       6.570605      3.026215     -0.795239
17
Coordinates from ORCA-job a_o E -491.771684573750
  C      -3.519113      0.747137      0.020727
  C      -4.705826     -0.049076      0.023041
  C      -4.609467     -1.427669      0.005927
  C      -3.348465     -2.056643     -0.013800
  C      -2.172632     -1.280261     -0.016485
  C      -2.244724      0.100138      0.000186
  H      -5.681714      0.442131      0.038794
  H      -5.518021     -2.033612      0.007922
  H      -3.282886     -3.146532     -0.026646
  H      -1.197544     -1.771727     -0.031244
  H      -1.336152      0.707781     -0.001429
  N      -3.599722      2.092102      0.038130
  H      -4.496031      2.566871      0.053302
  H      -2.766038      2.669474      0.034426
  N       6.726304      3.998392     -1.400708
  O       6.237534      5.006156     -1.733047
  O       6.555708      3.016026     -0.790977
17
Coordinates from ORCA-job a_o E -491.771724472195
  C      -3.530020      0.743053      0.020491
  C      -4.716356     -0.053668      0.024606
  C      -4.618851     -1.432228      0.008544
  C      -3.357451     -2.060710     -0.011901
  C      -2.181960     -1.283642     -0.016296
  C      -2.255439      0.096435     -0.000774
  H      -5.692554      0.436926      0.040762
  H      -5.526836     -2.039076      0.011926
  H      -3.291599     -3.150590     -0.023837
  H      -1.206282     -1.774162     -0.031138
  H      -1.348197      0.705612     -0.002192
  N      -3.609921      2.088086      0.034892
  H      -4.505530      2.563920      0.058094
  H      -2.775695      2.664763      0.035611
  N       6.772230      4.017018     -1.406115
  O       6.283947      5.026085     -1.735472
  O       6.601726      3.032869     -0.799081
17
Coordinates from ORCA-job a_o E -491.771765126002
  C      -3.548651      0.741727      0.021402
  C      -4.728091     -0.064645      0.029728
  C      -4.618711     -1.442376      0.012665
  C      -3.352256     -2.060427     -0.013062
  C      -2.183328     -1.273481     -0.021484
  C      -2.268929      0.105777     -0.004961
  H      -5.708295      0.417758      0.049677
  H      -5.521295     -2.057246      0.019192
  H      -3.277779     -3.149735     -0.025826
  H      -1.203480     -1.755521     -0.039967
  H      -1.368043      0.724373     -0.008200
  N      -3.638590      2.086201      0.034774
  H      -4.536970      2.556103      0.068598
  H      -2.808432      2.668783      0.038072
  N       6.820930      4.015919     -1.407480
  O       6.352604      5.031737     -1.745063
  O       6.630527      3.035742     -0.799944
17
Coordinates from ORCA-job a_o E -491.771798067144
  C      -3.564864      0.739615      0.021891
  C      -4.739490     -0.073423      0.033666
  C      -4.621797     -1.450452      0.016381
  C      -3.352366     -2.061787     -0.013033
  C      -2.187865     -1.268423     -0.024821
  C      -2.281722      0.110280     -0.008125
  H      -5.722383      0.403339      0.056284
  H      -5.520551     -2.070936      0.025520
  H      -3.272454     -3.150687     -0.025931
  H      -1.205320     -1.744683     -0.045750
  H      -1.385368      0.735730     -0.013040
  N      -3.660924      2.083549      0.033510
  H      -4.560573      2.550210      0.077126
  H      -2.833193      2.669640      0.040099
  N       6.869308      4.022397     -1.410333
  O       6.412839      5.042178     -1.751896
  O       6.667933      3.044142     -0.803428
17
Coordinates from ORCA-job a_o E -491.771823386706
  C      -3.584594      0.738998      0.022378
  C      -4.751039     -0.085247      0.039522
  C      -4.619654     -1.461006      0.021504
  C      -3.345104     -2.060676     -0.014030
  C      -2.188244     -1.256424     -0.031161
  C      -2.295689      0.121314     -0.013808
  H      -5.738366      0.382007      0.066683
  H      -5.512027     -2.090628      0.034728
  H      -3.255641     -3.148805     -0.027440
  H      -1.201307     -1.723080     -0.056451
  H      -1.406503      0.757405     -0.022179
  N      -3.692045      2.081961      0.032539
  H      -4.594468      2.541892      0.088640
  H      -2.869031      2.674715      0.042068
  N       6.917285      4.018827     -1.410947
  O       6.481312      5.045476     -1.758318
  O       6.696327      3.043960     -0.805608
17
Coordinates from ORCA-job a_o E -491.771832853423
  C      -3.596769      0.736116      0.020841
  C      -4.761499     -0.090535      0.042653
  C      -4.626973     -1.465927      0.026769
  C      -3.352191     -2.064170     -0.011216
  C      -2.196689     -1.258293     -0.033025
  C      -2.306963      0.119279     -0.018004
  H      -5.749679      0.374776      0.071658
  H      -5.517822     -2.097674      0.043627
  H      -3.261672     -3.152202     -0.022695
  H      -1.208930     -1.722850     -0.059646
  H      -1.419655      0.758158     -0.029084
  N      -3.704742      2.078720      0.026507
  H      -4.606193      2.539064      0.094237
  H      -2.881618      2.671447      0.040770
  N       6.962378      4.035596     -1.415475
  O       6.523557      5.064767     -1.750876
  O       6.746670      3.054419     -0.818920
17
Coordinates from ORCA-job a_o E -491.771838941516
  C      -3.610481      0.734640      0.018978
  C      -4.770507     -0.098340      0.049467
  C      -4.628399     -1.473081      0.034898
  C      -3.350153     -2.063948     -0.010370
  C      -2.199405     -1.251411     -0.040728
  C      -2.317743      0.125399     -0.027155
  H      -5.761135      0.361378      0.083836
  H      -5.515590     -2.109729      0.058263
  H      -3.253378     -3.151481     -0.020883
  H      -1.208724     -1.709642     -0.072686
  H      -1.434501      0.769547     -0.046031
  N      -3.725868      2.077029      0.019926
  H      -4.628612      2.531866      0.105813
  H      -2.905228      2.673463      0.038957
  N       7.001875      4.039250     -1.414718
  O       6.561927      5.067270     -1.752244
  O       6.787132      3.058478     -0.817201
17
Coordinates from ORCA-job a_o E -491.771847620561
  C      -3.630551      0.734317      0.016125
  C      -4.780965     -0.110945      0.062739
  C      -4.624233     -1.484267      0.049605
  C      -3.339604     -2.060591     -0.009997
  C      -2.198550     -1.235134     -0.056419
  C      -2.332168      0.140260     -0.044645
  H      -5.776075      0.338041      0.108175
  H      -5.504215     -2.130246      0.085239
  H      -3.230416     -3.146983     -0.019261
  H      -1.202823     -1.681719     -0.099127
  H      -1.456412      0.794023     -0.077394
  N      -3.761404      2.075835      0.012530
  H      -4.667213      2.519551      0.121507
  H      -2.946784      2.680554      0.030296
  N       7.048849      4.033607     -1.409664
  O       6.610505      5.061903     -1.748461
  O       6.833266      3.052485     -0.813128
17
Coordinates from ORCA-job a_o E -491.771860065713
  C      -3.652759      0.735101      0.013384
  C      -4.790640     -0.125427      0.078928
  C      -4.615577     -1.496647      0.066835
  C      -3.323890     -2.055166     -0.010318
  C      -2.195278     -1.214053     -0.075682
  C      -2.347620      0.159462     -0.065260
  H      -5.790969      0.310208      0.137943
  H      -5.486204     -2.154225      0.116905
  H      -3.199609     -3.139951     -0.018652
  H      -1.193956     -1.646612     -0.131851
  H      -1.481235      0.824907     -0.114658
  N      -3.802770      2.075021      0.006793
  H      -4.712106      2.505529      0.137402
  H      -2.996087      2.690442      0.018064
  N       7.094271      4.021200     -1.401974
  O       6.660425      5.050532     -1.743347
  O       6.875214      3.040368     -0.806391
17
Coordinates from ORCA-job a_o E -491.771879385576
  C      -3.677728      0.737493      0.010911
  C      -4.798662     -0.142748      0.097841
  C      -4.599651     -1.510776      0.086139
  C      -3.299565     -2.046147     -0.011740
  C      -2.187655     -1.185042     -0.098693
  C      -2.364146      0.185692     -0.088837
  H      -5.805373      0.275391      0.172910
  H      -5.457596     -2.183394      0.152613
  H      -3.155879     -3.128541     -0.019717
  H      -1.179753     -1.599656     -0.171192
  H      -1.510096      0.866000     -0.157827
  N      -3.852763      2.074707      0.003051
  H      -4.766761      2.488297      0.154246
  H      -3.057227      2.704454      0.003657
  N       7.135409      3.996696     -1.390963
  O       6.715753      5.030292     -1.737093
  O       6.902904      3.017973     -0.797187
17
Coordinates from ORCA-job a_o E -491.771907643389
  C      -3.703028      0.742150      0.009155
  C      -4.802352     -0.162153      0.117701
  C      -4.573836     -1.525638      0.105268
  C      -3.264029     -2.032050     -0.014762
  C      -2.173443     -1.146584     -0.123761
  C      -2.379540      0.220138     -0.113243
  H      -5.816461      0.234131      0.209966
  H      -5.415603     -2.216581      0.188424
  H      -3.096342     -3.110988     -0.023342
  H      -1.158131     -1.539156     -0.214262
  H      -1.540877      0.917906     -0.202662
  N      -3.909468      2.075205      0.002652
  H      -4.829993      2.467343      0.170432
  H      -3.129123      2.723309     -0.011153
  N       7.161880      3.954835     -1.376460
  O       6.771393      4.997493     -1.729529
  O       6.900164      2.981331     -0.786305
17
Coordinates from ORCA-job a_o E -491.771941129303
  C      -3.724978      0.747838      0.007773
  C      -4.801598     -0.180553      0.136139
  C      -4.543321     -1.538799      0.122609
  C      -3.224262     -2.015205     -0.018247
  C      -2.156276     -1.105291     -0.147521
  C      -2.392273      0.256706     -0.135943
  H      -5.822627      0.193270      0.244590
  H      -5.368139     -2.247879      0.221171
  H      -3.031833     -3.090013     -0.027763
  H      -1.134139     -1.475379     -0.255223
  H      -1.569455      0.970955     -0.243561
  N      -3.963935      2.075785      0.004271
  H      -4.891800      2.444989      0.183108
  H      -3.200568      2.743063     -0.026079
  N       7.173057      3.905121     -1.361386
  O       6.816951      4.959386     -1.716575
  O       6.876407      2.936697     -0.779244
17
Coordinates from ORCA-job a_o E -491.771979165506
  C      -3.748033      0.753347      0.006193
  C      -4.800110     -0.199606      0.155703
  C      -4.511112     -1.551708      0.141335
  C      -3.183479     -1.996670     -0.021447
  C      -2.140092     -1.061934     -0.172281
  C      -2.406945      0.294498     -0.159947
  H      -5.827520      0.150732      0.281159
  H      -5.317663     -2.279029      0.256345
  H      -2.965141     -3.066529     -0.031766
  H      -1.111736     -1.408544     -0.298184
  H      -1.600884      1.024753     -0.286129
  N      -4.020846      2.075030      0.005982
  H      -4.956092      2.419683      0.194844
  H      -3.276390      2.762045     -0.043366
  N       7.186866      3.854931     -1.346683
  O       6.860783      4.920454     -1.697310
  O       6.859603      2.889237     -0.776329
17
Coordinates from ORCA-job a_o E -491.772018887834
  C      -3.772936      0.757664      0.004934
  C      -4.800199     -0.218770      0.174662
  C      -4.481257     -1.564103      0.159476
  C      -3.146515     -1.978641     -0.024358
  C      -2.127915     -1.020530     -0.195745
  C      -2.424683      0.329828     -0.182623
  H      -5.833083      0.108560      0.316382
  H      -5.269316     -2.308791      0.290209
  H      -2.903235     -3.043107     -0.035516
  H      -1.094350     -1.344211     -0.339128
  H      -1.635325      1.075289     -0.325843
  N      -4.078029      2.072349      0.007765
  H      -5.019593      2.393394      0.206362
  H      -3.352733      2.777818     -0.060016
  N       7.211375      3.811264     -1.334285
  O       6.908027      4.885203     -1.679562
  O       6.860976      2.847474     -0.774595
17
Coordinates from ORCA-job a_o E -491.772056284633
  C      -3.797298      0.760413      0.003889
  C      -4.801960     -0.236217      0.191523
  C      -4.456631     -1.574953      0.175762
  C      -3.116693     -1.962984     -0.026664
  C      -2.120563     -0.985022     -0.216198
  C      -2.443564      0.359447     -0.202395
  H      -5.839017      0.070815      0.347518
  H      -5.227798     -2.334578      0.320429
  H      -2.851795     -3.022273     -0.038486
  H      -1.083123     -1.288478     -0.374934
  H      -1.669272      1.118081     -0.360162
  N      -4.130154      2.068291      0.008777
  H      -5.076234      2.369071      0.217253
  H      -3.422055      2.789219     -0.074675
  N       7.243758      3.777922     -1.324907
  O       6.954454      4.857371     -1.664754
  O       6.879157      2.814566     -0.773855
17
Coordinates from ORCA-job a_o E -491.772080196661
  C      -3.812545      0.759348      0.002225
  C      -4.807747     -0.244356      0.203400
  C      -4.452651     -1.580453      0.188401
  C      -3.112101     -1.959176     -0.026660
  C      -2.125411     -0.974422     -0.229573
  C      -2.458096      0.367829     -0.216742
  H      -5.845414      0.055454      0.369069
  H      -5.216709     -2.345174      0.343472
  H      -2.839216     -3.016437     -0.037834
  H      -1.087418     -1.270440     -0.398013
  H      -1.690244      1.130769     -0.384690
  N      -4.155032      2.064657      0.005607
  H      -5.100495      2.358950      0.225920
  H      -3.452771      2.790426     -0.086081
  N       7.283821      3.779106     -1.322075
  O       6.978066      4.856336     -1.654068
  O       6.935174      2.808272     -0.774238
17
Coordinates from ORCA-job a_o E -491.772126834419
  C      -3.813402      0.763099      0.002700
  C      -4.797015     -0.249064      0.222147
  C      -4.431880     -1.582400      0.203135
  C      -3.089857     -1.946298     -0.033199
  C      -2.116065     -0.951802     -0.251954
  C      -2.460028      0.387951     -0.237774
  H      -5.834464      0.041910      0.404218
  H      -5.187625     -2.352281      0.372025
  H      -2.804065     -3.000230     -0.047217
  H      -1.079066     -1.240660     -0.434929
  H      -1.704406      1.155351     -0.407757
  N      -4.168081      2.065652      0.016329
  H      -5.121632      2.346123      0.218508
  H      -3.479066      2.799186     -0.115162
  N       7.264391      3.753733     -1.309934
  O       6.909148      4.817269     -1.639831
  O       6.954324      2.773151     -0.753185
17
Coordinates from ORCA-job a_o E -491.772171487371
  C      -3.817043      0.766111      0.005330
  C      -4.796348     -0.250024      0.223310
  C      -4.425240     -1.581373      0.200794
  C      -3.085267     -1.946063     -0.036498
  C      -2.113137     -0.950724     -0.254030
  C      -2.461232      0.387924     -0.236550
  H      -5.834373      0.037752      0.406930
  H      -5.177369     -2.355496      0.368424
  H      -2.800713     -3.000112     -0.052261
  H      -1.076071     -1.238148     -0.438047
  H      -1.708807      1.163101     -0.404131
  N      -4.168884      2.067452      0.024598
  H      -5.123244      2.353446      0.214371
  H      -3.482213      2.800039     -0.114642
  N       7.256923      3.748583     -1.306450
  O       6.898052      4.801924     -1.661491
  O       6.956175      2.776297     -0.731536
17
Coordinates from ORCA-job a_o E -491.772181478177
  C      -3.817095      0.767219      0.007931
  C      -4.793527     -0.251139      0.230184
  C      -4.419412     -1.581738      0.205148
  C      -3.078838     -1.941972     -0.039667
  C      -2.109763     -0.943602     -0.259989
  C      -2.461401      0.393118     -0.239278
  H      -5.831566      0.033703      0.418588
  H      -5.168846     -2.357556      0.376119
  H      -2.791041     -2.995151     -0.057862
  H      -1.072111     -1.228391     -0.449222
  H      -1.712781      1.170328     -0.410314
  N      -4.171971      2.067715      0.031692
  H      -5.130731      2.349117      0.205982
  H      -3.490376      2.801818     -0.124982
  N       7.252093      3.740660     -1.303154
  O       6.878279      4.789411     -1.657832
  O       6.960295      2.767148     -0.725225
17
Coordinates from ORCA-job a_o E -491.772184617481
  C      -3.817329      0.767129      0.007362
  C      -4.793991     -0.250987      0.230630
  C      -4.420110     -1.581477      0.206212
  C      -3.080142     -1.942706     -0.038610
  C      -2.110491     -0.945053     -0.260612
  C      -2.461729      0.391908     -0.240396
  H      -5.831849      0.033958      0.419717
  H      -5.169425     -2.357101      0.378211
  H      -2.793398     -2.996158     -0.056088
  H      -1.073312     -1.229968     -0.450310
  H      -1.712903      1.168835     -0.413205
  N      -4.171090      2.067658      0.030136
  H      -5.129251      2.350266      0.206326
  H      -3.488476      2.801566     -0.125912
  N       7.253601      3.742295     -1.303097
  O       6.881821      4.793613     -1.651540
  O       6.959285      2.766912     -0.730705
17
Coordinates from ORCA-job a_o E -491.772185367076
  C      -3.817386      0.767290      0.007180
  C      -4.794061     -0.250872      0.231339
  C      -4.420077     -1.581300      0.206991
  C      -3.080357     -1.942771     -0.038333
  C      -2.110514     -0.945432     -0.261444
  C      -2.461759      0.391594     -0.241486
  H      -5.831815      0.033789      0.421250
  H      -5.169165     -2.357012      0.379681
  H      -2.794057     -2.996352     -0.055581
  H      -1.073639     -1.230333     -0.451788
  H      -1.713134      1.168640     -0.415263
  N      -4.170789      2.067801      0.030250
  H      -5.129013      2.350526      0.205743
  H      -3.488305      2.801443     -0.126543
  N       7.254352      3.742670     -1.302722
  O       6.881987      4.794289     -1.649172
  O       6.958941      2.766721     -0.731982
17
Coordinates from ORCA-job a_o E -491.772185564067
  C      -3.817324      0.767281      0.007118
  C      -4.794173     -0.250734      0.231726
  C      -4.420365     -1.581229      0.207438
  C      -3.080780     -1.942963     -0.038327
  C      -2.110815     -0.945900     -0.261859
  C      -2.461815      0.391197     -0.241942
  H      -5.831857      0.034000      0.421887
  H      -5.169509     -2.356840      0.380385
  H      -2.794715     -2.996612     -0.055528
  H      -1.074035     -1.230920     -0.452662
  H      -1.713066      1.168035     -0.416037
  N      -4.170410      2.067851      0.029950
  H      -5.128452      2.350764      0.206076
  H      -3.487736      2.801295     -0.126866
  N       7.254895      3.743235     -1.302368
  O       6.882794      4.794743     -1.649226
  O       6.958573      2.767488     -0.731645
