18
Coordinates from ORCA-job educts_optfreq_3 E -475.265283177680
  C       0.368290      0.588150      2.965230
  C      -0.321510      0.900210      1.765110
  C      -0.216920      0.073340      0.652000
  C       0.582270     -1.091400      0.706900
  C       1.275750     -1.417700      1.890400
  C       1.170750     -0.591090      3.001520
  C       0.246350      1.454950      4.176950
  H       1.243670      1.603700      4.659150
  H      -0.401930      0.941180      4.938090
  H      -0.212120      2.447180      3.951210
  H      -0.937370      1.804490      1.726570
  H      -0.750790      0.320720     -0.268340
  H       0.666360     -1.741530     -0.171190
  H       1.894050     -2.319710      1.926980
  H       1.707340     -0.837760      3.921340
  N      -1.684190     -1.871380    -11.543270
  O      -2.300660     -0.501700    -10.719820
  O      -2.010220      0.147410    -13.230570
18
Coordinates from ORCA-job educts_optfreq_3 E -475.324065125071
  C       0.367732      0.588243      2.961688
  C      -0.326404      0.898193      1.759973
  C      -0.220808      0.072832      0.650988
  C       0.583608     -1.090676      0.709098
  C       1.281451     -1.415371      1.893071
  C       1.176095     -0.590436      3.000409
  C       0.245268      1.453329      4.169314
  H       1.236751      1.604950      4.649647
  H      -0.396555      0.941111      4.928826
  H      -0.214118      2.436954      3.944509
  H      -0.944598      1.799526      1.720822
  H      -0.757663      0.319888     -0.262789
  H       0.668009     -1.740443     -0.166038
  H       1.901784     -2.314778      1.929644
  H       1.714448     -0.834114      3.919860
  N      -1.749096     -1.812831    -11.513671
  O      -2.292795     -0.555788    -10.732070
  O      -1.953990      0.148472    -13.215020
18
Coordinates from ORCA-job educts_optfreq_3 E -475.392013856180
  C       0.367642      0.588153      2.959998
  C      -0.329472      0.894714      1.757468
  C      -0.223021      0.069428      0.650457
  C       0.585226     -1.091798      0.710844
  C       1.286202     -1.413470      1.894909
  C       1.180293     -0.588671      3.000117
  C       0.244192      1.453286      4.165110
  H       1.233057      1.608401      4.644599
  H      -0.393532      0.941459      4.925079
  H      -0.217582      2.432525      3.940073
  H      -0.950127      1.793881      1.717954
  H      -0.763342      0.316992     -0.257021
  H       0.670398     -1.742412     -0.162091
  H       1.908780     -2.310898      1.931541
  H       1.720270     -0.829211      3.919373
  N      -1.811124     -1.746021    -11.487661
  O      -2.284671     -0.609587    -10.742420
  O      -1.904067      0.142289    -13.220070
18
Coordinates from ORCA-job educts_optfreq_3 E -475.404447599253
  C       0.366090      0.588129      2.954293
  C      -0.329036      0.895945      1.750391
  C      -0.220769      0.071897      0.643367
  C       0.587366     -1.089607      0.704973
  C       1.286682     -1.412508      1.890083
  C       1.179047     -0.588974      2.995289
  C       0.240434      1.451750      4.159386
  H       1.227334      1.606352      4.640769
  H      -0.397811      0.939519      4.917195
  H      -0.220754      2.429843      3.934716
  H      -0.949482      1.795004      1.710425
  H      -0.759496      0.321224     -0.262921
  H       0.673729     -1.739277     -0.167595
  H       1.909011     -2.309885      1.927055
  H       1.717360     -0.830232      3.915311
  N      -1.848253     -1.743850    -11.515004
  O      -2.249662     -0.619373    -10.735921
  O      -1.892669      0.143103    -13.113551
18
Coordinates from ORCA-job educts_optfreq_3 E -475.410790990527
  C       0.364505      0.588469      2.950826
  C      -0.327285      0.896596      1.744566
  C      -0.215854      0.072987      0.638240
  C       0.592084     -1.088733      0.702859
  C       1.288517     -1.411867      1.889986
  C       1.177890     -0.588748      2.994449
  C       0.235154      1.451423      4.155147
  H       1.219528      1.606015      4.639391
  H      -0.404357      0.939207      4.910441
  H      -0.225371      2.428125      3.929639
  H      -0.947564      1.795456      1.702788
  H      -0.752368      0.323191     -0.267017
  H       0.680489     -1.738167     -0.168658
  H       1.910630     -2.309113      1.928666
  H       1.713564     -0.829976      3.915994
  N      -1.907963     -1.756759    -11.545149
  O      -2.192884     -0.638792    -10.723193
  O      -1.889596      0.169744    -13.050716
18
Coordinates from ORCA-job educts_optfreq_3 E -475.417641174662
  C       0.362620      0.589021      2.945326
  C      -0.327891      0.896150      1.737590
  C      -0.213554      0.072803      0.631963
  C       0.596627     -1.087549      0.698356
  C       1.292382     -1.409395      1.886581
  C       1.178583     -0.586808      2.990505
  C       0.229545      1.451099      4.149098
  H       1.211782      1.607555      4.635009
  H      -0.409203      0.937606      4.902842
  H      -0.232616      2.425637      3.923407
  H      -0.949565      1.793791      1.694719
  H      -0.748342      0.323778     -0.272245
  H       0.687681     -1.736571     -0.172837
  H       1.916256     -2.305197      1.926121
  H       1.713333     -0.826889      3.912869
  N      -1.997790     -1.776248    -11.571152
  O      -2.152672     -0.685389    -10.704065
  O      -1.838058      0.225667    -12.965829
18
Coordinates from ORCA-job educts_optfreq_3 E -475.422401343170
  C       0.361361      0.590146      2.940405
  C      -0.328161      0.895721      1.731191
  C      -0.211930      0.071542      0.627007
  C       0.599511     -1.088111      0.695947
  C       1.294998     -1.408025      1.885220
  C       1.179148     -0.584828      2.987859
  C       0.225579      1.452411      4.142939
  H       1.205930      1.610451      4.630011
  H      -0.412443      0.938672      4.895763
  H      -0.237649      2.424853      3.916451
  H      -0.950630      1.792517      1.686667
  H      -0.745757      0.322467     -0.275545
  H       0.691975     -1.737800     -0.174309
  H       1.919936     -2.302831      1.926212
  H       1.713192     -0.823308      3.911032
  N      -2.071533     -1.786779    -11.607657
  O      -2.112444     -0.743007    -10.688099
  O      -1.801963      0.284968    -12.882835
18
Coordinates from ORCA-job educts_optfreq_3 E -475.427888032355
  C       0.360262      0.591750      2.933254
  C      -0.328495      0.895061      1.722562
  C      -0.211462      0.068820      0.620553
  C       0.600356     -1.090662      0.692833
  C       1.295844     -1.407893      1.883147
  C       1.178995     -0.582882      2.983772
  C       0.222845      1.455469      4.133819
  H       1.201667      1.614841      4.621587
  H      -0.414570      0.942624      4.886509
  H      -0.240877      2.426033      3.905782
  H      -0.951101      1.791454      1.675757
  H      -0.744946      0.319008     -0.280065
  H       0.693324     -1.742086     -0.175872
  H       1.921200     -2.302137      1.926214
  H       1.712521     -0.819239      3.907772
  N      -2.128056     -1.789259    -11.644312
  O      -2.072197     -0.814678    -10.668747
  O      -1.776190      0.352835    -12.776305
18
Coordinates from ORCA-job educts_optfreq_3 E -475.439005790399
  C       0.359459      0.593843      2.923111
  C      -0.328667      0.894395      1.711087
  C      -0.212707      0.064818      0.611616
  C       0.598166     -1.095200      0.687850
  C       1.294285     -1.408921      1.878933
  C       1.178024     -0.580869      2.977032
  C       0.221547      1.460088      4.121383
  H       1.199423      1.620684      4.609369
  H      -0.415183      0.948908      4.874930
  H      -0.242502      2.429216      3.891374
  H      -0.950508      1.791058      1.661687
  H      -0.746820      0.314089     -0.286730
  H       0.690679     -1.749540     -0.178672
  H       1.919458     -2.303071      1.924420
  H       1.711532     -0.814660      3.901701
  N      -2.164466     -1.781526    -11.677084
  O      -2.030940     -0.901309    -10.651419
  O      -1.761660      0.427058    -12.632329
18
Coordinates from ORCA-job educts_optfreq_3 E -475.457486395395
  C       0.359683      0.596929      2.910341
  C      -0.325794      0.893921      1.695923
  C      -0.213363      0.058036      0.600750
  C       0.592727     -1.104762      0.684242
  C       1.287645     -1.414158      1.877222
  C       1.173976     -0.580166      2.970917
  C       0.222799      1.468963      4.104340
  H       1.199837      1.628978      4.593200
  H      -0.415614      0.963197      4.859408
  H      -0.238416      2.437734      3.869633
  H      -0.943909      1.792795      1.641521
  H      -0.748549      0.305587     -0.295370
  H       0.683431     -1.764854     -0.177823
  H       1.909638     -2.310191      1.927633
  H       1.705976     -0.811043      3.897181
  N      -2.148533     -1.768122    -11.707574
  O      -1.982359     -0.995944    -10.648024
  O      -1.800056      0.512160    -12.455260
18
Coordinates from ORCA-job educts_optfreq_3 E -475.477545122985
  C       0.360942      0.600257      2.898409
  C      -0.319885      0.892439      1.680410
  C      -0.212180      0.047479      0.591595
  C       0.584602     -1.120696      0.686170
  C       1.275347     -1.425320      1.882787
  C       1.166329     -0.581951      2.969697
  C       0.227956      1.482789      4.085099
  H       1.204700      1.640109      4.574711
  H      -0.414822      0.987838      4.843065
  H      -0.226207      2.452414      3.841845
  H      -0.930915      1.795580      1.617861
  H      -0.748795      0.291170     -0.303778
  H       0.671722     -1.789507     -0.169268
  H       1.890472     -2.325543      1.941346
  H       1.695050     -0.809348      3.898687
  N      -2.063195     -1.754969    -11.723758
  O      -1.923484     -1.054089    -10.661604
  O      -1.918515      0.580407    -12.305016
18
Coordinates from ORCA-job educts_optfreq_3 E -475.495265637384
  C       0.363553      0.602895      2.891280
  C      -0.312768      0.894237      1.670709
  C      -0.211383      0.042515      0.586265
  C       0.574235     -1.132220      0.688686
  C       1.261630     -1.435453      1.887500
  C       1.158974     -0.585174      2.969699
  C       0.235258      1.492158      4.073683
  H       1.212122      1.644901      4.564180
  H      -0.411947      1.005826      4.833183
  H      -0.211509      2.463746      3.825181
  H      -0.915896      1.802271      1.602616
  H      -0.749532      0.283950     -0.309681
  H       0.655491     -1.807895     -0.162021
  H       1.868983     -2.340549      1.951649
  H       1.684784     -0.811929      3.900515
  N      -1.956297     -1.743946    -11.721514
  O      -1.868673     -1.068532    -10.684410
  O      -2.057905      0.602260    -12.219261
18
Coordinates from ORCA-job educts_optfreq_3 E -475.506887780521
  C       0.366300      0.604604      2.888797
  C      -0.307504      0.894475      1.666778
  C      -0.211125      0.037029      0.586276
  C       0.565362     -1.142749      0.694625
  C       1.249664     -1.445100      1.895236
  C       1.152851     -0.588614      2.973280
  C       0.243915      1.500894      4.066774
  H       1.221683      1.649556      4.556781
  H      -0.406920      1.023331      4.828676
  H      -0.195862      2.474435      3.813000
  H      -0.904148      1.806448      1.593956
  H      -0.751042      0.274914     -0.311551
  H       0.640561     -1.823965     -0.152424
  H       1.849947     -2.354564      1.964248
  H       1.676497     -0.814647      3.905481
  N      -1.844236     -1.726028    -11.713976
  O      -1.834923     -1.053267    -10.705883
  O      -2.191900      0.592311    -12.201814
18
Coordinates from ORCA-job educts_optfreq_3 E -475.516838769620
  C       0.369259      0.606447      2.886556
  C      -0.307209      0.890389      1.665149
  C      -0.216012      0.025609      0.589793
  C       0.554175     -1.156931      0.703620
  C       1.239636     -1.454415      1.904337
  C       1.150052     -0.589584      2.976813
  C       0.255365      1.512447      4.058453
  H       1.235572      1.660334      4.543948
  H      -0.395276      1.044460      4.826390
  H      -0.180252      2.486459      3.798500
  H      -0.900133      1.804459      1.587651
  H      -0.761624      0.255138     -0.309715
  H       0.621026     -1.845256     -0.138890
  H       1.835021     -2.366745      1.978254
  H       1.675129     -0.811690      3.909139
  N      -1.733710     -1.692935    -11.701503
  O      -1.814598     -1.030471    -10.724047
  O      -2.307300      0.571343    -12.206190
18
Coordinates from ORCA-job educts_optfreq_3 E -475.525797656791
  C       0.372911      0.609218      2.882187
  C      -0.311663      0.881889      1.663527
  C      -0.228784      0.005808      0.596022
  C       0.537822     -1.177357      0.715875
  C       1.230389     -1.464080      1.914411
  C       1.150525     -0.587411      2.978825
  C       0.270323      1.528304      4.045820
  H       1.254457      1.679090      4.522502
  H      -0.375710      1.071161      4.823974
  H      -0.164361      2.501008      3.778512
  H      -0.902778      1.796726      1.580619
  H      -0.783636      0.221636     -0.305709
  H       0.593709     -1.875540     -0.120341
  H       1.823453     -2.377514      1.993828
  H       1.681455     -0.801333      3.909758
  N      -1.623312     -1.642802    -11.685177
  O      -1.793774     -1.007806    -10.740603
  O      -2.411905      0.548064    -12.205769
18
Coordinates from ORCA-job educts_optfreq_3 E -475.531791205960
  C       0.377168      0.612657      2.875977
  C      -0.320008      0.869433      1.662216
  C      -0.250978     -0.022822      0.606016
  C       0.515714     -1.204114      0.731978
  C       1.221230     -1.474355      1.925782
  C       1.153531     -0.582577      2.979642
  C       0.288090      1.547805      4.029262
  H       1.277289      1.705221      4.493321
  H      -0.348789      1.102460      4.821484
  H      -0.149305      2.517400      3.753763
  H      -0.910110      1.784429      1.573007
  H      -0.812815      0.177549     -0.302272
  H       0.561065     -1.913403     -0.097137
  H       1.815427     -2.386638      2.010830
  H       1.694757     -0.784171      3.907424
  N      -1.517548     -1.579028    -11.663870
  O      -1.768880     -0.982352    -10.757881
  O      -2.506719      0.521566    -12.201283
18
Coordinates from ORCA-job educts_optfreq_3 E -475.532677590416
  C       0.378261      0.613258      2.874748
  C      -0.327076      0.861005      1.665143
  C      -0.268554     -0.040949      0.615449
  C       0.503322     -1.218141      0.741506
  C       1.216709     -1.479052      1.931731
  C       1.154946     -0.579805      2.980774
  C       0.296927      1.557134      4.022664
  H       1.289043      1.720612      4.478475
  H      -0.331636      1.117293      4.824277
  H      -0.145032      2.524027      3.743749
  H      -0.917330      1.775773      1.573569
  H      -0.820107      0.159011     -0.307336
  H       0.550534     -1.929136     -0.087435
  H       1.814978     -2.388655      2.017938
  H       1.703553     -0.774002      3.905807
  N      -1.483506     -1.553558    -11.646148
  O      -1.762193     -0.962689    -10.772100
  O      -2.533718      0.506934    -12.214552
18
Coordinates from ORCA-job educts_optfreq_3 E -475.532806076962
  C       0.376763      0.611803      2.878375
  C      -0.325190      0.864747      1.667875
  C      -0.262479     -0.032071      0.614244
  C       0.510171     -1.209136      0.736777
  C       1.219118     -1.475825      1.928356
  C       1.153852     -0.581331      2.981310
  C       0.291633      1.550565      4.030060
  H       1.282209      1.713277      4.489295
  H      -0.338007      1.106597      4.828422
  H      -0.150899      2.517950      3.754368
  H      -0.917078      1.778737      1.579301
  H      -0.805217      0.174126     -0.312570
  H       0.562597     -1.914837     -0.096502
  H       1.817125     -2.385780      2.012437
  H       1.699541     -0.779612      3.907195
  N      -1.520416     -1.578902    -11.643943
  O      -1.774390     -0.961798    -10.775081
  O      -2.500215      0.510549    -12.231660
18
Coordinates from ORCA-job educts_optfreq_3 E -475.533067054264
  C       0.373053      0.608422      2.886376
  C      -0.322746      0.872304      1.674580
  C      -0.249111     -0.012333      0.612008
  C       0.526652     -1.188271      0.726128
  C       1.227068     -1.467094      1.919922
  C       1.153328     -0.583484      2.981524
  C       0.278916      1.535194      4.046677
  H       1.266221      1.698220      4.512213
  H      -0.350975      1.080603      4.838475
  H      -0.167307      2.502637      3.778976
  H      -0.920234      1.783264      1.593369
  H      -0.774161      0.204362     -0.322416
  H       0.589388     -1.882288     -0.116438
  H       1.825692     -2.377045      1.998875
  H       1.693735     -0.790056      3.908680
  N      -1.625403     -1.638086    -11.627629
  O      -1.805872     -0.954502    -10.786193
  O      -2.399124      0.517211    -12.276868
18
Coordinates from ORCA-job educts_optfreq_3 E -475.533492757378
  C       0.369510      0.605167      2.894886
  C      -0.321261      0.877716      1.682033
  C      -0.236502      0.004036      0.611810
  C       0.543643     -1.169852      0.718701
  C       1.236792     -1.458515      1.914366
  C       1.153852     -0.584840      2.983487
  C       0.266877      1.521654      4.062302
  H       1.251414      1.685797      4.532987
  H      -0.362894      1.057588      4.848491
  H      -0.183293      2.488790      3.801177
  H      -0.924220      1.785534      1.606817
  H      -0.748838      0.227466     -0.327966
  H       0.615372     -1.853748     -0.131581
  H       1.837274     -2.367579      1.988890
  H       1.689807     -0.797935      3.911736
  N      -1.736613     -1.682336    -11.610956
  O      -1.841775     -0.941253    -10.803825
  O      -2.290025      0.511371    -12.335094
18
Coordinates from ORCA-job educts_optfreq_3 E -475.534561997350
  C       0.371103      0.606238      2.895267
  C      -0.321755      0.867410      1.681141
  C      -0.238740     -0.015048      0.617161
  C       0.546171     -1.185698      0.732981
  C       1.246152     -1.460129      1.928039
  C       1.159292     -0.580395      2.991504
  C       0.267032      1.530673      4.056737
  H       1.252739      1.698896      4.524742
  H      -0.363517      1.070983      4.845646
  H      -0.183682      2.496482      3.788398
  H      -0.920950      1.777107      1.597743
  H      -0.774896      0.194998     -0.313950
  H       0.614425     -1.878793     -0.108134
  H       1.853970     -2.364082      2.006665
  H       1.697343     -0.784458      3.920600
  N      -1.723467     -1.650960    -11.590098
  O      -1.904134     -0.896634    -10.816003
  O      -2.257967      0.482469    -12.410179
18
Coordinates from ORCA-job educts_optfreq_3 E -475.535723067376
  C       0.372521      0.607324      2.894100
  C      -0.317541      0.859874      1.676603
  C      -0.234537     -0.030517      0.618738
  C       0.550665     -1.200298      0.745070
  C       1.251212     -1.464361      1.942135
  C       1.160597     -0.578504      2.999965
  C       0.265358      1.539096      4.049655
  H       1.250476      1.708487      4.518913
  H      -0.369535      1.085073      4.838602
  H      -0.182453      2.504371      3.773337
  H      -0.911567      1.772124      1.584032
  H      -0.785629      0.169247     -0.305742
  H       0.617198     -1.902099     -0.088384
  H       1.861748     -2.365972      2.026758
  H       1.696340     -0.776234      3.931774
  N      -1.683196     -1.610496    -11.561144
  O      -1.962245     -0.848161    -10.826969
  O      -2.260293      0.440105    -12.469184
18
Coordinates from ORCA-job educts_optfreq_3 E -475.537363262040
  C       0.371880      0.606582      2.893290
  C      -0.311874      0.858500      1.671979
  C      -0.224849     -0.032980      0.615037
  C       0.559970     -1.202667      0.746473
  C       1.255710     -1.465287      1.946643
  C       1.159065     -0.579480      3.003848
  C       0.258985      1.538513      4.048259
  H       1.241953      1.706568      4.522618
  H      -0.381150      1.085157      4.833395
  H      -0.185881      2.504458      3.769283
  H      -0.902810      1.772341      1.575136
  H      -0.778575      0.165148     -0.307957
  H       0.629429     -1.906110     -0.085164
  H       1.866898     -2.366185      2.034141
  H       1.689431     -0.777049      3.938777
  N      -1.674939     -1.583697    -11.511622
  O      -2.022629     -0.795644    -10.833746
  O      -2.231493      0.380894    -12.512130
18
Coordinates from ORCA-job educts_optfreq_3 E -475.539604330989
  C       0.371297      0.605919      2.893070
  C      -0.307527      0.858733      1.669057
  C      -0.216607     -0.032219      0.612003
  C       0.566976     -1.202156      0.745929
  C       1.257656     -1.465924      1.948817
  C       1.157835     -0.580501      3.006076
  C       0.253785      1.536645      4.048337
  H       1.234308      1.703525      4.527584
  H      -0.389564      1.082724      4.830154
  H      -0.189525      2.502736      3.768751
  H      -0.898260      1.772508      1.570601
  H      -0.765572      0.167862     -0.313149
  H       0.640316     -1.905308     -0.086307
  H       1.867685     -2.367376      2.038100
  H       1.684082     -0.779066      3.943104
  N      -1.672754     -1.558027    -11.477317
  O      -2.071313     -0.747061    -10.852491
  O      -2.203699      0.316048    -12.524057
18
Coordinates from ORCA-job educts_optfreq_3 E -475.541901553500
  C       0.370871      0.605621      2.890600
  C      -0.305880      0.860408      1.665650
  C      -0.212951     -0.029221      0.608165
  C       0.568062     -1.200343      0.741797
  C       1.254589     -1.467510      1.946587
  C       1.156334     -0.581798      3.003879
  C       0.251739      1.535057      4.046175
  H       1.230349      1.701274      4.528959
  H      -0.392019      1.080142      4.826829
  H      -0.191875      2.500834      3.767524
  H      -0.899921      1.772110      1.568574
  H      -0.748528      0.175327     -0.323920
  H       0.644614     -1.901544     -0.092777
  H       1.860758     -2.371410      2.036910
  H       1.681444     -0.781663      3.941240
  N      -1.660250     -1.532423    -11.463794
  O      -2.092832     -0.711626    -10.869418
  O      -2.195386      0.255825    -12.474720
18
Coordinates from ORCA-job educts_optfreq_3 E -475.542809984430
  C       0.368803      0.603949      2.890002
  C      -0.303273      0.867697      1.663791
  C      -0.203939     -0.014302      0.601902
  C       0.571967     -1.189228      0.731948
  C       1.248791     -1.468230      1.939982
  C       1.150449     -0.586979      3.000639
  C       0.249529      1.528773      4.048170
  H       1.226228      1.691288      4.535421
  H      -0.395332      1.071720      4.826477
  H      -0.192698      2.495633      3.773253
  H      -0.900886      1.777402      1.571382
  H      -0.721843      0.193548     -0.337511
  H       0.650281     -1.884458     -0.107404
  H       1.847226     -2.377227      2.029972
  H       1.672090     -0.792915      3.938576
  N      -1.645149     -1.517597    -11.461408
  O      -2.096525     -0.682725    -10.887588
  O      -2.206602      0.192714    -12.409343
18
Coordinates from ORCA-job educts_optfreq_3 E -475.542960942986
  C       0.367247      0.602405      2.892624
  C      -0.298862      0.872865      1.664494
  C      -0.194959     -0.004290      0.599725
  C       0.577764     -1.181983      0.728782
  C       1.247259     -1.468344      1.939152
  C       1.145034     -0.591321      3.002672
  C       0.246663      1.524222      4.052751
  H       1.222233      1.683545      4.542990
  H      -0.401058      1.066657      4.828200
  H      -0.192591      2.492562      3.779169
  H      -0.893994      1.784221      1.572925
  H      -0.706756      0.204010     -0.341737
  H       0.657102     -1.873424     -0.113131
  H       1.842619     -2.379338      2.028906
  H       1.661417     -0.802124      3.942431
  N      -1.636477     -1.520119    -11.456396
  O      -2.096819     -0.674087    -10.895167
  O      -2.226701      0.173602    -12.420130
18
Coordinates from ORCA-job educts_optfreq_3 E -475.543093307012
  C       0.364657      0.599490      2.898721
  C      -0.290976      0.884591      1.668241
  C      -0.180624      0.016906      0.597426
  C       0.586533     -1.165514      0.721104
  C       1.242127     -1.468184      1.934728
  C       1.134773     -0.599736      3.004914
  C       0.241495      1.513034      4.064883
  H       1.215055      1.666719      4.560604
  H      -0.409863      1.052051      4.834932
  H      -0.193932      2.484207      3.796550
  H      -0.882928      1.798366      1.580718
  H      -0.667852      0.233471     -0.355281
  H       0.671459     -1.845859     -0.130057
  H       1.831092     -2.383477      2.022200
  H       1.640784     -0.821967      3.947686
  N      -1.622674     -1.525773    -11.442033
  O      -2.099582     -0.653407    -10.916186
  O      -2.260424      0.124142    -12.440889
18
Coordinates from ORCA-job educts_optfreq_3 E -475.543141336387
  C       0.363980      0.598193      2.902463
  C      -0.288821      0.892176      1.672518
  C      -0.176763      0.030650      0.597224
  C       0.587769     -1.154059      0.714989
  C       1.238448     -1.466573      1.928559
  C       1.131631     -0.603228      3.003159
  C       0.240661      1.504973      4.073807
  H       1.213866      1.656014      4.570924
  H      -0.410207      1.039611      4.841467
  H      -0.194857      2.477470      3.811200
  H      -0.882107      1.805555      1.590341
  H      -0.649730      0.255101     -0.361125
  H       0.674884     -1.827106     -0.142229
  H       1.823569     -2.384610      2.012759
  H       1.634905     -0.832125      3.945804
  N      -1.622501     -1.534172    -11.435527
  O      -2.099534     -0.648752    -10.927403
  O      -2.266073      0.099942    -12.450670
18
Coordinates from ORCA-job educts_optfreq_3 E -475.543225021112
  C       0.362937      0.594781      2.912425
  C      -0.286280      0.912761      1.686372
  C      -0.171928      0.069351      0.597556
  C       0.586913     -1.120706      0.696492
  C       1.229447     -1.459197      1.907129
  C       1.126208     -0.611277      2.994687
  C       0.241394      1.481573      4.098906
  H       1.214977      1.625800      4.597192
  H      -0.405609      1.002306      4.861034
  H      -0.196466      2.457345      3.854251
  H      -0.884254      1.824385      1.621124
  H      -0.617654      0.314731     -0.369428
  H       0.676463     -1.774959     -0.175799
  H       1.806051     -2.383574      1.979431
  H       1.626944     -0.857472      3.934313
  N      -1.636601     -1.567485    -11.422954
  O      -2.093395     -0.650036    -10.950260
  O      -2.260028      0.050734    -12.474213
18
Coordinates from ORCA-job educts_optfreq_3 E -475.543285918061
  C       0.363005      0.592265      2.919491
  C      -0.285511      0.927819      1.697695
  C      -0.172200      0.098165      0.598370
  C       0.582931     -1.095659      0.682285
  C       1.223109     -1.452230      1.888941
  C       1.123412     -0.616822      2.986553
  C       0.244396      1.463916      4.117259
  H       1.219269      1.603197      4.614535
  H      -0.398542      0.973851      4.875950
  H      -0.195886      2.441940      3.886741
  H      -0.884746      1.839438      1.645410
  H      -0.608909      0.358324     -0.369066
  H       0.671306     -1.737789     -0.199318
  H       1.795179     -2.380187      1.950578
  H       1.624318     -0.875617      3.922697
  N      -1.642036     -1.592236    -11.418504
  O      -2.087397     -0.661335    -10.962238
  O      -2.252580      0.022020    -12.489116
18
Coordinates from ORCA-job educts_optfreq_3 E -475.543468265732
  C       0.363520      0.583880      2.939177
  C      -0.283138      0.972303      1.732093
  C      -0.175837      0.185087      0.601596
  C       0.568019     -1.019048      0.639420
  C       1.203343     -1.429110      1.831581
  C       1.114036     -0.633740      2.959432
  C       0.255366      1.409657      4.169519
  H       1.235029      1.534192      4.661715
  H      -0.374719      0.887698      4.917693
  H      -0.191809      2.393455      3.981662
  H      -0.880899      1.886252      1.718036
  H      -0.596539      0.488369     -0.361159
  H       0.650666     -1.625881     -0.267617
  H       1.763652     -2.365841      1.858981
  H       1.615364     -0.931081      3.883833
  N      -1.645302     -1.662837    -11.404918
  O      -2.067801     -0.703230    -10.989541
  O      -2.233830     -0.061063    -12.523241
18
Coordinates from ORCA-job educts_optfreq_3 E -475.543671772902
  C       0.364599      0.574563      2.957169
  C      -0.281153      1.016909      1.768302
  C      -0.183624      0.274200      0.607272
  C       0.547875     -0.938881      0.596271
  C       1.180582     -1.402858      1.769934
  C       1.103457     -0.650550      2.927756
  C       0.269788      1.352368      4.219053
  H       1.255600      1.462425      4.702918
  H      -0.345476      0.798114      4.956280
  H      -0.184285      2.340366      4.075823
  H      -0.873289      1.934272      1.793522
  H      -0.595387      0.620511     -0.345697
  H       0.622411     -1.509731     -0.334645
  H       1.729502     -2.346660      1.760072
  H       1.605512     -0.987857      3.837945
  N      -1.629547     -1.729182    -11.388050
  O      -2.046526     -0.752101    -11.009541
  O      -2.220919     -0.146850    -12.546124
18
Coordinates from ORCA-job educts_optfreq_3 E -475.543915556470
  C       0.366447      0.564576      2.973938
  C      -0.280842      1.060735      1.807386
  C      -0.196687      0.364296      0.616959
  C       0.522057     -0.855539      0.554225
  C       1.155346     -1.372905      1.705015
  C       1.092882     -0.666056      2.891862
  C       0.288515      1.292363      4.266072
  H       1.281957      1.388747      4.737739
  H      -0.309323      0.705302      4.992142
  H      -0.172651      2.282668      4.169769
  H      -0.864976      1.981186      1.873478
  H      -0.606843      0.752630     -0.321312
  H       0.585882     -1.389649     -0.399055
  H       1.693294     -2.321750      1.655142
  H       1.597224     -1.043620      3.784824
  N      -1.607388     -1.795711    -11.368979
  O      -2.022478     -0.804959    -11.026090
  O      -2.203295     -0.233254    -12.564855
18
Coordinates from ORCA-job educts_optfreq_3 E -475.544175495366
  C       0.368777      0.554007      2.989171
  C      -0.282400      1.102379      1.848493
  C      -0.213966      0.453184      0.630639
  C       0.492470     -0.770451      0.514411
  C       1.128932     -1.339503      1.638718
  C       1.082628     -0.679617      2.852862
  C       0.310414      1.230764      4.309411
  H       1.312352      1.314694      4.765923
  H      -0.268301      0.611237      5.023865
  H      -0.157538      2.221318      4.261003
  H      -0.857475      2.024587      1.956255
  H      -0.628121      0.881244     -0.289280
  H       0.543880     -1.267237     -0.459599
  H       1.656558     -2.291048      1.547330
  H       1.590645     -1.096516      3.726029
  N      -1.592660     -1.865454    -11.345926
  O      -1.994109     -0.857295    -11.039850
  O      -2.172964     -0.317233    -12.581195
18
Coordinates from ORCA-job educts_optfreq_3 E -475.544444377875
  C       0.371678      0.543317      3.002381
  C      -0.285344      1.139705      1.889572
  C      -0.233866      0.536646      0.647396
  C       0.461516     -0.687608      0.478641
  C       1.103479     -1.304032      1.574514
  C       1.073620     -0.690497      2.813060
  C       0.333762      1.170568      4.347306
  H       1.344283      1.244426      4.787055
  H      -0.225282      0.520310      5.049967
  H      -0.140643      2.159176      4.344923
  H      -0.851097      2.062062      2.037783
  H      -0.658285      1.000139     -0.250917
  H       0.499515     -1.148517     -0.513404
  H       1.622106     -2.255718      1.442272
  H       1.586223     -1.143992      3.665050
  N      -1.596478     -1.938091    -11.320316
  O      -1.961089     -0.905901    -11.051081
  O      -2.124978     -0.392933    -12.595939
18
Coordinates from ORCA-job educts_optfreq_3 E -475.544732236439
  C       0.375512      0.532770      3.013125
  C      -0.288355      1.173028      1.929235
  C      -0.255357      0.614225      0.665924
  C       0.429257     -0.608392      0.446525
  C       1.078519     -1.267681      1.512854
  C       1.065442     -0.699195      2.772837
  C       0.358008      1.112633      4.379390
  H       1.376884      1.179207      4.801467
  H      -0.181191      0.433519      5.070071
  H      -0.122673      2.097329      4.420347
  H      -0.843655      2.094751      2.115977
  H      -0.696028      1.108917     -0.207451
  H       0.452590     -1.035777     -0.560730
  H       1.589057     -2.217421      1.341063
  H       1.582656     -1.186796      3.602916
  N      -1.608790     -2.008180    -11.291755
  O      -1.925078     -0.951334    -11.058155
  O      -2.067680     -0.462544    -12.605382
18
Coordinates from ORCA-job educts_optfreq_3 E -475.545034132964
  C       0.380503      0.521308      3.021761
  C      -0.290085      1.207311      1.970602
  C      -0.280250      0.694784      0.687493
  C       0.389916     -0.525211      0.414258
  C       1.047508     -1.228507      1.446925
  C       1.054619     -0.707896      2.727390
  C       0.386391      1.050784      4.408345
  H       1.414358      1.111494      4.809778
  H      -0.130857      0.341892      5.085579
  H      -0.100187      2.029649      4.494993
  H      -0.830479      2.128852      2.197681
  H      -0.738635      1.221717     -0.157011
  H       0.395349     -0.917155     -0.607657
  H       1.548270     -2.174909      1.233028
  H       1.576030     -1.231415      3.532597
  N      -1.590113     -2.071745    -11.255390
  O      -1.888729     -1.000140    -11.059241
  O      -2.024490     -0.541751    -12.602871
18
Coordinates from ORCA-job educts_optfreq_3 E -475.545349736063
  C       0.387028      0.509832      3.027846
  C      -0.290858      1.239201      2.011261
  C      -0.308517      0.771794      0.710990
  C       0.343449     -0.445152      0.384978
  C       1.012186     -1.188885      1.381733
  C       1.042814     -0.715279      2.679826
  C       0.419007      0.990077      4.431950
  H       1.456787      1.048974      4.809089
  H      -0.073626      0.252177      5.096133
  H      -0.073575      1.961095      4.563714
  H      -0.811162      2.161850      2.277485
  H      -0.792249      1.329259     -0.097958
  H       0.326859     -0.804587     -0.648287
  H       1.502681     -2.130248      1.125769
  H       1.568868     -1.273307      3.458401
  N      -1.547887     -2.127773    -11.217284
  O      -1.853911     -1.050829    -11.054226
  O      -1.988775     -0.619139    -12.593158
18
Coordinates from ORCA-job educts_optfreq_3 E -475.545577512930
  C       0.391718      0.496826      3.032184
  C      -0.293376      1.268557      2.052297
  C      -0.337401      0.847399      0.737020
  C       0.297738     -0.362687      0.357298
  C       0.976077     -1.146597      1.316223
  C       1.028672     -0.721864      2.630294
  C       0.451182      0.927270      4.451478
  H       1.498415      0.986793      4.802886
  H      -0.015566      0.160924      5.101494
  H      -0.046637      1.888515      4.628522
  H      -0.793491      2.190300      2.357474
  H      -0.838081      1.435594     -0.037712
  H       0.261007     -0.686372     -0.687509
  H       1.456660     -2.080600      1.017924
  H       1.558991     -1.313513      3.380642
  N      -1.516408     -2.185274    -11.168127
  O      -1.814437     -1.096651    -11.046745
  O      -1.945941     -0.699560    -12.577385
18
Coordinates from ORCA-job educts_optfreq_3 E -475.545743592282
  C       0.397789      0.483922      3.034454
  C      -0.294840      1.294682      2.092032
  C      -0.368184      0.918430      0.763923
  C       0.246762     -0.284562      0.333621
  C       0.937976     -1.103780      1.253383
  C       1.014733     -0.726413      2.580406
  C       0.486870      0.866679      4.466147
  H       1.543856      0.930679      4.788466
  H       0.047464      0.073634      5.102529
  H      -0.015032      1.817156      4.686962
  H      -0.770666      2.216341      2.434218
  H      -0.896677      1.535140      0.032461
  H       0.185445     -0.577768     -0.718044
  H       1.407955     -2.029050      0.913673
  H       1.549087     -1.349773      3.301694
  N      -1.479186     -2.238808    -11.121690
  O      -1.776423     -1.145498    -11.034319
  O      -1.897810     -0.771953    -12.561656
18
Coordinates from ORCA-job educts_optfreq_3 E -475.545784172125
  C       0.400765      0.468779      3.035199
  C      -0.299343      1.319049      2.133663
  C      -0.399684      0.989998      0.794721
  C       0.199672     -0.199849      0.310543
  C       0.899416     -1.056923      1.188702
  C       0.997765     -0.730362      2.527639
  C       0.520618      0.801385      4.477303
  H       1.586134      0.870163      4.770737
  H       0.108532     -0.018025      5.097566
  H       0.016285      1.739119      4.743001
  H      -0.755441      2.235519      2.514509
  H      -0.935978      1.638392      0.098706
  H       0.119145     -0.454466     -0.750745
  H       1.358551     -1.971119      0.806829
  H       1.535740     -1.385191      3.217726
  N      -1.455185     -2.295009    -11.058915
  O      -1.731723     -1.188573    -11.020903
  O      -1.846149     -0.853828    -12.538020
18
Coordinates from ORCA-job educts_optfreq_3 E -475.545795275341
  C       0.400880      0.470011      3.034601
  C      -0.298255      1.315242      2.127616
  C      -0.396526      0.981018      0.789272
  C       0.203446     -0.210980      0.313031
  C       0.903672     -1.062727      1.196222
  C       1.000157     -0.730238      2.533623
  C       0.517535      0.809608      4.475525
  H       1.582740      0.880704      4.769776
  H       0.103944     -0.006424      5.099179
  H       0.012796      1.748988      4.735124
  H      -0.755231      2.233400      2.503385
  H      -0.937162      1.627488      0.095217
  H       0.123525     -0.472901     -0.744603
  H       1.363792     -1.978345      0.818937
  H       1.537203     -1.381818      3.227528
  N      -1.457812     -2.288797    -11.066441
  O      -1.737097     -1.185410    -11.018771
  O      -1.848487     -0.839759    -12.540962
18
Coordinates from ORCA-job educts_optfreq_3 E -475.545798047812
  C       0.400582      0.470015      3.034685
  C      -0.298457      1.314438      2.126777
  C      -0.395904      0.979323      0.788536
  C       0.204890     -0.212511      0.313463
  C       0.904404     -1.063924      1.197709
  C       1.000477     -0.730402      2.534886
  C       0.516557      0.810876      4.475376
  H       1.581633      0.882524      4.769895
  H       0.102869     -0.004585      5.099691
  H       0.011494      1.750377      4.733840
  H      -0.757176      2.232004      2.501883
  H      -0.933993      1.626857      0.093114
  H       0.126354     -0.474426     -0.744599
  H       1.364549     -1.979856      0.821225
  H       1.537631     -1.381258      3.229373
  N      -1.459202     -2.287663    -11.067022
  O      -1.737781     -1.184195    -11.019595
  O      -1.849807     -0.838534    -12.540979
18
Coordinates from ORCA-job educts_optfreq_3 E -475.545800189415
  C       0.400239      0.469658      3.034818
  C      -0.298747      1.313512      2.126099
  C      -0.395454      0.977924      0.787762
  C       0.206016     -0.213560      0.313813
  C       0.904560     -1.065131      1.199050
  C       1.000607     -0.730846      2.535992
  C       0.515847      0.811823      4.475263
  H       1.580953      0.885476      4.769177
  H       0.103467     -0.003446      5.100604
  H       0.009606      1.750930      4.732770
  H      -0.759789      2.230081      2.500810
  H      -0.930221      1.627958      0.091840
  H       0.129198     -0.475001     -0.744737
  H       1.364204     -1.981501      0.823032
  H       1.538048     -1.381120      3.230783
  N      -1.460451     -2.286812    -11.066182
  O      -1.737885     -1.182997    -11.020762
  O      -1.851078     -0.837888    -12.541872
18
Coordinates from ORCA-job educts_optfreq_3 E -475.545800863534
  C       0.400074      0.469879      3.034801
  C      -0.298672      1.312760      2.124922
  C      -0.394559      0.976019      0.786775
  C       0.207270     -0.215767      0.314321
  C       0.905334     -1.066564      1.200799
  C       1.000877     -0.730979      2.537428
  C       0.514974      0.813577      4.474929
  H       1.579934      0.888337      4.769120
  H       0.103106     -0.001373      5.101021
  H       0.007910      1.752537      4.731344
  H      -0.760529      2.229324      2.498636
  H      -0.928721      1.625945      0.090263
  H       0.131245     -0.478040     -0.744075
  H       1.364980     -1.983351      0.825801
  H       1.538324     -1.380429      3.232979
  N      -1.461416     -2.285396    -11.066909
  O      -1.738623     -1.181610    -11.021463
  O      -1.852389     -0.835809    -12.542431
18
Coordinates from ORCA-job educts_optfreq_3 E -475.545803775590
  C       0.398819      0.472096      3.034612
  C      -0.297738      1.307605      2.115992
  C      -0.387441      0.961729      0.779644
  C       0.217296     -0.232574      0.318221
  C       0.912305     -1.076743      1.213822
  C       1.003014     -0.731427      2.548212
  C       0.507769      0.826678      4.472465
  H       1.571378      0.907501      4.770060
  H       0.097511      0.014500      5.103263
  H      -0.004056      1.765254      4.720687
  H      -0.763814      2.225203      2.481822
  H      -0.918733      1.607914      0.077437
  H       0.146401     -0.501873     -0.738684
  H       1.373238     -1.996139      0.846855
  H       1.539522     -1.374929      3.249964
  N      -1.468562     -2.274639    -11.073742
  O      -1.744903     -1.171037    -11.026202
  O      -1.862886     -0.820061    -12.546167
18
Coordinates from ORCA-job educts_optfreq_3 E -475.545807571494
  C       0.395933      0.477243      3.033876
  C      -0.295271      1.296751      2.096651
  C      -0.371747      0.930856      0.764762
  C       0.239585     -0.268716      0.326904
  C       0.928433     -1.097736      1.241633
  C       1.007511     -0.731739      2.571145
  C       0.491415      0.854423      4.466746
  H       1.551895      0.945888      4.772531
  H       0.081793      0.049023      5.106735
  H      -0.028558      1.793071      4.697107
  H      -0.768550      2.217426      2.445047
  H      -0.897878      1.566391      0.049029
  H       0.179059     -0.553714     -0.726475
  H       1.393601     -2.021879      0.892327
  H       1.540754     -1.362656      3.286645
  N      -1.483311     -2.251213    -11.089209
  O      -1.759208     -1.148190    -11.034960
  O      -1.886335     -0.786170    -12.552234
18
Coordinates from ORCA-job educts_optfreq_3 E -475.545810645981
  C       0.388580      0.489846      3.029700
  C      -0.288134      1.269391      2.048327
  C      -0.332933      0.854329      0.729502
  C       0.293627     -0.356873      0.349388
  C       0.967054     -1.147280      1.309220
  C       1.017046     -0.731186      2.625264
  C       0.451071      0.921068      4.448731
  H       1.503569      1.036579      4.773758
  H       0.039783      0.133913      5.110287
  H      -0.085615      1.860112      4.634891
  H      -0.776364      2.197620      2.353228
  H      -0.846544      1.460979     -0.019954
  H       0.257324     -0.680518     -0.694285
  H       1.443125     -2.081395      1.003815
  H       1.540430     -1.331016      3.373958
  N      -1.509538     -2.190947    -11.122047
  O      -1.794928     -1.092108    -11.048188
  O      -1.948434     -0.703453    -12.557334
18
Coordinates from ORCA-job educts_optfreq_3 E -475.545823354436
  C       0.386070      0.492793      3.034221
  C      -0.289381      1.259775      2.041787
  C      -0.320469      0.834031      0.726302
  C       0.317205     -0.375901      0.359877
  C       0.987867     -1.154573      1.331614
  C       1.025221     -0.727583      2.644520
  C       0.435733      0.937061      4.449383
  H       1.484605      1.062970      4.782144
  H       0.026611      0.152238      5.115237
  H      -0.110128      1.872957      4.624092
  H      -0.787412      2.186212      2.335924
  H      -0.832613      1.430113     -0.032130
  H       0.291654     -0.707559     -0.682581
  H       1.471599     -2.088250      1.037014
  H       1.548076     -1.317398      3.401433
  N      -1.629816     -2.198171    -11.145676
  O      -1.787239     -1.073439    -11.081733
  O      -1.898462     -0.676217    -12.593168
18
Coordinates from ORCA-job educts_optfreq_3 E -475.545855087572
  C       0.386242      0.497995      3.043388
  C      -0.283810      1.253802      2.038688
  C      -0.307793      0.813166      0.727874
  C       0.330920     -0.401156      0.378737
  C       0.996258     -1.168848      1.362856
  C       1.027374     -0.726657      2.670910
  C       0.428138      0.958041      4.453729
  H       1.475066      1.089592      4.790598
  H       0.017647      0.179588      5.126253
  H      -0.120564      1.894592      4.615730
  H      -0.783753      2.183213      2.319924
  H      -0.815330      1.401637     -0.040128
  H       0.310449     -0.744558     -0.660130
  H       1.480764     -2.106151      1.081319
  H       1.546504     -1.307796      3.437041
  N      -1.601264     -2.180649    -11.214125
  O      -1.814172     -1.066073    -11.138710
  O      -1.953555     -0.660679    -12.645694
18
Coordinates from ORCA-job educts_optfreq_3 E -475.545850336651
  C       0.379465      0.510353      3.039587
  C      -0.274794      1.224817      1.994512
  C      -0.268208      0.736310      0.700702
  C       0.382847     -0.486445      0.408780
  C       1.031389     -1.213890      1.434262
  C       1.034756     -0.723106      2.725298
  C       0.390004      1.022476      4.432108
  H       1.428347      1.178473      4.785141
  H      -0.022504      0.263459      5.125587
  H      -0.173417      1.956811      4.550569
  H      -0.787534      2.159387      2.232102
  H      -0.762127      1.293999     -0.099545
  H       0.385009     -0.866952     -0.618529
  H       1.524659     -2.158792      1.196675
  H       1.543041     -1.272059      3.521795
  N      -1.615926     -2.120790    -11.257974
  O      -1.852084     -1.013152    -11.162751
  O      -2.023804     -0.581840    -12.660058
18
Coordinates from ORCA-job educts_optfreq_3 E -475.545851689795
  C       0.378391      0.511775      3.038717
  C      -0.273351      1.221564      1.988903
  C      -0.262829      0.727602      0.697075
  C       0.389974     -0.495920      0.412144
  C       1.036838     -1.218075      1.442216
  C       1.035830     -0.722091      2.731274
  C       0.384548      1.029373      4.429253
  H       1.421710      1.187495      4.785145
  H      -0.028756      0.272215      5.124487
  H      -0.180380      1.963515      4.543040
  H      -0.786619      2.157155      2.221252
  H      -0.756589      1.280541     -0.106568
  H       0.394366     -0.880974     -0.612568
  H       1.531524     -2.163546      1.209788
  H       1.541987     -1.267637      3.531501
  N      -1.624177     -2.115634    -11.261348
  O      -1.854768     -1.007180    -11.165186
  O      -2.028577     -0.571119    -12.660864
18
Coordinates from ORCA-job educts_optfreq_3 E -475.545855288101
  C       0.378902      0.510547      3.039266
  C      -0.273847      1.225301      1.993637
  C      -0.266519      0.736771      0.699611
  C       0.385411     -0.485952      0.408676
  C       1.034310     -1.212343      1.434174
  C       1.035028     -0.722281      2.725477
  C       0.387682      1.021702      4.432244
  H       1.425686      1.175334      4.787670
  H      -0.026909      0.262217      5.124187
  H      -0.174560      1.956842      4.551124
  H      -0.784192      2.161334      2.230642
  H      -0.762965      1.292363     -0.100076
  H       0.387104     -0.867480     -0.616643
  H       1.528968     -2.156596      1.196828
  H       1.541325     -1.272017      3.522776
  N      -1.625077     -2.124077    -11.257423
  O      -1.849948     -1.014152    -11.164050
  O      -2.021279     -0.578453    -12.659859
