18
Coordinates from ORCA-job educts_optfreq_3
  C   0.37759623275554      0.51238423925244      3.03815455961459
  C   -0.27225457628216      1.22065861936783      1.98629423140801
  C   -0.26004171484010      0.72489072579318      0.69511246328414
  C   0.39407213021949     -0.49883809834406      0.41323835260164
  C   1.04016599929518     -1.21885017018099      1.44501020260160
  C   1.03592684962198     -0.72161017659743      2.73357031417468
  C   0.38107436154817      1.03129076410766      4.42823280373650
  H   1.41762742771500      1.18757754711270      4.78667741527000
  H   -0.03514895069053      0.27514096499399      5.12284902923161
  H   -0.18239575672109      1.96649976070195      4.54015345462693
  H   -0.78395462987146      2.15769000012549      2.21633301846836
  H   -0.75423730749220      1.27547666948537     -0.10943937056499
  H   0.39957203796667     -0.88623463695767     -0.61017310849245
  H   1.53671539185017     -2.16381341636585      1.21454700602879
  H   1.54000430487060     -1.26643407437898      3.53561790277304
  N   -1.62759559892291     -2.11532134309062    -11.26246598166809
  O   -1.85521550300905     -1.00625501380964    -11.16597633722637
  O   -2.03279069801330     -0.56519236121535    -12.65947595586798
