17
Coordinates from ORCA-job opt4 E -491.774835035924
  C      -0.866890      2.094950     12.816680
  C       0.036800      1.094290     13.287750
  C       0.337280      0.006120     12.489280
  C      -0.240280     -0.123540     11.210920
  C      -1.131440      0.859390     10.737450
  C      -1.447310      1.955340     11.519440
  H       0.482790      1.198570     14.279850
  H       1.027850     -0.757560     12.853600
  H       0.002520     -0.986160     10.587010
  H      -1.576720      0.756320      9.745790
  H      -2.139080      2.719320     11.156210
  N      -1.168100      3.159420     13.587760
  H      -0.765850      3.271050     14.511940
  H      -1.812170      3.875030     13.269070
  N       1.162570     -1.098610     -5.201630
  O       0.320040     -1.672040     -5.781190
  O       1.479880     -0.632540     -4.177860
17
Coordinates from ORCA-job opt4 E -491.774906299367
  C      -0.868579      2.097014     12.826056
  C       0.035766      1.098143     13.299389
  C       0.337424      0.008744     12.503249
  C      -0.240102     -0.124306     11.225144
  C      -1.132330      0.856676     10.749650
  C      -1.448667      1.954193     11.528967
  H       0.481844      1.205074     14.291157
  H       1.028997     -0.753214     12.869083
  H       0.003760     -0.987904     10.603042
  H      -1.577824      0.751210      9.758091
  H      -2.140815      2.716918     11.164044
  N      -1.170467      3.162918     13.594655
  H      -0.768393      3.276697     14.518686
  H      -1.814582      3.877613     13.274243
  N       1.168661     -1.111116     -5.252281
  O       0.309000     -1.644304     -5.835735
  O       1.498197     -0.665006     -4.225369
17
Coordinates from ORCA-job opt4 E -491.774925708355
  C      -0.870173      2.099603     12.837833
  C       0.035013      1.102462     13.313003
  C       0.337218      0.011519     12.519191
  C      -0.240604     -0.124856     11.241592
  C      -1.133775      0.854358     10.764352
  C      -1.450615      1.953390     11.541293
  H       0.481376      1.211896     14.304373
  H       1.029554     -0.749051     12.886468
  H       0.003807     -0.989609     10.621323
  H      -1.579816      0.746350      9.773310
  H      -2.143425      2.714838     11.174955
  N      -1.172541      3.167041     13.604174
  H      -0.770238      3.283046     14.527800
  H      -1.817007      3.880755     13.282347
  N       1.175520     -1.124335     -5.313625
  O       0.300607     -1.622793     -5.903095
  O       1.516990     -0.695265     -4.283223
17
Coordinates from ORCA-job opt4 E -491.774943408679
  C      -0.871428      2.102090     12.850154
  C       0.034644      1.106229     13.326188
  C       0.336712      0.014056     12.533996
  C      -0.242129     -0.124845     11.257158
  C      -1.136306      0.853015     10.779131
  C      -1.453077      1.953229     11.554458
  H       0.481842      1.217552     14.316976
  H       1.029741     -0.745537     12.901999
  H       0.002218     -0.990541     10.638180
  H      -1.583484      0.742887      9.788833
  H      -2.146637      2.713696     11.187494
  N      -1.173524      3.170779     13.614933
  H      -0.770348      3.288495     14.537956
  H      -1.818369      3.883832     13.292429
  N       1.182219     -1.135580     -5.375691
  O       0.298394     -1.613465     -5.968517
  O       1.531423     -0.716542     -4.343606
17
Coordinates from ORCA-job opt4 E -491.774960052861
  C      -0.872670      2.104658     12.862172
  C       0.034443      1.110303     13.339215
  C       0.336354      0.016691     12.548926
  C      -0.243678     -0.125176     11.272989
  C      -1.139042      0.851087     10.794045
  C      -1.455739      1.952686     11.567477
  H       0.482619      1.223839     14.329315
  H       1.030194     -0.741755     12.917780
  H       0.000594     -0.991975     10.655529
  H      -1.587562      0.738458      9.804629
  H      -2.150185      2.711997     11.199784
  N      -1.174441      3.174817     13.625113
  H      -0.770233      3.294538     14.547422
  H      -1.819722      3.887097     13.301817
  N       1.188884     -1.147143     -5.437147
  O       0.295186     -1.600628     -6.033900
  O       1.546891     -0.740144     -4.403096
17
Coordinates from ORCA-job opt4 E -491.774958920426
  C      -0.872453      2.104676     12.861906
  C       0.035180      1.110537     13.338769
  C       0.336747      0.016851     12.548496
  C      -0.244251     -0.125284     11.272942
  C      -1.140075      0.850802     10.794156
  C      -1.456295      1.952514     11.567586
  H       0.483897      1.224386     14.328586
  H       1.030913     -0.741419     12.917042
  H      -0.000355     -0.992159     10.655440
  H      -1.588949      0.737807      9.804936
  H      -2.151102      2.711586     11.200151
  N      -1.174036      3.174799     13.624790
  H      -0.769385      3.294889     14.546869
  H      -1.819776      3.886784     13.301663
  N       1.189987     -1.147031     -5.436199
  O       0.294097     -1.598506     -6.032714
  O       1.547745     -0.741880     -4.402349
17
Coordinates from ORCA-job opt4 E -491.774960139680
  C      -0.872229      2.104844     12.861605
  C       0.035650      1.110922     13.338123
  C       0.336722      0.016863     12.548122
  C      -0.244969     -0.125884     11.273032
  C      -1.141149      0.849917     10.794630
  C      -1.457017      1.951968     11.567795
  H       0.485064      1.225110     14.327591
  H       1.031120     -0.741264     12.916577
  H      -0.001386     -0.993033     10.655789
  H      -1.591060      0.736437      9.805939
  H      -2.152108      2.710919     11.200593
  N      -1.173158      3.175409     13.624318
  H      -0.767732      3.295700     14.546023
  H      -1.818813      3.887524     13.301400
  N       1.189492     -1.146463     -5.435430
  O       0.295429     -1.599979     -6.032304
  O       1.548034     -0.739639     -4.401734
17
Coordinates from ORCA-job opt4 E -491.774960115349
  C      -0.871953      2.104908     12.861390
  C       0.036409      1.111195     13.337457
  C       0.336914      0.016945     12.547511
  C      -0.245866     -0.126203     11.272960
  C      -1.142495      0.849409     10.794988
  C      -1.457766      1.951665     11.568094
  H       0.486641      1.225712     14.326512
  H       1.031706     -0.741004     12.915583
  H      -0.002737     -0.993493     10.655732
  H      -1.593077      0.735643      9.806630
  H      -2.153216      2.710459     11.201249
  N      -1.172372      3.175634     13.624066
  H      -0.766193      3.296233     14.545397
  H      -1.818386      3.887581     13.301486
  N       1.189926     -1.146009     -5.434695
  O       0.296072     -1.600531     -6.031122
  O       1.548285     -0.738794     -4.401167
