15
Coordinates from ORCA-job opt2 E -362.861420988274
  C      -2.647190      1.258120     -0.015640
  C      -3.755050      0.388150     -0.004950
  C      -3.587580     -0.993570      0.000480
  C      -2.305450     -1.551200      0.001030
  C      -1.196680     -0.700690      0.000600
  C      -1.363390      0.684560     -0.005150
  H      -4.764340      0.803460     -0.001290
  H      -4.452790     -1.655640      0.001380
  H      -0.187470     -1.119400      0.001550
  H      -0.483310      1.329830     -0.001510
  N      -2.819010      2.631260      0.075150
  H      -3.741500      3.037080     -0.382130
  H      -2.026250      3.253530     -0.382550
  O      -2.200170     -2.929030      0.000030
  H      -1.256470     -3.158860      0.001560
15
Coordinates from ORCA-job opt2 E -362.871004916796
  C      -2.648738      1.269581     -0.018770
  C      -3.761320      0.395777     -0.011723
  C      -3.593983     -0.992398     -0.001889
  C      -2.305878     -1.553191      0.002570
  C      -1.191580     -0.698306     -0.002290
  C      -1.359681      0.693089     -0.012642
  H      -4.778644      0.815760     -0.011281
  H      -4.466294     -1.660556     -0.000363
  H      -0.173538     -1.120141     -0.001256
  H      -0.472734      1.344527     -0.012906
  N      -2.821785      2.656188      0.071334
  H      -3.681604      3.006168     -0.364183
  H      -2.075571      3.208124     -0.364522
  O      -2.202791     -2.929771      0.006689
  H      -1.252508     -3.157250      0.009792
15
Coordinates from ORCA-job opt2 E -362.871506037432
  C      -2.648971      1.270856     -0.013521
  C      -3.762306      0.396978     -0.009794
  C      -3.595513     -0.992718     -0.003074
  C      -2.305808     -1.554638      0.001446
  C      -1.190205     -0.698353     -0.003616
  C      -1.359246      0.694359     -0.010898
  H      -4.780329      0.817973     -0.009456
  H      -4.468099     -1.661915     -0.002929
  H      -0.171121     -1.120287     -0.004052
  H      -0.471792      1.346837     -0.011411
  N      -2.822699      2.664692      0.065038
  H      -3.692444      2.997020     -0.363502
  H      -2.062167      3.201560     -0.363735
  O      -2.203820     -2.930010      0.006746
  H      -1.252130     -3.154754      0.011317
15
Coordinates from ORCA-job opt2 E -362.871674270472
  C      -2.649145      1.271436     -0.013171
  C      -3.762559      0.398499     -0.009795
  C      -3.596281     -0.991509     -0.003391
  C      -2.305926     -1.554250      0.001004
  C      -1.189961     -0.697273     -0.003939
  C      -1.359688      0.695672     -0.010954
  H      -4.780334      0.819828     -0.008577
  H      -4.467983     -1.661373     -0.003441
  H      -0.171014     -1.118964     -0.004861
  H      -0.472439      1.348238     -0.010718
  N      -2.823170      2.669536      0.059822
  H      -3.703293      2.985241     -0.360905
  H      -2.047929      3.192404     -0.360743
  O      -2.204628     -2.928784      0.006330
  H      -1.252302     -3.151101      0.011898
15
Coordinates from ORCA-job opt2 E -362.871676073686
  C      -2.649172      1.271517     -0.013524
  C      -3.762499      0.398730     -0.009768
  C      -3.596160     -0.991023     -0.003180
  C      -2.306008     -1.553717      0.001055
  C      -1.190242     -0.696930     -0.003747
  C      -1.359882      0.695838     -0.010910
  H      -4.780289      0.819802     -0.008533
  H      -4.467541     -1.661190     -0.003151
  H      -0.171429     -1.118697     -0.004632
  H      -0.472517      1.348104     -0.010628
  N      -2.823168      2.669433      0.059245
  H      -3.703857      2.983899     -0.360785
  H      -2.046918      3.191192     -0.360358
  O      -2.204593     -2.928455      0.005892
  H      -1.252375     -3.150903      0.011584
15
Coordinates from ORCA-job opt2 E -362.871676289521
  C      -2.649189      1.271596     -0.013655
  C      -3.762496      0.398795     -0.009750
  C      -3.596090     -0.990849     -0.003109
  C      -2.306047     -1.553489      0.001042
  C      -1.190367     -0.696825     -0.003706
  C      -1.359945      0.695890     -0.010911
  H      -4.780360      0.819647     -0.008502
  H      -4.467265     -1.661284     -0.002987
  H      -0.171602     -1.118671     -0.004519
  H      -0.472428      1.347930     -0.010630
  N      -2.823183      2.669316      0.058990
  H      -3.704011      2.983784     -0.360810
  H      -2.046660      3.191124     -0.360129
  O      -2.204575     -2.928373      0.005671
  H      -1.252431     -3.150990      0.011565
