18
Coordinates from ORCA-job neb_educts_optfreq
  C   -4.33382681955860      2.39496459589793      0.55656310582961
  C   -5.53848726502112      1.64841836733413      0.67348201353815
  C   -5.51885286337515      0.26220274776478      0.65223458524955
  C   -4.29262861857397     -0.42186878634779      0.51112979509485
  C   -3.08704308771144      0.30107600926435      0.39011188145251
  C   -3.10785740103179      1.68694489687697      0.41148484893366
  C   -4.34863835582395      3.88673211097707      0.61860195091032
  H   -4.27686381230942     -1.51462184390594      0.49700574430005
  H   -6.44891587262879     -0.30329358397227      0.74502610437245
  H   -6.48613749864791      2.18198118012499      0.78293023225418
  H   -3.54199236899529      4.33184972885340      0.01554469861421
  H   -4.17827507557094      4.22013883943877      1.66253149071233
  H   -5.31699332545620      4.30525364388132      0.30634848541054
  H   -2.17620354409195      2.25126371943940      0.31899201670151
  H   -2.14098753567195     -0.23425332875691      0.28123380227538
  N   -3.32211020008229      1.08935874742595     -9.84151301463493
  O   -2.38326450322341      1.27245399886664    -10.49194101726124
  O   -4.46394185222538      0.94060895683704     -9.72669672375298
