13
Coordinates from ORCA-job first_job E -294.166436530704
  C      -3.236730     -1.743190      0.009570
  C      -4.389810     -1.069870     -0.007000
  C      -5.686850     -1.776570      0.004960
  C      -6.841590     -1.098510     -0.011770
  C      -8.156270     -1.815310      0.000350
  H      -8.239040     -2.470500     -0.892480
  H      -8.986000     -1.078070     -0.016920
  H      -8.243040     -2.432540      0.919470
  F      -2.056760     -1.070190     -0.001950
  H      -3.223690     -2.828960      0.032290
  H      -4.366530      0.016440     -0.029660
  H      -5.702960     -2.863880      0.027680
  H      -6.839170     -0.011800     -0.034520
13
Coordinates from ORCA-job first_job E -294.169848633515
  C      -3.217983     -1.738469      0.009562
  C      -4.380854     -1.072709     -0.007354
  C      -5.671401     -1.762676      0.004083
  C      -6.845924     -1.103968     -0.012007
  C      -8.181795     -1.811948      0.000421
  H      -8.283752     -2.468092     -0.880049
  H      -9.010520     -1.088292     -0.016267
  H      -8.286992     -2.430534      0.907324
  F      -2.041930     -1.088446     -0.000335
  H      -3.166699     -2.831201      0.032424
  H      -4.364017      0.020748     -0.029978
  H      -5.671758     -2.858421      0.027033
  H      -6.844816     -0.008943     -0.034837
13
Coordinates from ORCA-job first_job E -294.170763250532
  C      -3.209200     -1.734721      0.009660
  C      -4.377628     -1.076363     -0.007090
  C      -5.664235     -1.749529      0.003966
  C      -6.851426     -1.111302     -0.011812
  C      -8.194445     -1.807512      0.000246
  H      -8.311919     -2.468528     -0.874478
  H      -9.024605     -1.087966     -0.016488
  H      -8.315300     -2.431038      0.901646
  F      -2.032832     -1.106358     -0.000276
  H      -3.120768     -2.826803      0.032309
  H      -4.362606      0.019100     -0.029865
  H      -5.651332     -2.847975      0.026902
  H      -6.852144     -0.013955     -0.034701
13
Coordinates from ORCA-job first_job E -294.170830220802
  C      -3.209264     -1.734296      0.009551
  C      -4.377377     -1.077492     -0.007113
  C      -5.665498     -1.747998      0.003975
  C      -6.853751     -1.114184     -0.011709
  C      -8.194730     -1.806120      0.000201
  H      -8.316272     -2.469066     -0.873755
  H      -9.024402     -1.084760     -0.016617
  H      -8.319725     -2.431572      0.900915
  F      -2.030742     -1.106534     -0.000250
  H      -3.111891     -2.825457      0.032338
  H      -4.360062      0.017916     -0.029862
  H      -5.650364     -2.846464      0.026894
  H      -6.854361     -0.016923     -0.034547
13
Coordinates from ORCA-job first_job E -294.170851945464
  C      -3.210140     -1.734581      0.009558
  C      -4.377490     -1.078609     -0.007012
  C      -5.666975     -1.748441      0.004029
  C      -6.855132     -1.116359     -0.011643
  C      -8.194411     -1.805009      0.000148
  H      -8.319154     -2.469276     -0.873043
  H      -9.022772     -1.081554     -0.016802
  H      -8.322715     -2.431706      0.900203
  F      -2.030910     -1.103355     -0.000491
  H      -3.106030     -2.824698      0.032318
  H      -4.357303      0.016593     -0.029748
  H      -5.650632     -2.846752      0.026940
  H      -6.854774     -0.019204     -0.034435
13
Coordinates from ORCA-job first_job E -294.170855844983
  C      -3.210337     -1.734907      0.009532
  C      -4.377691     -1.079146     -0.007038
  C      -5.667209     -1.749270      0.004004
  C      -6.855158     -1.116813     -0.011642
  C      -8.194629     -1.804648      0.000153
  H      -8.320323     -2.469160     -0.872737
  H      -9.022374     -1.080489     -0.016853
  H      -8.323895     -2.431504      0.899982
  F      -2.031897     -1.101135     -0.000442
  H      -3.103887     -2.824672      0.032300
  H      -4.356434      0.015985     -0.029723
  H      -5.650578     -2.847528      0.026891
  H      -6.854028     -0.019663     -0.034408
13
Coordinates from ORCA-job first_job E -294.170858534545
  C      -3.210327     -1.735204      0.009546
  C      -4.378012     -1.079808     -0.007025
  C      -5.667316     -1.750294      0.003968
  C      -6.855036     -1.117118     -0.011650
  C      -8.195077     -1.804289      0.000158
  H      -8.321444     -2.468927     -0.872479
  H      -9.022266     -1.079563     -0.016958
  H      -8.325068     -2.431082      0.899870
  F      -2.033078     -1.098778     -0.000430
  H      -3.101533     -2.824682      0.032239
  H      -4.355793      0.015280     -0.029653
  H      -5.650456     -2.848517      0.026809
  H      -6.853033     -0.019969     -0.034375
13
Coordinates from ORCA-job first_job E -294.170858937883
  C      -3.210238     -1.735201      0.009531
  C      -4.378143     -1.080044     -0.007030
  C      -5.667357     -1.750565      0.003945
  C      -6.855007     -1.117155     -0.011645
  C      -8.195234     -1.804202      0.000164
  H      -8.321562     -2.468848     -0.872448
  H      -9.022351     -1.079414     -0.017044
  H      -8.325252     -2.430846      0.899953
  F      -2.033308     -1.098287     -0.000388
  H      -3.100937     -2.824642      0.032192
  H      -4.355746      0.015049     -0.029618
  H      -5.650496     -2.848786      0.026743
  H      -6.852810     -0.020009     -0.034336
