18
Coordinates from ORCA-job meta_products_optfreq_9
  C   -3.01572250269838      2.73373017697215     -1.18416642715905
  C   -4.15472165503421      2.19965404488488     -0.56647195425865
  C   -4.51108499490246      0.87387835421215     -0.80806515476477
  C   -3.77223110082446      0.03890155133269     -1.64816730037417
  C   -2.63967124632238      0.56957841549867     -2.26181711598718
  C   -2.26851055144720      1.89819751175972     -2.03108882258039
  C   -2.61369644325860      4.16864192514662     -0.95081345526619
  H   -4.09117801124289     -0.98970332216047     -1.80571271630326
  H   -4.77017831181502      2.79616570737409      0.10536325922008
  H   -1.61494051132841      4.37610137476329     -1.36080783083488
  H   -2.60004287511044      4.41001228230389      0.12342286680823
  H   -3.32318578610297      4.86178517410999     -1.43451836915211
  H   -1.37426418193902      2.29593254109123     -2.51939454831202
  H   -2.03708383326100     -0.05506104858705     -2.92400948516599
  N   -5.71507044779442      0.33298439549680     -0.14944994126949
  O   -6.02114666390667     -0.82741221719143     -0.38233682226892
  O   -6.34516273330348      1.07269728121454      0.59526572180912
  H   -12.91435814970774     -2.83208414822185      2.76422809585973
