17
Coordinates from ORCA-job products_optfreq E -475.464790907352
  C      -6.237620      0.359650     -0.632750
  C      -6.489620      0.098840     -2.015960
  C      -6.186820     -1.187580     -2.518130
  C      -5.656980     -2.180760     -1.695540
  C      -5.415120     -1.918520     -0.352060
  C      -5.701910     -0.661690      0.175760
  C      -6.518220      1.689420      0.019460
  H      -5.914900      2.484900     -0.465700
  H      -6.254180      1.688630      1.098640
  H      -7.600010      1.927230     -0.053810
  H      -6.360660     -1.431230     -3.558470
  H      -5.433250     -3.158280     -2.103230
  H      -5.003680     -2.691780      0.283980
  H      -5.502520     -0.487840      1.226210
  N      -7.034090      1.080430     -2.914270
  O      -7.223240      0.803450     -4.060840
  O      -7.336520      2.294590     -2.510870
17
Coordinates from ORCA-job products_optfreq E -475.476731455815
  C      -6.239397      0.372692     -0.622945
  C      -6.481872      0.092328     -1.993397
  C      -6.191146     -1.176252     -2.519765
  C      -5.662422     -2.175206     -1.710938
  C      -5.418701     -1.914446     -0.361508
  C      -5.705255     -0.655172      0.169823
  C      -6.522272      1.704961      0.025417
  H      -5.940721      2.502867     -0.457037
  H      -6.255148      1.687756      1.093911
  H      -7.589205      1.957014     -0.054553
  H      -6.378876     -1.389228     -3.572323
  H      -5.440514     -3.157180     -2.132804
  H      -5.003732     -2.695739      0.279998
  H      -5.506412     -0.473234      1.227116
  N      -7.026827      1.065095     -2.907158
  O      -7.205916      0.748467     -4.063045
  O      -7.300925      2.214737     -2.478373
17
Coordinates from ORCA-job products_optfreq E -475.479070968966
  C      -6.241930      0.384982     -0.617059
  C      -6.477157      0.086989     -1.980585
  C      -6.192359     -1.173502     -2.519508
  C      -5.663223     -2.176386     -1.716519
  C      -5.420007     -1.912570     -0.365755
  C      -5.707770     -0.652391      0.162081
  C      -6.520077      1.711384      0.045223
  H      -5.954002      2.522707     -0.429110
  H      -6.243757      1.661333      1.108129
  H      -7.580221      1.983918     -0.033272
  H      -6.391548     -1.357188     -3.574607
  H      -5.442253     -3.158276     -2.142929
  H      -5.004848     -2.691851      0.280335
  H      -5.511170     -0.461329      1.220334
  N      -7.030546      1.063381     -2.923993
  O      -7.198337      0.710559     -4.082742
  O      -7.290136      2.167699     -2.507603
17
Coordinates from ORCA-job products_optfreq E -475.479527827612
  C      -6.240762      0.381707     -0.619288
  C      -6.473812      0.081068     -1.980258
  C      -6.189370     -1.179559     -2.519369
  C      -5.660441     -2.182257     -1.714083
  C      -5.418571     -1.916401     -0.363646
  C      -5.706837     -0.656006      0.161694
  C      -6.521096      1.709786      0.037132
  H      -5.955757      2.521810     -0.440493
  H      -6.246992      1.663448      1.100933
  H      -7.582087      1.983567     -0.046511
  H      -6.389971     -1.358582     -3.574481
  H      -5.439068     -3.164204     -2.138498
  H      -5.004446     -2.693566      0.284301
  H      -5.511832     -0.462084      1.219351
  N      -7.029428      1.071604     -2.918070
  O      -7.205372      0.724491     -4.077433
  O      -7.293499      2.184637     -2.488860
17
Coordinates from ORCA-job products_optfreq E -475.479452228774
  C      -6.243593      0.381485     -0.619011
  C      -6.478775      0.075251     -1.977656
  C      -6.193729     -1.183686     -2.518578
  C      -5.660385     -2.184691     -1.713352
  C      -5.415640     -1.916187     -0.363899
  C      -5.704970     -0.656521      0.160494
  C      -6.523692      1.707964      0.038942
  H      -5.963953      2.523292     -0.440637
  H      -6.245254      1.659444      1.101688
  H      -7.584931      1.983029     -0.042387
  H      -6.399907     -1.356066     -3.573783
  H      -5.437980     -3.166389     -2.136991
  H      -4.998316     -2.690576      0.284620
  H      -5.508129     -0.459211      1.217133
  N      -7.041617      1.069461     -2.916614
  O      -7.190660      0.728256     -4.080472
  O      -7.277810      2.194606     -2.497077
17
Coordinates from ORCA-job products_optfreq E -475.479599051135
  C      -6.241428      0.383615     -0.619621
  C      -6.471053      0.074083     -1.978032
  C      -6.188255     -1.183838     -2.520390
  C      -5.658857     -2.185850     -1.713409
  C      -5.417891     -1.917048     -0.363219
  C      -5.706489     -0.657647      0.160153
  C      -6.520028      1.708300      0.040708
  H      -5.958893      2.525203     -0.434885
  H      -6.245119      1.653957      1.104204
  H      -7.579410      1.989761     -0.045244
  H      -6.394859     -1.347205     -3.577070
  H      -5.436816     -3.167806     -2.136096
  H      -5.004070     -2.691100      0.287456
  H      -5.513244     -0.458905      1.217205
  N      -7.031211      1.073338     -2.921793
  O      -7.206364      0.719903     -4.077105
  O      -7.295351      2.190698     -2.500443
17
Coordinates from ORCA-job products_optfreq E -475.479617570065
  C      -6.241477      0.382639     -0.619668
  C      -6.472221      0.075169     -1.978350
  C      -6.188949     -1.183429     -2.520328
  C      -5.659256     -2.185067     -1.713711
  C      -5.417764     -1.916778     -0.363514
  C      -5.706315     -0.657208      0.160862
  C      -6.521151      1.708632      0.038106
  H      -5.958734      2.523631     -0.438959
  H      -6.247192      1.658640      1.101816
  H      -7.581123      1.987261     -0.048139
  H      -6.394527     -1.350034     -3.576501
  H      -5.437119     -3.167215     -2.136531
  H      -5.003384     -2.691649      0.286352
  H      -5.512405     -0.459650      1.218006
  N      -7.031237      1.072280     -2.918596
  O      -7.206449      0.724834     -4.075893
  O      -7.290037      2.187405     -2.492533
17
Coordinates from ORCA-job products_optfreq E -475.479620435533
  C      -6.241679      0.383050     -0.619571
  C      -6.472467      0.075110     -1.978348
  C      -6.189157     -1.183430     -2.520457
  C      -5.659273     -2.184866     -1.713825
  C      -5.417727     -1.916407     -0.363706
  C      -5.706291     -0.657016      0.160826
  C      -6.521016      1.708467      0.039329
  H      -5.958495      2.523784     -0.436949
  H      -6.247159      1.657529      1.103086
  H      -7.580802      1.987646     -0.046806
  H      -6.395362     -1.348823     -3.576788
  H      -5.436984     -3.167072     -2.136415
  H      -5.003203     -2.691162      0.286187
  H      -5.512356     -0.459368      1.217945
  N      -7.031832      1.071381     -2.919737
  O      -7.206309      0.722436     -4.076523
  O      -7.289229      2.188203     -2.495826
17
Coordinates from ORCA-job products_optfreq E -475.479620866250
  C      -6.241708      0.383089     -0.619640
  C      -6.472342      0.074875     -1.978291
  C      -6.189026     -1.183673     -2.520556
  C      -5.659092     -2.184983     -1.713867
  C      -5.417647     -1.916358     -0.363765
  C      -5.706272     -0.657054      0.160811
  C      -6.521098      1.708383      0.039322
  H      -5.958199      2.523707     -0.436561
  H      -6.247895      1.657319      1.103241
  H      -7.580750      1.987960     -0.047468
  H      -6.395654     -1.348007     -3.576968
  H      -5.436640     -3.167261     -2.136194
  H      -5.003105     -2.691028      0.286205
  H      -5.512461     -0.459279      1.217917
  N      -7.031791      1.071252     -2.919728
  O      -7.207732      0.722084     -4.076153
  O      -7.287926      2.188435     -2.495884
