17
Coordinates from ORCA-job neb_ed_ts_MEP_ALL E -491.775266007902
  C      -4.141126     -0.451046      0.365030
  C      -3.925548     -1.813607      0.732735
  C      -2.646704     -2.338080      0.714702
  C      -1.551327     -1.537806      0.335966
  C      -1.754527     -0.192375     -0.027424
  C      -3.024794      0.353109     -0.016155
  H      -4.777792     -2.430885      1.025906
  H      -2.486242     -3.380667      0.996372
  H      -0.545009     -1.960538      0.324127
  H      -0.903513      0.425484     -0.320934
  H      -3.186913      1.396206     -0.297352
  N      -5.384566      0.069839      0.377322
  H      -6.186777     -0.489472      0.644707
  H      -5.553553      1.035388      0.118605
  N      15.455052      3.570264     -1.711106
  O      16.295247      4.379198     -1.715037
  O      14.318091      3.364989     -1.547463
17
Coordinates from ORCA-job neb_ed_ts_MEP_ALL E -491.773111157612
  C      -3.853464     -0.409030      0.311977
  C      -3.584427     -1.773128      0.646429
  C      -2.284694     -2.237301      0.657441
  C      -1.223377     -1.362029      0.349652
  C      -1.479453     -0.015049      0.010758
  C      -2.773142      0.467501     -0.007790
  H      -4.411114     -2.442126      0.888910
  H      -2.078257     -3.280918      0.911789
  H      -0.198758     -1.725337      0.452402
  H      -0.652649      0.652416     -0.238087
  H      -2.982361      1.508433     -0.267023
  N      -5.118354      0.048016      0.294625
  H      -5.895730     -0.562669      0.516753
  H      -5.328517      1.011655      0.056900
  N      14.041349      3.128380     -1.568283
  O      14.940834      3.874222     -1.606396
  O      12.882114      3.116964     -1.410055
17
Coordinates from ORCA-job neb_ed_ts_MEP_ALL E -491.766344972891
  C      -3.564835     -0.368794      0.258756
  C      -3.238294     -1.730989      0.557162
  C      -1.920203     -2.132509      0.594486
  C      -0.898443     -1.187613      0.355069
  C      -1.212348      0.160413      0.052832
  C      -2.526409      0.577411      0.003765
  H      -4.034881     -2.449928      0.746508
  H      -1.667756     -3.174206      0.820319
  H       0.124600     -1.482230      0.602493
  H      -0.415065      0.877192     -0.149643
  H      -2.784085      1.613300     -0.232419
  N      -4.847791      0.022274      0.210867
  H      -5.596194     -0.637423      0.385334
  H      -5.101281      0.981387     -0.004324
  N      12.613773      2.688453     -1.410885
  O      13.596567      3.318423     -1.510095
  O      11.472645      2.924839     -1.280224
17
Coordinates from ORCA-job neb_ed_ts_MEP_ALL E -491.754472597140
  C      -3.275421     -0.330440      0.205808
  C      -2.887499     -1.686395      0.465949
  C      -1.553551     -2.022924      0.526893
  C      -0.574833     -1.014195      0.354784
  C      -0.953984      0.331688      0.097929
  C      -2.284825      0.681403      0.017865
  H      -3.649358     -2.452716      0.600517
  H      -1.254087     -3.059276      0.722891
  H       0.414438     -1.236326      0.767708
  H      -0.191992      1.096802     -0.057291
  H      -2.592165      1.709196     -0.194254
  N      -4.572643     -0.006661      0.126894
  H      -5.287964     -0.712335      0.252102
  H      -4.871179      0.945012     -0.064510
  N      11.167537      2.268049     -1.237618
  O      12.246240      2.691417     -1.424207
  O      10.121286      2.797700     -1.161461
17
Coordinates from ORCA-job neb_ed_ts_MEP_ALL E -491.740126743209
  C      -2.985585     -0.293927      0.153430
  C      -2.533013     -1.638474      0.373746
  C      -1.185891     -1.907744      0.456890
  C      -0.253194     -0.840052      0.356748
  C      -0.704773      0.496993      0.144110
  C      -2.048471      0.778469      0.033494
  H      -3.255602     -2.448922      0.452910
  H      -0.837512     -2.934544      0.622309
  H       0.666364     -0.995421      0.934689
  H       0.016197      1.308622      0.036855
  H      -2.406340      1.794915     -0.153612
  N      -4.293117     -0.037848      0.043566
  H      -4.971432     -0.785812      0.118772
  H      -4.637881      0.903133     -0.123160
  N       9.710493      1.890157     -1.061614
  O      10.848955      1.994745     -1.336010
  O       8.870803      2.715712     -1.053121
17
Coordinates from ORCA-job neb_ed_ts_MEP_ALL E -491.727222225469
  C      -2.693781     -0.258361      0.101340
  C      -2.174000     -1.585752      0.280818
  C      -0.816931     -1.785462      0.387308
  C       0.064590     -0.662960      0.368045
  C      -0.463131      0.657161      0.189463
  C      -1.815782      0.869261      0.049614
  H      -2.852859     -2.436623      0.304536
  H      -0.417228     -2.797864      0.521798
  H       0.886969     -0.766125      1.091066
  H       0.211325      1.512610      0.131504
  H      -2.224724      1.870865     -0.111513
  N      -4.007777     -0.069958     -0.039009
  H      -4.645329     -0.856174     -0.014037
  H      -4.399561      0.856804     -0.180365
  N       8.261171      1.556526     -0.899626
  O       9.359277      1.288436     -1.229711
  O       7.727769      2.607617     -0.951232
17
Coordinates from ORCA-job neb_ed_ts_MEP_ALL E -491.717904167389
  C      -2.398403     -0.222180      0.049060
  C      -1.809809     -1.526491      0.187337
  C      -0.446931     -1.654851      0.321003
  C       0.375971     -0.482502      0.390282
  C      -0.227424      0.813837      0.233167
  C      -1.585051      0.955077      0.065270
  H      -2.440809     -2.413526      0.155841
  H       0.005864     -2.647959      0.423929
  H       1.086272     -0.552340      1.230771
  H       0.394462      1.710144      0.226647
  H      -2.045065      1.938254     -0.068921
  N      -3.715043     -0.101122     -0.121058
  H      -4.308461     -0.921165     -0.146174
  H      -4.154134      0.807779     -0.236491
  N       6.841194      1.241836     -0.753925
  O       7.802363      0.656272     -1.105044
  O       6.625006      2.398937     -0.851694
17
Coordinates from ORCA-job neb_ed_ts_MEP_ALL E -491.714771943632
  C      -2.095880     -0.184056     -0.004697
  C      -1.437086     -1.459059      0.092404
  C      -0.073766     -1.514724      0.258987
  C       0.681302     -0.297778      0.423703
  C       0.004494      0.970051      0.276482
  C      -1.353328      1.037389      0.079644
  H      -2.016083     -2.377790      0.005403
  H       0.433012     -2.483850      0.328942
  H       1.268225     -0.353433      1.358400
  H       0.563501      1.906034      0.326256
  H      -1.864519      1.998302     -0.026496
  N      -3.411087     -0.130456     -0.204038
  H      -3.957099     -0.979812     -0.279358
  H      -3.897815      0.756634     -0.292902
  N       5.447776      0.914722     -0.621552
  O       6.234393      0.108972     -0.972656
  O       5.473962      2.088853     -0.748521
17
Coordinates from ORCA-job neb_ed_ts_MEP_ALL E -491.736000909647
  C      -1.794459     -0.144916     -0.060426
  C      -1.064880     -1.385365     -0.002229
  C       0.290292     -1.370318      0.204010
  C       0.971771     -0.113012      0.476100
  C       0.224736      1.126681      0.322709
  C      -1.124931      1.114739      0.092265
  H      -1.590198     -2.330280     -0.145125
  H       0.849649     -2.311433      0.239898
  H       1.420837     -0.172151      1.485539
  H       0.714121      2.097812      0.432811
  H      -1.687630      2.048845      0.013707
  N      -3.102606     -0.157872     -0.288276
  H      -3.600307     -1.031275     -0.413443
  H      -3.637002      0.703537     -0.350846
  N       4.113574      0.569393     -0.518374
  O       4.733577     -0.375793     -0.848717
  O       4.283455      1.731409     -0.639602
17
Coordinates from ORCA-job neb_ed_ts_MEP_ALL E -491.831080181069
  C      -1.494093     -0.102174     -0.112453
  C      -0.689291     -1.305809     -0.084102
  C       0.636830     -1.231770      0.159343
  C       1.298952      0.059063      0.474793
  C       0.451158      1.271660      0.354167
  C      -0.874149      1.187400      0.109989
  H      -1.166929     -2.267789     -0.285871
  H       1.264431     -2.125744      0.149904
  H       1.687244      0.006945      1.514427
  H       0.940025      2.239184      0.488810
  H      -1.490026      2.088295      0.053074
  N      -2.783579     -0.177713     -0.366910
  H      -3.241307     -1.070435     -0.540545
  H      -3.368864      0.654487     -0.406091
  N       2.638267      0.222270     -0.336629
  O       3.176749     -0.803464     -0.670265
  O       3.014583      1.355593     -0.501643
17
Coordinates from ORCA-job neb_ed_ts_MEP_ALL E -491.775266007902
  C      -4.141126     -0.451046      0.365030
  C      -3.925548     -1.813607      0.732735
  C      -2.646704     -2.338080      0.714702
  C      -1.551327     -1.537806      0.335966
  C      -1.754527     -0.192375     -0.027424
  C      -3.024794      0.353109     -0.016155
  H      -4.777792     -2.430885      1.025906
  H      -2.486242     -3.380667      0.996372
  H      -0.545009     -1.960538      0.324127
  H      -0.903513      0.425484     -0.320934
  H      -3.186913      1.396206     -0.297352
  N      -5.384566      0.069839      0.377322
  H      -6.186777     -0.489472      0.644707
  H      -5.553553      1.035388      0.118605
  N      15.455052      3.570264     -1.711106
  O      16.295247      4.379198     -1.715037
  O      14.318091      3.364989     -1.547463
17
Coordinates from ORCA-job neb_ed_ts_MEP_ALL E -491.773111157612
  C      -3.849572     -0.407625      0.311258
  C      -3.582925     -1.773524      0.644996
  C      -2.277485     -2.232771      0.655356
  C      -1.220589     -1.360838      0.353716
  C      -1.474008     -0.015434      0.011103
  C      -2.771428      0.467695     -0.008083
  H      -4.407453     -2.441911      0.887320
  H      -2.073649     -3.279590      0.911071
  H      -0.194330     -1.721873      0.451364
  H      -0.649486      0.655103     -0.236619
  H      -2.980042      1.509694     -0.266548
  N      -5.116564      0.046998      0.294000
  H      -5.892826     -0.563248      0.515217
  H      -5.325954      1.011386      0.056199
  N      14.021383      3.134632     -1.564707
  O      14.929579      3.863017     -1.606412
  O      12.865349      3.108290     -1.409231
17
Coordinates from ORCA-job neb_ed_ts_MEP_ALL E -491.766344972891
  C      -3.557988     -0.366454      0.257547
  C      -3.235585     -1.731647      0.554086
  C      -1.907291     -2.124236      0.590048
  C      -0.895406     -1.184578      0.365433
  C      -1.202425      0.158983      0.052338
  C      -2.523671      0.577472      0.003095
  H      -4.028266     -2.449426      0.743846
  H      -1.659653     -3.171629      0.819155
  H       0.132331     -1.476449      0.599617
  H      -0.409939      0.881826     -0.146692
  H      -2.780167      1.615242     -0.231408
  N      -4.844623      0.020334      0.209622
  H      -5.590910     -0.638446      0.382590
  H      -5.096761      0.980691     -0.005526
  N      12.581061      2.705695     -1.406688
  O      13.578418      3.294164     -1.509552
  O      11.440874      2.908458     -1.277511
17
Coordinates from ORCA-job neb_ed_ts_MEP_ALL E -491.754472597140
  C      -3.266997     -0.327597      0.204427
  C      -2.884692     -1.687199      0.461414
  C      -1.536680     -2.012008      0.520413
  C      -0.575523     -1.009472      0.372682
  C      -0.940673      0.328680      0.095491
  C      -2.282204      0.680831      0.016628
  H      -3.641408     -2.451958      0.597702
  H      -1.244509     -3.055981      0.721921
  H       0.424667     -1.229923      0.762103
  H      -0.186287      1.102264     -0.053255
  H      -2.587659      1.711231     -0.192912
  N      -4.569173     -0.009302      0.125247
  H      -5.281575     -0.713526      0.248805
  H      -4.865748      0.943968     -0.065980
  N      11.135773      2.298057     -1.238323
  O      12.224233      2.654694     -1.421262
  O      10.078455      2.777239     -1.155103
17
Coordinates from ORCA-job neb_ed_ts_MEP_ALL E -491.740126743209
  C      -2.977121     -0.290995      0.152286
  C      -2.531758     -1.639257      0.368194
  C      -1.167021     -1.895269      0.449587
  C      -0.261650     -0.834825      0.380927
  C      -0.689283      0.492105      0.139469
  C      -2.047279      0.776754      0.031428
  H      -3.248465     -2.448057      0.450897
  H      -0.829001     -2.931384      0.622192
  H       0.678634     -0.989985      0.926066
  H       0.021126      1.313669      0.041283
  H      -2.402358      1.796516     -0.152283
  N      -4.290887     -0.040858      0.041901
  H      -4.965640     -0.786814      0.115747
  H      -4.632863      0.901926     -0.124590
  N       9.695574      1.928030     -1.071424
  O      10.824385      1.951705     -1.329223
  O       8.823608      2.696740     -1.042455
17
Coordinates from ORCA-job neb_ed_ts_MEP_ALL E -491.727222225469
  C      -2.686223     -0.255681      0.100747
  C      -2.175565     -1.586333      0.274684
  C      -0.797563     -1.772158      0.380726
  C       0.046228     -0.658843      0.395245
  C      -0.446249      0.650442      0.183380
  C      -1.816890      0.866211      0.046504
  H      -2.848143     -2.435897      0.303814
  H      -0.411625     -2.795670      0.522804
  H       0.901038     -0.762273      1.080201
  H       0.214697      1.516459      0.135725
  H      -2.221999      1.871808     -0.110476
  N      -4.008075     -0.073034     -0.040413
  H      -4.641430     -0.856756     -0.016210
  H      -4.395938      0.855625     -0.181509
  N       8.270861      1.592726     -0.917793
  O       9.333759      1.248268     -1.219714
  O       7.683116      2.595106     -0.937715
17
Coordinates from ORCA-job neb_ed_ts_MEP_ALL E -491.717904167389
  C      -2.392061     -0.219899      0.049171
  C      -1.814728     -1.526741      0.180992
  C      -0.427932     -1.641024      0.316234
  C       0.348028     -0.480735      0.417070
  C      -0.209579      0.805622      0.226953
  C      -1.588815      0.950776      0.060996
  H      -2.439152     -2.413176      0.156402
  H       0.007918     -2.647235      0.425984
  H       1.101761     -0.549801      1.218984
  H       0.396167      1.712528      0.230311
  H      -2.043893      1.938564     -0.068305
  N      -3.718580     -0.104109     -0.122144
  H      -4.307005     -0.921301     -0.147278
  H      -4.152335      0.806749     -0.237228
  N       6.871928      1.269938     -0.777100
  O       7.779338      0.626005     -1.093451
  O       6.588941      2.393840     -0.837589
17
Coordinates from ORCA-job neb_ed_ts_MEP_ALL E -491.714771943632
  C      -2.092969     -0.182400     -0.003476
  C      -1.447948     -1.459332      0.086837
  C      -0.058448     -1.501371      0.256949
  C       0.644444     -0.300147      0.446909
  C       0.021106      0.959621      0.271179
  C      -1.361253      1.031453      0.074099
  H      -2.020454     -2.378212      0.008036
  H       0.428760     -2.485906      0.332489
  H       1.283394     -0.353019      1.346044
  H       0.562993      1.905340      0.328408
  H      -1.866190      1.997658     -0.026593
  N      -3.420245     -0.133059     -0.204276
  H      -3.960575     -0.979130     -0.278426
  H      -3.899660      0.756206     -0.292762
  N       5.498513      0.935332     -0.646470
  O       6.228599      0.097690     -0.962064
  O       5.459932      2.089276     -0.736880
17
Coordinates from ORCA-job neb_ed_ts_MEP_ALL E -491.736000909647
  C      -1.796110     -0.143860     -0.058336
  C      -1.080200     -1.385695     -0.005998
  C       0.299196     -1.359061      0.204697
  C       0.939070     -0.117463      0.490991
  C       0.237147      1.114287      0.319315
  C      -1.135641      1.108267      0.086348
  H      -1.600486     -2.331532     -0.140748
  H       0.839768     -2.316082      0.244445
  H       1.432826     -0.173751      1.473855
  H       0.712287      2.093478      0.432769
  H      -1.692113      2.047377      0.012801
  N      -3.116396     -0.159760     -0.287464
  H      -3.608724     -1.029764     -0.410402
  H      -3.642540      0.703901     -0.349721
  N       4.166468      0.583454     -0.539750
  O       4.749826     -0.361442     -0.840089
  O       4.295623      1.727646     -0.632713
17
Coordinates from ORCA-job neb_ed_ts_MEP_ALL E -491.831080181069
  C      -1.494100     -0.102166     -0.112364
  C      -0.689330     -1.305814     -0.083697
  C       0.636803     -1.231741      0.159675
  C       1.298972      0.059165      0.474725
  C       0.451207      1.271751      0.353782
  C      -0.874112      1.187456      0.109681
  H      -1.167002     -2.267840     -0.285168
  H       1.264379     -2.125735      0.150469
  H       1.687304      0.007337      1.514358
  H       0.940106      2.239300      0.488124
  H      -1.489967      2.088351      0.052529
  N      -2.783599     -0.177743     -0.366748
  H      -3.241358     -1.070503     -0.540106
  H      -3.368862      0.654462     -0.406146
  N       2.638260      0.222100     -0.336798
  O       3.176700     -0.803745     -0.670159
  O       3.014600      1.355365     -0.502155
17
Coordinates from ORCA-job neb_ed_ts_MEP_ALL E -491.775266007902
  C      -4.141126     -0.451046      0.365030
  C      -3.925548     -1.813607      0.732735
  C      -2.646704     -2.338080      0.714702
  C      -1.551327     -1.537806      0.335966
  C      -1.754527     -0.192375     -0.027424
  C      -3.024794      0.353109     -0.016155
  H      -4.777792     -2.430885      1.025906
  H      -2.486242     -3.380667      0.996372
  H      -0.545009     -1.960538      0.324127
  H      -0.903513      0.425484     -0.320934
  H      -3.186913      1.396206     -0.297352
  N      -5.384566      0.069839      0.377322
  H      -6.186777     -0.489472      0.644707
  H      -5.553553      1.035388      0.118605
  N      15.455052      3.570264     -1.711106
  O      16.295247      4.379198     -1.715037
  O      14.318091      3.364989     -1.547463
17
Coordinates from ORCA-job neb_ed_ts_MEP_ALL E -491.773111157612
  C      -3.846301     -0.406443      0.310653
  C      -3.581667     -1.773859      0.643798
  C      -2.271428     -2.228968      0.653608
  C      -1.218246     -1.359845      0.357106
  C      -1.469436     -0.015751      0.011398
  C      -2.769991      0.467862     -0.008326
  H      -4.404376     -2.441731      0.885984
  H      -2.069778     -3.278480      0.910468
  H      -0.190612     -1.718964      0.450505
  H      -0.646829      0.657360     -0.235390
  H      -2.978094      1.510755     -0.266149
  N      -5.115060      0.046142      0.293476
  H      -5.890385     -0.563734      0.513927
  H      -5.323803      1.011161      0.055610
  N      14.004616      3.139834     -1.561700
  O      14.920101      3.853633     -1.606424
  O      12.851289      3.101026     -1.408544
17
Coordinates from ORCA-job neb_ed_ts_MEP_ALL E -491.766344972891
  C      -3.552217     -0.364479      0.256527
  C      -3.233298     -1.732204      0.551507
  C      -1.896417     -2.117277      0.586320
  C      -0.892813     -1.182038      0.374082
  C      -1.194073      0.157798      0.051944
  C      -2.521364      0.577537      0.002541
  H      -4.022683     -2.449005      0.741595
  H      -1.652821     -3.169468      0.818163
  H       0.138835     -1.471574      0.597233
  H      -0.405618      0.885734     -0.144212
  H      -2.776864      1.616885     -0.230554
  N      -4.841945      0.018699      0.208577
  H      -5.586451     -0.639308      0.380278
  H      -5.092950      0.980108     -0.006534
  N      12.553441      2.720068     -1.403105
  O      13.563071      3.273819     -1.509107
  O      11.414167      2.894704     -1.275253
17
Coordinates from ORCA-job neb_ed_ts_MEP_ALL E -491.754472597140
  C      -3.259833     -0.325188      0.203255
  C      -2.882254     -1.687879      0.457582
  C      -1.522394     -2.002801      0.514927
  C      -0.575963     -1.005478      0.387654
  C      -0.929418      0.326198      0.093484
  C      -2.279950      0.680387      0.015617
  H      -3.634616     -2.451323      0.595271
  H      -1.236343     -3.053198      0.721039
  H       0.433309     -1.224478      0.757450
  H      -0.181434      1.106914     -0.049830
  H      -2.583821      1.712973     -0.191747
  N      -4.566180     -0.011537      0.123855
  H      -5.276118     -0.714547      0.246004
  H      -4.861121      0.943088     -0.067206
  N      11.108524      2.323172     -1.238776
  O      12.205405      2.623715     -1.418804
  O      10.042208      2.759982     -1.149774
17
Coordinates from ORCA-job neb_ed_ts_MEP_ALL E -491.740126743209
  C      -2.969942     -0.288518      0.151323
  C      -2.530659     -1.639938      0.363488
  C      -1.151062     -1.884760      0.443363
  C      -0.268648     -0.830411      0.401210
  C      -0.676201      0.488010      0.135607
  C      -2.046253      0.775333      0.029745
  H      -3.242379     -2.447338      0.449118
  H      -0.821756     -2.928730      0.621982
  H       0.688968     -0.985398      0.918823
  H       0.025308      1.317954      0.045061
  H      -2.398978      1.797887     -0.151083
  N      -4.288958     -0.043408      0.040519
  H      -4.960705     -0.787673      0.113187
  H      -4.628601      0.900909     -0.125741
  N       9.682599      1.959976     -1.079600
  O      10.803522      1.915408     -1.323530
  O       8.783747      2.680698     -1.033471
17
Coordinates from ORCA-job neb_ed_ts_MEP_ALL E -491.727222225469
  C      -2.679698     -0.253408      0.100239
  C      -2.176715     -1.586831      0.269422
  C      -0.781028     -1.760907      0.375042
  C       0.030973     -0.655298      0.418103
  C      -0.431896      0.644844      0.178328
  C      -1.817733      0.863683      0.043978
  H      -2.843942     -2.435295      0.303027
  H      -0.406671     -2.793781      0.523444
  H       0.912969     -0.758981      1.071082
  H       0.217624      1.519797      0.139406
  H      -2.219619      1.872639     -0.109446
  N      -4.008171     -0.075660     -0.041588
  H      -4.637965     -0.857290     -0.018097
  H      -4.392766      0.854605     -0.182396
  N       8.278214      1.623242     -0.933029
  O       9.311489      1.214187     -1.211276
  O       7.644937      2.584455     -0.926239
17
Coordinates from ORCA-job neb_ed_ts_MEP_ALL E -491.717904167389
  C      -2.387139     -0.218045      0.049372
  C      -1.819435     -1.527091      0.175704
  C      -0.412406     -1.629598      0.312176
  C       0.324061     -0.479538      0.439517
  C      -0.194844      0.798445      0.221731
  C      -1.592364      0.947017      0.057488
  H      -2.438346     -2.412958      0.156948
  H       0.009058     -2.646903      0.427639
  H       1.114546     -0.548045      1.208821
  H       0.397343      1.714242      0.233377
  H      -2.043184      1.938731     -0.067655
  N      -3.722004     -0.106610     -0.122877
  H      -4.306276     -0.921346     -0.148006
  H      -4.151200      0.805944     -0.237625
  N       6.899836      1.294242     -0.796868
  O       7.762165      0.601445     -1.083954
  O       6.560189      2.390068     -0.825788
17
Coordinates from ORCA-job neb_ed_ts_MEP_ALL E -491.714771943632
  C      -2.089074     -0.180839     -0.002666
  C      -1.455378     -1.459281      0.081601
  C      -0.043726     -1.489477      0.254800
  C       0.614833     -0.301309      0.466557
  C       0.036226      0.951535      0.267019
  C      -1.366898      1.026809      0.069631
  H      -2.022111     -2.378412      0.009368
  H       0.427212     -2.486896      0.334782
  H       1.297015     -0.351868      1.336183
  H       0.563325      1.905650      0.330856
  H      -1.866776      1.997374     -0.026240
  N      -3.426544     -0.135415     -0.204800
  H      -3.961840     -0.978839     -0.278267
  H      -3.900022      0.755587     -0.292743
  N       5.534760      0.951302     -0.666921
  O       6.216358      0.085843     -0.952648
  O       5.442641      2.088236     -0.726512
17
Coordinates from ORCA-job neb_ed_ts_MEP_ALL E -491.736000909647
  C      -1.799463     -0.143237     -0.056172
  C      -1.095557     -1.386451     -0.008653
  C       0.304337     -1.350535      0.205549
  C       0.909859     -0.122447      0.502935
  C       0.246162      1.102791      0.316344
  C      -1.146207      1.102292      0.081419
  H      -1.611916     -2.332902     -0.136282
  H       0.828749     -2.321154      0.248591
  H       1.441897     -0.176420      1.463200
  H       0.709749      2.088510      0.432211
  H      -1.697085      2.045782      0.012020
  N      -3.130062     -0.161177     -0.286172
  H      -3.618142     -1.028143     -0.406968
  H      -3.648930      0.704545     -0.348223
  N       4.219352      0.597347     -0.558368
  O       4.773366     -0.345416     -0.833791
  O       4.313893      1.726615     -0.627640
17
Coordinates from ORCA-job neb_ed_ts_MEP_ALL E -491.831080181069
  C      -1.494111     -0.102148     -0.112235
  C      -0.689367     -1.305811     -0.083440
  C       0.636786     -1.231731      0.159819
  C       1.299009      0.059209      0.474617
  C       0.451263      1.271795      0.353548
  C      -0.874076      1.187493      0.109561
  H      -1.167077     -2.267857     -0.284725
  H       1.264340     -2.125741      0.150706
  H       1.687418      0.007534      1.514230
  H       0.940195      2.239355      0.487703
  H      -1.489913      2.088395      0.052314
  N      -2.783630     -0.177735     -0.366511
  H      -3.241424     -1.070511     -0.539694
  H      -3.368878      0.654478     -0.405995
  N       2.638240      0.221986     -0.337032
  O       3.176631     -0.803925     -0.670272
  O       3.014594      1.355216     -0.502595
17
Coordinates from ORCA-job neb_ed_ts_MEP_ALL E -491.775266007902
  C      -4.141126     -0.451046      0.365030
  C      -3.925548     -1.813607      0.732735
  C      -2.646704     -2.338080      0.714702
  C      -1.551327     -1.537806      0.335966
  C      -1.754527     -0.192375     -0.027424
  C      -3.024794      0.353109     -0.016155
  H      -4.777792     -2.430885      1.025906
  H      -2.486242     -3.380667      0.996372
  H      -0.545009     -1.960538      0.324127
  H      -0.903513      0.425484     -0.320934
  H      -3.186913      1.396206     -0.297352
  N      -5.384566      0.069839      0.377322
  H      -6.186777     -0.489472      0.644707
  H      -5.553553      1.035388      0.118605
  N      15.455052      3.570264     -1.711106
  O      16.295247      4.379198     -1.715037
  O      14.318091      3.364989     -1.547463
17
Coordinates from ORCA-job neb_ed_ts_MEP_ALL E -491.773111157612
  C      -3.842170     -0.404940      0.309892
  C      -3.580129     -1.774296      0.642265
  C      -2.263735     -2.224105      0.651358
  C      -1.215369     -1.358582      0.361546
  C      -1.463622     -0.016220      0.011734
  C      -2.768213      0.468044     -0.008645
  H      -4.400508     -2.441494      0.884306
  H      -2.064907     -3.277073      0.909717
  H      -0.185919     -1.715298      0.449338
  H      -0.643487      0.660201     -0.233822
  H      -2.975645      1.512085     -0.265641
  N      -5.113190      0.045046      0.292819
  H      -5.887317     -0.564340      0.512300
  H      -5.321093      1.010874      0.054870
  N      13.983503      3.146787     -1.557939
  O      14.908296      3.841590     -1.606444
  O      12.833507      3.091721     -1.407654
17
Coordinates from ORCA-job neb_ed_ts_MEP_ALL E -491.766344972891
  C      -3.545047     -0.361995      0.255269
  C      -3.230614     -1.732938      0.548238
  C      -1.882760     -2.108466      0.581561
  C      -0.889926     -1.178858      0.385324
  C      -1.183555      0.156135      0.051326
  C      -2.518606      0.577530      0.001814
  H      -4.015815     -2.448464      0.738833
  H      -1.644394     -3.166785      0.816967
  H       0.146969     -1.465559      0.594002
  H      -0.400286      0.890563     -0.141088
  H      -2.772791      1.618902     -0.229475
  N      -4.838717      0.016627      0.207295
  H      -5.580965     -0.640359      0.377423
  H      -5.088244      0.979381     -0.007772
  N      12.519598      2.739011     -1.398951
  O      13.544346      3.247979     -1.508471
  O      11.380808      2.877296     -1.272295
17
Coordinates from ORCA-job neb_ed_ts_MEP_ALL E -491.754472597140
  C      -3.251137     -0.322200      0.201860
  C      -2.879658     -1.688790      0.452784
  C      -1.504716     -1.991275      0.508027
  C      -0.577325     -1.000620      0.406818
  C      -0.915412      0.322792      0.090790
  C      -2.277454      0.679658      0.014304
  H      -3.626547     -2.450532      0.592388
  H      -1.226588     -3.049855      0.720034
  H       0.444023     -1.217969      0.751222
  H      -0.175605      1.112508     -0.045581
  H      -2.579227      1.715049     -0.190280
  N      -4.562789     -0.014332      0.122213
  H      -5.269632     -0.715742      0.242650
  H      -4.855579      0.942020     -0.068642
  N      11.076858      2.355609     -1.240093
  O      12.183061      2.585174     -1.415576
  O       9.997728      2.738505     -1.142919
17
Coordinates from ORCA-job neb_ed_ts_MEP_ALL E -491.740126743209
  C      -2.961217     -0.285458      0.150205
  C      -2.529725     -1.640841      0.357573
  C      -1.131294     -1.871640      0.435572
  C      -0.278243     -0.825095      0.426802
  C      -0.659895      0.482629      0.130669
  C      -2.045284      0.773398      0.027617
  H      -3.235197     -2.446474      0.446997
  H      -0.813159     -2.925592      0.621737
  H       0.701872     -0.979957      0.909423
  H       0.030312      1.323097      0.049777
  H      -2.394955      1.799513     -0.149519
  N      -4.286910     -0.046590      0.038906
  H      -4.954879     -0.788678      0.110143
  H      -4.623524      0.899675     -0.127034
  N       9.668860      2.000320     -1.090475
  O      10.778474      1.870641     -1.316314
  O       8.734764      2.661053     -1.022079
17
Coordinates from ORCA-job neb_ed_ts_MEP_ALL E -491.727222225469
  C      -2.671898     -0.250632      0.099718
  C      -2.178707     -1.587543      0.262834
  C      -0.760701     -1.746945      0.367935
  C       0.011089     -0.651184      0.446709
  C      -0.414113      0.637558      0.171985
  C      -1.819169      0.860348      0.040840
  H      -2.839255     -2.434616      0.302127
  H      -0.401064     -2.791686      0.524198
  H       0.927793     -0.755227      1.059362
  H       0.221015      1.523690      0.144007
  H      -2.216913      1.873578     -0.108037
  N      -4.008763     -0.078931     -0.042891
  H      -4.634102     -0.857886     -0.020255
  H      -4.389150      0.853384     -0.183286
  N       8.289910      1.661709     -0.952545
  O       9.285420      1.172654     -1.200839
  O       7.598606      2.571730     -0.911861
17
Coordinates from ORCA-job neb_ed_ts_MEP_ALL E -491.717904167389
  C      -2.380653     -0.215710      0.049615
  C      -1.824978     -1.527487      0.168851
  C      -0.392508     -1.615131      0.306891
  C       0.294206     -0.477929      0.467625
  C      -0.176092      0.789562      0.215328
  C      -1.596620      0.942348      0.053220
  H      -2.436898     -2.412695      0.157295
  H       0.010932     -2.646381      0.429349
  H       1.130843     -0.545753      1.196119
  H       0.398974      1.716555      0.237491
  H      -2.042146      1.938983     -0.066545
  N      -3.726035     -0.109801     -0.123800
  H      -4.305018     -0.921486     -0.149035
  H      -4.149543      0.804867     -0.237988
  N       6.933508      1.324401     -0.821592
  O       7.738992      0.570454     -1.072023
  O       6.523035      2.385202     -0.810802
17
Coordinates from ORCA-job neb_ed_ts_MEP_ALL E -491.714771943632
  C      -2.085802     -0.179113     -0.001323
  C      -1.466657     -1.459626      0.075401
  C      -0.027212     -1.475346      0.252212
  C       0.576109     -0.303783      0.491035
  C       0.053949      0.940520      0.261654
  C      -1.375218      1.020521      0.064134
  H      -2.026417     -2.378888      0.011607
  H       0.423052     -2.489049      0.337833
  H       1.313184     -0.351629      1.323017
  H       0.562834      1.904972      0.333621
  H      -1.868497      1.996683     -0.025709
  N      -3.436058     -0.138244     -0.204920
  H      -3.965298     -0.978190     -0.277359
  H      -3.901864      0.755065     -0.292202
  N       5.587637      0.973469     -0.693346
  O       6.209325      0.073854     -0.941722
  O       5.426932      2.088786     -0.713934
17
Coordinates from ORCA-job neb_ed_ts_MEP_ALL E -491.736000909647
  C      -1.799386     -0.141923     -0.054215
  C      -1.109590     -1.386438     -0.013519
  C       0.316057     -1.337810      0.205518
  C       0.876823     -0.126178      0.519076
  C       0.260658      1.090521      0.313262
  C      -1.156280      1.095822      0.075615
  H      -1.620204     -2.333955     -0.133069
  H       0.820851     -2.325096      0.252189
  H       1.455565     -0.177412      1.451405
  H       0.708630      2.084997      0.433334
  H      -1.700839      2.044473      0.011970
  N      -3.142842     -0.163381     -0.285660
  H      -3.624917     -1.026854     -0.404605
  H      -3.653283      0.704585     -0.346960
  N       4.267811      0.610760     -0.580616
  O       4.781574     -0.333114     -0.824306
  O       4.319372      1.721003     -0.619420
17
Coordinates from ORCA-job neb_ed_ts_MEP_ALL E -491.831080181069
  C      -1.494119     -0.102177     -0.112103
  C      -0.689352     -1.305825     -0.083355
  C       0.636822     -1.231717      0.159787
  C       1.299050      0.059241      0.474503
  C       0.451272      1.271810      0.353484
  C      -0.874087      1.187480      0.109614
  H      -1.167062     -2.267883     -0.284579
  H       1.264390     -2.125716      0.150637
  H       1.687551      0.007593      1.514082
  H       0.940199      2.239381      0.487578
  H      -1.489946      2.088370      0.052404
  N      -2.783659     -0.177791     -0.366264
  H      -3.241452     -1.070578     -0.539390
  H      -3.368925      0.654410     -0.405713
  N       2.638206      0.222026     -0.337267
  O       3.176586     -0.803882     -0.670535
  O       3.014527      1.355259     -0.502885
