17
Coordinates from ORCA-job neb_ed_ts_MEP E -491.775266007902
  C      -4.141126     -0.451046      0.365030
  C      -3.925548     -1.813607      0.732735
  C      -2.646704     -2.338080      0.714702
  C      -1.551327     -1.537806      0.335966
  C      -1.754527     -0.192375     -0.027424
  C      -3.024794      0.353109     -0.016155
  H      -4.777792     -2.430885      1.025906
  H      -2.486242     -3.380667      0.996372
  H      -0.545009     -1.960538      0.324127
  H      -0.903513      0.425484     -0.320934
  H      -3.186913      1.396206     -0.297352
  N      -5.384566      0.069839      0.377322
  H      -6.186777     -0.489472      0.644707
  H      -5.553553      1.035388      0.118605
  N      15.455052      3.570264     -1.711106
  O      16.295247      4.379198     -1.715037
  O      14.318091      3.364989     -1.547463
17
Coordinates from ORCA-job neb_ed_ts_MEP E -491.773111157612
  C      -3.842170     -0.404940      0.309892
  C      -3.580129     -1.774296      0.642265
  C      -2.263735     -2.224105      0.651358
  C      -1.215369     -1.358582      0.361546
  C      -1.463622     -0.016220      0.011734
  C      -2.768213      0.468044     -0.008645
  H      -4.400508     -2.441494      0.884306
  H      -2.064907     -3.277073      0.909717
  H      -0.185919     -1.715298      0.449338
  H      -0.643487      0.660201     -0.233822
  H      -2.975645      1.512085     -0.265641
  N      -5.113190      0.045046      0.292819
  H      -5.887317     -0.564340      0.512300
  H      -5.321093      1.010874      0.054870
  N      13.983503      3.146787     -1.557939
  O      14.908296      3.841590     -1.606444
  O      12.833507      3.091721     -1.407654
17
Coordinates from ORCA-job neb_ed_ts_MEP E -491.766344972891
  C      -3.545047     -0.361995      0.255269
  C      -3.230614     -1.732938      0.548238
  C      -1.882760     -2.108466      0.581561
  C      -0.889926     -1.178858      0.385324
  C      -1.183555      0.156135      0.051326
  C      -2.518606      0.577530      0.001814
  H      -4.015815     -2.448464      0.738833
  H      -1.644394     -3.166785      0.816967
  H       0.146969     -1.465559      0.594002
  H      -0.400286      0.890563     -0.141088
  H      -2.772791      1.618902     -0.229475
  N      -4.838717      0.016627      0.207295
  H      -5.580965     -0.640359      0.377423
  H      -5.088244      0.979381     -0.007772
  N      12.519598      2.739011     -1.398951
  O      13.544346      3.247979     -1.508471
  O      11.380808      2.877296     -1.272295
17
Coordinates from ORCA-job neb_ed_ts_MEP E -491.754472597140
  C      -3.251137     -0.322200      0.201860
  C      -2.879658     -1.688790      0.452784
  C      -1.504716     -1.991275      0.508027
  C      -0.577325     -1.000620      0.406818
  C      -0.915412      0.322792      0.090790
  C      -2.277454      0.679658      0.014304
  H      -3.626547     -2.450532      0.592388
  H      -1.226588     -3.049855      0.720034
  H       0.444023     -1.217969      0.751222
  H      -0.175605      1.112508     -0.045581
  H      -2.579227      1.715049     -0.190280
  N      -4.562789     -0.014332      0.122213
  H      -5.269632     -0.715742      0.242650
  H      -4.855579      0.942020     -0.068642
  N      11.076858      2.355609     -1.240093
  O      12.183061      2.585174     -1.415576
  O       9.997728      2.738505     -1.142919
17
Coordinates from ORCA-job neb_ed_ts_MEP E -491.740126743209
  C      -2.961217     -0.285458      0.150205
  C      -2.529725     -1.640841      0.357573
  C      -1.131294     -1.871640      0.435572
  C      -0.278243     -0.825095      0.426802
  C      -0.659895      0.482629      0.130669
  C      -2.045284      0.773398      0.027617
  H      -3.235197     -2.446474      0.446997
  H      -0.813159     -2.925592      0.621737
  H       0.701872     -0.979957      0.909423
  H       0.030312      1.323097      0.049777
  H      -2.394955      1.799513     -0.149519
  N      -4.286910     -0.046590      0.038906
  H      -4.954879     -0.788678      0.110143
  H      -4.623524      0.899675     -0.127034
  N       9.668860      2.000320     -1.090475
  O      10.778474      1.870641     -1.316314
  O       8.734764      2.661053     -1.022079
17
Coordinates from ORCA-job neb_ed_ts_MEP E -491.727222225469
  C      -2.671898     -0.250632      0.099718
  C      -2.178707     -1.587543      0.262834
  C      -0.760701     -1.746945      0.367935
  C       0.011089     -0.651184      0.446709
  C      -0.414113      0.637558      0.171985
  C      -1.819169      0.860348      0.040840
  H      -2.839255     -2.434616      0.302127
  H      -0.401064     -2.791686      0.524198
  H       0.927793     -0.755227      1.059362
  H       0.221015      1.523690      0.144007
  H      -2.216913      1.873578     -0.108037
  N      -4.008763     -0.078931     -0.042891
  H      -4.634102     -0.857886     -0.020255
  H      -4.389150      0.853384     -0.183286
  N       8.289910      1.661709     -0.952545
  O       9.285420      1.172654     -1.200839
  O       7.598606      2.571730     -0.911861
17
Coordinates from ORCA-job neb_ed_ts_MEP E -491.717904167389
  C      -2.380653     -0.215710      0.049615
  C      -1.824978     -1.527487      0.168851
  C      -0.392508     -1.615131      0.306891
  C       0.294206     -0.477929      0.467625
  C      -0.176092      0.789562      0.215328
  C      -1.596620      0.942348      0.053220
  H      -2.436898     -2.412695      0.157295
  H       0.010932     -2.646381      0.429349
  H       1.130843     -0.545753      1.196119
  H       0.398974      1.716555      0.237491
  H      -2.042146      1.938983     -0.066545
  N      -3.726035     -0.109801     -0.123800
  H      -4.305018     -0.921486     -0.149035
  H      -4.149543      0.804867     -0.237988
  N       6.933508      1.324401     -0.821592
  O       7.738992      0.570454     -1.072023
  O       6.523035      2.385202     -0.810802
17
Coordinates from ORCA-job neb_ed_ts_MEP E -491.714771943632
  C      -2.085802     -0.179113     -0.001323
  C      -1.466657     -1.459626      0.075401
  C      -0.027212     -1.475346      0.252212
  C       0.576109     -0.303783      0.491035
  C       0.053949      0.940520      0.261654
  C      -1.375218      1.020521      0.064134
  H      -2.026417     -2.378888      0.011607
  H       0.423052     -2.489049      0.337833
  H       1.313184     -0.351629      1.323017
  H       0.562834      1.904972      0.333621
  H      -1.868497      1.996683     -0.025709
  N      -3.436058     -0.138244     -0.204920
  H      -3.965298     -0.978190     -0.277359
  H      -3.901864      0.755065     -0.292202
  N       5.587637      0.973469     -0.693346
  O       6.209325      0.073854     -0.941722
  O       5.426932      2.088786     -0.713934
17
Coordinates from ORCA-job neb_ed_ts_MEP E -491.736000909647
  C      -1.799386     -0.141923     -0.054215
  C      -1.109590     -1.386438     -0.013519
  C       0.316057     -1.337810      0.205518
  C       0.876823     -0.126178      0.519076
  C       0.260658      1.090521      0.313262
  C      -1.156280      1.095822      0.075615
  H      -1.620204     -2.333955     -0.133069
  H       0.820851     -2.325096      0.252189
  H       1.455565     -0.177412      1.451405
  H       0.708630      2.084997      0.433334
  H      -1.700839      2.044473      0.011970
  N      -3.142842     -0.163381     -0.285660
  H      -3.624917     -1.026854     -0.404605
  H      -3.653283      0.704585     -0.346960
  N       4.267811      0.610760     -0.580616
  O       4.781574     -0.333114     -0.824306
  O       4.319372      1.721003     -0.619420
17
Coordinates from ORCA-job neb_ed_ts_MEP E -491.831080181069
  C      -1.494119     -0.102177     -0.112103
  C      -0.689352     -1.305825     -0.083355
  C       0.636822     -1.231717      0.159787
  C       1.299050      0.059241      0.474503
  C       0.451272      1.271810      0.353484
  C      -0.874087      1.187480      0.109614
  H      -1.167062     -2.267883     -0.284579
  H       1.264390     -2.125716      0.150637
  H       1.687551      0.007593      1.514082
  H       0.940199      2.239381      0.487578
  H      -1.489946      2.088370      0.052404
  N      -2.783659     -0.177791     -0.366264
  H      -3.241452     -1.070578     -0.539390
  H      -3.368925      0.654410     -0.405713
  N       2.638206      0.222026     -0.337267
  O       3.176586     -0.803882     -0.670535
  O       3.014527      1.355259     -0.502885
