17
Coordinates from ORCA-job neb_ed_ts_initial_path E   0.000000000000
  C      -4.141126     -0.451046      0.365030
  C      -3.925548     -1.813607      0.732735
  C      -2.646704     -2.338080      0.714702
  C      -1.551327     -1.537806      0.335966
  C      -1.754527     -0.192375     -0.027424
  C      -3.024794      0.353109     -0.016155
  H      -4.777792     -2.430885      1.025906
  H      -2.486242     -3.380667      0.996372
  H      -0.545009     -1.960538      0.324127
  H      -0.903513      0.425484     -0.320934
  H      -3.186913      1.396206     -0.297352
  N      -5.384566      0.069839      0.377322
  H      -6.186777     -0.489472      0.644707
  H      -5.553553      1.035388      0.118605
  N      15.455052      3.570264     -1.711106
  O      16.295247      4.379198     -1.715037
  O      14.318091      3.364989     -1.547463
17
Coordinates from ORCA-job neb_ed_ts_initial_path E   0.000000000000
  C      -3.856268     -0.410040      0.312496
  C      -3.585525     -1.772847      0.647445
  C      -2.289865     -2.240533      0.658919
  C      -1.225419     -1.362873      0.346824
  C      -1.483353     -0.014807      0.010488
  C      -2.774386      0.467344     -0.007587
  H      -4.413758     -2.442277      0.890058
  H      -2.081579     -3.281865      0.912310
  H      -0.201942     -1.727832      0.453099
  H      -0.654931      0.650479     -0.239132
  H      -2.984035      1.507518     -0.267362
  N      -5.119656      0.048743      0.295076
  H      -5.897828     -0.562251      0.517860
  H      -5.330364      1.011845      0.057406
  N      14.055737      3.124105     -1.570876
  O      14.949032      3.882170     -1.606389
  O      12.894140      3.123122     -1.410634
17
Coordinates from ORCA-job neb_ed_ts_initial_path E   0.000000000000
  C      -3.569837     -0.370494      0.259644
  C      -3.240343     -1.730524      0.559362
  C      -1.929562     -2.138465      0.597654
  C      -0.900841     -1.189799      0.347813
  C      -1.219520      0.161351      0.053114
  C      -2.528452      0.577312      0.004229
  H      -4.039751     -2.450286      0.748471
  H      -1.673702     -3.176076      0.821189
  H       0.118993     -1.486474      0.604424
  H      -0.418824      0.873795     -0.151769
  H      -2.786961      1.611865     -0.233146
  N      -4.850157      0.023673      0.211782
  H      -5.600082     -0.636668      0.387346
  H      -5.104596      0.981888     -0.003438
  N      12.637922      2.676518     -1.414133
  O      13.610029      3.335781     -1.510441
  O      11.495685      2.936604     -1.282103
17
Coordinates from ORCA-job neb_ed_ts_initial_path E   0.000000000000
  C      -3.281725     -0.332533      0.206857
  C      -2.889803     -1.685838      0.469234
  C      -1.565966     -2.030870      0.531586
  C      -0.574835     -1.017702      0.342079
  C      -0.963728      0.333688      0.099579
  C      -2.286912      0.681704      0.018727
  H      -3.655414     -2.453274      0.602668
  H      -1.261342     -3.061745      0.723662
  H       0.406948     -1.241172      0.771506
  H      -0.196289      1.092688     -0.060246
  H      -2.595573      1.707648     -0.195227
  N      -4.575387     -0.004733      0.128153
  H      -5.292829     -0.711420      0.254595
  H      -4.875284      0.945787     -0.063381
  N      11.192179      2.246878     -1.237595
  O      12.263038      2.718239     -1.426247
  O      10.152923      2.812655     -1.165952
17
Coordinates from ORCA-job neb_ed_ts_initial_path E   0.000000000000
  C      -2.991907     -0.296095      0.154315
  C      -2.534165     -1.637925      0.377755
  C      -1.199765     -1.916847      0.462201
  C      -0.247562     -0.843965      0.339337
  C      -0.716099      0.500395      0.147411
  C      -2.049501      0.779612      0.034975
  H      -3.261063     -2.449580      0.454441
  H      -0.843985     -2.936940      0.622408
  H       0.657447     -0.999558      0.940725
  H       0.012477      1.304818      0.033633
  H      -2.409360      1.793693     -0.154540
  N      -4.294959     -0.035646      0.044848
  H      -4.975862     -0.785046      0.121070
  H      -4.641686      0.904029     -0.122031
  N       9.722901      1.862815     -1.054894
  O      10.867482      2.026426     -1.340883
  O       8.905607      2.729811     -1.060771
17
Coordinates from ORCA-job neb_ed_ts_initial_path E   0.000000000000
  C      -2.699520     -0.260366      0.101842
  C      -2.173169     -1.585374      0.285265
  C      -0.831288     -1.795226      0.392101
  C       0.077438     -0.666145      0.348303
  C      -0.475554      0.661878      0.193867
  C      -1.815177      0.871366      0.051882
  H      -2.856654     -2.437204      0.305117
  H      -0.421675     -2.799617      0.521040
  H       0.876700     -0.769156      1.098746
  H       0.208708      1.509632      0.128436
  H      -2.226876      1.870111     -0.112192
  N      -4.007856     -0.067703     -0.037882
  H      -4.648469     -0.855712     -0.012328
  H      -4.402418      0.857690     -0.179395
  N       8.255698      1.530335     -0.886698
  O       9.378994      1.318339     -1.237059
  O       7.761118      2.617151     -0.961047
17
Coordinates from ORCA-job neb_ed_ts_initial_path E   0.000000000000
  C      -2.402687     -0.223825      0.048944
  C      -1.805784     -1.526244      0.191748
  C      -0.460332     -1.664751      0.324306
  C       0.396535     -0.483615      0.370872
  C      -0.240150      0.819956      0.237781
  C      -1.582035      0.958262      0.068458
  H      -2.441540     -2.413776      0.155149
  H       0.004858     -2.648328      0.422165
  H       1.075309     -0.554033      1.239385
  H       0.393408      1.708609      0.224211
  H      -2.045735      1.938081     -0.069161
  N      -3.712156     -0.098997     -0.120308
  H      -4.309143     -0.921156     -0.145510
  H      -4.155173      0.808456     -0.235896
  N       6.817363      1.221081     -0.736988
  O       7.817346      0.677816     -1.113394
  O       6.649916      2.402462     -0.861763
17
Coordinates from ORCA-job neb_ed_ts_initial_path E   0.000000000000
  C      -2.099718     -0.185503     -0.005257
  C      -1.431231     -1.459255      0.096879
  C      -0.087010     -1.525231      0.260682
  C       0.706330     -0.297123      0.406680
  C      -0.008912      0.976720      0.280147
  C      -1.348834      1.041215      0.083692
  H      -2.015285     -2.377720      0.004188
  H       0.433733     -2.483300      0.326697
  H       1.256291     -0.354931      1.366565
  H       0.562928      1.905416      0.324281
  H      -1.864341      1.998419     -0.026464
  N      -3.406148     -0.128416     -0.203337
  H      -3.956562     -0.980007     -0.279284
  H      -3.897938      0.757217     -0.292547
  N       5.418727      0.901727     -0.604227
  O       6.247377      0.120271     -0.981207
  O       5.490590      2.090502     -0.757489
17
Coordinates from ORCA-job neb_ed_ts_initial_path E   0.000000000000
  C      -1.789742     -0.145249     -0.062586
  C      -1.049391     -1.384336     -0.000748
  C       0.288152     -1.376810      0.202592
  C       0.998331     -0.107691      0.466415
  C       0.218332      1.137461      0.325629
  C      -1.114478      1.120281      0.096841
  H      -1.577736     -2.328821     -0.150224
  H       0.861714     -2.306038      0.235348
  H       1.414081     -0.169013      1.495279
  H       0.717154      2.103226      0.434322
  H      -1.682314      2.050485      0.015074
  N      -3.088967     -0.156854     -0.289794
  H      -3.590039     -1.033002     -0.417263
  H      -3.629956      0.702635     -0.352218
  N       4.060649      0.556041     -0.501999
  O       4.704163     -0.393101     -0.853642
  O       4.260048      1.730785     -0.643026
17
Coordinates from ORCA-job neb_ed_ts_initial_path E   0.000000000000
  C      -1.494082     -0.102225     -0.112551
  C      -0.689210     -1.305821     -0.084564
  C       0.636896     -1.231785      0.158963
  C       1.298928      0.058983      0.474868
  C       0.451067      1.271570      0.354608
  C      -0.874224      1.187312      0.110345
  H      -1.166783     -2.267763     -0.286672
  H       1.264550     -2.125719      0.149254
  H       1.687178      0.006543      1.514501
  H       0.939872      2.239078      0.489592
  H      -1.490151      2.088189      0.053702
  N      -2.783553     -0.177756     -0.367088
  H      -3.241221     -1.070447     -0.541038
  H      -3.368886      0.654423     -0.406018
  N       2.638268      0.222537     -0.336442
  O       3.176825     -0.803055     -0.670395
  O       3.014525      1.355937     -0.501065
