17
Coordinates from ORCA-job opt E -491.640191163413
  C      -2.206710      1.290330     -0.296290
  C      -3.345960      0.467830     -0.204830
  C      -3.238280     -0.919050     -0.168540
  C      -1.988030     -1.519070     -0.222810
  C      -0.839940     -0.735200     -0.313600
  C      -0.906080      0.678790     -0.353140
  H      -4.334450      0.908640     -0.160900
  H      -4.129040     -1.530110     -0.098020
  H      -1.905730     -2.598120     -0.194490
  H       0.112990     -1.247320     -0.353280
  H       1.009630     -0.374760      8.672420
  N      -2.435890      2.697240     -0.326110
  H      -3.399840      3.059940     -0.281210
  H      -1.703860      3.408870     -0.390450
  N       0.332240      1.408250     -0.447510
  O       0.358040      2.598110     -0.485600
  O       1.370880      0.819280     -0.489790
17
Coordinates from ORCA-job opt E -491.656112593287
  C      -2.204728      1.300407     -0.298152
  C      -3.356662      0.475405     -0.206031
  C      -3.250851     -0.904810     -0.169432
  C      -1.989914     -1.506851     -0.224125
  C      -0.836890     -0.714756     -0.314867
  C      -0.912976      0.681396     -0.353023
  H      -4.349789      0.924418     -0.161671
  H      -4.149629     -1.518413     -0.098493
  H      -1.903065     -2.594112     -0.195994
  H       0.127247     -1.219914     -0.355558
  H       1.013642     -0.371980      8.671639
  N      -2.412614      2.648294     -0.326723
  H      -3.364525      3.005227     -0.284261
  H      -1.667950      3.343280     -0.384232
  N       0.326675      1.422151     -0.446948
  O       0.309049      2.643323     -0.483058
  O       1.372949      0.800582     -0.483221
17
Coordinates from ORCA-job opt E -491.660388664523
  C      -2.207616      1.308816     -0.299451
  C      -3.370659      0.473670     -0.205924
  C      -3.261734     -0.901649     -0.169523
  C      -1.990632     -1.504268     -0.224955
  C      -0.834132     -0.707359     -0.315777
  C      -0.921018      0.674710     -0.352673
  H      -4.361984      0.931002     -0.161583
  H      -4.161277     -1.516963     -0.098531
  H      -1.897892     -2.592397     -0.197502
  H       0.139606     -1.196104     -0.357650
  H       1.016970     -0.370419      8.671358
  N      -2.384235      2.622967     -0.328189
  H      -3.329342      2.995571     -0.289068
  H      -1.608169      3.284391     -0.383095
  N       0.314979      1.435739     -0.444928
  O       0.246083      2.662901     -0.478148
  O       1.361021      0.813039     -0.478510
17
Coordinates from ORCA-job opt E -491.661479401525
  C      -2.216382      1.309389     -0.298529
  C      -3.381293      0.466491     -0.204180
  C      -3.266384     -0.906777     -0.168742
  C      -1.991095     -1.509161     -0.225121
  C      -0.833348     -0.711947     -0.315757
  C      -0.928169      0.665579     -0.350856
  H      -4.369549      0.931079     -0.160664
  H      -4.164164     -1.524625     -0.097989
  H      -1.894746     -2.596690     -0.198925
  H       0.148810     -1.183838     -0.359364
  H       1.022770     -0.374141      8.675857
  N      -2.373981      2.628130     -0.332697
  H      -3.309768      3.024332     -0.295069
  H      -1.566856      3.252300     -0.398222
  N       0.309574      1.444083     -0.440133
  O       0.208823      2.670502     -0.469810
  O       1.355730      0.828944     -0.473949
17
Coordinates from ORCA-job opt E -491.661898014048
  C      -2.227995      1.312812     -0.296807
  C      -3.389571      0.463018     -0.202819
  C      -3.267978     -0.908567     -0.169039
  C      -1.991095     -1.509198     -0.226116
  C      -0.833929     -0.711187     -0.315757
  C      -0.934872      0.664721     -0.348740
  H      -4.374964      0.933814     -0.160570
  H      -4.163370     -1.529952     -0.099375
  H      -1.891580     -2.596447     -0.201778
  H       0.156461     -1.166321     -0.361142
  H       1.028441     -0.376464      8.686030
  N      -2.382799      2.630997     -0.334104
  H      -3.312815      3.040055     -0.298572
  H      -1.551512      3.224155     -0.407486
  N       0.315928      1.445256     -0.437795
  O       0.217278      2.671970     -0.467671
  O       1.354342      0.824988     -0.472409
17
Coordinates from ORCA-job opt E -491.661996148212
  C      -2.232281      1.310948     -0.297215
  C      -3.391261      0.461269     -0.203301
  C      -3.268046     -0.910777     -0.170222
  C      -1.992570     -1.510934     -0.227592
  C      -0.836469     -0.712532     -0.316785
  C      -0.940113      0.664627     -0.348924
  H      -4.375006      0.935029     -0.162225
  H      -4.162400     -1.533497     -0.101393
  H      -1.893000     -2.598155     -0.204329
  H       0.156947     -1.160359     -0.363075
  H       1.036991     -0.379341      8.710384
  N      -2.382215      2.632253     -0.336079
  H      -3.307900      3.050451     -0.302123
  H      -1.538344      3.210307     -0.411640
  N       0.311606      1.447815     -0.438094
  O       0.212044      2.672967     -0.468439
  O       1.351987      0.833579     -0.473098
17
Coordinates from ORCA-job opt E -491.662030730416
  C      -2.234449      1.310767     -0.299051
  C      -3.392210      0.461274     -0.205662
  C      -3.268418     -0.911051     -0.173129
  C      -1.993498     -1.510645     -0.230430
  C      -0.838126     -0.711466     -0.318988
  C      -0.942732      0.666204     -0.350688
  H      -4.375786      0.935390     -0.165432
  H      -4.162303     -1.534596     -0.105302
  H      -1.894248     -2.597971     -0.208196
  H       0.156496     -1.156556     -0.365744
  H       1.049782     -0.382066      8.752177
  N      -2.383561      2.632116     -0.337339
  H      -3.308226      3.052637     -0.304864
  H      -1.535325      3.205480     -0.410442
  N       0.309095      1.447492     -0.441310
  O       0.213371      2.672842     -0.473479
  O       1.350108      0.833799     -0.476271
17
Coordinates from ORCA-job opt E -491.662052411435
  C      -2.235633      1.310800     -0.301503
  C      -3.393109      0.461496     -0.208759
  C      -3.269101     -0.910939     -0.176418
  C      -1.994204     -1.510243     -0.233324
  C      -0.839205     -0.710626     -0.321263
  C      -0.944104      0.667200     -0.352799
  H      -4.376922      0.935171     -0.169023
  H      -4.162757     -1.534920     -0.109283
  H      -1.895445     -2.597586     -0.211798
  H       0.155819     -1.154687     -0.368061
  H       1.063369     -0.384632      8.794038
  N      -2.383984      2.632197     -0.338679
  H      -3.308220      3.053672     -0.307380
  H      -1.533838      3.203626     -0.408987
  N       0.306489      1.446900     -0.444271
  O       0.212541      2.672797     -0.477946
  O       1.348275      0.833423     -0.478692
17
Coordinates from ORCA-job opt E -491.662070899640
  C      -2.236598      1.311080     -0.304311
  C      -3.394217      0.461807     -0.212413
  C      -3.270104     -0.910586     -0.180030
  C      -1.994968     -1.509841     -0.236261
  C      -0.840062     -0.710180     -0.323542
  C      -0.944803      0.667719     -0.355011
  H      -4.378339      0.934893     -0.172971
  H      -4.163673     -1.534761     -0.113349
  H      -1.896705     -2.597203     -0.215181
  H       0.155047     -1.154012     -0.370063
  H       1.078116     -0.387356      8.835771
  N      -2.384457      2.632450     -0.340351
  H      -3.308574      3.054227     -0.309964
  H      -1.533430      3.202947     -0.408847
  N       0.304633      1.446474     -0.446477
  O       0.211187      2.672935     -0.481137
  O       1.346915      0.833057     -0.480014
17
Coordinates from ORCA-job opt E -491.662089278760
  C      -2.237484      1.311441     -0.307404
  C      -3.395444      0.462165     -0.216580
  C      -3.271347     -0.910118     -0.183999
  C      -1.995922     -1.509491     -0.239282
  C      -0.840941     -0.710078     -0.325801
  C      -0.945231      0.667868     -0.357269
  H      -4.379829      0.934733     -0.177354
  H      -4.164936     -1.534298     -0.117617
  H      -1.898083     -2.596867     -0.218363
  H       0.154055     -1.154212     -0.371682
  H       1.094213     -0.390233      8.877305
  N      -2.385069      2.632789     -0.342445
  H      -3.309250      3.054468     -0.312738
  H      -1.533841      3.203034     -0.410178
  N       0.303439      1.446312     -0.447777
  O       0.209679      2.673158     -0.482911
  O       1.345960      0.832977     -0.480055
17
Coordinates from ORCA-job opt E -491.662108591055
  C      -2.238369      1.311820     -0.310796
  C      -3.396753      0.462553     -0.221320
  C      -3.272817     -0.909608     -0.188442
  C      -1.997159     -1.509210     -0.242455
  C      -0.841977     -0.710227     -0.328013
  C      -0.945661      0.667728     -0.359547
  H      -4.381298      0.934813     -0.182363
  H      -4.166525     -1.533631     -0.122305
  H      -1.899581     -2.596588     -0.221348
  H       0.152777     -1.155039     -0.372756
  H       1.112047     -0.393186      8.918540
  N      -2.385896      2.633162     -0.345089
  H      -3.310288      3.054429     -0.315853
  H      -1.535056      3.203780     -0.412901
  N       0.302863      1.446403     -0.447966
  O       0.208339      2.673361     -0.483080
  O       1.345324      0.833091     -0.478457
17
Coordinates from ORCA-job opt E -491.662128667529
  C      -2.239360      1.312121     -0.314409
  C      -3.398096      0.462928     -0.226533
  C      -3.274455     -0.909178     -0.193388
  C      -1.998740     -1.509034     -0.245837
  C      -0.843292     -0.710457     -0.330124
  C      -0.946466      0.667463     -0.361757
  H      -4.382630      0.935244     -0.188118
  H      -4.168354     -1.532949     -0.127662
  H      -1.901187     -2.596401     -0.224204
  H       0.151233     -1.155992     -0.373183
  H       1.131740     -0.396093      8.959426
  N      -2.386969      2.633502     -0.348354
  H      -3.311603      3.054286     -0.319497
  H      -1.536795      3.204834     -0.416486
  N       0.302660      1.446674     -0.447040
  O       0.207461      2.673427     -0.481839
  O       1.344824      0.833275     -0.475147
17
Coordinates from ORCA-job opt E -491.662149029946
  C      -2.240520      1.312300     -0.318082
  C      -3.399438      0.463257     -0.231945
  C      -3.276151     -0.908899     -0.198688
  C      -2.000579     -1.508949     -0.249401
  C      -0.844859     -0.710566     -0.332058
  C      -0.947835      0.667290     -0.363776
  H      -4.383814      0.935970     -0.194523
  H      -4.170269     -1.532423     -0.133776
  H      -1.902855     -2.596292     -0.227070
  H       0.149583     -1.156507     -0.373050
  H       1.152801     -0.398839      9.000037
  N      -2.388200      2.633757     -0.352108
  H      -3.312974      3.054272     -0.323743
  H      -1.538545      3.205728     -0.419924
  N       0.302368      1.446934     -0.445405
  O       0.207069      2.673309     -0.479958
  O       1.344188      0.833309     -0.470680
17
Coordinates from ORCA-job opt E -491.662169363950
  C      -2.241838      1.312387     -0.321708
  C      -3.400810      0.463539     -0.237389
  C      -3.277849     -0.908741     -0.204193
  C      -2.002521     -1.508902     -0.253062
  C      -0.846549     -0.710482     -0.333723
  C      -0.949638      0.667307     -0.365475
  H      -4.384968      0.936815     -0.201456
  H      -4.172186     -1.532086     -0.140613
  H      -1.904567     -2.596220     -0.230060
  H       0.147985     -1.156396     -0.372468
  H       1.174718     -0.401394      9.040467
  N      -2.389456      2.633929     -0.356161
  H      -3.314215      3.054522     -0.328581
  H      -1.539925      3.206202     -0.422541
  N       0.301651      1.447025     -0.443446
  O       0.206880      2.673059     -0.478096
  O       1.343257      0.833086     -0.465646
17
Coordinates from ORCA-job opt E -491.662189435616
  C      -2.243247      1.312471     -0.325257
  C      -3.402275      0.463811     -0.242868
  C      -3.279561     -0.908599     -0.209810
  C      -2.004431     -1.508831     -0.256705
  C      -0.848219     -0.710275     -0.335049
  C      -0.951522      0.667478     -0.366773
  H      -4.386268      0.937576     -0.208812
  H      -4.174107     -1.531834     -0.148013
  H      -1.906350     -2.596129     -0.233213
  H       0.146514     -1.155889     -0.371542
  H       1.197139     -0.403826      9.080787
  N      -2.390649      2.634067     -0.360311
  H      -3.315274      3.055004     -0.333901
  H      -1.540859      3.206257     -0.424303
  N       0.300472      1.446905     -0.441386
  O       0.206545      2.672802     -0.476546
  O       1.342063      0.832663     -0.460450
17
Coordinates from ORCA-job opt E -491.662209489962
  C      -2.244737      1.312594     -0.328830
  C      -3.403917      0.464101     -0.248705
  C      -3.281401     -0.908403     -0.215764
  C      -2.006365     -1.508724     -0.260314
  C      -0.849883     -0.710069     -0.335866
  C      -0.953319      0.667693     -0.367526
  H      -4.387822      0.938217     -0.216962
  H      -4.176171     -1.531551     -0.156222
  H      -1.908311     -2.596018     -0.236502
  H       0.145077     -1.155317     -0.369963
  H       1.220795     -0.406175      9.120849
  N      -2.391808      2.634212     -0.364671
  H      -3.316248      3.055632     -0.339903
  H      -1.541537      3.206086     -0.425652
  N       0.298990      1.446634     -0.438799
  O       0.205916      2.672584     -0.474803
  O       1.340711      0.832156     -0.454516
17
Coordinates from ORCA-job opt E -491.662229994267
  C      -2.246387      1.312764     -0.332597
  C      -3.405877      0.464439     -0.255540
  C      -3.283568     -0.908123     -0.222628
  C      -2.008519     -1.508591     -0.263933
  C      -0.851684     -0.709943     -0.335723
  C      -0.955068      0.667880     -0.367321
  H      -4.389763      0.938803     -0.226937
  H      -4.178628     -1.531160     -0.166158
  H      -1.910659     -2.595899     -0.239917
  H       0.143502     -1.154872     -0.366857
  H       1.247590     -0.408365      9.160213
  N      -2.393032      2.634368     -0.369622
  H      -3.317267      3.056350     -0.347305
  H      -1.542163      3.205808     -0.426912
  N       0.297286      1.446232     -0.434673
  O       0.204987      2.672376     -0.471872
  O       1.339219      0.831584     -0.446368
17
Coordinates from ORCA-job opt E -491.662251674169
  C      -2.248391      1.312977     -0.336873
  C      -3.408457      0.464868     -0.264675
  C      -3.286454     -0.907713     -0.231591
  C      -2.011271     -1.508441     -0.267618
  C      -0.853905     -0.709980     -0.333582
  C      -0.956931      0.667963     -0.365213
  H      -4.392380      0.939425     -0.240955
  H      -4.181945     -1.530558     -0.179846
  H      -1.913830     -2.595787     -0.243471
  H       0.141498     -1.154712     -0.360321
  H       1.281380     -0.410153      9.197727
  N      -2.394473      2.634530     -0.375878
  H      -3.318499      3.057154     -0.357658
  H      -1.542901      3.205455     -0.428268
  N       0.295322      1.445649     -0.426993
  O       0.203703      2.672091     -0.465949
  O       1.337504      0.830883     -0.432986
17
Coordinates from ORCA-job opt E -491.662275291481
  C      -2.250951      1.313214     -0.342041
  C      -3.411961      0.465447     -0.277800
  C      -3.290493     -0.907092     -0.244126
  C      -2.015061     -1.508229     -0.271312
  C      -0.856910     -0.710272     -0.328114
  C      -0.959077      0.667823     -0.360092
  H      -4.395968      0.940148     -0.261739
  H      -4.186619     -1.529591     -0.199651
  H      -1.918346     -2.595632     -0.247043
  H       0.138634     -1.155101     -0.347926
  H       1.326538     -0.411179      9.231234
  N      -2.396281      2.634674     -0.384042
  H      -3.320134      3.057923     -0.372675
  H      -1.543960      3.205069     -0.429925
  N       0.293107      1.444837     -0.413345
  O       0.201980      2.671589     -0.454826
  O       1.335472      0.830023     -0.410728
17
Coordinates from ORCA-job opt E -491.662301076378
  C      -2.254000      1.313433     -0.348169
  C      -3.416227      0.466193     -0.295267
  C      -3.295602     -0.906241     -0.260390
  C      -2.019913     -1.507898     -0.274781
  C      -0.860820     -0.710815     -0.319225
  C      -0.961583      0.667390     -0.352147
  H      -4.400309      0.940954     -0.289455
  H      -4.192496     -1.528230     -0.225432
  H      -1.924192     -2.595358     -0.250272
  H       0.134660     -1.156212     -0.329349
  H       1.382664     -0.411301      9.259270
  N      -2.398416      2.634799     -0.393573
  H      -3.322186      3.058395     -0.391965
  H      -1.545493      3.204797     -0.431972
  N       0.290848      1.443890     -0.393702
  O       0.199927      2.670777     -0.438261
  O       1.333107      0.829079     -0.379459
17
Coordinates from ORCA-job opt E -491.662328890972
  C      -2.257248      1.313609     -0.355023
  C      -3.420651      0.467051     -0.315794
  C      -3.301163     -0.905292     -0.279095
  C      -2.025428     -1.507501     -0.277839
  C      -0.865470     -0.711497     -0.308319
  C      -0.964537      0.666724     -0.342990
  H      -4.404715      0.941821     -0.321503
  H      -4.198784     -1.526698     -0.254549
  H      -1.930782     -2.595017     -0.252800
  H       0.129644     -1.157933     -0.306805
  H       1.444821     -0.410733      9.283106
  N      -2.400641      2.634983     -0.403092
  H      -3.324418      3.058468     -0.413152
  H      -1.547405      3.204832     -0.434100
  N       0.288658      1.443008     -0.370750
  O       0.197789      2.669698     -0.418433
  O       1.330300      0.828126     -0.343012
17
Coordinates from ORCA-job opt E -491.662357765484
  C      -2.260472      1.313759     -0.362302
  C      -3.424681      0.467917     -0.337529
  C      -3.306525     -0.904470     -0.298625
  C      -2.031171     -1.507225     -0.280579
  C      -0.870583     -0.712115     -0.297119
  C      -0.968174      0.666048     -0.334301
  H      -4.408531      0.942831     -0.354866
  H      -4.204702     -1.525349     -0.284311
  H      -1.937449     -2.594796     -0.254541
  H       0.123950     -1.159704     -0.283071
  H       1.507970     -0.409769      9.305663
  N      -2.402781      2.635296     -0.411734
  H      -3.326525      3.058388     -0.434033
  H      -1.549424      3.205155     -0.435428
  N       0.286313      1.442248     -0.347544
  O       0.195942      2.668469     -0.398070
  O       1.326812      0.826966     -0.305760
17
Coordinates from ORCA-job opt E -491.662386732691
  C      -2.263740      1.313857     -0.369821
  C      -3.428412      0.468726     -0.359627
  C      -3.311629     -0.903812     -0.318424
  C      -2.037047     -1.507090     -0.283236
  C      -0.875923     -0.712512     -0.285832
  C      -0.972536      0.665549     -0.325874
  H      -4.411793      0.944024     -0.389024
  H      -4.210229     -1.524211     -0.314630
  H      -1.944086     -2.594699     -0.255745
  H       0.118041     -1.160821     -0.258702
  H       1.571545     -0.408467      9.327380
  N      -2.404880      2.635607     -0.420251
  H      -3.328312      3.058539     -0.454927
  H      -1.551234      3.205252     -0.435173
  N       0.283316      1.441312     -0.324322
  O       0.194361      2.667099     -0.377742
  O       1.322527      0.825297     -0.268199
17
Coordinates from ORCA-job opt E -491.662416347574
  C      -2.266968      1.313998     -0.377761
  C      -3.431697      0.469480     -0.382642
  C      -3.316324     -0.903333     -0.338750
  C      -2.043025     -1.507254     -0.285571
  C      -0.881664     -0.712833     -0.274160
  C      -0.977648      0.665187     -0.317549
  H      -4.414339      0.945364     -0.424838
  H      -4.215143     -1.523384     -0.345908
  H      -1.950772     -2.594915     -0.255960
  H       0.111571     -1.161549     -0.233130
  H       1.636180     -0.406815      9.347579
  N      -2.406690      2.636060     -0.428537
  H      -3.329438      3.059212     -0.475948
  H      -1.552547      3.205151     -0.432968
  N       0.279158      1.440272     -0.300803
  O       0.192475      2.665776     -0.357163
  O       1.316840      0.823234     -0.230042
17
Coordinates from ORCA-job opt E -491.662444022895
  C      -2.270450      1.313973     -0.385624
  C      -3.435576      0.470249     -0.405640
  C      -3.321414     -0.902526     -0.359213
  C      -2.049152     -1.506870     -0.288115
  C      -0.887217     -0.712947     -0.261610
  C      -0.982370      0.664872     -0.307597
  H      -4.417339      0.946528     -0.461809
  H      -4.220490     -1.521973     -0.378551
  H      -1.957758     -2.594464     -0.256449
  H       0.105484     -1.161559     -0.206578
  H       1.703139     -0.405315      9.365694
  N      -2.408845      2.635994     -0.438811
  H      -3.330556      3.059747     -0.499031
  H      -1.554044      3.204146     -0.431137
  N       0.274792      1.438630     -0.275207
  O       0.190292      2.664147     -0.335019
  O       1.311477      0.821018     -0.189453
17
Coordinates from ORCA-job opt E -491.662468475582
  C      -2.273275      1.314689     -0.394880
  C      -3.437444      0.470700     -0.430389
  C      -3.324510     -0.902472     -0.379654
  C      -2.054986     -1.508290     -0.289311
  C      -0.893989     -0.713385     -0.249500
  C      -0.988862      0.664965     -0.299254
  H      -4.417602      0.948276     -0.501997
  H      -4.223157     -1.522134     -0.411228
  H      -1.964394     -2.595971     -0.252677
  H       0.097427     -1.161610     -0.179012
  H       1.769543     -0.403823      9.382106
  N      -2.409758      2.637009     -0.448111
  H      -3.329540      3.062955     -0.520558
  H      -1.553905      3.203486     -0.423954
  N       0.266497      1.437371     -0.251029
  O       0.186551      2.663797     -0.313419
  O       1.301374      0.818086     -0.151283
17
Coordinates from ORCA-job opt E -491.662498966989
  C      -2.276801      1.314278     -0.402558
  C      -3.441748      0.471658     -0.453727
  C      -3.330082     -0.901137     -0.400414
  C      -2.061203     -1.506787     -0.291837
  C      -0.899478     -0.713534     -0.236379
  C      -0.992584      0.664216     -0.288434
  H      -4.420979      0.948858     -0.538921
  H      -4.228901     -1.519802     -0.443738
  H      -1.971683     -2.594291     -0.253625
  H       0.091095     -1.162177     -0.152061
  H       1.837463     -0.402887      9.398937
  N      -2.411973      2.636440     -0.458894
  H      -3.330771      3.062085     -0.544495
  H      -1.556259      3.202526     -0.425613
  N       0.263271      1.435697     -0.223913
  O       0.183530      2.661626     -0.289330
  O       1.297071      0.816883     -0.109149
17
Coordinates from ORCA-job opt E -491.662525008005
  C      -2.279627      1.314320     -0.410275
  C      -3.444559      0.472399     -0.475115
  C      -3.334185     -0.900222     -0.418836
  C      -2.066740     -1.506220     -0.294087
  C      -0.905137     -0.713956     -0.225850
  C      -0.996571      0.663684     -0.280232
  H      -4.422589      0.949683     -0.572504
  H      -4.232827     -1.518353     -0.472025
  H      -1.978223     -2.593650     -0.253145
  H       0.084149     -1.163137     -0.129001
  H       1.899284     -0.403040      9.420412
  N      -2.413569      2.636455     -0.468748
  H      -3.331215      3.062256     -0.565321
  H      -1.558211      3.202399     -0.426702
  N       0.258903      1.434691     -0.200978
  O       0.179907      2.660480     -0.268034
  O       1.291181      0.815858     -0.073708
17
Coordinates from ORCA-job opt E -491.662552905655
  C      -2.281641      1.314940     -0.418027
  C      -3.446137      0.472998     -0.495919
  C      -3.337503     -0.899487     -0.436109
  C      -2.071986     -1.506449     -0.295992
  C      -0.911494     -0.715405     -0.215909
  C      -0.999758      0.662830     -0.272065
  H      -4.422664      0.950659     -0.605230
  H      -4.235690     -1.517403     -0.497901
  H      -1.984963     -2.593995     -0.251202
  H       0.075555     -1.166389     -0.107230
  H       1.960415     -0.405237      9.441763
  N      -2.414631      2.637094     -0.480556
  H      -3.331217      3.062932     -0.587027
  H      -1.560821      3.204543     -0.432725
  N       0.254275      1.435005     -0.177275
  O       0.174164      2.660736     -0.243303
  O       1.284068      0.816278     -0.039446
17
Coordinates from ORCA-job opt E -491.662579868558
  C      -2.284644      1.315041     -0.426311
  C      -3.448499      0.473668     -0.518373
  C      -3.341236     -0.898724     -0.455394
  C      -2.077846     -1.506050     -0.298084
  C      -0.917736     -0.715327     -0.203971
  C      -1.005132      0.662706     -0.263077
  H      -4.423114      0.951863     -0.641754
  H      -4.238922     -1.516164     -0.528603
  H      -1.991738     -2.593427     -0.249665
  H       0.068064     -1.165881     -0.081296
  H       2.025733     -0.405130      9.459032
  N      -2.416256      2.637015     -0.492106
  H      -3.330972      3.063739     -0.610394
  H      -1.562459      3.203363     -0.431407
  N       0.248101      1.433482     -0.152327
  O       0.170547      2.659436     -0.219720
  O       1.276078      0.814041     -0.000700
17
Coordinates from ORCA-job opt E -491.662605735240
  C      -2.287114      1.315438     -0.434644
  C      -3.449489      0.474067     -0.539076
  C      -3.343835     -0.898460     -0.473055
  C      -2.083311     -1.506600     -0.300274
  C      -0.924408     -0.715230     -0.193055
  C      -1.011471      0.662910     -0.255452
  H      -4.421689      0.953592     -0.676090
  H      -4.240651     -1.515859     -0.557053
  H      -1.998280     -2.593861     -0.247627
  H       0.059827     -1.165143     -0.057202
  H       2.088438     -0.405804      9.477509
  N      -2.416910      2.637290     -0.504650
  H      -3.329397      3.065536     -0.633898
  H      -1.563219      3.202303     -0.429371
  N       0.240026      1.432534     -0.129211
  O       0.165613      2.659091     -0.196274
  O       1.265841      0.811847      0.035274
17
Coordinates from ORCA-job opt E -491.662629960325
  C      -2.289874      1.315312     -0.443062
  C      -3.451576      0.474814     -0.562695
  C      -3.347615     -0.897547     -0.493184
  C      -2.089360     -1.505749     -0.302069
  C      -0.931220     -0.715347     -0.179801
  C      -1.016448      0.662488     -0.245197
  H      -4.421649      0.954404     -0.713802
  H      -4.243674     -1.514390     -0.588411
  H      -2.005831     -2.592914     -0.246320
  H       0.051000     -1.165547     -0.029786
  H       2.156140     -0.405991      9.491551
  N      -2.417947      2.637137     -0.516791
  H      -3.328478      3.065346     -0.659255
  H      -1.565165      3.201927     -0.430720
  N       0.233922      1.431391     -0.101764
  O       0.160377      2.657731     -0.169472
  O       1.257367      0.810585      0.076630
17
Coordinates from ORCA-job opt E -491.662654945246
  C      -2.291864      1.315315     -0.451095
  C      -3.452576      0.475448     -0.584797
  C      -3.350602     -0.896919     -0.511909
  C      -2.094964     -1.505377     -0.303859
  C      -0.938551     -0.715916     -0.167124
  C      -1.021084      0.661981     -0.235112
  H      -4.420544      0.955213     -0.748166
  H      -4.245639     -1.513597     -0.616726
  H      -2.013750     -2.592740     -0.246367
  H       0.040818     -1.167477     -0.004927
  H       2.221350     -0.407172      9.507329
  N      -2.417785      2.637406     -0.529212
  H      -3.326527      3.064709     -0.685223
  H      -1.566782      3.203356     -0.435114
  N       0.227501      1.431454     -0.075115
  O       0.153129      2.657397     -0.142004
  O       1.247840      0.810570      0.115272
17
Coordinates from ORCA-job opt E -491.662677856630
  C      -2.294283      1.315378     -0.459415
  C      -3.453700      0.476153     -0.607108
  C      -3.353438     -0.896151     -0.530889
  C      -2.100823     -1.504864     -0.305775
  C      -0.945714     -0.715850     -0.154382
  C      -1.026838      0.661919     -0.225454
  H      -4.419153      0.956248     -0.783903
  H      -4.247418     -1.512424     -0.646596
  H      -2.021219     -2.592171     -0.245750
  H       0.031481     -1.167436      0.021276
  H       2.287050     -0.407492      9.521986
  N      -2.418414      2.637299     -0.541704
  H      -3.324792      3.064600     -0.710917
  H      -1.568508      3.202655     -0.435262
  N       0.220156      1.430407     -0.048983
  O       0.147692      2.656490     -0.116041
  O       1.237892      0.808887      0.154768
17
Coordinates from ORCA-job opt E -491.662700166860
  C      -2.295768      1.316058     -0.467403
  C      -3.452882      0.476758     -0.627823
  C      -3.354598     -0.895944     -0.548580
  C      -2.106475     -1.505910     -0.307785
  C      -0.953998     -0.716177     -0.141532
  C      -1.034052      0.662241     -0.215780
  H      -4.415425      0.957992     -0.817111
  H      -4.247128     -1.512265     -0.675065
  H      -2.028892     -2.593484     -0.247108
  H       0.020440     -1.168173      0.046520
  H       2.351137     -0.407580      9.536026
  N      -2.417648      2.637879     -0.554735
  H      -3.321206      3.065216     -0.738306
  H      -1.569242      3.202475     -0.433631
  N       0.210250      1.430294     -0.023852
  O       0.140868      2.657213     -0.090568
  O       1.224590      0.807057      0.192585
17
Coordinates from ORCA-job opt E -491.662723191939
  C      -2.298186      1.315717     -0.475651
  C      -3.454149      0.477566     -0.651694
  C      -3.357698     -0.894816     -0.568992
  C      -2.112710     -1.504675     -0.309496
  C      -0.961472     -0.716168     -0.127569
  C      -1.039495      0.661726     -0.204576
  H      -4.413970      0.958521     -0.854988
  H      -4.249064     -1.510357     -0.706973
  H      -2.036641     -2.592088     -0.246685
  H       0.010415     -1.168246      0.074793
  H       2.419053     -0.407119      9.547274
  N      -2.418100      2.637423     -0.566707
  H      -3.318848      3.064424     -0.764229
  H      -1.571103      3.201691     -0.434397
  N       0.202958      1.428822      0.004471
  O       0.134322      2.655423     -0.063540
  O       1.214655      0.805807      0.234810
17
Coordinates from ORCA-job opt E -491.662744130629
  C      -2.299982      1.315659     -0.482946
  C      -3.454551      0.478247     -0.672105
  C      -3.359915     -0.893939     -0.586713
  C      -2.118289     -1.504166     -0.311701
  C      -0.968720     -0.716513     -0.116614
  C      -1.044719      0.661198     -0.195549
  H      -4.411849      0.959242     -0.886843
  H      -4.250128     -1.508923     -0.734269
  H      -2.043427     -2.591521     -0.247588
  H       0.000496     -1.169028      0.097611
  H       2.479917     -0.406967      9.565381
  N      -2.418049      2.637300     -0.577072
  H      -3.316264      3.064072     -0.786239
  H      -1.572688      3.201764     -0.435556
  N       0.195687      1.427905      0.027810
  O       0.127676      2.654350     -0.041291
  O       1.204773      0.804969      0.269534
17
Coordinates from ORCA-job opt E -491.662767436319
  C      -2.301224      1.315829     -0.489442
  C      -3.454095      0.478871     -0.691990
  C      -3.361546     -0.893302     -0.604475
  C      -2.123888     -1.504490     -0.314003
  C      -0.976488     -0.717538     -0.106241
  C      -1.050127      0.660247     -0.186389
  H      -4.408691      0.960109     -0.917842
  H      -4.250500     -1.507691     -0.761748
  H      -2.049699     -2.591879     -0.249138
  H      -0.010488     -1.170861      0.119638
  H       2.539080     -0.405603      9.584074
  N      -2.417336      2.637637     -0.585637
  H      -3.312846      3.064679     -0.805549
  H      -1.573797      3.202731     -0.436065
  N       0.187720      1.427159      0.049924
  O       0.120137      2.653461     -0.021384
  O       1.193759      0.804290      0.302117
17
Coordinates from ORCA-job opt E -491.662790225241
  C      -2.302889      1.316136     -0.496307
  C      -3.453552      0.479548     -0.712275
  C      -3.363059     -0.892712     -0.622711
  C      -2.129701     -1.504690     -0.316453
  C      -0.984344     -0.718075     -0.095157
  C      -1.056447      0.659817     -0.177330
  H      -4.404949      0.961194     -0.950433
  H      -4.250491     -1.506442     -0.790833
  H      -2.056284     -2.592090     -0.250193
  H      -0.021398     -1.171424      0.143427
  H       2.599990     -0.403786      9.600392
  N      -2.417260      2.637860     -0.595099
  H      -3.309672      3.065554     -0.826150
  H      -1.575358      3.202272     -0.434611
  N       0.179194      1.425840      0.072776
  O       0.114187      2.652343     -0.000271
  O       1.182004      0.802304      0.337078
17
Coordinates from ORCA-job opt E -491.662812153392
  C      -2.304144      1.316606     -0.501818
  C      -3.452182      0.480112     -0.730561
  C      -3.363816     -0.892401     -0.640102
  C      -2.135207     -1.505679     -0.319459
  C      -0.992271     -0.719230     -0.086330
  C      -1.062763      0.658996     -0.169726
  H      -4.400293      0.962561     -0.979954
  H      -4.249576     -1.505561     -0.818748
  H      -2.062303     -2.593112     -0.252203
  H      -0.032844     -1.172965      0.163764
  H       2.655583     -0.399899      9.620498
  N      -2.416674      2.638448     -0.600720
  H      -3.306067      3.067649     -0.840478
  H      -1.576067      3.202156     -0.431272
  N       0.170589      1.424534      0.091331
  O       0.108196      2.651198      0.015009
  O       1.169808      0.800237      0.366618
17
Coordinates from ORCA-job opt E -491.662833459310
  C      -2.306159      1.316371     -0.508611
  C      -3.452015      0.480866     -0.752025
  C      -3.365623     -0.891502     -0.659522
  C      -2.141177     -1.504808     -0.321998
  C      -1.000132     -0.719420     -0.074472
  C      -1.068673      0.658461     -0.159884
  H      -4.396653      0.963287     -1.014358
  H      -4.249555     -1.503864     -0.849579
  H      -2.069824     -2.592168     -0.253245
  H      -0.043933     -1.173161      0.188706
  H       2.717987     -0.397178      9.634773
  N      -2.416821      2.638150     -0.609403
  H      -3.302871      3.067609     -0.860763
  H      -1.577776      3.201094     -0.429852
  N       0.162630      1.422677      0.115497
  O       0.102131      2.649075      0.036845
  O       1.158435      0.798159      0.403742
17
Coordinates from ORCA-job opt E -491.662853662313
  C      -2.307632      1.316463     -0.513716
  C      -3.451518      0.481451     -0.767183
  C      -3.366647     -0.890864     -0.673823
  C      -2.145758     -1.504752     -0.325307
  C      -1.006551     -0.720005     -0.068231
  C      -1.073359      0.657975     -0.154440
  H      -4.393485      0.964381     -1.038052
  H      -4.249091     -1.502871     -0.871747
  H      -2.075743     -2.592135     -0.255627
  H      -0.053098     -1.174334      0.203502
  H       2.766937     -0.395190      9.660255
  N      -2.417062      2.638251     -0.615151
  H      -3.300844      3.068199     -0.873570
  H      -1.579318      3.201050     -0.429324
  N       0.156336      1.421528      0.130526
  O       0.097494      2.647855      0.050095
  O       1.149309      0.796647      0.427643
17
Coordinates from ORCA-job opt E -491.662875074706
  C      -2.308959      1.316636     -0.518309
  C      -3.450453      0.482132     -0.783356
  C      -3.367245     -0.890436     -0.689539
  C      -2.150439     -1.505230     -0.328803
  C      -1.013581     -0.720945     -0.061048
  C      -1.078511      0.657320     -0.148270
  H      -4.389130      0.966085     -1.063682
  H      -4.247697     -1.502277     -0.896671
  H      -2.082637     -2.592812     -0.258202
  H      -0.063406     -1.176429      0.219606
  H       2.817795     -0.391222      9.683499
  N      -2.416907      2.638765     -0.619613
  H      -3.298005      3.069503     -0.885762
  H      -1.580430      3.201106     -0.426812
  N       0.149087      1.420316      0.146358
  O       0.092289      2.646585      0.063476
  O       1.138201      0.794553      0.452977
17
Coordinates from ORCA-job opt E -491.662894492180
  C      -2.310480      1.316532     -0.523337
  C      -3.450142      0.482771     -0.798172
  C      -3.368324     -0.889729     -0.703674
  C      -2.154849     -1.504952     -0.332429
  C      -1.019741     -0.721311     -0.055206
  C      -1.083146      0.656836     -0.143556
  H      -4.385998      0.967422     -1.086585
  H      -4.247111     -1.501315     -0.918480
  H      -2.088802     -2.592477     -0.260492
  H      -0.072152     -1.177443      0.233340
  H       2.865828     -0.388743      9.709137
  N      -2.416930      2.638667     -0.624934
  H      -3.295684      3.069760     -0.898105
  H      -1.581669      3.200440     -0.425341
  N       0.142728      1.419032      0.160829
  O       0.087426      2.645195      0.076323
  O       1.129016      0.792966      0.476533
17
Coordinates from ORCA-job opt E -491.662913260267
  C      -2.311748      1.316606     -0.527839
  C      -3.449752      0.483384     -0.810708
  C      -3.369141     -0.889091     -0.715954
  C      -2.158700     -1.505034     -0.336382
  C      -1.025328     -0.721880     -0.051220
  C      -1.087220      0.656352     -0.140197
  H      -4.383003      0.969052     -1.105747
  H      -4.246352     -1.500608     -0.937289
  H      -2.094392     -2.592536     -0.262943
  H      -0.080135     -1.179000      0.243389
  H       2.909357     -0.386490      9.737440
  N      -2.417028      2.638779     -0.629854
  H      -3.293820      3.070346     -0.908503
  H      -1.582930      3.200209     -0.424559
  N       0.136842      1.417984      0.172800
  O       0.082981      2.644158      0.087392
  O       1.120338      0.791420      0.496026
17
Coordinates from ORCA-job opt E -491.662931924140
  C      -2.313026      1.316585     -0.532633
  C      -3.449395      0.484069     -0.824614
  C      -3.370182     -0.888456     -0.729472
  C      -2.162888     -1.504967     -0.340193
  C      -1.031232     -0.722465     -0.046102
  C      -1.091571      0.655731     -0.135843
  H      -4.379894      0.970463     -1.127065
  H      -4.245783     -1.499638     -0.958043
  H      -2.100025     -2.592462     -0.265312
  H      -0.088494     -1.180316      0.255621
  H       2.955639     -0.383884      9.763870
  N      -2.416887      2.638914     -0.635065
  H      -3.291406      3.070938     -0.920105
  H      -1.584010      3.199814     -0.423400
  N       0.130336      1.416720      0.186509
  O       0.077913      2.642881      0.099943
  O       1.110876      0.789722      0.517753
17
Coordinates from ORCA-job opt E -491.662949209551
  C      -2.314049      1.316718     -0.536810
  C      -3.449222      0.484660     -0.834660
  C      -3.371069     -0.887911     -0.739485
  C      -2.166168     -1.505126     -0.344157
  C      -1.035894     -0.723083     -0.044209
  C      -1.095084      0.655187     -0.134122
  H      -4.377820      0.971803     -1.141713
  H      -4.245589     -1.498893     -0.972687
  H      -2.104164     -2.592596     -0.268278
  H      -0.094992     -1.181599      0.262022
  H       2.993455     -0.382372      9.795291
  N      -2.416776      2.639144     -0.639297
  H      -3.289752      3.071619     -0.928345
  H      -1.584814      3.199738     -0.423247
  N       0.125009      1.415835      0.195232
  O       0.073579      2.642071      0.108302
  O       1.103321      0.788455      0.532013
17
Coordinates from ORCA-job opt E -491.662967531534
  C      -2.315173      1.316848     -0.541720
  C      -3.448852      0.485380     -0.847178
  C      -3.372059     -0.887278     -0.751543
  C      -2.170092     -1.505059     -0.348016
  C      -1.041372     -0.723670     -0.040113
  C      -1.099252      0.654654     -0.130347
  H      -4.375148      0.972878     -1.160556
  H      -4.245331     -1.497699     -0.990785
  H      -2.109003     -2.592575     -0.271619
  H      -0.102702     -1.182485      0.272494
  H       3.037425     -0.380505      9.823082
  N      -2.416678      2.639341     -0.645217
  H      -3.287507      3.072111     -0.940219
  H      -1.585949      3.199449     -0.423275
  N       0.118717      1.414618      0.208070
  O       0.068637      2.640893      0.120870
  O       1.094309      0.786748      0.551921
17
Coordinates from ORCA-job opt E -491.662985180337
  C      -2.316107      1.317042     -0.546290
  C      -3.448562      0.486079     -0.857653
  C      -3.372980     -0.886702     -0.761609
  C      -2.173481     -1.505100     -0.351875
  C      -1.046118     -0.724267     -0.037783
  C      -1.103047      0.654125     -0.127995
  H      -4.373192      0.973732     -1.175681
  H      -4.245456     -1.496520     -1.005220
  H      -2.112903     -2.592683     -0.275849
  H      -0.109284     -1.183207      0.279996
  H       3.076670     -0.379151      9.853600
  N      -2.416424      2.639613     -0.650395
  H      -3.285459      3.072620     -0.950280
  H      -1.586745      3.199343     -0.423650
  N       0.112984      1.413585      0.218015
  O       0.063858      2.639926      0.130986
  O       1.086218      0.785216      0.567533
17
Coordinates from ORCA-job opt E -491.663002318832
  C      -2.317069      1.317171     -0.550749
  C      -3.448310      0.486742     -0.867817
  C      -3.373901     -0.886086     -0.771286
  C      -2.176776     -1.505067     -0.355771
  C      -1.050739     -0.724786     -0.035842
  C      -1.106744      0.653633     -0.125885
  H      -4.371391      0.974467     -1.190206
  H      -4.245686     -1.495288     -1.018886
  H      -2.116811     -2.592723     -0.280440
  H      -0.115706     -1.183844      0.286970
  H       3.115005     -0.377819      9.884548
  N      -2.416196      2.639774     -0.655387
  H      -3.283501      3.072996     -0.959916
  H      -1.587608      3.199227     -0.424056
  N       0.107571      1.412553      0.227402
  O       0.059277      2.638937      0.140611
  O       1.078554      0.783762      0.582559
17
Coordinates from ORCA-job opt E -491.663018896866
  C      -2.318130      1.317304     -0.554942
  C      -3.448122      0.487380     -0.877565
  C      -3.374817     -0.885485     -0.780644
  C      -2.179916     -1.505075     -0.359694
  C      -1.055151     -0.725283     -0.034221
  C      -1.110308      0.653191     -0.124022
  H      -4.369643      0.975278     -1.204132
  H      -4.245908     -1.494118     -1.032071
  H      -2.120620     -2.592805     -0.284915
  H      -0.121885     -1.184568      0.293360
  H       3.152200     -0.376476      9.916035
  N      -2.416125      2.639953     -0.659992
  H      -3.281713      3.073519     -0.968876
  H      -1.588610      3.199115     -0.424202
  N       0.102475      1.411515      0.235937
  O       0.055065      2.637954      0.149343
  O       1.071178      0.782251      0.596452
