18
Coordinates from ORCA-job e_c_13 E -476.207809533235
  C      -5.688640      0.743757      4.022800
  C      -6.140175      1.487528      2.894798
  C      -6.035775      0.968601      1.615129
  C      -5.476716     -0.310678      1.421742
  C      -5.025167     -1.062516      2.527377
  C      -5.130387     -0.541724      3.808280
  C      -5.802190      1.321855      5.393426
  H      -5.475682      0.620584      6.172916
  H      -6.841905      1.631109      5.604052
  H      -5.194680      2.242866      5.475477
  H      -6.573380      2.478671      3.052135
  H      -6.384676      1.545414      0.755880
  H      -5.392721     -0.722458      0.413110
  H      -4.593775     -2.053509      2.370119
  H      -4.782679     -1.120275      4.667270
  N     -10.723030     -2.043554    -23.959499
  O     -10.312487     -1.950631    -22.882003
  O     -10.569991     -2.217753    -25.092571
18
Coordinates from ORCA-job e_c_13 E -476.225370915778
  C      -5.691666      0.744943      4.011500
  C      -6.132338      1.473783      2.895340
  C      -6.024812      0.953604      1.615429
  C      -5.472072     -0.312267      1.420576
  C      -5.030767     -1.049169      2.517651
  C      -5.140722     -0.524001      3.798181
  C      -5.808611      1.324695      5.388791
  H      -5.486583      0.622854      6.158013
  H      -6.839075      1.624771      5.603251
  H      -5.202786      2.232674      5.481375
  H      -6.562670      2.457474      3.048722
  H      -6.369530      1.526512      0.762801
  H      -5.386661     -0.721349      0.421222
  H      -4.602798     -2.032854      2.366704
  H      -4.798485     -1.097238      4.652333
  N     -10.659220     -2.049282    -23.938453
  O     -10.261337     -1.958443    -22.885177
  O     -10.673920     -2.199420    -25.057823
18
Coordinates from ORCA-job e_c_13 E -476.235379488742
  C      -5.696198      0.747958      4.000955
  C      -6.126576      1.466066      2.892058
  C      -6.013383      0.942828      1.611127
  C      -5.464165     -0.315327      1.417656
  C      -5.032506     -1.040919      2.512050
  C      -5.149582     -0.509860      3.793058
  C      -5.818897      1.329419      5.385899
  H      -5.500701      0.619520      6.146253
  H      -6.846959      1.618343      5.603993
  H      -5.208921      2.227082      5.491426
  H      -6.557095      2.448538      3.037045
  H      -6.354933      1.516282      0.760591
  H      -5.375359     -0.724660      0.421663
  H      -4.604465     -2.023500      2.371770
  H      -4.811309     -1.082677      4.646350
  N     -10.560689     -2.061513    -23.933714
  O     -10.174795     -1.972367    -22.901376
  O     -10.847524     -2.167925    -24.996367
18
Coordinates from ORCA-job e_c_13 E -476.236711446172
  C      -5.696996      0.749241      4.002614
  C      -6.126851      1.469648      2.890615
  C      -6.011778      0.945549      1.609912
  C      -5.461347     -0.315146      1.417964
  C      -5.030147     -1.042618      2.515387
  C      -5.148882     -0.511565      3.796481
  C      -5.821803      1.330157      5.387809
  H      -5.505322      0.616387      6.146723
  H      -6.851660      1.617230      5.605285
  H      -5.208416      2.226458      5.496376
  H      -6.558029      2.453180      3.032054
  H      -6.352897      1.520399      0.759225
  H      -5.371539     -0.725087      0.421378
  H      -4.601424     -2.026249      2.378087
  H      -4.810988     -1.086491      4.649422
  N     -10.537779     -2.066296    -23.946502
  O     -10.150065     -1.976385    -22.907013
  O     -10.898131     -2.161125    -24.995379
18
Coordinates from ORCA-job e_c_13 E -476.236853280510
  C      -5.697514      0.749695      4.003540
  C      -6.127371      1.472470      2.888767
  C      -6.011123      0.948147      1.608470
  C      -5.459553     -0.314828      1.417586
  C      -5.028209     -1.044429      2.517302
  C      -5.147863     -0.514008      3.798181
  C      -5.823916      1.329928      5.387526
  H      -5.509266      0.613970      6.146911
  H      -6.855441      1.617778      5.602993
  H      -5.208059      2.226142      5.497019
  H      -6.559228      2.457066      3.028298
  H      -6.352291      1.524288      0.757289
  H      -5.369168     -0.725414      0.420009
  H      -4.598790     -2.029173      2.381319
  H      -4.810030     -1.090744      4.651177
  N     -10.528791     -2.067868    -23.948631
  O     -10.139989     -1.977345    -22.907147
  O     -10.917452     -2.158388    -24.990171
18
Coordinates from ORCA-job e_c_13 E -476.236853674511
  C      -5.695048      0.751009      4.018793
  C      -6.124768      1.473820      2.903616
  C      -6.008091      0.949629      1.623423
  C      -5.456260     -0.313404      1.432660
  C      -5.025102     -1.043107      2.532630
  C      -5.145078     -0.512881      3.813361
  C      -5.821741      1.331246      5.402231
  H      -5.508209      0.615273      6.162086
  H      -6.853161      1.620306      5.616687
  H      -5.205215      2.227103      5.511641
  H      -6.556813      2.458369      3.042883
  H      -6.349228      1.525999      0.772367
  H      -5.365642     -0.724116      0.435144
  H      -4.595461     -2.027787      2.396830
  H      -4.807289     -1.089775      4.666266
  N     -10.542121     -2.075553    -24.023404
  O     -10.153256     -1.984524    -22.981807
  O     -10.931573     -2.164322    -25.064970
18
Coordinates from ORCA-job e_c_13 E -476.236829846369
  C      -5.695804      0.750485      4.017939
  C      -6.124553      1.473970      2.901905
  C      -6.006655      0.950576      1.621770
  C      -5.454754     -0.312774      1.430937
  C      -5.024489     -1.043236      2.531359
  C      -5.145261     -0.513876      3.811884
  C      -5.823806      1.330056      5.400271
  H      -5.514019      0.613510      6.161220
  H      -6.854945      1.622741      5.611653
  H      -5.205180      2.224670      5.510365
  H      -6.556968      2.458443      3.040818
  H      -6.347345      1.527937      0.771125
  H      -5.363875     -0.723646      0.433460
  H      -4.594609     -2.027888      2.395729
  H      -4.807947     -1.091618      4.664453
  N     -10.539179     -2.068681    -24.016066
  O     -10.150367     -1.981006    -22.973700
  O     -10.934299     -2.172374    -25.054686
18
Coordinates from ORCA-job e_c_13 E -476.236854083190
  C      -5.694913      0.751007      4.021375
  C      -6.124290      1.473864      2.905894
  C      -6.006981      0.950041      1.625695
  C      -5.454900     -0.312900      1.434856
  C      -5.024159     -1.042772      2.534987
  C      -5.144667     -0.512915      3.815649
  C      -5.822112      1.331110      5.404372
  H      -5.510736      0.614880      6.164873
  H      -6.853242      1.622447      5.617318
  H      -5.204281      2.226125      5.514143
  H      -6.556597      2.458330      3.045053
  H      -6.347969      1.526791      0.774827
  H      -5.364016     -0.723661      0.437378
  H      -4.594318     -2.027388      2.399246
  H      -4.807122     -1.090102      4.668477
  N     -10.544410     -2.075646    -24.034588
  O     -10.155168     -1.985123    -22.993055
  O     -10.934174     -2.166802    -25.076063
18
Coordinates from ORCA-job e_c_13 E -476.236852715955
  C      -5.692414      0.752302      4.036435
  C      -6.121689      1.475192      2.920838
  C      -6.004048      0.951542      1.640591
  C      -5.451752     -0.311342      1.449704
  C      -5.021191     -1.041305      2.549939
  C      -5.141987     -0.511605      3.830618
  C      -5.819777      1.332367      5.419379
  H      -5.509812      0.615733      6.180091
  H      -6.850673      1.625131      5.631642
  H      -5.200864      2.226629      5.529593
  H      -6.554159      2.459616      3.059933
  H      -6.344947      1.528516      0.789824
  H      -5.360670     -0.722117      0.452239
  H      -4.591193     -2.025877      2.414251
  H      -4.804515     -1.088917      4.683414
  N     -10.557712     -2.081742    -24.109786
  O     -10.169124     -1.991665    -23.067787
  O     -10.947529     -2.175171    -25.150482
18
Coordinates from ORCA-job e_c_13 E -476.236852135088
  C      -5.690147      0.753493      4.051495
  C      -6.119111      1.476333      2.935756
  C      -6.000735      0.952997      1.655417
  C      -5.447953     -0.309643      1.464459
  C      -5.017805     -1.039656      2.564848
  C      -5.139348     -0.510232      3.845571
  C      -5.817955      1.333522      5.434405
  H      -5.511082      0.616026      6.195560
  H      -6.848303      1.629339      5.645193
  H      -5.196754      2.226115      5.545671
  H      -6.551958      2.460632      3.074748
  H      -6.341441      1.530296      0.804784
  H      -5.356391     -0.720405      0.467028
  H      -4.587497     -2.024124      2.429273
  H      -4.802141     -1.087718      4.698385
  N     -10.571318     -2.088768    -24.184584
  O     -10.182697     -1.998606    -23.142565
  O     -10.961420     -2.182315    -25.225007
18
Coordinates from ORCA-job e_c_13 E -476.236826854240
  C      -5.690363      0.753482      4.065267
  C      -6.118324      1.475654      2.949391
  C      -5.995902      0.954095      1.668316
  C      -5.439490     -0.306424      1.476604
  C      -5.011350     -1.036530      2.577504
  C      -5.137405     -0.508671      3.858781
  C      -5.819573      1.333679      5.448756
  H      -5.531467      0.610557      6.211927
  H      -6.845901      1.648429      5.651961
  H      -5.183681      2.215181      5.566685
  H      -6.553523      2.459123      3.088135
  H      -6.335778      1.532799      0.818290
  H      -5.344821     -0.716511      0.479151
  H      -4.579015     -2.020265      2.442333
  H      -4.801500     -1.086898      4.711815
  N     -10.586202     -2.102946    -24.250683
  O     -10.193431     -2.008340    -23.210843
  O     -10.976330     -2.179128    -25.292954
18
Coordinates from ORCA-job e_c_13 E -476.236853016427
  C      -5.688368      0.754474      4.067133
  C      -6.116427      1.477279      2.951183
  C      -5.996264      0.954666      1.670664
  C      -5.442416     -0.307376      1.479611
  C      -5.013254     -1.037490      2.580254
  C      -5.136629     -0.508719      3.861072
  C      -5.817437      1.334271      5.450015
  H      -5.518367      0.614469      6.212067
  H      -6.846339      1.637538      5.657100
  H      -5.190535      2.222553      5.564156
  H      -6.550208      2.461195      3.090014
  H      -6.336416      1.532574      0.820230
  H      -5.349699     -0.718008      0.482252
  H      -4.582258     -2.021676      2.444874
  H      -4.800158     -1.086531      4.713968
  N     -10.586050     -2.096716    -24.261636
  O     -10.196261     -2.006102    -23.220286
  O     -10.976968     -2.189115    -25.302231
18
Coordinates from ORCA-job e_c_13 E -476.236852315385
  C      -5.686201      0.755712      4.082051
  C      -6.113944      1.478569      2.965987
  C      -5.992877      0.956206      1.685465
  C      -5.438507     -0.305642      1.494549
  C      -5.009706     -1.035821      2.595324
  C      -5.133910     -0.507305      3.876138
  C      -5.815811      1.335388      5.464870
  H      -5.520627      0.614232      6.227156
  H      -6.843975      1.642221      5.670190
  H      -5.185918      2.221360      5.580504
  H      -6.548190      2.462275      3.104707
  H      -6.332705      1.534231      0.834989
  H      -5.345183     -0.716182      0.497219
  H      -4.578337     -2.019841      2.460029
  H      -4.797702     -1.085143      4.729099
  N     -10.599721     -2.103303    -24.336277
  O     -10.209740     -2.012834    -23.294967
  O     -10.991000     -2.196836    -25.376596
18
Coordinates from ORCA-job e_c_13 E -476.236651764275
  C      -5.694112      0.753454      4.081271
  C      -6.120926      1.474419      2.965653
  C      -5.988105      0.954865      1.684184
  C      -5.422726     -0.301217      1.494056
  C      -4.997582     -1.030799      2.595732
  C      -5.134513     -0.505138      3.877668
  C      -5.826173      1.334098      5.466620
  H      -5.587451      0.593480      6.230127
  H      -6.840501      1.694573      5.652099
  H      -5.150684      2.182373      5.604503
  H      -6.562281      2.455250      3.103814
  H      -6.324969      1.532017      0.831984
  H      -5.319093     -0.708144      0.496073
  H      -4.560175     -2.012437      2.461147
  H      -4.801296     -1.082281      4.732524
  N     -10.608431     -2.121704    -24.335260
  O     -10.204957     -2.020771    -23.300979
  O     -11.000082     -2.174751    -25.380778
18
Coordinates from ORCA-job e_c_13 E -476.236717500429
  C      -5.690839      0.755041      4.096291
  C      -6.117501      1.476235      2.980500
  C      -5.985435      0.956464      1.699165
  C      -5.421033     -0.300195      1.509105
  C      -4.995729     -1.029852      2.610797
  C      -5.131738     -0.503973      3.892573
  C      -5.823041      1.335516      5.481281
  H      -5.580145      0.596301      6.244817
  H      -6.838595      1.691920      5.667905
  H      -5.151005      2.186813      5.617502
  H      -6.558319      2.457277      3.118618
  H      -6.322408      1.533736      0.847085
  H      -5.318179     -0.707511      0.511223
  H      -4.558806     -2.011678      2.476220
  H      -4.798384     -1.081187      4.747287
  N     -10.620648     -2.125620    -24.410259
  O     -10.218830     -2.026410    -23.375045
  O     -11.013421     -2.185591    -25.454630
18
Coordinates from ORCA-job e_c_13 E -476.236749014521
  C      -5.688119      0.756466      4.111303
  C      -6.114571      1.477772      2.995339
  C      -5.982433      0.957995      1.714086
  C      -5.418231     -0.298852      1.524154
  C      -4.993016     -1.028561      2.625937
  C      -5.128977     -0.502680      3.907612
  C      -5.820639      1.336829      5.496059
  H      -5.577622      0.597752      6.259689
  H      -6.836326      1.692972      5.682388
  H      -5.148907      2.188403      5.632182
  H      -6.555368      2.458814      3.133361
  H      -6.319320      1.535340      0.862015
  H      -5.315426     -0.706294      0.526330
  H      -4.556137     -2.010400      2.491426
  H      -4.795674     -1.079931      4.762296
  N     -10.633547     -2.130896    -24.485270
  O     -10.232376     -2.032614    -23.449641
  O     -11.027367     -2.194828    -25.528830
18
Coordinates from ORCA-job e_c_13 E -476.236770969606
  C      -5.685534      0.757853      4.126294
  C      -6.111756      1.479229      3.010169
  C      -5.979345      0.959494      1.728978
  C      -5.415151     -0.297432      1.539185
  C      -4.990090     -1.027175      2.641071
  C      -5.126226     -0.501340      3.922667
  C      -5.818421      1.338118      5.510870
  H      -5.576297      0.598859      6.274607
  H      -6.833970      1.694949      5.696557
  H      -5.146210      2.189281      5.647306
  H      -6.552657      2.460220      3.148090
  H      -6.316096      1.536890      0.876885
  H      -5.312215     -0.704932      0.541407
  H      -4.553150     -2.008987      2.506637
  H      -4.793033     -1.078615      4.777358
  N     -10.646660     -2.136517    -24.560224
  O     -10.245899     -2.038957    -23.524312
  O     -11.041345     -2.203653    -25.603112
18
Coordinates from ORCA-job e_c_13 E -476.236789357627
  C      -5.682980      0.759234      4.141291
  C      -6.108971      1.480678      3.024987
  C      -5.976232      0.960994      1.743866
  C      -5.412000     -0.296000      1.554228
  C      -4.987096     -1.025776      2.656230
  C      -5.123453     -0.499996      3.937735
  C      -5.816268      1.339394      5.525667
  H      -5.575354      0.599867      6.289532
  H      -6.831597      1.697207      5.710561
  H      -5.143347      2.189953      5.662517
  H      -6.550019      2.461597      3.162799
  H      -6.312844      1.538421      0.891736
  H      -5.308881     -0.703538      0.556496
  H      -4.550061     -2.007543      2.521881
  H      -4.790371     -1.077290      4.792438
  N     -10.659844     -2.142216    -24.635152
  O     -10.259409     -2.045325    -23.598987
  O     -11.055329     -2.212374    -25.677389
18
Coordinates from ORCA-job e_c_13 E -476.236804792013
  C      -5.680442      0.760610      4.156280
  C      -6.106199      1.482108      3.039807
  C      -5.973111      0.962480      1.758749
  C      -5.408818     -0.294562      1.569262
  C      -4.984080     -1.024362      2.671378
  C      -5.120688     -0.498641      3.952801
  C      -5.814129      1.340673      5.540475
  H      -5.574530      0.600847      6.304465
  H      -6.829207      1.699569      5.724554
  H      -5.140416      2.190551      5.677792
  H      -6.547406      2.462951      3.177512
  H      -6.309581      1.539933      0.906578
  H      -5.305499     -0.702130      0.571573
  H      -4.546939     -2.006081      2.537114
  H      -4.787727     -1.075948      4.807523
  N     -10.673067     -2.147946    -24.710070
  O     -10.272944     -2.051704    -23.673669
  O     -11.069272     -2.221060    -25.751688
18
Coordinates from ORCA-job e_c_13 E -476.236817766843
  C      -5.677918      0.761986      4.171277
  C      -6.103443      1.483535      3.054615
  C      -5.969979      0.963963      1.773631
  C      -5.405598     -0.293125      1.584311
  C      -4.981022     -1.022946      2.686553
  C      -5.117897     -0.497285      3.967880
  C      -5.812032      1.341946      5.555266
  H      -5.573947      0.601774      6.319400
  H      -6.826806      1.702110      5.738421
  H      -5.137387      2.191028      5.693104
  H      -6.544842      2.464288      3.192205
  H      -6.306311      1.541421      0.921406
  H      -5.302048     -0.700711      0.586667
  H      -4.543750     -2.004606      2.552380
  H      -4.785054     -1.074598      4.822623
  N     -10.686344     -2.153710    -24.784971
  O     -10.286489     -2.058091    -23.748345
  O     -11.083190     -2.229692    -25.825988
18
Coordinates from ORCA-job e_c_13 E -476.236828451602
  C      -5.675398      0.763361      4.186263
  C      -6.100691      1.484945      3.069423
  C      -5.966845      0.965426      1.788507
  C      -5.402370     -0.291695      1.599353
  C      -4.977958     -1.021524      2.701718
  C      -5.115119     -0.495917      3.982956
  C      -5.809931      1.343233      5.570068
  H      -5.573361      0.602718      6.334341
  H      -6.824399      1.704666      5.752320
  H      -5.134353      2.191510      5.708439
  H      -6.542279      2.465610      3.206899
  H      -6.303039      1.542883      0.936226
  H      -5.298585     -0.699300      0.601751
  H      -4.540556     -2.003127      2.567640
  H      -4.782401     -1.073230      4.837730
  N     -10.699640     -2.159471    -24.859869
  O     -10.300070     -2.064473    -23.823021
  O     -11.097060     -2.238327    -25.900309
18
Coordinates from ORCA-job e_c_13 E -476.236836795592
  C      -5.673080      0.764814      4.201342
  C      -6.098138      1.486259      3.083908
  C      -5.963473      0.966662      1.803294
  C      -5.398522     -0.290530      1.614722
  C      -4.974186     -1.020179      2.717480
  C      -5.111881     -0.494497      3.998341
  C      -5.808560      1.344591      5.584459
  H      -5.576366      0.603207      6.349279
  H      -6.822025      1.709891      5.764042
  H      -5.130149      2.190536      5.724032
  H      -6.540430      2.466596      3.221037
  H      -6.299672      1.543641      0.950694
  H      -5.294015     -0.698066      0.617216
  H      -4.536258     -2.001551      2.583725
  H      -4.779208     -1.071590      4.853230
  N     -10.713452     -2.165371    -24.934500
  O     -10.313513     -2.070810    -23.897540
  O     -11.111128     -2.246315    -25.974326
18
Coordinates from ORCA-job e_c_13 E -476.236843815206
  C      -5.670897      0.766277      4.216344
  C      -6.095810      1.487288      3.098270
  C      -5.960091      0.967569      1.817973
  C      -5.394410     -0.289555      1.630068
  C      -4.970092     -1.018766      2.733289
  C      -5.108604     -0.492919      4.013724
  C      -5.807368      1.346122      5.598796
  H      -5.581000      0.603617      6.364295
  H      -6.819407      1.716700      5.775133
  H      -5.125081      2.188790      5.740025
  H      -6.539038      2.467212      3.235018
  H      -6.296446      1.543802      0.964930
  H      -5.288913     -0.696960      0.632655
  H      -4.531442     -1.999838      2.599962
  H      -4.775978     -1.069645      4.868848
  N     -10.727135     -2.170935    -25.008989
  O     -10.326503     -2.076966    -23.972114
  O     -11.125840     -2.254504    -26.047791
18
Coordinates from ORCA-job e_c_13 E -476.236848634707
  C      -5.668947      0.767689      4.231275
  C      -6.093694      1.488052      3.112469
  C      -5.956554      0.968209      1.832511
  C      -5.389806     -0.288674      1.645376
  C      -4.965545     -1.017273      2.749169
  C      -5.105279     -0.491244      4.029157
  C      -5.806560      1.347761      5.613038
  H      -5.587933      0.603792      6.379372
  H      -6.816603      1.725436      5.785338
  H      -5.119082      2.185931      5.756566
  H      -6.538132      2.467469      3.248732
  H      -6.293154      1.543555      0.978962
  H      -5.282991     -0.695916      0.648071
  H      -4.525937     -1.997967      2.616399
  H      -4.772757     -1.067508      4.884616
  N     -10.740790     -2.176169    -25.083229
  O     -10.338999     -2.082932    -24.046630
  O     -11.141292     -2.262926    -26.120756
18
Coordinates from ORCA-job e_c_13 E -476.236850666788
  C      -5.667224      0.769055      4.246069
  C      -6.091868      1.488585      3.126511
  C      -5.952976      0.968584      1.846905
  C      -5.384801     -0.287869      1.660667
  C      -4.960598     -1.015696      2.765100
  C      -5.101906     -0.489452      4.044649
  C      -5.806035      1.349532      5.627183
  H      -5.596988      0.603695      6.394374
  H      -6.813463      1.736010      5.794835
  H      -5.112049      2.181900      5.773714
  H      -6.537775      2.467393      3.262181
  H      -6.289888      1.542920      0.992794
  H      -5.276351     -0.694922      0.663490
  H      -4.519800     -1.995925      2.632996
  H      -4.769502     -1.065128      4.900536
  N     -10.754479     -2.181111    -25.157196
  O     -10.351168     -2.088730    -24.121035
  O     -11.157185     -2.271554    -26.193336
18
Coordinates from ORCA-job e_c_13 E -476.236849509938
  C      -5.665719      0.770381      4.260697
  C      -6.090331      1.488927      3.140407
  C      -5.949386      0.968726      1.861155
  C      -5.379426     -0.287095      1.675941
  C      -4.955270     -1.014016      2.781059
  C      -5.098492     -0.487543      4.060202
  C      -5.805759      1.351422      5.641247
  H      -5.608070      0.603294      6.409216
  H      -6.809926      1.748283      5.803754
  H      -5.104001      2.176644      5.791547
  H      -6.537943      2.467036      3.275366
  H      -6.286647      1.541982      1.006453
  H      -5.269052     -0.693956      0.678912
  H      -4.513072     -1.993703      2.649712
  H      -4.766227     -1.062520      4.916600
  N     -10.768243     -2.185836    -25.230896
  O     -10.363222     -2.094403    -24.195275
  O     -11.173271     -2.280335    -26.265661
18
Coordinates from ORCA-job e_c_13 E -476.236845025450
  C      -5.664398      0.771676      4.275163
  C      -6.089038      1.489138      3.154191
  C      -5.945797      0.968697      1.875284
  C      -5.373729     -0.286299      1.691197
  C      -4.949612     -1.012215      2.797023
  C      -5.095049     -0.485522      4.075806
  C      -5.805686      1.353394      5.655259
  H      -5.620922      0.602598      6.423847
  H      -6.805970      1.761953      5.812260
  H      -5.095086      2.170211      5.810089
  H      -6.538545      2.466471      3.288330
  H      -6.283411      1.540865      1.019989
  H      -5.261216     -0.692997      0.694346
  H      -4.505847     -1.991297      2.666503
  H      -4.762949     -1.059722      4.932778
  N     -10.782111     -2.190472    -25.304388
  O     -10.375421     -2.100023    -24.269321
  O     -11.189267     -2.289168    -26.337919
18
Coordinates from ORCA-job e_c_13 E -476.236837644460
  C      -5.663224      0.772950      4.289482
  C      -6.087953      1.489254      3.167898
  C      -5.942218      0.968547      1.889312
  C      -5.367749     -0.285440      1.706430
  C      -4.943670     -1.010276      2.812974
  C      -5.091574     -0.483387      4.091451
  C      -5.805774      1.355416      5.669262
  H      -5.635352      0.601625      6.438241
  H      -6.801567      1.776785      5.820491
  H      -5.085430      2.162629      5.829381
  H      -6.539501      2.465756      3.301122
  H      -6.280166      1.539676      1.033452
  H      -5.252956     -0.692044      0.709787
  H      -4.498203     -1.988702      2.683332
  H      -4.759663     -1.056755      4.949040
  N     -10.796102     -2.195155    -25.377748
  O     -10.388049     -2.105664    -24.343151
  O     -11.204902     -2.297929    -26.410320
18
Coordinates from ORCA-job e_c_13 E -476.236828348985
  C      -5.662105      0.774229      4.303745
  C      -6.086908      1.489384      3.181597
  C      -5.938604      0.968420      1.903307
  C      -5.361590     -0.284463      1.721641
  C      -4.937570     -1.008218      2.828906
  C      -5.088083     -0.481193      4.107108
  C      -5.805968      1.357397      5.683300
  H      -5.650660      0.600491      6.452445
  H      -6.796858      1.792047      5.828646
  H      -5.075534      2.154296      5.849222
  H      -6.540545      2.465030      3.313862
  H      -6.276831      1.538609      1.046933
  H      -5.244535     -0.691063      0.725241
  H      -4.490362     -1.985971      2.700149
  H      -4.756400     -1.053748      4.965321
  N     -10.810206     -2.200069    -25.451129
  O     -10.401293     -2.111422    -24.416816
  O     -11.220003     -2.306468    -26.483043
18
Coordinates from ORCA-job e_c_13 E -476.236818485120
  C      -5.661007      0.775518      4.317996
  C      -6.085858      1.489531      3.195302
  C      -5.934933      0.968335      1.917287
  C      -5.355285     -0.283381      1.736834
  C      -4.931352     -1.006061      2.844832
  C      -5.084553     -0.478950      4.122765
  C      -5.806269      1.359313      5.697377
  H      -5.666708      0.599286      6.466495
  H      -6.791878      1.807590      5.836718
  H      -5.065569      2.145324      5.869524
  H      -6.541605      2.464309      3.326586
  H      -6.273377      1.537677      1.060441
  H      -5.236025     -0.690070      0.740710
  H      -4.482372     -1.983123      2.716961
  H      -4.753119     -1.050711      4.981599
  N     -10.824413     -2.205258    -25.524556
  O     -10.415187     -2.117317    -24.490326
  O     -11.234547     -2.314724    -26.556111
18
Coordinates from ORCA-job e_c_13 E -476.258820202541
  C      -5.659888      0.776825      4.332275
  C      -6.084729      1.489713      3.209020
  C      -5.931174      0.968314      1.931275
  C      -5.348897     -0.282231      1.752022
  C      -4.925085     -1.003854      2.860768
  C      -5.080988     -0.476691      4.138418
  C      -5.806661      1.361157      5.711479
  H      -5.683119      0.598157      6.480433
  H      -6.786724      1.823099      5.844736
  H      -5.055824      2.136021      5.890077
  H      -6.542577      2.463621      3.339322
  H      -6.269782      1.536866      1.073975
  H      -5.227510     -0.689069      0.756196
  H      -4.474334     -1.980223      2.733779
  H      -4.749823     -1.047685      4.997862
  N     -10.838688     -2.210662    -25.598038
  O     -10.429527     -2.123318    -24.563743
  O     -11.248725     -2.322753    -26.629420
18
Coordinates from ORCA-job e_c_13 E -476.258820071473
  C      -5.658764      0.778153      4.346501
  C      -6.083617      1.489882      3.222723
  C      -5.927445      0.968240      1.945241
  C      -5.342529     -0.281101      1.767211
  C      -4.918806     -1.001618      2.876689
  C      -5.077409     -0.474366      4.154068
  C      -5.807030      1.363037      5.725583
  H      -5.699703      0.597190      6.494185
  H      -6.781270      1.838644      5.852832
  H      -5.046156      2.126441      5.910825
  H      -6.543584      2.462905      3.352036
  H      -6.266235      1.535961      1.087463
  H      -5.219011     -0.688084      0.771686
  H      -4.466275     -1.977288      2.750591
  H      -4.746496     -1.044556      5.014139
  N     -10.852999     -2.216085    -25.671476
  O     -10.444046     -2.129336    -24.637132
  O     -11.262680     -2.330733    -26.702727
18
Coordinates from ORCA-job e_c_13 E -476.258819879149
  C      -5.659947      0.777990      4.345576
  C      -6.084981      1.489017      3.222104
  C      -5.927017      0.967326      1.944430
  C      -5.339722     -0.280567      1.766916
  C      -4.916163     -1.000443      2.876678
  C      -5.077095     -0.473487      4.154349
  C      -5.808787      1.363285      5.725570
  H      -5.713746      0.594625      6.492995
  H      -6.778589      1.848814      5.849709
  H      -5.040201      2.117155      5.916874
  H      -6.546216      2.461568      3.350721
  H      -6.265653      1.535448      1.086880
  H      -5.215220     -0.688281      0.771713
  H      -4.462491     -1.975704      2.751027
  H      -4.746534     -1.043329      5.014829
  N     -10.853610     -2.216844    -25.670677
  O     -10.447557     -2.129614    -24.635314
  O     -11.260528     -2.329671    -26.703943
18
Coordinates from ORCA-job e_c_13 E -476.258822988311
  C      -5.660492      0.778190      4.345371
  C      -6.085722      1.489017      3.221918
  C      -5.927103      0.967422      1.944228
  C      -5.338606     -0.280078      1.766750
  C      -4.915052     -0.999793      2.876733
  C      -5.076937     -0.473136      4.154322
  C      -5.809507      1.363091      5.725685
  H      -5.719646      0.592833      6.492284
  H      -6.777162      1.852980      5.848727
  H      -5.037074      2.112287      5.919835
  H      -6.547338      2.461392      3.350366
  H      -6.265486      1.535792      1.086816
  H      -5.214219     -0.688411      0.771742
  H      -4.460748     -1.974765      2.751192
  H      -4.746381     -1.042894      5.014897
  N     -10.853614     -2.218271    -25.671011
  O     -10.449864     -2.130234    -24.634475
  O     -11.259104     -2.328136    -26.704943
18
Coordinates from ORCA-job e_c_13 E -476.258910801912
  C      -5.667602      0.780008      4.344821
  C      -6.093409      1.488109      3.220863
  C      -5.924857      0.967786      1.943230
  C      -5.321924     -0.274083      1.767120
  C      -4.898920     -0.991374      2.879943
  C      -5.073580     -0.468321      4.156531
  C      -5.821169      1.360771      5.728101
  H      -5.803621      0.573987      6.484309
  H      -6.757529      1.910064      5.833651
  H      -5.001849      2.046787      5.959982
  H      -6.561237      2.457757      3.346386
  H      -6.259160      1.539366      1.087098
  H      -5.197731     -0.689753      0.774804
  H      -4.436345     -1.962661      2.756184
  H      -4.743928     -1.036936      5.018518
  N     -10.858643     -2.234396    -25.681808
  O     -10.481381     -2.138449    -24.633151
  O     -11.241169     -2.311374    -26.726146
18
Coordinates from ORCA-job e_c_13 E -476.258984314281
  C      -5.674184      0.780368      4.333623
  C      -6.101125      1.487772      3.210356
  C      -5.927206      0.968964      1.932335
  C      -5.314163     -0.268790      1.755543
  C      -4.891627     -0.985776      2.869763
  C      -5.074877     -0.466721      4.146053
  C      -5.828185      1.357225      5.720241
  H      -5.854101      0.560351      6.466753
  H      -6.743196      1.941249      5.819844
  H      -4.981610      1.999828      5.976772
  H      -6.571212      2.456299      3.334987
  H      -6.257549      1.543799      1.077993
  H      -5.191855     -0.689936      0.764970
  H      -4.424072     -1.954591      2.746033
  H      -4.745904     -1.035472      5.008513
  N     -10.855293     -2.241681    -25.635850
  O     -10.494711     -2.140612    -24.578763
  O     -11.213187     -2.294989    -26.688728
18
Coordinates from ORCA-job e_c_13 E -476.259034733019
  C      -5.672339      0.779802      4.335874
  C      -6.099099      1.488730      3.212101
  C      -5.927802      0.971217      1.934359
  C      -5.317750     -0.268214      1.755990
  C      -4.895588     -0.987225      2.869204
  C      -5.075511     -0.468992      4.145331
  C      -5.825690      1.355729      5.719487
  H      -5.835045      0.562087      6.469435
  H      -6.748386      1.927413      5.821151
  H      -4.987750      2.013767      5.966357
  H      -6.567186      2.457904      3.338332
  H      -6.258751      1.546678      1.079996
  H      -5.196869     -0.687818      0.764827
  H      -4.429919     -1.956675      2.744023
  H      -4.746566     -1.039123      5.006567
  N     -10.854400     -2.240687    -25.634258
  O     -10.489072     -2.140337    -24.581403
  O     -11.216332     -2.296970    -26.686936
18
Coordinates from ORCA-job e_c_13 E -476.259200972264
  C      -5.673611      0.779310      4.337955
  C      -6.098329      1.490639      3.213418
  C      -5.925419      0.976855      1.935890
  C      -5.313789     -0.262142      1.755317
  C      -4.892559     -0.983873      2.867657
  C      -5.073409     -0.469514      4.143378
  C      -5.830359      1.349707      5.718453
  H      -5.858803      0.553904      6.465606
  H      -6.743810      1.936648      5.812747
  H      -4.982237      1.991751      5.974147
  H      -6.567370      2.458887      3.341395
  H      -6.252850      1.556441      1.082031
  H      -5.197386     -0.683738      0.764941
  H      -4.425662     -1.952326      2.740063
  H      -4.745944     -1.041850      5.003229
  N     -10.859928     -2.247989    -25.629005
  O     -10.500651     -2.144755    -24.576475
  O     -11.201939     -2.290669    -26.690310
18
Coordinates from ORCA-job e_c_13 E -476.259499161566
  C      -5.676503      0.779020      4.340296
  C      -6.098714      1.492497      3.215015
  C      -5.920481      0.983517      1.937567
  C      -5.304641     -0.253609      1.755401
  C      -4.883651     -0.977484      2.867042
  C      -5.068289     -0.467966      4.142360
  C      -5.840168      1.341681      5.718494
  H      -5.915948      0.541309      6.457615
  H      -6.729949      1.964985      5.798347
  H      -4.969726      1.943371      5.997446
  H      -6.571521      2.458481      3.344341
  H      -6.241239      1.568718      1.084257
  H      -5.194477     -0.679509      0.766618
  H      -4.413119     -1.943747      2.736908
  H      -4.742216     -1.041852      5.001232
  N     -10.873018     -2.258014    -25.627413
  O     -10.527336     -2.150073    -24.571925
  O     -11.173060     -2.284038    -26.703165
18
Coordinates from ORCA-job e_c_13 E -476.259815372312
  C      -5.678337      0.778352      4.340113
  C      -6.099056      1.493719      3.214682
  C      -5.916876      0.988658      1.937007
  C      -5.299363     -0.247457      1.753774
  C      -4.876896     -0.972688      2.864248
  C      -5.063013     -0.466350      4.139630
  C      -5.848145      1.334685      5.717069
  H      -5.963716      0.532309      6.448830
  H      -6.716809      1.987857      5.785018
  H      -4.961763      1.903193      6.015285
  H      -6.575318      2.457635      3.345604
  H      -6.231669      1.577999      1.083786
  H      -5.195607     -0.676503      0.765974
  H      -4.403788     -1.937286      2.731684
  H      -4.736694     -1.040658      4.997769
  N     -10.884586     -2.261999    -25.616829
  O     -10.550537     -2.150336    -24.558354
  O     -11.141882     -2.283844    -26.704854
18
Coordinates from ORCA-job e_c_13 E -476.260157074154
  C      -5.678111      0.777208      4.337647
  C      -6.099230      1.494264      3.212965
  C      -5.916169      0.992015      1.934569
  C      -5.300227     -0.244413      1.750331
  C      -4.873919     -0.970248      2.858849
  C      -5.057802     -0.465088      4.134939
  C      -5.852141      1.329137      5.714506
  H      -5.993510      0.526997      6.441720
  H      -6.706509      2.001597      5.773967
  H      -4.957625      1.878569      6.024232
  H      -6.578049      2.456568      3.346297
  H      -6.227437      1.583380      1.080997
  H      -5.203071     -0.674578      0.762471
  H      -4.400039     -1.934083      2.723773
  H      -4.729010     -1.038732      4.992383
  N     -10.892633     -2.260226    -25.597668
  O     -10.567871     -2.145627    -24.536341
  O     -11.110703     -2.289454    -26.695200
18
Coordinates from ORCA-job e_c_13 E -476.260527933117
  C      -5.675983      0.776063      4.336495
  C      -6.100670      1.493682      3.213313
  C      -5.919507      0.992820      1.933970
  C      -5.305875     -0.244353      1.748820
  C      -4.873252     -0.969606      2.855040
  C      -5.052286     -0.463829      4.132125
  C      -5.850668      1.326455      5.714207
  H      -6.007591      0.526238      6.439906
  H      -6.695344      2.011770      5.768052
  H      -4.952002      1.866570      6.028487
  H      -6.581585      2.454656      3.349387
  H      -6.231185      1.583500      1.079930
  H      -5.214469     -0.673725      0.760014
  H      -4.399409     -1.933174      2.717840
  H      -4.718521     -1.035581      4.988916
  N     -10.899325     -2.255789    -25.588845
  O     -10.582467     -2.138723    -24.524328
  O     -11.083916     -2.299686    -26.692892
18
Coordinates from ORCA-job e_c_13 E -476.260926779593
  C      -5.671940      0.775148      4.337131
  C      -6.104435      1.492030      3.216311
  C      -5.929074      0.990974      1.935970
  C      -5.317222     -0.246952      1.749327
  C      -4.875907     -0.970762      2.852860
  C      -5.047364     -0.463095      4.131061
  C      -5.841444      1.327211      5.716236
  H      -6.000206      0.529946      6.444293
  H      -6.682716      2.017303      5.769056
  H      -4.942037      1.868928      6.025884
  H      -6.586489      2.452112      3.355585
  H      -6.246579      1.578126      1.081871
  H      -5.230309     -0.673467      0.758696
  H      -4.402721     -1.934389      2.713734
  H      -4.706230     -1.032262      4.986829
  N     -10.904182     -2.250822    -25.591440
  O     -10.593661     -2.131479    -24.523570
  O     -11.061539     -2.311264    -26.699397
18
Coordinates from ORCA-job e_c_13 E -476.261366283619
  C      -5.665983      0.774356      4.338897
  C      -6.110344      1.489839      3.221504
  C      -5.945759      0.987266      1.940139
  C      -5.335523     -0.251468      1.750624
  C      -4.883342     -0.973697      2.850655
  C      -5.043686     -0.463442      4.130153
  C      -5.823434      1.330829      5.719456
  H      -5.966257      0.537019      6.454036
  H      -6.669805      2.014928      5.777446
  H      -4.927613      1.887286      6.013376
  H      -6.592105      2.449590      3.364869
  H      -6.274850      1.568592      1.086866
  H      -5.252247     -0.672932      0.757282
  H      -4.411674     -1.937719      2.709186
  H      -4.693234     -1.030161      4.983997
  N     -10.906959     -2.246546    -25.599521
  O     -10.600863     -2.124807    -24.528594
  O     -11.040378     -2.321646    -26.709933
18
Coordinates from ORCA-job e_c_13 E -476.261858359559
  C      -5.658263      0.773532      4.341252
  C      -6.117597      1.487593      3.228426
  C      -5.968536      0.982703      1.946032
  C      -5.360639     -0.257102      1.751996
  C      -4.895788     -0.978131      2.847422
  C      -5.041193     -0.464963      4.128418
  C      -5.797595      1.336252      5.722952
  H      -5.906732      0.546529      6.467059
  H      -6.657281      2.003226      5.792691
  H      -4.910795      1.919998      5.990711
  H      -6.597619      2.447536      3.376961
  H      -6.313887      1.556763      1.094725
  H      -5.280805     -0.671554      0.755188
  H      -4.426630     -1.942888      2.702795
  H      -4.679944     -1.029825      4.979199
  N     -10.908516     -2.242963    -25.608847
  O     -10.604899     -2.118491    -24.535447
  O     -11.017338     -2.330927    -26.721098
18
Coordinates from ORCA-job e_c_13 E -476.262401886304
  C      -5.648980      0.772622      4.343862
  C      -6.125372      1.485467      3.236651
  C      -5.995607      0.977770      1.953350
  C      -5.391344     -0.263518      1.753467
  C      -4.912430     -0.983778      2.843210
  C      -5.039480     -0.467414      4.125776
  C      -5.765817      1.342767      5.726150
  H      -5.826246      0.558590      6.480909
  H      -6.644965      1.982623      5.813759
  H      -4.894668      1.963986      5.959521
  H      -6.602457      2.446017      3.391250
  H      -6.360502      1.543650      1.105143
  H      -5.315120     -0.669372      0.752639
  H      -4.446761     -1.949605      2.694676
  H      -4.666331     -1.030976      4.972459
  N     -10.909906     -2.239202    -25.618017
  O     -10.606964     -2.111574    -24.542808
  O     -10.991105     -2.340766    -26.731559
18
Coordinates from ORCA-job e_c_13 E -476.262983711463
  C      -5.638341      0.771656      4.346239
  C      -6.133044      1.483624      3.245606
  C      -6.025426      0.972822      1.961640
  C      -5.426163     -0.270324      1.754901
  C      -4.932227     -0.990225      2.838003
  C      -5.038299     -0.470533      4.122089
  C      -5.729975      1.349737      5.728532
  H      -5.730606      0.573333      6.492936
  H      -6.631949      1.954274      5.839531
  H      -4.881814      2.015169      5.922331
  H      -6.606160      2.445136      3.406907
  H      -6.412032      1.529982      1.117680
  H      -5.353843     -0.666363      0.749680
  H      -4.470903     -1.957412      2.684983
  H      -4.652551     -1.033319      4.963791
  N     -10.911684     -2.234285    -25.625628
  O     -10.607750     -2.102988    -24.549294
  O     -10.961286     -2.352996    -26.739491
18
Coordinates from ORCA-job e_c_13 E -476.263590077689
  C      -5.626594      0.770689      4.348094
  C      -6.140188      1.482458      3.255086
  C      -6.056843      0.968650      1.970674
  C      -5.463647     -0.276486      1.755985
  C      -4.954130     -0.996648      2.831472
  C      -5.037497     -0.474051      4.117042
  C      -5.691683      1.356113      5.730109
  H      -5.626828      0.589611      6.501026
  H      -6.616544      1.920131      5.869112
  H      -4.872929      2.067763      5.883111
  H      -6.608426      2.445214      3.423650
  H      -6.466435      1.517132      1.132281
  H      -5.395620     -0.661809      0.746140
  H      -4.497757     -1.965334      2.673319
  H      -4.638879     -1.036829      4.952876
  N     -10.914347     -2.227505    -25.631296
  O     -10.607920     -2.091850    -24.554522
  O     -10.927787     -2.369963    -26.743723
18
Coordinates from ORCA-job e_c_13 E -476.264194844704
  C      -5.614166      0.769787      4.350142
  C      -6.146891      1.482039      3.265657
  C      -6.088945      0.965731      1.981035
  C      -5.502452     -0.281192      1.757385
  C      -4.976972     -1.002275      2.824380
  C      -5.036459     -0.477498      4.111280
  C      -5.652284      1.361174      5.731642
  H      -5.522015      0.606115      6.504930
  H      -6.597027      1.883570      5.901473
  H      -4.866680      2.116368      5.845927
  H      -6.609769      2.446103      3.441880
  H      -6.521868      1.506071      1.149475
  H      -5.439022     -0.655245      0.742897
  H      -4.525628     -1.972324      2.660366
  H      -4.624809     -1.041004      4.940376
  N     -10.918645     -2.217960    -25.639056
  O     -10.608608     -2.077109    -24.562528
  O     -10.891814     -2.395064    -26.746826
18
Coordinates from ORCA-job e_c_13 E -476.264712891078
  C      -5.603648      0.769155      4.351681
  C      -6.154252      1.482407      3.275989
  C      -6.118984      0.965221      1.991132
  C      -5.536778     -0.282075      1.757613
  C      -4.996545     -1.004898      2.816177
  C      -5.035005     -0.480101      4.104190
  C      -5.617584      1.362899      5.733084
  H      -5.439249      0.615683      6.504165
  H      -6.573228      1.855963      5.930374
  H      -4.855772      2.145772      5.820017
  H      -6.612464      2.447351      3.459618
  H      -6.572156      1.500198      1.167282
  H      -5.477868     -0.646405      0.739249
  H      -4.548501     -1.975337      2.645596
  H      -4.611435     -1.045176      4.926251
  N     -10.921203     -2.202534    -25.647087
  O     -10.609151     -2.056152    -24.570695
  O     -10.860232     -2.434684    -26.744199
18
Coordinates from ORCA-job e_c_13 E -476.265068953533
  C      -5.598816      0.768690      4.351151
  C      -6.162382      1.483535      3.282958
  C      -6.141339      0.968248      1.997208
  C      -5.557647     -0.276899      1.753830
  C      -5.007139     -1.002334      2.805936
  C      -5.034017     -0.481245      4.095229
  C      -5.596457      1.359378      5.734066
  H      -5.404857      0.609840      6.500191
  H      -6.550634      1.848565      5.947281
  H      -4.834192      2.142731      5.813948
  H      -6.618252      2.448360      3.472704
  H      -6.606892      1.503276      1.180608
  H      -5.502453     -0.635994      0.733315
  H      -4.559015     -1.971562      2.628786
  H      -4.602494     -1.048843      4.911498
  N     -10.913917     -2.181732    -25.648459
  O     -10.604794     -2.031210    -24.570879
  O     -10.848760     -2.485518    -26.728934
18
Coordinates from ORCA-job e_c_13 E -476.265344551196
  C      -5.596830      0.768015      4.351258
  C      -6.169914      1.485121      3.289643
  C      -6.158543      0.973455      2.002561
  C      -5.571637     -0.268694      1.749565
  C      -5.013277     -0.997270      2.796081
  C      -5.032909     -0.481582      4.086808
  C      -5.582240      1.353194      5.736168
  H      -5.391889      0.597260      6.496838
  H      -6.530312      1.849006      5.959549
  H      -4.809440      2.126149      5.816951
  H      -6.625042      2.449074      3.485154
  H      -6.632277      1.511289      1.192655
  H      -5.519896     -0.624643      0.727791
  H      -4.563836     -1.964626      2.612177
  H      -4.595700     -1.052083      4.898036
  N     -10.898854     -2.160955    -25.653504
  O     -10.594658     -2.007116    -24.574234
  O     -10.856800     -2.538306    -26.713061
18
Coordinates from ORCA-job e_c_13 E -476.265603454366
  C      -5.594919      0.767022      4.352954
  C      -6.176378      1.487414      3.298102
  C      -6.174051      0.980657      2.009369
  C      -5.584963     -0.258698      1.746185
  C      -5.019093     -0.991232      2.786579
  C      -5.031492     -0.481860      4.078965
  C      -5.568946      1.345279      5.739928
  H      -5.379785      0.582753      6.494654
  H      -6.510990      1.847220      5.973224
  H      -4.786060      2.107936      5.822008
  H      -6.631121      2.450120      3.500181
  H      -6.654985      1.522378      1.206336
  H      -5.537239     -0.611461      0.723230
  H      -4.568760     -1.956664      2.594998
  H      -4.589156     -1.055736      4.884967
  N     -10.878024     -2.142163    -25.666168
  O     -10.578587     -1.984712    -24.585364
  O     -10.879508     -2.590968    -26.699711
18
Coordinates from ORCA-job e_c_13 E -476.265935556470
  C      -5.592215      0.764894      4.348152
  C      -6.182467      1.490505      3.301647
  C      -6.192744      0.990064      2.010929
  C      -5.605730     -0.247731      1.735281
  C      -5.031935     -0.986310      2.767772
  C      -5.032809     -0.484152      4.062141
  C      -5.551675      1.334863      5.737159
  H      -5.342124      0.569094      6.483242
  H      -6.494647      1.824969      5.990087
  H      -4.772916      2.102227      5.813217
  H      -6.634257      2.452703      3.512312
  H      -6.681060      1.537234      1.215919
  H      -5.563726     -0.595836      0.710612
  H      -4.583322     -1.950497      2.566334
  H      -4.584832     -1.062508      4.861677
  N     -10.848169     -2.121869    -25.645600
  O     -10.550327     -1.958849    -24.564715
  O     -10.899100     -2.641514    -26.645730
