18
Coordinates from ORCA-job e_c_13
  C   -5.58920117172344      0.76032024925136      4.35377056151442
  C   -6.17627399218913      1.50723782185970      3.31167629278556
  C   -6.19149281404421      1.02506699619361      2.01977083925576
  C   -5.61588631883498     -0.21899466387013      1.73124143784200
  C   -5.03947435728520     -0.97745097599623      2.75570308847712
  C   -5.02962182773804     -0.49281006334661      4.04985796376316
  C   -5.55028377043875      1.30450761925183      5.74249784986873
  H   -5.31436526158258      0.53341539856584      6.47371220749810
  H   -6.50042475837673      1.77165560202254      6.01057790708862
  H   -4.78475147593653      2.08524372750741      5.82034769430898
  H   -6.62353207129577      2.46751059729523      3.53613109392918
  H   -6.67026029675231      1.59135558179473      1.23152902139801
  H   -5.58555891807941     -0.56655461927293      0.70737742154302
  H   -4.59913001534369     -1.94085524416557      2.53650706880280
  H   -4.58471223965891     -1.08040618472230      4.84241504065205
  N   -10.84740920007235     -2.10473171290756    -25.66181114935455
  O   -10.53302363700431     -1.92988324899868    -24.57326763950300
  O   -10.90865312077074     -2.71734024380572    -26.62759987232879
