14
Coordinates from ORCA-job opt E -345.137953783411
  C      -7.641270      1.068880     -0.000000
  C      -8.791000      0.257780     -0.000000
  C      -8.670140     -1.135630     -0.000000
  C      -7.405350     -1.729560     -0.000000
  C      -6.258650     -0.931140      0.000000
  C      -6.374400      0.462650     -0.000000
  H      -9.779980      0.698860     -0.000000
  H      -9.557670     -1.755190     -0.000000
  H      -7.313890     -2.808040      0.000000
  H      -5.279400     -1.392240      0.000000
  H      -5.475610      1.067300     -0.000000
  C      -7.744150      2.543080     -0.000000
  O      -8.831070      3.099740     -0.000000
  H      -6.843570      3.149310     -0.000000
14
Coordinates from ORCA-job opt E -345.140054557535
  C      -7.645412      1.062508     -0.000000
  C      -8.793658      0.255229     -0.000000
  C      -8.670911     -1.134247     -0.000000
  C      -7.402457     -1.728714      0.000000
  C      -6.254624     -0.930478      0.000000
  C      -6.376073      0.461022     -0.000000
  H      -9.784306      0.714129     -0.000000
  H      -9.567189     -1.759308      0.000000
  H      -7.309397     -2.817906      0.000000
  H      -5.264881     -1.393934     -0.000000
  H      -5.474311      1.080401     -0.000000
  C      -7.764517      2.538073     -0.000000
  O      -8.835873      3.114540      0.000000
  H      -6.822541      3.134484      0.000000
14
Coordinates from ORCA-job opt E -345.140575619198
  C      -7.647643      1.058171      0.000000
  C      -8.796087      0.252135      0.000000
  C      -8.671624     -1.135068      0.000000
  C      -7.400689     -1.727227     -0.000000
  C      -6.252414     -0.928353     -0.000000
  C      -6.377389      0.461859      0.000000
  H      -9.780862      0.726925      0.000000
  H      -9.568171     -1.762581      0.000000
  H      -7.306221     -2.817825     -0.000000
  H      -5.260807     -1.390960     -0.000000
  H      -5.480490      1.091386      0.000000
  C      -7.778670      2.534175      0.000000
  O      -8.834625      3.127077     -0.000001
  H      -6.810460      3.106085      0.000000
14
Coordinates from ORCA-job opt E -345.140656296767
  C      -7.648627      1.056973     -0.000001
  C      -8.797878      0.249980     -0.000000
  C      -8.672378     -1.136952      0.000000
  C      -7.400310     -1.726320      0.000000
  C      -6.252380     -0.926780     -0.000000
  C      -6.378136      0.463465     -0.000000
  H      -9.778203      0.732685     -0.000001
  H      -9.566741     -1.766177      0.000000
  H      -7.304705     -2.815916      0.000001
  H      -5.261511     -1.388753      0.000000
  H      -5.485270      1.097359     -0.000001
  C      -7.782238      2.533612     -0.000001
  O      -8.832903      3.132348      0.000001
  H      -6.804871      3.090276      0.000002
14
Coordinates from ORCA-job opt E -345.140668941666
  C      -7.649137      1.056818      0.000004
  C      -8.798753      0.249066      0.000002
  C      -8.672870     -1.137907     -0.000000
  C      -7.400302     -1.725809     -0.000002
  C      -6.252719     -0.926157     -0.000000
  C      -6.378394      0.464317      0.000003
  H      -9.777169      0.734871      0.000004
  H      -9.565815     -1.768257     -0.000001
  H      -7.304142     -2.814858     -0.000004
  H      -5.262420     -1.388207     -0.000001
  H      -5.487181      1.099655      0.000004
  C      -7.781797      2.533941      0.000008
  O      -8.832255      3.133035     -0.000008
  H      -6.803196      3.085292     -0.000008
14
Coordinates from ORCA-job opt E -345.140670992686
  C      -7.649443      1.056754     -0.000025
  C      -8.799097      0.248773     -0.000015
  C      -8.673132     -1.138145      0.000002
  C      -7.400307     -1.725538      0.000010
  C      -6.252859     -0.926011      0.000001
  C      -6.378450      0.464570     -0.000015
  H      -9.776783      0.735943     -0.000023
  H      -9.565468     -1.769178      0.000009
  H      -7.303977     -2.814502      0.000023
  H      -5.262766     -1.388352      0.000006
  H      -5.487726      1.100416     -0.000023
  C      -7.781078      2.534125     -0.000048
  O      -8.832213      3.132433      0.000047
  H      -6.802851      3.084510      0.000052
14
Coordinates from ORCA-job opt E -345.140671177436
  C      -7.649551      1.056675      0.000145
  C      -8.799164      0.248728      0.000089
  C      -8.673217     -1.138117     -0.000009
  C      -7.400300     -1.725455     -0.000057
  C      -6.252839     -0.926034     -0.000004
  C      -6.378437      0.464556      0.000091
  H      -9.776611      0.736463      0.000134
  H      -9.565381     -1.769449     -0.000048
  H      -7.303988     -2.814466     -0.000134
  H      -5.262794     -1.388575     -0.000041
  H      -5.487781      1.100554      0.000134
  C      -7.780870      2.534111      0.000280
  O      -8.832326      3.131991     -0.000282
  H      -6.802892      3.084819     -0.000298
