18
Coordinates from ORCA-job para_p_opt_6
  C   -5.47247291908851      1.08928390478327      0.18976939794170
  C   -6.52694354462961      1.69843786750724     -0.55389122554337
  C   -7.35509395009144      0.94298970747731     -1.36079605497870
  C   -7.12712852228361     -0.44513638940882     -1.43274183691930
  C   -6.09742103019279     -1.08992631900520     -0.71928240542627
  C   -5.28100969880427     -0.31996233010006      0.08614448049141
  C   -4.60917196867602      1.90681743925734      1.08012331445990
  H   -5.08497523649505      1.97886131468829      2.08155735094001
  H   -4.50125905141617      2.94025628654964      0.71674978466051
  H   -3.61936493655216      1.45273649377261      1.23399838184151
  H   -6.67524212826643      2.77821566411391     -0.48144221369583
  H   -8.17137891155682      1.38744752411896     -1.93182362971838
  H   -5.96188983053334     -2.16751397467471     -0.82125014800690
  H   -4.47389969482207     -0.79123187522136      0.65140140746749
  N   -7.99408648966311     -1.25124746121600     -2.28828138851225
  O   -7.47834001095786     -2.18692729919549     -2.87242162942676
  O   -9.16543635235803     -0.92582399651846     -2.35290876009599
  H   -16.08400572361221     -8.55362655692848    -12.83421482547868
