18
Coordinates from ORCA-job para_p_opt_6 E -475.568056979102
  C      -5.871550      0.942750      0.124570
  C      -6.866100      1.476480     -0.737880
  C      -7.407720      0.710050     -1.754920
  C      -6.943280     -0.612950     -1.916600
  C      -5.956720     -1.183280     -1.090540
  C      -5.431100     -0.406430     -0.077570
  C      -5.278540      1.741550      1.229820
  H      -5.649820      1.239570      2.325470
  H      -5.601190      2.899250      1.122150
  H      -4.007160      1.577270      1.194190
  H      -7.203390      2.504950     -0.591510
  H      -8.178440      1.097040     -2.423410
  H      -5.627570     -2.208830     -1.267370
  H      -4.664380     -0.819750      0.582990
  N      -7.520240     -1.427320     -2.983430
  O      -6.778650     -2.203610     -3.556650
  O      -8.706760     -1.268580     -3.215280
  H     -13.986510     -5.614510     -8.573340
18
Coordinates from ORCA-job para_p_opt_6 E -475.593318214581
  C      -5.865572      0.939099      0.126698
  C      -6.861514      1.473798     -0.735019
  C      -7.404428      0.708666     -1.750924
  C      -6.941183     -0.613544     -1.913818
  C      -5.954279     -1.184984     -1.089423
  C      -5.426761     -0.409756     -0.076628
  C      -5.277236      1.741532      1.228203
  H      -5.615523      1.286505      2.251375
  H      -5.573579      2.834000      1.147213
  H      -4.108164      1.607233      1.213693
  H      -7.198379      2.502315     -0.588335
  H      -8.175550      1.096402     -2.418107
  H      -5.626048     -2.210142     -1.267500
  H      -4.659902     -0.823927      0.582435
  N      -7.519346     -1.426633     -2.980783
  O      -6.778108     -2.202621     -3.554211
  O      -8.705433     -1.266888     -3.211946
  H     -13.988117     -5.607409     -8.572232
18
Coordinates from ORCA-job para_p_opt_6 E -475.597445106310
  C      -5.855296      0.932496      0.127440
  C      -6.854119      1.469510     -0.732229
  C      -7.401483      0.706947     -1.746490
  C      -6.940993     -0.615570     -1.911044
  C      -5.952686     -1.189096     -1.088999
  C      -5.420527     -0.415599     -0.077378
  C      -5.269631      1.739914      1.229571
  H      -5.583180      1.333885      2.179817
  H      -5.551096      2.785637      1.175768
  H      -4.210749      1.643655      1.234522
  H      -7.188685      2.498562     -0.584606
  H      -8.173567      1.096688     -2.411307
  H      -5.626433     -2.214468     -1.268528
  H      -4.652689     -0.831704      0.579181
  N      -7.520884     -1.426815     -2.978145
  O      -6.780108     -2.202323     -3.552757
  O      -8.706627     -1.266358     -3.208795
  H     -13.990366     -5.601709     -8.575330
18
Coordinates from ORCA-job para_p_opt_6 E -475.599143209128
  C      -5.855774      0.934004      0.124552
  C      -6.855195      1.470699     -0.734510
  C      -7.404122      0.707374     -1.747459
  C      -6.944281     -0.615542     -1.910960
  C      -5.955585     -1.188706     -1.088966
  C      -5.422122     -0.414314     -0.078622
  C      -5.270954      1.740572      1.227556
  H      -5.596142      1.322041      2.204653
  H      -5.560361      2.795369      1.174859
  H      -4.159973      1.644690      1.231288
  H      -7.188744      2.500193     -0.587699
  H      -8.176529      1.096826     -2.412030
  H      -5.629854     -2.214358     -1.267727
  H      -4.654074     -0.830161      0.577802
  N      -7.523699     -1.427090     -2.977939
  O      -6.782664     -2.203077     -3.551721
  O      -8.709220     -1.266511     -3.209678
  H     -13.989828     -5.608359     -8.582709
18
Coordinates from ORCA-job para_p_opt_6 E -475.599258107945
  C      -5.850074      0.934798      0.126891
  C      -6.849672      1.472539     -0.731821
  C      -7.400347      0.709609     -1.744015
  C      -6.941712     -0.613700     -1.907338
  C      -5.952548     -1.187389     -1.085954
  C      -5.417396     -0.413202     -0.076266
  C      -5.266273      1.741526      1.229820
  H      -5.591797      1.324853      2.207359
  H      -5.559833      2.799717      1.182061
  H      -4.165242      1.654548      1.234982
  H      -7.181784      2.502507     -0.585134
  H      -8.173007      1.099560     -2.407989
  H      -5.627868     -2.213389     -1.264617
  H      -4.649039     -0.829507      0.579476
  N      -7.521450     -1.424955     -2.974250
  O      -6.780307     -2.200963     -3.548061
  O      -8.706811     -1.264095     -3.206373
  H     -14.043960     -5.648806     -8.638082
18
Coordinates from ORCA-job para_p_opt_6 E -475.599295259246
  C      -5.845702      0.936079      0.129872
  C      -6.845514      1.474758     -0.728551
  C      -7.397429      0.712331     -1.740382
  C      -6.939730     -0.611223     -1.903648
  C      -5.950219     -1.185424     -1.082737
  C      -5.413714     -0.411567     -0.073435
  C      -5.262080      1.742886      1.232286
  H      -5.588381      1.330327      2.207251
  H      -5.557319      2.798739      1.188302
  H      -4.161295      1.662002      1.239519
  H      -7.176435      2.505067     -0.581770
  H      -8.170246      1.102743     -2.403900
  H      -5.626465     -2.211717     -1.261383
  H      -4.645147     -0.828386      0.581718
  N      -7.519737     -1.422257     -2.970485
  O      -6.778404     -2.198136     -3.544412
  O      -8.704946     -1.261366     -3.202969
  H     -14.096355     -5.691206     -8.694587
18
Coordinates from ORCA-job para_p_opt_6 E -475.599319881155
  C      -5.841681      0.938004      0.132781
  C      -6.841646      1.477253     -0.725410
  C      -7.394309      0.715140     -1.737061
  C      -6.937195     -0.608533     -1.900353
  C      -5.947589     -1.183148     -1.079688
  C      -5.410297     -0.409582     -0.070532
  C      -5.258184      1.744650      1.234973
  H      -5.585985      1.333060      2.211293
  H      -5.554418      2.800399      1.192296
  H      -4.156979      1.666343      1.243207
  H      -7.171876      2.507742     -0.578420
  H      -8.167189      1.105867     -2.400324
  H      -5.624488     -2.209641     -1.258354
  H      -4.641722     -0.826829      0.584318
  N      -7.517537     -1.419433     -2.967066
  O      -6.776160     -2.195270     -3.541126
  O      -8.702654     -1.258490     -3.199666
  H     -14.149210     -5.733881     -8.750178
18
Coordinates from ORCA-job para_p_opt_6 E -475.599341400542
  C      -5.837787      0.939986      0.135925
  C      -6.837933      1.479856     -0.721892
  C      -7.391381      0.718156     -1.733428
  C      -6.934909     -0.605622     -1.896953
  C      -5.945221     -1.180786     -1.076667
  C      -5.407100     -0.407649     -0.067594
  C      -5.253943      1.746414      1.237795
  H      -5.583049      1.336129      2.214583
  H      -5.550246      2.802855      1.195338
  H      -4.152062      1.668639      1.246995
  H      -7.167491      2.510499     -0.574502
  H      -8.164342      1.109291     -2.396356
  H      -5.622797     -2.207454     -1.255547
  H      -4.638517     -0.825441      0.586880
  N      -7.515863     -1.416256     -2.963521
  O      -6.774644     -2.192100     -3.537906
  O      -8.700916     -1.255164     -3.195966
  H     -14.200918     -5.777705     -8.806494
18
Coordinates from ORCA-job para_p_opt_6 E -475.599362357714
  C      -5.833960      0.942185      0.139087
  C      -6.834316      1.482596     -0.718271
  C      -7.388582      0.721271     -1.729643
  C      -6.932751     -0.602626     -1.893467
  C      -5.942961     -1.178325     -1.073628
  C      -5.403997     -0.405580     -0.064696
  C      -5.249518      1.748371      1.240716
  H      -5.579880      1.339239      2.217918
  H      -5.544806      2.804995      1.197777
  H      -4.147631      1.669737      1.250713
  H      -7.163257      2.513380     -0.570491
  H      -8.161658      1.112817     -2.392199
  H      -5.621149     -2.205138     -1.252780
  H      -4.635355     -0.823879      0.589378
  N      -7.514390     -1.412935     -2.959908
  O      -6.773425     -2.188785     -3.534708
  O      -8.699424     -1.251627     -3.192013
  H     -14.252060     -5.822047     -8.863096
18
Coordinates from ORCA-job para_p_opt_6 E -475.599384069301
  C      -5.829612      0.944389      0.142240
  C      -6.830366      1.485798     -0.714111
  C      -7.386265      0.725169     -1.725113
  C      -6.931729     -0.599017     -1.889595
  C      -5.941695     -1.175748     -1.070745
  C      -5.401079     -0.403717     -0.062152
  C      -5.243618      1.750032      1.243460
  H      -5.575940      1.342815      2.220970
  H      -5.536084      2.807231      1.199005
  H      -4.142016      1.668166      1.254499
  H      -7.158180      2.516844     -0.565638
  H      -8.159630      1.117515     -2.386863
  H      -5.621019     -2.202817     -1.250464
  H      -4.632248     -0.822933      0.591110
  N      -7.514985     -1.408637     -2.955693
  O      -6.774889     -2.184703     -3.531428
  O      -8.700055     -1.246675     -3.186769
  H     -14.299710     -5.870061     -8.922023
18
Coordinates from ORCA-job para_p_opt_6 E -475.599408535171
  C      -5.822323      0.946315      0.145072
  C      -6.824491      1.491185     -0.707486
  C      -7.386413      0.732869     -1.716891
  C      -6.936592     -0.592518     -1.883701
  C      -5.945519     -1.172806     -1.068614
  C      -5.398909     -0.403095     -0.061508
  C      -5.230226      1.749895      1.244860
  H      -5.568346      1.348755      2.222638
  H      -5.512074      2.809421      1.195170
  H      -4.130075      1.655421      1.258402
  H      -7.148353      2.523198     -0.556967
  H      -8.160935      1.128016     -2.375625
  H      -5.628787     -2.200765     -1.250229
  H      -4.629172     -0.825282      0.588768
  N      -7.526035     -1.399658     -2.948314
  O      -6.789740     -2.176861     -3.527591
  O      -8.711423     -1.234865     -3.175018
  H     -14.329708     -5.935574     -8.992275
18
Coordinates from ORCA-job para_p_opt_6 E -475.599433393235
  C      -5.813254      0.947808      0.147444
  C      -6.817328      1.497612     -0.699824
  C      -7.387725      0.742520     -1.706860
  C      -6.944570     -0.584636     -1.876756
  C      -5.951963     -1.169822     -1.066979
  C      -5.396924     -0.403269     -0.062083
  C      -5.212937      1.748363      1.245226
  H      -5.559242      1.355877      2.223298
  H      -5.481058      2.811176      1.189798
  H      -4.114665      1.638488      1.262355
  H      -7.135620      2.531000     -0.546814
  H      -8.163852      1.141552     -2.361362
  H      -5.640774     -2.199048     -1.250989
  H      -4.625859     -0.829444      0.584009
  N      -7.542713     -1.388380     -2.939065
  O      -6.811994     -2.167289     -3.523283
  O      -8.728595     -1.219336     -3.159438
  H     -14.350048     -6.009524     -9.067987
18
Coordinates from ORCA-job para_p_opt_6 E -475.599461063827
  C      -5.800087      0.948467      0.148692
  C      -6.807383      1.506558     -0.689485
  C      -7.392177      0.756813     -1.692185
  C      -6.960315     -0.573388     -1.867108
  C      -5.964999     -1.166660     -1.066475
  C      -5.395643     -0.405273     -0.065633
  C      -5.185986      1.743729      1.242917
  H      -5.545889      1.366085      2.221598
  H      -5.431784      2.811686      1.179239
  H      -4.090966      1.609893      1.265918
  H      -7.116361      2.542235     -0.532832
  H      -8.170998      1.162299     -2.339485
  H      -5.663089     -2.197976     -1.254198
  H      -4.622191     -0.837858      0.573302
  N      -7.573282     -1.371498     -2.925121
  O      -6.852536     -2.153397     -3.517808
  O      -8.760091     -1.194886     -3.134182
  H     -14.345345     -6.103177     -9.156464
18
Coordinates from ORCA-job para_p_opt_6 E -475.599490766745
  C      -5.784740      0.948516      0.148880
  C      -6.796102      1.516511     -0.677901
  C      -7.398498      0.773131     -1.674819
  C      -6.980367     -0.560713     -1.855655
  C      -5.981623     -1.163558     -1.066436
  C      -5.394684     -0.408296     -0.071031
  C      -5.153812      1.737257      1.238249
  H      -5.529730      1.378448      2.218141
  H      -5.373471      2.810712      1.165654
  H      -4.062886      1.576627      1.268184
  H      -7.093947      2.554859     -0.517364
  H      -8.180598      1.186279     -2.313254
  H      -5.690888     -2.197321     -1.258312
  H      -4.618154     -0.848312      0.559016
  N      -7.611452     -1.352103     -2.907913
  O      -6.903483     -2.137631     -3.511053
  O      -8.799376     -1.166084     -3.102458
  H     -14.325309     -6.204671     -9.251239
18
Coordinates from ORCA-job para_p_opt_6 E -475.599518661584
  C      -5.771218      0.948819      0.149176
  C      -6.786220      1.525061     -0.667542
  C      -7.403633      0.786988     -1.659139
  C      -6.997185     -0.549848     -1.844908
  C      -5.995503     -1.160678     -1.065638
  C      -5.393434     -0.410546     -0.075282
  C      -5.125681      1.732025      1.233713
  H      -5.514476      1.390115      2.215343
  H      -5.323961      2.809410      1.153972
  H      -4.038248      1.550382      1.269186
  H      -7.074846      2.565549     -0.504025
  H      -8.188507      1.206495     -2.289970
  H      -5.714176     -2.196438     -1.260780
  H      -4.614179     -0.856637      0.547050
  N      -7.643666     -1.335608     -2.891938
  O      -6.947019     -2.124248     -3.503890
  O      -8.832437     -1.141687     -3.073519
  H     -14.314731     -6.295506     -9.341119
18
Coordinates from ORCA-job para_p_opt_6 E -475.599542366319
  C      -5.761685      0.949985      0.150587
  C      -6.779087      1.531233     -0.659663
  C      -7.405857      0.796433     -1.647794
  C      -7.006660     -0.542131     -1.836657
  C      -6.003174     -1.157903     -1.063686
  C      -5.391625     -0.411002     -0.076641
  C      -5.106735      1.729871      1.231681
  H      -5.502763      1.398995      2.214764
  H      -5.291725      2.809255      1.146765
  H      -4.021709      1.535046      1.270331
  H      -7.062087      2.572958     -0.494161
  H      -8.192519      1.219809     -2.273800
  H      -5.727695     -2.194858     -1.260841
  H      -4.610685     -0.860876      0.540816
  N      -7.662753     -1.324429     -2.880325
  O      -6.973131     -2.114950     -3.497677
  O      -8.851969     -1.125945     -3.053696
  H     -14.327262     -6.367841     -9.419313
18
Coordinates from ORCA-job para_p_opt_6 E -475.599564239339
  C      -5.754336      0.951578      0.152641
  C      -6.773423      1.536126     -0.653189
  C      -7.406507      0.803516     -1.638907
  C      -7.012159     -0.536131     -1.829842
  C      -6.007441     -1.155213     -1.061147
  C      -5.389493     -0.410489     -0.076423
  C      -5.092892      1.729402      1.231195
  H      -5.493135      1.406159      2.215334
  H      -5.268917      2.809955      1.142246
  H      -4.009689      1.525480      1.271734
  H      -7.052610      2.578651     -0.486214
  H      -8.194444      1.229440     -2.261583
  H      -5.735913     -2.192949     -1.259678
  H      -4.607416     -0.862928      0.537699
  N      -7.674720     -1.316109     -2.871204
  O      -6.989626     -2.107834     -3.492058
  O      -8.864173     -1.114808     -3.039180
  H     -14.352226     -6.430196     -9.490734
18
Coordinates from ORCA-job para_p_opt_6 E -475.599585271656
  C      -5.748038      0.953356      0.154978
  C      -6.768441      1.540411     -0.647441
  C      -7.406384      0.809470     -1.631250
  C      -7.015742     -0.530987     -1.823740
  C      -6.010059     -1.152591     -1.058334
  C      -5.387202     -0.409508     -0.075457
  C      -5.081563      1.729707      1.231488
  H      -5.484568      1.412307      2.216436
  H      -5.250809      2.811092      1.139320
  H      -3.999832      1.518868      1.273181
  H      -7.044668      2.583543     -0.479297
  H      -8.195339      1.237314     -2.251323
  H      -5.741576     -2.190920     -1.257900
  H      -4.604241     -0.863901      0.536086
  N      -7.683244     -1.309169     -2.863323
  O      -7.001444     -2.101825     -3.486668
  O      -8.872826     -1.105809     -3.027320
  H     -14.383145     -6.487709     -9.558746
18
Coordinates from ORCA-job para_p_opt_6 E -475.599605593084
  C      -5.742662      0.955317      0.157560
  C      -6.764008      1.544198     -0.642400
  C      -7.405477      0.814460     -1.624796
  C      -7.017528     -0.526588     -1.818376
  C      -6.011136     -1.150012     -1.055338
  C      -5.384730     -0.408089     -0.073835
  C      -5.072566      1.730630      1.232596
  H      -5.477329      1.417321      2.218103
  H      -5.237006      2.812599      1.138200
  H      -3.991899      1.514926      1.274892
  H      -7.038058      2.587772     -0.473416
  H      -8.195181      1.243687     -2.242963
  H      -5.744887     -2.188773     -1.255627
  H      -4.601132     -0.863889      0.535840
  N      -7.688605     -1.303447     -2.856672
  O      -7.009101     -2.096807     -3.481701
  O      -8.878235     -1.098565     -3.017933
  H     -14.419580     -6.541091     -9.623444
18
Coordinates from ORCA-job para_p_opt_6 E -475.599625368703
  C      -5.737981      0.957431      0.160336
  C      -6.759961      1.547639     -0.637900
  C      -7.403933      0.818768     -1.619291
  C      -7.017926     -0.522715     -1.813622
  C      -6.011047     -1.147440     -1.052253
  C      -5.382124     -0.406341     -0.071728
  C      -5.065344      1.731967      1.234378
  H      -5.471268      1.421370      2.220245
  H      -5.226448      2.814345      1.138593
  H      -3.985405      1.512936      1.276950
  H      -7.032439      2.591534     -0.468350
  H      -8.194148      1.248992     -2.236113
  H      -5.746415     -2.186514     -1.253046
  H      -4.598085     -0.863149      0.536624
  N      -7.691544     -1.298607     -2.851012
  O      -7.013688     -2.092514     -3.477196
  O      -8.881170     -1.092514     -3.010433
  H     -14.460196     -6.591537     -9.685493
18
Coordinates from ORCA-job para_p_opt_6 E -475.599644748097
  C      -5.733842      0.959664      0.163282
  C      -6.756193      1.550838     -0.633799
  C      -7.401871      0.822598     -1.614533
  C      -7.017245     -0.519200     -1.809379
  C      -6.010081     -1.144857     -1.049137
  C      -5.379439     -0.404360     -0.069252
  C      -5.059476      1.733582      1.236713
  H      -5.466148      1.424628      2.222784
  H      -5.218368      2.816240      1.140186
  H      -3.980011      1.512368      1.279367
  H      -7.027572      2.594960     -0.463881
  H      -8.192388      1.253547     -2.230461
  H      -5.746594     -2.184152     -1.250291
  H      -4.595131     -0.861895      0.538205
  N      -7.692610     -1.294387     -2.846171
  O      -7.015963     -2.088742     -3.473122
  O      -8.882200     -1.087291     -3.004401
  H     -14.503989     -6.639891     -9.745421
18
Coordinates from ORCA-job para_p_opt_6 E -475.599663818700
  C      -5.730122      0.961983      0.166377
  C      -6.752622      1.553868     -0.629984
  C      -7.399393      0.826108     -1.610356
  C      -7.015742     -0.515915     -1.805560
  C      -6.008474     -1.142257     -1.046027
  C      -5.376723     -0.402223     -0.066498
  C      -5.054631      1.735375      1.239499
  H      -5.461721      1.427246      2.225655
  H      -5.212172      2.818220      1.142712
  H      -3.975452      1.512828      1.282102
  H      -7.023253      2.598147     -0.459833
  H      -8.190039      1.257599     -2.225738
  H      -5.745780     -2.181701     -1.247448
  H      -4.592296     -0.860294      0.540400
  N      -7.692254     -1.290579     -2.842004
  O      -7.016501     -2.085319     -3.469430
  O      -8.881791     -1.082641     -2.999502
  H     -14.550156     -6.686794     -9.803675
18
Coordinates from ORCA-job para_p_opt_6 E -475.599683125233
  C      -5.725712      0.964169      0.169236
  C      -6.748575      1.557312     -0.625684
  C      -7.397473      0.830394     -1.605275
  C      -7.015628     -0.512060     -1.801154
  C      -6.008088     -1.139632     -1.043033
  C      -5.374189     -0.400412     -0.064261
  C      -5.048005      1.736626      1.241658
  H      -5.455993      1.430340      2.228003
  H      -5.202838      2.819819      1.144144
  H      -3.969436      1.511348      1.284346
  H      -7.017834      2.601884     -0.455153
  H      -8.188423      1.262858     -2.219582
  H      -5.746828     -2.179347     -1.244915
  H      -4.589461     -0.859415      0.541543
  N      -7.694358     -1.285809     -2.836842
  O      -7.020400     -2.081185     -3.465357
  O      -8.883885     -1.076385     -2.992640
  H     -14.591995     -6.736854     -9.864345
18
Coordinates from ORCA-job para_p_opt_6 E -475.599701142720
  C      -5.723597      0.966749      0.172931
  C      -6.745874      1.559587     -0.622928
  C      -7.393543      0.832531     -1.603245
  C      -7.011030     -0.509758     -1.798873
  C      -6.004001     -1.137029     -1.039844
  C      -5.371323     -0.397691     -0.060377
  C      -5.047107      1.739291      1.246048
  H      -5.454080      1.431063      2.232216
  H      -5.203936      2.822290      1.149745
  H      -3.968059      1.516001      1.288156
  H      -7.015697      2.604033     -0.452521
  H      -8.184058      1.264759     -2.218277
  H      -5.742188     -2.176630     -1.241603
  H      -4.587029     -0.856488      0.546143
  N      -7.688550     -1.283709     -2.835212
  O      -7.013831     -2.079062     -3.462899
  O      -8.877948     -1.074568     -2.992241
  H     -14.647268     -6.777721     -9.916531
18
Coordinates from ORCA-job para_p_opt_6 E -475.599719180579
  C      -5.721221      0.969264      0.176551
  C      -6.742937      1.562053     -0.620005
  C      -7.389749      0.835034     -1.600927
  C      -7.006913     -0.507181     -1.796441
  C      -6.000377     -1.134403     -1.036747
  C      -5.368561     -0.395110     -0.056692
  C      -5.045580      1.741683      1.250308
  H      -5.451726      1.431804      2.236275
  H      -5.203823      2.824552      1.155085
  H      -3.966213      1.519768      1.291876
  H      -7.013051      2.606436     -0.449677
  H      -8.179860      1.267228     -2.216503
  H      -5.738273     -2.173941     -1.238447
  H      -4.584672     -0.853876      0.550379
  N      -7.683675     -1.281138     -2.833289
  O      -7.008547     -2.076480     -3.460544
  O      -8.872995     -1.071985     -2.991065
  H     -14.700947     -6.820058     -9.969447
18
Coordinates from ORCA-job para_p_opt_6 E -475.599737243591
  C      -5.718539      0.971681      0.180087
  C      -6.739759      1.564722     -0.616849
  C      -7.386228      0.837921     -1.598167
  C      -7.003501     -0.504336     -1.793705
  C      -5.997401     -1.131796     -1.033665
  C      -5.365947     -0.392720     -0.053210
  C      -5.043189      1.743793      1.254260
  H      -5.448608      1.432716      2.240113
  H      -5.202249      2.826620      1.159948
  H      -3.963622      1.522675      1.295204
  H      -7.009820      2.609121     -0.446548
  H      -8.175992      1.270307     -2.214052
  H      -5.735319     -2.171336     -1.235392
  H      -4.582388     -0.851650      0.554164
  N      -7.679969     -1.278058     -2.830927
  O      -7.004769     -2.073373     -3.458106
  O      -8.869228     -1.068682     -2.988970
  H     -14.752593     -6.863954    -10.023496
18
Coordinates from ORCA-job para_p_opt_6 E -475.599755369996
  C      -5.715334      0.973987      0.183443
  C      -6.736266      1.567656     -0.613339
  C      -7.383179      0.841304     -1.594701
  C      -7.001159     -0.501134     -1.790458
  C      -5.995358     -1.129213     -1.030565
  C      -5.363482     -0.390578     -0.050044
  C      -5.039452      1.745575      1.257674
  H      -5.444391      1.434084      2.243563
  H      -5.198387      2.828470      1.163887
  H      -3.959888      1.524313      1.297984
  H      -7.005793      2.612177     -0.442941
  H      -8.172753      1.274173     -2.210492
  H      -5.733784     -2.168855     -1.232432
  H      -4.580121     -0.849961      0.557245
  N      -7.678047     -1.274319     -2.827813
  O      -7.003248     -2.069626     -3.455401
  O      -8.867275     -1.064451     -2.985490
  H     -14.801205     -6.909951    -10.079431
18
Coordinates from ORCA-job para_p_opt_6 E -475.599772863491
  C      -5.713281      0.976452      0.187245
  C      -6.733373      1.570081     -0.610615
  C      -7.379016      0.843781     -1.592869
  C      -6.996538     -0.498556     -1.788410
  C      -5.991494     -1.126581     -1.027485
  C      -5.360894     -0.388010     -0.046100
  C      -5.038646      1.747918      1.262352
  H      -5.442176      1.433989      2.248033
  H      -5.199821      2.830603      1.170198
  H      -3.958538      1.528915      1.301685
  H      -7.003305      2.614509     -0.440299
  H      -8.168000      1.276591     -2.209456
  H      -5.729505     -2.166142     -1.229224
  H      -4.578173     -0.847371      0.562034
  N      -7.672196     -1.271736     -2.826573
  O      -6.996529     -2.066737     -3.453598
  O      -8.861322     -1.062224     -2.985370
  H     -14.856311     -6.951830    -10.130859
18
Coordinates from ORCA-job para_p_opt_6 E -475.599790024014
  C      -5.711718      0.978976      0.191238
  C      -6.730738      1.572290     -0.608190
  C      -7.374435      0.845879     -1.591653
  C      -6.991018     -0.496234     -1.786822
  C      -5.986927     -1.123940     -1.024388
  C      -5.358297     -0.385281     -0.041812
  C      -5.039025      1.750479      1.267548
  H      -5.440728      1.433241      2.252896
  H      -5.203367      2.832830      1.177477
  H      -3.958180      1.534654      1.305726
  H      -7.001417      2.616553     -0.438070
  H      -8.162628      1.278437     -2.209431
  H      -5.724131     -2.163338     -1.225914
  H      -4.576377     -0.844420      0.567522
  N      -7.664742     -1.269564     -2.826132
  O      -6.987701     -2.064137     -3.452237
  O      -8.853729     -1.060661     -2.986684
  H     -14.913964     -6.992116    -10.180386
18
Coordinates from ORCA-job para_p_opt_6 E -475.599807331392
  C      -5.709721      0.981379      0.195112
  C      -6.727734      1.574797     -0.605467
  C      -7.370118      0.848562     -1.589932
  C      -6.986345     -0.493476     -1.784939
  C      -5.983150     -1.121266     -1.021413
  C      -5.355853     -0.382791     -0.037851
  C      -5.038309      1.752594      1.272447
  H      -5.438456      1.432552      2.257482
  H      -5.204988      2.834722      1.184292
  H      -3.956919      1.539113      1.309487
  H      -6.998726      2.618991     -0.435432
  H      -8.157584      1.281194     -2.208585
  H      -5.720000     -2.160590     -1.222860
  H      -4.574675     -0.842014      0.572373
  N      -7.658822     -1.266650     -2.825171
  O      -6.981000     -2.060991     -3.450737
  O      -8.847661     -1.057822     -2.986929
  H     -14.969057     -7.034653    -10.231187
18
Coordinates from ORCA-job para_p_opt_6 E -475.599824550231
  C      -5.707757      0.983743      0.199030
  C      -6.724688      1.577345     -0.602730
  C      -7.365746      0.851348     -1.588252
  C      -6.981680     -0.490632     -1.783120
  C      -5.979463     -1.118584     -1.018464
  C      -5.353510     -0.380357     -0.033865
  C      -5.037608      1.754594      1.277424
  H      -5.436030      1.431556      2.262144
  H      -5.206772      2.836490      1.191372
  H      -3.955638      1.543612      1.313175
  H      -6.995955      2.621480     -0.432771
  H      -8.152415      1.284122     -2.207818
  H      -5.715995     -2.157839     -1.219860
  H      -4.573125     -0.839720      0.577269
  N      -7.652851     -1.263570     -2.824368
  O      -6.974261     -2.057734     -3.449306
  O      -8.841501     -1.054716     -2.987467
  H     -15.024127     -7.077489    -10.281702
18
Coordinates from ORCA-job para_p_opt_6 E -475.599841825132
  C      -5.705530      0.986016      0.202894
  C      -6.721388      1.580098     -0.599797
  C      -7.361508      0.854551     -1.586273
  C      -6.977544     -0.487467     -1.781149
  C      -5.976318     -1.115879     -1.015601
  C      -5.351312     -0.378104     -0.030066
  C      -5.036226      1.756274      1.282251
  H      -5.432982      1.430468      2.266691
  H      -5.207440      2.837990      1.198260
  H      -3.953769      1.547347      1.316645
  H      -6.992633      2.624230     -0.429820
  H      -8.147400      1.287697     -2.206566
  H      -5.712852     -2.155125     -1.217039
  H      -4.571713     -0.837835      0.581803
  N      -7.647820     -1.259949     -2.823328
  O      -6.968813     -2.054091     -3.447815
  O      -8.836261     -1.050717     -2.987522
  H     -15.077610     -7.121853    -10.332879
18
Coordinates from ORCA-job para_p_opt_6 E -475.599859081074
  C      -5.703185      0.988207      0.206763
  C      -6.717931      1.582977     -0.596758
  C      -7.357310      0.858030     -1.584172
  C      -6.973684     -0.484076     -1.779145
  C      -5.973508     -1.113156     -1.012802
  C      -5.349248     -0.375984     -0.026348
  C      -5.034501      1.757718      1.287048
  H      -5.429510      1.429162      2.271241
  H      -5.207633      2.839274      1.205188
  H      -3.951585      1.550709      1.319961
  H      -6.988966      2.627149     -0.426692
  H      -8.142395      1.291705     -2.205116
  H      -5.710238     -2.152430     -1.214350
  H      -4.570472     -0.836241      0.586175
  N      -7.643254     -1.255935     -2.822250
  O      -6.964001     -2.050174     -3.446324
  O      -8.831446     -1.046106     -2.987507
  H     -15.130252     -7.167178    -10.384221
18
Coordinates from ORCA-job para_p_opt_6 E -475.599876369846
  C      -5.700612      0.990292      0.210601
  C      -6.714230      1.586046     -0.593548
  C      -7.353211      0.861912     -1.581831
  C      -6.970298     -0.480371     -1.777030
  C      -5.971207     -1.110411     -1.010089
  C      -5.347343     -0.374049     -0.022784
  C      -5.032182      1.758842      1.291735
  H      -5.425432      1.427680      2.275725
  H      -5.206907      2.840282      1.212015
  H      -3.948872      1.553419      1.323052
  H      -6.984757      2.630314     -0.423291
  H      -8.137482      1.296344     -2.203277
  H      -5.708435     -2.149773     -1.211839
  H      -4.569406     -0.835060      0.590245
  N      -7.639521     -1.251384     -2.821000
  O      -6.960312     -2.045868     -3.444795
  O      -8.827430     -1.040640     -2.987152
  H     -15.181485     -7.213924    -10.436046
18
Coordinates from ORCA-job para_p_opt_6 E -475.599893682177
  C      -5.697799      0.992259      0.214407
  C      -6.710273      1.589311     -0.590168
  C      -7.349222      0.866210     -1.579244
  C      -6.967414     -0.476336     -1.774798
  C      -5.969451     -1.107647     -1.007457
  C      -5.345613     -0.372312     -0.019375
  C      -5.029235      1.759630      1.296305
  H      -5.420692      1.425989      2.280142
  H      -5.205231      2.841001      1.218754
  H      -3.945595      1.555464      1.325882
  H      -6.979974      2.633743     -0.419611
  H      -8.132663      1.301638     -2.201037
  H      -5.707498     -2.147156     -1.209507
  H      -4.568538     -0.834318      0.593999
  N      -7.636658     -1.246265     -2.819569
  O      -6.957788     -2.041141     -3.443228
  O      -8.824244     -1.034278     -2.986447
  H     -15.231232     -7.262142    -10.488358
18
Coordinates from ORCA-job para_p_opt_6 E -475.599911011834
  C      -5.694765      0.994102      0.218193
  C      -6.706049      1.592779     -0.586624
  C      -7.345313      0.870946     -1.576437
  C      -6.965017     -0.471957     -1.772475
  C      -5.968244     -1.104861     -1.004913
  C      -5.344079     -0.370781     -0.016111
  C      -5.025689      1.760059      1.300782
  H      -5.415278      1.424003      2.284510
  H      -5.202680      2.841407      1.225480
  H      -3.941770      1.556873      1.328434
  H      -6.974598      2.637439     -0.415657
  H      -8.127896      1.307621     -2.198439
  H      -5.707436     -2.144580     -1.207359
  H      -4.567905     -0.834035      0.597468
  N      -7.634632     -1.240553     -2.818000
  O      -6.956388     -2.035968     -3.441655
  O      -8.821852     -1.026997     -2.985454
  H     -15.279528     -7.311847    -10.541054
18
Coordinates from ORCA-job para_p_opt_6 E -475.599928356188
  C      -5.691473      0.995809      0.221946
  C      -6.701521      1.596475     -0.582901
  C      -7.341497      0.876169     -1.573380
  C      -6.963170     -0.467196     -1.770044
  C      -5.967661     -1.102049     -1.002465
  C      -5.342766     -0.369479     -0.013011
  C      -5.021460      1.760089      1.305148
  H      -5.409102      1.421678      2.288810
  H      -5.199127      2.841465      1.232188
  H      -3.937319      1.557557      1.330665
  H      -6.968551      2.641437     -0.411411
  H      -8.123186      1.314375     -2.195431
  H      -5.708366     -2.142049     -1.205408
  H      -4.567540     -0.834263      0.600613
  N      -7.633563     -1.234184     -2.816263
  O      -6.956277     -2.030289     -3.440085
  O      -8.820374     -1.018689     -2.984091
  H     -15.326164     -7.363205    -10.594191
18
Coordinates from ORCA-job para_p_opt_6 E -475.599945677510
  C      -5.687976      0.997380      0.225689
  C      -6.696699      1.600388     -0.579030
  C      -7.337722      0.881864     -1.570141
  C      -6.961795     -0.462060     -1.767557
  C      -5.967655     -1.099210     -1.000116
  C      -5.341691     -0.368398     -0.010043
  C      -5.016657      1.759718      1.309457
  H      -5.402201      1.418896      2.293084
  H      -5.194794      2.841161      1.239013
  H      -3.932330      1.557633      1.332584
  H      -6.961870      2.645719     -0.406916
  H      -8.118457      1.321872     -2.192119
  H      -5.710216     -2.139555     -1.203652
  H      -4.567484     -0.834987      0.603502
  N      -7.633305     -1.227171     -2.814447
  O      -6.957268     -2.024110     -3.438568
  O      -8.819661     -1.009396     -2.982501
  H     -15.371338     -7.416094    -10.647549
18
Coordinates from ORCA-job para_p_opt_6 E -475.599962978006
  C      -5.684243      0.998801      0.229413
  C      -6.691539      1.604548     -0.574997
  C      -7.333990      0.888093     -1.566695
  C      -6.960958     -0.456502     -1.765006
  C      -5.968308     -1.096340     -0.997879
  C      -5.340890     -0.367570     -0.007230
  C      -5.011193      1.758887      1.313696
  H      -5.394466      1.415582      2.297317
  H      -5.189565      2.840443      1.245969
  H      -3.926723      1.557010      1.334132
  H      -6.954464      2.650323     -0.402150
  H      -8.113702      1.330214     -2.188460
  H      -5.713116     -2.137101     -1.202112
  H      -4.567783     -0.836271      0.606098
  N      -7.633983     -1.219430     -2.812527
  O      -6.959553     -2.017368     -3.437117
  O      -8.819835     -0.998971     -2.980609
  H     -15.414808     -7.470698    -10.701152
18
Coordinates from ORCA-job para_p_opt_6 E -475.599980218516
  C      -5.680348      1.000072      0.233146
  C      -6.686069      1.608930     -0.570841
  C      -7.330234      0.894819     -1.563134
  C      -6.960539     -0.450543     -1.762461
  C      -5.969540     -1.093434     -0.995761
  C      -5.340377     -0.366977     -0.004527
  C      -5.005235      1.757607      1.317938
  H      -5.385961      1.411596      2.301566
  H      -5.183762      2.839297      1.253227
  H      -3.920631      1.555866      1.335327
  H      -6.946407      2.655213     -0.397171
  H      -8.108819      1.339341     -2.184601
  H      -5.716939     -2.134672     -1.200780
  H      -4.568484     -0.838076      0.608497
  N      -7.635384     -1.210997     -2.810622
  O      -6.962851     -2.010089     -3.435786
  O      -8.820672     -0.987491     -2.978622
  H     -15.456869     -7.526812    -10.754705
18
Coordinates from ORCA-job para_p_opt_6 E -475.599997392975
  C      -5.676230      1.001187      0.236854
  C      -6.680248      1.613558     -0.566538
  C      -7.326498      0.902084     -1.559388
  C      -6.960647     -0.444157     -1.759862
  C      -5.971443     -1.090496     -0.993758
  C      -5.340160     -0.366639     -0.001979
  C      -4.998632      1.755845      1.322110
  H      -5.376567      1.406982      2.305766
  H      -5.177128      2.837705      1.260673
  H      -3.913928      1.554059      1.336088
  H      -6.937611      2.660422     -0.391952
  H      -8.103871      1.349319     -2.180426
  H      -5.721829     -2.132280     -1.199656
  H      -4.569577     -0.840443      0.610616
  N      -7.637723     -1.201826     -2.808614
  O      -6.967485     -2.002262     -3.434526
  O      -8.822386     -0.974827     -2.976321
  H     -15.497158     -7.584581    -10.808397
18
Coordinates from ORCA-job para_p_opt_6 E -475.600014426407
  C      -5.672101      1.002174      0.240618
  C      -6.674210      1.618335     -0.562194
  C      -7.322631      0.909717     -1.555692
  C      -6.960920     -0.437459     -1.757388
  C      -5.973718     -1.087519     -0.991866
  C      -5.340225     -0.366479      0.000546
  C      -4.991876      1.753707      1.326406
  H      -5.366585      1.401524      2.310068
  H      -5.170558      2.835712      1.268682
  H      -3.907023      1.552120      1.336539
  H      -6.928375      2.665814     -0.386633
  H      -8.098643      1.359882     -2.176318
  H      -5.727311     -2.129880     -1.198704
  H      -4.571104     -0.843197      0.612725
  N      -7.640329     -1.192111     -2.806819
  O      -6.972527     -1.994021     -3.433438
  O      -8.824302     -0.961366     -2.974303
  H     -15.536683     -7.643304    -10.861540
18
Coordinates from ORCA-job para_p_opt_6 E -475.600031383907
  C      -5.667590      1.003027      0.244246
  C      -6.667795      1.623356     -0.557657
  C      -7.318965      0.917849     -1.551591
  C      -6.961981     -0.430389     -1.754631
  C      -5.976799     -1.084543     -0.990016
  C      -5.340513     -0.366567      0.002822
  C      -4.984112      1.751152      1.330355
  H      -5.355517      1.395857      2.314095
  H      -5.162476      2.833375      1.276352
  H      -3.899220      1.549265      1.336365
  H      -6.918318      2.671534     -0.381050
  H      -8.093638      1.371233     -2.171549
  H      -5.734067     -2.127564     -1.197862
  H      -4.572851     -0.846479      0.614343
  N      -7.644367     -1.181751     -2.804506
  O      -6.979633     -1.985379     -3.432187
  O      -8.827582     -0.946657     -2.971295
  H     -15.573696     -7.703668    -10.915544
18
Coordinates from ORCA-job para_p_opt_6 E -475.600047944592
  C      -5.663904      1.003814      0.248312
  C      -6.661617      1.628233     -0.553435
  C      -7.314495      0.925890     -1.548515
  C      -6.961769     -0.423277     -1.752833
  C      -5.979154     -1.081449     -0.988387
  C      -5.341113     -0.366597      0.005566
  C      -4.978155      1.748455      1.335383
  H      -5.345084      1.388192      2.318945
  H      -5.157994      2.830631      1.286388
  H      -3.892846      1.548171      1.336560
  H      -6.908868      2.677005     -0.375771
  H      -8.087364      1.382436     -2.168405
  H      -5.739689     -2.125021     -1.197250
  H      -4.575348     -0.849654      0.616999
  N      -7.646016     -1.171296     -2.803901
  O      -6.983366     -1.976536     -3.431682
  O      -8.828414     -0.932444     -2.971272
  H     -15.613924     -7.762904    -10.966013
18
Coordinates from ORCA-job para_p_opt_6 E -475.600064700085
  C      -5.658378      1.004491      0.251442
  C      -6.654501      1.633657     -0.548490
  C      -7.311594      0.934752     -1.543235
  C      -6.964781     -0.415733     -1.749037
  C      -5.983937     -1.078568     -0.986378
  C      -5.341626     -0.367089      0.007240
  C      -4.967822      1.745381      1.338056
  H      -5.331687      1.383195      2.321975
  H      -5.145773      2.827991      1.292189
  H      -3.882825      1.543223      1.334821
  H      -6.897201      2.683305     -0.369737
  H      -8.083395      1.394953     -2.161752
  H      -5.749106     -2.122981     -1.196292
  H      -4.577081     -0.853759      0.617339
  N      -7.653612     -1.160108     -2.799714
  O      -6.995685     -1.967615     -3.429587
  O      -8.835112     -0.915499     -2.964976
  H     -15.645004     -7.825944    -11.023176
18
Coordinates from ORCA-job para_p_opt_6 E -475.600080911500
  C      -5.654613      1.005209      0.255457
  C      -6.648203      1.638583     -0.544217
  C      -7.307164      0.942947     -1.540043
  C      -6.964823     -0.408481     -1.747155
  C      -5.986599     -1.075452     -0.984761
  C      -5.342365     -0.367199      0.009903
  C      -4.961579      1.742497      1.342944
  H      -5.320636      1.375138      2.326652
  H      -5.141062      2.825020      1.302304
  H      -3.876179      1.542077      1.334531
  H      -6.887476      2.688828     -0.364375
  H      -8.077141      1.406397     -2.158409
  H      -5.755212     -2.120425     -1.195706
  H      -4.579754     -0.857102      0.619844
  N      -7.655721     -1.149408     -2.798933
  O      -7.000152     -1.958681     -3.428966
  O      -8.836318     -0.900722     -2.964704
  H     -15.684124     -7.885577    -11.073677
18
Coordinates from ORCA-job para_p_opt_6 E -475.600097025316
  C      -5.650195      1.005844      0.259137
  C      -6.641510      1.643727     -0.539690
  C      -7.303267      0.951513     -1.536070
  C      -6.966086     -0.401007     -1.744562
  C      -5.990267     -1.072409     -0.983005
  C      -5.343176     -0.367524      0.012187
  C      -4.953700      1.739387      1.346955
  H      -5.308233      1.367786      2.330638
  H      -5.133614      2.821970      1.311015
  H      -3.868146      1.539606      1.333296
  H      -6.876826      2.694674     -0.358749
  H      -8.071636      1.418436     -2.153825
  H      -5.762890     -2.118050     -1.194992
  H      -4.582301     -0.860874      0.621526
  N      -7.660068     -1.138319     -2.796872
  O      -7.007887     -1.949734     -3.427659
  O      -8.839683     -0.884714     -2.962233
  H     -15.719634     -7.946663    -11.126409
18
Coordinates from ORCA-job para_p_opt_6 E -475.600112910850
  C      -5.645833      1.006435      0.262839
  C      -6.634788      1.648876     -0.535174
  C      -7.299296      0.960148     -1.532162
  C      -6.967326     -0.393453     -1.742045
  C      -5.994002     -1.069338     -0.981285
  C      -5.344093     -0.367881      0.014483
  C      -4.945891      1.736167      1.351017
  H      -5.295609      1.360027      2.334618
  H      -5.126456      2.818761      1.320020
  H      -3.860156      1.537308      1.331866
  H      -6.866116      2.700511     -0.353107
  H      -8.065990      1.430581     -2.149334
  H      -5.770679     -2.115636     -1.194327
  H      -4.585026     -0.864719      0.623251
  N      -7.664366     -1.127090     -2.794932
  O      -7.015568     -1.940775     -3.426271
  O      -8.842947     -0.868511     -2.960052
  H     -15.754979     -8.007761    -11.178716
18
Coordinates from ORCA-job para_p_opt_6 E -475.600128609487
  C      -5.641189      1.007021      0.266351
  C      -6.627944      1.654066     -0.530581
  C      -7.295606      0.968826     -1.527887
  C      -6.969109     -0.385903     -1.739131
  C      -5.998146     -1.066317     -0.979421
  C      -5.345004     -0.368287      0.016632
  C      -4.937365      1.732955      1.354578
  H      -5.282331      1.352698      2.338197
  H      -5.118160      2.815604      1.328265
  H      -3.851558      1.534620      1.329869
  H      -6.855078      2.706423     -0.347427
  H      -8.060745      1.442807     -2.144275
  H      -5.779091     -2.113307     -1.193485
  H      -4.587622     -0.868645      0.624624
  N      -7.669637     -1.115861     -2.792294
  O      -7.024686     -1.932002     -3.424398
  O      -8.847129     -0.851956     -2.956809
  H     -15.788721     -8.069093    -11.232119
18
Coordinates from ORCA-job para_p_opt_6 E -475.600144036492
  C      -5.636810      1.007589      0.269989
  C      -6.621210      1.659185     -0.526067
  C      -7.291693      0.977448     -1.523904
  C      -6.970486     -0.378338     -1.736512
  C      -6.002031     -1.063230     -0.977650
  C      -5.345987     -0.368645      0.018892
  C      -4.929421      1.729709      1.358451
  H      -5.269270      1.344761      2.341948
  H      -5.110991      2.812303      1.337225
  H      -3.843452      1.532520      1.327981
  H      -6.844298      2.712209     -0.341788
  H      -8.055159      1.454934     -2.139662
  H      -5.787110     -2.110861     -1.192754
  H      -4.590414     -0.872490      0.626264
  N      -7.674166     -1.104608     -2.790160
  O      -7.032664     -1.923232     -3.422543
  O      -8.850545     -0.835656     -2.954601
  H     -15.823415     -8.129948    -11.284419
18
Coordinates from ORCA-job para_p_opt_6 E -475.600159232012
  C      -5.632238      1.008161      0.273480
  C      -6.614399      1.664304     -0.521527
  C      -7.287983      0.986041     -1.519667
  C      -6.972238     -0.370826     -1.733580
  C      -6.006197     -1.060197     -0.975722
  C      -5.346966     -0.369026      0.021081
  C      -4.920996      1.726499      1.361944
  H      -5.255728      1.337109      2.345372
  H      -5.103094      2.809053      1.345648
  H      -3.834940      1.530233      1.325652
  H      -6.833298      2.718017     -0.336183
  H      -8.049859      1.467034     -2.134664
  H      -5.795553     -2.108493     -1.191810
  H      -4.593121     -0.876360      0.627702
  N      -7.679332     -1.093421     -2.787503
  O      -7.041692     -1.914595     -3.420504
  O      -8.854502     -0.819038     -2.951590
  H     -15.856983     -8.190847    -11.337439
18
Coordinates from ORCA-job para_p_opt_6 E -475.600174272070
  C      -5.627741      1.008847      0.276928
  C      -6.607828      1.669253     -0.517038
  C      -7.284373      0.994270     -1.515420
  C      -6.973791     -0.363599     -1.730556
  C      -6.009984     -1.057167     -0.973706
  C      -5.347705     -0.369216      0.023296
  C      -4.912798      1.723641      1.365307
  H      -5.242716      1.330155      2.348658
  H      -5.095316      2.806153      1.353599
  H      -3.826699      1.528206      1.323523
  H      -6.822771      2.723600     -0.330682
  H      -8.044772      1.478558     -2.129656
  H      -5.803385     -2.106073     -1.190733
  H      -4.595453     -0.879823      0.629155
  N      -7.684152     -1.082738     -2.784670
  O      -7.050194     -1.906505     -3.417993
  O      -8.858157     -0.803203     -2.948515
  H     -15.891285     -8.250710    -11.390807
18
Coordinates from ORCA-job para_p_opt_6 E -475.600189122938
  C      -5.623153      1.009591      0.280263
  C      -6.601314      1.674133     -0.512560
  C      -7.280907      1.002329     -1.511036
  C      -6.975441     -0.356521     -1.727341
  C      -6.013746     -1.054166     -0.971573
  C      -5.348322     -0.369330      0.025473
  C      -4.904439      1.720960      1.368411
  H      -5.229738      1.323707      2.351717
  H      -5.087162      2.803446      1.361023
  H      -3.818362      1.526157      1.321288
  H      -6.812344      2.729097     -0.325239
  H      -8.039933      1.489814     -2.124439
  H      -5.811174     -2.103672     -1.189477
  H      -4.597566     -0.883115      0.630507
  N      -7.689170     -1.072316     -2.781490
  O      -7.059031     -1.898730     -3.415172
  O      -8.861998     -0.787601     -2.944942
  H     -15.925320     -8.310134    -11.444726
18
Coordinates from ORCA-job para_p_opt_6 E -475.600203828181
  C      -5.618529      1.010437      0.283501
  C      -6.594950      1.678897     -0.508112
  C      -7.277606      1.010101     -1.506534
  C      -6.977091     -0.349685     -1.723928
  C      -6.017325     -1.051193     -0.969308
  C      -5.348735     -0.369303      0.027635
  C      -4.896040      1.718582      1.371258
  H      -5.217041      1.318024      2.354571
  H      -5.078710      2.801072      1.367784
  H      -3.810050      1.524154      1.319083
  H      -6.802196      2.734450     -0.319896
  H      -8.035393      1.500618     -2.119050
  H      -5.818654     -2.101274     -1.188026
  H      -4.599325     -0.886096      0.631781
  N      -7.694212     -1.062323     -2.777953
  O      -7.067862     -1.891408     -3.411890
  O      -8.865899     -0.772614     -2.940934
  H     -15.959500     -8.368789    -11.499291
18
Coordinates from ORCA-job para_p_opt_6 E -475.600218466347
  C      -5.612972      1.011345      0.286075
  C      -6.588373      1.683764     -0.503410
  C      -7.275329      1.017926     -1.500865
  C      -6.980378     -0.342921     -1.719305
  C      -6.021930     -1.048341     -0.966689
  C      -5.348873     -0.369323      0.029214
  C      -4.885412      1.716452      1.372429
  H      -5.203288      1.314847      2.356286
  H      -5.066025      2.799287      1.371257
  H      -3.799925      1.520264      1.315767
  H      -6.791375      2.739990     -0.314348
  H      -8.032385      1.511520     -2.111804
  H      -5.827707     -2.099098     -1.186154
  H      -4.600270     -0.889152      0.631755
  N      -7.702258     -1.052506     -2.772218
  O      -7.080463     -1.885328     -3.405631
  O      -8.872866     -0.757628     -2.934125
  H     -15.989293     -8.427450    -11.557545
18
Coordinates from ORCA-job para_p_opt_6 E -475.600232871872
  C      -5.607779      1.012293      0.288826
  C      -6.581813      1.688530     -0.499024
  C      -7.272593      1.025499     -1.495724
  C      -6.983002     -0.336372     -1.714980
  C      -6.026158     -1.045567     -0.963894
  C      -5.349169     -0.369292      0.031205
  C      -4.875716      1.714340      1.374145
  H      -5.189390      1.310233      2.358272
  H      -5.055585      2.797274      1.376305
  H      -3.790505      1.517816      1.312332
  H      -6.780715      2.745418     -0.309310
  H      -8.028704      1.522039     -2.105448
  H      -5.836183     -2.096980     -1.183910
  H      -4.601644     -0.892047      0.632557
  N      -7.709068     -1.042979     -2.767071
  O      -7.092199     -1.878526     -3.401805
  O      -8.878359     -0.742269     -2.927425
  H     -16.020538     -8.485757    -11.614360
18
Coordinates from ORCA-job para_p_opt_6 E -475.600247299211
  C      -5.601911      1.013645      0.290894
  C      -6.575553      1.693089     -0.494656
  C      -7.270918      1.032280     -1.489647
  C      -6.986533     -0.330614     -1.709392
  C      -6.030372     -1.042987     -0.960473
  C      -5.348650     -0.368861      0.032854
  C      -4.864670      1.713346      1.374224
  H      -5.175839      1.309361      2.359176
  H      -5.041949      2.796698      1.377569
  H      -3.780107      1.514393      1.308535
  H      -6.770464      2.750652     -0.304559
  H      -8.026783      1.531301     -2.097645
  H      -5.844570     -2.095081     -1.180785
  H      -4.601450     -0.894069      0.632471
  N      -7.717597     -1.034894     -2.759646
  O      -7.105827     -1.873753     -3.394961
  O      -8.885806     -0.728943     -2.917946
  H     -16.050121     -8.541912    -11.675323
18
Coordinates from ORCA-job para_p_opt_6 E -475.600262064940
  C      -5.594600      1.015915      0.291465
  C      -6.569779      1.697259     -0.490553
  C      -7.271377      1.037299     -1.481713
  C      -6.991977     -0.326696     -1.701032
  C      -6.034654     -1.040980     -0.955443
  C      -5.346521     -0.367619      0.033985
  C      -4.850813      1.714775      1.370854
  H      -5.162474      1.315889      2.357779
  H      -5.022130      2.799109      1.371260
  H      -3.767592      1.509460      1.303616
  H      -6.760818      2.755601     -0.300850
  H      -8.028422      1.537786     -2.087028
  H      -5.852940     -2.093881     -1.175293
  H      -4.598161     -0.894264      0.630884
  N      -7.729722     -1.030092     -2.747281
  O      -7.123813     -1.872755     -3.383194
  O      -8.897235     -0.719625     -2.901839
  H     -16.076091     -8.593529    -11.744928
18
Coordinates from ORCA-job para_p_opt_6 E -475.600277130171
  C      -5.584649      1.019910      0.289124
  C      -6.564930      1.700685     -0.487113
  C      -7.275860      1.038921     -1.470350
  C      -7.001072     -0.326366     -1.687367
  C      -6.039168     -1.040169     -0.947237
  C      -5.341469     -0.364907      0.034186
  C      -4.831705      1.720822      1.360795
  H      -5.149077      1.336344      2.351791
  H      -4.990979      2.807006      1.350563
  H      -3.751168      1.502045      1.296291
  H      -6.752274      2.760045     -0.299383
  H      -8.036737      1.538951     -2.071216
  H      -5.861405     -2.094154     -1.165088
  H      -4.589189     -0.891068      0.626553
  N      -7.748609     -1.031630     -2.725455
  O      -7.150038     -1.879009     -3.362090
  O      -8.916151     -0.717963     -2.873078
  H     -16.094640     -8.635815    -11.830234
18
Coordinates from ORCA-job para_p_opt_6 E -475.600291190849
  C      -5.570968      1.026473      0.282114
  C      -6.561666      1.702808     -0.484990
  C      -7.286478      1.035066     -1.453862
  C      -7.015643     -0.331824     -1.665445
  C      -6.044075     -1.041409     -0.933910
  C      -5.332186     -0.360051      0.033040
  C      -4.804971      1.734031      1.340053
  H      -5.135037      1.378183      2.337935
  H      -4.943588      2.822738      1.307512
  H      -3.729334      1.491940      1.284812
  H      -6.745626      2.763577     -0.301855
  H      -8.055132      1.531634     -2.047651
  H      -5.869998     -2.096933     -1.147206
  H      -4.571871     -0.882727      0.618163
  N      -7.777420     -1.043234     -2.688926
  O      -7.188423     -1.896745     -3.326411
  O      -8.946026     -0.728339     -2.824909
  H     -16.100678     -8.661538    -11.937773
18
Coordinates from ORCA-job para_p_opt_6 E -475.600295540963
  C      -5.546783      1.039539      0.259402
  C      -6.564039      1.699967     -0.487332
  C      -7.317340      1.013740     -1.420661
  C      -7.049214     -0.355860     -1.616855
  C      -6.052913     -1.050317     -0.904011
  C      -5.312004     -0.350210      0.027249
  C      -4.754143      1.768418      1.282542
  H      -5.115040      1.487759      2.294457
  H      -4.845853      2.859062      1.190317
  H      -3.691396      1.474898      1.256604
  H      -6.744917      2.763489     -0.317307
  H      -8.105540      1.498058     -1.998719
  H      -5.882442     -2.108951     -1.104479
  H      -4.531360     -0.860545      0.596171
  N      -7.838638     -1.085811     -2.605579
  O      -7.264412     -1.949757     -3.242567
  O      -9.011290     -0.776262     -2.717406
  H     -16.051795     -8.623566    -12.101136
18
Coordinates from ORCA-job para_p_opt_6 E -475.600309019661
  C      -5.542904      1.042717      0.261509
  C      -6.561374      1.702394     -0.484272
  C      -7.315945      1.015298     -1.415925
  C      -7.047916     -0.354418     -1.611371
  C      -6.050463     -1.048152     -0.899429
  C      -5.308262     -0.347172      0.030142
  C      -4.749177      1.772512      1.283151
  H      -5.111618      1.495373      2.295533
  H      -4.838692      2.863113      1.188159
  H      -3.687094      1.476633      1.258877
  H      -6.742122      2.766037     -0.314857
  H      -8.105056      1.499025     -1.993234
  H      -5.880135     -2.106920     -1.099291
  H      -4.526690     -0.856932      0.598303
  N      -7.838622     -1.085259     -2.598401
  O      -7.264915     -1.949596     -3.235355
  O      -9.011495     -0.776196     -2.709238
  H     -16.096642     -8.664807    -12.163611
18
Coordinates from ORCA-job para_p_opt_6 E -475.600323811643
  C      -5.540701      1.044874      0.265675
  C      -6.558135      1.705316     -0.480793
  C      -7.311896      1.019006     -1.413697
  C      -7.044087     -0.350675     -1.609680
  C      -6.047593     -1.045136     -0.897134
  C      -5.306208     -0.344956      0.033673
  C      -4.747706      1.773672      1.288611
  H      -5.108431      1.493035      2.300610
  H      -4.839276      2.864316      1.196398
  H      -3.685021      1.479914      1.262515
  H      -6.738756      2.768898     -0.310880
  H      -8.100273      1.503308     -1.991527
  H      -5.877389     -2.103832     -1.097460
  H      -4.525417     -0.855311      0.602382
  N      -7.834124     -1.080750     -2.597827
  O      -7.260945     -1.945156     -3.235276
  O      -9.006582     -0.770443     -2.709026
  H     -16.146582     -8.712430    -12.215873
18
Coordinates from ORCA-job para_p_opt_6 E -475.600337643068
  C      -5.537879      1.047456      0.269046
  C      -6.555241      1.707970     -0.477450
  C      -7.309015      1.021716     -1.410389
  C      -7.041272     -0.347968     -1.606390
  C      -6.044831     -1.042498     -0.893839
  C      -5.303438     -0.342375      0.037006
  C      -4.744852      1.776169      1.292019
  H      -5.105366      1.495250      2.304009
  H      -4.836571      2.866820      1.200032
  H      -3.682129      1.482548      1.265709
  H      -6.735794      2.771561     -0.307517
  H      -8.097352      1.506067     -1.988234
  H      -5.874675     -2.101195     -1.094198
  H      -4.522682     -0.852783      0.605715
  N      -7.831317     -1.077979     -2.594568
  O      -7.258181     -1.942428     -3.232019
  O      -9.003731     -0.767562     -2.705827
  H     -16.194794     -8.757119    -12.272417
18
Coordinates from ORCA-job para_p_opt_6 E -475.600351390660
  C      -5.535135      1.049992      0.272510
  C      -6.552335      1.710636     -0.474079
  C      -7.306013      1.024510     -1.407196
  C      -7.038326     -0.345169     -1.603278
  C      -6.042040     -1.039826     -0.890639
  C      -5.300748     -0.339833      0.040384
  C      -4.742175      1.778552      1.295651
  H      -5.102344      1.497053      2.307595
  H      -4.834241      2.869208      1.204122
  H      -3.679355      1.485284      1.268982
  H      -6.732841      2.774222     -0.304070
  H      -8.094234      1.508960     -1.985115
  H      -5.871925     -2.098515     -1.091074
  H      -4.520113     -0.850343      0.609168
  N      -7.828266     -1.075040     -2.591642
  O      -7.255085     -1.939474     -3.229082
  O      -9.000632     -0.764518     -2.703064
  H     -16.243311     -8.802048    -12.328483
18
Coordinates from ORCA-job para_p_opt_6 E -475.600364350366
  C      -5.529245      1.054157      0.272238
  C      -6.550085      1.712570     -0.471464
  C      -7.307616      1.023867     -1.399516
  C      -7.040313     -0.346193     -1.593321
  C      -6.040667     -1.038727     -0.883294
  C      -5.295421     -0.336118      0.042608
  C      -4.732604      1.785726      1.290355
  H      -5.096286      1.514589      2.303974
  H      -4.818655      2.876206      1.190644
  H      -3.671618      1.486079      1.267561
  H      -6.730218      2.776524     -0.303341
  H      -8.098523      1.506593     -1.975201
  H      -5.871075     -2.097857     -1.081817
  H      -4.512045     -0.844917      0.609139
  N      -7.834086     -1.078702     -2.576651
  O      -7.263509     -1.944884     -3.214129
  O      -9.006807     -0.768344     -2.684539
  H     -16.280347     -8.836917    -12.402555
18
Coordinates from ORCA-job para_p_opt_6 E -475.600364536814
  C      -5.528584      1.054245      0.271502
  C      -6.550358      1.712220     -0.471418
  C      -7.309713      1.022746     -1.397390
  C      -7.043228     -0.347594     -1.590044
  C      -6.043055     -1.039809     -0.880401
  C      -5.296066     -0.336459      0.043564
  C      -4.728882      1.787422      1.286057
  H      -5.087809      1.516615      2.301345
  H      -4.816448      2.877766      1.185779
  H      -3.667552      1.489229      1.258689
  H      -6.729749      2.776469     -0.304325
  H      -8.101193      1.505183     -1.972523
  H      -5.874295     -2.099255     -1.077920
  H      -4.512125     -0.844969      0.609574
  N      -7.837767     -1.080460     -2.572398
  O      -7.268472     -1.947452     -3.210002
  O      -9.009945     -0.768029     -2.679373
  H     -16.273879     -8.834219    -12.410028
18
Coordinates from ORCA-job para_p_opt_6 E -475.600199458486
  C      -5.504658      1.061078      0.246135
  C      -6.557283      1.706861     -0.465403
  C      -7.349369      1.003846     -1.352597
  C      -7.085095     -0.367523     -1.538806
  C      -6.057251     -1.048318     -0.857687
  C      -5.277524     -0.331365      0.028335
  C      -4.670852      1.813272      1.218225
  H      -5.052995      1.627689      2.244714
  H      -4.708777      2.899235      1.053146
  H      -3.625917      1.464494      1.219100
  H      -6.733460      2.772822     -0.305390
  H      -8.162941      1.477027     -1.904091
  H      -5.892381     -2.109571     -1.048775
  H      -4.470638     -0.830484      0.569808
  N      -7.907061     -1.111992     -2.489048
  O      -7.388552     -2.060528     -3.049661
  O      -9.055698     -0.735580     -2.636396
  H     -16.178668     -8.787312    -12.540918
18
Coordinates from ORCA-job para_p_opt_6 E -475.600050609465
  C      -5.506603      1.061394      0.250067
  C      -6.512390      1.723378     -0.511396
  C      -7.302648      1.023444     -1.403046
  C      -7.085901     -0.362273     -1.540511
  C      -6.104021     -1.058972     -0.809827
  C      -5.324446     -0.344736      0.078228
  C      -4.672888      1.807995      1.226599
  H      -5.034058      1.596826      2.255113
  H      -4.720355      2.895364      1.077995
  H      -3.623485      1.469641      1.205712
  H      -6.653866      2.799117     -0.386959
  H      -8.081550      1.509041     -1.992277
  H      -5.975195     -2.131152     -0.963187
  H      -4.554158     -0.856785      0.659584
  N      -7.915184     -1.108146     -2.485483
  O      -7.375627     -2.052694     -3.028469
  O      -9.049946     -0.714411     -2.696098
  H     -16.186799     -8.813380    -12.545353
18
Coordinates from ORCA-job para_p_opt_6 E -475.600323767084
  C      -5.489418      1.062516      0.235148
  C      -6.508029      1.724652     -0.510216
  C      -7.318150      1.023290     -1.382613
  C      -7.111383     -0.364238     -1.514955
  C      -6.119488     -1.061161     -0.797856
  C      -5.317746     -0.345291      0.068933
  C      -4.635295      1.812308      1.191068
  H      -5.017238      1.654821      2.222347
  H      -4.644555      2.895052      1.004319
  H      -3.599449      1.436036      1.195750
  H      -6.641520      2.801887     -0.389811
  H      -8.104478      1.508846     -1.961552
  H      -6.000944     -2.135159     -0.945588
  H      -4.538700     -0.857737      0.638107
  N      -7.959727     -1.112222     -2.443809
  O      -7.448954     -2.056297     -3.018857
  O      -9.109453     -0.731873     -2.582384
  H     -16.114594     -8.811780    -12.617339
18
Coordinates from ORCA-job para_p_opt_6 E -475.600331315379
  C      -5.488566      1.066435      0.231510
  C      -6.510329      1.722074     -0.515478
  C      -7.321547      1.013823     -1.381214
  C      -7.111982     -0.373874     -1.505755
  C      -6.117076     -1.064588     -0.786827
  C      -5.314844     -0.341993      0.073910
  C      -4.633014      1.824286      1.179776
  H      -5.013505      1.676057      2.212890
  H      -4.642556      2.905430      0.983655
  H      -3.597144      1.448226      1.185911
  H      -6.645711      2.799754     -0.401221
  H      -8.110514      1.494235     -1.961020
  H      -5.996640     -2.139251     -0.928657
  H      -4.533328     -0.849424      0.644170
  N      -7.960066     -1.128872     -2.428425
  O      -7.453342     -2.072303     -3.008828
  O      -9.110108     -0.748124     -2.556953
  H     -16.118847     -8.788241    -12.646754
18
Coordinates from ORCA-job para_p_opt_6 E -475.600354142935
  C      -5.467962      1.067891      0.205222
  C      -6.507348      1.720452     -0.521153
  C      -7.353738      1.005188     -1.346052
  C      -7.157236     -0.384931     -1.454809
  C      -6.146413     -1.073190     -0.755927
  C      -5.312427     -0.343992      0.068456
  C      -4.575267      1.837609      1.108640
  H      -4.958752      1.763371      2.148497
  H      -4.544294      2.907303      0.856554
  H      -3.555694      1.422037      1.131315
  H      -6.629870      2.801190     -0.421155
  H      -8.157945      1.482672     -1.908076
  H      -6.037721     -2.151032     -0.886298
  H      -4.516433     -0.848493      0.620834
  N      -8.032544     -1.144848     -2.342184
  O      -7.531017     -2.070444     -2.954248
  O      -9.198433     -0.800963     -2.398277
  H     -15.996027     -8.746171    -12.760649
18
Coordinates from ORCA-job para_p_opt_6 E -475.600356306530
  C      -5.468934      1.074847      0.200266
  C      -6.510810      1.715719     -0.532633
  C      -7.350574      0.989499     -1.354795
  C      -7.146512     -0.400712     -1.452079
  C      -6.131756     -1.077385     -0.747239
  C      -5.303625     -0.336801      0.072958
  C      -4.586863      1.855645      1.104833
  H      -4.985281      1.796684      2.140317
  H      -4.551898      2.921825      0.838874
  H      -3.568254      1.439634      1.147426
  H      -6.640370      2.796315     -0.440439
  H      -8.157508      1.457960     -1.920075
  H      -6.016396     -2.155364     -0.868558
  H      -4.506426     -0.832464      0.631569
  N      -8.021557     -1.173732     -2.328893
  O      -7.523714     -2.103448     -2.939160
  O      -9.186200     -0.825103     -2.385349
  H     -16.022441     -8.699468    -12.776334
18
Coordinates from ORCA-job para_p_opt_6 E -475.600340582326
  C      -5.472553      1.068383      0.212009
  C      -6.501893      1.722928     -0.525054
  C      -7.329011      1.012088     -1.373448
  C      -7.129125     -0.378349     -1.488060
  C      -6.123708     -1.067507     -0.781384
  C      -5.306134     -0.341257      0.061848
  C      -4.608482      1.829054      1.151120
  H      -5.006429      1.719774      2.182829
  H      -4.590357      2.904692      0.926881
  H      -3.582230      1.429445      1.179792
  H      -6.631548      2.801875     -0.416256
  H      -8.128694      1.491387     -1.938919
  H      -6.009212     -2.143507     -0.915654
  H      -4.520376     -0.847895      0.626908
  N      -8.007862     -1.138661     -2.374418
  O      -7.505204     -2.072375     -2.972615
  O      -9.168054     -0.774975     -2.459120
  H     -16.058248     -8.771450    -12.705768
18
Coordinates from ORCA-job para_p_opt_6 E -475.600369939178
  C      -5.468904      1.069765      0.205114
  C      -6.506147      1.719831     -0.525810
  C      -7.346068      1.002834     -1.355922
  C      -7.146855     -0.387626     -1.463403
  C      -6.135466     -1.072855     -0.761895
  C      -5.307337     -0.341304      0.066393
  C      -4.587121      1.840100      1.119119
  H      -4.982058      1.764920      2.154772
  H      -4.554926      2.909836      0.867734
  H      -3.567100      1.426248      1.152597
  H      -6.632153      2.800140     -0.425795
  H      -8.150167      1.478759     -1.918849
  H      -6.022563     -2.150070     -0.891446
  H      -4.513306     -0.843942      0.623315
  N      -8.025572     -1.151311     -2.344953
  O      -7.526303     -2.082768     -2.949688
  O      -9.189107     -0.798843     -2.408619
  H     -16.017966     -8.740064    -12.751976
18
Coordinates from ORCA-job para_p_opt_6 E -475.600369983092
  C      -5.467105      1.072159      0.200727
  C      -6.507801      1.717852     -0.529281
  C      -7.349730      0.996327     -1.353344
  C      -7.149110     -0.394328     -1.455778
  C      -6.134270     -1.075267     -0.755117
  C      -5.304131     -0.339193      0.067194
  C      -4.583831      1.847708      1.108849
  H      -4.983793      1.787653      2.143619
  H      -4.545148      2.914399      0.845283
  H      -3.566369      1.428827      1.151165
  H      -6.634824      2.798430     -0.433474
  H      -8.156298      1.469014     -1.915478
  H      -6.020212     -2.152844     -0.880663
  H      -4.507385     -0.838476      0.623236
  N      -8.030119     -1.162833     -2.330926
  O      -7.533430     -2.095589     -2.936122
  O      -9.194239     -0.811598     -2.389181
  H     -16.011327     -8.718589    -12.770019
18
Coordinates from ORCA-job para_p_opt_6 E -475.600369000133
  C      -5.464397      1.074568      0.195121
  C      -6.509422      1.715698     -0.532866
  C      -7.354407      0.989433     -1.349517
  C      -7.152677     -0.401493     -1.446618
  C      -6.133319     -1.077877     -0.748161
  C      -5.300100     -0.337044      0.066830
  C      -4.578800      1.855682      1.096197
  H      -4.985092      1.814806      2.129495
  H      -4.531156      2.918327      0.817574
  H      -3.564872      1.430058      1.149557
  H      -6.637375      2.796554     -0.441438
  H      -8.164263      1.458796     -1.909700
  H      -6.018253     -2.155842     -0.869375
  H      -4.499964     -0.832839      0.621100
  N      -8.037956     -1.175178     -2.312986
  O      -7.544726     -2.110395     -2.917311
  O      -9.202558     -0.824637     -2.365342
  H     -15.999784     -8.694968    -12.791870
18
Coordinates from ORCA-job para_p_opt_6 E -475.600368687782
  C      -5.461879      1.075839      0.190760
  C      -6.510334      1.714386     -0.534680
  C      -7.358286      0.985407     -1.345740
  C      -7.156302     -0.405736     -1.439850
  C      -6.133282     -1.079462     -0.744285
  C      -5.297047     -0.335908      0.065218
  C      -4.573884      1.860258      1.086614
  H      -4.984981      1.834533      2.118519
  H      -4.518412      2.919576      0.796470
  H      -3.563044      1.428839      1.148353
  H      -6.638631      2.795412     -0.445703
  H      -8.170804      1.452959     -1.903566
  H      -6.017878     -2.157674     -0.862963
  H      -4.494205     -0.829750      0.617293
  N      -8.046061     -1.182540     -2.298994
  O      -7.555699     -2.120617     -2.900983
  O      -9.210820     -0.831720     -2.347788
  H     -15.987571     -8.680154    -12.807986
18
Coordinates from ORCA-job para_p_opt_6 E -475.600368096633
  C      -5.460368      1.076545      0.188130
  C      -6.511152      1.713506     -0.535498
  C      -7.360983      0.982893     -1.343055
  C      -7.158671     -0.408288     -1.435512
  C      -6.133264     -1.080402     -0.741990
  C      -5.295083     -0.335243      0.064076
  C      -4.570711      1.863059      1.080479
  H      -4.985061      1.847823      2.111289
  H      -4.509688      2.919997      0.782472
  H      -3.562079      1.427607      1.148024
  H      -6.639782      2.794603     -0.447786
  H      -8.175283      1.449212     -1.899305
  H      -6.017734     -2.158762     -0.859219
  H      -4.490400     -0.827884      0.614524
  N      -8.051078     -1.187030     -2.290256
  O      -7.562207     -2.127426     -2.889590
  O      -9.215823     -0.835816     -2.338121
  H     -15.979755     -8.670743    -12.817970
18
Coordinates from ORCA-job para_p_opt_6 E -475.600367555804
  C      -5.459845      1.077439      0.186553
  C      -6.512146      1.712547     -0.536650
  C      -7.362414      0.980135     -1.342084
  C      -7.159099     -0.410979     -1.432778
  C      -6.132194     -1.081282     -0.739712
  C      -5.293511     -0.334334      0.064201
  C      -4.569984      1.866154      1.076727
  H      -4.987524      1.858705      2.106359
  H      -4.505134      2.921244      0.772788
  H      -3.562901      1.428184      1.149598
  H      -6.641558      2.793662     -0.450231
  H      -8.177834      1.444909     -1.897978
  H      -6.016090     -2.159732     -0.855502
  H      -4.487678     -0.825551      0.614227
  N      -8.052152     -1.191792     -2.285033
  O      -7.563917     -2.133580     -2.882718
  O      -9.216935     -0.840650     -2.332785
  H     -15.978205     -8.661429    -12.824292
18
Coordinates from ORCA-job para_p_opt_6 E -475.600366849060
  C      -5.459337      1.079063      0.184254
  C      -6.514213      1.710700     -0.538611
  C      -7.364609      0.975023     -1.340879
  C      -7.158967     -0.415829     -1.428517
  C      -6.129622     -1.082782     -0.735728
  C      -5.290679     -0.332579      0.064906
  C      -4.569817      1.871938      1.070997
  H      -4.994248      1.879529      2.097852
  H      -4.497240      2.923358      0.755802
  H      -3.565872      1.429163      1.155017
  H      -6.645340      2.791785     -0.454252
  H      -8.181916      1.436686     -1.896577
  H      -6.012342     -2.161354     -0.849109
  H      -4.482992     -0.821104      0.614582
  N      -8.052116     -1.200518     -2.277211
  O      -7.563556     -2.144067     -2.871914
  O      -9.217390     -0.850913     -2.325560
  H     -15.978860     -8.644450    -12.834361
18
Coordinates from ORCA-job para_p_opt_6 E -475.600366292728
  C      -5.459817      1.081320      0.182460
  C      -6.517134      1.708028     -0.541585
  C      -7.366076      0.967822     -1.341157
  C      -7.156541     -0.422578     -1.424723
  C      -6.124787     -1.084752     -0.730699
  C      -5.287245     -0.329999      0.067153
  C      -4.572508      1.880032      1.066116
  H      -5.006847      1.906262      2.088551
  H      -4.490388      2.926647      0.736968
  H      -3.572439      1.432159      1.165538
  H      -6.651079      2.788997     -0.459999
  H      -8.185204      1.425105     -1.897781
  H      -6.005147     -2.163373     -0.841070
  H      -4.477824     -0.814667      0.617657
  N      -8.047861     -1.212544     -2.270463
  O      -7.557234     -2.157240     -2.861768
  O      -9.213965     -0.865896     -2.320468
  H     -15.987026     -8.621673    -12.844040
18
Coordinates from ORCA-job para_p_opt_6 E -475.600365997956
  C      -5.462712      1.085442      0.181664
  C      -6.522883      1.702837     -0.547054
  C      -7.366243      0.954355     -1.344704
  C      -7.148122     -0.434908     -1.421410
  C      -6.113478     -1.088025     -0.722597
  C      -5.281514     -0.324938      0.073210
  C      -4.582608      1.895014      1.062560
  H      -5.037607      1.954646      2.074588
  H      -4.482424      2.932384      0.708932
  H      -3.590054      1.439208      1.192842
  H      -6.663002      2.783392     -0.470049
  H      -8.187438      1.403347     -1.904997
  H      -5.988240     -2.166482     -0.828193
  H      -4.470173     -0.802287      0.627209
  N      -8.032455     -1.234491     -2.265393
  O      -7.534097     -2.179078     -2.850589
  O      -9.200709     -0.895914     -2.320958
  H     -16.015360     -8.580851    -12.854369
18
Coordinates from ORCA-job para_p_opt_6 E -475.600367123707
  C      -5.465055      1.086142      0.183756
  C      -6.524036      1.701772     -0.548280
  C      -7.363963      0.951849     -1.348168
  C      -7.143429     -0.437093     -1.423935
  C      -6.109844     -1.088440     -0.721786
  C      -5.281426     -0.323890      0.076323
  C      -4.588665      1.897729      1.066529
  H      -5.048472      1.961178      2.076077
  H      -4.486139      2.933948      0.709986
  H      -3.596898      1.441959      1.202612
  H      -6.665901      2.782152     -0.471985
  H      -8.184202      1.399473     -1.910965
  H      -5.982538     -2.166707     -0.826937
  H      -4.471037     -0.799848      0.632901
  N      -8.023451     -1.238198     -2.270852
  O      -7.519965     -2.180144     -2.855833
  O      -9.192685     -0.903549     -2.329056
  H     -16.031415     -8.574684    -12.849697
18
Coordinates from ORCA-job para_p_opt_6 E -475.600370105105
  C      -5.472382      1.091308      0.186942
  C      -6.529805      1.695357     -0.557190
  C      -7.357817      0.935169     -1.359621
  C      -7.126324     -0.452583     -1.426767
  C      -6.093370     -1.092287     -0.712889
  C      -5.277468     -0.317442      0.088361
  C      -4.610221      1.915627      1.072172
  H      -5.094454      2.008422      2.067769
  H      -4.491667      2.942635      0.693557
  H      -3.625096      1.457205      1.241321
  H      -6.680053      2.775102     -0.488098
  H      -8.176686      1.374689     -1.930814
  H      -5.955842     -2.169902     -0.812101
  H      -4.468216     -0.784498      0.654024
  N      -7.992518     -1.264190     -2.277446
  O      -7.474427     -2.197809     -2.863105
  O      -9.165669     -0.944837     -2.336857
  H     -16.087106     -8.528315    -12.848567
18
Coordinates from ORCA-job para_p_opt_6 E -475.600370106088
  C      -5.472794      1.089017      0.190208
  C      -6.526987      1.698264     -0.553846
  C      -7.354771      0.942942     -1.361188
  C      -7.126482     -0.445178     -1.433344
  C      -6.096746     -1.089938     -0.719674
  C      -5.280894     -0.320023      0.086342
  C      -4.610273      1.906888      1.081065
  H      -5.087781      1.981291      2.081463
  H      -4.500439      2.939623      0.716151
  H      -3.621151      1.452106      1.237257
  H      -6.675164      2.778039     -0.481104
  H      -8.171084      1.387080     -1.932437
  H      -5.961072     -2.167441     -0.822406
  H      -4.473951     -0.791192      0.651924
  N      -7.993026     -1.251315     -2.289136
  O      -7.475315     -2.185631     -2.873665
  O      -9.164816     -0.927528     -2.353930
  H     -16.086378     -8.553354    -12.832991
18
Coordinates from ORCA-job para_p_opt_6 E -475.600370142881
  C      -5.471354      1.088788      0.188791
  C      -6.526400      1.698872     -0.553280
  C      -7.356328      0.944168     -1.359030
  C      -7.129528     -0.444160     -1.431441
  C      -6.099138     -1.089808     -0.719696
  C      -5.280972     -0.320555      0.084613
  C      -4.606256      1.905559      1.078108
  H      -5.079891      1.976634      2.080628
  H      -4.498980      2.939296      0.715418
  H      -3.616129      1.451295      1.229532
  H      -6.673645      2.778765     -0.480405
  H      -8.173222      1.389114     -1.928801
  H      -5.964698     -2.167479     -0.822226
  H      -4.473355     -0.792455      0.648623
  N      -7.998744     -1.249570     -2.285340
  O      -7.484986     -2.186175     -2.869754
  O      -9.169668     -0.922410     -2.348567
  H     -16.075824     -8.556228    -12.836483
18
Coordinates from ORCA-job para_p_opt_6 E -475.600370414155
  C      -5.472172      1.089381      0.189256
  C      -6.527163      1.698204     -0.553999
  C      -7.355660      0.942440     -1.360223
  C      -7.127484     -0.445670     -1.431926
  C      -6.097186     -1.090104     -0.718944
  C      -5.280451     -0.319809      0.085837
  C      -4.608718      1.907421      1.078997
  H      -5.085631      1.982237      2.079702
  H      -4.499113      2.940043      0.713728
  H      -3.619668      1.452430      1.234850
  H      -6.675513      2.777986     -0.481681
  H      -8.172404      1.386478     -1.930921
  H      -5.961623     -2.167694     -0.820872
  H      -4.472916     -0.790770      0.650740
  N      -7.994905     -1.252202     -2.286591
  O      -7.479460     -2.188172     -2.870559
  O      -9.166318     -0.926932     -2.350582
  H     -16.082736     -8.551618    -12.836122
18
Coordinates from ORCA-job para_p_opt_6 E -475.600370439535
  C      -5.472473      1.089284      0.189769
  C      -6.526944      1.698438     -0.553891
  C      -7.355094      0.942990     -1.360796
  C      -7.127129     -0.445136     -1.432742
  C      -6.097421     -1.089926     -0.719282
  C      -5.281010     -0.319962      0.086144
  C      -4.609172      1.906817      1.080123
  H      -5.084975      1.978861      2.081557
  H      -4.501259      2.940256      0.716750
  H      -3.619365      1.452736      1.233998
  H      -6.675242      2.778216     -0.481442
  H      -8.171379      1.387448     -1.931824
  H      -5.961890     -2.167514     -0.821250
  H      -4.473900     -0.791232      0.651401
  N      -7.994086     -1.251247     -2.288281
  O      -7.478340     -2.186927     -2.872422
  O      -9.165436     -0.925824     -2.352909
  H     -16.084006     -8.553627    -12.834215
