18
Coordinates from ORCA-job educts_optfreq_6
  C   -6.12123606938865      0.68063291762517      2.27943629784183
  C   -6.42051773268016      0.96084224439190      0.91184896963353
  C   -5.97829449535350      0.11759851797870     -0.08731355693736
  C   -5.22007896708510     -1.03683467499002      0.24498752240954
  C   -4.91009133386163     -1.33307918396730      1.59403883641850
  C   -5.35217061246080     -0.49190606673634      2.59397098443310
  C   -6.59796844816500      1.56388428916911      3.36728311947897
  H   -5.77390573706355      1.81186662331249      4.06284286962821
  H   -7.33830488707446      1.02135656021539      3.99548523941512
  H   -7.06670450553614      2.48567030447782      2.99832111085622
  H   -7.00337057206174      1.85193237066286      0.66886691998246
  H   -6.20625963155119      0.32788150613850     -1.13435043860399
  H   -4.87522576272684     -1.70003126106376     -0.55297827623733
  H   -4.32458400613265     -2.22278559563100      1.83423846747091
  H   -5.12205076044590     -0.70640030518230      3.64057599894910
  N   -9.74208323295300     -0.83137554940371    -16.30895620838914
  O   -9.47662829895765     -0.76094093340216    -15.08948511412733
  O   -8.57495251346821     -0.84651854863005    -16.74873573435367
