18
Coordinates from ORCA-job educts_optfreq_6 E -475.624508855680
  C      -6.133653      0.615052      1.905415
  C      -6.661103      1.103734      0.680524
  C      -6.460671      0.414846     -0.488845
  C      -5.734207     -0.789700     -0.470934
  C      -5.173584     -1.278789      0.727819
  C      -5.369993     -0.592934      1.894631
  C      -6.356950      1.328346      3.175865
  H      -5.393667      1.662910      3.589256
  H      -6.761408      0.647032      3.938542
  H      -7.010431      2.189538      3.072149
  H      -7.223356      2.027048      0.683067
  H      -6.861255      0.791780     -1.419172
  H      -5.622446     -1.366178     -1.378439
  H      -4.605364     -2.197700      0.717482
  H      -4.958565     -0.957100      2.826536
  N      -9.099267     -0.856262    -13.941329
  O      -8.710529     -0.918222    -12.752014
  O      -7.967978     -0.931607    -14.490475
18
Coordinates from ORCA-job educts_optfreq_6 E -475.625831362667
  C      -6.138457      0.615223      1.914439
  C      -6.676232      1.101204      0.684736
  C      -6.473575      0.408338     -0.491267
  C      -5.734568     -0.799635     -0.475731
  C      -5.173434     -1.290289      0.729262
  C      -5.371556     -0.598760      1.902981
  C      -6.348193      1.341203      3.186144
  H      -5.372193      1.677881      3.593229
  H      -6.750299      0.661699      3.962134
  H      -7.006687      2.212620      3.082103
  H      -7.248569      2.031621      0.688261
  H      -6.882726      0.785016     -1.431182
  H      -5.604851     -1.371162     -1.398734
  H      -4.595530     -2.216839      0.718948
  H      -4.952218     -0.964937      2.843437
  N      -9.094648     -0.859049    -13.956908
  O      -8.708820     -0.919274    -12.770807
  O      -7.971871     -0.923067    -14.510967
18
Coordinates from ORCA-job educts_optfreq_6 E -475.625921805201
  C      -6.137931      0.616213      1.928682
  C      -6.681691      1.098575      0.698687
  C      -6.478690      0.404118     -0.477711
  C      -5.731774     -0.802333     -0.463293
  C      -5.173330     -1.293768      0.743310
  C      -5.372240     -0.600154      1.917969
  C      -6.340155      1.348406      3.198874
  H      -5.361274      1.685057      3.600619
  H      -6.739906      0.672441      3.979891
  H      -6.997956      2.220875      3.094355
  H      -7.257850      2.026929      0.702546
  H      -6.891721      0.776673     -1.417918
  H      -5.589333     -1.364854     -1.390270
  H      -4.594498     -2.220059      0.734013
  H      -4.952351     -0.966404      2.858511
  N      -9.102366     -0.865442    -14.022430
  O      -8.717941     -0.923930    -12.836370
  O      -7.983420     -0.920549    -14.579388
18
Coordinates from ORCA-job educts_optfreq_6 E -475.625961465583
  C      -6.136759      0.617352      1.941665
  C      -6.684999      1.096075      0.712114
  C      -6.482535      0.399769     -0.463110
  C      -5.728208     -0.803847     -0.449412
  C      -5.173451     -1.295946      0.757937
  C      -5.372948     -0.600650      1.932234
  C      -6.333010      1.354409      3.209949
  H      -5.352337      1.690600      3.607221
  H      -6.731024      0.681793      3.994691
  H      -6.989671      2.227382      3.104613
  H      -7.264619      2.021978      0.715968
  H      -6.899399      0.767205     -1.403399
  H      -5.574463     -1.357481     -1.379590
  H      -4.594526     -2.221913      0.750185
  H      -4.953275     -0.966973      2.872610
  N      -9.111153     -0.871715    -14.087488
  O      -8.727584     -0.928447    -12.900351
  O      -7.994465     -0.917797    -14.645760
18
Coordinates from ORCA-job educts_optfreq_6 E -475.625980251431
  C      -6.134727      0.618736      1.954097
  C      -6.683850      1.095700      0.724684
  C      -6.481988      0.397876     -0.449219
  C      -5.724573     -0.804055     -0.435227
  C      -5.172050     -1.296133      0.772394
  C      -5.372001     -0.599849      1.945883
  C      -6.329531      1.357409      3.221457
  H      -5.348442      1.693165      3.617619
  H      -6.727473      0.686155      4.007272
  H      -6.985477      2.230622      3.115367
  H      -7.264914      2.020533      0.728026
  H      -6.900524      0.762183     -1.389832
  H      -5.566459     -1.354131     -1.366575
  H      -4.593082     -2.221925      0.765981
  H      -4.952768     -0.965975      2.886388
  N      -9.122139     -0.877186    -14.153089
  O      -8.738916     -0.932811    -12.964775
  O      -8.005513     -0.918521    -14.710373
18
Coordinates from ORCA-job educts_optfreq_6 E -475.625994656882
  C      -6.132517      0.620180      1.966482
  C      -6.681089      1.096171      0.736782
  C      -6.479425      0.397010     -0.436106
  C      -5.721093     -0.804221     -0.421205
  C      -5.169666     -1.295710      0.786757
  C      -5.370120     -0.598538      1.959470
  C      -6.327792      1.359360      3.233398
  H      -5.346791      1.694891      3.629838
  H      -6.726316      0.688660      4.019325
  H      -6.983338      2.232728      3.126551
  H      -7.262577      2.020712      0.739281
  H      -6.898376      0.759431     -1.377235
  H      -5.561941     -1.353674     -1.352699
  H      -4.590436     -2.221319      0.781567
  H      -4.951285     -0.964122      2.900337
  N      -9.133924     -0.882139    -14.218701
  O      -8.751024     -0.936936    -13.029475
  O      -8.016717     -0.920690    -14.774290
18
Coordinates from ORCA-job educts_optfreq_6 E -475.626007949034
  C      -6.130350      0.621544      1.978981
  C      -6.678089      1.096758      0.748744
  C      -6.476116      0.396514     -0.423446
  C      -5.717807     -0.804625     -0.407345
  C      -5.166764     -1.295160      0.801092
  C      -5.367783     -0.597089      1.973152
  C      -6.326656      1.361097      3.245543
  H      -5.345912      1.696683      3.642596
  H      -6.725855      0.690731      4.031396
  H      -6.982041      2.234506      3.137895
  H      -7.259590      2.021314      0.750265
  H      -6.894788      0.757852     -1.365133
  H      -5.558853     -1.354796     -1.338470
  H      -4.587205     -2.220586      0.797001
  H      -4.949287     -0.961908      2.914486
  N      -9.145823     -0.886705    -14.284121
  O      -8.763430     -0.940778    -13.094303
  O      -8.028080     -0.923560    -14.838254
18
Coordinates from ORCA-job educts_optfreq_6 E -475.626020954264
  C      -6.128325      0.622990      1.991282
  C      -6.675272      1.096757      0.760232
  C      -6.472581      0.394993     -0.410990
  C      -5.714178     -0.806047     -0.393049
  C      -5.163450     -1.294940      0.816153
  C      -5.365308     -0.595431      1.987259
  C      -6.325789      1.363559      3.257126
  H      -5.345352      1.699442      3.654723
  H      -6.725756      0.693890      4.043181
  H      -6.981042      2.236936      3.148190
  H      -7.256881      2.021267      0.760260
  H      -6.890775      0.754844     -1.353478
  H      -5.555344     -1.357385     -1.323530
  H      -4.583431     -2.220100      0.813659
  H      -4.947188     -0.958940      2.929286
  N      -9.157857     -0.890828    -14.349413
  O      -8.776323     -0.943920    -13.158910
  O      -8.039576     -0.925294    -14.901904
18
Coordinates from ORCA-job educts_optfreq_6 E -475.626033848164
  C      -6.126416      0.624460      2.003398
  C      -6.672648      1.096124      0.771266
  C      -6.468806      0.392531     -0.398731
  C      -5.710235     -0.808390     -0.378332
  C      -5.159755     -1.294970      0.831910
  C      -5.362686     -0.593584      2.001766
  C      -6.325169      1.366704      3.268111
  H      -5.345132      1.703168      3.666201
  H      -6.725967      0.698070      4.054631
  H      -6.980372      2.239912      3.157384
  H      -7.254483      2.020500      0.769339
  H      -6.886301      0.750677     -1.342189
  H      -5.551369     -1.361425     -1.307816
  H      -4.579241     -2.219826      0.831405
  H      -4.944975     -0.955278      2.944684
  N      -9.170009     -0.894423    -14.414434
  O      -8.789729     -0.946304    -13.223233
  O      -8.051135     -0.926151    -14.965282
18
Coordinates from ORCA-job educts_optfreq_6 E -475.626046550169
  C      -6.124828      0.626414      2.014491
  C      -6.670117      1.093430      0.780267
  C      -6.464145      0.386004     -0.387098
  C      -5.704652     -0.814315     -0.361795
  C      -5.154762     -1.296140      0.850535
  C      -5.359744     -0.590862      2.017773
  C      -6.325699      1.372478      3.276678
  H      -5.346357      1.710161      3.675398
  H      -6.727971      0.706194      4.064457
  H      -6.980793      2.245303      3.162233
  H      -7.252720      2.017309      0.774424
  H      -6.880620      0.740384     -1.332434
  H      -5.545015     -1.370349     -1.289366
  H      -4.573272     -2.220381      0.854036
  H      -4.942705     -0.948802      2.962425
  N      -9.182947     -0.896377    -14.478873
  O      -8.805124     -0.946060    -13.286369
  O      -8.062958     -0.922599    -15.026707
18
Coordinates from ORCA-job educts_optfreq_6 E -475.626059549811
  C      -6.123562      0.628741      2.024520
  C      -6.667599      1.088490      0.787060
  C      -6.458324      0.375391     -0.376307
  C      -5.697421     -0.823920     -0.343463
  C      -5.148348     -1.298341      0.872125
  C      -5.356377     -0.587231      2.035337
  C      -6.327601      1.380919      3.282605
  H      -5.349377      1.720592      3.682272
  H      -6.732049      0.718306      4.072407
  H      -6.982622      2.253023      3.162330
  H      -7.251438      2.011528      0.775288
  H      -6.873252      0.724402     -1.324322
  H      -5.536305     -1.384862     -1.267833
  H      -4.565495     -2.221678      0.881510
  H      -4.940286     -0.939387      2.982579
  N      -9.196720     -0.896395    -14.542083
  O      -8.822689     -0.942991    -13.348009
  O      -8.074963     -0.914795    -15.085938
18
Coordinates from ORCA-job educts_optfreq_6 E -475.626073125989
  C      -6.123253      0.632455      2.030969
  C      -6.664880      1.077068      0.786997
  C      -6.449268      0.352207     -0.367941
  C      -5.684978     -0.844427     -0.319776
  C      -5.137955     -1.303767      0.902435
  C      -5.352095     -0.580824      2.057269
  C      -6.333609      1.397304      3.280378
  H      -5.357652      1.740894      3.681994
  H      -6.742568      0.742369      4.074348
  H      -6.988319      2.267896      3.148075
  H      -7.251491      1.998106      0.763193
  H      -6.861440      0.689982     -1.321239
  H      -5.519870     -1.414911     -1.237618
  H      -4.552336     -2.225142      0.923718
  H      -4.937939     -0.921218      3.009642
  N      -9.212906     -0.890463    -14.601011
  O      -8.846316     -0.931595    -13.404172
  O      -8.087553     -0.894141    -15.137183
18
Coordinates from ORCA-job educts_optfreq_6 E -475.626088311546
  C      -6.123822      0.637192      2.033697
  C      -6.661598      1.059461      0.780227
  C      -6.436877      0.317599     -0.362116
  C      -5.667573     -0.874440     -0.291431
  C      -5.124200     -1.311718      0.940537
  C      -5.347299     -0.571883      2.082850
  C      -6.343718      1.420664      3.269818
  H      -5.371260      1.769758      3.674817
  H      -6.759725      0.777120      4.069585
  H      -6.997648      2.288918      3.119607
  H      -7.252271      1.977263      0.738918
  H      -6.845098      0.639304     -1.322699
  H      -5.495391     -1.458910     -1.199192
  H      -4.534756     -2.230086      0.978881
  H      -4.936265     -0.895198      3.042481
  N      -9.231293     -0.877984    -14.653070
  O      -8.874947     -0.912702    -13.453429
  O      -8.100687     -0.862563    -15.179407
18
Coordinates from ORCA-job educts_optfreq_6 E -475.626102839313
  C      -6.123681      0.641231      2.038154
  C      -6.657757      1.045354      0.777019
  C      -6.425997      0.289704     -0.354794
  C      -5.652274     -0.898066     -0.265661
  C      -5.113091     -1.317747      0.974346
  C      -5.343551     -0.564422      2.106169
  C      -6.351764      1.439565      3.263141
  H      -5.382251      1.792273      3.671804
  H      -6.774391      0.805409      4.067062
  H      -7.004235      2.306231      3.098212
  H      -7.251848      1.960208      0.721701
  H      -6.831694      0.597898     -1.320844
  H      -5.472476     -1.493157     -1.164935
  H      -4.520729     -2.233560      1.026518
  H      -4.935569     -0.874249      3.071525
  N      -9.248825     -0.868071    -14.707014
  O      -8.900122     -0.898674    -13.506022
  O      -8.114172     -0.838136    -15.226306
18
Coordinates from ORCA-job educts_optfreq_6 E -475.626115580643
  C      -6.121693      0.642966      2.049194
  C      -6.654237      1.043388      0.786166
  C      -6.421021      0.284813     -0.343354
  C      -5.646253     -0.902184     -0.249843
  C      -5.109057     -1.318353      0.992266
  C      -5.341279     -0.562102      2.121665
  C      -6.352364      1.444166      3.271768
  H      -5.383633      1.796517      3.682565
  H      -6.777656      0.812056      4.075922
  H      -7.003566      2.311122      3.103446
  H      -7.249098      1.957565      0.727989
  H      -6.827047      0.589579     -1.310215
  H      -5.463332     -1.499392     -1.146914
  H      -4.516254     -2.233707      1.047556
  H      -4.934457     -0.869394      3.088315
  N      -9.261876     -0.869803    -14.769843
  O      -8.915230     -0.899126    -13.568881
  O      -8.126374     -0.836318    -15.287727
18
Coordinates from ORCA-job educts_optfreq_6 E -475.626128087415
  C      -6.120085      0.645298      2.059094
  C      -6.650230      1.039804      0.793370
  C      -6.414667      0.276170     -0.332260
  C      -5.638301     -0.909237     -0.232130
  C      -5.103722     -1.319827      1.012807
  C      -5.338945     -0.558838      2.138426
  C      -6.354493      1.450826      3.278137
  H      -5.386843      1.802911      3.691651
  H      -6.783758      0.821959      4.082740
  H      -7.003841      2.318149      3.104659
  H      -7.246037      1.953044      0.730265
  H      -6.820375      0.575047     -1.301147
  H      -5.452396     -1.509597     -1.126493
  H      -4.509840     -2.234138      1.073413
  H      -4.933746     -0.861760      3.107135
  N      -9.276070     -0.869597    -14.832263
  O      -8.931734     -0.897513    -13.630400
  O      -8.139342     -0.830908    -15.346927
18
Coordinates from ORCA-job educts_optfreq_6 E -475.626140024890
  C      -6.117587      0.645876      2.072906
  C      -6.646904      1.043090      0.807696
  C      -6.411615      0.281419     -0.319359
  C      -5.636231     -0.904942     -0.220964
  C      -5.102256     -1.318036      1.023445
  C      -5.337216     -0.558850      2.150365
  C      -6.352286      1.449069      3.293438
  H      -5.384538      1.798983      3.708601
  H      -6.782984      0.819064      4.096384
  H      -7.000352      2.317619      3.121310
  H      -7.241943      1.956952      0.746228
  H      -6.817887      0.581834     -1.287442
  H      -5.450570     -1.504440     -1.115946
  H      -4.508943     -2.232810      1.082582
  H      -4.932416     -0.863824      3.118597
  N      -9.287191     -0.876237    -14.898138
  O      -8.942743     -0.903751    -13.696358
  O      -8.150767     -0.839222    -15.413266
18
Coordinates from ORCA-job educts_optfreq_6 E -475.626152350374
  C      -6.115592      0.646707      2.085849
  C      -6.643441      1.044462      0.820230
  C      -6.407029      0.283174     -0.306905
  C      -5.632340     -0.903538     -0.208047
  C      -5.099379     -1.316986      1.036703
  C      -5.335397     -0.558145      2.163713
  C      -6.351559      1.449410      3.306489
  H      -5.384117      1.797377      3.723957
  H      -6.785090      0.819504      4.108024
  H      -6.997909      2.319114      3.133706
  H      -7.237892      1.958685      0.758382
  H      -6.812452      0.583937     -1.275251
  H      -5.446631     -1.503440     -1.102823
  H      -4.506220     -2.231840      1.096166
  H      -4.931582     -0.863441      3.132260
  N      -9.299413     -0.880954    -14.963349
  O      -8.955566     -0.907747    -13.761186
  O      -8.162817     -0.844486    -15.477843
18
Coordinates from ORCA-job educts_optfreq_6 E -475.626164896476
  C      -6.113847      0.647345      2.098878
  C      -6.640020      1.045814      0.832798
  C      -6.401889      0.285140     -0.294419
  C      -5.628010     -0.901918     -0.195175
  C      -5.096313     -1.315915      1.049932
  C      -5.333836     -0.557689      2.177108
  C      -6.351084      1.449606      3.319594
  H      -5.384071      1.795019      3.740023
  H      -6.788494      0.819884      4.119231
  H      -6.995230      2.320755      3.145829
  H      -7.233815      1.960420      0.770355
  H      -6.805118      0.587022     -1.263386
  H      -5.442045     -1.501726     -1.090013
  H      -4.503412     -2.230913      1.109754
  H      -4.931427     -0.863439      3.146099
  N      -9.311891     -0.885651    -15.028571
  O      -8.968839     -0.911562    -13.825804
  O      -8.175090     -0.850401    -15.542157
18
Coordinates from ORCA-job educts_optfreq_6 E -475.626177214576
  C      -6.112058      0.648141      2.111553
  C      -6.636361      1.046765      0.844731
  C      -6.396426      0.286185     -0.282158
  C      -5.623012     -0.901023     -0.181884
  C      -5.093148     -1.315138      1.063946
  C      -5.332327     -0.557016      2.190825
  C      -6.350985      1.450378      3.331963
  H      -5.384642      1.793106      3.755926
  H      -6.792800      0.821080      4.129584
  H      -6.992737      2.322978      3.156661
  H      -7.229848      1.961494      0.781303
  H      -6.797283      0.588760     -1.251912
  H      -5.435807     -1.500617     -1.076583
  H      -4.500581     -2.230295      1.124603
  H      -4.931543     -0.862872      3.160451
  N      -9.324649     -0.889882    -15.093290
  O      -8.982839     -0.914685    -13.890018
  O      -8.187380     -0.855567    -15.605625
18
Coordinates from ORCA-job educts_optfreq_6 E -475.626189468150
  C      -6.110215      0.648985      2.124118
  C      -6.632244      1.047927      0.856443
  C      -6.390404      0.287464     -0.270095
  C      -5.617454     -0.899935     -0.168675
  C      -5.090017     -1.314406      1.078044
  C      -5.330973     -0.556376      2.204552
  C      -6.351280      1.451001      3.344264
  H      -5.385836      1.790419      3.772691
  H      -6.798370      0.822056      4.139304
  H      -6.990173      2.325339      3.167244
  H      -7.225499      1.962726      0.792011
  H      -6.788654      0.590786     -1.240687
  H      -5.428551     -1.499078     -1.063287
  H      -4.497967     -2.229835      1.139608
  H      -4.932051     -0.862440      3.174876
  N      -9.337656     -0.894083    -15.157756
  O      -8.997416     -0.917557    -13.954024
  O      -8.199670     -0.861202    -15.668552
18
Coordinates from ORCA-job educts_optfreq_6 E -475.626201647645
  C      -6.108339      0.649800      2.136721
  C      -6.627467      1.049729      0.868172
  C      -6.383566      0.289767     -0.258245
  C      -5.611324     -0.898033     -0.155879
  C      -5.086970     -1.313547      1.091770
  C      -5.329901     -0.555964      2.218111
  C      -6.352054      1.450978      3.356907
  H      -5.387729      1.786014      3.791029
  H      -6.805630      0.822158      4.148470
  H      -6.987315      2.327609      3.178224
  H      -7.220330      1.964720      0.802950
  H      -6.779006      0.594145     -1.229650
  H      -5.420536     -1.496388     -1.050594
  H      -4.495649     -2.229395      1.154066
  H      -4.933188     -0.862701      3.189126
  N      -9.350920     -0.898541    -15.222085
  O      -9.012513     -0.920449    -14.017909
  O      -8.211991     -0.868109    -15.731109
18
Coordinates from ORCA-job educts_optfreq_6 E -475.626213826801
  C      -6.106530      0.650478      2.149443
  C      -6.621668      1.052593      0.879986
  C      -6.375235      0.293896     -0.246729
  C      -5.604219     -0.894684     -0.143807
  C      -5.083950     -1.312408      1.104786
  C      -5.329371     -0.556038      2.231386
  C      -6.353684      1.449795      3.370182
  H      -5.390823      1.778554      3.812003
  H      -6.815903      0.820799      4.156724
  H      -6.983904      2.329721      3.189910
  H      -7.213735      1.968064      0.814284
  H      -6.767235      0.600065     -1.218965
  H      -5.411324     -1.491671     -1.038977
  H      -4.493678     -2.228904      1.167501
  H      -4.935611     -0.864332      3.203114
  N      -9.364629     -0.903419    -15.286172
  O      -9.028432     -0.923387    -14.081492
  O      -8.224496     -0.877328    -15.793097
18
Coordinates from ORCA-job educts_optfreq_6 E -475.626226005742
  C      -6.104921      0.650993      2.162157
  C      -6.614476      1.056629      0.891632
  C      -6.364689      0.300038     -0.235763
  C      -5.595518     -0.889753     -0.132496
  C      -5.080806     -1.310984      1.117177
  C      -5.329635     -0.556697      2.244443
  C      -6.356687      1.447323      3.383932
  H      -5.395803      1.767228      3.836117
  H      -6.830558      0.818009      4.163435
  H      -6.979834      2.331918      3.201977
  H      -7.205175      1.972967      0.825632
  H      -6.752424      0.608714     -1.208924
  H      -5.400000     -1.484753     -1.028428
  H      -4.491918     -2.228353      1.180149
  H      -4.939984     -0.867582      3.217007
  N      -9.379031     -0.908646    -15.349624
  O      -9.045557     -0.926157    -14.144342
  O      -8.237411     -0.889101    -15.854006
18
Coordinates from ORCA-job educts_optfreq_6 E -475.626238061841
  C      -6.103734      0.651302      2.174601
  C      -6.605291      1.061878      0.902573
  C      -6.350623      0.308280     -0.225744
  C      -5.584126     -0.883224     -0.121923
  C      -5.077197     -1.309310      1.129233
  C      -5.331053     -0.558045      2.257445
  C      -6.362019      1.443476      3.397740
  H      -5.404046      1.750977      3.864085
  H      -6.851968      0.814010      4.167354
  H      -6.975124      2.334600      3.213600
  H      -7.193848      1.979567      0.836111
  H      -6.732578      0.620286     -1.200141
  H      -5.384996     -1.475645     -1.018797
  H      -4.490122     -2.227818      1.192643
  H      -4.947365     -0.872652      3.231185
  N      -9.394598     -0.913897    -15.411592
  O      -9.064586     -0.928220    -14.205531
  O      -8.251154     -0.903772    -15.912766
18
Coordinates from ORCA-job educts_optfreq_6 E -475.626249644972
  C      -6.103125      0.651299      2.186628
  C      -6.593675      1.068615      0.912618
  C      -6.332180      0.319157     -0.216913
  C      -5.569404     -0.874714     -0.112335
  C      -5.073073     -1.307348      1.140747
  C      -5.333981     -0.560318      2.270230
  C      -6.370260      1.437892      3.411489
  H      -5.416555      1.728738      3.896409
  H      -6.881466      0.808615      4.167626
  H      -6.969740      2.337691      3.224721
  H      -7.179142      1.988236      0.845526
  H      -6.706282      0.635709     -1.192917
  H      -5.365294     -1.463754     -1.010352
  H      -4.488428     -2.227355      1.204809
  H      -4.958616     -0.880101      3.245534
  N      -9.411497     -0.919069    -15.471133
  O      -9.085596     -0.929428    -14.264100
  O      -8.266112     -0.922070    -15.968512
18
Coordinates from ORCA-job educts_optfreq_6 E -475.626260553663
  C      -6.103163      0.651184      2.197809
  C      -6.580290      1.075358      0.921059
  C      -6.309976      0.330087     -0.209183
  C      -5.551488     -0.866351     -0.102523
  C      -5.068004     -1.305582      1.153222
  C      -5.337922     -0.562837      2.283478
  C      -6.381335      1.432185      3.423810
  H      -5.433442      1.704010      3.930136
  H      -6.917228      0.804153      4.164072
  H      -6.964744      2.341738      3.233463
  H      -7.162181      1.997129      0.852354
  H      -6.674419      0.651348     -1.187324
  H      -5.340823     -1.452184     -1.001151
  H      -4.486069     -2.227190      1.218966
  H      -4.972791     -0.887947      3.260904
  N      -9.429752     -0.923029    -15.527959
  O      -9.108218     -0.929049    -14.319827
  O      -8.282582     -0.941232    -16.021226
18
Coordinates from ORCA-job educts_optfreq_6 E -475.626271103785
  C      -6.103541      0.651121      2.208433
  C      -6.566893      1.080826      0.928481
  C      -6.286935      0.338919     -0.201638
  C      -5.532480     -0.859754     -0.091521
  C      -5.062296     -1.304323      1.167358
  C      -5.341907     -0.564967      2.297519
  C      -6.393319      1.427779      3.434521
  H      -5.452060      1.681590      3.961623
  H      -6.953293      0.802057      4.159090
  H      -6.960876      2.346426      3.239953
  H      -7.145442      2.004504      0.857180
  H      -6.641186      0.664238     -1.182180
  H      -5.314285     -1.443203     -0.989894
  H      -4.482930     -2.227355      1.235797
  H      -4.987336     -0.894406      3.277378
  N      -9.448554     -0.925645    -15.583883
  O      -9.130869     -0.927683    -14.374665
  O      -8.300226     -0.958332    -16.073473
18
Coordinates from ORCA-job educts_optfreq_6 E -475.626276748842
  C      -6.104393      0.653712      2.216786
  C      -6.556493      1.075835      0.929567
  C      -6.264528      0.327643     -0.194182
  C      -5.509241     -0.870123     -0.070185
  C      -5.050383     -1.307215      1.196127
  C      -5.341806     -0.561454      2.319904
  C      -6.407718      1.436427      3.436599
  H      -5.472971      1.680415      3.981158
  H      -6.988918      0.817388      4.152729
  H      -6.963999      2.360346      3.229575
  H      -7.135864      1.998688      0.847451
  H      -6.609439      0.647378     -1.180455
  H      -5.281403     -1.458040     -0.963740
  H      -4.470385     -2.229592      1.275435
  H      -4.996126     -0.885032      3.305469
  N      -9.470441     -0.922920    -15.647910
  O      -9.161880     -0.916620    -14.435678
  O      -8.318438     -0.955043    -16.128575
18
Coordinates from ORCA-job educts_optfreq_6 E -475.626293033114
  C      -6.104517      0.655090      2.227434
  C      -6.546505      1.073107      0.936118
  C      -6.246140      0.322121     -0.182985
  C      -5.491311     -0.874162     -0.049770
  C      -5.042680     -1.307591      1.220830
  C      -5.342870     -0.559222      2.339970
  C      -6.417682      1.440774      3.442143
  H      -5.489094      1.678869      3.996170
  H      -7.010179      0.827538      4.151199
  H      -6.965645      2.367132      3.229118
  H      -7.124623      1.995735      0.847583
  H      -6.586511      0.637643     -1.171424
  H      -5.255416     -1.465797     -0.938466
  H      -4.462531     -2.228795      1.306971
  H      -5.004687     -0.880223      3.328327
  N      -9.490900     -0.920803    -15.715586
  O      -9.184085     -0.912908    -14.503204
  O      -8.339050     -0.956716    -16.194351
18
Coordinates from ORCA-job educts_optfreq_6 E -475.626300167159
  C      -6.103630      0.653455      2.241623
  C      -6.531239      1.084194      0.950065
  C      -6.223753      0.341971     -0.172039
  C      -5.476192     -0.857562     -0.041825
  C      -5.041294     -1.303486      1.228829
  C      -5.348558     -0.564094      2.351024
  C      -6.426179      1.428950      3.459666
  H      -5.504396      1.646271      4.036556
  H      -7.043470      0.814438      4.148590
  H      -6.956900      2.365306      3.247004
  H      -7.103937      2.009502      0.863626
  H      -6.551503      0.668216     -1.161230
  H      -5.235507     -1.442632     -0.932995
  H      -4.466352     -2.227287      1.312264
  H      -5.021022     -0.894514      3.339499
  N      -9.509435     -0.925942    -15.778500
  O      -9.204141     -0.916524    -14.566399
  O      -8.356918     -0.988469    -16.255681
18
Coordinates from ORCA-job educts_optfreq_6 E -475.626316911343
  C      -6.103737      0.655128      2.252750
  C      -6.525722      1.079254      0.956564
  C      -6.210054      0.332613     -0.160940
  C      -5.461140     -0.865905     -0.021097
  C      -5.032561     -1.305539      1.254406
  C      -5.347086     -0.561109      2.371769
  C      -6.433181      1.436682      3.465571
  H      -5.516412      1.653518      4.048600
  H      -7.057381      0.826834      4.151326
  H      -6.960314      2.373340      3.245682
  H      -7.099751      2.003526      0.862643
  H      -6.532118      0.654959     -1.153689
  H      -5.213830     -1.454514     -0.908278
  H      -4.456821     -2.228721      1.345286
  H      -5.024451     -0.886461      3.363928
  N      -9.528190     -0.926112    -15.848634
  O      -9.227604     -0.910642    -14.634652
  O      -8.374073     -0.985056    -16.321157
18
Coordinates from ORCA-job educts_optfreq_6 E -475.626328579430
  C      -6.103297      0.657074      2.263119
  C      -6.517718      1.074643      0.962278
  C      -6.194223      0.323054     -0.149770
  C      -5.444342     -0.873866      0.000285
  C      -5.023512     -1.307203      1.280622
  C      -5.346242     -0.557961      2.392598
  C      -6.442098      1.443880      3.470169
  H      -5.531259      1.658672      4.062246
  H      -7.076350      0.838746      4.150847
  H      -6.963766      2.381909      3.241965
  H      -7.092783      1.997671      0.860512
  H      -6.510463      0.640646     -1.145753
  H      -5.189760     -1.465913     -0.882695
  H      -4.447169     -2.229427      1.379337
  H      -5.029514     -0.878321      3.388296
  N      -9.548111     -0.924756    -15.916853
  O      -9.251150     -0.904634    -14.701880
  O      -8.392672     -0.982421    -16.385245
18
Coordinates from ORCA-job educts_optfreq_6 E -475.626339658126
  C      -6.102839      0.658546      2.274000
  C      -6.509267      1.071356      0.969049
  C      -6.178039      0.316198     -0.138313
  C      -5.428200     -0.879578      0.020608
  C      -5.015420     -1.308271      1.305186
  C      -5.345797     -0.555406      2.412458
  C      -6.450610      1.449233      3.475990
  H      -5.545905      1.661864      4.077749
  H      -7.094886      0.847696      4.150361
  H      -6.966709      2.388499      3.240526
  H      -7.084600      1.993443      0.860326
  H      -6.487201      0.630951     -1.137410
  H      -5.167354     -1.474295     -0.858721
  H      -4.439267     -2.229902      1.410586
  H      -5.035284     -0.872006      3.411328
  N      -9.567839     -0.923899    -15.984799
  O      -9.274055     -0.899370    -14.769106
  O      -8.411155     -0.983266    -16.449741
18
Coordinates from ORCA-job educts_optfreq_6 E -475.626350228693
  C      -6.102613      0.660382      2.283887
  C      -6.499835      1.067049      0.974209
  C      -6.160025      0.307243     -0.127349
  C      -5.410069     -0.886953      0.042313
  C      -5.006236     -1.309511      1.331728
  C      -5.345426     -0.552085      2.433213
  C      -6.460981      1.455621      3.479737
  H      -5.563161      1.665594      4.092508
  H      -7.116828      0.858437      4.147073
  H      -6.970383      2.396464      3.235796
  H      -7.075321      1.988009      0.857255
  H      -6.462485      0.617241     -1.129948
  H      -5.142335     -1.485284     -0.832465
  H      -4.429869     -2.230018      1.445246
  H      -5.041838     -0.863924      3.435673
  N      -9.588614     -0.921919    -16.051150
  O      -9.297897     -0.892603    -14.834955
  O      -8.430512     -0.981950    -16.512693
18
Coordinates from ORCA-job educts_optfreq_6 E -475.626360459795
  C      -6.102663      0.662754      2.292492
  C      -6.491968      1.059008      0.977288
  C      -6.143214      0.291833     -0.116310
  C      -5.391633     -0.899307      0.066946
  C      -4.995435     -1.311459      1.362037
  C      -5.343750     -0.546772      2.455661
  C      -6.471670      1.465647      3.479926
  H      -5.580415      1.678006      4.101174
  H      -7.135973      0.873303      4.143272
  H      -6.977223      2.405746      3.225213
  H      -7.068733      1.977734      0.849702
  H      -6.439327      0.594211     -1.123101
  H      -5.116990     -1.503275     -0.801838
  H      -4.417729     -2.229769      1.485980
  H      -5.046143     -0.850536      3.462364
  N      -9.609566     -0.917932    -16.116308
  O      -9.321937     -0.883578    -14.899596
  O      -8.450058     -0.973818    -16.574824
18
Coordinates from ORCA-job educts_optfreq_6 E -475.626369738296
  C      -6.103458      0.665705      2.298777
  C      -6.483396      1.047679      0.976673
  C      -6.123493      0.270805     -0.106402
  C      -5.369603     -0.916025      0.094645
  C      -4.982331     -1.313914      1.396816
  C      -5.341890     -0.539552      2.479973
  C      -6.485537      1.478633      3.475174
  H      -5.602165      1.694365      4.106304
  H      -7.159809      0.892596      4.134235
  H      -6.986527      2.417388      3.206790
  H      -7.061910      1.963270      0.835359
  H      -6.412955      0.562128     -1.118476
  H      -5.086610     -1.527690     -0.766023
  H      -4.402571     -2.228963      1.534467
  H      -5.051383     -0.832378      3.491972
  N      -9.632163     -0.911187    -16.177357
  O      -9.347788     -0.870604    -14.960204
  O      -8.470839     -0.960462    -16.632650
18
Coordinates from ORCA-job educts_optfreq_6 E -475.626377708578
  C      -6.104909      0.669250      2.302602
  C      -6.474615      1.032454      0.972419
  C      -6.101820      0.243184     -0.097199
  C      -5.344749     -0.937746      0.125873
  C      -4.966996     -1.316793      1.436330
  C      -5.339538     -0.530033      2.506117
  C      -6.502075      1.494942      3.464963
  H      -5.627504      1.717243      4.105998
  H      -7.186046      0.916180      4.120635
  H      -6.999147      2.430814      3.179837
  H      -7.055394      1.943767      0.814121
  H      -6.384469      0.519641     -1.115546
  H      -5.052604     -1.559369     -0.724508
  H      -4.384305     -2.227203      1.591090
  H      -5.056768     -0.808550      3.524336
  N      -9.656028     -0.901602    -16.233867
  O      -9.374576     -0.854117    -15.016507
  O      -8.492883     -0.940269    -16.686617
18
Coordinates from ORCA-job educts_optfreq_6 E -475.626340933040
  C      -6.111109      0.678408      2.278806
  C      -6.480658      0.975465      0.932468
  C      -6.091419      0.143485     -0.097252
  C      -5.315658     -1.013476      0.179509
  C      -4.935866     -1.326075      1.506424
  C      -5.326677     -0.498113      2.538304
  C      -6.528875      1.548936      3.400398
  H      -5.658461      1.835321      4.021091
  H      -7.187898      0.982986      4.090801
  H      -7.055889      2.453393      3.070445
  H      -7.076386      1.868467      0.730690
  H      -6.368589      0.368593     -1.127135
  H      -5.011616     -1.665349     -0.644776
  H      -4.338431     -2.218122      1.705360
  H      -5.043148     -0.725976      3.568566
  N      -9.669971     -0.864939    -16.213684
  O      -9.389407     -0.817889    -14.995925
  O      -8.514368     -0.833323    -16.674013
18
Coordinates from ORCA-job educts_optfreq_6 E -475.626349008538
  C      -6.111517      0.681551      2.282875
  C      -6.473737      0.958764      0.930344
  C      -6.074561      0.114499     -0.085398
  C      -5.295264     -1.035098      0.211670
  C      -4.922628     -1.328018      1.545060
  C      -5.323752     -0.487922      2.563126
  C      -6.541246      1.565231      3.389593
  H      -5.677805      1.861847      4.014752
  H      -7.205694      1.006390      4.080551
  H      -7.067492      2.464129      3.043260
  H      -7.072621      1.845971      0.712740
  H      -6.346724      0.324911     -1.119893
  H      -4.982657     -1.696146     -0.602140
  H      -4.322574     -2.214648      1.759832
  H      -5.045713     -0.700503      3.598069
  N      -9.691783     -0.854149    -16.271031
  O      -9.412636     -0.803049    -15.053226
  O      -8.536022     -0.811968    -16.730107
18
Coordinates from ORCA-job educts_optfreq_6 E -475.626368886969
  C      -6.108435      0.681744      2.298654
  C      -6.469758      0.961836      0.946367
  C      -6.070622      0.119375     -0.071087
  C      -5.291837     -1.030960      0.224287
  C      -4.920988     -1.327176      1.557585
  C      -5.322131     -0.488886      2.577066
  C      -6.538206      1.564092      3.406563
  H      -5.676126      1.855707      4.035348
  H      -7.207189      1.005723      4.093565
  H      -7.061091      2.465485      3.061121
  H      -7.068970      1.849291      0.730295
  H      -6.342413      0.333659     -1.105201
  H      -4.977023     -1.690418     -0.589834
  H      -4.322071     -2.215158      1.770326
  H      -5.044923     -0.703419      3.611773
  N      -9.706220     -0.859124    -16.346249
  O      -9.427979     -0.805823    -15.128259
  O      -8.548445     -0.824155    -16.802242
18
Coordinates from ORCA-job educts_optfreq_6 E -475.626398815186
  C      -6.106651      0.678460      2.318654
  C      -6.450680      0.992667      0.969311
  C      -6.046993      0.172150     -0.064519
  C      -5.284691     -0.993301      0.214753
  C      -4.930173     -1.323064      1.544771
  C      -5.333322     -0.504694      2.579117
  C      -6.539345      1.536980      3.443623
  H      -5.684976      1.781726      4.104270
  H      -7.241798      0.975514      4.094825
  H      -7.029288      2.462158      3.115973
  H      -7.034958      1.892814      0.767805
  H      -6.313425      0.407507     -1.096933
  H      -4.971963     -1.641047     -0.608096
  H      -4.341786     -2.220816      1.743973
  H      -5.070035     -0.746423      3.612026
  N      -9.721849     -0.875427    -16.410803
  O      -9.442950     -0.816296    -15.193430
  O      -8.559544     -0.887116    -16.865242
18
Coordinates from ORCA-job educts_optfreq_6 E -475.626326998738
  C      -6.113751      0.682919      2.288124
  C      -6.453645      0.953783      0.930367
  C      -6.036793      0.106762     -0.074979
  C      -5.263196     -1.041558      0.240065
  C      -4.912112     -1.327919      1.578726
  C      -5.329836     -0.483802      2.585620
  C      -6.562771      1.569266      3.383719
  H      -5.716292      1.848800      4.033105
  H      -7.255691      1.021502      4.051850
  H      -7.065783      2.473847      3.027240
  H      -7.047164      1.840263      0.700078
  H      -6.297320      0.308031     -1.114286
  H      -4.939947     -1.707016     -0.564908
  H      -4.315004     -2.211910      1.806944
  H      -5.068746     -0.691746      3.624711
  N      -9.720115     -0.847107    -16.329869
  O      -9.442567     -0.789109    -15.111896
  O      -8.563694     -0.813212    -16.784537
18
Coordinates from ORCA-job educts_optfreq_6 E -475.626373833877
  C      -6.117165      0.682733      2.287202
  C      -6.452082      0.952337      0.925254
  C      -6.028345      0.104480     -0.079520
  C      -5.255768     -1.043821      0.240648
  C      -4.910509     -1.329700      1.583971
  C      -5.332740     -0.484102      2.589855
  C      -6.568793      1.571495      3.381945
  H      -5.720807      1.846173      4.040394
  H      -7.271150      1.022327      4.047871
  H      -7.067939      2.479907      3.020137
  H      -7.043550      1.840258      0.690363
  H      -6.279342      0.307199     -1.123803
  H      -4.928638     -1.709971     -0.563337
  H      -4.312920     -2.213988      1.816254
  H      -5.075121     -0.690686      3.632028
  N      -9.725591     -0.844798    -16.328634
  O      -9.451439     -0.781740    -15.109660
  O      -8.562526     -0.816310    -16.780891
18
Coordinates from ORCA-job educts_optfreq_6 E -475.626350791276
  C      -6.117044      0.682580      2.281225
  C      -6.444031      0.948357      0.918649
  C      -6.016971      0.099795     -0.080556
  C      -5.247421     -1.045635      0.246766
  C      -4.909920     -1.327332      1.590905
  C      -5.335514     -0.480649      2.590536
  C      -6.576159      1.571001      3.369993
  H      -5.732899      1.842335      4.037285
  H      -7.288388      1.023828      4.029045
  H      -7.070111      2.478345      3.002527
  H      -7.035270      1.832762      0.679549
  H      -6.265253      0.301304     -1.124508
  H      -4.914384     -1.713916     -0.550440
  H      -4.315349     -2.209981      1.827298
  H      -5.083677     -0.683891      3.633195
  N      -9.729456     -0.834501    -16.318256
  O      -9.460488     -0.770383    -15.098803
  O      -8.562092     -0.822225    -16.764335
18
Coordinates from ORCA-job educts_optfreq_6 E -475.625404730579
  C      -6.104948      0.681508      2.281885
  C      -6.391092      0.989341      0.916478
  C      -5.970666      0.148839     -0.089458
  C      -5.226126     -1.025129      0.230918
  C      -4.918701     -1.340656      1.574989
  C      -5.352061     -0.505913      2.582055
  C      -6.603311      1.550761      3.377592
  H      -5.800852      1.804457      4.075489
  H      -7.325947      1.012282      3.992390
  H      -7.087860      2.465250      3.017924
  H      -6.982301      1.882905      0.688134
  H      -6.194896      0.382390     -1.119954
  H      -4.880079     -1.689115     -0.567985
  H      -4.349226     -2.246618      1.797046
  H      -5.128377     -0.737358      3.626628
  N      -9.729920     -0.844908    -16.307648
  O      -9.488187     -0.786110    -15.086298
  O      -8.569877     -0.850135    -16.720107
18
Coordinates from ORCA-job educts_optfreq_6 E -475.626391647937
  C      -6.118455      0.681032      2.283202
  C      -6.433574      0.959058      0.918848
  C      -6.001637      0.115320     -0.084095
  C      -5.238200     -1.037248      0.241318
  C      -4.912260     -1.330953      1.587065
  C      -5.343373     -0.489051      2.590378
  C      -6.583426      1.564796      3.375155
  H      -5.749490      1.825048      4.054160
  H      -7.304244      1.017835      4.018785
  H      -7.067718      2.479780      3.011572
  H      -7.021332      1.848297      0.681503
  H      -6.240573      0.325791     -1.128863
  H      -4.900882     -1.701281     -0.558748
  H      -4.322676     -2.219412      1.821179
  H      -5.100224     -0.701117      3.634339
  N      -9.733360     -0.835185    -16.318259
  O      -9.468334     -0.767956    -15.098803
  O      -8.564668     -0.842962    -16.758659
18
Coordinates from ORCA-job educts_optfreq_6 E -475.626387974060
  C      -6.121236      0.680633      2.279436
  C      -6.420518      0.960842      0.911849
  C      -5.978294      0.117599     -0.087314
  C      -5.220079     -1.036835      0.244988
  C      -4.910091     -1.333079      1.594039
  C      -5.352171     -0.491906      2.593971
  C      -6.597968      1.563884      3.367283
  H      -5.773906      1.811867      4.062843
  H      -7.338305      1.021357      3.995485
  H      -7.066705      2.485670      2.998321
  H      -7.003371      1.851932      0.668867
  H      -6.206260      0.327882     -1.134350
  H      -4.875226     -1.700031     -0.552978
  H      -4.324584     -2.222786      1.834238
  H      -5.122051     -0.706400      3.640576
  N      -9.742083     -0.831376    -16.308956
  O      -9.476628     -0.760941    -15.089485
  O      -8.574953     -0.846519    -16.748736
