18
Coordinates from ORCA-job para_p_opt_4
  C   -5.61486132428058      1.13047700359759      0.49565418718351
  C   -6.61301939854064      1.73329184802216     -0.32493194767615
  C   -7.12108246610197      1.07223062600096     -1.42642942297091
  C   -6.63057760302999     -0.21687986739666     -1.71314544000806
  C   -5.64819098185504     -0.85367065202541     -0.92976685149784
  C   -5.14724273111429     -0.17623710698289      0.16460478678376
  C   -5.04785076858992      1.86001179703316      1.65890938949534
  H   -4.74283753589661      1.17681226741267      2.46634572902380
  H   -5.73547785831861      2.62501352930315      2.04806977312549
  H   -4.12686501818810      2.39305973115702      1.33970768140281
  H   -6.97868502698667      2.73127726244995     -0.07331057764771
  H   -7.87897708213800      1.51819923609773     -2.07189271681042
  H   -5.31272923111606     -1.85756943517546     -1.19375266216237
  H   -4.38441386379010     -0.64370758181593      0.79135391714272
  N   -7.16699820703151     -0.92526534467487     -2.87225643619717
  O   -7.30948186366308     -2.12971600747023     -2.76657317466509
  O   -7.43110483801151     -0.25711046568343     -3.85523369625269
  H   -14.97100021244465     -9.22263019973436    -16.31201058985724
