17
Coordinates from ORCA-job opt4 E -491.664646430642
  C      -2.592120      1.366820     -1.289090
  C      -3.513040      0.391490     -1.807420
  C      -3.460550     -0.924960     -1.401740
  C      -2.494730     -1.341620     -0.462670
  C      -1.577810     -0.415200      0.065670
  C      -1.615260      0.909460     -0.329590
  H      -4.258740      0.722130     -2.534490
  H      -4.171010     -1.646660     -1.810350
  H      -2.452980     -2.384230     -0.140820
  H      -0.822780     -0.716080      0.792820
  H       8.842970     -2.245720     16.889080
  N      -2.665440      2.631340     -1.698650
  H      -3.366690      2.918120     -2.375630
  H      -1.991320      3.298330     -1.306970
  N      -0.625770      1.828300      0.263680
  O      -0.657940      3.006680     -0.089460
  O       0.158690      1.368920      1.062260
17
Coordinates from ORCA-job opt4 E -491.664657544078
  C      -2.595455      1.367454     -1.295144
  C      -3.515815      0.391703     -1.813493
  C      -3.463404     -0.924383     -1.407002
  C      -2.498244     -1.340221     -0.467049
  C      -1.581871     -0.413395      0.061358
  C      -1.619318      0.910970     -0.334621
  H      -4.260991      0.721700     -2.541256
  H      -4.173423     -1.646425     -1.815641
  H      -2.456547     -2.382535     -0.144573
  H      -0.827343     -0.714005      0.789023
  H       8.899645     -2.262614     16.977348
  N      -2.668500      2.631560     -1.705675
  H      -3.369158      2.917755     -2.383395
  H      -1.994709      3.298809     -1.314019
  N      -0.630443      1.830425      0.258527
  O      -0.663006      3.008549     -0.095137
  O       0.154063      1.371773      1.057380
17
Coordinates from ORCA-job opt4 E -491.664668517056
  C      -2.598642      1.367873     -1.302116
  C      -3.517753      0.390965     -1.820365
  C      -3.465468     -0.924379     -1.411815
  C      -2.501668     -1.338281     -0.469782
  C      -1.586463     -0.410361      0.058570
  C      -1.623782      0.913335     -0.339384
  H      -4.261949      0.719474     -2.549720
  H      -4.174568     -1.647312     -1.820392
  H      -2.460086     -2.380009     -0.145616
  H      -0.833023     -0.710085      0.787655
  H       8.957429     -2.282434     17.065231
  N      -2.671683      2.631198     -1.714762
  H      -3.371384      2.915883     -2.394042
  H      -1.998951      3.299419     -1.323016
  N      -0.635911      1.833865      0.253645
  O      -0.668709      3.011613     -0.101024
  O       0.148091      1.376355      1.053563
17
Coordinates from ORCA-job opt4 E -491.664679489237
  C      -2.601511      1.368028     -1.309772
  C      -3.518962      0.389606     -1.828085
  C      -3.467078     -0.924826     -1.416596
  C      -2.505271     -1.336214     -0.471470
  C      -1.591617     -0.406780      0.056894
  C      -1.628582      0.915995     -0.343984
  H      -4.261682      0.716205     -2.559803
  H      -4.174940     -1.648942     -1.825228
  H      -2.463995     -2.377205     -0.144895
  H      -0.839746     -0.705019      0.788193
  H       9.016478     -2.303932     17.152689
  N      -2.674265      2.630519     -1.724995
  H      -3.372518      2.913498     -2.406474
  H      -2.002964      3.299908     -1.332778
  N      -0.642500      1.838263      0.249161
  O      -0.675910      3.015442     -0.107282
  O       0.140541      1.382575      1.051057
17
Coordinates from ORCA-job opt4 E -491.664690659605
  C      -2.604080      1.367793     -1.318763
  C      -3.518824      0.386905     -1.837226
  C      -3.467565     -0.926125     -1.421032
  C      -2.508942     -1.333557     -0.470923
  C      -1.597876     -0.401619      0.057603
  C      -1.634226      0.919733     -0.348000
  H      -4.259086      0.710451     -2.572820
  H      -4.173388     -1.652150     -1.829834
  H      -2.468137     -2.373389     -0.140529
  H      -0.848611     -0.697085      0.792709
  H       9.077851     -2.329470     17.239429
  N      -2.676471      2.628940     -1.738270
  H      -3.372417      2.909060     -2.423303
  H      -2.007515      3.300301     -1.345401
  N      -0.650942      1.844664      0.245734
  O      -0.684423      3.020881     -0.113911
  O       0.130132      1.391787      1.051166
17
Coordinates from ORCA-job opt4 E -491.664701762419
  C      -2.606726      1.367626     -1.327391
  C      -3.518989      0.384546     -1.846110
  C      -3.468268     -0.927261     -1.425744
  C      -2.512622     -1.331215     -0.471051
  C      -1.604053     -0.396984      0.057871
  C      -1.639791      0.923091     -0.352078
  H      -4.256918      0.705393     -2.585282
  H      -4.172192     -1.655003     -1.834821
  H      -2.472266     -2.370032     -0.137289
  H      -0.857368     -0.689487      0.796826
  H       9.139035     -2.354038     17.326374
  N      -2.678602      2.627589     -1.750767
  H      -3.372396      2.905253     -2.439023
  H      -2.011643      3.300644     -1.357352
  N      -0.659067      1.850551      0.242102
  O      -0.692464      3.025730     -0.121041
  O       0.119811      1.400716      1.051407
17
Coordinates from ORCA-job opt4 E -491.664712504568
  C      -2.609890      1.368055     -1.334323
  C      -3.520942      0.383918     -1.853169
  C      -3.470331     -0.927313     -1.430936
  C      -2.516132     -1.329628     -0.474073
  C      -1.608895     -0.394288      0.055201
  C      -1.644426      0.925214     -0.356740
  H      -4.257760      0.703490     -2.594012
  H      -4.173255     -1.655909     -1.840231
  H      -2.475893     -2.367999     -0.138871
  H      -0.863571     -0.685119      0.796214
  H       9.197475     -2.373682     17.414369
  N      -2.681550      2.627392     -1.759665
  H      -3.374379      2.903831     -2.449397
  H      -2.015394      3.301248     -1.366248
  N      -0.664857      1.853864      0.237577
  O      -0.697594      3.028336     -0.127984
  O       0.112873      1.405708      1.048918
17
Coordinates from ORCA-job opt4 E -491.664722983341
  C      -2.613263      1.368693     -1.340582
  C      -3.523681      0.383919     -1.859320
  C      -3.472952     -0.926960     -1.436085
  C      -2.519440     -1.328286     -0.478151
  C      -1.612974     -0.392291      0.051229
  C      -1.648504      0.926872     -0.361846
  H      -4.260014      0.702738     -2.600950
  H      -4.175311     -1.656085     -1.845392
  H      -2.479186     -2.366389     -0.142165
  H      -0.868458     -0.682049      0.793473
  H       9.254455     -2.391564     17.502740
  N      -2.684874      2.627607     -1.767133
  H      -3.377333      2.903308     -2.457515
  H      -2.018904      3.301869     -1.374119
  N      -0.669511      1.856219      0.232248
  O      -0.702096      3.030281     -0.134671
  O       0.107527      1.409238      1.044871
17
Coordinates from ORCA-job opt4 E -491.664733122859
  C      -2.617024      1.369822     -1.345485
  C      -3.527902      0.385351     -1.864014
  C      -3.476834     -0.925737     -1.441565
  C      -2.522647     -1.327602     -0.484562
  C      -1.615782     -0.391946      0.044666
  C      -1.651590      0.927453     -0.367664
  H      -4.264822      0.704620     -2.604857
  H      -4.179489     -1.654649     -1.850742
  H      -2.482181     -2.365900     -0.149223
  H      -0.870870     -0.681987      0.786397
  H       9.308887     -2.405232     17.591971
  N      -2.688955      2.628917     -1.771383
  H      -3.382066      2.904996     -2.460951
  H      -2.022445      3.302898     -1.378809
  N      -0.671997      1.856416      0.225939
  O      -0.704240      3.030446     -0.141160
  O       0.105436      1.409253      1.038070
17
Coordinates from ORCA-job opt4 E -491.664743370975
  C      -2.620594      1.370684     -1.351143
  C      -3.531440      0.385985     -1.869302
  C      -3.480155     -0.924983     -1.446583
  C      -2.525813     -1.326497     -0.489617
  C      -1.618975     -0.390643      0.039239
  C      -1.655002      0.928659     -0.373350
  H      -4.268498      0.705007     -2.610093
  H      -4.182746     -1.654088     -1.855505
  H      -2.485202     -2.364705     -0.154065
  H      -0.874012     -0.680453      0.780992
  H       9.364223     -2.421199     17.680713
  N      -2.692746      2.629641     -1.777353
  H      -3.386069      2.905469     -2.466787
  H      -2.026071      3.303724     -1.385251
  N      -0.675502      1.857825      0.219953
  O      -0.707851      3.031766     -0.147428
  O       0.101932      1.410927      1.032210
17
Coordinates from ORCA-job opt4 E -491.664753526761
  C      -2.624327      1.371709     -1.356326
  C      -3.535574      0.387129     -1.874019
  C      -3.484016     -0.923937     -1.451627
  C      -2.528910     -1.325670     -0.495507
  C      -1.621600     -0.389957      0.032770
  C      -1.657959      0.929451     -0.379434
  H      -4.273198      0.706336     -2.614168
  H      -4.186945     -1.652943     -1.860142
  H      -2.488081     -2.363948     -0.160199
  H      -0.875960     -0.680040      0.773725
  H       9.418471     -2.435638     17.769774
  N      -2.696835      2.630796     -1.782104
  H      -3.390738      2.906813     -2.470876
  H      -2.029849      3.304757     -1.390321
  N      -0.678091      1.858464      0.213462
  O      -0.710604      3.032490     -0.153630
  O       0.099695      1.411307      1.025249
17
Coordinates from ORCA-job opt4 E -491.664763596869
  C      -2.628274      1.372915     -1.360974
  C      -3.540491      0.388862     -1.877944
  C      -3.488507     -0.922546     -1.456590
  C      -2.531845     -1.325155     -0.502362
  C      -1.623510     -0.389953      0.025071
  C      -1.660400      0.929790     -0.385997
  H      -4.279233      0.708730     -2.616706
  H      -4.192247     -1.651125     -1.864476
  H      -2.490628     -2.363692     -0.167881
  H      -0.876415     -0.680791      0.764267
  H       9.471447     -2.448447     17.859183
  N      -2.701216      2.632380     -1.785635
  H      -3.396129      2.909054     -2.473133
  H      -2.033562      3.305924     -1.394265
  N      -0.679738      1.858282      0.206492
  O      -0.712599      3.032632     -0.159498
  O       0.098829      1.410259      1.017078
17
Coordinates from ORCA-job opt4 E -491.664773654248
  C      -2.631991      1.373835     -1.366440
  C      -3.544504      0.389757     -1.882792
  C      -3.492241     -0.921657     -1.461401
  C      -2.534890     -1.324261     -0.507835
  C      -1.626217     -0.388996      0.018923
  C      -1.663488      0.930743     -0.392104
  H      -4.283732      0.709576     -2.621094
  H      -4.196281     -1.650234     -1.868777
  H      -2.493363     -2.362802     -0.173392
  H      -0.878276     -0.679665      0.757332
  H       9.525955     -2.463640     17.948125
  N      -2.705161      2.633341     -1.791021
  H      -3.400434      2.910036     -2.478147
  H      -2.037403      3.306910     -1.399871
  N      -0.682726      1.859321      0.200197
  O      -0.715648      3.033658     -0.165770
  O       0.095879      1.411199      1.010697
17
Coordinates from ORCA-job opt4 E -491.664783607562
  C      -2.635684      1.374726     -1.371979
  C      -3.548373      0.390546     -1.887792
  C      -3.495797     -0.920836     -1.466295
  C      -2.537946     -1.323348     -0.513187
  C      -1.629157     -0.387938      0.013117
  C      -1.666768      0.931775     -0.398002
  H      -4.287972      0.710227     -2.625788
  H      -4.200004     -1.649476     -1.873277
  H      -2.496135     -2.361875     -0.178724
  H      -0.880636     -0.678156      0.751126
  H       9.580879     -2.479214     18.037040
  N      -2.709005      2.634183     -1.796719
  H      -3.404541      2.910799     -2.483615
  H      -2.041097      3.307814     -1.405942
  N      -0.685954      1.860526      0.194065
  O      -0.718833      3.034753     -0.172223
  O       0.092503      1.412614      1.004825
17
Coordinates from ORCA-job opt4 E -491.664793383624
  C      -2.639427      1.375696     -1.377301
  C      -3.552417      0.391528     -1.892598
  C      -3.499460     -0.919895     -1.471285
  C      -2.540986     -1.322506     -0.518856
  C      -1.631968     -0.387098      0.007019
  C      -1.669947      0.932669     -0.403926
  H      -4.292524      0.711231     -2.630067
  H      -4.203896     -1.648514     -1.877909
  H      -2.498869     -2.361086     -0.184597
  H      -0.882846     -0.677014      0.744536
  H       9.635501     -2.494265     18.126078
  N      -2.713000      2.635168     -1.801947
  H      -3.408977      2.911843     -2.488369
  H      -2.044783      3.308769     -1.411657
  N      -0.688894      1.861427      0.187782
  O      -0.721607      3.035549     -0.178850
  O       0.089579      1.413616      0.998577
17
Coordinates from ORCA-job opt4 E -491.664803047114
  C      -2.643157      1.376646     -1.382661
  C      -3.556395      0.392427     -1.897423
  C      -3.503058     -0.919005     -1.476207
  C      -2.543998     -1.321606     -0.524380
  C      -1.634780     -0.386150      0.001018
  C      -1.673127      0.933642     -0.409839
  H      -4.296984      0.712085     -2.634423
  H      -4.207674     -1.647657     -1.882458
  H      -2.501593     -2.360204     -0.190228
  H      -0.885162     -0.675807      0.738138
  H       9.690112     -2.509553     18.215075
  N      -2.717036      2.636099     -1.807283
  H      -3.413470      2.912756     -2.493244
  H      -2.048509      3.309706     -1.417550
  N      -0.691866      1.862458      0.181421
  O      -0.724524      3.036478     -0.185537
  O       0.086697      1.414805      0.992211
17
Coordinates from ORCA-job opt4 E -491.664812616263
  C      -2.646910      1.377611     -1.387955
  C      -3.560429      0.393360     -1.902172
  C      -3.506706     -0.918100     -1.481107
  C      -2.546989     -1.320711     -0.529948
  C      -1.637507     -0.385233     -0.005079
  C      -1.676233      0.934599     -0.415792
  H      -4.301536      0.713012     -2.638650
  H      -4.211530     -1.646772     -1.886958
  H      -2.504294     -2.359337     -0.195922
  H      -0.887386     -0.674803      0.731558
  H       9.744529     -2.524723     18.304092
  N      -2.721160      2.637077     -1.812466
  H      -3.418115      2.913738     -2.497892
  H      -2.052326      3.310683     -1.423268
  N      -0.694688      1.863443      0.174927
  O      -0.727383      3.037395     -0.192249
  O       0.084142      1.415882      0.985511
17
Coordinates from ORCA-job opt4 E -491.664822176228
  C      -2.650510      1.378391     -1.393733
  C      -3.563894      0.393771     -1.907477
  C      -3.509920     -0.917507     -1.485883
  C      -2.550062     -1.319552     -0.534630
  C      -1.640685     -0.383709     -0.010245
  C      -1.679678      0.935953     -0.421480
  H      -4.305109      0.712990     -2.644035
  H      -4.214641     -1.646471     -1.891385
  H      -2.507169     -2.358031     -0.200183
  H      -0.890472     -0.672905      0.726449
  H       9.799755     -2.541293     18.392793
  N      -2.725034      2.637672     -1.818748
  H      -3.422128      2.913929     -2.504194
  H      -2.056245      3.311544     -1.429940
  N      -0.698265      1.865212      0.168768
  O      -0.731138      3.038987     -0.198960
  O       0.080675      1.418138      0.979514
17
Coordinates from ORCA-job opt4 E -491.664831590026
  C      -2.654312      1.379367     -1.398936
  C      -3.568016      0.394758     -1.912122
  C      -3.513647     -0.916580     -1.490745
  C      -2.553033     -1.318672     -0.540265
  C      -1.643324     -0.382830     -0.016437
  C      -1.682701      0.936884     -0.427475
  H      -4.309793      0.714031     -2.648094
  H      -4.218628     -1.645542     -1.895802
  H      -2.509841     -2.357189     -0.205959
  H      -0.892579     -0.672199      0.719643
  H       9.853895     -2.556302     18.481812
  N      -2.729248      2.638703     -1.823744
  H      -3.426884      2.914986     -2.508629
  H      -2.060204      3.312569     -1.435362
  N      -0.700856      1.866133      0.162069
  O      -0.734096      3.039949     -0.205508
  O       0.078747      1.419056      0.972184
17
Coordinates from ORCA-job opt4 E -491.664840930834
  C      -2.658080      1.380283     -1.404280
  C      -3.572033      0.395592     -1.916841
  C      -3.517270     -0.915739     -1.495483
  C      -2.555986     -1.317709     -0.545632
  C      -1.646004     -0.381771     -0.022426
  C      -1.685774      0.937928     -0.433461
  H      -4.314324      0.714799     -2.652324
  H      -4.222452     -1.644776     -1.900049
  H      -2.512469     -2.356211     -0.211325
  H      -0.894779     -0.671234      0.713132
  H       9.908109     -2.571727     18.570738
  N      -2.733424      2.639621     -1.829042
  H      -3.431520      2.915814     -2.513495
  H      -2.064222      3.313559     -1.441051
  N      -0.703642      1.867293      0.155406
  O      -0.737368      3.041138     -0.212049
  O       0.076717      1.420261      0.964813
17
Coordinates from ORCA-job opt4 E -491.664850282906
  C      -2.661632      1.380926     -1.410377
  C      -3.575181      0.395618     -1.922434
  C      -3.520192     -0.915379     -1.500052
  C      -2.559049     -1.316361     -0.549650
  C      -1.649401     -0.379800     -0.026960
  C      -1.689408      0.939564     -0.439028
  H      -4.317370      0.714085     -2.658337
  H      -4.225088     -1.644907     -1.904234
  H      -2.515330     -2.354591     -0.214528
  H      -0.898310     -0.668646      0.708972
  H       9.963631     -2.589319     18.659231
  N      -2.737232      2.639944     -1.836058
  H      -3.435201      2.915426     -2.520918
  H      -2.068398      3.314366     -1.448281
  N      -0.707589      1.869618      0.149270
  O      -0.741790      3.043256     -0.218814
  O       0.073021      1.423320      0.958829
17
Coordinates from ORCA-job opt4 E -491.664859514810
  C      -2.665321      1.381699     -1.416112
  C      -3.578772      0.396000     -1.927578
  C      -3.523434     -0.914813     -1.504652
  C      -2.562020     -1.315208     -0.554281
  C      -1.652446     -0.378250     -0.032162
  C      -1.692791      0.940930     -0.444792
  H      -4.321166      0.714018     -2.663472
  H      -4.228274     -1.644646     -1.908384
  H      -2.518029     -2.353283     -0.218706
  H      -0.901149     -0.666662      0.703726
  H      10.018489     -2.605985     18.747942
  N      -2.741260      2.640536     -1.842294
  H      -3.439390      2.915583     -2.527169
  H      -2.072528      3.315262     -1.454863
  N      -0.710941      1.871412      0.142818
  O      -0.745652      3.044953     -0.225545
  O       0.070165      1.425575      0.952155
17
Coordinates from ORCA-job opt4 E -491.664868691038
  C      -2.668938      1.382378     -1.422106
  C      -3.582105      0.396097     -1.932947
  C      -3.526448     -0.914414     -1.509116
  C      -2.564985     -1.313918     -0.558428
  C      -1.655653     -0.376379     -0.036933
  C      -1.696321      0.942505     -0.450475
  H      -4.324551      0.713424     -2.669086
  H      -4.231087     -1.644697     -1.912382
  H      -2.520740     -2.351746     -0.222130
  H      -0.904267     -0.664067      0.699153
  H      10.073664     -2.623421     18.836512
  N      -2.745211      2.640923     -1.849098
  H      -3.443362      2.915326     -2.534207
  H      -2.076725      3.316093     -1.462014
  N      -0.714687      1.873617      0.136491
  O      -0.749859      3.046959     -0.232465
  O       0.066755      1.428442      0.945860
17
Coordinates from ORCA-job opt4 E -491.664877711807
  C      -2.672788      1.383282     -1.427453
  C      -3.586189      0.396821     -1.937530
  C      -3.530024     -0.913647     -1.513628
  C      -2.567802     -1.312943     -0.563621
  C      -1.658210     -0.375231     -0.042903
  C      -1.699371      0.943614     -0.456535
  H      -4.329230      0.713978     -2.673143
  H      -4.234865     -1.644061     -1.916307
  H      -2.523171     -2.350734     -0.227256
  H      -0.906182     -0.662642      0.692631
  H      10.127641     -2.639230     18.925450
  N      -2.749575      2.641784     -1.854484
  H      -3.448270      2.916027     -2.539103
  H      -2.080902      3.317081     -1.467952
  N      -0.717363      1.874897      0.129554
  O      -0.753043      3.048226     -0.239399
  O       0.064824      1.429899      0.938309
17
Coordinates from ORCA-job opt4 E -491.664886637197
  C      -2.676595      1.384104     -1.433000
  C      -3.590125      0.397310     -1.942202
  C      -3.533439     -0.913019     -1.517942
  C      -2.570544     -1.311852     -0.568426
  C      -1.660800     -0.373813     -0.048584
  C      -1.702488      0.944908     -0.462576
  H      -4.333694      0.714100     -2.677437
  H      -4.238395     -1.643685     -1.919957
  H      -2.525514     -2.349532     -0.231776
  H      -0.908208     -0.660781      0.686551
  H      10.181740     -2.655702     19.014289
  N      -2.753924      2.642471     -1.860336
  H      -3.453104      2.916371     -2.544592
  H      -2.085140      3.318013     -1.474426
  N      -0.720317      1.876549      0.122649
  O      -0.756519      3.049790     -0.246537
  O       0.062547      1.431889      0.930931
17
Coordinates from ORCA-job opt4 E -491.664895543182
  C      -2.680315      1.384782     -1.438905
  C      -3.593639      0.397376     -1.947280
  C      -3.536496     -0.912645     -1.522142
  C      -2.573316     -1.310561     -0.572526
  C      -1.663722     -0.371920     -0.053528
  C      -1.705876      0.946513     -0.468407
  H      -4.337434      0.713452     -2.682589
  H      -4.241312     -1.643789     -1.923532
  H      -2.527935     -2.348003     -0.235190
  H      -0.910878     -0.658118      0.681649
  H      10.236437     -2.673296     19.102935
  N      -2.758132      2.642850     -1.867040
  H      -3.457538      2.916083     -2.551327
  H      -2.089499      3.318854     -1.481693
  N      -0.723815      1.878819      0.115934
  O      -0.760464      3.051811     -0.254001
  O       0.059414      1.434914      0.924273
17
Coordinates from ORCA-job opt4 E -491.664904311375
  C      -2.684204      1.385607     -1.444377
  C      -3.597702      0.397864     -1.951780
  C      -3.539944     -0.912031     -1.526330
  C      -2.575947     -1.309480     -0.577341
  C      -1.666174     -0.370497     -0.059295
  C      -1.708939      0.947818     -0.474496
  H      -4.342116      0.713576     -2.686622
  H      -4.244902     -1.643445     -1.926981
  H      -2.530099     -2.346822     -0.239759
  H      -0.912680     -0.656280      0.675373
  H      10.290295     -2.689838     19.191819
  N      -2.762613      2.643538     -1.872822
  H      -3.462604      2.916424     -2.556651
  H      -2.093797      3.319786     -1.488217
  N      -0.726620      1.880500      0.108825
  O      -0.763770      3.053369     -0.261461
  O       0.057297      1.437030      0.916744
17
Coordinates from ORCA-job opt4 E -491.664912981116
  C      -2.688100      1.386388     -1.449936
  C      -3.601740      0.398219     -1.956245
  C      -3.543314     -0.911499     -1.530339
  C      -2.578482     -1.308332     -0.581945
  C      -1.668560     -0.368914     -0.064957
  C      -1.711988      0.949231     -0.480633
  H      -4.346801      0.713464     -2.690631
  H      -4.248390     -1.643252     -1.930156
  H      -2.532115     -2.345533     -0.244004
  H      -0.914424     -0.654222      0.669243
  H      10.344072     -2.706767     19.280672
  N      -2.767163      2.644136     -1.878808
  H      -3.467757      2.916576     -2.562196
  H      -2.098207      3.320697     -1.495000
  N      -0.729489      1.882391      0.101598
  O      -0.767133      3.055078     -0.269215
  O       0.055070      1.439457      0.909183
17
Coordinates from ORCA-job opt4 E -491.664921564089
  C      -2.692061      1.387189     -1.455402
  C      -3.605917      0.398622     -1.960535
  C      -3.546752     -0.910945     -1.534258
  C      -2.580941     -1.307212     -0.586626
  C      -1.670794     -0.367384     -0.070779
  C      -1.714957      0.950616     -0.486843
  H      -4.351730      0.713439     -2.694341
  H      -4.252000     -1.643019     -1.933185
  H      -2.533984     -2.344295     -0.248404
  H      -0.915918     -0.652271      0.662823
  H      10.397595     -2.723614     19.369574
  N      -2.771824      2.644770     -1.884649
  H      -3.473121      2.916797     -2.567479
  H      -2.102645      3.321615     -1.501735
  N      -0.732193      1.884235      0.094203
  O      -0.770345      3.056743     -0.277131
  O       0.053068      1.441835      0.901397
17
Coordinates from ORCA-job opt4 E -491.664930077785
  C      -2.695978      1.387932     -1.461015
  C      -3.609915      0.398865     -1.965008
  C      -3.550048     -0.910485     -1.538155
  C      -2.583433     -1.306016     -0.591038
  C      -1.673184     -0.365678     -0.076298
  C      -1.718056      0.952114     -0.492948
  H      -4.356344      0.713121     -2.698424
  H      -4.255365     -1.642959     -1.936225
  H      -2.535909     -2.342928     -0.252372
  H      -0.917678     -0.650012      0.656871
  H      10.451383     -2.740871     19.458392
  N      -2.776403      2.645283     -1.890824
  H      -3.478280      2.916779     -2.573267
  H      -2.107095      3.322485     -1.508772
  N      -0.735153      1.886312      0.086931
  O      -0.773765      3.058574     -0.285139
  O       0.050702      1.444604      0.893922
17
Coordinates from ORCA-job opt4 E -491.664938512141
  C      -2.699902      1.388663     -1.466656
  C      -3.613911      0.399064     -1.969462
  C      -3.553319     -0.910051     -1.541989
  C      -2.585881     -1.304802     -0.595391
  C      -1.675554     -0.363921     -0.081786
  C      -1.721149      0.953646     -0.499072
  H      -4.360969      0.712722     -2.702492
  H      -4.258700     -1.642946     -1.939168
  H      -2.537782     -2.341527     -0.256233
  H      -0.919417     -0.647656      0.650964
  H      10.505142     -2.758255     19.547202
  N      -2.781012      2.645765     -1.897071
  H      -3.483478      2.916695     -2.579132
  H      -2.111576      3.323346     -1.515917
  N      -0.738115      1.888448      0.079611
  O      -0.777212      3.060459     -0.293213
  O       0.048317      1.447469      0.886435
17
Coordinates from ORCA-job opt4 E -491.664946861872
  C      -2.703842      1.389416     -1.472238
  C      -3.617962      0.399323     -1.973860
  C      -3.556638     -0.909583     -1.545843
  C      -2.588337     -1.303616     -0.599832
  C      -1.677883     -0.362231     -0.087375
  C      -1.724208      0.955132     -0.505223
  H      -4.365686      0.712431     -2.706447
  H      -4.262114     -1.642868     -1.942135
  H      -2.539650     -2.340174     -0.260247
  H      -0.921062     -0.645399      0.644886
  H      10.558810     -2.775480     19.636033
  N      -2.785648      2.646296     -1.903182
  H      -3.488736      2.916708     -2.584806
  H      -2.116053      3.324224     -1.522924
  N      -0.740998      1.890492      0.072258
  O      -0.780581      3.062268     -0.301262
  O       0.046068      1.450180      0.878828
17
Coordinates from ORCA-job opt4 E -491.664955137472
  C      -2.707782      1.390185     -1.477786
  C      -3.622038      0.399630     -1.978239
  C      -3.559991     -0.909083     -1.549729
  C      -2.590804     -1.302453     -0.604351
  C      -1.680200     -0.360598     -0.093031
  C      -1.727245      0.956580     -0.511388
  H      -4.370443      0.712227     -2.710347
  H      -4.265583     -1.642731     -1.945141
  H      -2.541543     -2.338856     -0.264377
  H      -0.922677     -0.643224      0.638714
  H      10.612441     -2.792572     19.724873
  N      -2.790284      2.646862     -1.909199
  H      -3.494009      2.916790     -2.590356
  H      -2.120520      3.325115     -1.529823
  N      -0.743828      1.892459      0.064896
  O      -0.783932      3.064029     -0.309221
  O       0.043919      1.452760      0.871134
17
Coordinates from ORCA-job opt4 E -491.664963346954
  C      -2.711691      1.390944     -1.483372
  C      -3.626043      0.399917     -1.982703
  C      -3.563312     -0.908591     -1.553662
  C      -2.593316     -1.301274     -0.608830
  C      -1.682593     -0.358943     -0.098610
  C      -1.730322      0.958040     -0.517512
  H      -4.375073      0.711986     -2.714396
  H      -4.268991     -1.642608     -1.948228
  H      -2.543515     -2.337514     -0.268439
  H      -0.924425     -0.641009      0.632685
  H      10.666192     -2.809693     19.813685
  N      -2.794863      2.647409     -1.915284
  H      -3.499169      2.916838     -2.596036
  H      -2.124974      3.326001     -1.536735
  N      -0.746736      1.894446      0.057617
  O      -0.787373      3.065817     -0.317076
  O       0.041686      1.455355      0.863525
17
Coordinates from ORCA-job opt4 E -491.664971501541
  C      -2.715570      1.391698     -1.488990
  C      -3.629989      0.400196     -1.987247
  C      -3.566610     -0.908099     -1.557649
  C      -2.595871     -1.300087     -0.613293
  C      -1.685058     -0.357277     -0.104126
  C      -1.733434      0.959504     -0.523599
  H      -4.379592      0.711728     -2.718581
  H      -4.272355     -1.642490     -1.951402
  H      -2.545562     -2.336158     -0.272462
  H      -0.926304     -0.638777      0.626779
  H      10.720062     -2.826817     19.902476
  N      -2.799381      2.647945     -1.921422
  H      -3.504218      2.916866     -2.601823
  H      -2.129407      3.326884     -1.543649
  N      -0.749707      1.896439      0.050421
  O      -0.790891      3.067619     -0.324815
  O       0.039370      1.457948      0.856012
17
Coordinates from ORCA-job opt4 E -491.664979594736
  C      -2.719428      1.392458     -1.494613
  C      -3.633904      0.400498     -1.991846
  C      -3.569910     -0.907591     -1.561707
  C      -2.598471     -1.298906     -0.617792
  C      -1.687577     -0.355636     -0.109631
  C      -1.736568      0.960948     -0.529660
  H      -4.384048      0.711513     -2.722846
  H      -4.275713     -1.642341     -1.954683
  H      -2.547682     -2.334813     -0.276534
  H      -0.928273     -0.636590      0.620913
  H      10.774018     -2.843861     19.991259
  N      -2.803846      2.648495     -1.927547
  H      -3.509182      2.916925     -2.607624
  H      -2.133806      3.327772     -1.550504
  N      -0.752709      1.898391      0.043305
  O      -0.794433      3.069393     -0.332434
  O       0.037010      1.460466      0.848575
17
Coordinates from ORCA-job opt4 E -491.664987629908
  C      -2.723276      1.393236     -1.500205
  C      -3.637833      0.400860     -1.996453
  C      -3.573245     -0.907043     -1.565834
  C      -2.601102     -1.297750     -0.622391
  C      -1.690109     -0.354059     -0.115197
  C      -1.739692      0.962348     -0.535719
  H      -4.388519      0.711407     -2.727095
  H      -4.279123     -1.642122     -1.958060
  H      -2.549849     -2.333509     -0.280754
  H      -0.930259     -0.634520      0.614969
  H      10.827997     -2.860741     20.080056
  N      -2.808281      2.649084     -1.933583
  H      -3.514116      2.917069     -2.613316
  H      -2.138163      3.328672     -1.557240
  N      -0.755685      1.900253      0.036235
  O      -0.797938      3.071098     -0.339938
  O       0.034672      1.462838      0.841156
17
Coordinates from ORCA-job opt4 E -491.664995677282
  C      -2.726971      1.393925     -1.506086
  C      -3.641324      0.400995     -2.001586
  C      -3.576319     -0.906619     -1.570150
  C      -2.603945     -1.296472     -0.626591
  C      -1.693110     -0.352230     -0.120147
  C      -1.743118      0.963902     -0.541497
  H      -4.392190      0.710882     -2.732319
  H      -4.282049     -1.642138     -1.961817
  H      -2.552365     -2.332005     -0.284320
  H      -0.933043     -0.632014      0.610060
  H      10.882764     -2.878121     20.168700
  N      -2.812391      2.649487     -1.940221
  H      -3.518396      2.916857     -2.620017
  H      -2.142409      3.329489     -1.564390
  N      -0.759234      1.902426      0.029646
  O      -0.801883      3.073027     -0.347247
  O       0.031463      1.465728      0.834612
17
Coordinates from ORCA-job opt4 E -491.665003719102
  C      -2.730552      1.394511     -1.512278
  C      -3.644501      0.400847     -2.007043
  C      -3.579152     -0.906356     -1.574420
  C      -2.606810     -1.295053     -0.630358
  C      -1.696369     -0.350068     -0.124592
  C      -1.746722      0.965669     -0.547144
  H      -4.395338      0.709840     -2.738183
  H      -4.284581     -1.642451     -1.965542
  H      -2.554973     -2.330257     -0.287134
  H      -0.936354     -0.628973      0.606008
  H      10.938037     -2.896201     20.257220
  N      -2.816320      2.649663     -1.947538
  H      -3.522294      2.916188     -2.627695
  H      -2.146639      3.330225     -1.572187
  N      -0.763226      1.905008      0.023320
  O      -0.806248      3.075287     -0.354536
  O       0.027524      1.469241      0.828731
17
Coordinates from ORCA-job opt4 E -491.665011603030
  C      -2.734347      1.395386     -1.517727
  C      -3.648430      0.401497     -2.011801
  C      -3.582626     -0.905632     -1.579001
  C      -2.609682     -1.294021     -0.635427
  C      -1.699097     -0.348806     -0.130364
  C      -1.749890      0.966848     -0.553101
  H      -4.399733      0.710257     -2.742566
  H      -4.288164     -1.641905     -1.969596
  H      -2.557479     -2.329164     -0.292069
  H      -0.938583     -0.627401      0.599808
  H      10.992318     -2.912279     20.346074
  N      -2.820552      2.650455     -1.953155
  H      -3.526961      2.916760     -2.632950
  H      -2.150740      3.331175     -1.578325
  N      -0.766153      1.906413      0.016612
  O      -0.809495      3.076598     -0.361505
  O       0.025093      1.470939      0.821723
17
Coordinates from ORCA-job opt4 E -491.665019491629
  C      -2.737982      1.396204     -1.523398
  C      -3.652012      0.402032     -2.016986
  C      -3.585927     -0.904958     -1.583800
  C      -2.612744     -1.292920     -0.640298
  C      -1.702200     -0.347416     -0.135709
  C      -1.753279      0.968102     -0.558842
  H      -4.403500      0.710462     -2.747698
  H      -4.291427     -1.641455     -1.974040
  H      -2.560322     -2.327951     -0.296638
  H      -0.941460     -0.625637      0.594391
  H      11.047261     -2.928585     20.434814
  N      -2.824457      2.651133     -1.959182
  H      -3.531041      2.917136     -2.638913
  H      -2.154644      3.332049     -1.584713
  N      -0.769571      1.907988      0.010363
  O      -0.813138      3.078036     -0.368150
  O       0.021923      1.472902      0.815429
17
Coordinates from ORCA-job opt4 E -491.665027265589
  C      -2.741767      1.397256     -1.528502
  C      -3.656200      0.403215     -2.021600
  C      -3.589746     -0.903898     -1.588837
  C      -2.615779     -1.292121     -0.646248
  C      -1.704842     -0.346744     -0.142146
  C      -1.756277      0.968892     -0.564865
  H      -4.408292      0.711843     -2.751602
  H      -4.295567     -1.640289     -1.978696
  H      -2.563074     -2.327246     -0.302915
  H      -0.943482     -0.625105      0.587242
  H      11.101406     -2.943292     20.523815
  N      -2.828609      2.652301     -1.963883
  H      -3.535755      2.918479     -2.642955
  H      -2.158461      3.333106     -1.589817
  N      -0.772109      1.908618      0.003813
  O      -0.815919      3.078758     -0.374401
  O       0.019955      1.473348      0.808226
17
Coordinates from ORCA-job opt4 E -491.665035057177
  C      -2.745399      1.398247     -1.533831
  C      -3.660045      0.404264     -2.026639
  C      -3.593388     -0.902901     -1.594075
  C      -2.619002     -1.291241     -0.651973
  C      -1.707845     -0.345926     -0.148155
  C      -1.759484      0.969772     -0.570683
  H      -4.412469      0.712981     -2.756262
  H      -4.299381     -1.639244     -1.983711
  H      -2.566139     -2.326409     -0.308801
  H      -0.946173     -0.624391      0.580881
  H      11.156201     -2.958256     20.612704
  N      -2.832440      2.653350     -1.969012
  H      -3.539892      2.919611     -2.647733
  H      -2.162115      3.334103     -1.595165
  N      -0.775120      1.909449     -0.002292
  O      -0.819073      3.079623     -0.380388
  O       0.017244      1.474088      0.801763
17
Coordinates from ORCA-job opt4 E -491.665042832531
  C      -2.748980      1.399331     -1.539012
  C      -3.663928      0.405603     -2.031767
  C      -3.597190     -0.901721     -1.599701
  C      -2.622419     -1.290477     -0.658173
  C      -1.710960     -0.345422     -0.154413
  C      -1.762686      0.970440     -0.576439
  H      -4.416650      0.714643     -2.760947
  H      -4.303420     -1.637864     -1.989286
  H      -2.569485     -2.325775     -0.315400
  H      -0.949022     -0.624252      0.574203
  H      11.211177     -2.972441     20.701643
  N      -2.836097      2.654595     -1.973726
  H      -3.543824      2.921149     -2.652044
  H      -2.165543      3.335152     -1.599937
  N      -0.778036      1.909850     -0.008103
  O      -0.822027      3.080156     -0.385795
  O       0.014570      1.474153      0.795526
17
Coordinates from ORCA-job opt4 E -491.665050721030
  C      -2.752244      1.400273     -1.544713
  C      -3.667028      0.406605     -2.037880
  C      -3.600568     -0.900717     -1.605769
  C      -2.626248     -1.289522     -0.663803
  C      -1.714940     -0.344535     -0.159636
  C      -1.766406      0.971335     -0.581695
  H      -4.419402      0.715684     -2.767401
  H      -4.306670     -1.636817     -1.995666
  H      -2.573524     -2.324821     -0.321003
  H      -0.953390     -0.623509      0.569335
  H      11.267623     -2.987304     20.790336
  N      -2.839085      2.655543     -1.979475
  H      -3.546490      2.922136     -2.658110
  H      -2.168681      3.336068     -1.605354
  N      -0.781974      1.910712     -0.012927
  O      -0.825750      3.081021     -0.390636
  O       0.010258      1.474967      0.791028
17
Coordinates from ORCA-job opt4 E -491.665058641110
  C      -2.755375      1.401330     -1.550301
  C      -3.670039      0.407970     -2.044303
  C      -3.604095     -0.899481     -1.612496
  C      -2.630429     -1.288714     -0.670035
  C      -1.719266     -0.344031     -0.165034
  C      -1.770225      0.971958     -0.586774
  H      -4.421902      0.717380     -2.774213
  H      -4.310097     -1.635343     -2.003024
  H      -2.578104     -2.324110     -0.327469
  H      -0.958254     -0.623413      0.564335
  H      11.324606     -3.001154     20.879044
  N      -2.841692      2.656730     -1.984801
  H      -3.548624      2.923632     -2.663806
  H      -2.171413      3.337035     -1.610063
  N      -0.785974      1.911006     -0.017124
  O      -0.829299      3.081426     -0.394537
  O       0.005662      1.474899      0.787231
17
Coordinates from ORCA-job opt4 E -491.665066699127
  C      -2.758104      1.402413     -1.556139
  C      -3.672335      0.409504     -2.051833
  C      -3.607464     -0.898106     -1.620327
  C      -2.635349     -1.287938     -0.676516
  C      -1.724648     -0.343700     -0.169845
  C      -1.774540      0.972424     -0.591268
  H      -4.423003      0.719373     -2.782778
  H      -4.313114     -1.633618     -2.012151
  H      -2.583857     -2.323454     -0.334183
  H      -0.964840     -0.623612      0.560570
  H      11.383278     -3.014323     20.967547
  N      -2.843354      2.657982     -1.990380
  H      -3.549185      2.925327     -2.670355
  H      -2.173456      3.337968     -1.614388
  N      -0.790822      1.910980     -0.019868
  O      -0.833240      3.081536     -0.396953
  O      -0.000487      1.474365      0.785496
17
Coordinates from ORCA-job opt4 E -491.665074606247
  C      -2.760985      1.403673     -1.561532
  C      -3.675167      0.411502     -2.058788
  C      -3.611235     -0.896457     -1.628186
  C      -2.640150     -1.287390     -0.683777
  C      -1.729561     -0.343882     -0.175557
  C      -1.778497      0.972561     -0.596065
  H      -4.425049      0.722211     -2.790184
  H      -4.316833     -1.631383     -2.021200
  H      -2.589403     -2.323170     -0.342138
  H      -0.970553     -0.624619      0.555369
  H      11.441137     -3.026402     21.056234
  N      -2.845311      2.659598     -1.994931
  H      -3.550415      2.927737     -2.675346
  H      -2.175486      3.339036     -1.617823
  N      -0.794930      1.910270     -0.023013
  O      -0.836527      3.081136     -0.399217
  O      -0.005554      1.472700      0.782785
17
Coordinates from ORCA-job opt4 E -491.665082392958
  C      -2.763943      1.404956     -1.566808
  C      -3.678164      0.413546     -2.065505
  C      -3.615086     -0.894783     -1.635899
  C      -2.644854     -1.286873     -0.691094
  C      -1.734251     -0.344131     -0.181483
  C      -1.782324      0.972666     -0.600989
  H      -4.427407      0.725139     -2.797183
  H      -4.320707     -1.629100     -2.030010
  H      -2.594779     -2.322944     -0.350235
  H      -0.975891     -0.625712      0.549795
  H      11.498617     -3.038402     21.144967
  N      -2.847454      2.661264     -1.999255
  H      -3.551972      2.930239     -2.679946
  H      -2.177637      3.340132     -1.621116
  N      -0.798802      1.909500     -0.026457
  O      -0.839683      3.080702     -0.401682
  O      -0.010182      1.470920      0.779531
17
Coordinates from ORCA-job opt4 E -491.665090056286
  C      -2.767011      1.406164     -1.572136
  C      -3.681269      0.415361     -2.071962
  C      -3.618867     -0.893255     -1.643139
  C      -2.649292     -1.286263     -0.698039
  C      -1.738664     -0.344139     -0.187346
  C      -1.786064      0.972945     -0.606051
  H      -4.430011      0.727651     -2.803854
  H      -4.324514     -1.627088     -2.038103
  H      -2.599758     -2.322560     -0.357793
  H      -0.980816     -0.626398      0.544203
  H      11.555666     -3.051046     21.233711
  N      -2.849893      2.662776     -2.003824
  H      -3.553952      2.932406     -2.684728
  H      -2.180092      3.341198     -1.624861
  N      -0.802567      1.909092     -0.030371
  O      -0.842952      3.080583     -0.404749
  O      -0.014463      1.469694      0.775674
17
Coordinates from ORCA-job opt4 E -491.665097475247
  C      -2.770436      1.407242     -1.577405
  C      -3.684825      0.416732     -2.077568
  C      -3.622576     -0.892039     -1.649213
  C      -2.653029     -1.285505     -0.704275
  C      -1.742264     -0.343688     -0.193269
  C      -1.789511      0.973561     -0.611504
  H      -4.433543      0.729374     -2.809334
  H      -4.328327     -1.625643     -2.044419
  H      -2.603633     -2.321929     -0.364397
  H      -0.984455     -0.626332      0.538175
  H      11.611372     -3.064997     21.322531
  N      -2.853171      2.664018     -2.008642
  H      -3.557201      2.933978     -2.689445
  H      -2.183302      3.342228     -1.629417
  N      -0.805839      1.909410     -0.035643
  O      -0.846194      3.081034     -0.409612
  O      -0.017585      1.469675      0.770067
