18
Coordinates from ORCA-job neb_orto_ts_products_im6
  C   1.07786524027111     -0.21958431199252     -0.01809290368411
  C   -0.03547832537904      0.16089332427244     -0.86603506811646
  C   -1.14384917953892      0.84154058906648     -0.31473050383208
  C   -1.29719481576326      0.89325141051227      0.94460908958615
  C   -0.40443084151726      0.41760606159505      1.84357092874115
  C   0.89311381822945      0.05706304823331      1.38889026255762
  C   2.36185790357238     -0.53599428794020     -0.57685202113977
  H   1.23615682101000     -2.78571349901504     -1.01491157512556
  H   -0.11576925352748     -2.57044125939891      0.33052105414038
  H   2.39539532810666     -2.41716283073646      0.45261785018290
  H   0.18794043173902      2.52613609666704     -0.99066120016012
  H   -0.07714394565146      3.00514005739341      1.14676128453945
  H   0.13401232284880      2.00352943871890      3.11766270622908
  H   1.70611589417328     -0.11912272629685      2.07624449700001
  N   0.05648369858091      0.15271615750780     -2.36741752765701
  O   0.20089501726661      1.22005031485870     -2.93190627313958
  O   -0.17293884584726     -0.91386285016540     -2.88744460055377
  H   -7.00303126857354     -1.71604473328001      0.66717400043172
