18
Coordinates from ORCA-job neb_orto_ts_products_im2
  C   0.69215259661223      0.58126895915250      0.15426676983214
  C   -0.37818616512407     -0.06308416127811     -0.60260317487313
  C   -0.96614935713791     -1.25002563840087     -0.09869760139970
  C   -0.53485314884105     -1.80471048745005      1.13084769413626
  C   0.50003765356515     -1.17029209917029      1.80902211905746
  C   0.94895918604936      0.10409063637172      1.46773340374338
  C   1.66882221035400      1.56049577565898     -0.31144767146122
  H   0.46332033149188     -3.25915628702013      0.47719598264837
  H   -0.63621526101477     -2.49459288713040     -1.32522712982088
  H   2.13084704788146     -1.91110629548013      1.24746117803998
  H   0.31799127715261      2.69377873381861     -0.79180266478238
  H   0.86572393680834      2.90608870711428      1.02009684719608
  H   -0.92999853839106      2.35303674875949      1.04517882959088
  H   1.71174842268872      0.54051135866704      2.10041048365650
  N   -0.49648683462001      0.23657480924070     -2.13736424607825
  O   -0.01223753845274      1.25445896565279     -2.60145214368618
  O   -1.16022514778552     -0.50259073065661     -2.81766000213091
  H   -4.18525067123661      0.22525389215048      0.23404132633159
