18
Coordinates from ORCA-job neb_orto_ts_products_im8
  C   0.95531370848568     -0.30095210252283      0.10208549980717
  C   0.14061968825227      0.37462906042254     -0.85217417466971
  C   -0.65850246550638      1.47824224438395     -0.48576572008216
  C   -0.83993698843637      1.75495681585816      0.87393429466904
  C   -0.04520251504903      1.05868486751399      1.83481285435879
  C   0.72235900488274     -0.03742414986869      1.46332998901084
  C   1.32481619305917     -1.73970851546655     -0.18370679577893
  H   0.72298155554941     -2.78330502728636     -0.93431366323877
  H   1.19777922840724     -2.64186098356948      0.83328415554462
  H   2.48054964021740     -1.94191770896436     -0.71478059509588
  H   -0.08482548267809      2.52864645575736     -1.18112722766459
  H   -0.48944994470548      3.12051863118006      1.15385799141141
  H   -0.14215567420252      1.39881096051428      3.10579595870320
  H   1.30995690200370     -0.55023113468233      2.22539808574206
  N   0.36532645529159      0.20199984668525     -2.31879587178753
  O   0.46446633669716      1.20394352367182     -2.99290911484136
  O   0.31314446095622     -0.92835219844192     -2.75308719767790
  H   -7.73724010322471     -2.19668058518489      0.82416153158970
