18
Coordinates from ORCA-job neb_orto_ts_products_im3
  C   0.97966222677992      0.44455596432307     -0.00182141380381
  C   -0.20367742334747     -0.03193040769358     -0.71711531603707
  C   -1.12711049453927     -0.88384762832223     -0.06968249168847
  C   -0.85135703316241     -1.27135273751205      1.19508860230691
  C   0.12107101753507     -0.86013223103185      1.89698470514559
  C   1.05589680668629      0.10078641244871      1.43130137288513
  C   2.06095795222872      1.17600877093382     -0.53131268950088
  H   0.45376299062932     -3.19860173442352      0.61255564464625
  H   -0.30140796863172     -2.58552634071108     -1.27733778098312
  H   2.19749754058261     -2.01604551792014      0.95963652122154
  H   0.19370584362227      2.63654047905172     -0.72834577656281
  H   0.94965361426475      2.94737066380563      1.03054118974446
  H   -0.81215553609303      2.29616669520154      1.55785119341813
  H   1.88204745310854      0.43848687711934      2.01507960192349
  N   -0.33410966020784      0.26705217183113     -2.24075480221365
  O   -0.13404712505543      1.41691775433202     -2.63909657804996
  O   -0.66039605341844     -0.61041340296544     -2.98579333841647
  H   -5.46999415098188     -0.26603578846709      0.49222135596473
