18
Coordinates from ORCA-job neb_orto_ts_products_im9
  C   0.79282284601618     -0.49473547150104      0.11994267471284
  C   0.41467028356403      0.47397478932972     -0.83597459475943
  C   -0.09048603790743      1.72957611028913     -0.47695535529729
  C   -0.25664726429281      2.05194158656691      0.86733196382786
  C   0.10672144593987      1.11784634893411      1.84284710608751
  C   0.62552829868078     -0.12252370814590      1.46713014812748
  C   1.35888850774057     -1.85669726144948     -0.19798653624021
  H   0.59868545355763     -2.50489471722942     -0.65939784825998
  H   1.72389540627399     -2.33444131321780      0.72335683641189
  H   2.18500863214342     -1.80195472096435     -0.92127309335242
  H   -0.34013901910108      2.43342865780772     -1.27103449741168
  H   -0.65934294624995      3.02710877698189      1.15132345671114
  H   -0.00709384954001      1.35800331309938      2.90344565755512
  H   0.91748752558075     -0.83818440117039      2.24065257346803
  N   0.53517477380253      0.21639534786371     -2.28912605427529
  O   0.53352424625613      1.18149067987550     -3.03586393205320
  O   0.61475156357118     -0.94535107379526     -2.66173609599403
  H   -9.05344986603578     -2.69098294327442      1.03331759074169
