18
Coordinates from ORCA-job neb_orto_ts_products_im7
  C   0.97924209738321     -0.27529723641414     -0.00102609142989
  C   0.02028772333436      0.27805149759216     -0.88480476484254
  C   -0.93743980653923      1.21492199085379     -0.46715678770725
  C   -1.17290940748310      1.33476070229496      0.88609658111767
  C   -0.40340892313844      0.58957588756816      1.80855307125909
  C   0.81570325050026      0.07270860475895      1.38273128427860
  C   1.74668100145537     -1.43095771550865     -0.51018949080593
  H   0.50473640711707     -2.83276378597874     -1.06473009789425
  H   0.78194936381858     -2.57779804014022      0.68872201722998
  H   3.01278898592870     -2.08847863300955      0.33230661623561
  H   0.07877349493328      2.55468321164283     -1.05580981071920
  H   -0.28020755738883      3.01132317735100      1.21015019767753
  H   0.12448293864436      1.69320231129598      3.06190263105525
  H   1.50060495169497     -0.31297800755044      2.13293919571814
  N   0.18186659596685      0.24235383027094     -2.38623703714880
  O   0.41118625234710      1.28286861803989     -2.95957122074495
  O   -0.06984490104938     -0.81889544493425     -2.91640060115980
  H   -7.29449246752514     -1.93728096813267      0.74252430788076
