18
Coordinates from ORCA-job neb_orto_ts_products_im1
  C   0.39400086103547      0.58355074394103      0.27510033230507
  C   -0.68454525461726     -0.09052909633418     -0.49876144443929
  C   -0.86721776286692     -1.49841630359211     -0.16808513134785
  C   -0.28480936684059     -2.08072966716949      0.97783331715987
  C   0.73264661660229     -1.34420471675070      1.65969788884337
  C   0.91211652259074      0.02969534443029      1.44270034195281
  C   0.69461092776202      2.01560011178469      0.07391224837422
  H   0.37622379979479     -3.28672637856226      0.50784833511861
  H   -0.89184211359606     -2.38526031520578     -1.25155300948261
  H   2.04082396561400     -1.89768769395083      1.45340010629396
  H   0.55421650935170      2.82228782200263     -0.93246570050911
  H   0.96852116976586      2.88899567653777      1.13976396153591
  H   -0.69913898459508      2.50970508515151      0.55990876297237
  H   1.67449945568853      0.54516325421154      2.03107083998944
  N   -0.63535624351527      0.22881162532425     -2.06655703478884
  O   0.06032036103757      1.11630740789105     -2.49858119850050
  O   -1.31718160162711     -0.47345621858491     -2.76457530032151
  H   -3.02788886158468      0.31689331887550      0.05934268484408
