18
Coordinates from ORCA-job neb_orto_ts_products_im5
  C   1.18774196316006     -0.01307159589404     -0.09754092901275
  C   -0.07211149230524      0.10735935015212     -0.83215077404669
  C   -1.27100742875342      0.37020538878165     -0.12354695550537
  C   -1.31006509529371      0.06468275138475      1.12881517083606
  C   -0.23176230449133     -0.08498112628587      1.90583412879925
  C   1.04652540683399      0.09567269268267      1.36676681328821
  C   2.42309254876474     -0.22101766331114     -0.71473428549776
  H   1.39541383502847     -3.07148888214312     -0.62202634828558
  H   -0.48989295241619     -2.58938608665179     -0.44372376084976
  H   2.20556919852505     -2.26259746890949      0.94438320543033
  H   -0.07283292031190      2.54998555599079     -0.85643865760000
  H   0.50014816916468      2.98448951327443      1.07393217995779
  H   -0.33866026511169      2.26632844320335      2.83393560464049
  H   1.92474331115035      0.32122501314624      1.94273287685095
  N   -0.07732612204751      0.21035354015897     -2.34251626756451
  O   0.04100459783347      1.32575790140586     -2.82345146494519
  O   -0.17843948714877     -0.82625317808495     -2.94134452784045
  H   -6.68214096258103     -1.22726414890042      0.60107399134497
