18
Coordinates from ORCA-job neb_orto_ts_products_MEP E -475.759650016422
  C       0.214688      0.707205      0.363454
  C      -0.731590     -0.106730     -0.456019
  C      -0.666294     -1.581373     -0.352176
  C       0.157760     -2.182832      0.555297
  C       1.007570     -1.371140      1.354210
  C       1.023453      0.030290      1.267568
  C       0.238411      2.186601      0.253502
  H       0.188533     -3.270572      0.652670
  H      -1.315016     -2.154908     -1.020389
  H       1.687632     -1.858854      2.060781
  H       0.883900      2.466820     -0.601959
  H       0.651712      2.649802      1.160441
  H      -0.752255      2.610301      0.028790
  H       1.692548      0.598699      1.918285
  N      -0.815296      0.284229     -2.017128
  O      -0.087988      1.158032     -2.403521
  O      -1.623859     -0.358400     -2.630369
  H      -1.753908      0.192831     -0.133440
18
Coordinates from ORCA-job neb_orto_ts_products_MEP E -475.224643443741
  C       0.394001      0.583551      0.275100
  C      -0.684545     -0.090529     -0.498761
  C      -0.867218     -1.498416     -0.168085
  C      -0.284809     -2.080730      0.977833
  C       0.732647     -1.344205      1.659698
  C       0.912117      0.029695      1.442700
  C       0.694611      2.015600      0.073912
  H       0.376224     -3.286726      0.507848
  H      -0.891842     -2.385260     -1.251553
  H       2.040824     -1.897688      1.453400
  H       0.554217      2.822288     -0.932466
  H       0.968521      2.888996      1.139764
  H      -0.699139      2.509705      0.559909
  H       1.674499      0.545163      2.031071
  N      -0.635356      0.228812     -2.066557
  O       0.060320      1.116307     -2.498581
  O      -1.317182     -0.473456     -2.764575
  H      -3.027889      0.316893      0.059343
18
Coordinates from ORCA-job neb_orto_ts_products_MEP E -474.645329528127
  C       0.692153      0.581269      0.154267
  C      -0.378186     -0.063084     -0.602603
  C      -0.966149     -1.250026     -0.098698
  C      -0.534853     -1.804710      1.130848
  C       0.500038     -1.170292      1.809022
  C       0.948959      0.104091      1.467733
  C       1.668822      1.560496     -0.311448
  H       0.463320     -3.259156      0.477196
  H      -0.636215     -2.494593     -1.325227
  H       2.130847     -1.911106      1.247461
  H       0.317991      2.693779     -0.791803
  H       0.865724      2.906089      1.020097
  H      -0.929999      2.353037      1.045179
  H       1.711748      0.540511      2.100410
  N      -0.496487      0.236575     -2.137364
  O      -0.012238      1.254459     -2.601452
  O      -1.160225     -0.502591     -2.817660
  H      -4.185251      0.225254      0.234041
18
Coordinates from ORCA-job neb_orto_ts_products_MEP E -474.506887518813
  C       0.979662      0.444556     -0.001821
  C      -0.203677     -0.031930     -0.717115
  C      -1.127110     -0.883848     -0.069682
  C      -0.851357     -1.271353      1.195089
  C       0.121071     -0.860132      1.896985
  C       1.055897      0.100786      1.431301
  C       2.060958      1.176009     -0.531313
  H       0.453763     -3.198602      0.612556
  H      -0.301408     -2.585526     -1.277338
  H       2.197498     -2.016046      0.959637
  H       0.193706      2.636540     -0.728346
  H       0.949654      2.947371      1.030541
  H      -0.812156      2.296167      1.557851
  H       1.882047      0.438487      2.015080
  N      -0.334110      0.267052     -2.240755
  O      -0.134047      1.416918     -2.639097
  O      -0.660396     -0.610413     -2.985793
  H      -5.469994     -0.266036      0.492221
18
Coordinates from ORCA-job neb_orto_ts_products_MEP E -474.498062959580
  C       1.174448      0.237358     -0.099846
  C      -0.094854      0.025476     -0.817680
  C      -1.282136     -0.200823     -0.089695
  C      -1.147289     -0.633480      1.155110
  C      -0.091123     -0.508343      1.887234
  C       1.083660      0.101461      1.375869
  C       2.395231      0.392510     -0.726339
  H       0.732757     -3.115834      0.459256
  H      -0.465363     -2.592550     -1.049178
  H       2.392202     -2.075971      0.830074
  H      -0.062791      2.558641     -0.707366
  H       0.825757      2.981702      1.023807
  H      -0.551028      2.319603      2.319783
  H       1.929570      0.366705      1.964450
  N      -0.167827      0.273732     -2.327699
  O      -0.040143      1.427481     -2.724708
  O      -0.295187     -0.676386     -3.043629
  H      -6.335882     -0.881284      0.570557
18
Coordinates from ORCA-job neb_orto_ts_products_MEP E -474.515777212076
  C       1.187742     -0.013072     -0.097541
  C      -0.072111      0.107359     -0.832151
  C      -1.271007      0.370205     -0.123547
  C      -1.310065      0.064683      1.128815
  C      -0.231762     -0.084981      1.905834
  C       1.046525      0.095673      1.366767
  C       2.423093     -0.221018     -0.714734
  H       1.395414     -3.071489     -0.622026
  H      -0.489893     -2.589386     -0.443724
  H       2.205569     -2.262597      0.944383
  H      -0.072833      2.549986     -0.856439
  H       0.500148      2.984490      1.073932
  H      -0.338660      2.266328      2.833936
  H       1.924743      0.321225      1.942733
  N      -0.077326      0.210354     -2.342516
  O       0.041005      1.325758     -2.823451
  O      -0.178439     -0.826253     -2.941345
  H      -6.682141     -1.227264      0.601074
18
Coordinates from ORCA-job neb_orto_ts_products_MEP E -474.537059053409
  C       1.077865     -0.219584     -0.018093
  C      -0.035478      0.160893     -0.866035
  C      -1.143849      0.841541     -0.314731
  C      -1.297195      0.893251      0.944609
  C      -0.404431      0.417606      1.843571
  C       0.893114      0.057063      1.388890
  C       2.361858     -0.535994     -0.576852
  H       1.236157     -2.785713     -1.014912
  H      -0.115769     -2.570441      0.330521
  H       2.395395     -2.417163      0.452618
  H       0.187940      2.526136     -0.990661
  H      -0.077144      3.005140      1.146761
  H       0.134012      2.003529      3.117663
  H       1.706116     -0.119123      2.076244
  N       0.056484      0.152716     -2.367418
  O       0.200895      1.220050     -2.931906
  O      -0.172939     -0.913863     -2.887445
  H      -7.003031     -1.716045      0.667174
18
Coordinates from ORCA-job neb_orto_ts_products_MEP E -474.754648568569
  C       0.979242     -0.275297     -0.001026
  C       0.020288      0.278051     -0.884805
  C      -0.937440      1.214922     -0.467157
  C      -1.172909      1.334761      0.886097
  C      -0.403409      0.589576      1.808553
  C       0.815703      0.072709      1.382731
  C       1.746681     -1.430958     -0.510189
  H       0.504736     -2.832764     -1.064730
  H       0.781949     -2.577798      0.688722
  H       3.012789     -2.088479      0.332307
  H       0.078773      2.554683     -1.055810
  H      -0.280208      3.011323      1.210150
  H       0.124483      1.693202      3.061903
  H       1.500605     -0.312978      2.132939
  N       0.181867      0.242354     -2.386237
  O       0.411186      1.282869     -2.959571
  O      -0.069845     -0.818895     -2.916401
  H      -7.294492     -1.937281      0.742524
18
Coordinates from ORCA-job neb_orto_ts_products_MEP E -475.246862729529
  C       0.955314     -0.300952      0.102085
  C       0.140620      0.374629     -0.852174
  C      -0.658502      1.478242     -0.485766
  C      -0.839937      1.754957      0.873934
  C      -0.045203      1.058685      1.834813
  C       0.722359     -0.037424      1.463330
  C       1.324816     -1.739709     -0.183707
  H       0.722982     -2.783305     -0.934314
  H       1.197779     -2.641861      0.833284
  H       2.480550     -1.941918     -0.714781
  H      -0.084825      2.528646     -1.181127
  H      -0.489450      3.120519      1.153858
  H      -0.142156      1.398811      3.105796
  H       1.309957     -0.550231      2.225398
  N       0.365326      0.202000     -2.318796
  O       0.464466      1.203944     -2.992909
  O       0.313144     -0.928352     -2.753087
  H      -7.737240     -2.196681      0.824162
18
Coordinates from ORCA-job neb_orto_ts_products_MEP E -475.478080874411
  C       0.792823     -0.494735      0.119943
  C       0.414670      0.473975     -0.835975
  C      -0.090486      1.729576     -0.476955
  C      -0.256647      2.051942      0.867332
  C       0.106721      1.117846      1.842847
  C       0.625528     -0.122524      1.467130
  C       1.358889     -1.856697     -0.197987
  H       0.598685     -2.504895     -0.659398
  H       1.723895     -2.334441      0.723357
  H       2.185009     -1.801955     -0.921273
  H      -0.340139      2.433429     -1.271034
  H      -0.659343      3.027109      1.151323
  H      -0.007094      1.358003      2.903446
  H       0.917488     -0.838184      2.240653
  N       0.535175      0.216395     -2.289126
  O       0.533524      1.181491     -3.035864
  O       0.614752     -0.945351     -2.661736
  H      -9.053450     -2.690983      1.033318
