18
Coordinates from ORCA-job neb_orto_ts_products_im4
  C   1.17444766035183      0.23735837938405     -0.09984569715330
  C   -0.09485382782117      0.02547581243014     -0.81768029377281
  C   -1.28213625460656     -0.20082286153448     -0.08969476190868
  C   -1.14728850539229     -0.63347978307125      1.15510997081261
  C   -0.09112283671261     -0.50834339159749      1.88723428264844
  C   1.08365967224594      0.10146119666382      1.37586912014179
  C   2.39523087362386      0.39251006470199     -0.72633946253000
  H   0.73275664192858     -3.11583424902955      0.45925622368566
  H   -0.46536295783116     -2.59254992408352     -1.04917842343251
  H   2.39220200240767     -2.07597093425039      0.83007393047045
  H   -0.06279076431039      2.55864086248945     -0.70736593592655
  H   0.82575654024402      2.98170207064490      1.02380677349477
  H   -0.55102845385154      2.31960347059180      2.31978308742016
  H   1.92956976526921      0.36670547913738      1.96445048839732
  N   -0.16782719249845      0.27373245313681     -2.32769881135830
  O   -0.04014313719737      1.42748089669164     -2.72470778487956
  O   -0.29518675337438     -0.67638558391703     -3.04362941280705
  H   -6.33588247247518     -0.88128395838825      0.57055670669755
