18
Coordinates from ORCA-job neb_orto_ts_products_initial_path E   0.000000000000
  C       0.214688      0.707205      0.363454
  C      -0.731590     -0.106730     -0.456019
  C      -0.666294     -1.581373     -0.352176
  C       0.157760     -2.182832      0.555297
  C       1.007570     -1.371140      1.354210
  C       1.023453      0.030290      1.267568
  C       0.238411      2.186601      0.253502
  H       0.188533     -3.270572      0.652670
  H      -1.315016     -2.154908     -1.020389
  H       1.687632     -1.858854      2.060781
  H       0.883900      2.466820     -0.601959
  H       0.651712      2.649802      1.160441
  H      -0.752255      2.610301      0.028790
  H       1.692548      0.598699      1.918285
  N      -0.815296      0.284229     -2.017128
  O      -0.087988      1.158032     -2.403521
  O      -1.623859     -0.358400     -2.630369
  H      -1.753908      0.192831     -0.133440
18
Coordinates from ORCA-job neb_orto_ts_products_initial_path E   0.000000000000
  C       0.379617      0.553178      0.272904
  C      -0.728163     -0.084045     -0.485602
  C      -0.861262     -1.496606     -0.132792
  C      -0.303897     -2.062198      0.989515
  C       0.713051     -1.339850      1.677965
  C       0.908582      0.023498      1.438730
  C       0.631197      1.950926      0.104054
  H       0.394634     -3.326957      0.489382
  H      -0.917146     -2.407878     -1.282910
  H       2.074394     -1.911741      1.456525
  H       0.578897      2.879742     -0.987106
  H       0.983267      2.930162      1.188845
  H      -0.704250      2.548627      0.518246
  H       1.670403      0.541497      2.026627
  N      -0.638900      0.229339     -2.049367
  O       0.064774      1.095008     -2.503720
  O      -1.323414     -0.457681     -2.765192
  H      -2.921785      0.334980      0.043897
18
Coordinates from ORCA-job neb_orto_ts_products_initial_path E   0.000000000000
  C       0.680112      0.580715      0.178768
  C      -0.387702     -0.052775     -0.602619
  C      -0.990318     -1.248690     -0.053354
  C      -0.578108     -1.781127      1.147747
  C       0.497272     -1.166943      1.831737
  C       0.930731      0.106282      1.461970
  C       1.708065      1.551812     -0.302712
  H       0.482063     -3.283810      0.456174
  H      -0.634739     -2.524747     -1.349411
  H       2.147791     -1.926471      1.239428
  H       0.307831      2.708740     -0.806477
  H       0.896900      2.909191      1.026937
  H      -0.947210      2.348300      1.018166
  H       1.700040      0.538424      2.108590
  N      -0.483015      0.231966     -2.135562
  O      -0.015785      1.233672     -2.617383
  O      -1.173898     -0.482976     -2.820131
  H      -4.140031      0.258437      0.218133
18
Coordinates from ORCA-job neb_orto_ts_products_initial_path E   0.000000000000
  C       0.966059      0.421308      0.042366
  C      -0.190751     -0.011133     -0.719622
  C      -1.152718     -0.868345     -0.084997
  C      -0.919525     -1.317264      1.198295
  C       0.187116     -0.841230      1.931557
  C       1.038991      0.118704      1.394806
  C       2.104538      1.176257     -0.539101
  H       0.431793     -3.210768      0.626265
  H      -0.304529     -2.590744     -1.289868
  H       2.206783     -2.011724      0.967497
  H       0.186138      2.636958     -0.740234
  H       0.983824      2.952033      1.039406
  H      -0.828770      2.292751      1.560123
  H       1.878147      0.432612      2.021685
  N      -0.322999      0.276122     -2.233191
  O      -0.136207      1.391001     -2.658333
  O      -0.655618     -0.595181     -3.000308
  H      -5.472272     -0.251356      0.483651
18
Coordinates from ORCA-job neb_orto_ts_products_initial_path E   0.000000000000
  C       1.140239      0.228723     -0.047406
  C      -0.060504      0.023004     -0.813217
  C      -1.293792     -0.177679     -0.122994
  C      -1.219168     -0.660397      1.169938
  C      -0.034069     -0.507499      1.914862
  C       1.069914      0.115335      1.336917
  C       2.438357      0.392419     -0.743172
  H       0.721021     -3.131203      0.472745
  H      -0.478519     -2.592148     -1.061510
  H       2.405687     -2.068028      0.839299
  H      -0.065160      2.555061     -0.721206
  H       0.851253      2.989610      1.028606
  H      -0.568123      2.316769      2.331385
  H       1.925578      0.362501      1.970612
  N      -0.179324      0.285955     -2.320462
  O      -0.030676      1.409473     -2.738977
  O      -0.283777     -0.669130     -3.053291
  H      -6.338936     -0.872767      0.557870
18
Coordinates from ORCA-job neb_orto_ts_products_initial_path E   0.000000000000
  C       1.158447     -0.005244     -0.053770
  C      -0.043771      0.093848     -0.823468
  C      -1.277669      0.387570     -0.175771
  C      -1.368727      0.053585      1.160459
  C      -0.195716     -0.110428      1.929533
  C       1.044321      0.099980      1.332383
  C       2.460644     -0.220319     -0.732262
  H       1.402996     -3.085332     -0.629520
  H      -0.511452     -2.585376     -0.443451
  H       2.208101     -2.255827      0.970541
  H      -0.070454      2.550455     -0.873629
  H       0.514428      2.993551      1.076630
  H      -0.351121      2.271683      2.844574
  H       1.920396      0.322311      1.947536
  N      -0.088136      0.218844     -2.340592
  O       0.050564      1.316133     -2.830613
  O      -0.170578     -0.825711     -2.946262
  H      -6.682275     -1.219722      0.587682
18
Coordinates from ORCA-job neb_orto_ts_products_initial_path E   0.000000000000
  C       1.061207     -0.221726      0.013787
  C      -0.017667      0.133395     -0.853390
  C      -1.143269      0.850262     -0.377066
  C      -1.349609      0.926298      0.984353
  C      -0.385247      0.368415      1.849221
  C       0.894537      0.066506      1.369165
  C       2.387459     -0.520256     -0.595825
  H       1.249632     -2.789052     -1.036679
  H      -0.133136     -2.565641      0.347201
  H       2.398232     -2.429362      0.484307
  H       0.195953      2.524374     -1.005644
  H      -0.085335      3.009338      1.150740
  H       0.133025      2.019652      3.132630
  H       1.700187     -0.117868      2.080141
  N       0.064158      0.156348     -2.365936
  O       0.204104      1.214971     -2.939436
  O      -0.170933     -0.912284     -2.889795
  H      -7.003298     -1.713370      0.652228
18
Coordinates from ORCA-job neb_orto_ts_products_initial_path E   0.000000000000
  C       0.994817     -0.255552      0.024593
  C       0.024075      0.272373     -0.882777
  C      -0.956107      1.199060     -0.473903
  C      -1.212084      1.321345      0.883493
  C      -0.440659      0.550736      1.776723
  C       0.824565      0.087425      1.369890
  C       1.713846     -1.413883     -0.537576
  H       0.454554     -2.862103     -1.079340
  H       0.802730     -2.587547      0.729061
  H       3.074742     -2.096810      0.363281
  H       0.112102      2.582863     -1.059057
  H      -0.263890      3.037582      1.211574
  H       0.132803      1.715137      3.081177
  H       1.480058     -0.322621      2.140888
  N       0.199626      0.244590     -2.377914
  O       0.424881      1.282095     -2.966893
  O      -0.057808     -0.810854     -2.923865
  H      -7.308251     -1.943836      0.720646
18
Coordinates from ORCA-job neb_orto_ts_products_initial_path E   0.000000000000
  C       0.991432     -0.257988      0.112864
  C       0.143648      0.365286     -0.842507
  C      -0.669424      1.452980     -0.483417
  C      -0.864591      1.724088      0.871865
  C       0.006703      1.089001      1.766409
  C       0.689509     -0.064519      1.472773
  C       1.250156     -1.659531     -0.139410
  H       0.730275     -2.830790     -0.936028
  H       1.208434     -2.691089      0.877992
  H       2.484794     -1.949162     -0.789251
  H      -0.052280      2.560928     -1.208263
  H      -0.476948      3.174291      1.151327
  H      -0.180652      1.394553      3.157882
  H       1.289797     -0.560049      2.238042
  N       0.396676      0.197404     -2.301591
  O       0.478491      1.190389     -3.000748
  O       0.345437     -0.936062     -2.744873
  H      -7.771457     -2.199729      0.796935
18
Coordinates from ORCA-job neb_orto_ts_products_initial_path E   0.000000000000
  C       0.791245     -0.496132      0.124453
  C       0.419683      0.472079     -0.834535
  C      -0.084745      1.729129     -0.479600
  C      -0.256841      2.053557      0.863436
  C       0.099910      1.120015      1.841906
  C       0.618100     -0.121852      1.470321
  C       1.356171     -1.859608     -0.188959
  H       0.596964     -2.506909     -0.653253
  H       1.715724     -2.336874      0.734765
  H       2.185919     -1.807420     -0.908258
  H      -0.329123      2.432440     -1.275786
  H      -0.658997      3.029876      1.144205
  H      -0.018617      1.361766      2.901620
  H       0.904861     -0.837081      2.246172
  N       0.546784      0.212385     -2.286740
  O       0.550686      1.176513     -3.034706
  O       0.625893     -0.949994     -2.657469
  H      -9.063616     -2.671890      0.992429
