18
Coordinates from ORCA-job neb_orto_ts_products_MEP_ALL E -475.759650016422
  C       0.214688      0.707205      0.363454
  C      -0.731590     -0.106730     -0.456019
  C      -0.666294     -1.581373     -0.352176
  C       0.157760     -2.182832      0.555297
  C       1.007570     -1.371140      1.354210
  C       1.023453      0.030290      1.267568
  C       0.238411      2.186601      0.253502
  H       0.188533     -3.270572      0.652670
  H      -1.315016     -2.154908     -1.020389
  H       1.687632     -1.858854      2.060781
  H       0.883900      2.466820     -0.601959
  H       0.651712      2.649802      1.160441
  H      -0.752255      2.610301      0.028790
  H       1.692548      0.598699      1.918285
  N      -0.815296      0.284229     -2.017128
  O      -0.087988      1.158032     -2.403521
  O      -1.623859     -0.358400     -2.630369
  H      -1.753908      0.192831     -0.133440
18
Coordinates from ORCA-job neb_orto_ts_products_MEP_ALL E -475.184173859279
  C       0.385652      0.567477      0.275701
  C      -0.706120     -0.087861     -0.492017
  C      -0.867113     -1.496788     -0.154689
  C      -0.293214     -2.074022      0.985922
  C       0.724623     -1.342040      1.668737
  C       0.910301      0.025850      1.441270
  C       0.666699      1.992177      0.087040
  H       0.385444     -3.306050      0.498712
  H      -0.903511     -2.396322     -1.266386
  H       2.056836     -1.904436      1.454872
  H       0.564932      2.849180     -0.958247
  H       0.975277      2.907713      1.163612
  H      -0.701599      2.527036      0.539579
  H       1.672328      0.543464      2.028906
  N      -0.638291      0.227747     -2.060287
  O       0.063268      1.106784     -2.500458
  O      -1.320512     -0.465725     -2.763738
  H      -2.974997      0.325816      0.051470
18
Coordinates from ORCA-job neb_orto_ts_products_MEP_ALL E -474.616610337495
  C       0.685858      0.582785      0.163108
  C      -0.383516     -0.059522     -0.601051
  C      -0.977528     -1.246528     -0.079967
  C      -0.553788     -1.795130      1.141866
  C       0.499154     -1.169918      1.819228
  C       0.940926      0.104949      1.468667
  C       1.685978      1.556511     -0.306463
  H       0.473453     -3.271930      0.466099
  H      -0.635711     -2.509616     -1.337951
  H       2.139405     -1.918123      1.244037
  H       0.312794      2.701472     -0.798792
  H       0.880520      2.907738      1.023665
  H      -0.939363      2.350411      1.031320
  H       1.704930      0.539358      2.103753
  N      -0.492994      0.231687     -2.135484
  O      -0.011766      1.247626     -2.609906
  O      -1.168031     -0.493543     -2.818014
  H      -4.160320      0.241772      0.225885
18
Coordinates from ORCA-job neb_orto_ts_products_MEP_ALL E -474.506887518813
  C       0.972879      0.433363      0.019857
  C      -0.197408     -0.021690     -0.718313
  C      -1.139497     -0.876593     -0.077211
  C      -0.884441     -1.294307      1.196570
  C       0.153755     -0.851144      1.913842
  C       1.047663      0.109588      1.413381
  C       2.082030      1.176720     -0.535061
  H       0.443460     -3.204586      0.618937
  H      -0.302547     -2.587992     -1.283816
  H       2.202380     -2.013665      0.963179
  H       0.189593      2.636879     -0.733898
  H       0.966033      2.949686      1.035170
  H      -0.820656      2.294179      1.559071
  H       1.880160      0.435700      2.018276
  N      -0.328862      0.271690     -2.236976
  O      -0.135505      1.404480     -2.648348
  O      -0.658213     -0.602695     -2.992930
  H      -5.470822     -0.259612      0.488269
18
Coordinates from ORCA-job neb_orto_ts_products_MEP_ALL E -474.498062959580
  C       1.157648      0.233292     -0.074181
  C      -0.078051      0.024344     -0.815492
  C      -1.287837     -0.189601     -0.105971
  C      -1.182404     -0.646922      1.162369
  C      -0.062988     -0.508112      1.900734
  C       1.076980      0.108285      1.356726
  C       2.416304      0.392842     -0.734691
  H       0.727531     -3.123306      0.465460
  H      -0.471490     -2.592311     -1.055450
  H       2.399183     -2.071810      0.834243
  H      -0.064395      2.556946     -0.713880
  H       0.837851      2.985599      1.026438
  H      -0.559620      2.317879      2.325813
  H       1.927661      0.364718      1.967403
  N      -0.173616      0.279945     -2.324117
  O      -0.035854      1.418936     -2.731562
  O      -0.289626     -0.672551     -3.048424
  H      -6.337278     -0.878174      0.564583
18
Coordinates from ORCA-job neb_orto_ts_products_MEP_ALL E -474.515777212076
  C       1.173384     -0.009052     -0.076154
  C      -0.058278      0.100803     -0.827876
  C      -1.274331      0.378582     -0.149068
  C      -1.338780      0.058992      1.144423
  C      -0.214007     -0.097692      1.917455
  C       1.045513      0.097787      1.349871
  C       2.441499     -0.220288     -0.723482
  H       1.399608     -3.078009     -0.626187
  H      -0.500127     -2.587440     -0.443781
  H       2.207166     -2.259068      0.956888
  H      -0.072077      2.550298     -0.864616
  H       0.506746      2.988897      1.075540
  H      -0.344933      2.268616      2.839441
  H       1.922665      0.321836      1.945016
  N      -0.082773      0.214739     -2.341553
  O       0.045358      1.321340     -2.826829
  O      -0.174615     -0.825723     -2.943821
  H      -6.682018     -1.224618      0.594732
18
Coordinates from ORCA-job neb_orto_ts_products_MEP_ALL E -474.537059053409
  C       1.069698     -0.220579     -0.002523
  C      -0.026808      0.147501     -0.859825
  C      -1.143642      0.845875     -0.345230
  C      -1.322958      0.909547      0.964198
  C      -0.395071      0.393406      1.846362
  C       0.893825      0.061661      1.379201
  C       2.374421     -0.528001     -0.586289
  H       1.243035     -2.786953     -1.026119
  H      -0.123768     -2.568129      0.338760
  H       2.397218     -2.422946      0.467590
  H       0.191579      2.525389     -0.997807
  H      -0.081759      3.007071      1.149064
  H       0.133620      2.011036      3.125325
  H       1.703248     -0.118665      2.078102
  N       0.060169      0.154725     -2.366689
  O       0.202201      1.217858     -2.935525
  O      -0.171990     -0.912841     -2.888661
  H      -7.003018     -1.715957      0.660066
18
Coordinates from ORCA-job neb_orto_ts_products_MEP_ALL E -474.718270146812
  C       0.985937     -0.266435      0.007111
  C       0.021925      0.276828     -0.883102
  C      -0.946261      1.207413     -0.470334
  C      -1.191878      1.328213      0.883959
  C      -0.420372      0.570479      1.792701
  C       0.818354      0.080396      1.380499
  C       1.729992     -1.424510     -0.523685
  H       0.478336     -2.847057     -1.072471
  H       0.794854     -2.582572      0.709230
  H       3.045511     -2.091746      0.347177
  H       0.094691      2.568863     -1.057600
  H      -0.272936      3.024351      1.211506
  H       0.128650      1.703353      3.071910
  H       1.489867     -0.317903      2.136404
  N       0.190577      0.243817     -2.383977
  O       0.418105      1.282705     -2.962106
  O      -0.063641     -0.814037     -2.919469
  H      -7.301711     -1.942157      0.732246
18
Coordinates from ORCA-job neb_orto_ts_products_MEP_ALL E -475.170766054144
  C       0.971057     -0.278715      0.109296
  C       0.142596      0.372094     -0.848050
  C      -0.663547      1.466409     -0.485535
  C      -0.851572      1.742694      0.871911
  C      -0.021674      1.073159      1.806403
  C       0.708496     -0.049802      1.467011
  C       1.291147     -1.707252     -0.163987
  H       0.726627     -2.805839     -0.935426
  H       1.203812     -2.665001      0.855482
  H       2.481738     -1.943988     -0.754076
  H      -0.069909      2.544222     -1.194233
  H      -0.484603      3.146615      1.153118
  H      -0.160829      1.396112      3.131198
  H       1.299410     -0.555889      2.231764
  N       0.380476      0.199602     -2.312639
  O       0.471145      1.197305     -2.995328
  O       0.330380     -0.931133     -2.747944
  H      -7.754752     -2.200592      0.811032
18
Coordinates from ORCA-job neb_orto_ts_products_MEP_ALL E -475.478080874411
  C       0.792158     -0.495274      0.122045
  C       0.416995      0.473261     -0.835213
  C      -0.088051      1.729412     -0.477982
  C      -0.257134      2.052546      0.865749
  C       0.103226      1.118647      1.842554
  C       0.621973     -0.122291      1.468650
  C       1.357935     -1.857811     -0.193903
  H       0.598335     -2.505656     -0.656797
  H       1.720406     -2.335387      0.728518
  H       2.185792     -1.804038     -0.915261
  H      -0.335297      2.433070     -1.272975
  H      -0.659756      3.028151      1.148328
  H      -0.012906      1.359398      2.902761
  H       0.911564     -0.837799      2.243192
  N       0.540727      0.214894     -2.287946
  O       0.541567      1.179631     -3.035137
  O       0.620300     -0.947088     -2.659816
  H      -9.057834     -2.683664      1.013231
18
Coordinates from ORCA-job neb_orto_ts_products_MEP_ALL E -475.759650016422
  C       0.214688      0.707205      0.363454
  C      -0.731590     -0.106730     -0.456019
  C      -0.666294     -1.581373     -0.352176
  C       0.157760     -2.182832      0.555297
  C       1.007570     -1.371140      1.354210
  C       1.023453      0.030290      1.267568
  C       0.238411      2.186601      0.253502
  H       0.188533     -3.270572      0.652670
  H      -1.315016     -2.154908     -1.020389
  H       1.687632     -1.858854      2.060781
  H       0.883900      2.466820     -0.601959
  H       0.651712      2.649802      1.160441
  H      -0.752255      2.610301      0.028790
  H       1.692548      0.598699      1.918285
  N      -0.815296      0.284229     -2.017128
  O      -0.087988      1.158032     -2.403521
  O      -1.623859     -0.358400     -2.630369
  H      -1.753908      0.192831     -0.133440
18
Coordinates from ORCA-job neb_orto_ts_products_MEP_ALL E -475.224643443741
  C       0.394001      0.583551      0.275100
  C      -0.684545     -0.090529     -0.498761
  C      -0.867218     -1.498416     -0.168085
  C      -0.284809     -2.080730      0.977833
  C       0.732647     -1.344205      1.659698
  C       0.912117      0.029695      1.442700
  C       0.694611      2.015600      0.073912
  H       0.376224     -3.286726      0.507848
  H      -0.891842     -2.385260     -1.251553
  H       2.040824     -1.897688      1.453400
  H       0.554217      2.822288     -0.932466
  H       0.968521      2.888996      1.139764
  H      -0.699139      2.509705      0.559909
  H       1.674499      0.545163      2.031071
  N      -0.635356      0.228812     -2.066557
  O       0.060320      1.116307     -2.498581
  O      -1.317182     -0.473456     -2.764575
  H      -3.027889      0.316893      0.059343
18
Coordinates from ORCA-job neb_orto_ts_products_MEP_ALL E -474.645329528127
  C       0.692153      0.581269      0.154267
  C      -0.378186     -0.063084     -0.602603
  C      -0.966149     -1.250026     -0.098698
  C      -0.534853     -1.804710      1.130848
  C       0.500038     -1.170292      1.809022
  C       0.948959      0.104091      1.467733
  C       1.668822      1.560496     -0.311448
  H       0.463320     -3.259156      0.477196
  H      -0.636215     -2.494593     -1.325227
  H       2.130847     -1.911106      1.247461
  H       0.317991      2.693779     -0.791803
  H       0.865724      2.906089      1.020097
  H      -0.929999      2.353037      1.045179
  H       1.711748      0.540511      2.100410
  N      -0.496487      0.236575     -2.137364
  O      -0.012238      1.254459     -2.601452
  O      -1.160225     -0.502591     -2.817660
  H      -4.185251      0.225254      0.234041
18
Coordinates from ORCA-job neb_orto_ts_products_MEP_ALL E -474.506887518813
  C       0.979662      0.444556     -0.001821
  C      -0.203677     -0.031930     -0.717115
  C      -1.127110     -0.883848     -0.069682
  C      -0.851357     -1.271353      1.195089
  C       0.121071     -0.860132      1.896985
  C       1.055897      0.100786      1.431301
  C       2.060958      1.176009     -0.531313
  H       0.453763     -3.198602      0.612556
  H      -0.301408     -2.585526     -1.277338
  H       2.197498     -2.016046      0.959637
  H       0.193706      2.636540     -0.728346
  H       0.949654      2.947371      1.030541
  H      -0.812156      2.296167      1.557851
  H       1.882047      0.438487      2.015080
  N      -0.334110      0.267052     -2.240755
  O      -0.134047      1.416918     -2.639097
  O      -0.660396     -0.610413     -2.985793
  H      -5.469994     -0.266036      0.492221
18
Coordinates from ORCA-job neb_orto_ts_products_MEP_ALL E -474.498062959580
  C       1.174448      0.237358     -0.099846
  C      -0.094854      0.025476     -0.817680
  C      -1.282136     -0.200823     -0.089695
  C      -1.147289     -0.633480      1.155110
  C      -0.091123     -0.508343      1.887234
  C       1.083660      0.101461      1.375869
  C       2.395231      0.392510     -0.726339
  H       0.732757     -3.115834      0.459256
  H      -0.465363     -2.592550     -1.049178
  H       2.392202     -2.075971      0.830074
  H      -0.062791      2.558641     -0.707366
  H       0.825757      2.981702      1.023807
  H      -0.551028      2.319603      2.319783
  H       1.929570      0.366705      1.964450
  N      -0.167827      0.273732     -2.327699
  O      -0.040143      1.427481     -2.724708
  O      -0.295187     -0.676386     -3.043629
  H      -6.335882     -0.881284      0.570557
18
Coordinates from ORCA-job neb_orto_ts_products_MEP_ALL E -474.515777212076
  C       1.187742     -0.013072     -0.097541
  C      -0.072111      0.107359     -0.832151
  C      -1.271007      0.370205     -0.123547
  C      -1.310065      0.064683      1.128815
  C      -0.231762     -0.084981      1.905834
  C       1.046525      0.095673      1.366767
  C       2.423093     -0.221018     -0.714734
  H       1.395414     -3.071489     -0.622026
  H      -0.489893     -2.589386     -0.443724
  H       2.205569     -2.262597      0.944383
  H      -0.072833      2.549986     -0.856439
  H       0.500148      2.984490      1.073932
  H      -0.338660      2.266328      2.833936
  H       1.924743      0.321225      1.942733
  N      -0.077326      0.210354     -2.342516
  O       0.041005      1.325758     -2.823451
  O      -0.178439     -0.826253     -2.941345
  H      -6.682141     -1.227264      0.601074
18
Coordinates from ORCA-job neb_orto_ts_products_MEP_ALL E -474.537059053409
  C       1.077865     -0.219584     -0.018093
  C      -0.035478      0.160893     -0.866035
  C      -1.143849      0.841541     -0.314731
  C      -1.297195      0.893251      0.944609
  C      -0.404431      0.417606      1.843571
  C       0.893114      0.057063      1.388890
  C       2.361858     -0.535994     -0.576852
  H       1.236157     -2.785713     -1.014912
  H      -0.115769     -2.570441      0.330521
  H       2.395395     -2.417163      0.452618
  H       0.187940      2.526136     -0.990661
  H      -0.077144      3.005140      1.146761
  H       0.134012      2.003529      3.117663
  H       1.706116     -0.119123      2.076244
  N       0.056484      0.152716     -2.367418
  O       0.200895      1.220050     -2.931906
  O      -0.172939     -0.913863     -2.887445
  H      -7.003031     -1.716045      0.667174
18
Coordinates from ORCA-job neb_orto_ts_products_MEP_ALL E -474.754648568569
  C       0.979242     -0.275297     -0.001026
  C       0.020288      0.278051     -0.884805
  C      -0.937440      1.214922     -0.467157
  C      -1.172909      1.334761      0.886097
  C      -0.403409      0.589576      1.808553
  C       0.815703      0.072709      1.382731
  C       1.746681     -1.430958     -0.510189
  H       0.504736     -2.832764     -1.064730
  H       0.781949     -2.577798      0.688722
  H       3.012789     -2.088479      0.332307
  H       0.078773      2.554683     -1.055810
  H      -0.280208      3.011323      1.210150
  H       0.124483      1.693202      3.061903
  H       1.500605     -0.312978      2.132939
  N       0.181867      0.242354     -2.386237
  O       0.411186      1.282869     -2.959571
  O      -0.069845     -0.818895     -2.916401
  H      -7.294492     -1.937281      0.742524
18
Coordinates from ORCA-job neb_orto_ts_products_MEP_ALL E -475.246862729529
  C       0.955314     -0.300952      0.102085
  C       0.140620      0.374629     -0.852174
  C      -0.658502      1.478242     -0.485766
  C      -0.839937      1.754957      0.873934
  C      -0.045203      1.058685      1.834813
  C       0.722359     -0.037424      1.463330
  C       1.324816     -1.739709     -0.183707
  H       0.722982     -2.783305     -0.934314
  H       1.197779     -2.641861      0.833284
  H       2.480550     -1.941918     -0.714781
  H      -0.084825      2.528646     -1.181127
  H      -0.489450      3.120519      1.153858
  H      -0.142156      1.398811      3.105796
  H       1.309957     -0.550231      2.225398
  N       0.365326      0.202000     -2.318796
  O       0.464466      1.203944     -2.992909
  O       0.313144     -0.928352     -2.753087
  H      -7.737240     -2.196681      0.824162
18
Coordinates from ORCA-job neb_orto_ts_products_MEP_ALL E -475.478080874411
  C       0.792823     -0.494735      0.119943
  C       0.414670      0.473975     -0.835975
  C      -0.090486      1.729576     -0.476955
  C      -0.256647      2.051942      0.867332
  C       0.106721      1.117846      1.842847
  C       0.625528     -0.122524      1.467130
  C       1.358889     -1.856697     -0.197987
  H       0.598685     -2.504895     -0.659398
  H       1.723895     -2.334441      0.723357
  H       2.185009     -1.801955     -0.921273
  H      -0.340139      2.433429     -1.271034
  H      -0.659343      3.027109      1.151323
  H      -0.007094      1.358003      2.903446
  H       0.917488     -0.838184      2.240653
  N       0.535175      0.216395     -2.289126
  O       0.533524      1.181491     -3.035864
  O       0.614752     -0.945351     -2.661736
  H      -9.053450     -2.690983      1.033318
