18
Coordinates from ORCA-job e_c_13_5
  C   -5.73261065049239      0.75301476827527      4.28968356232796
  C   -6.01511561272724      1.55891598430460      3.17010825397013
  C   -5.70460772957364      1.12801601102103      1.89754727997487
  C   -5.09944312457394     -0.12491305613904      1.70740294617833
  C   -4.81511662412000     -0.94095648800931      2.81128792070044
  C   -5.12653238729904     -0.50985400531231      4.08071751525843
  C   -6.04555747031046      1.21048057888960      5.67116062771639
  H   -6.65419085679964      0.46523821891086      6.19215869509681
  H   -6.56674806124841      2.16547172608458      5.68019122695475
  H   -5.12418124497047      1.30960432170969      6.25731567160039
  H   -6.48087805539301      2.52435827766599      3.32052205130765
  H   -5.93871285131765      1.74978247454177      1.04551352902187
  H   -4.85079266069756     -0.45414175001320      0.70455935888409
  H   -4.34812877997587     -1.90471297901118      2.66011414968925
  H   -4.90966462825344     -1.13423108181588      4.93820732274048
  N   -10.93605425915958     -2.36990262486733    -24.91450323318283
  O   -10.69474138819296     -2.16535300114226    -23.80467842057977
  O   -10.84770361489429     -2.11310737509288    -26.03575845765918
