18
Coordinates from ORCA-job e_c_13_5 E -476.267337034538
  C      -5.654950      0.763710      4.178350
  C      -6.111390      1.498790      3.046450
  C      -6.012080      0.970220      1.770310
  C      -5.453120     -0.310200      1.584360
  C      -4.996400     -1.053290      2.693880
  C      -5.096550     -0.522790      3.971300
  C      -5.768670      1.350320      5.545380
  H      -5.390430      0.673840      6.325400
  H      -6.822160      1.603040      5.774200
  H      -5.212400      2.306420      5.605740
  H      -6.544070      2.491100      3.198000
  H      -6.364500      1.540470      0.908080
  H      -5.372840     -0.729560      0.578510
  H      -4.564630     -2.045030      2.542310
  H      -4.744370     -1.094310      4.833210
  N     -10.787430     -2.106010    -24.282040
  O     -10.426390     -1.923290    -23.193470
  O     -10.568400     -2.265720    -25.408420
18
Coordinates from ORCA-job e_c_13_5 E -476.268425745267
  C      -5.655076      0.761990      4.170414
  C      -6.107358      1.495210      3.043897
  C      -6.008372      0.969817      1.774404
  C      -5.452690     -0.305209      1.589673
  C      -4.998711     -1.045626      2.694206
  C      -5.099397     -0.518371      3.964982
  C      -5.771259      1.344803      5.533771
  H      -5.399105      0.672807      6.304486
  H      -6.814480      1.594826      5.758267
  H      -5.219275      2.289908      5.596172
  H      -6.535375      2.478312      3.194745
  H      -6.357046      1.534739      0.920518
  H      -5.373536     -0.720765      0.593786
  H      -4.572021     -2.028129      2.543935
  H      -4.752201     -1.084825      4.819241
  N     -10.784830     -2.104577    -24.264168
  O     -10.426114     -1.923340    -23.180661
  O     -10.563936     -2.263860    -25.386120
18
Coordinates from ORCA-job e_c_13_5 E -476.268434309959
  C      -5.657190      0.760617      4.158088
  C      -6.108038      1.494013      3.032746
  C      -6.008710      0.969567      1.764215
  C      -5.453890     -0.304557      1.579444
  C      -5.000843     -1.044859      2.682987
  C      -5.102056     -0.518525      3.952807
  C      -5.774576      1.342263      5.521747
  H      -5.403972      0.668781      6.291354
  H      -6.817340      1.592370      5.745089
  H      -5.221549      2.285906      5.585632
  H      -6.535474      2.477095      3.184170
  H      -6.356995      1.534571      0.910434
  H      -5.374935     -0.720008      0.583712
  H      -4.574516     -2.027294      2.532312
  H      -4.755619     -1.085105      4.807076
  N     -10.773840     -2.099143    -24.206899
  O     -10.415044     -1.918289    -23.124707
  O     -10.556193     -2.259693    -25.328656
18
Coordinates from ORCA-job e_c_13_5 E -476.268426495509
  C      -5.660113      0.759036      4.142798
  C      -6.110085      1.492941      3.017918
  C      -6.010257      0.969143      1.749410
  C      -5.455813     -0.304789      1.564377
  C      -5.003391     -1.045463      2.667557
  C      -5.105123     -0.519732      3.937355
  C      -5.778280      1.339922      5.507033
  H      -5.409049      0.664886      6.276025
  H      -6.821028      1.590603      5.729579
  H      -5.223768      2.282581      5.572196
  H      -6.537251      2.476152      3.169927
  H      -6.358194      1.534424      0.895553
  H      -5.376959     -0.720133      0.568505
  H      -4.577150     -2.027962      2.516379
  H      -4.759175     -1.086621      4.791730
  N     -10.759341     -2.091883    -24.131419
  O     -10.400021     -1.911304    -23.049874
  O     -10.545783     -2.254091    -25.253499
18
Coordinates from ORCA-job e_c_13_5 E -476.268417200931
  C      -5.663242      0.757407      4.127821
  C      -6.112278      1.492132      3.003280
  C      -6.011604      0.969155      1.734430
  C      -5.457362     -0.304756      1.548958
  C      -5.005715     -1.046160      2.651898
  C      -5.108236     -0.521184      3.922030
  C      -5.782229      1.337430      5.492798
  H      -5.415156      0.660329      6.261143
  H      -6.824875      1.589482      5.714247
  H      -5.225319      2.278599      5.559623
  H      -6.539295      2.475376      3.156021
  H      -6.358957      1.534898      0.880544
  H      -5.378507     -0.719866      0.552917
  H      -4.579476     -2.028635      2.500048
  H      -4.762928     -1.088540      4.776446
  N     -10.744526     -2.084467    -24.056379
  O     -10.384509     -1.904404    -22.975338
  O     -10.536566     -2.249086    -25.178936
18
Coordinates from ORCA-job e_c_13_5 E -476.268405775798
  C      -5.666346      0.755763      4.112975
  C      -6.114709      1.491203      2.988643
  C      -6.013281      0.968940      1.719429
  C      -5.459052     -0.304959      1.533538
  C      -5.008025     -1.047047      2.636311
  C      -5.111242     -0.522750      3.906800
  C      -5.785908      1.335088      5.478425
  H      -5.420949      0.656395      6.246433
  H      -6.828338      1.588819      5.698862
  H      -5.226815      2.274882      5.546626
  H      -6.541767      2.474365      3.141895
  H      -6.360070      1.535146      0.865602
  H      -5.380094     -0.719756      0.537363
  H      -4.581762     -2.029451      2.483963
  H      -4.766474     -1.090577      4.761139
  N     -10.730217     -2.076975    -23.981462
  O     -10.369417     -1.897446    -22.900743
  O     -10.526315     -2.243930    -25.104247
18
Coordinates from ORCA-job e_c_13_5 E -476.268393779191
  C      -5.669555      0.754030      4.098288
  C      -6.117362      1.490220      2.974083
  C      -6.015061      0.968744      1.704404
  C      -5.460627     -0.305135      1.518018
  C      -5.010223     -1.048006      2.620670
  C      -5.114227     -0.524464      3.891613
  C      -5.789561      1.332693      5.464072
  H      -5.427261      0.652455      6.232002
  H      -6.831606      1.588948      5.683325
  H      -5.227860      2.270863      5.533703
  H      -6.544641      2.473204      3.127738
  H      -6.361172      1.535548      0.850720
  H      -5.381384     -0.719474      0.521689
  H      -4.583855     -2.030279      2.467888
  H      -4.769985     -1.092855      4.745768
  N     -10.716262     -2.069316    -23.906715
  O     -10.354541     -1.890502    -22.826167
  O     -10.515595     -2.238964    -25.029549
18
Coordinates from ORCA-job e_c_13_5 E -476.268381659503
  C      -5.673115      0.752025      4.083954
  C      -6.120360      1.489216      2.959761
  C      -6.016693      0.968888      1.689347
  C      -5.461585     -0.304911      1.502212
  C      -5.012018     -1.048927      2.604790
  C      -5.117256     -0.526506      3.876444
  C      -5.793548      1.329882      5.449891
  H      -5.435869      0.647719      6.218262
  H      -6.834743      1.591146      5.667184
  H      -5.227596      2.265430      5.521544
  H      -6.548259      2.471805      3.113696
  H      -6.361715      1.536727      0.836003
  H      -5.381569     -0.718384      0.505650
  H      -4.585360     -2.030933      2.451618
  H      -4.773689     -1.095796      4.730183
  N     -10.703034     -2.061152    -23.832378
  O     -10.340025     -1.883663    -22.751728
  O     -10.504344     -2.234856    -24.954885
18
Coordinates from ORCA-job e_c_13_5 E -476.268369455419
  C      -5.676577      0.750058      4.069322
  C      -6.123070      1.488148      2.945288
  C      -6.018158      0.968931      1.674386
  C      -5.462611     -0.304680      1.486602
  C      -5.013911     -1.049652      2.588993
  C      -5.120323     -0.528322      3.861122
  C      -5.797658      1.327027      5.435502
  H      -5.444325      0.642887      6.204121
  H      -6.838089      1.592764      5.650872
  H      -5.227781      2.260094      5.509230
  H      -6.551384      2.470478      3.099552
  H      -6.362226      1.537675      0.821291
  H      -5.381904     -0.717390      0.489803
  H      -4.587032     -2.031475      2.435435
  H      -4.777435     -1.098410      4.714572
  N     -10.689812     -2.053092    -23.757641
  O     -10.325660     -1.876842    -22.677081
  O     -10.492824     -2.230488    -24.879818
18
Coordinates from ORCA-job e_c_13_5 E -476.268265530493
  C      -5.686436      0.742305      4.068081
  C      -6.127002      1.487111      2.944170
  C      -6.008759      0.978835      1.669962
  C      -5.445090     -0.291072      1.476379
  C      -5.004620     -1.043954      2.577560
  C      -5.124100     -0.533724      3.852856
  C      -5.813250      1.311892      5.432352
  H      -5.514183      0.612903      6.209710
  H      -6.840164      1.639307      5.624742
  H      -5.199626      2.215844      5.527472
  H      -6.562121      2.466041      3.097315
  H      -6.342949      1.557932      0.820602
  H      -5.351961     -0.693758      0.477050
  H      -4.573963     -2.023526      2.424089
  H      -4.786915     -1.112009      4.702413
  N     -10.703327     -2.038210    -23.735318
  O     -10.332932     -1.876969    -22.651075
  O     -10.473383     -2.251238    -24.846811
18
Coordinates from ORCA-job e_c_13_5 E -476.268361899664
  C      -5.681240      0.746974      4.058802
  C      -6.125599      1.487306      2.935086
  C      -6.016679      0.971459      1.663139
  C      -5.459150     -0.301135      1.473576
  C      -5.013041     -1.048581      2.575465
  C      -5.123376     -0.530623      3.848602
  C      -5.804347      1.321446      5.425043
  H      -5.466643      0.631658      6.195497
  H      -6.841565      1.604187      5.633563
  H      -5.221170      2.245960      5.505426
  H      -6.555606      2.468746      3.089648
  H      -6.357883      1.543090      0.810952
  H      -5.375227     -0.711131      0.476017
  H      -4.585120     -2.029766      2.421409
  H      -4.782371     -1.103068      4.701114
  N     -10.683126     -2.042806    -23.701104
  O     -10.316155     -1.872305    -22.619994
  O     -10.482484     -2.233702    -24.820690
18
Coordinates from ORCA-job e_c_13_5 E -476.268350159633
  C      -5.684645      0.745111      4.043988
  C      -6.128051      1.486350      2.920524
  C      -6.017893      0.971572      1.648185
  C      -5.460154     -0.300852      1.458066
  C      -5.014985     -1.049197      2.559731
  C      -5.126491     -0.532270      3.833254
  C      -5.808633      1.318618      5.410681
  H      -5.474939      0.626636      6.180954
  H      -6.845159      1.605049      5.617380
  H      -5.221769      2.240652      5.493249
  H      -6.558282      2.467626      3.075598
  H      -6.358258      1.543907      0.796118
  H      -5.375692     -0.710226      0.460277
  H      -4.586920     -2.030254      2.405162
  H      -4.786261     -1.105405      4.685629
  N     -10.669327     -2.034765    -23.626233
  O     -10.301395     -1.865575    -22.545359
  O     -10.471925     -2.229264    -24.745653
18
Coordinates from ORCA-job e_c_13_5 E -476.268339226544
  C      -5.688821      0.742881      4.029003
  C      -6.130012      1.485695      2.906131
  C      -6.017209      0.972947      1.633388
  C      -5.459170     -0.298965      1.442466
  C      -5.016056     -1.048796      2.543685
  C      -5.130112     -0.533814      3.817611
  C      -5.814965      1.314456      5.396743
  H      -5.489724      0.617579      6.166333
  H      -6.850040      1.608397      5.599496
  H      -5.220256      2.231100      5.483961
  H      -6.560504      2.466777      3.062318
  H      -6.356177      1.546260      0.781305
  H      -5.373258     -0.707142      0.444213
  H      -4.587619     -2.029638      2.388128
  H      -4.791523     -1.108008      4.670036
  N     -10.655635     -2.025651    -23.551585
  O     -10.286463     -1.859383    -22.471167
  O     -10.463236     -2.226984    -24.670515
18
Coordinates from ORCA-job e_c_13_5 E -476.268328005407
  C      -5.693456      0.740307      4.014339
  C      -6.132355      1.484918      2.891963
  C      -6.016278      0.974631      1.618655
  C      -5.457341     -0.296595      1.426698
  C      -5.016589     -1.048241      2.527485
  C      -5.133819     -0.535670      3.801966
  C      -5.821820      1.309756      5.382881
  H      -5.507909      0.607512      6.152338
  H      -6.854545      1.614663      5.580614
  H      -5.217079      2.219386      5.475679
  H      -6.563576      2.465569      3.049080
  H      -6.353421      1.549371      0.766759
  H      -5.369129     -0.702981      0.427878
  H      -4.587496     -2.028697      2.371055
  H      -4.797054     -1.111265      4.654218
  N     -10.643180     -2.016253    -23.477486
  O     -10.272661     -1.853380    -22.397171
  O     -10.453072     -2.225322    -24.595402
18
Coordinates from ORCA-job e_c_13_5 E -476.268317290528
  C      -5.702051      0.735687      4.001759
  C      -6.133890      1.484991      2.880801
  C      -6.007396      0.981780      1.606581
  C      -5.445249     -0.286942      1.412254
  C      -5.011870     -1.043366      2.511916
  C      -5.139325     -0.537760      3.787303
  C      -5.837429      1.299080      5.372583
  H      -5.560520      0.580249      6.141034
  H      -6.861361      1.639630      5.554429
  H      -5.200670      2.184915      5.483103
  H      -6.567463      2.464350      3.040582
  H      -6.339724      1.559806      0.754775
  H      -5.348291     -0.687472      0.411714
  H      -4.580260     -2.022538      2.353224
  H      -4.808128     -1.116835      4.639603
  N     -10.636350     -2.003356    -23.415491
  O     -10.263985     -1.850658    -22.334924
  O     -10.446816     -2.233850    -24.529696
18
Coordinates from ORCA-job e_c_13_5 E -476.268308425796
  C      -5.703627      0.734794      3.987696
  C      -6.137596      1.483240      2.866149
  C      -6.013176      0.978697      1.591613
  C      -5.450918     -0.290613      1.397448
  C      -5.015780     -1.046398      2.497477
  C      -5.141170     -0.539525      3.773156
  C      -5.836767      1.299651      5.357582
  H      -5.553449      0.584690      6.127210
  H      -6.862010      1.635045      5.542464
  H      -5.205610      2.189923      5.464323
  H      -6.571356      2.462484      3.025009
  H      -6.346166      1.556540      0.740160
  H      -5.355361     -0.691913      0.397248
  H      -4.584452     -2.025622      2.339427
  H      -4.808602     -1.118230      4.624973
  N     -10.622591     -1.997780    -23.342121
  O     -10.249714     -1.842892    -22.261331
  O     -10.432435     -2.224380    -24.456934
18
Coordinates from ORCA-job e_c_13_5 E -476.268296540899
  C      -5.708110      0.732455      3.972961
  C      -6.140482      1.482155      2.851693
  C      -6.013244      0.979498      1.576720
  C      -5.449819     -0.289180      1.381849
  C      -5.016547     -1.046351      2.481635
  C      -5.144683     -0.541340      3.757740
  C      -5.842773      1.295832      5.343341
  H      -5.569808      0.576652      6.112807
  H      -6.865256      1.641384      5.524051
  H      -5.202734      2.179270      5.454832
  H      -6.575152      2.460894      3.011176
  H      -6.344914      1.558280      0.725377
  H      -5.351766     -0.688766      0.381195
  H      -4.584445     -2.025143      2.323001
  H      -4.813524     -1.121048      4.609431
  N     -10.609963     -1.989015    -23.267732
  O     -10.236302     -1.836668    -22.186854
  O     -10.421260     -2.221197    -24.381673
18
Coordinates from ORCA-job e_c_13_5 E -476.268282796739
  C      -5.716406      0.728877      3.959348
  C      -6.144353      1.480888      2.838512
  C      -6.008173      0.982846      1.563178
  C      -5.440114     -0.283402      1.367555
  C      -5.012345     -1.043443      2.467134
  C      -5.149452     -0.543099      3.743572
  C      -5.855738      1.288751      5.330957
  H      -5.617864      0.556182      6.099577
  H      -6.867904      1.668470      5.497841
  H      -5.185900      2.148037      5.457625
  H      -6.582404      2.457916      2.999486
  H      -6.337482      1.562383      0.711341
  H      -5.331581     -0.677204      0.365653
  H      -4.577011     -2.020688      2.307386
  H      -4.822410     -1.124467      4.595813
  N     -10.602087     -1.977738    -23.201362
  O     -10.228065     -1.832497    -22.119740
  O     -10.411491     -2.224102    -24.312327
18
Coordinates from ORCA-job e_c_13_5 E -476.268274362175
  C      -5.716253      0.728598      3.945474
  C      -6.146324      1.479738      2.824365
  C      -6.014251      0.979658      1.548847
  C      -5.448201     -0.287829      1.353361
  C      -5.017842     -1.046777      2.453059
  C      -5.150814     -0.544374      3.729677
  C      -5.853443      1.289962      5.316498
  H      -5.599705      0.563507      6.085796
  H      -6.870461      1.654312      5.489578
  H      -5.196990      2.160360      5.436384
  H      -6.583039      2.457438      2.984550
  H      -6.344464      1.559133      0.697423
  H      -5.344773     -0.684385      0.352050
  H      -4.584074     -2.024724      2.293798
  H      -4.821922     -1.125273      4.581439
  N     -10.586343     -1.973503    -23.129681
  O     -10.211653     -1.824853    -22.048612
  O     -10.400226     -2.213279    -24.242455
18
Coordinates from ORCA-job e_c_13_5 E -476.268262099696
  C      -5.720603      0.726548      3.930606
  C      -6.149522      1.478360      2.809551
  C      -6.014938      0.979572      1.533770
  C      -5.447478     -0.287281      1.338006
  C      -5.018582     -1.047080      2.437680
  C      -5.154061     -0.545978      3.714544
  C      -5.859077      1.286942      5.301919
  H      -5.615460      0.556891      6.071123
  H      -6.873033      1.661186      5.471070
  H      -5.194147      2.150375      5.426202
  H      -6.587325      2.455522      2.970003
  H      -6.344452      1.559387      0.682304
  H      -5.341259     -0.682292      0.336373
  H      -4.583908     -2.024581      2.278169
  H      -4.826281     -1.127461      4.566339
  N     -10.573510     -1.965366    -23.055004
  O     -10.198354     -1.818438    -21.973849
  O     -10.388791     -2.208595    -24.167257
18
Coordinates from ORCA-job e_c_13_5 E -476.268252596872
  C      -5.725019      0.724699      3.919459
  C      -6.152351      1.477106      2.798391
  C      -6.014100      0.979909      1.522496
  C      -5.444444     -0.285903      1.326665
  C      -5.017586     -1.046552      2.426431
  C      -5.156773     -0.547076      3.703384
  C      -5.865437      1.283913      5.291112
  H      -5.637109      0.548661      6.060114
  H      -6.874548      1.673021      5.454350
  H      -5.187877      2.136660      5.421899
  H      -6.591799      2.453497      2.959072
  H      -6.342993      1.559774      0.670794
  H      -5.333707     -0.678667      0.324622
  H      -4.581422     -2.023381      2.266771
  H      -4.830524     -1.129073      4.555440
  N     -10.565028     -1.958828    -22.999784
  O     -10.189753     -1.814051    -21.918413
  O     -10.380309     -2.205996    -24.111253
18
Coordinates from ORCA-job e_c_13_5 E -476.268253080413
  C      -5.724822      0.724880      3.920020
  C      -6.152329      1.477022      2.798843
  C      -6.014216      0.979564      1.523017
  C      -5.444491     -0.286250      1.327363
  C      -5.017427     -1.046628      2.427240
  C      -5.156495     -0.546898      3.704118
  C      -5.865212      1.284296      5.291572
  H      -5.636762      0.549237      6.060727
  H      -6.874353      1.673334      5.454806
  H      -5.187770      2.137163      5.422208
  H      -6.591847      2.453416      2.959314
  H      -6.343350      1.559233      0.671284
  H      -5.333788     -0.679221      0.325400
  H      -4.581209     -2.023464      2.267770
  H      -4.830097     -1.128728      4.556232
  N     -10.565574     -1.959575    -23.002659
  O     -10.190393     -1.814243    -21.921334
  O     -10.380643     -2.205428    -24.114370
18
Coordinates from ORCA-job e_c_13_5 E -476.268246560718
  C      -5.726298      0.725940      3.914413
  C      -6.155848      1.473665      2.791184
  C      -6.016988      0.972803      1.516438
  C      -5.443875     -0.292111      1.323923
  C      -5.014652     -1.048193      2.425944
  C      -5.154797     -0.545203      3.701630
  C      -5.867624      1.288240      5.284328
  H      -5.650653      0.552428      6.056196
  H      -6.872685      1.689501      5.442348
  H      -5.181057      2.133557      5.417855
  H      -6.598256      2.449350      2.947852
  H      -6.349874      1.549096      0.663989
  H      -5.330260     -0.687129      0.323129
  H      -4.576022     -2.024491      2.269898
  H      -4.826833     -1.124424      4.554916
  N     -10.561996     -1.965285    -22.975847
  O     -10.188725     -1.811049    -21.895144
  O     -10.374338     -2.188984    -24.091503
18
Coordinates from ORCA-job e_c_13_5 E -476.268237425389
  C      -5.729392      0.725048      3.904969
  C      -6.158804      1.471805      2.781114
  C      -6.017822      0.970824      1.506566
  C      -5.442594     -0.293278      1.314893
  C      -5.013686     -1.048546      2.417599
  C      -5.156006     -0.545473      3.693035
  C      -5.871903      1.287652      5.274566
  H      -5.666255      0.549160      6.047032
  H      -6.872945      1.700192      5.428102
  H      -5.176278      2.125009      5.412332
  H      -6.602964      2.446843      2.936776
  H      -6.351295      1.546330      0.653824
  H      -5.326295     -0.687944      0.314269
  H      -4.573571     -2.024318      2.262465
  H      -4.828307     -1.124232      4.546737
  N     -10.554507     -1.963058    -22.928913
  O     -10.181770     -1.806912    -21.848321
  O     -10.366384     -2.181391    -24.045493
18
Coordinates from ORCA-job e_c_13_5 E -476.268222996258
  C      -5.736613      0.722860      3.890074
  C      -6.164818      1.468189      2.765106
  C      -6.017145      0.968275      1.490987
  C      -5.436372     -0.293395      1.300887
  C      -5.009467     -1.047772      2.404870
  C      -5.158470     -0.545808      3.679790
  C      -5.882035      1.285634      5.259358
  H      -5.708166      0.539192      6.032078
  H      -6.870959      1.729419      5.401059
  H      -5.161176      2.099653      5.409303
  H      -6.613396      2.441424      2.919341
  H      -6.351068      1.542350      0.637343
  H      -5.312089     -0.685655      0.300234
  H      -4.565360     -2.021963      2.251120
  H      -4.832215     -1.123866      4.534532
  N     -10.544666     -1.959390    -22.855857
  O     -10.173140     -1.801232    -21.775224
  O     -10.353625     -2.170205    -23.973453
18
Coordinates from ORCA-job e_c_13_5 E -476.268208938111
  C      -5.743382      0.720766      3.875175
  C      -6.170472      1.464930      2.749212
  C      -6.016602      0.966119      1.475428
  C      -5.430771     -0.293345      1.286712
  C      -5.005638     -1.047000      2.391826
  C      -5.160813     -0.546194      3.666333
  C      -5.891697      1.283533      5.244225
  H      -5.747720      0.530233      6.016563
  H      -6.868394      1.755903      5.375139
  H      -5.148185      2.074956      5.405986
  H      -6.623179      2.436416      2.902300
  H      -6.350408      1.539155      0.620965
  H      -5.300146     -0.683723      0.286101
  H      -4.557931     -2.019717      2.239208
  H      -4.835981     -1.123724      4.521995
  N     -10.534474     -1.956407    -22.782494
  O     -10.164223     -1.795647    -21.701846
  O     -10.340764     -2.158547    -23.901277
18
Coordinates from ORCA-job e_c_13_5 E -476.268200076225
  C      -5.754846      0.717172      3.862010
  C      -6.177373      1.462075      2.735278
  C      -6.008928      0.968475      1.461751
  C      -5.413667     -0.286501      1.274335
  C      -4.994141     -1.041491      2.380531
  C      -5.163571     -0.546003      3.654658
  C      -5.910702      1.277077      5.232041
  H      -5.833413      0.508121      5.998848
  H      -6.858121      1.808970      5.340886
  H      -5.120372      2.015417      5.422515
  H      -6.637822      2.429753      2.889216
  H      -6.337669      1.542034      0.605451
  H      -5.273697     -0.672656      0.273248
  H      -4.539615     -2.011002      2.227617
  H      -4.843629     -1.123964      4.511950
  N     -10.531355     -1.957608    -22.720098
  O     -10.163668     -1.794231    -21.638966
  O     -10.328190     -2.147928    -23.839721
18
Coordinates from ORCA-job e_c_13_5 E -476.268186921218
  C      -5.763917      0.714837      3.847726
  C      -6.183374      1.459103      2.719856
  C      -6.004487      0.968179      1.446877
  C      -5.401797     -0.283474      1.261371
  C      -4.985601     -1.038192      2.368851
  C      -5.165428     -0.545516      3.642322
  C      -5.925869      1.273084      5.217951
  H      -5.900253      0.495611      5.979928
  H      -6.848039      1.849316      5.310618
  H      -5.103146      1.968964      5.431459
  H      -6.649785      2.424017      2.873003
  H      -6.330552      1.541192      0.589081
  H      -5.254505     -0.667167      0.260375
  H      -4.525685     -2.005321      2.216882
  H      -4.848428     -1.123104      4.501051
  N     -10.524674     -1.958584    -22.652001
  O     -10.159499     -1.791139    -21.570631
  O     -10.315741     -2.134097    -23.773168
18
Coordinates from ORCA-job e_c_13_5 E -476.268182104696
  C      -5.773165      0.715962      3.844536
  C      -6.186365      1.458076      2.714220
  C      -5.991742      0.968979      1.442882
  C      -5.378288     -0.278738      1.262372
  C      -4.965311     -1.030717      2.372304
  C      -5.161067     -0.540206      3.643932
  C      -5.949488      1.269236      5.215030
  H      -6.011131      0.481173      5.964894
  H      -6.828042      1.911685      5.281871
  H      -5.081965      1.892223      5.472607
  H      -6.660429      2.419514      2.864986
  H      -6.309758      1.541259      0.581681
  H      -5.228023     -0.664846      0.262974
  H      -4.497111     -1.994332      2.222879
  H      -4.847469     -1.115422      4.505897
  N     -10.532715     -1.976697    -22.646261
  O     -10.175117     -1.797815    -21.563944
  O     -10.313593     -2.111622    -23.771310
18
Coordinates from ORCA-job e_c_13_5 E -476.268181886432
  C      -5.772698      0.716484      3.830444
  C      -6.190365      1.454844      2.699146
  C      -6.000436      0.961866      1.428055
  C      -5.387990     -0.286713      1.248846
  C      -4.971585     -1.035522      2.359834
  C      -5.162122     -0.540718      3.631021
  C      -5.945378      1.272974      5.199755
  H      -5.987379      0.488796      5.954999
  H      -6.834350      1.900839      5.271372
  H      -5.087798      1.913507      5.447322
  H      -6.663774      2.417052      2.847018
  H      -6.323027      1.531738      0.566961
  H      -5.238107     -0.674899      0.250073
  H      -4.504116     -1.999764      2.212801
  H      -4.845291     -1.113853      4.492930
  N     -10.515198     -1.969407    -22.574866
  O     -10.157870     -1.788555    -21.492881
  O     -10.303295     -2.100959    -23.701278
18
Coordinates from ORCA-job e_c_13_5 E -476.268187149550
  C      -5.770593      0.721220      3.833958
  C      -6.189068      1.454929      2.700673
  C      -5.999159      0.957176      1.430816
  C      -5.385177     -0.291994      1.255663
  C      -4.965638     -1.035496      2.368854
  C      -5.156004     -0.535797      3.638360
  C      -5.948215      1.276809      5.202460
  H      -6.002632      0.491729      5.956567
  H      -6.834007      1.909624      5.268981
  H      -5.087884      1.909370      5.459656
  H      -6.663553      2.417165      2.844649
  H      -6.320673      1.524359      0.567914
  H      -5.240273     -0.686936      0.258878
  H      -4.496854     -1.999638      2.225545
  H      -4.837266     -1.105137      4.502035
  N     -10.518389     -1.979777    -22.599003
  O     -10.166318     -1.791930    -21.516383
  O     -10.309076     -2.087966    -23.728074
18
Coordinates from ORCA-job e_c_13_5 E -476.268175066824
  C      -5.776316      0.719091      3.818784
  C      -6.194013      1.451936      2.684775
  C      -5.999393      0.955191      1.415290
  C      -5.381665     -0.292032      1.241202
  C      -4.964201     -1.035261      2.355437
  C      -5.159258     -0.536627      3.624419
  C      -5.955562      1.275033      5.187038
  H      -6.031730      0.489078      5.938368
  H      -6.827640      1.926688      5.247950
  H      -5.083572      1.887917      5.453444
  H      -6.672087      2.412567      2.827671
  H      -6.321903      1.521014      0.551773
  H      -5.229278     -0.683681      0.244153
  H      -4.492922     -1.998350      2.213274
  H      -4.842274     -1.105800      4.488767
  N     -10.506837     -1.972727    -22.524717
  O     -10.154495     -1.785535    -21.442209
  O     -10.297635     -2.080791    -23.653871
18
Coordinates from ORCA-job e_c_13_5 E -476.268179635182
  C      -5.780004      0.720464      3.829193
  C      -6.192609      1.452828      2.693931
  C      -5.987212      0.957886      1.425780
  C      -5.362857     -0.286261      1.254695
  C      -4.949902     -1.028729      2.370933
  C      -5.156162     -0.532430      3.638161
  C      -5.968390      1.272784      5.197947
  H      -6.100442      0.482442      5.937275
  H      -6.809046      1.964602      5.244683
  H      -5.072805      1.836483      5.493355
  H      -6.676511      2.410722      2.835738
  H      -6.305766      1.521876      0.559582
  H      -5.202564     -0.675074      0.257851
  H      -4.473908     -1.989831      2.230496
  H      -4.843707     -1.100544      4.504943
  N     -10.525468     -1.980878    -22.585828
  O     -10.174627     -1.794956    -21.502679
  O     -10.308799     -2.083675    -23.714506
18
Coordinates from ORCA-job e_c_13_5 E -476.268178437437
  C      -5.788850      0.724325      3.824464
  C      -6.197076      1.449229      2.684523
  C      -5.974534      0.952149      1.419837
  C      -5.336368     -0.286578      1.258004
  C      -4.926612     -1.021705      2.379857
  C      -5.150165     -0.523780      3.642790
  C      -5.993286      1.273199      5.192279
  H      -6.226068      0.484450      5.909389
  H      -6.772330      2.033479      5.215760
  H      -5.064791      1.745643      5.541243
  H      -6.691697      2.402621      2.818904
  H      -6.289382      1.509748      0.548059
  H      -5.164070     -0.675945      0.263429
  H      -4.440114     -1.978616      2.246849
  H      -4.840739     -1.085762      4.514805
  N     -10.532326     -1.992825    -22.580789
  O     -10.189379     -1.801227    -21.496105
  O     -10.312993     -2.060695    -23.711749
18
Coordinates from ORCA-job e_c_13_5 E -476.268189814863
  C      -5.790900      0.731130      3.829574
  C      -6.197972      1.446780      2.684829
  C      -5.965491      0.943960      1.423622
  C      -5.317581     -0.291587      1.271040
  C      -4.907001     -1.017333      2.398228
  C      -5.140591     -0.514038      3.657090
  C      -6.008902      1.277919      5.195843
  H      -6.311559      0.495208      5.894650
  H      -6.745027      2.079637      5.204169
  H      -5.067178      1.687516      5.585252
  H      -6.698941      2.397885      2.810710
  H      -6.278309      1.494860      0.546914
  H      -5.140407     -0.686454      0.279483
  H      -4.412389     -1.971137      2.273178
  H      -4.830110     -1.068348      4.533873
  N     -10.543186     -2.006595    -22.623486
  O     -10.208374     -1.810034    -21.537030
  O     -10.326861     -2.041658    -23.756389
18
Coordinates from ORCA-job e_c_13_5 E -476.268135214453
  C      -5.772655      0.742748      3.838253
  C      -6.196553      1.442774      2.689328
  C      -5.985984      0.921735      1.429858
  C      -5.344509     -0.319394      1.282669
  C      -4.916585     -1.030605      2.412428
  C      -5.127305     -0.508052      3.670362
  C      -5.986077      1.298546      5.200453
  H      -6.215059      0.513356      5.925188
  H      -6.787553      2.037995      5.215171
  H      -5.075469      1.793639      5.558681
  H      -6.687027      2.400473      2.804248
  H      -6.309861      1.466066      0.553464
  H      -5.185179     -0.733666      0.295781
  H      -4.423554     -1.985971      2.295007
  H      -4.797767     -1.051154      4.547443
  N     -10.536023     -2.002568    -22.666350
  O     -10.204259     -1.803513    -21.578976
  O     -10.339361     -2.034697    -23.801458
18
Coordinates from ORCA-job e_c_13_5 E -476.268207035896
  C      -5.784513      0.736953      3.844727
  C      -6.196206      1.445271      2.697225
  C      -5.966553      0.935755      1.437685
  C      -5.316993     -0.299949      1.289642
  C      -4.901183     -1.018640      2.419183
  C      -5.131581     -0.508368      3.676559
  C      -6.005228      1.286758      5.209131
  H      -6.312139      0.505581      5.908477
  H      -6.744672      2.085971      5.213323
  H      -5.067052      1.698511      5.603218
  H      -6.696939      2.397136      2.817870
  H      -6.282082      1.482643      0.559482
  H      -5.143115     -0.701700      0.300320
  H      -4.404112     -1.971643      2.298422
  H      -4.815711     -1.057008      4.554964
  N     -10.555328     -2.013687    -22.704118
  O     -10.223640     -1.816144    -21.616735
  O     -10.343733     -2.039731    -23.837826
18
Coordinates from ORCA-job e_c_13_5 E -476.268218564315
  C      -5.784296      0.740008      3.856547
  C      -6.195627      1.444206      2.706948
  C      -5.959882      0.933195      1.449145
  C      -5.304632     -0.300012      1.305295
  C      -4.889430     -1.014922      2.437248
  C      -5.125741     -0.503183      3.692705
  C      -6.011603      1.289532      5.220043
  H      -6.359268      0.513864      5.906993
  H      -6.723498      2.113011      5.216513
  H      -5.067164      1.663087      5.636081
  H      -6.700677      2.394177      2.824427
  H      -6.274773      1.476899      0.568770
  H      -5.125660     -0.702233      0.317001
  H      -4.387825     -1.965956      2.319684
  H      -4.810386     -1.048604      4.573330
  N     -10.570780     -2.022023    -22.771181
  O     -10.241535     -1.824687    -21.683043
  O     -10.358002     -2.038648    -23.904956
18
Coordinates from ORCA-job e_c_13_5 E -476.268165316447
  C      -5.781134      0.728021      3.869133
  C      -6.205658      1.435179      2.722217
  C      -5.976075      0.932536      1.461314
  C      -5.318178     -0.296030      1.309977
  C      -4.901052     -1.017540      2.438538
  C      -5.129673     -0.512162      3.698445
  C      -5.988975      1.297159      5.229094
  H      -6.311711      0.526842      5.931973
  H      -6.706412      2.115432      5.227395
  H      -5.037821      1.691183      5.611798
  H      -6.718624      2.379870      2.849906
  H      -6.306764      1.479133      0.588466
  H      -5.124453     -0.682836      0.317657
  H      -4.399701     -1.967525      2.312756
  H      -4.814697     -1.064475      4.573809
  N     -10.575308     -2.013731    -22.808566
  O     -10.239346     -1.822870    -21.721854
  O     -10.355199     -2.060477    -23.940509
18
Coordinates from ORCA-job e_c_13_5 E -476.268237239795
  C      -5.780755      0.740645      3.875149
  C      -6.196251      1.441499      2.724342
  C      -5.960134      0.929850      1.467094
  C      -5.300788     -0.300842      1.324728
  C      -4.883701     -1.013215      2.457810
  C      -5.120234     -0.500531      3.712924
  C      -6.007270      1.295584      5.236957
  H      -6.371490      0.525132      5.921284
  H      -6.706329      2.129745      5.228854
  H      -5.059310      1.654324      5.657841
  H      -6.705169      2.389485      2.841326
  H      -6.280172      1.471406      0.587257
  H      -5.115595     -0.701262      0.336656
  H      -4.379184     -1.962797      2.341072
  H      -4.803261     -1.044453      4.593789
  N     -10.588771     -2.026147    -22.863480
  O     -10.258529     -1.831876    -21.775253
  O     -10.373838     -2.048838    -23.996799
18
Coordinates from ORCA-job e_c_13_5 E -476.268247497316
  C      -5.779604      0.744842      3.884697
  C      -6.198387      1.437192      2.730135
  C      -5.958382      0.920477      1.475289
  C      -5.291895     -0.307340      1.339428
  C      -4.871482     -1.011591      2.476448
  C      -5.111565     -0.493679      3.728991
  C      -6.011471      1.303676      5.244002
  H      -6.412827      0.542483      5.918461
  H      -6.684339      2.158768      5.227350
  H      -5.060318      1.628304      5.684473
  H      -6.712830      2.382821      2.841534
  H      -6.280543      1.456746      0.593030
  H      -5.103745     -0.712446      0.353735
  H      -4.361242     -1.958684      2.365086
  H      -4.791829     -1.031427      4.612503
  N     -10.597528     -2.037881    -22.919658
  O     -10.274449     -1.839982    -21.829842
  O     -10.388343     -2.034569    -24.054112
18
Coordinates from ORCA-job e_c_13_5 E -476.268256331068
  C      -5.778268      0.749210      3.895385
  C      -6.200015      1.433045      2.737067
  C      -5.955895      0.911274      1.484721
  C      -5.282289     -0.313603      1.355466
  C      -4.858777     -1.009670      2.496444
  C      -5.102683     -0.486575      3.746312
  C      -6.015888      1.311680      5.252192
  H      -6.454966      0.560956      5.915445
  H      -6.661216      2.187334      5.227397
  H      -5.063258      1.601105      5.713066
  H      -6.719926      2.376284      2.842819
  H      -6.279956      1.442178      0.599961
  H      -5.091048     -0.723414      0.372191
  H      -4.342817     -1.954219      2.390528
  H      -4.780371     -1.018090      4.632536
  N     -10.607300     -2.049564    -22.982108
  O     -10.291386     -1.848922    -21.890607
  O     -10.404721     -2.021299    -24.117265
18
Coordinates from ORCA-job e_c_13_5 E -476.268264016076
  C      -5.776738      0.753633      3.906147
  C      -6.200943      1.429009      2.744006
  C      -5.952521      0.902147      1.494284
  C      -5.271995     -0.319796      1.371808
  C      -4.845744     -1.007665      2.516797
  C      -5.093786     -0.479421      3.763885
  C      -6.021043      1.319449      5.260362
  H      -6.498076      0.580371      5.911063
  H      -6.637972      2.214913      5.227686
  H      -5.069062      1.573391      5.742467
  H      -6.726155      2.369897      2.843968
  H      -6.278371      1.427583      0.606944
  H      -5.077318     -0.734150      0.391025
  H      -4.324163     -1.949677      2.416447
  H      -4.769192     -1.004703      4.652896
  N     -10.617389     -2.060291    -23.045305
  O     -10.308225     -1.857848    -21.952140
  O     -10.422086     -2.009130    -24.180789
18
Coordinates from ORCA-job e_c_13_5 E -476.268271420689
  C      -5.775033      0.758150      3.916770
  C      -6.201191      1.424898      2.750574
  C      -5.948110      0.892768      1.503701
  C      -5.260651     -0.326154      1.388446
  C      -4.832006     -1.005568      2.537656
  C      -5.084707     -0.472083      3.781758
  C      -6.027372      1.327111      5.268157
  H      -6.544001      0.601420      5.904313
  H      -6.613964      2.242303      5.227608
  H      -5.078452      1.544115      5.773133
  H      -6.731643      2.363435      2.844413
  H      -6.275733      1.412437      0.613611
  H      -5.061921     -0.744935      0.410330
  H      -4.304705     -1.944957      2.443186
  H      -4.758044     -0.990924      4.673731
  N     -10.627820     -2.070040    -23.108374
  O     -10.324991     -1.866604    -22.013581
  O     -10.440434     -1.997662    -24.243884
18
Coordinates from ORCA-job e_c_13_5 E -476.268279183064
  C      -5.773069      0.762602      3.927412
  C      -6.200643      1.420822      2.757004
  C      -5.942636      0.883433      1.513134
  C      -5.248369     -0.332421      1.405393
  C      -4.817745     -1.003348      2.558934
  C      -5.075539     -0.464722      3.799919
  C      -6.034737      1.334416      5.275737
  H      -6.592171      0.623925      5.895232
  H      -6.589334      2.268949      5.227539
  H      -5.091561      1.513551      5.804931
  H      -6.736108      2.357081      2.844593
  H      -6.271977      1.397167      0.620195
  H      -5.045039     -0.755361      0.430072
  H      -4.284709     -1.940049      2.470470
  H      -4.747012     -0.977046      4.694946
  N     -10.638933     -2.078693    -23.171660
  O     -10.341704     -1.875039    -22.075361
  O     -10.459492     -1.987556    -24.306941
18
Coordinates from ORCA-job e_c_13_5 E -476.268289354074
  C      -5.770590      0.766383      3.938900
  C      -6.198588      1.417646      2.764637
  C      -5.935856      0.875924      1.523535
  C      -5.235848     -0.337205      1.422601
  C      -4.804094     -1.000919      2.579987
  C      -5.066901     -0.458154      3.818166
  C      -6.042353      1.340153      5.284253
  H      -6.638496      0.645268      5.885919
  H      -6.566385      2.291901      5.229305
  H      -5.107257      1.484166      5.837031
  H      -6.738071      2.352076      2.846873
  H      -6.266393      1.384389      0.627971
  H      -5.028122     -0.763299      0.449775
  H      -4.266018     -1.935197      2.496702
  H      -4.737042     -0.964807      4.715922
  N     -10.652129     -2.085770    -23.237487
  O     -10.358475     -1.882791    -22.140122
  O     -10.478163     -1.982056    -24.372419
18
Coordinates from ORCA-job e_c_13_5 E -476.268303683803
  C      -5.767773      0.768982      3.951509
  C      -6.194337      1.416658      2.774492
  C      -5.927197      0.872760      1.535429
  C      -5.223582     -0.338540      1.439317
  C      -4.792327     -0.998012      2.599327
  C      -5.059811     -0.453246      3.835514
  C      -6.049714      1.342641      5.294701
  H      -6.679508      0.661599      5.878238
  H      -6.547390      2.308301      5.234992
  H      -5.123838      1.456670      5.868669
  H      -6.736167      2.350031      2.853444
  H      -6.257410      1.377787      0.637768
  H      -5.012505     -0.766060      0.468009
  H      -4.250787     -1.930595      2.519334
  H      -4.730019     -0.956388      4.735281
  N     -10.668602     -2.090899    -23.305819
  O     -10.375174     -1.889501    -22.208158
  O     -10.494640     -1.984479    -24.440499
18
Coordinates from ORCA-job e_c_13_5 E -476.268317374376
  C      -5.765249      0.771526      3.963968
  C      -6.189679      1.416235      2.784465
  C      -5.917582      0.870757      1.547348
  C      -5.210584     -0.338842      1.455734
  C      -4.780489     -0.994701      2.618161
  C      -5.053149     -0.448469      3.852421
  C      -6.057705      1.344169      5.305317
  H      -6.721659      0.678027      5.868529
  H      -6.527145      2.323728      5.242351
  H      -5.142740      1.425994      5.901027
  H      -6.733813      2.348522      2.860439
  H      -6.246713      1.372790      0.647576
  H      -4.995999     -0.767513      0.485723
  H      -4.235698     -1.925680      2.541238
  H      -4.724168     -0.948626      4.754199
  N     -10.685743     -2.095907    -23.373448
  O     -10.391986     -1.896222    -22.275615
  O     -10.510680     -1.988079    -24.507884
18
Coordinates from ORCA-job e_c_13_5 E -476.268330120226
  C      -5.762843      0.773899      3.976470
  C      -6.184839      1.415913      2.794553
  C      -5.907579      0.869123      1.559359
  C      -5.197295     -0.338773      1.472068
  C      -4.768631     -0.991294      2.636835
  C      -5.046678     -0.443859      3.869232
  C      -6.065934      1.345388      5.315964
  H      -6.763388      0.695222      5.857651
  H      -6.506365      2.338256      5.250744
  H      -5.163420      1.394605      5.933064
  H      -6.731307      2.347083      2.867632
  H      -6.235356      1.368368      0.657529
  H      -4.979061     -0.768348      0.503284
  H      -4.220690     -1.920700      2.562909
  H      -4.718840     -0.941294      4.772973
  N     -10.703164     -2.100862    -23.440832
  O     -10.408879     -1.902926    -22.342865
  O     -10.526510     -1.992090    -24.575018
18
Coordinates from ORCA-job e_c_13_5 E -476.268342030140
  C      -5.760492      0.776015      3.989132
  C      -6.179958      1.415547      2.804862
  C      -5.897502      0.867651      1.571560
  C      -5.184037     -0.338533      1.488397
  C      -4.756945     -0.987941      2.655427
  C      -5.040399     -0.439503      3.886043
  C      -6.074060      1.346506      5.326675
  H      -6.803360      0.713053      5.846476
  H      -6.485775      2.351608      5.259927
  H      -5.185147      1.364159      5.964112
  H      -6.728727      2.345602      2.875139
  H      -6.223762      1.364276      0.667742
  H      -4.962156     -0.768785      0.520751
  H      -4.205953     -1.915805      2.584407
  H      -4.713841     -0.934421      4.791669
  N     -10.720731     -2.105751    -23.508307
  O     -10.425805     -1.909574    -22.410228
  O     -10.542130     -1.996393    -24.642233
18
Coordinates from ORCA-job e_c_13_5 E -476.268348675772
  C      -5.758792      0.778572      3.996051
  C      -6.172691      1.411927      2.806229
  C      -5.878596      0.861106      1.577652
  C      -5.157878     -0.340922      1.504318
  C      -4.734236     -0.982623      2.676694
  C      -5.029939     -0.431578      3.902918
  C      -6.096788      1.347447      5.328378
  H      -6.893969      0.755274      5.796266
  H      -6.443823      2.376862      5.259922
  H      -5.243702      1.296840      6.009524
  H      -6.726670      2.339459      2.869758
  H      -6.201453      1.351141      0.669040
  H      -4.927701     -0.772673      0.539436
  H      -4.176244     -1.906947      2.612712
  H      -4.706055     -0.920293      4.813081
  N     -10.740224     -2.106918    -23.551746
  O     -10.443968     -1.914114    -22.453617
  O     -10.558050     -1.994850    -24.685067
18
Coordinates from ORCA-job e_c_13_5 E -476.268362141079
  C      -5.756739      0.778308      4.011707
  C      -6.171861      1.415146      2.824448
  C      -5.881482      0.866542      1.594033
  C      -5.163978     -0.337179      1.516058
  C      -4.740262     -0.983003      2.686065
  C      -5.031967     -0.433971      3.914158
  C      -6.084784      1.348368      5.346182
  H      -6.854329      0.737949      5.835598
  H      -6.459398      2.367919      5.277011
  H      -5.215647      1.327069      6.008986
  H      -6.723773      2.343696      2.891161
  H      -6.204052      1.359829      0.687177
  H      -4.936591     -0.767457      0.549581
  H      -4.185459     -1.909041      2.619039
  H      -4.708324     -0.926082      4.822628
  N     -10.750640     -2.114815    -23.625677
  O     -10.454633     -1.921233    -22.527619
  O     -10.566860     -2.004334    -24.758987
18
Coordinates from ORCA-job e_c_13_5 E -476.268374190034
  C      -5.754374      0.778755      4.027188
  C      -6.169547      1.417754      2.841108
  C      -5.880663      0.870434      1.609794
  C      -5.165062     -0.334373      1.529548
  C      -4.742037     -0.982682      2.698451
  C      -5.032083     -0.434836      3.927474
  C      -6.077926      1.349260      5.362711
  H      -6.831965      0.728846      5.863137
  H      -6.468106      2.362854      5.293067
  H      -5.200810      1.344803      6.015594
  H      -6.720135      2.346956      2.909423
  H      -6.202280      1.365531      0.703580
  H      -4.938854     -0.763646      0.562309
  H      -4.189146     -1.909751      2.629980
  H      -4.709115     -0.928892      4.835131
  N     -10.763289     -2.122321    -23.700611
  O     -10.467415     -1.928484    -22.602506
  O     -10.577973     -2.012498    -24.833829
18
Coordinates from ORCA-job e_c_13_5 E -476.268383270214
  C      -5.752076      0.779655      4.041628
  C      -6.164355      1.418902      2.853857
  C      -5.872054      0.871380      1.623630
  C      -5.156089     -0.333531      1.545753
  C      -4.736374     -0.981738      2.716158
  C      -5.029849     -0.433798      3.944243
  C      -6.081385      1.350382      5.375785
  H      -6.840578      0.731964      5.870796
  H      -6.469740      2.364522      5.302802
  H      -5.207875      1.345654      6.033121
  H      -6.714667      2.348315      2.920803
  H      -6.189920      1.365539      0.715375
  H      -4.927400     -0.762073      0.579253
  H      -4.183303     -1.908798      2.649500
  H      -4.709076     -0.927228      4.852947
  N     -10.779731     -2.129223    -23.773252
  O     -10.484048     -1.935869    -22.674825
  O     -10.592260     -2.016346    -24.906024
18
Coordinates from ORCA-job e_c_13_5 E -476.268396283644
  C      -5.749944      0.780452      4.057114
  C      -6.162749      1.421875      2.871177
  C      -5.873127      0.875651      1.639595
  C      -5.159410     -0.330458      1.558670
  C      -4.739306     -0.981236      2.727383
  C      -5.029963     -0.434436      3.956756
  C      -6.072381      1.351280      5.392941
  H      -6.812942      0.721817      5.901647
  H      -6.477333      2.358906      5.321654
  H      -5.189600      1.363471      6.038332
  H      -6.711820      2.351888      2.940119
  H      -6.191550      1.372163      0.732989
  H      -4.932751     -0.758604      0.591071
  H      -4.188331     -1.909398      2.658615
  H      -4.709320     -0.930243      4.864240
  N     -10.791035     -2.136711    -23.848754
  O     -10.495594     -1.942952    -22.750338
  O     -10.603625     -2.025755    -24.981661
18
Coordinates from ORCA-job e_c_13_5 E -476.268408584585
  C      -5.747952      0.781947      4.071921
  C      -6.159172      1.424549      2.886379
  C      -5.869880      0.878609      1.654430
  C      -5.157818     -0.328494      1.573068
  C      -4.738888     -0.980553      2.741396
  C      -5.029232     -0.433995      3.971045
  C      -6.068686      1.352277      5.408283
  H      -6.798105      0.715911      5.924246
  H      -6.484016      2.355667      5.338041
  H      -5.181712      1.374818      6.048052
  H      -6.707226      2.355139      2.955584
  H      -6.187717      1.376309      0.748370
  H      -4.931462     -0.756809      0.605269
  H      -4.189266     -1.909489      2.672225
  H      -4.709728     -0.931055      4.878255
  N     -10.803631     -2.144062    -23.923521
  O     -10.508750     -1.950060    -22.824990
  O     -10.617538     -2.032998    -25.056503
18
Coordinates from ORCA-job e_c_13_5 E -476.268419188390
  C      -5.746786      0.784742      4.084726
  C      -6.151802      1.426113      2.896600
  C      -5.857431      0.878346      1.666529
  C      -5.145442     -0.329039      1.590319
  C      -4.731013     -0.979344      2.761086
  C      -5.026763     -0.431114      3.988721
  C      -6.076477      1.353843      5.419101
  H      -6.812614      0.719725      5.928516
  H      -6.487503      2.358972      5.348068
  H      -5.195650      1.370841      6.067468
  H      -6.699718      2.357052      2.962244
  H      -6.172444      1.374683      0.758776
  H      -4.915410     -0.758848      0.624095
  H      -4.180838     -1.908205      2.695262
  H      -4.710665     -0.926932      4.897822
  N     -10.818626     -2.150818    -23.994555
  O     -10.525002     -1.957002    -22.895722
  O     -10.636596     -2.035306    -25.127504
18
Coordinates from ORCA-job e_c_13_5 E -476.268430611823
  C      -5.745205      0.785905      4.098872
  C      -6.147157      1.427071      2.909530
  C      -5.849433      0.879098      1.680492
  C      -5.137267     -0.328279      1.606394
  C      -4.726007     -0.978292      2.778428
  C      -5.025104     -0.429869      4.005076
  C      -6.078819      1.355545      5.432112
  H      -6.817097      0.721794      5.938887
  H      -6.489529      2.360673      5.359084
  H      -5.200038      1.372916      6.083134
  H      -6.695165      2.358070      2.973670
  H      -6.161761      1.374936      0.771491
  H      -4.904824     -0.757950      0.640752
  H      -4.175625     -1.907153      2.714280
  H      -4.711422     -0.925345      4.915215
  N     -10.833940     -2.157708    -24.067372
  O     -10.540786     -1.964214    -22.968390
  O     -10.651598     -2.039490    -25.200104
18
Coordinates from ORCA-job e_c_13_5 E -476.268412164291
  C      -5.750335      0.791341      4.089617
  C      -6.127788      1.419529      2.884558
  C      -5.799444      0.861235      1.668404
  C      -5.078723     -0.341843      1.624019
  C      -4.687588     -0.976265      2.811342
  C      -5.018512     -0.418470      4.024955
  C      -6.138788      1.359951      5.407713
  H      -6.959214      0.772712      5.841081
  H      -6.479597      2.390612      5.325810
  H      -5.316703      1.305714      6.125005
  H      -6.681002      2.348659      2.928039
  H      -6.097613      1.343448      0.746717
  H      -4.823460     -0.776754      0.668073
  H      -4.127493     -1.900529      2.767952
  H      -4.719062     -0.900807      4.946862
  N     -10.848164     -2.155305    -24.052315
  O     -10.558735     -1.964086    -22.952348
  O     -10.678559     -2.011431    -25.183933
18
Coordinates from ORCA-job e_c_13_5 E -476.268427586025
  C      -5.747482      0.787258      4.094620
  C      -6.141771      1.424123      2.900047
  C      -5.833714      0.872912      1.675130
  C      -5.118380     -0.332995      1.610529
  C      -4.714033     -0.978059      2.787758
  C      -5.023744     -0.426696      4.010252
  C      -6.098071      1.357470      5.423126
  H      -6.862412      0.737398      5.908340
  H      -6.487877      2.370684      5.345549
  H      -5.235380      1.353755      6.094772
  H      -6.691723      2.354418      2.957398
  H      -6.141202      1.364405      0.761937
  H      -4.878147     -0.764322      0.648095
  H      -4.160398     -1.905427      2.730453
  H      -4.714905     -0.917932      4.924315
  N     -10.837163     -2.156667    -24.055917
  O     -10.545470     -1.963693    -22.956563
  O     -10.658907     -2.028923    -25.188291
18
Coordinates from ORCA-job e_c_13_5 E -476.268415659788
  C      -5.750207      0.786438      4.079116
  C      -6.143951      1.421831      2.883494
  C      -5.834500      0.869605      1.659386
  C      -5.118108     -0.335705      1.596688
  C      -4.714042     -0.979142      2.774938
  C      -5.025235     -0.426858      3.996609
  C      -6.104005      1.356800      5.406677
  H      -6.875683      0.741235      5.886201
  H      -6.487000      2.372596      5.328610
  H      -5.245521      1.346042      6.083417
  H      -6.694647      2.351768      2.939427
  H      -6.142054      1.359845      0.745493
  H      -4.876694     -0.767718      0.634952
  H      -4.159371     -1.905980      2.718965
  H      -4.716521     -0.916794      4.911411
  N     -10.823817     -2.149648    -23.980271
  O     -10.532303     -1.956532    -22.880922
  O     -10.647121     -2.020074    -25.112643
18
Coordinates from ORCA-job e_c_13_5 E -476.268408635994
  C      -5.753306      0.781985      4.069725
  C      -6.154437      1.422004      2.879415
  C      -5.853863      0.873787      1.651251
  C      -5.140691     -0.333279      1.578241
  C      -4.732483     -0.982972      2.751680
  C      -5.034012     -0.434195      3.977546
  C      -6.083717      1.356676      5.402083
  H      -6.807808      0.715455      5.919194
  H      -6.508590      2.355488      5.324509
  H      -5.198117      1.392402      6.043284
  H      -6.703548      2.352469      2.941865
  H      -6.163972      1.369404      0.741413
  H      -4.905307     -0.763156      0.613232
  H      -4.182087     -1.911914      2.689314
  H      -4.722874     -0.929379      4.888678
  N     -10.805650     -2.146551    -23.922205
  O     -10.514260     -1.951242    -22.823001
  O     -10.626058     -2.019270    -25.054675
18
Coordinates from ORCA-job e_c_13_5 E -476.268396801225
  C      -5.755027      0.783865      4.052649
  C      -6.149917      1.419752      2.857746
  C      -5.842644      0.867481      1.633041
  C      -5.127409     -0.338474      1.568957
  C      -4.722638     -0.982682      2.746576
  C      -5.031666     -0.430412      3.968809
  C      -6.104586      1.355191      5.381005
  H      -6.862520      0.731161      5.871050
  H      -6.501128      2.365644      5.302217
  H      -5.239001      1.359171      6.049002
  H      -6.699916      2.350044      2.914401
  H      -6.151015      1.358475      0.719820
  H      -4.887415     -0.770678      0.606984
  H      -4.169197     -1.910195      2.689766
  H      -4.722568     -0.921100      4.883076
  N     -10.796703     -2.138350    -23.846779
  O     -10.505625     -1.943922    -22.747533
  O     -10.621804     -2.007261    -24.979238
18
Coordinates from ORCA-job e_c_13_5 E -476.268392370357
  C      -5.760192      0.784442      4.044643
  C      -6.143890      1.418082      2.844897
  C      -5.826202      0.862898      1.624130
  C      -5.111448     -0.343666      1.569016
  C      -4.717711     -0.985615      2.751664
  C      -5.037265     -0.430694      3.969829
  C      -6.121698      1.358077      5.368880
  H      -6.871996      0.726192      5.860513
  H      -6.531217      2.362698      5.283413
  H      -5.257803      1.377716      6.038910
  H      -6.693814      2.348780      2.894529
  H      -6.127156      1.351914      0.707177
  H      -4.863285     -0.777742      0.610242
  H      -4.164415     -1.913648      2.701696
  H      -4.736791     -0.919696      4.887912
  N     -10.793631     -2.137446    -23.817931
  O     -10.505681     -1.942056    -22.718127
  O     -10.626585     -1.992525    -24.949844
18
Coordinates from ORCA-job e_c_13_5 E -476.268386989146
  C      -5.772552      0.785286      4.032011
  C      -6.129747      1.415406      2.822517
  C      -5.789037      0.854509      1.610425
  C      -5.077226     -0.354405      1.574275
  C      -4.709942     -0.993123      2.767183
  C      -5.052633     -0.432919      3.976343
  C      -6.156008      1.365449      5.347436
  H      -6.868896      0.706294      5.857691
  H      -6.612561      2.347773      5.245862
  H      -5.288438      1.440946      6.009557
  H      -6.678188      2.347609      2.857076
  H      -6.071883      1.340558      0.685848
  H      -4.810741     -0.792075      0.622368
  H      -4.158818     -1.923161      2.731901
  H      -4.772950     -0.919622      4.902260
  N     -10.789195     -2.138636    -23.780939
  O     -10.509559     -1.941639    -22.679405
  O     -10.642405     -1.960540    -24.910860
18
Coordinates from ORCA-job e_c_13_5 E -476.268388399437
  C      -5.779996      0.783621      4.026552
  C      -6.127071      1.414661      2.814996
  C      -5.778487      0.853422      1.605192
  C      -5.069757     -0.357619      1.573178
  C      -4.714582     -0.998380      2.768638
  C      -5.064668     -0.437692      3.975413
  C      -6.162135      1.369192      5.340373
  H      -6.828386      0.686379      5.880485
  H      -6.663700      2.328346      5.232412
  H      -5.281622      1.498044      5.977827
  H      -6.673831      2.347979      2.845438
  H      -6.052643      1.341106      0.678909
  H      -4.796583     -0.795744      0.623046
  H      -4.166715     -1.930516      2.737377
  H      -4.794707     -0.926248      4.903300
  N     -10.782789     -2.140276    -23.761830
  O     -10.507746     -1.942220    -22.659286
  O     -10.645362     -1.946343    -24.890471
18
Coordinates from ORCA-job e_c_13_5 E -476.268400905177
  C      -5.783150      0.782365      4.039277
  C      -6.125082      1.417013      2.828763
  C      -5.774189      0.857919      1.618478
  C      -5.068859     -0.355387      1.585082
  C      -4.720166     -1.000706      2.779747
  C      -5.072087     -0.441759      3.986956
  C      -6.156130      1.371141      5.354303
  H      -6.776997      0.670670      5.923726
  H      -6.695548      2.309527      5.246854
  H      -5.262986      1.544570      5.964316
  H      -6.669284      2.351906      2.859843
  H      -6.042640      1.349268      0.693011
  H      -4.793524     -0.792907      0.634601
  H      -4.175788     -1.934797      2.747967
  H      -4.807017     -0.933900      4.914331
  N     -10.790801     -2.149204    -23.827022
  O     -10.518644     -1.950416    -22.723711
  O     -10.657886     -1.947593    -24.954973
18
Coordinates from ORCA-job e_c_13_5 E -476.268411011220
  C      -5.782405      0.781700      4.055067
  C      -6.124636      1.419802      2.846774
  C      -5.775580      0.863376      1.634673
  C      -5.072223     -0.351203      1.597328
  C      -4.723957     -1.000521      2.789754
  C      -5.073742     -0.443865      3.998841
  C      -6.146316      1.371183      5.372181
  H      -6.743928      0.663677      5.956831
  H      -6.702630      2.300109      5.268137
  H      -5.245901      1.564428      5.966086
  H      -6.667230      2.355603      2.880904
  H      -6.042444      1.357905      0.710870
  H      -4.798223     -0.787618      0.645445
  H      -4.181679     -1.935670      2.755136
  H      -4.808903     -0.939090      4.924587
  N     -10.802113     -2.157607    -23.902212
  O     -10.530490     -1.958346    -22.798686
  O     -10.668378     -1.956153    -25.030168
18
Coordinates from ORCA-job e_c_13_5 E -476.268420705488
  C      -5.779330      0.781357      4.071882
  C      -6.124601      1.423141      2.866507
  C      -5.779861      0.869730      1.651803
  C      -5.078107     -0.345765      1.609024
  C      -4.727041     -0.999022      2.798325
  C      -5.072349     -0.445045      4.010137
  C      -6.134778      1.369793      5.391550
  H      -6.721339      0.659890      5.984013
  H      -6.697420      2.295529      5.292029
  H      -5.229448      1.570024      5.976009
  H      -6.665840      2.359607      2.905145
  H      -6.047278      1.367344      0.730107
  H      -4.807614     -0.780710      0.655152
  H      -4.186414     -1.934901      2.759460
  H      -4.805327     -0.943298      4.933569
  N     -10.814662     -2.165455    -23.979395
  O     -10.542227     -1.965781    -22.876006
  O     -10.677145     -1.968728    -25.107761
18
Coordinates from ORCA-job e_c_13_5 E -476.268431470977
  C      -5.773586      0.781300      4.089403
  C      -6.124694      1.427445      2.887887
  C      -5.787210      0.877616      1.669611
  C      -5.087125     -0.338623      1.619512
  C      -4.729959     -0.996174      2.804542
  C      -5.068005     -0.445509      4.020093
  C      -6.121272      1.366425      5.412292
  H      -6.708771      0.658007      6.005531
  H      -6.680358      2.295055      5.318377
  H      -5.212995      1.561334      5.993996
  H      -6.664519      2.364457      2.932875
  H      -6.057375      1.378555      0.750581
  H      -4.822783     -0.771487      0.662948
  H      -4.190873     -1.932639      2.759651
  H      -4.796334     -0.947046      4.940319
  N     -10.827893     -2.172689    -24.056596
  O     -10.553293     -1.972702    -22.953731
  O     -10.683736     -1.985617    -25.185740
18
Coordinates from ORCA-job e_c_13_5 E -476.268437685143
  C      -5.767127      0.781399      4.098386
  C      -6.125343      1.431422      2.900723
  C      -5.796594      0.884564      1.678855
  C      -5.098382     -0.332290      1.621285
  C      -4.733740     -0.993439      2.802097
  C      -5.063160     -0.445712      4.021339
  C      -6.109582      1.361740      5.424580
  H      -6.705120      0.655984      6.013365
  H      -6.660340      2.295877      5.335970
  H      -5.200516      1.545025      6.008491
  H      -6.663789      2.368833      2.952082
  H      -6.071427      1.388362      0.762458
  H      -4.841624     -0.762933      0.662064
  H      -4.196171     -1.930467      2.751012
  H      -4.785882     -0.950056      4.938379
  N     -10.833663     -2.175206    -24.090499
  O     -10.556152     -1.975047    -22.988494
  O     -10.682168     -2.000345    -25.220546
18
Coordinates from ORCA-job e_c_13_5 E -476.268435840560
  C      -5.763931      0.781529      4.094769
  C      -6.125815      1.432584      2.898416
  C      -5.801368      0.886330      1.675240
  C      -5.103660     -0.330418      1.614910
  C      -4.734788     -0.992079      2.794304
  C      -5.060087     -0.445176      4.014843
  C      -6.107599      1.358563      5.422131
  H      -6.718025      0.657153      6.001331
  H      -6.646450      2.299725      5.334997
  H      -5.201432      1.526538      6.014490
  H      -6.663895      2.369998      2.952156
  H      -6.079865      1.390556      0.759788
  H      -4.850873     -0.759958      0.654628
  H      -4.197289     -1.929066      2.740779
  H      -4.779554     -0.949836      4.930769
  N     -10.830220     -2.172190    -24.067610
  O     -10.550820     -1.972202    -22.966236
  O     -10.675109     -2.004340    -25.198152
18
Coordinates from ORCA-job e_c_13_5 E -476.268428665695
  C      -5.764565      0.781568      4.084004
  C      -6.125692      1.431566      2.886678
  C      -5.800407      0.884181      1.664255
  C      -5.102363     -0.332216      1.605486
  C      -4.733915     -0.992421      2.786010
  C      -5.060197     -0.444706      4.005692
  C      -6.113218      1.357650      5.410668
  H      -6.734568      0.658847      5.981733
  H      -6.644715      2.302766      5.321962
  H      -5.210961      1.516479      6.011011
  H      -6.664074      2.368838      2.939051
  H      -6.080034      1.387269      0.748265
  H      -4.849176     -0.761762      0.645616
  H      -4.195699     -1.929120      2.733618
  H      -4.779939     -0.948153      4.922422
  N     -10.821708     -2.167007    -24.015177
  O     -10.542148     -1.967140    -22.913978
  O     -10.667402     -1.998928    -25.145765
18
Coordinates from ORCA-job e_c_13_5 E -476.268423572738
  C      -5.767771      0.781382      4.075542
  C      -6.124869      1.429963      2.876331
  C      -5.795403      0.881165      1.655593
  C      -5.097052     -0.335193      1.600347
  C      -4.732736     -0.993980      2.782989
  C      -5.063223     -0.445023      4.000888
  C      -6.120530      1.358851      5.400683
  H      -6.739685      0.658212      5.971810
  H      -6.655543      2.301666      5.309235
  H      -5.219560      1.522212      6.001775
  H      -6.663564      2.367227      2.925625
  H      -6.073130      1.383088      0.738398
  H      -4.840379     -0.765353      0.641639
  H      -4.194082     -1.930600      2.733460
  H      -4.786153     -0.947365      4.919203
  N     -10.815177     -2.164242    -23.977763
  O     -10.537094     -1.964256    -22.876226
  O     -10.664829     -1.990047    -25.107979
18
Coordinates from ORCA-job e_c_13_5 E -476.268424491428
  C      -5.769563      0.781075      4.075935
  C      -6.124215      1.429821      2.876245
  C      -5.792614      0.881031      1.656021
  C      -5.094642     -0.335699      1.601809
  C      -4.733099     -0.994903      2.785006
  C      -5.065650     -0.445893      4.002378
  C      -6.121856      1.359780      5.400687
  H      -6.731674      0.655673      5.977265
  H      -6.664776      2.297991      5.308576
  H      -5.219155      1.532874      5.996737
  H      -6.662675      2.367297      2.924564
  H      -6.068404      1.383214      0.738529
  H      -4.835992     -0.765942      0.643470
  H      -4.194877     -1.931803      2.736414
  H      -4.790766     -0.948601      4.921132
  N     -10.815223     -2.165581    -23.981727
  O     -10.538341     -1.965387    -22.879850
  O     -10.667256     -1.987237    -25.111640
18
Coordinates from ORCA-job e_c_13_5 E -476.268428931256
  C      -5.770137      0.780562      4.082621
  C      -6.123420      1.431128      2.883701
  C      -5.791431      0.883681      1.662929
  C      -5.094639     -0.333843      1.607489
  C      -4.734902     -0.995241      2.789881
  C      -5.067716     -0.447377      4.007843
  C      -6.118727      1.359889      5.408013
  H      -6.714731      0.651343      5.993093
  H      -6.672090      2.292134      5.317135
  H      -5.212467      1.545582      5.995271
  H      -6.660996      2.369104      2.932933
  H      -6.065422      1.387479      0.746007
  H      -4.835351     -0.763423      0.648742
  H      -4.197926     -1.932770      2.740447
  H      -4.794276     -0.951834      4.926036
  N     -10.819736     -2.170055    -24.014362
  O     -10.543852     -1.969529    -22.912176
  O     -10.672962     -1.989120    -25.144053
18
Coordinates from ORCA-job e_c_13_5 E -476.268433185366
  C      -5.768739      0.780148      4.090057
  C      -6.122896      1.433269      2.892814
  C      -5.793025      0.887748      1.670619
  C      -5.097646     -0.330510      1.612109
  C      -4.737214     -0.994615      2.792705
  C      -5.067847     -0.448527      4.012147
  C      -6.113316      1.358456      5.416860
  H      -6.702407      0.647818      6.006183
  H      -6.671133      2.288319      5.328445
  H      -5.204542      1.549108      5.998842
  H      -6.659375      2.371752      2.944555
  H      -6.067008      1.393586      0.754904
  H      -4.839956     -0.758856      0.652283
  H      -4.201565     -1.932753      2.740867
  H      -4.793896     -0.955091      4.929009
  N     -10.824688     -2.174160    -24.047748
  O     -10.548749     -1.973356    -22.945580
  O     -10.676778     -1.994625    -25.177519
18
Coordinates from ORCA-job e_c_13_5 E -476.268438421338
  C      -5.764893      0.779537      4.099656
  C      -6.122058      1.437343      2.905730
  C      -5.797600      0.895253      1.680640
  C      -5.104797     -0.324104      1.615878
  C      -4.741319     -0.992827      2.792935
  C      -5.066536     -0.450072      4.015343
  C      -6.104201      1.354308      5.429255
  H      -6.691157      0.642703      6.019525
  H      -6.662179      2.284546      5.345414
  H      -5.193190      1.543924      6.008081
  H      -6.656527      2.376659      2.962629
  H      -6.073393      1.404594      0.767337
  H      -4.851536     -0.749823      0.653814
  H      -4.207826     -1.931902      2.736063
  H      -4.790245     -0.960175      4.929535
  N     -10.830536     -2.179152    -24.087317
  O     -10.553618     -1.977964    -22.985505
  O     -10.679169     -2.005138    -25.217465
18
Coordinates from ORCA-job e_c_13_5 E -476.268438025294
  C      -5.763098      0.779275      4.099640
  C      -6.121421      1.439051      2.906985
  C      -5.799328      0.898259      1.680748
  C      -5.107673     -0.321469      1.613464
  C      -4.742844     -0.991921      2.789218
  C      -5.065775     -0.450575      4.012755
  C      -6.102355      1.351572      5.430353
  H      -6.694726      0.640958      6.016599
  H      -6.655977      2.284532      5.348045
  H      -5.192149      1.535054      6.012176
  H      -6.654993      2.378720      2.965926
  H      -6.076596      1.408909      0.768452
  H      -4.856457     -0.745767      0.650454
  H      -4.210097     -1.931319      2.730266
  H      -4.788403     -0.961962      4.925929
  N     -10.829671     -2.179422    -24.083555
  O     -10.552204     -1.978123    -22.981999
  O     -10.677013     -2.008062    -25.213905
18
Coordinates from ORCA-job e_c_13_5 E -476.268435853952
  C      -5.763101      0.779054      4.096600
  C      -6.120492      1.439712      2.904100
  C      -5.798155      0.899391      1.677721
  C      -5.107047     -0.320519      1.610031
  C      -4.743061     -0.991677      2.785726
  C      -5.066310     -0.450958      4.009351
  C      -6.104305      1.349943      5.427515
  H      -6.701671      0.640035      6.009682
  H      -6.654464      2.284921      5.345253
  H      -5.195583      1.528646      6.012953
  H      -6.653648      2.379587      2.963242
  H      -6.075687      1.410546      0.765697
  H      -4.855635     -0.743950      0.646800
  H      -4.210526     -1.931201      2.726459
  H      -4.789539     -0.962856      4.922447
  N     -10.826857     -2.178850    -24.067749
  O     -10.549662     -1.977472    -22.966203
  O     -10.675037     -2.006641    -25.198076
18
Coordinates from ORCA-job e_c_13_5 E -476.268435599394
  C      -5.763622      0.778567      4.096386
  C      -6.118669      1.441157      2.904292
  C      -5.795267      0.902056      1.677623
  C      -5.105333     -0.318456      1.609172
  C      -4.743782     -0.991519      2.784557
  C      -5.068132     -0.452109      4.008426
  C      -6.105892      1.348052      5.427699
  H      -6.703054      0.637005      6.008639
  H      -6.656571      2.282752      5.345946
  H      -5.197545      1.526716      6.013745
  H      -6.650923      2.381521      2.963871
  H      -6.071788      1.414583      0.766073
  H      -4.852867     -0.740543      0.645603
  H      -4.212061     -1.931478      2.724758
  H      -4.793207     -0.965470      4.921263
  N     -10.825980     -2.180712    -24.066046
  O     -10.549828     -1.979090    -22.964285
  O     -10.676258     -2.005321    -25.196172
18
Coordinates from ORCA-job e_c_13_5 E -476.268439125816
  C      -5.764736      0.774006      4.109484
  C      -6.102629      1.456907      2.924193
  C      -5.774903      0.931344      1.692577
  C      -5.097242     -0.295281      1.611872
  C      -4.753899     -0.988670      2.781017
  C      -5.082759     -0.463223      4.009568
  C      -6.108242      1.329918      5.446596
  H      -6.691655      0.606051      6.025005
  H      -6.670705      2.258227      5.373615
  H      -5.198455      1.516786      6.028343
  H      -6.625423      2.402038      2.992288
  H      -6.043087      1.458803      0.787273
  H      -4.839823     -0.704276      0.643610
  H      -4.231435     -1.933211      2.712207
  H      -4.821676     -0.992313      4.917487
  N     -10.828934     -2.203438    -24.119541
  O     -10.560875     -2.000068    -23.016065
  O     -10.694301     -2.005889    -25.247978
18
Coordinates from ORCA-job e_c_13_5 E -476.268441460203
  C      -5.763919      0.770427      4.125122
  C      -6.089928      1.470285      2.946654
  C      -5.760846      0.956461      1.710312
  C      -5.093320     -0.274917      1.617591
  C      -4.762712     -0.985238      2.780313
  C      -5.093034     -0.471754      4.013427
  C      -6.106072      1.314684      5.467612
  H      -6.680012      0.581716      6.043507
  H      -6.675632      2.239264      5.403136
  H      -5.194488      1.505262      6.045725
  H      -6.604820      2.419131      3.023365
  H      -6.023232      1.496548      0.810976
  H      -4.833926     -0.673001      0.644924
  H      -4.247985     -1.933344      2.702628
  H      -4.841550     -1.013976      4.916295
  N     -10.835354     -2.223211    -24.185873
  O     -10.572831     -2.019079    -23.081165
  O     -10.711118     -2.011547    -25.312999
18
Coordinates from ORCA-job e_c_13_5 E -476.268441581522
  C      -5.762861      0.767154      4.140884
  C      -6.077965      1.482744      2.969152
  C      -5.747852      0.979996      1.728413
  C      -5.089812     -0.255638      1.624084
  C      -4.770908     -0.981639      2.780457
  C      -5.102359     -0.479414      4.017826
  C      -6.103453      1.300400      5.488390
  H      -6.669164      0.559357      6.061600
  H      -6.678904      2.221847      5.432033
  H      -5.190207      1.493655      6.063350
  H      -6.585418      2.434924      3.054197
  H      -6.004840      1.531878      0.834909
  H      -4.828944     -0.643537      0.647276
  H      -4.263444     -1.932925      2.694246
  H      -4.859665     -1.033831      4.915675
  N     -10.842359     -2.241922    -24.253665
  O     -10.584741     -2.037532    -23.147806
  O     -10.727886     -2.017807    -25.379471
18
Coordinates from ORCA-job e_c_13_5 E -476.268441094386
  C      -5.761416      0.764271      4.156878
  C      -6.067168      1.494061      2.991651
  C      -5.736501      1.001584      1.746848
  C      -5.086964     -0.237665      1.631491
  C      -4.778103     -0.977807      2.781669
  C      -5.110160     -0.485964      4.023007
  C      -6.100197      1.287309      5.508993
  H      -6.660859      0.540041      6.078656
  H      -6.678682      2.207300      5.460305
  H      -5.185504      1.480226      6.082057
  H      -6.567923      2.449080      3.084669
  H      -5.988739      1.564190      0.858911
  H      -4.825135     -0.616244      0.650866
  H      -4.277116     -1.931759      2.687359
  H      -4.874989     -1.051397      4.915962
  N     -10.850255     -2.259444    -24.323359
  O     -10.596752     -2.055138    -23.216481
  O     -10.744318     -2.024935    -25.447932
18
Coordinates from ORCA-job e_c_13_5 E -476.268441999235
  C      -5.759504      0.761844      4.173066
  C      -6.057700      1.504213      3.014011
  C      -5.727078      1.021116      1.765457
  C      -5.084972     -0.221110      1.639788
  C      -4.784198     -0.973785      2.783980
  C      -5.116226     -0.491354      4.029029
  C      -6.096224      1.275506      5.529377
  H      -6.655344      0.524012      6.094671
  H      -6.674626      2.195928      5.487935
  H      -5.180265      1.464716      6.101867
  H      -6.552597      2.461553      3.114585
  H      -5.975220      1.593298      0.882694
  H      -4.822713     -0.591359      0.655733
  H      -4.288851     -1.929896      2.682051
  H      -4.887128     -1.066565      4.917284
  N     -10.859074     -2.275755    -24.394744
  O     -10.608897     -2.071707    -23.287003
  O     -10.760164     -2.032944    -25.518230
18
Coordinates from ORCA-job e_c_13_5 E -476.268445707703
  C      -5.757020      0.759878      4.189434
  C      -6.049604      1.513288      3.036208
  C      -5.719768      1.038725      1.784144
  C      -5.084024     -0.205864      1.648831
  C      -4.789221     -0.969551      2.787243
  C      -5.120439     -0.495607      4.035818
  C      -6.091424      1.264892      5.549586
  H      -6.653006      0.511330      6.109480
  H      -6.666204      2.187901      5.515077
  H      -5.174411      1.446431      6.122988
  H      -6.539484      2.472450      3.143985
  H      -5.964545      1.619371      0.906146
  H      -4.821949     -0.568763      0.661698
  H      -4.298691     -1.927344      2.678113
  H      -4.895837     -1.079410      4.919581
  N     -10.868830     -2.290908    -24.467528
  O     -10.621190     -2.087124    -23.359110
  O     -10.775135     -2.041985    -25.590145
18
Coordinates from ORCA-job e_c_13_5 E -476.268452450249
  C      -5.754017      0.758303      4.205904
  C      -6.042621      1.521545      3.058236
  C      -5.714282      1.054831      1.802823
  C      -5.084093     -0.191650      1.658388
  C      -4.793488     -0.965159      2.791181
  C      -5.123154     -0.498958      4.043158
  C      -6.085845      1.255201      5.569641
  H      -6.652850      0.501257      6.123458
  H      -6.654319      2.182371      5.541918
  H      -5.167954      1.426046      6.144961
  H      -6.528125      2.482144      3.172955
  H      -5.956279      1.643069      0.929246
  H      -4.822783     -0.548030      0.668467
  H      -4.307173     -1.924281      2.675160
  H      -4.901723     -1.090414      4.922596
  N     -10.879294     -2.305122    -24.541170
  O     -10.633567     -2.101529    -23.432240
  O     -10.789211     -2.051914    -25.663132
18
Coordinates from ORCA-job e_c_13_5 E -476.268461748254
  C      -5.750515      0.757032      4.222464
  C      -6.036492      1.529245      3.080204
  C      -5.710388      1.069891      1.821507
  C      -5.085223     -0.178141      1.668235
  C      -4.797360     -0.960621      2.795481
  C      -5.124714     -0.501635      4.050816
  C      -6.079434      1.246132      5.589649
  H      -6.653912      0.493069      6.136955
  H      -6.639641      2.178529      5.568747
  H      -5.160803      1.404056      6.167460
  H      -6.518040      2.491004      3.201755
  H      -5.950117      1.665107      0.952131
  H      -4.825290     -0.528642      0.675715
  H      -4.314885     -1.920829      2.672718
  H      -4.905353     -1.100067      4.926023
  N     -10.890285     -2.318619    -24.615362
  O     -10.645965     -2.115087    -23.506067
  O     -10.802362     -2.062715    -25.736882
18
Coordinates from ORCA-job e_c_13_5 E -476.268472723018
  C      -5.746575      0.755964      4.239111
  C      -6.030923      1.536640      3.102239
  C      -5.707763      1.084356      1.840243
  C      -5.087389     -0.165013      1.678191
  C      -4.801207     -0.955956      2.799871
  C      -5.125525     -0.503879      4.058580
  C      -6.072177      1.237393      5.609717
  H      -6.655071      0.485948      6.150404
  H      -6.623072      2.175474      5.595811
  H      -5.152872      1.381203      6.190088
  H      -6.508694      2.499394      3.230652
  H      -5.945627      1.686203      0.974988
  H      -4.829438     -0.510068      0.683165
  H      -4.322430     -1.917114      2.670361
  H      -4.907419     -1.108872      4.929564
  N     -10.901609     -2.331632    -24.689903
  O     -10.658325     -2.128021    -23.580365
  O     -10.814665     -2.074310    -25.811169
18
Coordinates from ORCA-job e_c_13_5 E -476.268484448312
  C      -5.742245      0.754995      4.255860
  C      -6.025632      1.543955      3.124498
  C      -5.706097      1.098660      1.859117
  C      -5.090546     -0.151935      1.688101
  C      -4.805342     -0.951149      2.804087
  C      -5.125942     -0.505906      4.066248
  C      -6.064073      1.228687      5.629956
  H      -6.655600      0.479195      6.164071
  H      -6.605235      2.172510      5.623329
  H      -5.144097      1.357876      6.212628
  H      -6.499596      2.507626      3.259945
  H      -5.942429      1.707036      0.998051
  H      -4.835173     -0.491751      0.690562
  H      -4.330312     -1.913196      2.667666
  H      -4.908538     -1.117292      4.932922
  N     -10.913099     -2.344393    -24.764672
  O     -10.670597     -2.140569    -23.654983
  O     -10.826228     -2.086638    -25.885837
18
Coordinates from ORCA-job e_c_13_5 E -476.268496217031
  C      -5.737572      0.754032      4.272722
  C      -6.020408      1.551353      3.147103
  C      -5.705121      1.113147      1.878205
  C      -5.094611     -0.138629      1.697854
  C      -4.809960     -0.946164      2.807927
  C      -5.126226     -0.507869      4.073658
  C      -6.055163      1.219769      5.650435
  H      -6.655253      0.472353      6.178022
  H      -6.586436      2.169226      5.651445
  H      -5.134489      1.334087      6.235024
  H      -6.490389      2.515915      3.289867
  H      -5.940212      1.728129      1.021522
  H      -4.842367     -0.473214      0.697720
  H      -4.338845     -1.909075      2.664305
  H      -4.909184     -1.125679      4.935851
  N     -10.924616     -2.357102    -24.839570
  O     -10.682742     -2.152954    -23.729794
  O     -10.837187     -2.099613    -25.960746
