18
Coordinates from ORCA-job enducts_optfreq_6 E -475.537487073013
  C       0.520907      0.646357      3.953753
  C      -0.160882      1.232597      2.850082
  C      -0.086329      0.660194      1.593153
  C       0.673989     -0.518692      1.398701
  C       1.357698     -1.116769      2.481050
  C       1.283607     -0.545182      3.736688
  C       0.442601      1.239784      5.313238
  H       1.448679      1.338978      5.759818
  H      -0.108177      0.557061      5.991779
  H      -0.061239      2.215125      5.323387
  H      -0.743478      2.142762      3.009206
  H      -0.609746      1.112083      0.747922
  H       0.731784     -0.968550      0.404309
  H       1.941181     -2.025553      2.319555
  H       1.809374     -0.997498      4.581277
  N      -2.432650     -2.347080    -13.467860
  O      -1.998600     -1.213720    -13.286290
  O      -2.262190     -0.541270    -14.637690
18
Coordinates from ORCA-job enducts_optfreq_6 E -475.546425312428
  C       0.520806      0.646444      3.952701
  C      -0.161989      1.233347      2.848945
  C      -0.088089      0.661000      1.592475
  C       0.672535     -0.518622      1.397826
  C       1.357429     -1.117171      2.479949
  C       1.283964     -0.545922      3.735295
  C       0.443310      1.239461      5.311475
  H       1.449840      1.337776      5.757706
  H      -0.106947      0.556026      5.990188
  H      -0.060600      2.214715      5.322315
  H      -0.744381      2.143549      3.008390
  H      -0.611728      1.112998      0.747477
  H       0.729998     -0.968336      0.403369
  H       1.940791     -2.025928      2.317979
  H       1.810064     -0.998304      4.579618
  N      -2.419979     -2.296301    -13.476692
  O      -2.003700     -1.224017    -13.288576
  O      -2.264794     -0.580088    -14.608360
18
Coordinates from ORCA-job enducts_optfreq_6 E -475.546802009539
  C       0.521276      0.646706      3.954460
  C      -0.160983      1.233081      2.850695
  C      -0.087401      0.660080      1.594214
  C       0.672494     -0.519344      1.399879
  C       1.356922     -1.117422      2.481989
  C       1.283581     -0.545574      3.737355
  C       0.443925      1.240448      5.313362
  H       1.450272      1.338498      5.759715
  H      -0.106671      0.557799      5.992296
  H      -0.059507      2.215952      5.323826
  H      -0.742940      2.143617      3.009892
  H      -0.610863      1.111849      0.748907
  H       0.729860     -0.969264      0.405541
  H       1.939901     -2.026487      2.320325
  H       1.809399     -0.997792      4.581945
  N      -2.409022     -2.292542    -13.481980
  O      -2.010387     -1.229826    -13.299588
  O      -2.273328     -0.579152    -14.620753
18
Coordinates from ORCA-job enducts_optfreq_6 E -475.546957927393
  C       0.522400      0.647514      3.961202
  C      -0.158971      1.233706      2.857026
  C      -0.085354      0.660004      1.600745
  C       0.673731     -0.519823      1.407205
  C       1.357364     -1.117702      2.489744
  C       1.283880     -0.545160      3.744904
  C       0.444938      1.242080      5.319944
  H       1.451127      1.339653      5.766688
  H      -0.106553      0.560374      5.999030
  H      -0.057705      2.218006      5.329627
  H      -0.740321      2.144747      3.015604
  H      -0.608148      1.111713      0.754960
  H       0.731356     -0.970005      0.413002
  H       1.939837     -2.027212      2.328745
  H       1.809080     -0.997306      4.589926
  N      -2.401083     -2.301612    -13.513268
  O      -2.018806     -1.235359    -13.332692
  O      -2.290244     -0.572991    -14.660313
18
Coordinates from ORCA-job enducts_optfreq_6 E -475.547132257571
  C       0.523210      0.648434      3.966652
  C      -0.155742      1.235050      2.861155
  C      -0.081679      0.660075      1.605483
  C       0.675525     -0.521373      1.413946
  C       1.356684     -1.119716      2.497875
  C       1.282644     -0.545928      3.752424
  C       0.445237      1.244444      5.324760
  H       1.451035      1.340016      5.772880
  H      -0.109092      0.564849      6.003717
  H      -0.054996      2.221632      5.332651
  H      -0.735443      2.147409      3.018183
  H      -0.602434      1.112041      0.758586
  H       0.733897     -0.972117      0.420043
  H       1.937558     -2.030532      2.338519
  H       1.805848     -0.998403      4.598516
  N      -2.371106     -2.315953    -13.539713
  O      -2.025344     -1.242919    -13.356043
  O      -2.329271     -0.556381    -14.697553
18
Coordinates from ORCA-job enducts_optfreq_6 E -475.547194075832
  C       0.524982      0.649847      3.978174
  C      -0.151781      1.237171      2.871628
  C      -0.077252      0.661551      1.616300
  C       0.678264     -0.521276      1.426129
  C       1.357224     -1.120314      2.511106
  C       1.282703     -0.545904      3.765314
  C       0.446456      1.246503      5.335925
  H       1.451843      1.340061      5.785377
  H      -0.110292      0.568357      6.014363
  H      -0.051707      2.224757      5.342774
  H      -0.730134      2.150560      3.027611
  H      -0.596281      1.114006      0.768596
  H       0.737137     -0.972435      0.432420
  H       1.936736     -2.032182      2.352830
  H       1.804180     -0.998922      4.612180
  N      -2.354230     -2.326710    -13.601679
  O      -2.034250     -1.249670    -13.409672
  O      -2.367068     -0.554773    -14.757296
18
Coordinates from ORCA-job enducts_optfreq_6 E -475.547243343735
  C       0.526789      0.651179      3.989579
  C      -0.147133      1.239902      2.882053
  C      -0.072125      0.664099      1.626799
  C       0.681012     -0.520387      1.437695
  C       1.357103     -1.120810      2.523667
  C       1.282184     -0.546174      3.777763
  C       0.447588      1.247903      5.347297
  H       1.452407      1.338530      5.798558
  H      -0.112336      0.571287      6.024634
  H      -0.047826      2.227562      5.353437
  H      -0.723744      2.154532      3.037229
  H      -0.589045      1.117607      0.778347
  H       0.740040     -0.971921      0.444141
  H       1.934788     -2.033991      2.366265
  H       1.801520     -1.000314      4.625347
  N      -2.330969     -2.336181    -13.667142
  O      -2.043301     -1.255054    -13.459919
  O      -2.410424     -0.557143    -14.813673
18
Coordinates from ORCA-job enducts_optfreq_6 E -475.547271931694
  C       0.528776      0.652346      4.001384
  C      -0.143653      1.242145      2.893614
  C      -0.068453      0.666705      1.638139
  C       0.683257     -0.518603      1.449138
  C       1.357851     -1.120088      2.535387
  C       1.282910     -0.545690      3.789636
  C       0.449220      1.248594      5.359389
  H       1.453702      1.337472      5.811683
  H      -0.112505      0.572609      6.035834
  H      -0.044669      2.229028      5.365521
  H      -0.719389      2.157340      3.048735
  H      -0.584367      1.121037      0.789500
  H       0.741805     -0.970363      0.455655
  H       1.934571     -2.033903      2.378105
  H       1.801246     -1.000681      4.637381
  N      -2.323874     -2.342897    -13.732240
  O      -2.054458     -1.260173    -13.513502
  O      -2.435440     -0.564250    -14.871282
18
Coordinates from ORCA-job enducts_optfreq_6 E -475.547293966083
  C       0.530791      0.653387      4.013206
  C      -0.141266      1.243834      2.905631
  C      -0.066120      0.668901      1.649877
  C       0.685042     -0.516612      1.460475
  C       1.359344     -1.118681      2.546540
  C       1.284551     -0.544713      3.801028
  C       0.451187      1.249062      5.371539
  H       1.455566      1.337265      5.824154
  H      -0.111172      0.573126      6.047482
  H      -0.042185      2.229761      5.377960
  H      -0.716760      2.159133      3.061070
  H      -0.581819      1.123751      0.801380
  H       0.743082     -0.968338      0.466955
  H       1.935833     -2.032594      2.388961
  H       1.802740     -1.000192      4.648601
  N      -2.329025     -2.348804    -13.793905
  O      -2.066468     -1.265598    -13.569565
  O      -2.446792     -0.572061    -14.929309
18
Coordinates from ORCA-job enducts_optfreq_6 E -475.547315415576
  C       0.532855      0.654266      4.024996
  C      -0.139383      1.245496      2.918022
  C      -0.064568      0.671433      1.661815
  C       0.686350     -0.514006      1.471422
  C       1.360969     -1.116756      2.556884
  C       1.286535     -0.543618      3.811805
  C       0.453484      1.248995      5.383832
  H       1.457893      1.336773      5.836426
  H      -0.109076      0.572767      6.059296
  H      -0.039694      2.229795      5.390921
  H      -0.714823      2.160705      3.074210
  H      -0.580435      1.126933      0.813771
  H       0.743801     -0.965307      0.477685
  H       1.937470     -2.030531      2.398549
  H       1.804989     -0.999692      4.658894
  N      -2.338811     -2.354910    -13.853966
  O      -2.079934     -1.271154    -13.625990
  O      -2.451094     -0.580562    -14.986493
18
Coordinates from ORCA-job enducts_optfreq_6 E -475.547336758840
  C       0.534834      0.655284      4.036749
  C      -0.137398      1.247002      2.930029
  C      -0.062768      0.673348      1.673625
  C       0.687981     -0.512131      1.482774
  C       1.362640     -1.115327      2.567975
  C       1.288348     -0.542620      3.823102
  C       0.455589      1.249567      5.395794
  H       1.460000      1.336931      5.848456
  H      -0.107258      0.573305      6.070984
  H      -0.037307      2.230509      5.403151
  H      -0.712682      2.162252      3.086543
  H      -0.578608      1.129244      0.825781
  H       0.745361     -0.963060      0.488853
  H       1.939016     -2.029122      2.409301
  H       1.806794     -0.999079      4.669988
  N      -2.346214     -2.361820    -13.912956
  O      -2.092316     -1.277177    -13.683495
  O      -2.459481     -0.586478    -15.044575
18
Coordinates from ORCA-job enducts_optfreq_6 E -475.547355294844
  C       0.536979      0.655634      4.048378
  C      -0.136328      1.249276      2.943308
  C      -0.062584      0.677961      1.685820
  C       0.688422     -0.506925      1.492135
  C       1.364117     -1.112042      2.575662
  C       1.290642     -0.541709      3.831916
  C       0.458531      1.247418      5.408543
  H       1.463167      1.333853      5.860865
  H      -0.104234      0.570060      6.082714
  H      -0.034236      2.228412      5.417812
  H      -0.711697      2.164107      3.101912
  H      -0.579218      1.135356      0.839281
  H       0.745322     -0.955787      0.497299
  H       1.940545     -2.025426      2.414848
  H       1.809837     -0.999692      4.677519
  N      -2.362108     -2.370946    -13.968638
  O      -2.110264     -1.284420    -13.739432
  O      -2.450365     -0.594502    -15.097862
18
Coordinates from ORCA-job enducts_optfreq_6 E -475.547377631002
  C       0.538637      0.657266      4.059887
  C      -0.133338      1.250110      2.953575
  C      -0.058766      0.677459      1.696731
  C       0.691698     -0.508076      1.504967
  C       1.366039     -1.112423      2.589745
  C       1.291805     -0.540724      3.845331
  C       0.459376      1.250464      5.419386
  H       1.463671      1.336646      5.872516
  H      -0.104335      0.574096      6.093764
  H      -0.032779      2.231775      5.427337
  H      -0.708357      2.165411      3.110757
  H      -0.574405      1.134202      0.849219
  H       0.749137     -0.958089      0.510640
  H       1.942100     -2.026297      2.430394
  H       1.810015     -0.998068      4.691886
  N      -2.361342     -2.375892    -14.029168
  O      -2.116473     -1.290053    -13.796069
  O      -2.476156     -0.597179    -15.158822
18
Coordinates from ORCA-job enducts_optfreq_6 E -475.547398218315
  C       0.540550      0.658241      4.071635
  C      -0.131202      1.251740      2.965542
  C      -0.056611      0.679674      1.708434
  C       0.693650     -0.505903      1.516177
  C       1.367778     -1.110894      2.600727
  C       1.293521     -0.539778      3.856581
  C       0.461214      1.250807      5.431410
  H       1.465417      1.336335      5.884851
  H      -0.103012      0.574371      6.105291
  H      -0.030533      2.232322      5.439692
  H      -0.706073      2.167071      3.123091
  H      -0.572081      1.136916      0.861087
  H       0.751087     -0.955438      0.521640
  H       1.943691     -2.024795      2.440999
  H       1.811568     -0.997624      4.702963
  N      -2.369400     -2.382821    -14.088412
  O      -2.128121     -1.296495    -13.853514
  O      -2.484915     -0.603102    -15.216115
18
Coordinates from ORCA-job enducts_optfreq_6 E -475.547415034781
  C       0.542338      0.658256      4.083245
  C      -0.129546      1.254617      2.978782
  C      -0.054945      0.685902      1.720184
  C       0.695471     -0.499034      1.524719
  C       1.369772     -1.106839      2.607585
  C       1.295462     -0.539080      3.864966
  C       0.462850      1.247238      5.444560
  H       1.466850      1.330756      5.898782
  H      -0.102336      0.569437      6.116283
  H      -0.028242      2.229060      5.455180
  H      -0.704533      2.169453      3.138769
  H      -0.570501      1.145323      0.874094
  H       0.752937     -0.945780      0.528976
  H       1.945852     -2.020196      2.445354
  H       1.813617     -0.999088      4.710100
  N      -2.390647     -2.392238    -14.144941
  O      -2.143619     -1.305965    -13.908842
  O      -2.474253     -0.611194    -15.265719
18
Coordinates from ORCA-job enducts_optfreq_6 E -475.547437392805
  C       0.544118      0.660237      4.094610
  C      -0.126886      1.254716      2.988591
  C      -0.051738      0.683571      1.731100
  C       0.698324     -0.502049      1.538374
  C       1.371695     -1.108019      2.622845
  C       1.296909     -0.537799      3.879078
  C       0.464126      1.251801      5.454789
  H       1.467985      1.336155      5.909183
  H      -0.101261      0.575291      6.127628
  H      -0.026891      2.233679      5.463423
  H      -0.701629      2.170065      3.146507
  H      -0.566631      1.141544      0.883798
  H       0.756116     -0.950876      0.543537
  H       1.947474     -2.021941      2.462752
  H       1.814388     -0.996386      4.725405
  N      -2.388116     -2.395721    -14.204350
  O      -2.148871     -1.309875    -13.965949
  O      -2.502584     -0.613764    -15.329243
18
Coordinates from ORCA-job enducts_optfreq_6 E -475.547457779526
  C       0.545906      0.661159      4.106308
  C      -0.124628      1.256401      3.000421
  C      -0.049186      0.685960      1.742631
  C       0.700713     -0.499685      1.549464
  C       1.373625     -1.106408      2.633792
  C       1.298528     -0.536897      3.890332
  C       0.465569      1.251976      5.466794
  H       1.469226      1.335501      5.921769
  H      -0.100570      0.575390      6.138932
  H      -0.024941      2.234106      5.475742
  H      -0.699235      2.171777      3.158672
  H      -0.563702      1.144517      0.895416
  H       0.758745     -0.947910      0.554374
  H       1.949301     -2.020333      2.473347
  H       1.815650     -0.996061      4.736565
  N      -2.397716     -2.402719    -14.263439
  O      -2.159194     -1.316917    -14.023610
  O      -2.511564     -0.619228    -15.385431
18
Coordinates from ORCA-job enducts_optfreq_6 E -475.547477036578
  C       0.547353      0.661327      4.117877
  C      -0.122386      1.259078      3.012875
  C      -0.046076      0.691450      1.753882
  C       0.703965     -0.493755      1.558563
  C       1.376109     -1.102939      2.641970
  C       1.300060     -0.536284      3.899746
  C       0.466046      1.249160      5.479588
  H       1.469186      1.330508      5.936055
  H      -0.101743      0.571668      6.149445
  H      -0.023494      2.231761      5.490145
  H      -0.697032      2.174145      3.172766
  H      -0.559913      1.151959      0.907336
  H       0.762868     -0.939537      0.562456
  H       1.951937     -2.016464      2.479827
  H       1.816542     -0.997349      4.745335
  N      -2.418729     -2.411798    -14.321319
  O      -2.169827     -1.327525    -14.080139
  O      -2.508339     -0.624777    -15.434329
18
Coordinates from ORCA-job enducts_optfreq_6 E -475.547496944639
  C       0.549339      0.663126      4.129445
  C      -0.120041      1.259478      3.023461
  C      -0.043643      0.690058      1.765266
  C       0.706078     -0.495644      1.571782
  C       1.377818     -1.103480      2.656205
  C       1.301773     -0.534980      3.913150
  C       0.467941      1.252844      5.490351
  H       1.471089      1.334958      5.946674
  H      -0.099763      0.576248      6.161170
  H      -0.021652      2.235432      5.499547
  H      -0.694508      2.174900      3.181959
  H      -0.557251      1.149465      0.917960
  H       0.764863     -0.943030      0.576363
  H       1.953363     -2.017443      2.495510
  H       1.817991     -0.994999      4.759471
  N      -2.418135     -2.415900    -14.380675
  O      -2.177804     -1.331265    -14.137795
  O      -2.530929     -0.629141    -15.497767
18
Coordinates from ORCA-job enducts_optfreq_6 E -475.547516846179
  C       0.551043      0.664056      4.141085
  C      -0.117672      1.261147      3.035103
  C      -0.040766      0.692398      1.776637
  C       0.708816     -0.493343      1.582874
  C       1.379891     -1.101913      2.667290
  C       1.303327     -0.534087      3.924511
  C       0.469081      1.253062      5.502270
  H       1.471944      1.334295      5.959357
  H      -0.099540      0.576442      6.172294
  H      -0.019946      2.235931      5.511674
  H      -0.692022      2.176606      3.193815
  H      -0.553847      1.152373      0.929321
  H       0.768004     -0.940173      0.587230
  H       1.955344     -2.015893      2.506370
  H       1.819030     -0.994668      4.770840
  N      -2.428446     -2.422851    -14.439833
  O      -2.186883     -1.338730    -14.195526
  O      -2.540827     -0.634024    -15.553232
18
Coordinates from ORCA-job enducts_optfreq_6 E -475.547535848173
  C       0.552080      0.664044      4.152411
  C      -0.115024      1.264014      3.047039
  C      -0.036390      0.698473      1.787246
  C       0.713439     -0.486804      1.591479
  C       1.382947     -1.098185      2.675267
  C       1.304522     -0.533634      3.933853
  C       0.468272      1.249675      5.514930
  H       1.470256      1.328126      5.974381
  H      -0.102890      0.572207      6.181967
  H      -0.019368      2.233225      5.525852
  H      -0.689445      2.179161      3.207266
  H      -0.548141      1.160756      0.940411
  H       0.774369     -0.930809      0.594698
  H       1.958667     -2.011716      2.512766
  H       1.818964     -0.996401      4.779758
  N      -2.453924     -2.432459    -14.498113
  O      -2.193476     -1.352044    -14.251731
  O      -2.538329     -0.637004    -15.597401
18
Coordinates from ORCA-job enducts_optfreq_6 E -475.547555665825
  C       0.554274      0.665914      4.164075
  C      -0.112898      1.264350      3.057895
  C      -0.034609      0.696883      1.798933
  C       0.714858     -0.488878      1.604863
  C       1.384378     -1.098790      2.689478
  C       1.306423     -0.532247      3.947197
  C       0.470801      1.253551      5.525768
  H       1.472968      1.333064      5.984645
  H      -0.099827      0.576910      6.194076
  H      -0.017114      2.236975      5.535421
  H      -0.687143      2.179834      3.216841
  H      -0.546475      1.157913      0.951457
  H       0.775212     -0.934631      0.608813
  H       1.959761     -2.012771      2.528313
  H       1.820926     -0.993866      4.793691
  N      -2.451659     -2.436387    -14.557049
  O      -2.203179     -1.354556    -14.309610
  O      -2.560170     -0.642640    -15.662727
18
Coordinates from ORCA-job enducts_optfreq_6 E -475.547575132155
  C       0.555914      0.666848      4.175656
  C      -0.110447      1.266012      3.069386
  C      -0.031501      0.699198      1.810170
  C       0.717835     -0.486615      1.615931
  C       1.386537     -1.097254      2.700640
  C       1.307916     -0.531366      3.958614
  C       0.471725      1.253796      5.537608
  H       1.473543      1.332363      5.997386
  H      -0.099970      0.577188      6.205044
  H      -0.015555      2.237536      5.547389
  H      -0.684579      2.181546      3.228458
  H      -0.542728      1.160803      0.962622
  H       0.778724     -0.931840      0.619677
  H       1.961836     -2.011265      2.539340
  H       1.821793     -0.993543      4.805182
  N      -2.462378     -2.443414    -14.616527
  O      -2.211317     -1.362591    -14.367185
  O      -2.570821     -0.646775    -15.717314
18
Coordinates from ORCA-job enducts_optfreq_6 E -475.547564132324
  C       0.554016      0.663876      4.183074
  C      -0.106592      1.272076      3.078346
  C      -0.020717      0.715890      1.814895
  C       0.730300     -0.467956      1.614619
  C       1.393299     -1.087450      2.697793
  C       1.307369     -0.532374      3.960096
  C       0.462386      1.239642      5.549281
  H       1.460817      1.309221      6.017626
  H      -0.118093      0.560183      6.206279
  H      -0.020567      2.225477      5.563728
  H      -0.681646      2.186221      3.241951
  H      -0.527331      1.184897      0.968770
  H       0.797853     -0.904140      0.614825
  H       1.970075     -1.999674      2.531786
  H       1.816746     -1.001485      4.805573
  N      -2.538253     -2.458650    -14.665634
  O      -2.199010     -1.401101    -14.405466
  O      -2.534125     -0.634027    -15.705463
18
Coordinates from ORCA-job enducts_optfreq_6 E -475.547588267368
  C       0.555791      0.665056      4.194783
  C      -0.104427      1.273222      3.089799
  C      -0.018096      0.716996      1.826394
  C       0.732986     -0.466853      1.626429
  C       1.395579     -1.086330      2.709860
  C       1.309217     -0.531202      3.972113
  C       0.463664      1.240853      5.560948
  H       1.461903      1.310313      6.029715
  H      -0.117187      0.561483      6.217709
  H      -0.019173      2.226749      5.575179
  H      -0.679543      2.187371      3.253171
  H      -0.524409      1.185956      0.980044
  H       0.800917     -0.903030      0.626675
  H       1.972389     -1.998577      2.544096
  H       1.818287     -1.000291      4.817786
  N      -2.548926     -2.464074    -14.723762
  O      -2.207776     -1.407424    -14.463654
  O      -2.544667     -0.639593    -15.765204
18
Coordinates from ORCA-job enducts_optfreq_6 E -475.547609472169
  C       0.557431      0.666083      4.206420
  C      -0.102153      1.274576      3.101237
  C      -0.015088      0.718729      1.837716
  C       0.736124     -0.465048      1.637829
  C       1.398070     -1.084863      2.721460
  C       1.310975     -0.530111      3.983831
  C       0.464497      1.241468      5.572707
  H       1.462400      1.310444      6.042244
  H      -0.117088      0.562084      6.228805
  H      -0.018044      2.227510      5.586899
  H      -0.677361      2.188680      3.264548
  H      -0.520905      1.187938      0.991199
  H       0.804700     -0.900861      0.637968
  H       1.974967     -1.997068      2.555759
  H       1.819545     -0.999459      4.829660
  N      -2.562199     -2.469852    -14.782060
  O      -2.215814     -1.415162    -14.521589
  O      -2.553529     -0.644460    -15.822552
18
Coordinates from ORCA-job enducts_optfreq_6 E -475.547629599755
  C       0.559017      0.667061      4.218019
  C      -0.099835      1.275987      3.112639
  C      -0.011916      0.720644      1.848955
  C       0.739450     -0.463035      1.649096
  C       1.400652     -1.083293      2.732925
  C       1.312702     -0.529046      3.995461
  C       0.465148      1.241905      5.584473
  H       1.462659      1.310284      6.054915
  H      -0.117303      0.562480      6.239767
  H      -0.017041      2.228121      5.598664
  H      -0.675151      2.190029      3.275925
  H      -0.517162      1.190188      1.002277
  H       0.808763     -0.898386      0.649090
  H       1.977658     -1.995435      2.567248
  H       1.820698     -0.998732      4.841447
  N      -2.576402     -2.475710    -14.840359
  O      -2.223515     -1.423400    -14.579462
  O      -2.561893     -0.649034    -15.879003
18
Coordinates from ORCA-job enducts_optfreq_6 E -475.547649205581
  C       0.560582      0.668026      4.229603
  C      -0.097505      1.277402      3.124016
  C      -0.008695      0.722581      1.860165
  C       0.742833     -0.461000      1.660340
  C       1.403255     -1.081718      2.744379
  C       1.314409     -0.527994      4.007085
  C       0.465746      1.242321      5.596225
  H       1.462849      1.310074      6.067605
  H      -0.117613      0.562869      6.250687
  H      -0.016065      2.228724      5.610405
  H      -0.672927      2.191382      3.287270
  H      -0.513336      1.192477      1.013318
  H       0.812924     -0.895866      0.660179
  H       1.980380     -1.993790      2.578731
  H       1.821804     -0.998031      4.853236
  N      -2.590717     -2.481577    -14.898633
  O      -2.231134     -1.431726    -14.637352
  O      -2.570261     -0.653526    -15.935179
18
Coordinates from ORCA-job enducts_optfreq_6 E -475.547668547493
  C       0.562155      0.669001      4.241192
  C      -0.095185      1.278794      3.135392
  C      -0.005510      0.724458      1.871391
  C       0.746170     -0.459032      1.671619
  C       1.405829     -1.080183      2.755874
  C       1.316110     -0.526944      4.018736
  C       0.466393      1.242798      5.607963
  H       1.463101      1.309944      6.080248
  H      -0.117855      0.563344      6.261635
  H      -0.015040      2.229389      5.622108
  H      -0.670706      2.192722      3.298597
  H      -0.509558      1.194685      1.024372
  H       0.817025     -0.893440      0.671313
  H       1.983067     -1.992191      2.590272
  H       1.822919     -0.997310      4.865055
  N      -2.604624     -2.487432    -14.956889
  O      -2.238937     -1.439869    -14.695282
  O      -2.578827     -0.658107    -15.991518
18
Coordinates from ORCA-job enducts_optfreq_6 E -475.547687633097
  C       0.563741      0.669988      4.252786
  C      -0.092872      1.280173      3.146771
  C      -0.002359      0.726287      1.882632
  C       0.749464     -0.457122      1.682932
  C       1.408373     -1.078681      2.767407
  C       1.317811     -0.525894      4.030409
  C       0.467085      1.243326      5.619692
  H       1.463410      1.309883      6.092852
  H      -0.118031      0.563889      6.272609
  H      -0.013969      2.230104      5.633786
  H      -0.668482      2.194056      3.309914
  H      -0.505826      1.196826      1.035438
  H       0.821057     -0.891102      0.682492
  H       1.985717     -1.990634      2.601865
  H       1.824046     -0.996570      4.876899
  N      -2.618145     -2.493276    -15.015132
  O      -2.246913     -1.447827    -14.753245
  O      -2.587579     -0.662797    -16.048029
18
Coordinates from ORCA-job enducts_optfreq_6 E -475.547706502580
  C       0.565343      0.670988      4.264388
  C      -0.090567      1.281537      3.158159
  C       0.000748      0.728065      1.893897
  C       0.752698     -0.455273      1.694282
  C       1.410883     -1.077215      2.778975
  C       1.319513     -0.524843      4.042105
  C       0.467836      1.243907      5.631414
  H       1.463792      1.309895      6.105413
  H      -0.118123      0.564506      6.283616
  H      -0.012844      2.230871      5.645444
  H      -0.666258      2.195383      3.321228
  H      -0.502159      1.198895      1.046528
  H       0.824999     -0.888857      0.693720
  H       1.988322     -1.989121      2.613506
  H       1.825194     -0.995809      4.888766
  N      -2.631242     -2.499113    -15.073365
  O      -2.255088     -1.455578    -14.811239
  O      -2.596519     -0.667610    -16.104757
18
Coordinates from ORCA-job enducts_optfreq_6 E -475.547725113054
  C       0.566960      0.671996      4.275999
  C      -0.088272      1.282894      3.169561
  C       0.003810      0.729812      1.905183
  C       0.755876     -0.453465      1.705658
  C       1.413359     -1.075773      2.790565
  C       1.321217     -0.523792      4.053813
  C       0.468641      1.244524      5.643135
  H       1.464243      1.309954      6.117940
  H      -0.118138      0.565170      6.294654
  H      -0.011664      2.231673      5.657097
  H      -0.664033      2.196709      3.332554
  H      -0.498554      1.200921      1.057644
  H       0.828856     -0.886673      0.704981
  H       1.990884     -1.987638      2.625170
  H       1.826362     -0.995035      4.900639
  N      -2.643971     -2.504959    -15.131600
  O      -2.263469     -1.463147    -14.869247
  O      -2.605580     -0.672546    -16.161667
18
Coordinates from ORCA-job enducts_optfreq_6 E -475.547743511381
  C       0.568595      0.673015      4.287620
  C      -0.085985      1.284244      3.180981
  C       0.006822      0.731527      1.916496
  C       0.758989     -0.451698      1.717061
  C       1.415797     -1.074355      2.802175
  C       1.322924     -0.522740      4.065533
  C       0.469508      1.245178      5.654859
  H       1.464771      1.310064      6.130433
  H      -0.118065      0.565883      6.305726
  H      -0.010425      2.232511      5.668748
  H      -0.661805      2.198036      3.343895
  H      -0.495019      1.202902      1.068792
  H       0.832614     -0.884553      0.716278
  H       1.993396     -1.986188      2.636856
  H       1.827553     -0.994249      4.912519
  N      -2.656301     -2.510819    -15.189840
  O      -2.272068     -1.470523    -14.927263
  O      -2.614772     -0.677608    -16.218788
18
Coordinates from ORCA-job enducts_optfreq_6 E -475.547761654653
  C       0.570243      0.674039      4.299247
  C      -0.083704      1.285594      3.192415
  C       0.009800      0.733232      1.927827
  C       0.762055     -0.449948      1.728478
  C       1.418209     -1.072948      2.813789
  C       1.324635     -0.521687      4.077253
  C       0.470417      1.245846      5.666586
  H       1.465351      1.310192      6.142907
  H      -0.117934      0.566615      6.316820
  H      -0.009145      2.233363      5.680408
  H      -0.659576      2.199366      3.355257
  H      -0.491535      1.204868      1.079966
  H       0.836299     -0.882462      0.727592
  H       1.995873     -1.984752      2.648541
  H       1.828764     -0.993458      4.924391
  N      -2.668382     -2.516695    -15.248090
  O      -2.280835     -1.477771    -14.985276
  O      -2.624008     -0.682768    -16.276030
18
Coordinates from ORCA-job enducts_optfreq_6 E -475.547779587205
  C       0.571903      0.675069      4.310880
  C      -0.081424      1.286947      3.203862
  C       0.012751      0.734929      1.939173
  C       0.765082     -0.448213      1.739905
  C       1.420596     -1.071552      2.825406
  C       1.326347     -0.520636      4.088974
  C       0.471362      1.246528      5.678317
  H       1.465976      1.310336      6.155366
  H      -0.117755      0.567364      6.327931
  H      -0.007826      2.234229      5.692076
  H      -0.657341      2.200704      3.366635
  H      -0.488091      1.206822      1.091162
  H       0.839918     -0.880400      0.738922
  H       1.998316     -1.983333      2.660226
  H       1.829988     -0.992665      4.936258
  N      -2.680221     -2.522587    -15.306344
  O      -2.289720     -1.484910    -15.043295
  O      -2.633330     -0.688005    -16.333375
18
Coordinates from ORCA-job enducts_optfreq_6 E -475.547797272154
  C       0.573566      0.676098      4.322511
  C      -0.079138      1.288308      3.215310
  C       0.015707      0.736641      1.950517
  C       0.768109     -0.446466      1.751326
  C       1.422983     -1.070149      2.837014
  C       1.328061     -0.519583      4.100686
  C       0.472303      1.247198      5.690050
  H       1.466593      1.310460      6.167833
  H      -0.117585      0.568096      6.339033
  H      -0.006510      2.235083      5.703752
  H      -0.655098      2.202050      3.378019
  H      -0.484642      1.208797      1.102358
  H       0.843523     -0.878332      0.750247
  H       2.000755     -1.981909      2.671898
  H       1.831211     -0.991876      4.948115
  N      -2.692056     -2.528480    -15.364590
  O      -2.298604     -1.492047    -15.101321
  O      -2.642651     -0.693263    -16.390677
18
Coordinates from ORCA-job enducts_optfreq_6 E -475.547814645313
  C       0.575212      0.677120      4.334123
  C      -0.076830      1.289682      3.226726
  C       0.018734      0.738390      1.961823
  C       0.771213     -0.444677      1.762715
  C       1.425414     -1.068720      2.848598
  C       1.329774     -0.518529      4.112382
  C       0.473166      1.247826      5.701773
  H       1.467106      1.310519      6.180343
  H      -0.117533      0.568775      6.350077
  H      -0.005265      2.235899      5.715422
  H      -0.652846      2.203402      3.389369
  H      -0.481097      1.210820      1.113509
  H       0.847224     -0.876211      0.761543
  H       2.003246     -1.980453      2.683548
  H       1.832406     -0.991101      4.959963
  N      -2.704285     -2.534325    -15.422782
  O      -2.307234     -1.499355    -15.159377
  O      -2.651877     -0.698433    -16.447674
18
Coordinates from ORCA-job enducts_optfreq_6 E -475.547831990273
  C       0.576892      0.678162      4.345763
  C      -0.074571      1.291018      3.238190
  C       0.021610      0.740031      1.973200
  C       0.774146     -0.443012      1.774181
  C       1.427751     -1.067362      2.860246
  C       1.331489     -0.517476      4.124119
  C       0.474195      1.248567      5.713495
  H       1.467836      1.310744      6.192739
  H      -0.117230      0.569602      6.361230
  H      -0.003869      2.236821      5.727073
  H      -0.650613      2.204734      3.400757
  H      -0.477753      1.212699      1.124741
  H       0.850707     -0.874255      0.772920
  H       2.005632     -1.979077      2.695267
  H       1.833669     -0.990279      4.971839
  N      -2.715657     -2.540226    -15.480976
  O      -2.316281     -1.506254    -15.217464
  O      -2.661424     -0.703811    -16.505240
18
Coordinates from ORCA-job enducts_optfreq_6 E -475.547849151506
  C       0.578591      0.679211      4.357414
  C      -0.072316      1.292361      3.249678
  C       0.024443      0.741674      1.984601
  C       0.777024     -0.441350      1.785656
  C       1.430057     -1.066007      2.871886
  C       1.333212     -0.516421      4.135848
  C       0.475276      1.249313      5.725230
  H       1.468630      1.310979      6.205122
  H      -0.116855      0.570432      6.372410
  H      -0.002423      2.237747      5.738749
  H      -0.648380      2.206074      3.412184
  H      -0.474476      1.214578      1.136010
  H       0.854095     -0.872313      0.784311
  H       2.007972     -1.977712      2.706968
  H       1.834956     -0.989459      4.983695
  N      -2.726768     -2.546154    -15.539212
  O      -2.325530     -1.513022    -15.275516
  O      -2.670980     -0.709303    -16.562957
18
Coordinates from ORCA-job enducts_optfreq_6 E -475.547866049576
  C       0.580285      0.680253      4.369055
  C      -0.070045      1.293722      3.261159
  C       0.027315      0.743361      1.995985
  C       0.779941     -0.439642      1.797102
  C       1.432384     -1.064627      2.883496
  C       1.334937     -0.515366      4.147556
  C       0.476315      1.250016      5.736968
  H       1.469366      1.311146      6.217542
  H      -0.116549      0.571205      6.383555
  H      -0.001011      2.238631      5.750444
  H      -0.646136      2.207428      3.423612
  H      -0.471149      1.216517      1.147265
  H       0.857524     -0.870312      0.795673
  H       2.010334     -1.976319      2.718629
  H       1.836228     -0.988657      4.995529
  N      -2.738094     -2.552071    -15.597447
  O      -2.334689     -1.519891    -15.333560
  O      -2.680427     -0.714767    -16.620484
18
Coordinates from ORCA-job enducts_optfreq_6 E -475.547882669738
  C       0.581949      0.681280      4.380666
  C      -0.067732      1.295108      3.272586
  C       0.030319      0.745119      2.007302
  C       0.783005     -0.437854      1.808493
  C       1.434796     -1.063197      2.895069
  C       1.336661     -0.514306      4.159238
  C       0.477208      1.250640      5.748692
  H       1.469910      1.311198      6.230042
  H      -0.116457      0.571875      6.394597
  H       0.000260      2.239442      5.762129
  H      -0.643875      2.208793      3.434984
  H      -0.467646      1.218545      1.158437
  H       0.861134     -0.868218      0.806981
  H       2.012792     -1.974870      2.730259
  H       1.837445     -0.987877      5.007352
  N      -2.750154     -2.557906    -15.655599
  O      -2.343392     -1.527098    -15.391648
  O      -2.689694     -0.720048    -16.677502
18
Coordinates from ORCA-job enducts_optfreq_6 E -475.547899295948
  C       0.583649      0.682331      4.392312
  C      -0.065483      1.296445      3.284071
  C       0.033137      0.746745      2.018704
  C       0.785860     -0.436215      1.819975
  C       1.437092     -1.061852      2.906716
  C       1.338383     -0.513250      4.170968
  C       0.478302      1.251402      5.760417
  H       1.470720      1.311450      6.242405
  H      -0.116062      0.572726      6.405776
  H       0.001720      2.240382      5.773793
  H      -0.641639      2.210134      3.446402
  H      -0.464386      1.220403      1.169708
  H       0.864490     -0.866311      0.818381
  H       2.015126     -1.973513      2.741967
  H       1.838743     -0.987045      5.019208
  N      -2.761195     -2.563825    -15.713758
  O      -2.352585     -1.533822    -15.449767
  O      -2.699346     -0.725558    -16.735197
18
Coordinates from ORCA-job enducts_optfreq_6 E -475.547915739316
  C       0.585364      0.683386      4.403960
  C      -0.063233      1.297789      3.295566
  C       0.035938      0.748379      2.030115
  C       0.788695     -0.434568      1.831454
  C       1.439379     -1.060503      2.918350
  C       1.340119     -0.512188      4.182687
  C       0.479417      1.252159      5.772147
  H       1.471552      1.311701      6.254766
  H      -0.115636      0.573564      6.416961
  H       0.003193      2.241314      5.785474
  H      -0.639408      2.211476      3.457842
  H      -0.461161      1.222266      1.180997
  H       0.867789     -0.864409      0.829788
  H       2.017440     -1.972155      2.753656
  H       1.840060     -0.986211      5.031046
  N      -2.772190     -2.569737    -15.771938
  O      -2.361838     -1.540506    -15.507867
  O      -2.708954     -0.731130    -16.792926
18
Coordinates from ORCA-job enducts_optfreq_6 E -475.547932103751
  C       0.587114      0.684454      4.415636
  C      -0.061025      1.299118      3.307121
  C       0.038598      0.749960      2.041595
  C       0.791363     -0.432989      1.842981
  C       1.441572     -1.059195      2.930005
  C       1.341854     -0.511131      4.194416
  C       0.480691      1.252980      5.783893
  H       1.472589      1.312044      6.267045
  H      -0.114984      0.574489      6.428245
  H       0.004822      2.242309      5.797176
  H      -0.637188      2.212819      3.469355
  H      -0.458126      1.224062      1.192375
  H       0.870875     -0.862591      0.841239
  H       2.019645     -1.970848      2.765351
  H       1.841438     -0.985361      5.042871
  N      -2.782408     -2.575754    -15.830205
  O      -2.371563     -1.546848    -15.565911
  O      -2.718737     -0.736890    -16.851109
18
Coordinates from ORCA-job enducts_optfreq_6 E -475.547948231099
  C       0.588831      0.685503      4.427285
  C      -0.058734      1.300503      3.318624
  C       0.041449      0.751667      2.053001
  C       0.794224     -0.431281      1.854436
  C       1.443866     -1.057819      2.941606
  C       1.343582     -0.510078      4.206115
  C       0.481771      1.253677      5.795643
  H       1.473368      1.312193      6.279465
  H      -0.114634      0.575256      6.439398
  H       0.006282      2.243190      5.808899
  H      -0.634907      2.214204      3.480818
  H      -0.454836      1.226027      1.203666
  H       0.874197     -0.860608      0.852614
  H       2.021946     -1.969475      2.776991
  H       1.842719     -0.984572      5.054685
  N      -2.793339     -2.581718    -15.888438
  O      -2.380928     -1.553538    -15.623954
  O      -2.728328     -0.742503    -16.908776
18
Coordinates from ORCA-job enducts_optfreq_6 E -475.547964221631
  C       0.590568      0.686563      4.438944
  C      -0.056518      1.301841      3.330156
  C       0.044152      0.753282      2.064451
  C       0.796946     -0.429656      1.865930
  C       1.446087     -1.056486      2.953229
  C       1.345321     -0.509019      4.217820
  C       0.482990      1.254459      5.807382
  H       1.474333      1.312478      6.291773
  H      -0.114060      0.576128      6.450636
  H       0.007858      2.244146      5.820604
  H      -0.632693      2.215550      3.492313
  H      -0.451743      1.227867      1.215013
  H       0.877338     -0.858738      0.864037
  H       2.024189     -1.968134      2.788646
  H       1.844086     -0.983732      5.066485
  N      -2.803944     -2.587684    -15.946670
  O      -2.390379     -1.560060    -15.682027
  O      -2.738005     -0.748178    -16.966643
18
Coordinates from ORCA-job enducts_optfreq_6 E -475.547980044858
  C       0.592305      0.687623      4.450597
  C      -0.054281      1.303196      3.341684
  C       0.046886      0.754926      2.075893
  C       0.799691     -0.428008      1.877409
  C       1.448325     -1.055139      2.964834
  C       1.347062     -0.507959      4.229514
  C       0.484181      1.255216      5.819122
  H       1.475257      1.312724      6.304105
  H      -0.113534      0.576966      6.461849
  H       0.009410      2.245078      5.832317
  H      -0.630460      2.216907      3.503809
  H      -0.448616      1.229746      1.226354
  H       0.880499     -0.856840      0.875444
  H       2.026441     -1.966784      2.800282
  H       1.845440     -0.982905      5.078278
  N      -2.814636     -2.593652    -16.004895
  O      -2.399788     -1.566633    -15.740100
  O      -2.747653     -0.753834    -17.024419
18
Coordinates from ORCA-job enducts_optfreq_6 E -475.547995722891
  C       0.594029      0.688676      4.462236
  C      -0.052032      1.304554      3.353186
  C       0.049665      0.756587      2.087305
  C       0.802491     -0.426337      1.888870
  C       1.450597     -1.053776      2.976434
  C       1.348804     -0.506895      4.241202
  C       0.485315      1.255948      5.830851
  H       1.476109      1.312938      6.316460
  H      -0.113086      0.577773      6.473021
  H       0.010906      2.245987      5.844018
  H      -0.628227      2.218264      3.515274
  H      -0.445425      1.231644      1.237659
  H       0.883732     -0.854918      0.886832
  H       2.028735     -1.965413      2.811918
  H       1.846775     -0.982077      5.090069
  N      -2.825643     -2.599576    -16.063073
  O      -2.408969     -1.573354    -15.798207
  O      -2.757246     -0.759397    -17.081976
18
Coordinates from ORCA-job enducts_optfreq_6 E -475.548011285674
  C       0.595773      0.689739      4.473888
  C      -0.049798      1.305906      3.364712
  C       0.052383      0.758219      2.098749
  C       0.805215     -0.424705      1.900355
  C       1.452827     -1.052434      2.988045
  C       1.350550     -0.505832      4.252896
  C       0.486520      1.256717      5.842587
  H       1.477050      1.313203      6.328779
  H      -0.112536      0.578624      6.484237
  H       0.012466      2.246928      5.855726
  H      -0.625994      2.219621      3.526766
  H      -0.442321      1.233503      1.249004
  H       0.886857     -0.853051      0.898249
  H       2.030976     -1.964070      2.823560
  H       1.848141     -0.981240      5.101860
  N      -2.836291     -2.605533    -16.121260
  O      -2.418324     -1.579904    -15.856319
  O      -2.766967     -0.765065    -17.139756
18
Coordinates from ORCA-job enducts_optfreq_6 E -475.548026717524
  C       0.597526      0.690803      4.485544
  C      -0.047564      1.307265      3.376252
  C       0.055082      0.759859      2.110203
  C       0.807912     -0.423068      1.911841
  C       1.455042     -1.051090      2.999648
  C       1.352299     -0.504767      4.264583
  C       0.487749      1.257480      5.854330
  H       1.478020      1.313461      6.341095
  H      -0.111955      0.579468      6.495463
  H       0.014053      2.247865      5.867451
  H      -0.623758      2.220987      3.538281
  H      -0.439246      1.235372      1.260367
  H       0.889936     -0.851181      0.909665
  H       2.033195     -1.962729      2.835187
  H       1.849518     -0.980404      5.113635
  N      -2.846816     -2.611520    -16.179479
  O      -2.427787     -1.586405    -15.914402
  O      -2.776676     -0.770767    -17.197585
18
Coordinates from ORCA-job enducts_optfreq_6 E -475.548042031746
  C       0.599289      0.691886      4.497193
  C      -0.045318      1.308613      3.387767
  C       0.057796      0.761453      2.121647
  C       0.810621     -0.421480      1.923349
  C       1.457283     -1.049758      3.011284
  C       1.354077     -0.503680      4.276290
  C       0.488959      1.258280      5.866057
  H       1.478966      1.313803      6.353398
  H      -0.111367      0.580333      6.506681
  H       0.015579      2.248818      5.879143
  H      -0.621526      2.222336      3.549750
  H      -0.436172      1.237163      1.271711
  H       0.892982     -0.849417      0.921127
  H       2.035436     -1.961404      2.846871
  H       1.850927     -0.979523      5.125443
  N      -2.857444     -2.617426    -16.237621
  O      -2.437167     -1.592874    -15.972542
  O      -2.786392     -0.776494    -17.255471
18
Coordinates from ORCA-job enducts_optfreq_6 E -475.548057212740
  C       0.601054      0.692973      4.508848
  C      -0.043080      1.309944      3.399283
  C       0.060512      0.763021      2.133097
  C       0.813346     -0.419912      1.934875
  C       1.459559     -1.048416      3.022941
  C       1.355883     -0.502572      4.288012
  C       0.490150      1.259088      5.877788
  H       1.479891      1.314193      6.365704
  H      -0.110774      0.581189      6.517905
  H       0.017052      2.249764      5.890833
  H      -0.619318      2.223658      3.561211
  H      -0.433107      1.238908      1.283057
  H       0.896031     -0.847693      0.932613
  H       2.037730     -1.960061      2.858585
  H       1.852379     -0.978602      5.137268
  N      -2.868355     -2.623219    -16.295632
  O      -2.446544     -1.599312    -16.030730
  O      -2.795878     -0.782324    -17.313580
18
Coordinates from ORCA-job enducts_optfreq_6 E -475.548072405673
  C       0.602772      0.694011      4.520536
  C      -0.040731      1.311362      3.410821
  C       0.063486      0.764812      2.144521
  C       0.816327     -0.418115      1.946338
  C       1.461948     -1.046970      3.034544
  C       1.357651     -0.501498      4.299729
  C       0.491109      1.259687      5.889605
  H       1.480497      1.314203      6.378290
  H      -0.110617      0.581828      6.529016
  H       0.018398      2.250550      5.902645
  H      -0.617004      2.225060      3.572722
  H      -0.429670      1.240980      1.294370
  H       0.899449     -0.845633      0.943998
  H       2.040136     -1.958609      2.870219
  H       1.853672     -0.977821      5.149100
  N      -2.879781     -2.628972    -16.353483
  O      -2.456050     -1.605884    -16.088872
  O      -2.805066     -0.788363    -17.372017
18
Coordinates from ORCA-job enducts_optfreq_6 E -475.548087369189
  C       0.604508      0.695085      4.532214
  C      -0.038465      1.312688      3.422336
  C       0.066330      0.766407      2.155962
  C       0.819228     -0.416493      1.957874
  C       1.464355     -1.045574      3.046233
  C       1.359488     -0.500368      4.311491
  C       0.492144      1.260434      5.901367
  H       1.481220      1.314534      6.390716
  H      -0.110226      0.582591      6.540193
  H       0.019695      2.251425      5.914359
  H      -0.614811      2.226353      3.584166
  H      -0.426441      1.242759      1.305687
  H       0.902733     -0.843839      0.955495
  H       2.042600     -1.957188      2.881984
  H       1.855118     -0.976881      5.160986
  N      -2.891554     -2.634494    -16.411107
  O      -2.465388     -1.612325    -16.147174
  O      -2.814004     -0.794485    -17.430703
18
Coordinates from ORCA-job enducts_optfreq_6 E -475.548102206423
  C       0.606234      0.696168      4.543891
  C      -0.036213      1.313982      3.433832
  C       0.069179      0.767942      2.167401
  C       0.822158     -0.414922      1.969440
  C       1.466802     -1.044188      3.057969
  C       1.361345     -0.499220      4.323286
  C       0.493152      1.261219      5.913115
  H       1.481915      1.314952      6.403123
  H      -0.109834      0.583388      6.551374
  H       0.020930      2.252321      5.926034
  H      -0.612649      2.227606      3.595565
  H      -0.423208      1.244449      1.316989
  H       0.906061     -0.842118      0.967030
  H       2.045125     -1.955770      2.893820
  H       1.856588     -0.975892      5.172919
  N      -2.903616     -2.639865    -16.468536
  O      -2.474581     -1.618728    -16.205587
  O      -2.822859     -0.800695    -17.489585
18
Coordinates from ORCA-job enducts_optfreq_6 E -475.548116907589
  C       0.607958      0.697258      4.555575
  C      -0.033984      1.315238      3.445320
  C       0.072024      0.769414      2.178842
  C       0.825121     -0.413396      1.981038
  C       1.469300     -1.042800      3.069752
  C       1.363238     -0.498044      4.335113
  C       0.494136      1.262037      5.924857
  H       1.482588      1.315467      6.415516
  H      -0.109425      0.584201      6.562569
  H       0.022092      2.253227      5.937685
  H      -0.610543      2.228807      3.606934
  H      -0.419997      1.246036      1.328284
  H       0.909426     -0.840468      0.978610
  H       2.047728     -1.954336      2.905725
  H       1.858107     -0.974840      5.184895
  N      -2.916111     -2.645037    -16.525720
  O      -2.483683     -1.625080    -16.264116
  O      -2.831447     -0.807059    -17.548799
18
Coordinates from ORCA-job enducts_optfreq_6 E -475.548131467545
  C       0.609678      0.698358      4.567263
  C      -0.031784      1.316449      3.456798
  C       0.074855      0.770806      2.190289
  C       0.828109     -0.411927      1.992673
  C       1.471851     -1.041413      3.081588
  C       1.365169     -0.496836      4.346978
  C       0.495100      1.262900      5.936588
  H       1.483245      1.316101      6.427881
  H      -0.108986      0.585041      6.573783
  H       0.023177      2.254151      5.949302
  H      -0.608500      2.229945      3.618269
  H      -0.416822      1.247504      1.339573
  H       0.912825     -0.838905      0.990240
  H       2.050417     -1.952887      2.917708
  H       1.859687     -0.973713      5.196921
  N      -2.929067     -2.649986    -16.582631
  O      -2.492670     -1.631372    -16.322777
  O      -2.839757     -0.813589    -17.608367
18
Coordinates from ORCA-job enducts_optfreq_6 E -475.548145916486
  C       0.611388      0.699465      4.578955
  C      -0.029608      1.317619      3.468262
  C       0.077685      0.772132      2.201737
  C       0.831133     -0.410507      2.004341
  C       1.474452     -1.040032      3.093473
  C       1.367127     -0.495605      4.358879
  C       0.496037      1.263801      5.948307
  H       1.483874      1.316829      6.440227
  H      -0.108540      0.585913      6.585006
  H       0.024193      2.255095      5.960881
  H      -0.606507      2.231029      3.629565
  H      -0.413656      1.248870      1.350848
  H       0.916278     -0.837412      1.001914
  H       2.053184     -1.951430      2.929765
  H       1.861306     -0.972528      5.208996
  N      -2.942433     -2.654726    -16.639277
  O      -2.501485     -1.637630    -16.381576
  O      -2.847898     -0.820256    -17.668225
18
Coordinates from ORCA-job enducts_optfreq_6 E -475.548160236203
  C       0.613101      0.700586      4.590649
  C      -0.027480      1.318735      3.479721
  C       0.080457      0.773357      2.213198
  C       0.834142     -0.409165      2.016050
  C       1.477087     -1.038660      3.105409
  C       1.369130     -0.494339      4.370811
  C       0.496992      1.264766      5.960009
  H       1.484539      1.317715      6.452511
  H      -0.107996      0.586829      6.596268
  H       0.025157      2.256068      5.972423
  H      -0.604597      2.232042      3.640834
  H      -0.410589      1.250082      1.362131
  H       0.919709     -0.836035      1.013644
  H       2.056019     -1.949965      2.941894
  H       1.863009     -0.971253      5.221108
  N      -2.956239     -2.659220    -16.695638
  O      -2.510126     -1.643831    -16.440531
  O      -2.855786     -0.827084    -17.728412
18
Coordinates from ORCA-job enducts_optfreq_6 E -475.548174429555
  C       0.614833      0.701736      4.602339
  C      -0.025448      1.319765      3.491178
  C       0.083075      0.774416      2.224689
  C       0.837047     -0.407964      2.027818
  C       1.479726     -1.037322      3.117402
  C       1.371198     -0.493022      4.382770
  C       0.498045      1.265853      5.971674
  H       1.485352      1.318877      6.464643
  H      -0.107200      0.587847      6.607614
  H       0.026111      2.257111      5.983902
  H      -0.602816      2.232949      3.652079
  H      -0.407760      1.251045      1.373445
  H       0.922987     -0.834867      1.025458
  H       2.058897     -1.948513      2.954103
  H       1.864866     -0.969841      5.233246
  N      -2.970411     -2.663453    -16.751737
  O      -2.518566     -1.649944    -16.499657
  O      -2.863405     -0.834044    -17.788886
18
Coordinates from ORCA-job enducts_optfreq_6 E -475.548188514359
  C       0.616581      0.702905      4.614025
  C      -0.023499      1.320727      3.502643
  C       0.085546      0.775343      2.236209
  C       0.839843     -0.406873      2.039627
  C       1.482351     -1.036010      3.129429
  C       1.373313     -0.491668      4.394740
  C       0.499199      1.267036      5.983310
  H       1.486313      1.320255      6.476641
  H      -0.106172      0.588944      6.619038
  H       0.027082      2.258211      5.995338
  H      -0.601145      2.233775      3.663320
  H      -0.405150      1.251812      1.384794
  H       0.926123     -0.833853      1.037331
  H       2.061791     -1.947070      2.966356
  H       1.866846     -0.968324      5.245388
  N      -2.984847     -2.667472    -16.807623
  O      -2.526783     -1.656011    -16.558938
  O      -2.870863     -0.841102    -17.849548
18
Coordinates from ORCA-job enducts_optfreq_6 E -475.548202512876
  C       0.618362      0.704108      4.625702
  C      -0.021663      1.321609      3.514118
  C       0.087801      0.776102      2.247770
  C       0.842461     -0.405931      2.051487
  C       1.484933     -1.034740      3.141489
  C       1.375492     -0.490266      4.406713
  C       0.500519      1.268352      5.994905
  H       1.487509      1.321925      6.488445
  H      -0.104798      0.590156      6.630571
  H       0.028108      2.259390      6.006720
  H      -0.599609      2.234505      3.674564
  H      -0.402864      1.252326      1.396198
  H       0.929000     -0.833058      1.049277
  H       2.064669     -1.945653      2.978648
  H       1.869000     -0.966673      5.257517
  N      -2.999428     -2.671300    -16.863370
  O      -2.534822     -1.662010    -16.618348
  O      -2.878141     -0.848213    -17.910328
18
Coordinates from ORCA-job enducts_optfreq_6 E -475.548205315809
  C       0.616854      0.702766      4.625832
  C      -0.018296      1.324269      3.513689
  C       0.094708      0.781999      2.246289
  C       0.848121     -0.400703      2.049458
  C       1.485424     -1.033750      3.140074
  C       1.372397     -0.492502      4.406395
  C       0.495541      1.263938      5.996003
  H       1.480317      1.311098      6.494467
  H      -0.116599      0.587282      6.626801
  H       0.028006      2.257295      6.008192
  H      -0.594950      2.237908      3.674446
  H      -0.391805      1.261541      1.394184
  H       0.937997     -0.824844      1.046255
  H       2.064385     -1.945101      2.976800
  H       1.862132     -0.972043      5.257623
  N      -2.992638     -2.676735    -16.865680
  O      -2.529417     -1.667910    -16.617483
  O      -2.895646     -0.843881    -17.901267
18
Coordinates from ORCA-job enducts_optfreq_6 E -475.548206432693
  C       0.616195      0.702358      4.625639
  C      -0.015752      1.325878      3.512742
  C       0.099694      0.785056      2.244943
  C       0.852318     -0.398177      2.048460
  C       1.486404     -1.033245      3.139810
  C       1.371141     -0.493326      4.406486
  C       0.491733      1.261692      5.996281
  H       1.474812      1.305308      6.498329
  H      -0.124669      0.585775      6.623756
  H       0.026769      2.256268      6.008409
  H      -0.592146      2.239742      3.673303
  H      -0.384570      1.265914      1.392307
  H       0.943353     -0.821692      1.045082
  H       2.064642     -1.945096      2.976822
  H       1.858304     -0.974492      5.258250
  N      -2.990071     -2.679072    -16.866020
  O      -2.525554     -1.671556    -16.617048
  O      -2.906073     -0.840708    -17.895471
18
Coordinates from ORCA-job enducts_optfreq_6 E -475.548206931261
  C       0.616179      0.702640      4.625374
  C      -0.016051      1.325261      3.512094
  C       0.099398      0.783613      2.244656
  C       0.852197     -0.399630      2.048947
  C       1.486706     -1.033726      3.140653
  C       1.371466     -0.492965      4.406952
  C       0.491707      1.262859      5.995633
  H       1.474803      1.306951      6.497607
  H      -0.124527      0.587220      6.623574
  H       0.026546      2.257347      6.007160
  H      -0.592604      2.239122      3.672094
  H      -0.385011      1.263768      1.391712
  H       0.943125     -0.823927      1.045882
  H       2.065283     -1.945460      2.978193
  H       1.858998     -0.973323      5.258954
  N      -2.990588     -2.678648    -16.866098
  O      -2.524657     -1.671851    -16.617247
  O      -2.906444     -0.838622    -17.894060
18
Coordinates from ORCA-job enducts_optfreq_6 E -475.548208498757
  C       0.616543      0.704606      4.623712
  C      -0.018698      1.320986      3.508536
  C       0.095696      0.773779      2.243416
  C       0.850187     -0.409071      2.052043
  C       1.487939     -1.036877      3.145622
  C       1.373822     -0.490513      4.409552
  C       0.493219      1.270824      5.991527
  H       1.477027      1.318921      6.491762
  H      -0.120629      0.596739      6.623487
  H       0.026129      2.264436      5.999443
  H      -0.596530      2.234589      3.665336
  H      -0.390729      1.249132      1.388931
  H       0.939960     -0.838249      1.050951
  H       2.068221     -1.948082      2.986286
  H       1.863970     -0.965830      5.262877
  N      -2.993166     -2.675134    -16.866870
  O      -2.518874     -1.672430    -16.618559
  O      -2.907562     -0.827199    -17.885972
18
Coordinates from ORCA-job enducts_optfreq_6 E -475.548209897505
  C       0.617046      0.706849      4.621705
  C      -0.021805      1.316104      3.504601
  C       0.091085      0.762554      2.242121
  C       0.847518     -0.419800      2.055441
  C       1.488981     -1.040517      3.150972
  C       1.376407     -0.487778      4.412231
  C       0.495438      1.279972      5.986748
  H       1.480166      1.332537      6.484731
  H      -0.115681      0.607870      6.623465
  H       0.026337      2.272654      5.990589
  H      -0.601131      2.229345      3.657901
  H      -0.397966      1.232413      1.386096
  H       0.935899     -0.854367      1.056550
  H       2.070963     -1.951239      2.995093
  H       1.869483     -0.957496      5.266969
  N      -2.995007     -2.670864    -16.868276
  O      -2.510263     -1.673365    -16.620046
  O      -2.910944     -0.814247    -17.874812
18
Coordinates from ORCA-job enducts_optfreq_6 E -475.548219159750
  C       0.620447      0.720697      4.610523
  C      -0.039833      1.286469      3.482698
  C       0.063704      0.694248      2.237157
  C       0.831560     -0.484888      2.078772
  C       1.494559     -1.062600      3.185358
  C       1.391460     -0.471090      4.429546
  C       0.509649      1.335989      5.957760
  H       1.499792      1.414480      6.441452
  H      -0.085633      0.677567      6.623240
  H       0.029418      2.323093      5.936740
  H      -0.627761      2.197493      3.614686
  H      -0.441210      1.130573      1.372587
  H       0.910584     -0.952108      1.093922
  H       2.086277     -1.970424      3.050508
  H       1.901729     -0.906851      5.292154
  N      -3.001441     -2.644713    -16.890543
  O      -2.452943     -1.681271    -16.642138
  O      -2.943830     -0.736037    -17.802342
18
Coordinates from ORCA-job enducts_optfreq_6 E -475.548220773852
  C       0.618878      0.718255      4.611074
  C      -0.034605      1.292089      3.483637
  C       0.072629      0.706391      2.235275
  C       0.837677     -0.474122      2.073585
  C       1.494091     -1.059656      3.179746
  C       1.387021     -0.474776      4.426875
  C       0.503485      1.326390      5.961353
  H       1.490797      1.395660      6.451995
  H      -0.100966      0.668366      6.618933
  H       0.029810      2.316751      5.942819
  H      -0.620340      2.204187      3.617931
  H      -0.426905      1.149526      1.371242
  H       0.923660     -0.933872      1.085927
  H       2.083305     -1.968772      3.042680
  H       1.891504     -0.917313      5.289468
  N      -2.996449     -2.652741    -16.894989
  O      -2.448471     -1.691349    -16.639856
  O      -2.958594     -0.734386    -17.785614
18
Coordinates from ORCA-job enducts_optfreq_6 E -475.548220182631
  C       0.616380      0.714114      4.610802
  C      -0.026195      1.301563      3.484546
  C       0.087210      0.727285      2.231362
  C       0.849172     -0.454300      2.063167
  C       1.492992     -1.054415      3.168540
  C       1.379422     -0.481120      4.420701
  C       0.493334      1.309730      5.966288
  H       1.475543      1.362276      6.468768
  H      -0.127472      0.653161      6.609947
  H       0.031784      2.305946      5.952211
  H      -0.608699      2.215118      3.623118
  H      -0.404681      1.181546      1.368756
  H       0.945205     -0.901860      1.070667
  H       2.076939     -1.966329      3.027586
  H       1.874141     -0.935353      5.282858
  N      -2.990339     -2.667173    -16.904793
  O      -2.435151     -1.714834    -16.634026
  O      -2.983057     -0.724726    -17.738420
18
Coordinates from ORCA-job enducts_optfreq_6 E -475.548224117375
  C       0.615613      0.712545      4.609439
  C      -0.024291      1.304899      3.484357
  C       0.090215      0.734855      2.229300
  C       0.851150     -0.446955      2.057852
  C       1.491526     -1.052390      3.162194
  C       1.376802     -0.483429      4.416296
  C       0.491369      1.303605      5.966888
  H       1.472188      1.349576      6.472623
  H      -0.135145      0.648049      6.606068
  H       0.034780      2.302167      5.954844
  H      -0.605795      2.218778      3.625082
  H      -0.400315      1.192936      1.367871
  H       0.949214     -0.890093      1.063567
  H       2.073794     -1.965043      3.019164
  H       1.869207     -0.941705      5.277650
  N      -2.988890     -2.673703    -16.911831
  O      -2.424254     -1.729764    -16.629872
  O      -2.990638     -0.713699    -17.699412
18
Coordinates from ORCA-job enducts_optfreq_6 E -475.548234476918
  C       0.616718      0.712392      4.607754
  C      -0.026739      1.305582      3.485066
  C       0.084248      0.736602      2.229194
  C       0.844888     -0.444965      2.054509
  C       1.488584     -1.051300      3.156432
  C       1.377659     -0.483348      4.411287
  C       0.496445      1.302115      5.966108
  H       1.478768      1.347524      6.468972
  H      -0.128446      0.646207      6.606527
  H       0.040070      2.300807      5.956137
  H      -0.608416      2.219007      3.628182
  H      -0.409675      1.194927      1.369769
  H       0.938133     -0.887979      1.059720
  H       2.070813     -1.963599      3.010993
  H       1.872903     -0.942101      5.270721
  N      -2.989978     -2.677660    -16.921021
  O      -2.414792     -1.742474    -16.627045
  O      -2.984654     -0.701109    -17.661226
18
Coordinates from ORCA-job enducts_optfreq_6 E -475.548239776354
  C       0.617435      0.711605      4.607436
  C      -0.026199      1.308582      3.486623
  C       0.083242      0.742697      2.229211
  C       0.841721     -0.439746      2.051214
  C       1.486712     -1.048989      3.150887
  C       1.377659     -0.484006      4.407134
  C       0.498126      1.297341      5.967504
  H       1.480627      1.340250      6.470240
  H      -0.127113      0.639901      6.606051
  H       0.042437      2.296366      5.960741
  H      -0.607053      2.222085      3.632576
  H      -0.411033      1.203336      1.371179
  H       0.929422     -0.882784      1.055998
  H       2.068570     -1.961045      3.002550
  H       1.873809     -0.944986      5.264844
  N      -2.989739     -2.681244    -16.924560
  O      -2.408534     -1.750743    -16.626028
  O      -2.983558     -0.697994    -17.641519
18
Coordinates from ORCA-job enducts_optfreq_6 E -475.548241648469
  C       0.618290      0.711172      4.607522
  C      -0.026583      1.310194      3.488373
  C       0.080770      0.746045      2.230019
  C       0.837738     -0.436928      2.049518
  C       1.485031     -1.047447      3.147220
  C       1.378144     -0.484133      4.404345
  C       0.500657      1.294694      5.968631
  H       1.483779      1.336911      6.470213
  H      -0.123381      0.635748      6.606828
  H       0.044451      2.293478      5.964300
  H      -0.606667      2.223833      3.636549
  H      -0.413988      1.208099      1.373034
  H       0.921200     -0.880185      1.054001
  H       2.066897     -1.959118      2.996565
  H       1.875748     -0.946213      5.260608
  N      -2.989778     -2.683158    -16.925855
  O      -2.404645     -1.755165    -16.626408
  O      -2.981138     -0.697201    -17.633383
18
Coordinates from ORCA-job enducts_optfreq_6 E -475.548242241275
  C       0.619007      0.710799      4.607776
  C      -0.027123      1.311272      3.490060
  C       0.078353      0.748428      2.230986
  C       0.834421     -0.434759      2.048361
  C       1.483412     -1.046403      3.144494
  C       1.378406     -0.484342      4.402321
  C       0.503105      1.292854      5.969640
  H       1.486859      1.334682      6.470020
  H      -0.119751      0.632809      6.607879
  H       0.046456      2.291427      5.967179
  H      -0.606580      2.225010      3.640083
  H      -0.416936      1.211559      1.374897
  H       0.915475     -0.877630      1.052474
  H       2.065006     -1.957939      2.991980
  H       1.877137     -0.947352      5.257423
  N      -2.988892     -2.684529    -16.925657
  O      -2.401596     -1.757551    -16.627199
  O      -2.980231     -0.697707    -17.630638
18
Coordinates from ORCA-job enducts_optfreq_6 E -475.548243298877
  C       0.621644      0.710043      4.608556
  C      -0.030251      1.313389      3.495575
  C       0.068111      0.753366      2.234740
  C       0.822218     -0.429982      2.045645
  C       1.477599     -1.043984      3.136802
  C       1.379709     -0.484607      4.396375
  C       0.512951      1.289157      5.972223
  H       1.499532      1.331421      6.467014
  H      -0.104489      0.626046      6.612597
  H       0.054173      2.286707      5.975016
  H      -0.608208      2.227149      3.651144
  H      -0.430584      1.218572      1.381779
  H       0.896447     -0.871637      1.048673
  H       2.058235     -1.955199      2.978793
  H       1.883066     -0.949511      5.247730
  N      -2.985129     -2.687764    -16.924211
  O      -2.391470     -1.763248    -16.630755
  O      -2.977026     -0.699291    -17.625616
18
Coordinates from ORCA-job enducts_optfreq_6 E -475.548244379155
  C       0.625883      0.709292      4.609295
  C      -0.036200      1.315485      3.503743
  C       0.050374      0.758563      2.240751
  C       0.802300     -0.424564      2.042032
  C       1.467934     -1.041198      3.125622
  C       1.381879     -0.484764      4.387343
  C       0.529736      1.285345      5.975156
  H       1.521303      1.329567      6.459782
  H      -0.078288      0.618335      6.620500
  H       0.067582      2.281236      5.985221
  H      -0.612398      2.228958      3.667300
  H      -0.455422      1.225678      1.393044
  H       0.866955     -0.864215      1.043485
  H       2.046892     -1.952087      2.959773
  H       1.893098     -0.951665      5.232900
  N      -2.977634     -2.691879    -16.921805
  O      -2.374597     -1.771016    -16.636052
  O      -2.972867     -0.700443    -17.616014
18
Coordinates from ORCA-job enducts_optfreq_6 E -475.548247193697
  C       0.633346      0.708966      4.609436
  C      -0.047851      1.316929      3.516444
  C       0.017527      0.762618      2.251114
  C       0.766712     -0.419646      2.037351
  C       1.450812     -1.038196      3.108390
  C       1.386057     -0.484221      4.372452
  C       0.560299      1.282631      5.977693
  H       1.560900      1.331987      6.443021
  H      -0.030529      0.610744      6.633829
  H       0.092620      2.275718      5.998359
  H      -0.621771      2.229596      3.692041
  H      -0.502749      1.230715      1.412786
  H       0.815572     -0.856744      1.036779
  H       2.027058     -1.948578      2.930715
  H       1.911834     -0.952463      5.208283
  N      -2.963001     -2.697400    -16.923410
  O      -2.341459     -1.785717    -16.647017
  O      -2.968850     -0.696311    -17.586187
18
Coordinates from ORCA-job enducts_optfreq_6 E -475.548251094105
  C       0.643120      0.710594      4.613684
  C      -0.061430      1.316744      3.534686
  C      -0.021550      0.761728      2.268678
  C       0.724940     -0.419538      2.039981
  C       1.431203     -1.036764      3.097326
  C       1.391952     -0.482009      4.362132
  C       0.598059      1.285575      5.982616
  H       1.608634      1.340005      6.425340
  H       0.025252      0.611894      6.652686
  H       0.126758      2.276689      6.012488
  H      -0.632804      2.228719      3.721745
  H      -0.559721      1.228620      1.441143
  H       0.756756     -0.855046      1.038241
  H       2.004448     -1.946786      2.908337
  H       1.935284     -0.949192      5.187247
  N      -2.948636     -2.703829    -16.979039
  O      -2.290163     -1.816687    -16.703573
  O      -2.985573     -0.680088    -17.531639
18
Coordinates from ORCA-job enducts_optfreq_6 E -475.548257027274
  C       0.651065      0.715907      4.611149
  C      -0.078224      1.306369      3.540146
  C      -0.060246      0.738017      2.279582
  C       0.689282     -0.440802      2.048107
  C       1.418765     -1.043350      3.098005
  C       1.401198     -0.475499      4.357527
  C       0.630435      1.305536      5.974485
  H       1.650417      1.376620      6.392850
  H       0.081440      0.633150      6.665331
  H       0.149148      2.291832      6.004139
  H      -0.651486      2.216797      3.729033
  H      -0.618225      1.192647      1.458230
  H       0.706675     -0.883874      1.049190
  H       1.992457     -1.952765      2.907473
  H       1.962693     -0.931377      5.176784
  N      -2.944880     -2.695656    -16.996636
  O      -2.265318     -1.823462    -16.722859
  O      -2.968668     -0.659461    -17.500455
18
Coordinates from ORCA-job enducts_optfreq_6 E -475.548245074763
  C       0.653682      0.717340      4.611722
  C      -0.084312      1.302869      3.544500
  C      -0.072871      0.731174      2.285188
  C       0.680937     -0.444249      2.050867
  C       1.417034     -1.043456      3.097310
  C       1.405355     -0.473037      4.355914
  C       0.640298      1.309619      5.974306
  H       1.663682      1.389568      6.382863
  H       0.101620      0.636384      6.672156
  H       0.153698      2.293349      6.004717
  H      -0.660434      2.211327      3.734466
  H      -0.640571      1.181071      1.467615
  H       0.694677     -0.887690      1.051662
  H       1.990605     -1.952761      2.906027
  H       1.972067     -0.926400      5.172960
  N      -2.950861     -2.700786    -16.997875
  O      -2.289100     -1.820221    -16.711724
  O      -2.928978     -0.653474    -17.530596
18
Coordinates from ORCA-job enducts_optfreq_6 E -475.548273584211
  C       0.655282      0.718092      4.608758
  C      -0.085220      1.303357      3.542806
  C      -0.077653      0.730625      2.283890
  C       0.673701     -0.446334      2.048975
  C       1.413408     -1.044295      3.093826
  C       1.406195     -0.472419      4.351720
  C       0.644796      1.310923      5.971041
  H       1.668670      1.388640      6.378778
  H       0.105448      0.638654      6.669410
  H       0.159830      2.295428      6.001985
  H      -0.660316      2.212201      3.733858
  H      -0.647402      1.179787      1.467445
  H       0.681034     -0.893420      1.051752
  H       1.986331     -1.953786      2.901585
  H       1.976035     -0.924713      5.167237
  N      -2.944215     -2.695508    -16.998469
  O      -2.258278     -1.831654    -16.721286
  O      -2.951116     -0.644952    -17.481232
18
Coordinates from ORCA-job enducts_optfreq_6 E -475.548276962698
  C       0.656061      0.718635      4.607011
  C      -0.087489      1.302338      3.542341
  C      -0.083214      0.727999      2.284092
  C       0.667417     -0.449431      2.048732
  C       1.411212     -1.045073      3.092029
  C       1.407130     -0.471680      4.349220
  C       0.649092      1.312972      5.968628
  H       1.674070      1.391338      6.373455
  H       0.111539      0.641637      6.669227
  H       0.164208      2.297519      5.999571
  H      -0.662039      2.211485      3.733477
  H      -0.655088      1.176358      1.468803
  H       0.671422     -0.898561      1.052440
  H       1.985047     -1.953895      2.899284
  H       1.980085     -0.922243      5.163499
  N      -2.941451     -2.694185    -17.000997
  O      -2.248082     -1.837268    -16.722722
  O      -2.953393     -0.637319    -17.456011
18
Coordinates from ORCA-job enducts_optfreq_6 E -475.548280248842
  C       0.652521      0.717664      4.606866
  C      -0.081623      1.304379      3.537381
  C      -0.068586      0.732027      2.278234
  C       0.681195     -0.446831      2.047067
  C       1.417196     -1.044539      3.094716
  C       1.404117     -0.473214      4.352751
  C       0.635892      1.309452      5.969448
  H       1.657393      1.381839      6.383917
  H       0.087926      0.639888      6.663634
  H       0.155730      2.296422      5.997556
  H      -0.655614      2.214622      3.724831
  H      -0.632694      1.183613      1.459445
  H       0.690781     -0.896257      1.051061
  H       1.992604     -1.953011      2.904949
  H       1.970671     -0.925503      5.170530
  N      -2.944278     -2.696339    -17.003932
  O      -2.255367     -1.839148    -16.717972
  O      -2.961335     -0.634437    -17.448404
18
Coordinates from ORCA-job enducts_optfreq_6 E -475.548283104056
  C       0.649831      0.717385      4.605921
  C      -0.077023      1.305363      3.532205
  C      -0.056931      0.733574      2.272865
  C       0.692602     -0.446174      2.045810
  C       1.422153     -1.044781      3.097498
  C       1.402047     -0.473960      4.355658
  C       0.625199      1.308117      5.968811
  H       1.643801      1.376550      6.390903
  H       0.069529      0.639961      6.658247
  H       0.148129      2.296678      5.994218
  H      -0.651146      2.216239      3.716155
  H      -0.615139      1.186773      1.450872
  H       0.706687     -0.896438      1.050092
  H       1.998211     -1.953511      2.911000
  H       1.963146     -0.927143      5.176703
  N      -2.947156     -2.697182    -17.007443
  O      -2.260627     -1.841125    -16.713439
  O      -2.966783     -0.629700    -17.433996
18
Coordinates from ORCA-job enducts_optfreq_6 E -475.548286250713
  C       0.646088      0.716999      4.604821
  C      -0.070541      1.306499      3.525086
  C      -0.040343      0.735307      2.265661
  C       0.709221     -0.445432      2.044552
  C       1.428970     -1.045479      3.102222
  C       1.398846     -0.475192      4.360405
  C       0.610252      1.306844      5.967825
  H       1.624686      1.370301      6.400476
  H       0.044457      0.640487      6.650814
  H       0.136983      2.297337      5.989370
  H      -0.644982      2.218141      3.704267
  H      -0.590403      1.190084      1.439011
  H       0.730649     -0.895986      1.049055
  H       2.005297     -1.954987      2.920441
  H       1.952109     -0.929540      5.186113
  N      -2.951360     -2.697341    -17.011256
  O      -2.268012     -1.841775    -16.708365
  O      -2.975389     -0.625638    -17.418418
18
Coordinates from ORCA-job enducts_optfreq_6 E -475.548290593669
  C       0.639858      0.716376      4.603390
  C      -0.059890      1.307914      3.513694
  C      -0.012739      0.737277      2.254536
  C       0.737240     -0.444944      2.043654
  C       1.440111     -1.047230      3.111435
  C       1.393210     -0.477427      4.369297
  C       0.585682      1.305699      5.965997
  H       1.593015      1.361579      6.415753
  H       0.003767      0.642638      6.638696
  H       0.118506      2.299221      5.980729
  H      -0.634840      2.220773      3.684941
  H      -0.549559      1.193782      1.420131
  H       0.772074     -0.895084      1.048325
  H       2.016588     -1.958197      2.937622
  H       1.933412     -0.933396      5.202724
  N      -2.957960     -2.696610    -17.017010
  O      -2.280507     -1.840335    -16.701992
  O      -2.991440     -0.621409    -17.399843
18
Coordinates from ORCA-job enducts_optfreq_6 E -475.548292299396
  C       0.637009      0.716019      4.602839
  C      -0.055054      1.308488      3.508693
  C      -0.000098      0.738070      2.249765
  C       0.750288     -0.444733      2.043573
  C       1.444958     -1.048280      3.115983
  C       1.390337     -0.478691      4.373624
  C       0.574629      1.305404      5.965075
  H       1.578677      1.358070      6.422433
  H      -0.014417      0.644037      6.633269
  H       0.110265      2.300298      5.976521
  H      -0.630190      2.221870      3.676509
  H      -0.531132      1.194954      1.411869
  H       0.791846     -0.893997      1.048148
  H       2.021258     -1.960027      2.945698
  H       1.924445     -0.935483      5.210517
  N      -2.960323     -2.696135    -17.019552
  O      -2.285733     -1.838970    -16.700193
  O      -3.000235     -0.620265    -17.392692
18
Coordinates from ORCA-job enducts_optfreq_6 E -475.548292960935
  C       0.635038      0.715668      4.602694
  C      -0.051604      1.309037      3.505583
  C       0.008733      0.738932      2.246782
  C       0.759343     -0.444327      2.043701
  C       1.448233     -1.048966      3.119170
  C       1.388231     -0.479720      4.376730
  C       0.567022      1.304967      5.964714
  H       1.568804      1.355495      6.427214
  H      -0.026885      0.644807      6.629808
  H       0.104672      2.300830      5.973907
  H      -0.626751      2.222799      3.671239
  H      -0.518335      1.196118      1.406562
  H       0.805614     -0.892672      1.048099
  H       2.024417     -1.961199      2.951109
  H       1.918048     -0.937280      5.215928
  N      -2.961653     -2.696043    -17.020752
  O      -2.289363     -1.837613    -16.699727
  O      -3.007035     -0.620206    -17.390683
18
Coordinates from ORCA-job enducts_optfreq_6 E -475.548292902098
  C       0.634507      0.715449      4.602827
  C      -0.050594      1.309387      3.505049
  C       0.011175      0.739620      2.246184
  C       0.761798     -0.443793      2.043716
  C       1.448961     -1.049080      3.119873
  C       1.387510     -0.480184      4.377542
  C       0.565038      1.304512      5.964889
  H       1.566288      1.354666      6.428591
  H      -0.029927      0.644540      6.629209
  H       0.103110      2.300578      5.973608
  H      -0.625629      2.223264      3.670421
  H      -0.514838      1.196989      1.405405
  H       0.809351     -0.891507      1.047902
  H       2.025018     -1.961454      2.952151
  H       1.916083     -0.938229      5.217269
  N      -2.961797     -2.696300    -17.020088
  O      -2.290172     -1.836940    -16.700233
  O      -3.009354     -0.620890    -17.392236
18
Coordinates from ORCA-job enducts_optfreq_6 E -475.548292830894
  C       0.632818      0.714709      4.603190
  C      -0.047489      1.310606      3.503458
  C       0.018592      0.742080      2.244296
  C       0.768976     -0.441907      2.043519
  C       1.451108     -1.049202      3.121637
  C       1.385272     -0.481581      4.379696
  C       0.558977      1.302736      5.965500
  H       1.558675      1.351843      6.432678
  H      -0.038907      0.643004      6.627391
  H       0.098095      2.299304      5.973128
  H      -0.622053      2.224931      3.667995
  H      -0.503823      1.200484      1.401846
  H       0.820173     -0.887788      1.047039
  H       2.026869     -1.961940      2.954881
  H       1.910057     -0.941193      5.220928
  N      -2.962543     -2.697286    -17.017632
  O      -2.292156     -1.835500    -16.701999
  O      -3.016114     -0.622674    -17.395471
18
Coordinates from ORCA-job enducts_optfreq_6 E -475.548292395447
  C       0.632481      0.714222      4.603708
  C      -0.046639      1.311562      3.504025
  C       0.020122      0.744175      2.244415
  C       0.770039     -0.440087      2.043133
  C       1.450978     -1.048795      3.121166
  C       1.384427     -0.482298      4.379715
  C       0.558066      1.301125      5.966480
  H       1.557796      1.350775      6.433590
  H      -0.039192      0.640516      6.628014
  H       0.096572      2.297401      5.974753
  H      -0.620733      2.226063      3.669168
  H      -0.501289      1.203573      1.401894
  H       0.821610     -0.884844      1.046169
  H       2.026402     -1.961651      2.953900
  H       1.908277     -0.943049      5.220917
  N      -2.962578     -2.698270    -17.013791
  O      -2.291428     -1.834853    -16.704541
  O      -3.018384     -0.624938    -17.400635
18
Coordinates from ORCA-job enducts_optfreq_6 E -475.548291316762
  C       0.632015      0.712596      4.605263
  C      -0.044805      1.315017      3.506966
  C       0.022492      0.752068      2.245430
  C       0.770465     -0.432880      2.040762
  C       1.449437     -1.046435      3.117278
  C       1.382360     -0.484296      4.377764
  C       0.557378      1.294815      5.970017
  H       1.557564      1.345031      6.436230
  H      -0.037624      0.630774      6.630076
  H       0.094100      2.290207      5.981954
  H      -0.617426      2.229934      3.674849
  H      -0.496678      1.215581      1.403789
  H       0.821839     -0.874274      1.042245
  H       2.023709     -1.959532      2.947406
  H       1.904558     -0.948889      5.217896
  N      -2.962474     -2.701905    -17.003641
  O      -2.288758     -1.835081    -16.710039
  O      -3.021623     -0.632103    -17.412165
18
Coordinates from ORCA-job enducts_optfreq_6 E -475.548291642209
  C       0.631199      0.712062      4.605482
  C      -0.043213      1.316181      3.506659
  C       0.025984      0.754685      2.244564
  C       0.773398     -0.430554      2.039812
  C       1.450047     -1.045818      3.116885
  C       1.381098     -0.485114      4.377886
  C       0.554698      1.292749      5.970759
  H       1.554192      1.341939      6.438564
  H      -0.041496      0.628046      6.629076
  H       0.091719      2.288262      5.983268
  H      -0.615486      2.231351      3.674346
  H      -0.491121      1.219838      1.402565
  H       0.826316     -0.871009      1.040958
  H       2.024044     -1.959117      2.947141
  H       1.901472     -0.950987      5.218437
  N      -2.962797     -2.703058    -17.002250
  O      -2.289317     -1.835342    -16.710479
  O      -3.024208     -0.633486    -17.411594
18
Coordinates from ORCA-job enducts_optfreq_6 E -475.548292288798
  C       0.631939      0.713219      4.604796
  C      -0.045228      1.314016      3.505893
  C       0.022083      0.749737      2.244874
  C       0.770381     -0.435026      2.041251
  C       1.449649     -1.047184      3.118548
  C       1.382605     -0.483740      4.378382
  C       0.557535      1.296799      5.968922
  H       1.557881      1.347961      6.434682
  H      -0.036544      0.632652      6.629735
  H       0.093348      2.291753      5.980414
  H      -0.618383      2.228908      3.672154
  H      -0.497361      1.212693      1.403115
  H       0.822161     -0.878208      1.043617
  H       2.024189     -1.960381      2.950067
  H       1.905027     -0.947114      5.219032
  N      -2.962958     -2.700699    -17.004261
  O      -2.288308     -1.834463    -16.710561
  O      -3.021489     -0.630296    -17.408581
18
Coordinates from ORCA-job enducts_optfreq_6 E -475.548292223460
  C       0.632592      0.713583      4.604711
  C      -0.046473      1.313349      3.506425
  C       0.019132      0.748239      2.245667
  C       0.767552     -0.436356      2.041708
  C       1.448786     -1.047442      3.118385
  C       1.383466     -0.483182      4.377933
  C       0.559986      1.298009      5.968572
  H       1.561098      1.350427      6.432565
  H      -0.032254      0.633676      6.630853
  H       0.094862      2.292521      5.980240
  H      -0.619818      2.228096      3.672845
  H      -0.501916      1.210430      1.404459
  H       0.817996     -0.880428      1.044365
  H       2.023457     -1.960511      2.949680
  H       1.907382     -0.945742      5.218102
  N      -2.962868     -2.699937    -17.003930
  O      -2.286943     -1.834317    -16.711310
  O      -3.019508     -0.629788    -17.409192
18
Coordinates from ORCA-job enducts_optfreq_6 E -475.548292250069
  C       0.632401      0.713314      4.604826
  C      -0.045940      1.313902      3.506535
  C       0.020140      0.749487      2.245489
  C       0.768285     -0.435233      2.041260
  C       1.448861     -1.047082      3.117921
  C       1.383071     -0.483516      4.377754
  C       0.559255      1.297002      5.968975
  H       1.560130      1.348843      6.433542
  H      -0.033555      0.632480      6.630559
  H       0.094428      2.291649      5.980944
  H      -0.619076      2.228739      3.673176
  H      -0.500320      1.212315      1.404266
  H       0.819092     -0.878783      1.043683
  H       2.023398     -1.960190      2.948963
  H       1.906456     -0.946680      5.217920
  N      -2.962747     -2.700536    -17.003688
  O      -2.287034     -1.834666    -16.711263
  O      -3.020317     -0.630416    -17.408783
