18
Coordinates from ORCA-job enducts_optfreq_6
  C   0.63240129853138      0.71331357437277      4.60482577155671
  C   -0.04593994693088      1.31390154823727      3.50653514622370
  C   0.02013988461497      0.74948668971076      2.24548924286659
  C   0.76828460966501     -0.43523300335255      2.04126032202376
  C   1.44886109097299     -1.04708233483672      3.11792104472769
  C   1.38307073347227     -0.48351617293313      4.37775439108802
  C   0.55925522913729      1.29700165007737      5.96897536183661
  H   1.56012954536336      1.34884257927131      6.43354187395845
  H   -0.03355480029753      0.63248017920358      6.63055906976965
  H   0.09442784093940      2.29164868676863      5.98094355447293
  H   -0.61907570141481      2.22873908352701      3.67317629297859
  H   -0.50032030712468      1.21231513174405      1.40426586462065
  H   0.81909221139743     -0.87878280021404      1.04368288242077
  H   2.02339807655299     -1.96018961410742      2.94896311445516
  H   1.90645624199069     -0.94668028022859      5.21791967078290
  N   -2.96274671953706     -2.70053582946935    -17.00368760346414
  O   -2.28703365653763     -1.83466554184319    -16.71126344377631
  O   -3.02031726724629     -0.63041612959772    -17.40878334198576
