18
Coordinates from ORCA-job educts_optfreq_4
  C   0.44258839179760      0.57131323203787      3.44519998337857
  C   -0.22591043122698      1.20361856098884      2.35902973608921
  C   -0.18573826667829      0.65153890423122      1.09153096684281
  C   0.52797319586849     -0.55147997460816      0.86797352229176
  C   1.19643274831608     -1.19609515180021      1.93291887196247
  C   1.15598445716822     -0.64509532339265      3.19921543166711
  C   0.40131206834911      1.14299947005267      4.81543962898439
  H   1.41742322194523      1.20779086419913      5.24577276648342
  H   -0.15621102867741      0.46415094977154      5.49213619269816
  H   -0.07383131103056      2.13200316198605      4.84926609471892
  H   -0.77065226255027      2.13289182282876      2.54009557537169
  H   -0.69951731279755      1.13815158311591      0.26009772968568
  H   0.55921879451707     -0.98456176303871     -0.13452475449592
  H   1.74228902418790     -2.12398765253056      1.75011660980430
  H   1.67053526022174     -1.13320393802821      4.03072307993694
  N   -2.31817532509503     -2.32040762533373    -13.50925417081270
  O   -2.13975939026047     -1.22886114851251    -13.23968068255069
  O   -2.22484183405488     -0.55170597196724    -14.64779658205603
