18
Coordinates from ORCA-job educts_optfreq_4 E -475.545852999808
  C       0.377596      0.512384      3.038155
  C      -0.272255      1.220659      1.986294
  C      -0.260042      0.724891      0.695112
  C       0.394072     -0.498838      0.413238
  C       1.040166     -1.218850      1.445010
  C       1.035927     -0.721610      2.733570
  C       0.381074      1.031291      4.428233
  H       1.417627      1.187578      4.786677
  H      -0.035149      0.275141      5.122849
  H      -0.182396      1.966500      4.540153
  H      -0.783955      2.157690      2.216333
  H      -0.754237      1.275477     -0.109439
  H       0.399572     -0.886235     -0.610173
  H       1.536715     -2.163813      1.214547
  H       1.540004     -1.266434      3.535618
  N      -1.627596     -2.115321    -11.262466
  O      -1.855216     -1.006255    -11.165976
  O      -2.032791     -0.565192    -12.659476
18
Coordinates from ORCA-job educts_optfreq_4 E -475.545928773082
  C       0.378057      0.513506      3.049667
  C      -0.269707      1.220320      1.996194
  C      -0.257824      0.722726      0.705834
  C       0.399040     -0.500049      0.426095
  C       1.045627     -1.217919      1.458272
  C       1.037688     -0.720361      2.746708
  C       0.379822      1.033379      4.439722
  H       1.416975      1.190745      4.795579
  H      -0.039157      0.279515      5.134546
  H      -0.181234      1.970270      4.548121
  H      -0.776692      2.160742      2.223061
  H      -0.752828      1.269581     -0.099644
  H       0.405136     -0.889098     -0.595189
  H       1.546124     -2.161192      1.229800
  H       1.537436     -1.265723      3.551178
  N      -1.640780     -2.118236    -11.322356
  O      -1.866167     -1.007981    -11.222520
  O      -2.042397     -0.571166    -12.716809
18
Coordinates from ORCA-job educts_optfreq_4 E -475.545986624612
  C       0.378159      0.515280      3.060966
  C      -0.265786      1.219167      2.004130
  C      -0.252862      0.718068      0.715188
  C       0.407358     -0.504292      0.440087
  C       1.053484     -1.218435      1.474181
  C       1.039235     -0.719187      2.762079
  C       0.375826      1.037146      4.451005
  H       1.413640      1.196445      4.803811
  H      -0.048101      0.286937      5.145925
  H      -0.181977      1.976747      4.553082
  H      -0.770057      2.162357      2.225937
  H      -0.748771      1.259143     -0.093320
  H       0.415856     -0.896846     -0.579613
  H       1.559683     -2.159684      1.250175
  H       1.533593     -1.263529      3.570618
  N      -1.659728     -2.118212    -11.384231
  O      -1.877541     -1.005867    -11.278526
  O      -2.052892     -0.576178    -12.773236
18
Coordinates from ORCA-job educts_optfreq_4 E -475.546022069363
  C       0.379199      0.516939      3.072289
  C      -0.263541      1.218860      2.013560
  C      -0.248237      0.715932      0.725316
  C       0.412853     -0.506719      0.453003
  C       1.057462     -1.219186      1.489126
  C       1.041273     -0.717761      2.776235
  C       0.375133      1.040915      4.461735
  H       1.412713      1.201620      4.814588
  H      -0.049481      0.291810      5.157317
  H      -0.183005      1.980640      4.561371
  H      -0.769593      2.161608      2.233209
  H      -0.743200      1.255286     -0.085089
  H       0.423269     -0.900842     -0.566298
  H       1.564371     -2.160680      1.267737
  H       1.535162     -1.260138      3.586373
  N      -1.675361     -2.121538    -11.443497
  O      -1.887032     -1.007966    -11.337104
  O      -2.062864     -0.579720    -12.831612
18
Coordinates from ORCA-job educts_optfreq_4 E -475.546056664578
  C       0.379468      0.519038      3.083026
  C      -0.260976      1.217056      2.020526
  C      -0.240568      0.710492      0.733718
  C       0.422070     -0.512716      0.466965
  C       1.063427     -1.221853      1.507308
  C       1.043455     -0.716073      2.792748
  C       0.371759      1.047312      4.471073
  H       1.408510      1.210897      4.824990
  H      -0.053517      0.299904      5.167997
  H      -0.187874      1.986661      4.566323
  H      -0.770153      2.159113      2.235840
  H      -0.732857      1.247077     -0.080305
  H       0.436528     -0.909639     -0.551420
  H       1.571060     -2.164142      1.290981
  H       1.536310     -1.254737      3.605973
  N      -1.695975     -2.122647    -11.502875
  O      -1.896702     -1.007020    -11.395449
  O      -2.074845     -0.579664    -12.889160
18
Coordinates from ORCA-job educts_optfreq_4 E -475.546090636213
  C       0.379963      0.521060      3.093770
  C      -0.258106      1.215593      2.027637
  C      -0.233174      0.705501      0.742283
  C       0.430921     -0.518086      0.480762
  C       1.069415     -1.223986      1.525030
  C       1.045645     -0.714406      2.808917
  C       0.368379      1.053277      4.480329
  H       1.404050      1.219409      4.836196
  H      -0.057290      0.307138      5.178384
  H      -0.193015      1.991962      4.571739
  H      -0.769106      2.157590      2.238797
  H      -0.722873      1.239766     -0.074858
  H       0.448919     -0.917595     -0.536576
  H       1.577690     -2.166930      1.313090
  H       1.536888     -1.250167      3.625025
  N      -1.714609     -2.124381    -11.561590
  O      -1.907021     -1.007265    -11.453875
  O      -2.087557     -0.579421    -12.946801
18
Coordinates from ORCA-job educts_optfreq_4 E -475.546124691711
  C       0.378966      0.523860      3.103316
  C      -0.253510      1.211459      2.029488
  C      -0.219654      0.694020      0.747251
  C       0.447479     -0.530248      0.496668
  C       1.080147     -1.229360      1.548956
  C       1.047919     -0.712367      2.829688
  C       0.358804      1.064035      4.486704
  H       1.392114      1.235159      4.847055
  H      -0.068064      0.320570      5.186884
  H      -0.205904      2.001474      4.570049
  H      -0.767055      2.153973      2.231890
  H      -0.704295      1.223387     -0.076047
  H       0.472544     -0.935286     -0.518326
  H       1.590259     -2.173253      1.345820
  H       1.534851     -1.242759      3.651862
  N      -1.740870     -2.121505    -11.619972
  O      -1.919463     -1.002118    -11.510978
  O      -2.105148     -0.571983    -13.002048
18
Coordinates from ORCA-job educts_optfreq_4 E -475.546158589363
  C       0.378086      0.526604      3.112799
  C      -0.248213      1.207366      2.031004
  C      -0.205778      0.682479      0.752048
  C       0.464385     -0.542341      0.512714
  C       1.091295     -1.234504      1.573008
  C       1.050072     -0.710413      2.850550
  C       0.348614      1.074712      4.492779
  H       1.379344      1.250556      4.858304
  H      -0.079841      0.334019      5.194946
  H      -0.219089      2.011018      4.567830
  H      -0.763343      2.150871      2.224529
  H      -0.685783      1.206765     -0.077137
  H       0.496150     -0.953245     -0.499650
  H       1.603785     -2.178900      1.378371
  H       1.531876     -1.235931      3.678857
  N      -1.765539     -2.118519    -11.677929
  O      -1.933359     -0.997565    -11.567753
  O      -2.123542     -0.563916    -13.057011
18
Coordinates from ORCA-job educts_optfreq_4 E -475.546191588549
  C       0.377672      0.528987      3.122691
  C      -0.243167      1.204068      2.034130
  C      -0.193886      0.672978      0.757977
  C       0.478733     -0.552257      0.528250
  C       1.100864     -1.238600      1.595139
  C       1.051966     -0.708730      2.869989
  C       0.340341      1.083836      4.499682
  H       1.368995      1.263288      4.869411
  H      -0.089980      0.345880      5.203561
  H      -0.229128      2.019615      4.567453
  H      -0.759242      2.148551      2.220284
  H      -0.670375      1.192763     -0.076011
  H       0.515990     -0.968267     -0.481758
  H       1.615762     -2.183082      1.407432
  H       1.529210     -1.230320      3.703411
  N      -1.784829     -2.116509    -11.736376
  O      -1.948420     -0.995134    -11.624552
  O      -2.141387     -0.558008    -13.112454
18
Coordinates from ORCA-job educts_optfreq_4 E -475.546223759565
  C       0.377671      0.531113      3.132905
  C      -0.238818      1.201419      2.038880
  C      -0.183842      0.665362      0.765023
  C       0.490769     -0.560188      0.543218
  C       1.108846     -1.241842      1.615479
  C       1.053835     -0.707134      2.888049
  C       0.334080      1.091582      4.507423
  H       1.361158      1.273894      4.880216
  H      -0.098080      0.356158      5.212769
  H      -0.236423      2.027169      4.568998
  H      -0.756087      2.146409      2.219118
  H      -0.657461      1.181316     -0.072972
  H       0.532629     -0.980431     -0.464854
  H       1.625626     -2.186419      1.433537
  H       1.527577     -1.225271      3.725618
  N      -1.801582     -2.115594    -11.795182
  O      -1.963203     -0.994165    -11.681472
  O      -2.157577     -0.554318    -13.168493
18
Coordinates from ORCA-job educts_optfreq_4 E -475.546255360891
  C       0.378229      0.532935      3.143528
  C      -0.235281      1.199776      2.045669
  C      -0.176151      0.660241      0.773458
  C       0.499829     -0.565527      0.557317
  C       1.114948     -1.243881      1.633408
  C       1.055731     -0.705640      2.904300
  C       0.330292      1.097496      4.516249
  H       1.356280      1.281661      4.891164
  H      -0.103431      0.364054      5.222658
  H      -0.240703      2.033082      4.573296
  H      -0.753654      2.144942      2.221789
  H      -0.647589      1.173473     -0.067447
  H       0.545063     -0.988786     -0.449344
  H       1.632886     -2.188611      1.455608
  H       1.527181     -1.221154      3.744778
  N      -1.815320     -2.116424    -11.854147
  O      -1.977418     -0.995311    -11.738682
  O      -2.171770     -0.553267    -13.225339
18
Coordinates from ORCA-job educts_optfreq_4 E -475.546286525710
  C       0.379119      0.534602      3.154367
  C      -0.232212      1.198750      2.053632
  C      -0.169831      0.656565      0.782697
  C       0.507170     -0.569363      0.570878
  C       1.120003     -1.245188      1.649899
  C       1.057667     -0.704181      2.919472
  C       0.327922      1.102327      4.525708
  H       1.353080      1.287646      4.902322
  H      -0.107312      0.370534      5.232870
  H      -0.243238      2.038031      4.579218
  H      -0.751550      2.143961      2.226642
  H      -0.639456      1.167739     -0.060484
  H       0.555058     -0.994927     -0.434690
  H       1.638673     -2.190116      1.475311
  H       1.527490     -1.217575      3.762156
  N      -1.827238     -2.118308    -11.913272
  O      -1.991514     -0.997796    -11.795914
  O      -2.184711     -0.553643    -13.282552
18
Coordinates from ORCA-job educts_optfreq_4 E -475.546317281440
  C       0.380352      0.536156      3.165411
  C      -0.229503      1.198365      2.062676
  C      -0.164827      0.654248      0.792679
  C       0.512875     -0.571792      0.583902
  C       1.124126     -1.245773      1.664998
  C       1.059646     -0.702757      2.933609
  C       0.326867      1.106129      4.535769
  H       1.351401      1.291853      4.913844
  H      -0.109859      0.375622      5.243340
  H      -0.244171      2.042056      4.586728
  H      -0.749510      2.143610      2.233467
  H      -0.633093      1.163979     -0.052137
  H       0.562641     -0.998998     -0.420873
  H       1.643224     -2.190888      1.492710
  H       1.528363     -1.214600      3.777849
  N      -1.837316     -2.121246    -11.972541
  O      -2.005515     -1.001638    -11.853155
  O      -2.196581     -0.555266    -13.340017
18
Coordinates from ORCA-job educts_optfreq_4 E -475.546347678962
  C       0.381799      0.537683      3.176560
  C      -0.227000      1.198354      2.072332
  C      -0.160646      0.652666      0.803092
  C       0.517600     -0.573451      0.596611
  C       1.127737     -1.245931      1.679272
  C       1.061675     -0.701325      2.947125
  C       0.326600      1.109360      4.546169
  H       1.350623      1.294904      4.925656
  H      -0.111742      0.379954      5.253895
  H      -0.244062      2.045623      4.595148
  H      -0.747469      2.143658      2.241363
  H      -0.627922      1.161256     -0.042961
  H       0.568726     -1.001925     -0.407556
  H       1.647176     -2.191186      1.508776
  H       1.529585     -1.211944      3.792552
  N      -1.846342     -2.124843    -12.032008
  O      -2.019502     -1.006357    -11.910306
  O      -2.207717     -0.557436    -13.397460
18
Coordinates from ORCA-job educts_optfreq_4 E -475.546377763567
  C       0.383427      0.539204      3.187795
  C      -0.224674      1.198607      2.082458
  C      -0.157170      0.651602      0.813839
  C       0.521530     -0.574553      0.609087
  C       1.130976     -1.245760      1.692904
  C       1.063776     -0.699873      2.960153
  C       0.326966      1.112177      4.556820
  H       1.350567      1.297099      4.937679
  H      -0.113043      0.383722      5.264527
  H      -0.243125      2.048866      4.604271
  H      -0.745455      2.143989      2.250059
  H      -0.623852      1.159244     -0.033114
  H       0.573542     -1.004002     -0.394616
  H       1.650761     -2.191076      1.523804
  H       1.531131     -1.209517      3.806475
  N      -1.855024     -2.129036    -12.091560
  O      -2.033035     -1.011678    -11.967496
  O      -2.218177     -0.559956    -13.454823
18
Coordinates from ORCA-job educts_optfreq_4 E -475.546407594396
  C       0.385001      0.540818      3.198932
  C      -0.222353      1.198632      2.092296
  C      -0.153538      0.650046      0.824420
  C       0.525772     -0.576130      0.621717
  C       1.134491     -1.245762      1.706876
  C       1.065972     -0.698319      2.973395
  C       0.327098      1.115338      4.567262
  H       1.350226      1.299467      4.949690
  H      -0.114944      0.388057      5.274948
  H      -0.242213      2.052594      4.612879
  H      -0.743591      2.144065      2.258171
  H      -0.619655      1.156484     -0.023568
  H       0.578774     -1.006727     -0.381454
  H       1.654792     -2.191096      1.539465
  H       1.532753     -1.206743      3.820767
  N      -1.864432     -2.133149    -12.151387
  O      -2.046530     -1.016859    -12.024475
  O      -2.228503     -0.561655    -13.511675
18
Coordinates from ORCA-job educts_optfreq_4 E -475.546437196986
  C       0.386762      0.542390      3.210158
  C      -0.220275      1.198845      2.102588
  C      -0.150683      0.648950      0.835314
  C       0.529175     -0.577186      0.634142
  C       1.137625     -1.245468      1.720245
  C       1.068266     -0.696758      2.986176
  C       0.327880      1.118137      4.577919
  H       1.350650      1.301145      4.961763
  H      -0.116130      0.391925      5.285522
  H      -0.240453      2.056052      4.622104
  H      -0.741863      2.144317      2.267135
  H      -0.616620      1.154376     -0.013375
  H       0.582708     -1.008678     -0.368602
  H       1.658413     -2.190755      1.554087
  H       1.534788     -1.204184      3.834292
  N      -1.873728     -2.137903    -12.211199
  O      -2.059092     -1.022520    -12.081640
  O      -2.238302     -0.563625    -13.568368
18
Coordinates from ORCA-job educts_optfreq_4 E -475.546466674398
  C       0.388104      0.544252      3.220926
  C      -0.217952      1.197995      2.111292
  C      -0.146303      0.645583      0.845210
  C       0.534676     -0.580516      0.647373
  C       1.142127     -1.246175      1.735597
  C       1.070746     -0.694896      3.000320
  C       0.327025      1.122609      4.587526
  H       1.349133      1.304482      4.973555
  H      -0.120161      0.398423      5.295244
  H      -0.239913      2.061515      4.628652
  H      -0.740496      2.143405      2.273145
  H      -0.611485      1.148955     -0.005118
  H       0.589800     -1.013914     -0.354503
  H       1.663830     -2.191431      1.572157
  H       1.536575     -1.200202      3.850083
  N      -1.885004     -2.141502    -12.271919
  O      -2.072859     -1.027111    -12.137828
  O      -2.248723     -0.562412    -13.623451
18
Coordinates from ORCA-job educts_optfreq_4 E -475.546496057828
  C       0.390020      0.545922      3.232028
  C      -0.216308      1.197927      2.121559
  C      -0.144231      0.644007      0.856154
  C       0.537532     -0.581920      0.659849
  C       1.145284     -1.245883      1.748907
  C       1.073419     -0.693104      3.012953
  C       0.328245      1.125718      4.597975
  H       1.350062      1.305566      4.985604
  H      -0.121774      0.403093      5.305560
  H      -0.236872      2.065790      4.637444
  H      -0.739395      2.143258      2.282122
  H      -0.609681      1.146095      0.005219
  H       0.592902     -1.016377     -0.341538
  H       1.667647     -2.190987      1.586710
  H       1.539466     -1.197115      3.863369
  N      -1.894930     -2.146928    -12.332629
  O      -2.084544     -1.033331    -12.194515
  O      -2.257722     -0.562672    -13.678509
18
Coordinates from ORCA-job educts_optfreq_4 E -475.546526816508
  C       0.391420      0.548820      3.241300
  C      -0.215057      1.194136      2.127032
  C      -0.140294      0.634515      0.864281
  C       0.544509     -0.590812      0.674633
  C       1.152373     -1.248344      1.767504
  C       1.077768     -0.689750      3.028840
  C       0.326143      1.134585      4.604515
  H       1.346758      1.309168      4.997378
  H      -0.132848      0.417569      5.312223
  H      -0.233488      2.078193      4.637255
  H      -0.740479      2.139033      2.282500
  H      -0.605947      1.131673      0.010586
  H       0.601954     -1.029648     -0.324693
  H       1.677161     -2.192966      1.610420
  H       1.544032     -1.188691      3.882128
  N      -1.910242     -2.151394    -12.398217
  O      -2.098655     -1.039231    -12.246331
  O      -2.265989     -0.547798    -13.723094
18
Coordinates from ORCA-job educts_optfreq_4 E -475.546560250662
  C       0.394172      0.553311      3.247681
  C      -0.217844      1.186430      2.129381
  C      -0.143053      0.617099      0.870999
  C       0.547640     -0.606291      0.690032
  C       1.160908     -1.252055      1.786929
  C       1.086126     -0.683599      3.043830
  C       0.326965      1.148959      4.606458
  H       1.346054      1.306551      5.009459
  H      -0.153409      0.444496      5.313086
  H      -0.216845      2.102077      4.628213
  H      -0.747433      2.130047      2.278415
  H      -0.612973      1.105278      0.014519
  H       0.605289     -1.052582     -0.305873
  H       1.690282     -2.195166      1.636347
  H       1.556839     -1.173240      3.900071
  N      -1.923608     -2.160513    -12.474420
  O      -2.113746     -1.053736    -12.285685
  O      -2.266244     -0.508007    -13.741184
18
Coordinates from ORCA-job educts_optfreq_4 E -475.546591711193
  C       0.397141      0.557682      3.254035
  C      -0.220865      1.179016      2.132350
  C      -0.146717      0.600473      0.878159
  C       0.549705     -0.620868      0.705027
  C       1.168830     -1.255271      1.805298
  C       1.094492     -0.677467      3.057940
  C       0.328625      1.162630      4.608562
  H       1.345843      1.302876      5.021713
  H      -0.172944      0.470932      5.313589
  H      -0.198853      2.125050      4.619944
  H      -0.754453      2.121287      2.275596
  H      -0.621325      1.080007      0.019439
  H       0.606931     -1.074221     -0.287611
  H       1.702661     -2.196774      1.660556
  H       1.569996     -1.158152      3.916618
  N      -1.936571     -2.169395    -12.550699
  O      -2.127550     -1.069022    -12.325262
  O      -2.265825     -0.469724    -13.756993
18
Coordinates from ORCA-job educts_optfreq_4 E -475.546619466576
  C       0.400697      0.557275      3.267865
  C      -0.220380      1.185335      2.151671
  C      -0.151718      0.612676      0.894495
  C       0.541912     -0.608913      0.712557
  C       1.164179     -1.249638      1.807350
  C       1.095422     -0.677938      3.063113
  C       0.338358      1.155591      4.625696
  H       1.357468      1.295925      5.034132
  H      -0.158032      0.459498      5.330010
  H      -0.191238      2.116721      4.644510
  H      -0.751604      2.127900      2.301460
  H      -0.628350      1.097070      0.039607
  H       0.595030     -1.057502     -0.282471
  H       1.695768     -2.191375      1.656000
  H       1.573173     -1.163603      3.917720
  N      -1.933213     -2.179018    -12.605158
  O      -2.135655     -1.079623    -12.386117
  O      -2.272696     -0.491322    -13.824179
18
Coordinates from ORCA-job educts_optfreq_4 E -475.546647914989
  C       0.403961      0.558119      3.280026
  C      -0.220292      1.188076      2.166682
  C      -0.155271      0.617304      0.908470
  C       0.537685     -0.604028      0.722497
  C       1.163114     -1.246483      1.814465
  C       1.098058     -0.676770      3.071331
  C       0.345280      1.154080      4.639088
  H       1.365140      1.290852      5.046682
  H      -0.152238      0.457848      5.342545
  H      -0.182278      2.116273      4.660518
  H      -0.750858      2.130516      2.319493
  H      -0.634164      1.103021      0.055586
  H       0.588062     -1.051078     -0.273389
  H       1.694117     -2.188058      1.660073
  H       1.578219     -1.163781      3.923813
  N      -1.935031     -2.187803    -12.665947
  O      -2.145853     -1.090768    -12.443231
  O      -2.278530     -0.498259    -13.880443
18
Coordinates from ORCA-job educts_optfreq_4 E -475.546676458070
  C       0.406938      0.559395      3.291569
  C      -0.220023      1.189503      2.179833
  C      -0.157476      0.619115      0.921329
  C       0.535557     -0.601846      0.733384
  C       1.163669     -1.244361      1.823776
  C       1.101159     -0.675080      3.080971
  C       0.350510      1.154625      4.651075
  H       1.370603      1.287225      5.059239
  H      -0.149986      0.459570      5.353690
  H      -0.174083      2.118425      4.673242
  H      -0.750603      2.131689      2.334128
  H      -0.638347      1.104856      0.069563
  H       0.584028     -1.048622     -0.262744
  H       1.694684     -2.185686      1.667892
  H       1.583415     -1.162112      3.932252
  N      -1.940133     -2.195891    -12.728171
  O      -2.156796     -1.101312    -12.499154
  O      -2.283996     -0.500434    -13.933616
18
Coordinates from ORCA-job educts_optfreq_4 E -475.546704768766
  C       0.409856      0.560731      3.303011
  C      -0.219647      1.190727      2.192642
  C      -0.159337      0.620497      0.933960
  C       0.533870     -0.600094      0.744424
  C       1.164513     -1.242418      1.833472
  C       1.104294     -0.673330      3.090869
  C       0.355370      1.155490      4.662823
  H       1.375579      1.283846      5.071838
  H      -0.148411      0.461837      5.364588
  H      -0.166102      2.120980      4.685397
  H      -0.750350      2.132642      2.348150
  H      -0.642108      1.106072      0.083165
  H       0.580600     -1.046814     -0.251831
  H       1.695646     -2.183474      1.676356
  H       1.588539     -1.160191      3.941115
  N      -1.945663     -2.203791    -12.790571
  O      -2.168025     -1.111821    -12.554857
  O      -2.289503     -0.501831    -13.986294
18
Coordinates from ORCA-job educts_optfreq_4 E -475.546732797991
  C       0.412835      0.562056      3.314452
  C      -0.219335      1.191990      2.205555
  C      -0.161403      0.622006      0.946651
  C       0.531972     -0.598194      0.755383
  C       1.165281     -1.240378      1.842973
  C       1.107486     -0.671562      3.100608
  C       0.360386      1.156245      4.674610
  H       1.380702      1.280117      5.084518
  H      -0.146839      0.464059      5.375457
  H      -0.157763      2.123520      4.697658
  H      -0.750165      2.133612      2.362388
  H      -0.646199      1.107462      0.096931
  H       0.576826     -1.044812     -0.241018
  H       1.696545     -2.181135      1.684501
  H       1.593827     -1.158297      3.949725
  N      -1.951096     -2.211876    -12.853081
  O      -2.179286     -1.122692    -12.610419
  O      -2.294654     -0.503059    -14.038634
18
Coordinates from ORCA-job educts_optfreq_4 E -475.546760490778
  C       0.415957      0.563315      3.325958
  C      -0.219179      1.193465      2.218867
  C      -0.164030      0.624030      0.959591
  C       0.529415     -0.595756      0.766104
  C       1.165703     -1.238069      1.851889
  C       1.110721     -0.669821      3.109909
  C       0.365918      1.156599      4.686615
  H       1.386409      1.275629      5.097294
  H      -0.144811      0.465843      5.386448
  H      -0.148667      2.125763      4.710470
  H      -0.750062      2.134773      2.377404
  H      -0.651103      1.109589      0.111223
  H       0.572075     -1.042034     -0.230557
  H       1.697033     -2.178495      1.691674
  H       1.599399     -1.156650      3.957626
  N      -1.955762     -2.220341    -12.915673
  O      -2.190523     -1.134243    -12.665880
  O      -2.299372     -0.504538    -14.090704
18
Coordinates from ORCA-job educts_optfreq_4 E -475.546787776598
  C       0.419220      0.564479      3.337563
  C      -0.219153      1.195233      2.232665
  C      -0.167196      0.626741      0.972824
  C       0.526174     -0.592613      0.776536
  C       1.165715     -1.235429      1.860121
  C       1.113957     -0.668143      3.118713
  C       0.371988      1.156418      4.698918
  H       1.392742      1.270366      5.110159
  H      -0.142148      0.466944      5.397641
  H      -0.138918      2.127503      4.724015
  H      -0.749983      2.136207      2.393355
  H      -0.656769      1.112702      0.126118
  H       0.566310     -1.038245     -0.220532
  H       1.697000     -2.175506      1.697710
  H       1.605187     -1.155364      3.964724
  N      -1.959627     -2.229182    -12.978166
  O      -2.201775     -1.146447    -12.721327
  O      -2.303606     -0.506606    -14.142776
18
Coordinates from ORCA-job educts_optfreq_4 E -475.546814646131
  C       0.422652      0.565553      3.349243
  C      -0.219313      1.197282      2.246968
  C      -0.171036      0.630125      0.986376
  C       0.522123     -0.588764      0.786661
  C       1.165279     -1.232441      1.867605
  C       1.117227     -0.666508      3.126954
  C       0.378697      1.155706      4.711494
  H       1.399803      1.264181      5.123104
  H      -0.138862      0.467432      5.408999
  H      -0.128293      2.128805      4.738270
  H      -0.749981      2.137895      2.410295
  H      -0.663392      1.116779      0.141674
  H       0.559359     -1.033431     -0.210962
  H       1.696416     -2.172135      1.702510
  H       1.611290     -1.154407      3.970917
  N      -1.962482     -2.238456    -13.040680
  O      -2.213096     -1.159487    -12.776643
  O      -2.307271     -0.509069    -14.194525
18
Coordinates from ORCA-job educts_optfreq_4 E -475.546841059780
  C       0.426267      0.566536      3.360982
  C      -0.219679      1.199609      2.261784
  C      -0.175605      0.634182      1.000259
  C       0.517201     -0.584204      0.796470
  C       1.164362     -1.229096      1.874310
  C       1.120534     -0.664910      3.134598
  C       0.386092      1.154460      4.724323
  H       1.407642      1.257020      5.136106
  H      -0.134938      0.467330      5.420504
  H      -0.116702      2.129682      4.753221
  H      -0.750071      2.139829      2.428251
  H      -0.671049      1.121817      0.157921
  H       0.551138     -1.027584     -0.201857
  H       1.695242     -2.168373      1.706028
  H       1.617739     -1.153771      3.976152
  N      -1.964147     -2.248152    -13.103244
  O      -2.224531     -1.173458    -12.831771
  O      -2.310377     -0.511855    -14.245778
18
Coordinates from ORCA-job educts_optfreq_4 E -475.546843432755
  C       0.427590      0.567200      3.359767
  C      -0.222086      1.198198      2.261460
  C      -0.180587      0.631722      1.000315
  C       0.513522     -0.585842      0.796135
  C       1.164427     -1.228756      1.872946
  C       1.123082     -0.663401      3.132775
  C       0.388902      1.155986      4.722711
  H       1.409935      1.250640      5.137363
  H      -0.139571      0.473034      5.417589
  H      -0.106899      2.134841      4.750178
  H      -0.753505      2.137759      2.428491
  H      -0.679166      1.117890      0.158996
  H       0.545297     -1.030152     -0.201744
  H       1.696342     -2.167339      1.704092
  H       1.623297     -1.150755      3.973420
  N      -1.964082     -2.252247    -13.109792
  O      -2.224155     -1.180468    -12.826332
  O      -2.303223     -0.499249    -14.230111
18
Coordinates from ORCA-job educts_optfreq_4 E -475.546843887224
  C       0.427374      0.566865      3.360050
  C      -0.221039      1.198698      2.261382
  C      -0.178660      0.632990      0.999891
  C       0.515180     -0.584686      0.795804
  C       1.164785     -1.228471      1.872955
  C       1.122560     -0.663816      3.133069
  C       0.387489      1.155087      4.723206
  H       1.408298      1.250577      5.138284
  H      -0.140699      0.471532      5.417674
  H      -0.108932      2.133651      4.750782
  H      -0.752457      2.138246      2.428576
  H      -0.676492      1.119762      0.158480
  H       0.547704     -1.028865     -0.202200
  H       1.696456     -2.167165      1.703943
  H       1.621887     -1.151848      3.973847
  N      -1.964090     -2.252158    -13.108386
  O      -2.228069     -1.181125    -12.826826
  O      -2.302177     -0.500214    -14.232272
18
Coordinates from ORCA-job educts_optfreq_4 E -475.546843761457
  C       0.426722      0.565704      3.360810
  C      -0.218844      1.200480      2.262012
  C      -0.174669      0.637634      0.999266
  C       0.518296     -0.580263      0.794222
  C       1.165180     -1.226975      1.871391
  C       1.121083     -0.665061      3.132658
  C       0.384600      1.151485      4.724980
  H       1.405091      1.248371      5.140641
  H      -0.142935      0.466127      5.418055
  H      -0.112949      2.129458      4.753643
  H      -0.749768      2.140130      2.430284
  H      -0.670543      1.126708      0.158024
  H       0.552713     -1.022847     -0.204467
  H       1.696326     -2.165755      1.701208
  H       1.618395     -1.155430      3.973271
  N      -1.963397     -2.252761    -13.103905
  O      -2.239931     -1.184295    -12.827130
  O      -2.296251     -0.503650    -14.236702
18
Coordinates from ORCA-job educts_optfreq_4 E -475.546843643730
  C       0.426883      0.565060      3.360950
  C      -0.218844      1.201880      2.263427
  C      -0.175227      0.641252      0.999676
  C       0.517381     -0.576439      0.792335
  C       1.164432     -1.225184      1.868188
  C       1.120874     -0.665463      3.130447
  C       0.385172      1.148454      4.726172
  H       1.405694      1.243534      5.142136
  H      -0.143362      0.462491      5.417883
  H      -0.111297      2.126928      4.756406
  H      -0.749428      2.141417      2.433417
  H      -0.671180      1.131961      0.159434
  H       0.551438     -1.017294     -0.207129
  H       1.695251     -2.163830      1.696254
  H       1.618297     -1.157459      3.970045
  N      -1.961709     -2.255071    -13.101908
  O      -2.246628     -1.188979    -12.825157
  O      -2.288628     -0.504198    -14.234317
18
Coordinates from ORCA-job educts_optfreq_4 E -475.546856455098
  C       0.429398      0.569910      3.365158
  C      -0.222485      1.192778      2.263148
  C      -0.181880      0.618782      1.005355
  C       0.514062     -0.598900      0.808749
  C       1.167064     -1.234091      1.889133
  C       1.126336     -0.660927      3.145395
  C       0.390506      1.167833      4.723985
  H       1.411466      1.264494      5.138406
  H      -0.139018      0.490307      5.423393
  H      -0.103770      2.147657      4.744700
  H      -0.755319      2.132408      2.425408
  H      -0.682892      1.098847      0.162000
  H       0.545404     -1.050382     -0.185770
  H       1.700507     -2.172639      1.725004
  H       1.628494     -1.142223      3.988378
  N      -1.970552     -2.248595    -13.152230
  O      -2.203930     -1.172298    -12.861411
  O      -2.334271     -0.493902    -14.260541
18
Coordinates from ORCA-job educts_optfreq_4 E -475.546859263045
  C       0.428863      0.571441      3.365433
  C      -0.222473      1.189366      2.260429
  C      -0.179709      0.610361      1.005035
  C       0.517571     -0.607397      0.813744
  C       1.170131     -1.237575      1.897252
  C       1.127464     -0.659493      3.151217
  C       0.388219      1.174631      4.721922
  H       1.408451      1.272284      5.137776
  H      -0.142919      0.499989      5.422912
  H      -0.105935      2.154599      4.738106
  H      -0.756284      2.129192      2.418171
  H      -0.679765      1.086837      0.159088
  H       0.550729     -1.062444     -0.179363
  H       1.704527     -2.176356      1.737587
  H       1.629254     -1.136873      3.996632
  N      -1.978961     -2.245865    -13.164231
  O      -2.193370     -1.166462    -12.869325
  O      -2.346675     -0.487176    -14.264125
18
Coordinates from ORCA-job educts_optfreq_4 E -475.546880966535
  C       0.433645      0.574876      3.372662
  C      -0.226192      1.184753      2.267907
  C      -0.187874      0.600607      1.014758
  C       0.513941     -0.614820      0.825867
  C       1.174667     -1.237551      1.908903
  C       1.136229     -0.653988      3.160428
  C       0.394131      1.182987      4.726902
  H       1.411854      1.261185      5.152066
  H      -0.158197      0.521272      5.424319
  H      -0.081444      2.172260      4.736026
  H      -0.763447      2.122873      2.424379
  H      -0.695040      1.071119      0.169748
  H       0.543083     -1.074633     -0.164738
  H       1.712368     -2.174640      1.750468
  H       1.644663     -1.125542      4.005152
  N      -1.993850     -2.259260    -13.238710
  O      -2.195105     -1.187161    -12.910426
  O      -2.344313     -0.455278    -14.277447
18
Coordinates from ORCA-job educts_optfreq_4 E -475.546901643513
  C       0.438530      0.575891      3.382344
  C      -0.229617      1.184799      2.281692
  C      -0.197478      0.602889      1.027329
  C       0.507431     -0.609987      0.833552
  C       1.176304     -1.232281      1.912063
  C       1.143476     -0.650446      3.164504
  C       0.402127      1.181612      4.737649
  H       1.418521      1.242668      5.168180
  H      -0.165782      0.527659      5.430168
  H      -0.057709      2.178363      4.746293
  H      -0.768955      2.121001      2.442820
  H      -0.712053      1.072701      0.186552
  H       0.531751     -1.068990     -0.156930
  H       1.716521     -2.167103      1.748993
  H       1.658476     -1.121619      4.005479
  N      -2.010010     -2.276618    -13.304697
  O      -2.212377     -1.212118    -12.954378
  O      -2.320034     -0.439361    -14.303352
18
Coordinates from ORCA-job educts_optfreq_4 E -475.546901639703
  C       0.439922      0.575378      3.382144
  C      -0.234225      1.185739      2.286161
  C      -0.207056      0.606182      1.030654
  C       0.498340     -0.605455      0.830526
  C       1.173671     -1.228634      1.904328
  C       1.146094     -0.649285      3.158124
  C       0.409161      1.177922      4.739092
  H       1.426048      1.231095      5.169133
  H      -0.162829      0.525842      5.430092
  H      -0.044880      2.177304      4.750652
  H      -0.773684      2.121139      2.451362
  H      -0.725666      1.077312      0.193124
  H       0.518671     -1.061645     -0.162055
  H       1.714593     -2.162323      1.737144
  H       1.666041     -1.121184      3.995622
  N      -2.013078     -2.283421    -13.305988
  O      -2.208957     -1.219164    -12.949768
  O      -2.303045     -0.437742    -14.292086
18
Coordinates from ORCA-job educts_optfreq_4 E -475.546901075450
  C       0.439398      0.575624      3.381622
  C      -0.235502      1.184694      2.285618
  C      -0.207258      0.603960      1.030752
  C       0.499374     -0.607049      0.830724
  C       1.175502     -1.228578      1.904782
  C       1.147252     -0.648341      3.158239
  C       0.408417      1.178795      4.738457
  H       1.424824      1.230667      5.169546
  H      -0.165631      0.527937      5.428882
  H      -0.044648      2.178659      4.748928
  H      -0.775915      2.119685      2.449774
  H      -0.725661      1.074089      0.192504
  H       0.520321     -1.063307     -0.162224
  H       1.717333     -2.161965      1.738789
  H       1.667785     -1.118840      3.996133
  N      -2.028151     -2.283926    -13.304473
  O      -2.202532     -1.215131    -12.948845
  O      -2.295789     -0.437913    -14.290945
18
Coordinates from ORCA-job educts_optfreq_4 E -475.546896137551
  C       0.433874      0.577315      3.381045
  C      -0.233297      1.178672      2.276934
  C      -0.190660      0.589387      1.026620
  C       0.520285     -0.621113      0.837839
  C       1.188628     -1.233897      1.921101
  C       1.147766     -0.645941      3.170852
  C       0.392541      1.188311      4.734664
  H       1.406520      1.251740      5.169622
  H      -0.179241      0.536782      5.426080
  H      -0.070534      2.183694      4.736744
  H      -0.777637      2.113237      2.429232
  H      -0.700236      1.053474      0.179425
  H       0.551664     -1.082077     -0.154015
  H       1.733510     -2.167653      1.767336
  H       1.662232     -1.109130      4.016443
  N      -2.104898     -2.273751    -13.296059
  O      -2.172385     -1.185145    -12.959916
  O      -2.289010     -0.444846    -14.315687
18
Coordinates from ORCA-job educts_optfreq_4 E -475.546898709453
  C       0.440077      0.575750      3.381851
  C      -0.239890      1.184011      2.288815
  C      -0.212806      0.603875      1.033741
  C       0.496518     -0.605105      0.829855
  C       1.177715     -1.225217      1.901241
  C       1.151279     -0.645888      3.155240
  C       0.411075      1.176904      4.739797
  H       1.426338      1.220705      5.173872
  H      -0.170330      0.528945      5.427000
  H      -0.036556      2.179257      4.750767
  H      -0.782678      2.117288      2.454602
  H      -0.733925      1.073225      0.196714
  H       0.516434     -1.059284     -0.164206
  H       1.721844     -2.157026      1.733806
  H       1.675814     -1.115002      3.991371
  N      -2.067069     -2.291593    -13.308326
  O      -2.183310     -1.214941    -12.950115
  O      -2.271410     -0.436846    -14.287764
18
Coordinates from ORCA-job educts_optfreq_4 E -475.546899108832
  C       0.440252      0.574912      3.382887
  C      -0.241012      1.185686      2.292107
  C      -0.214868      0.608354      1.035691
  C       0.494495     -0.599949      0.828017
  C       1.176805     -1.222406      1.897274
  C       1.151534     -0.646004      3.152659
  C       0.412911      1.172837      4.742315
  H       1.428919      1.218194      5.174510
  H      -0.165191      0.521672      5.429270
  H      -0.037659      2.173840      4.756802
  H      -0.783916      2.118407      2.460559
  H      -0.736806      1.079423      0.200031
  H       0.513383     -1.051929     -0.167276
  H       1.720834     -2.153797      1.727165
  H       1.676979     -1.116892      3.987214
  N      -2.083588     -2.294253    -13.301652
  O      -2.171322     -1.212058    -12.952086
  O      -2.262632     -0.446977    -14.297226
18
Coordinates from ORCA-job educts_optfreq_4 E -475.546889743785
  C       0.441868      0.567972      3.388955
  C      -0.246159      1.199632      2.314520
  C      -0.228351      0.645239      1.047503
  C       0.478587     -0.559360      0.812269
  C       1.167317     -1.201691      1.865471
  C       1.150815     -0.648675      3.131466
  C       0.425545      1.140726      4.759335
  H       1.446638      1.195206      5.178659
  H      -0.130222      0.466830      5.442746
  H      -0.042928      2.132743      4.799980
  H      -0.787625      2.129154      2.503821
  H      -0.755273      1.131435      0.223383
  H       0.490694     -0.994027     -0.191686
  H       1.709013     -2.130373      1.674260
  H       1.681156     -1.135147      3.953882
  N      -2.166378     -2.308349    -13.253930
  O      -2.108021     -1.209035    -12.957139
  O      -2.207555     -0.513220    -14.345235
18
Coordinates from ORCA-job educts_optfreq_4 E -475.546900794037
  C       0.435745      0.569510      3.387493
  C      -0.235936      1.194014      2.298570
  C      -0.201397      0.630661      1.035875
  C       0.507384     -0.576288      0.819949
  C       1.180056     -1.212132      1.887558
  C       1.146275     -0.650048      3.149187
  C       0.402006      1.153551      4.752787
  H       1.419900      1.222919      5.178149
  H      -0.150963      0.479897      5.438338
  H      -0.075669      2.141539      4.781165
  H      -0.778260      2.125839      2.473532
  H      -0.715967      1.111662      0.201182
  H       0.533201     -1.019379     -0.179668
  H       1.722754     -2.143018      1.710527
  H       1.663862     -1.131598      3.982585
  N      -2.175826     -2.293041    -13.250441
  O      -2.121469     -1.192198    -12.962092
  O      -2.236575     -0.502829    -14.356436
18
Coordinates from ORCA-job educts_optfreq_4 E -475.546905472131
  C       0.432897      0.570156      3.386583
  C      -0.230244      1.191664      2.290649
  C      -0.187136      0.624866      1.029766
  C       0.521805     -0.583560      0.823367
  C       1.186347     -1.216801      1.897748
  C       1.143658     -0.650995      3.157383
  C       0.389544      1.158705      4.749579
  H       1.405598      1.234262      5.178647
  H      -0.163011      0.485057      5.435382
  H      -0.091547      2.145143      4.772055
  H      -0.773130      2.124401      2.459122
  H      -0.695476      1.103907      0.190191
  H       0.555272     -1.029298     -0.174187
  H       1.729910     -2.148372      1.727124
  H       1.654620     -1.130679      3.995944
  N      -2.180002     -2.287000    -13.247828
  O      -2.131164     -1.185679    -12.962997
  O      -2.248821     -0.496716    -14.360267
18
Coordinates from ORCA-job educts_optfreq_4 E -475.546905124230
  C       0.432166      0.569623      3.387329
  C      -0.229002      1.192598      2.291070
  C      -0.184161      0.627250      1.029587
  C       0.524894     -0.581085      0.822962
  C       1.187379     -1.215903      1.897686
  C       1.142812     -0.651560      3.157890
  C       0.387050      1.156675      4.750887
  H       1.403091      1.234882      5.179663
  H      -0.163047      0.480660      5.436283
  H      -0.096676      2.141789      4.774361
  H      -0.771910      2.125274      2.459838
  H      -0.691322      1.107256      0.189895
  H       0.559791     -1.025639     -0.174851
  H       1.730945     -2.147417      1.726759
  H       1.652164     -1.132445      3.996746
  N      -2.192672     -2.285957    -13.243829
  O      -2.125533     -1.184089    -12.965763
  O      -2.246847     -0.502850    -14.368254
18
Coordinates from ORCA-job educts_optfreq_4 E -475.546906431004
  C       0.433884      0.570033      3.387136
  C      -0.231310      1.192362      2.292878
  C      -0.190606      0.626755      1.031395
  C       0.518499     -0.581253      0.822739
  C       1.184864     -1.215573      1.895360
  C       1.144343     -0.650874      3.155540
  C       0.392416      1.157188      4.750732
  H       1.408836      1.229220      5.179519
  H      -0.162026      0.484441      5.435934
  H      -0.085457      2.145165      4.774233
  H      -0.774083      2.124820      2.463328
  H      -0.701138      1.106261      0.193497
  H       0.549780     -1.025855     -0.175033
  H       1.728446     -2.146779      1.722856
  H       1.656864     -1.131293      3.992735
  N      -2.176530     -2.290068    -13.252165
  O      -2.130514     -1.189501    -12.963817
  O      -2.247150     -0.495990    -14.358606
18
Coordinates from ORCA-job educts_optfreq_4 E -475.546906360513
  C       0.436209      0.569962      3.387331
  C      -0.234908      1.193355      2.297307
  C      -0.199989      0.629581      1.034862
  C       0.509256     -0.577492      0.820785
  C       1.181535     -1.212737      1.889094
  C       1.146733     -0.649897      3.150291
  C       0.399967      1.154509      4.752196
  H       1.416692      1.216728      5.181462
  H      -0.160955      0.485107      5.435554
  H      -0.069769      2.146356      4.777683
  H      -0.777629      2.125105      2.471759
  H      -0.715214      1.109904      0.200352
  H       0.535823     -1.020145     -0.178031
  H       1.725292     -2.143101      1.712674
  H       1.663928     -1.131024      3.984195
  N      -2.168440     -2.297023    -13.260645
  O      -2.129725     -1.198799    -12.961323
  O      -2.239686     -0.491330    -14.347288
18
Coordinates from ORCA-job educts_optfreq_4 E -475.546928984212
  C       0.438783      0.569635      3.400025
  C      -0.234464      1.197949      2.314306
  C      -0.201651      0.639992      1.049227
  C       0.508023     -0.565667      0.827997
  C       1.182538     -1.205579      1.891958
  C       1.149562     -0.648740      3.155850
  C       0.404023      1.146983      4.767981
  H       1.420697      1.202902      5.198124
  H      -0.159853      0.475870      5.447307
  H      -0.062109      2.140394      4.798376
  H      -0.777451      2.128533      2.494116
  H      -0.719193      1.123761      0.218226
  H       0.533009     -1.002846     -0.173117
  H       1.726775     -2.134633      1.710189
  H       1.668427     -1.133524      3.986584
  N      -2.202841     -2.308451    -13.314803
  O      -2.123937     -1.212002    -13.017731
  O      -2.231218     -0.505517    -14.406354
18
Coordinates from ORCA-job educts_optfreq_4 E -475.546940207964
  C       0.430583      0.572273      3.407189
  C      -0.216516      1.195003      2.302845
  C      -0.155538      0.628450      1.042365
  C       0.552285     -0.581893      0.845744
  C       1.203589     -1.214607      1.928058
  C       1.143765     -0.649259      3.187264
  C       0.368781      1.158802      4.770601
  H       1.379477      1.237819      5.211988
  H      -0.186343      0.480148      5.449197
  H      -0.118879      2.142052      4.789654
  H      -0.762136      2.127450      2.464126
  H      -0.651810      1.108497      0.195230
  H       0.598682     -1.026028     -0.153124
  H       1.749629     -2.145942      1.763892
  H       1.643448     -1.129219      4.032394
  N      -2.246734     -2.292712    -13.349882
  O      -2.165036     -1.196442    -13.061837
  O      -2.248125     -0.505331    -14.477442
18
Coordinates from ORCA-job educts_optfreq_4 E -475.546969130278
  C       0.435795      0.571493      3.420174
  C      -0.221417      1.199196      2.324584
  C      -0.171757      0.639126      1.060903
  C       0.538921     -0.567954      0.851470
  C       1.197965     -1.207103      1.925397
  C       1.148128     -0.648342      3.187820
  C       0.384462      1.151050      4.786661
  H       1.398261      1.222354      5.221883
  H      -0.171817      0.472697      5.464868
  H      -0.095669      2.137839      4.812539
  H      -0.765802      2.130641      2.495524
  H      -0.677261      1.122036      0.221994
  H       0.577390     -1.006210     -0.148501
  H       1.743317     -2.137152      1.752194
  H       1.654598     -1.132634      4.026441
  N      -2.262122     -2.305238    -13.403054
  O      -2.151288     -1.209263    -13.120869
  O      -2.242583     -0.523477    -14.531768
18
Coordinates from ORCA-job educts_optfreq_4 E -475.546991990949
  C       0.439997      0.571389      3.432734
  C      -0.224331      1.202316      2.343289
  C      -0.181131      0.647176      1.077209
  C       0.530733     -0.557747      0.858765
  C       1.195995     -1.200459      1.926725
  C       1.152568     -0.646563      3.191596
  C       0.395074      1.145544      4.801776
  H       1.409893      1.209322      5.235424
  H      -0.164691      0.467921      5.477926
  H      -0.079484      2.134910      4.832596
  H      -0.768682      2.132541      2.520746
  H      -0.692022      1.132601      0.243138
  H       0.564020     -0.992376     -0.142988
  H       1.741397     -2.129275      1.747219
  H       1.664257     -1.133414      4.025574
  N      -2.285181     -2.316501    -13.460023
  O      -2.146403     -1.223070    -13.178109
  O      -2.232889     -0.535256    -14.585338
