18
Coordinates from ORCA-job para_ts_optfreq E -475.704537962406
  C      -6.282620      0.373830     -0.147150
  C      -7.246890      0.995920     -1.094510
  C      -7.380070      0.512440     -2.389840
  C      -6.526120     -0.646160     -2.888190
  C      -5.622450     -1.170200     -1.778870
  C      -5.549220     -0.662000     -0.551330
  C      -6.215400      0.969640      1.242290
  H      -5.489750      0.443420      1.866840
  H      -7.189420      0.910270      1.733240
  H      -5.920530      2.020430      1.194890
  H      -7.858220      1.835660     -0.771920
  H      -8.092540      0.974050     -3.069890
  H      -5.004850     -2.028690     -2.031700
  H      -4.857590     -1.120100      0.152310
  N      -5.758340     -0.261920     -4.101130
  O      -4.802410     -1.093950     -4.412830
  O      -6.503240      0.329840     -4.992480
  H      -7.197240     -1.455770     -3.184610
18
Coordinates from ORCA-job para_ts_optfreq E -475.740992199733
  C      -6.296066      0.386821     -0.149821
  C      -7.243508      0.986276     -1.089528
  C      -7.374298      0.499529     -2.362765
  C      -6.538936     -0.660347     -2.861962
  C      -5.619357     -1.207408     -1.799590
  C      -5.532057     -0.691737     -0.553133
  C      -6.222618      0.986434      1.219085
  H      -5.492967      0.465106      1.850650
  H      -7.206346      0.934712      1.709662
  H      -5.931425      2.045953      1.155270
  H      -7.854374      1.831758     -0.771773
  H      -8.086475      0.959014     -3.050033
  H      -5.009747     -2.069520     -2.078349
  H      -4.834190     -1.148028      0.152696
  N      -5.780414     -0.282553     -4.100983
  O      -4.816806     -1.017096     -4.398680
  O      -6.431369      0.377436     -4.935175
  H      -7.225947     -1.469640     -3.160451
18
Coordinates from ORCA-job para_ts_optfreq E -475.756037641303
  C      -6.311206      0.397962     -0.157663
  C      -7.243105      0.978645     -1.090452
  C      -7.369714      0.488140     -2.350565
  C      -6.550191     -0.667863     -2.834800
  C      -5.620283     -1.228167     -1.810006
  C      -5.524872     -0.708793     -0.553892
  C      -6.220684      0.989780      1.198257
  H      -5.488300      0.470878      1.830937
  H      -7.208796      0.948208      1.690437
  H      -5.934852      2.054591      1.125348
  H      -7.852472      1.828488     -0.775911
  H      -8.076011      0.940006     -3.051761
  H      -5.014706     -2.088525     -2.106763
  H      -4.825649     -1.157411      0.155846
  N      -5.799359     -0.302132     -4.114650
  O      -4.823897     -0.958984     -4.364685
  O      -6.387067      0.418208     -4.876543
  H      -7.245735     -1.476321     -3.138014
18
Coordinates from ORCA-job para_ts_optfreq E -475.760813519632
  C      -6.322346      0.400431     -0.159371
  C      -7.249374      0.976282     -1.090613
  C      -7.368121      0.486206     -2.352589
  C      -6.560692     -0.673278     -2.816810
  C      -5.620997     -1.232649     -1.811447
  C      -5.526559     -0.714935     -0.552537
  C      -6.214906      0.986348      1.194669
  H      -5.480172      0.468949      1.825575
  H      -7.203387      0.955041      1.690188
  H      -5.936099      2.054284      1.118426
  H      -7.856909      1.828516     -0.776884
  H      -8.063583      0.935542     -3.066656
  H      -5.009149     -2.085396     -2.117681
  H      -4.825966     -1.156118      0.160271
  N      -5.824859     -0.340133     -4.147197
  O      -4.796007     -0.941756     -4.345354
  O      -6.376517      0.462001     -4.861886
  H      -7.261255     -1.482625     -3.114983
18
Coordinates from ORCA-job para_ts_optfreq E -475.762169560600
  C      -6.336156      0.401015     -0.149012
  C      -7.248859      0.984190     -1.083786
  C      -7.336384      0.516629     -2.357747
  C      -6.549892     -0.655119     -2.798099
  C      -5.592380     -1.206481     -1.816105
  C      -5.518866     -0.708532     -0.546549
  C      -6.230149      0.968136      1.211594
  H      -5.496306      0.449679      1.841776
  H      -7.222959      0.935879      1.700579
  H      -5.965031      2.041262      1.147625
  H      -7.857094      1.835987     -0.769276
  H      -8.003391      0.979579     -3.089948
  H      -4.957249     -2.035589     -2.139084
  H      -4.818546     -1.143798      0.169848
  N      -5.848899     -0.379373     -4.187716
  O      -4.843016     -1.002333     -4.391399
  O      -6.407281      0.410762     -4.898032
  H      -7.264441     -1.465182     -3.069550
18
Coordinates from ORCA-job para_ts_optfreq E -475.762680774178
  C      -6.342471      0.400666     -0.138972
  C      -7.242024      0.996236     -1.078957
  C      -7.308826      0.543686     -2.362476
  C      -6.532906     -0.635548     -2.786788
  C      -5.562502     -1.176297     -1.818103
  C      -5.512371     -0.698238     -0.540560
  C      -6.248410      0.949846      1.231469
  H      -5.519458      0.426845      1.862323
  H      -7.245988      0.914464      1.710372
  H      -5.992272      2.025711      1.184677
  H      -7.848552      1.849155     -0.764563
  H      -7.949201      1.022086     -3.108243
  H      -4.904976     -1.982903     -2.152560
  H      -4.814294     -1.129873      0.179886
  N      -5.873052     -0.415881     -4.224852
  O      -4.891506     -1.072266     -4.447973
  O      -6.450524      0.356503     -4.941543
  H      -7.257566     -1.447482     -3.028015
18
Coordinates from ORCA-job para_ts_optfreq E -475.762765125388
  C      -6.341113      0.401417     -0.136874
  C      -7.235524      1.002951     -1.078560
  C      -7.300030      0.553021     -2.364166
  C      -6.523527     -0.626265     -2.785461
  C      -5.551698     -1.165007     -1.818931
  C      -5.510017     -0.692878     -0.539223
  C      -6.256068      0.943395      1.237883
  H      -5.530678      0.416511      1.869414
  H      -7.255781      0.905738      1.711529
  H      -6.000595      2.019447      1.199997
  H      -7.842250      1.855401     -0.763589
  H      -7.937879      1.032623     -3.111406
  H      -4.888096     -1.965646     -2.156270
  H      -4.813774     -1.124010      0.183269
  N      -5.880926     -0.427988     -4.236811
  O      -4.910657     -1.098818     -4.465984
  O      -6.467253      0.336405     -4.955125
  H      -7.251035     -1.439585     -3.014571
18
Coordinates from ORCA-job para_ts_optfreq E -475.762797981614
  C      -6.338831      0.401997     -0.136369
  C      -7.230848      1.006760     -1.078745
  C      -7.295254      0.558324     -2.365139
  C      -6.516776     -0.619700     -2.786250
  C      -5.545997     -1.159030     -1.819723
  C      -5.508405     -0.689083     -0.538929
  C      -6.260811      0.940263      1.240762
  H      -5.537612      0.410818      1.872820
  H      -7.261700      0.899849      1.711186
  H      -6.004785      2.016190      1.208539
  H      -7.837888      1.858781     -0.763376
  H      -7.935490      1.036327     -3.111304
  H      -4.880802     -1.957939     -2.158225
  H      -4.813381     -1.120458      0.184678
  N      -5.885132     -0.434654     -4.242575
  O      -4.921302     -1.113890     -4.474247
  O      -6.475486      0.326298     -4.961255
  H      -7.246400     -1.434144     -3.006728
18
Coordinates from ORCA-job para_ts_optfreq E -475.762808414924
  C      -6.337792      0.402232     -0.136352
  C      -7.229219      1.007796     -1.078945
  C      -7.293148      0.560544     -2.365631
  C      -6.513841     -0.616770     -2.787081
  C      -5.543725     -1.156882     -1.820448
  C      -5.507319     -0.687491     -0.539054
  C      -6.262803      0.939372      1.241493
  H      -5.540120      0.409358      1.873836
  H      -7.264079      0.896822      1.710751
  H      -6.006600      2.015279      1.211203
  H      -7.836890      1.859292     -0.763354
  H      -7.934451      1.038012     -3.111181
  H      -4.878894     -1.955886     -2.159394
  H      -4.812725     -1.119469      0.184670
  N      -5.887160     -0.437505     -4.243986
  O      -4.925463     -1.119547     -4.476532
  O      -6.477609      0.323328     -4.962695
  H      -7.245063     -1.431774     -3.002180
18
Coordinates from ORCA-job para_ts_optfreq E -475.762818136213
  C      -6.337215      0.402433     -0.136281
  C      -7.228065      1.008540     -1.079137
  C      -7.290379      0.563335     -2.366417
  C      -6.510779     -0.613673     -2.788066
  C      -5.540854     -1.154414     -1.821526
  C      -5.505793     -0.685962     -0.539301
  C      -6.265032      0.938367      1.242214
  H      -5.542442      0.408351      1.874831
  H      -7.266674      0.892933      1.710360
  H      -6.009234      2.014396      1.213530
  H      -7.836682      1.859277     -0.763258
  H      -7.931438      1.041221     -3.111894
  H      -4.876409     -1.953429     -2.161130
  H      -4.811515     -1.118894      0.184209
  N      -5.889952     -0.441005     -4.244902
  O      -4.930449     -1.125939     -4.478863
  O      -6.479532      0.320376     -4.963926
  H      -7.244457     -1.429205     -2.995324
18
Coordinates from ORCA-job para_ts_optfreq E -475.762824267878
  C      -6.337353      0.402606     -0.136175
  C      -7.227577      1.009071     -1.079285
  C      -7.287993      0.565691     -2.367229
  C      -6.508701     -0.611622     -2.788722
  C      -5.538316     -1.152332     -1.822397
  C      -5.504579     -0.685091     -0.539516
  C      -6.266671      0.937340      1.242840
  H      -5.543867      0.407668      1.875543
  H      -7.268594      0.889753      1.710216
  H      -6.011854      2.013624      1.215108
  H      -7.836857      1.859264     -0.763164
  H      -7.927602      1.044621     -3.113295
  H      -4.873618     -1.950858     -2.162644
  H      -4.810460     -1.118750      0.183717
  N      -5.892438     -0.443852     -4.245305
  O      -4.934674     -1.131057     -4.480821
  O      -6.481161      0.318026     -4.964843
  H      -7.244585     -1.427390     -2.988906
18
Coordinates from ORCA-job para_ts_optfreq E -475.762826828458
  C      -6.337776      0.402761     -0.136132
  C      -7.227468      1.009474     -1.079405
  C      -7.286749      0.566918     -2.367751
  C      -6.507895     -0.610905     -2.788967
  C      -5.536927     -1.151200     -1.822766
  C      -5.504099     -0.684906     -0.539632
  C      -6.267331      0.936568      1.243218
  H      -5.544246      0.407206      1.875792
  H      -7.269403      0.888157      1.710277
  H      -6.013605      2.013129      1.215909
  H      -7.836883      1.859534     -0.763164
  H      -7.925057      1.046553     -3.114495
  H      -4.871582     -1.949040     -2.163387
  H      -4.810063     -1.118769      0.183536
  N      -5.893760     -0.445248     -4.245385
  O      -4.936899     -1.133630     -4.481896
  O      -6.482175      0.316748     -4.965334
  H      -7.244981     -1.426639     -2.985297
18
Coordinates from ORCA-job para_ts_optfreq E -475.762827276960
  C      -6.337985      0.402862     -0.136161
  C      -7.227422      1.009717     -1.079489
  C      -7.286535      0.567140     -2.367896
  C      -6.507869     -0.610947     -2.788997
  C      -5.536670     -1.150970     -1.822769
  C      -5.504146     -0.685016     -0.539665
  C      -6.267311      0.936246      1.243316
  H      -5.544022      0.407014      1.875698
  H      -7.269399      0.887795      1.710391
  H      -6.014314      2.012991      1.216168
  H      -7.836681      1.859885     -0.763241
  H      -7.924476      1.046823     -3.114928
  H      -4.870908     -1.948440     -2.163469
  H      -4.810185     -1.118746      0.183636
  N      -5.893983     -0.445452     -4.245357
  O      -4.937274     -1.134047     -4.482085
  O      -6.482498      0.316423     -4.965455
  H      -7.245221     -1.426565     -2.984578
