18
Coordinates from ORCA-job para_ts_optfreq
  C   -6.33798494556763      0.40286194504435     -0.13616111690944
  C   -7.22742176331583      1.00971689402497     -1.07948880131644
  C   -7.28653516571270      0.56713959297752     -2.36789599571419
  C   -6.50786923570191     -0.61094737892243     -2.78899663482642
  C   -5.53667025459852     -1.15096993333516     -1.82276894127742
  C   -5.50414634591014     -0.68501639691022     -0.53966513957582
  C   -6.26731126428118      0.93624589583825      1.24331614865985
  H   -5.54402186451746      0.40701373738600      1.87569800834655
  H   -7.26939941004534      0.88779453963741      1.71039055728973
  H   -6.01431441129979      2.01299085536577      1.21616820101274
  H   -7.83668131472364      1.85988459959350     -0.76324111258240
  H   -7.92447609805984      1.04682261134370     -3.11492757556169
  H   -4.87090751905663     -1.94843978950765     -2.16346874517163
  H   -4.81018469740713     -1.11874590340864      0.18363624328005
  N   -5.89398316211424     -0.44545202780779     -4.24535747351091
  O   -4.93727392266122     -1.13404687513730     -4.48208479350630
  O   -6.48249763226357      0.31642305936310     -4.96545483124005
  H   -7.24522099276318     -1.42656542554539     -2.98457799739619
