18
Coordinates from ORCA-job educt_optfreq_2 E -475.566023085279
  C       0.275820      0.529980      2.842660
  C      -0.351570      0.796150      1.604480
  C      -0.120780     -0.016850      0.511500
  C       0.742440     -1.124800      0.628970
  C       1.369000     -1.409550      1.855440
  C       1.140360     -0.594420      2.944490
  C       0.050860      1.407420      4.027080
  H       1.000330      1.834940      4.375310
  H      -0.340360      0.825000      4.871940
  H      -0.638150      2.224550      3.811120
  H      -1.018560      1.649700      1.522740
  H      -0.602210      0.194240     -0.437750
  H       0.926150     -1.760420     -0.230790
  H       2.031080     -2.266160      1.940130
  H       1.623650     -0.802740      3.894580
  N      -2.353360     -0.619570    -11.062980
  O      -2.028780     -0.108890     -9.980530
  O      -1.529330     -0.929520    -12.588860
18
Coordinates from ORCA-job educt_optfreq_2 E -475.613718917589
  C       0.272666      0.532544      2.828568
  C      -0.357597      0.798184      1.584445
  C      -0.126553     -0.017839      0.492952
  C       0.739923     -1.129594      0.614418
  C       1.369375     -1.414130      1.844800
  C       1.141074     -0.596854      2.933491
  C       0.048751      1.409338      4.009945
  H       1.004141      1.836607      4.359183
  H      -0.342537      0.823736      4.859012
  H      -0.642795      2.230158      3.794629
  H      -1.026514      1.654424      1.500319
  H      -0.609264      0.191357     -0.460141
  H       0.924092     -1.769731     -0.247882
  H       2.033289     -2.273751      1.930404
  H       1.625992     -0.804552      3.887448
  N      -2.331434     -0.617515    -11.006167
  O      -2.030162     -0.139984    -10.001397
  O      -1.515856     -0.883340    -12.394495
18
Coordinates from ORCA-job educt_optfreq_2 E -475.647073655409
  C       0.269687      0.533930      2.818551
  C      -0.359854      0.799099      1.570006
  C      -0.126954     -0.018479      0.479416
  C       0.740772     -1.132010      0.604210
  C       1.369630     -1.416412      1.837462
  C       1.139820     -0.598138      2.925931
  C       0.044662      1.409688      3.998087
  H       1.002754      1.836092      4.349623
  H      -0.347532      0.822044      4.848613
  H      -0.647767      2.232802      3.783416
  H      -1.029481      1.656770      1.483833
  H      -0.608674      0.189649     -0.476600
  H       0.926504     -1.774371     -0.258970
  H       2.034207     -2.277635      1.924097
  H       1.623851     -0.805465      3.882646
  N      -2.298522     -0.616965    -10.984750
  O      -2.010777     -0.156541    -10.019402
  O      -1.545736     -0.854997    -12.236639
18
Coordinates from ORCA-job educt_optfreq_2 E -475.680838324446
  C       0.266931      0.534982      2.812252
  C      -0.360480      0.800427      1.559400
  C      -0.124818     -0.017895      0.469298
  C       0.743710     -1.132960      0.597233
  C       1.370611     -1.417926      1.833435
  C       1.138296     -0.599399      2.921994
  C       0.039639      1.409168      3.990557
  H       0.999777      1.834546      4.345504
  H      -0.354302      0.819199      4.841631
  H      -0.653355      2.234529      3.776296
  H      -1.030629      1.659494      1.471237
  H      -0.604662      0.189906     -0.489750
  H       0.931738     -1.776823     -0.266959
  H       2.035673     -2.280689      1.921177
  H       1.620490     -0.807000      3.881614
  N      -2.261598     -0.618126    -10.988181
  O      -1.980283     -0.163268    -10.035494
  O      -1.600150     -0.839104    -12.111714
18
Coordinates from ORCA-job educt_optfreq_2 E -475.707641866924
  C       0.264540      0.535719      2.811017
  C      -0.358942      0.802237      1.554152
  C      -0.119541     -0.015814      0.463806
  C       0.748989     -1.131880      0.594381
  C       1.372214     -1.418207      1.833328
  C       1.136316     -0.600371      2.922573
  C       0.033789      1.407468      3.989004
  H       0.995144      1.831350      4.348662
  H      -0.362648      0.814778      4.839427
  H      -0.659311      2.235093      3.775479
  H      -1.029280      1.662614      1.464288
  H      -0.596463      0.192610     -0.498335
  H       0.940083     -1.776208     -0.270868
  H       2.037451     -2.282378      1.921991
  H       1.615518     -0.809043      3.885104
  N      -2.220523     -0.620754    -11.021271
  O      -1.937107     -0.157338    -10.048626
  O      -1.683638     -0.840815    -12.034582
18
Coordinates from ORCA-job educt_optfreq_2 E -475.718918665096
  C       0.265340      0.536120      2.821187
  C      -0.351404      0.805648      1.563741
  C      -0.109606     -0.010385      0.471405
  C       0.755749     -1.125879      0.601171
  C       1.374063     -1.414314      1.840020
  C       1.134420     -0.599234      2.931385
  C       0.028789      1.403100      4.002533
  H       0.988752      1.823582      4.369796
  H      -0.369852      0.806263      4.848986
  H      -0.663730      2.232262      3.792234
  H      -1.019993      1.667494      1.474087
  H      -0.583477      0.200365     -0.492682
  H       0.948257     -1.768698     -0.264883
  H       2.038175     -2.279427      1.928226
  H       1.608881     -0.811237      3.895571
  N      -2.192229     -0.616337    -11.077121
  O      -1.895490     -0.129928    -10.049041
  O      -1.780053     -0.890334    -12.127085
18
Coordinates from ORCA-job educt_optfreq_2 E -475.720555219414
  C       0.266964      0.535073      2.822808
  C      -0.342881      0.806004      1.567482
  C      -0.100404     -0.009383      0.474520
  C       0.760524     -1.123492      0.603383
  C       1.374372     -1.411340      1.841113
  C       1.131970     -0.597273      2.932637
  C       0.023690      1.400558      4.007675
  H       0.977740      1.820157      4.380707
  H      -0.378734      0.804230      4.848438
  H      -0.666696      2.227872      3.796517
  H      -1.008134      1.667853      1.477443
  H      -0.571562      0.202009     -0.487998
  H       0.952434     -1.764899     -0.260428
  H       2.036321     -2.275341      1.930604
  H       1.601730     -0.810941      3.896138
  N      -2.166741     -0.605062    -11.086249
  O      -1.872246     -0.124618    -10.066123
  O      -1.841759     -0.912348    -12.149138
18
Coordinates from ORCA-job educt_optfreq_2 E -475.720858635566
  C       0.268675      0.533544      2.825706
  C      -0.336356      0.805565      1.572826
  C      -0.093442     -0.009678      0.478493
  C       0.764065     -1.122779      0.605956
  C       1.374825     -1.409795      1.842892
  C       1.130641     -0.595628      2.935096
  C       0.020635      1.399504      4.013594
  H       0.970733      1.820373      4.390635
  H      -0.387306      0.804450      4.850721
  H      -0.668791      2.225955      3.798996
  H      -0.999454      1.668518      1.481876
  H      -0.563790      0.202943     -0.483478
  H       0.955210     -1.764006     -0.257200
  H       2.036551     -2.273289      1.933998
  H       1.598753     -0.810773      3.898533
  N      -2.152498     -0.595943    -11.096133
  O      -1.859289     -0.121246    -10.083496
  O      -1.882572     -0.928655    -12.179486
18
Coordinates from ORCA-job educt_optfreq_2 E -475.721022762396
  C       0.271202      0.533916      2.840857
  C      -0.334059      0.805670      1.587908
  C      -0.090595     -0.009808      0.493244
  C       0.767296     -1.122927      0.620848
  C       1.377933     -1.409600      1.858235
  C       1.133476     -0.594944      2.950626
  C       0.023082      1.400782      4.028613
  H       0.973400      1.822722      4.405708
  H      -0.387017      0.806368      4.865914
  H      -0.666466      2.227526      3.812040
  H      -0.997509      1.668912      1.496118
  H      -0.561448      0.203143     -0.469109
  H       0.958851     -1.764827     -0.242567
  H       2.040430     -2.273092      1.950113
  H       1.602420     -0.810221      3.914292
  N      -2.162301     -0.598663    -11.173602
  O      -1.869215     -0.124302    -10.160188
  O      -1.902891     -0.931594    -12.249518
18
Coordinates from ORCA-job educt_optfreq_2 E -475.721074723013
  C       0.274093      0.534684      2.856258
  C      -0.332106      0.806163      1.603365
  C      -0.088770     -0.009397      0.508677
  C       0.769598     -1.122492      0.636179
  C       1.380818     -1.409002      1.873536
  C       1.136675     -0.594249      2.965986
  C       0.026446      1.401823      4.043821
  H       0.976843      1.823982      4.420530
  H      -0.384623      0.807853      4.881014
  H      -0.662839      2.228608      3.826454
  H      -0.995852      1.669070      1.511284
  H      -0.560225      0.203612     -0.453352
  H       0.961072     -1.764577     -0.227109
  H       2.043446     -2.272309      1.965629
  H       1.606260     -0.809719      3.929240
  N      -2.176857     -0.602759    -11.250082
  O      -1.884122     -0.128441    -10.235456
  O      -1.913265     -0.933790    -12.326445
18
Coordinates from ORCA-job educt_optfreq_2 E -475.721123081623
  C       0.277092      0.535343      2.871665
  C      -0.329891      0.806739      1.619118
  C      -0.086903     -0.008778      0.524253
  C       0.771691     -1.121751      0.651262
  C       1.383571     -1.408154      1.888325
  C       1.139872     -0.593417      2.980980
  C       0.029798      1.402618      4.059350
  H       0.980138      1.824671      4.436073
  H      -0.382768      0.809077      4.896049
  H      -0.658946      2.229655      3.841155
  H      -0.993858      1.669414      1.526869
  H      -0.559076      0.204455     -0.437335
  H       0.962794     -1.763853     -0.212035
  H       2.046397     -2.271268      1.980496
  H       1.610233     -0.809281      3.943727
  N      -2.189838     -0.606881    -11.326352
  O      -1.898380     -0.133401    -10.310907
  O      -1.925334     -0.936129    -12.403165
18
Coordinates from ORCA-job educt_optfreq_2 E -475.721171072021
  C       0.280427      0.535999      2.887534
  C      -0.328357      0.807664      1.635926
  C      -0.086490     -0.007421      0.540426
  C       0.772476     -1.120194      0.665836
  C       1.386026     -1.406842      1.901961
  C       1.143575     -0.592519      2.995301
  C       0.034257      1.402989      4.075866
  H       0.984813      1.823935      4.452856
  H      -0.380740      0.809808      4.911519
  H      -0.653195      2.230952      3.857091
  H      -0.992688      1.670042      1.544076
  H      -0.560140      0.206402     -0.420247
  H       0.962434     -1.761829     -0.197939
  H       2.049236     -2.269669      1.993551
  H       1.615636     -0.809256      3.956955
  N      -2.201846     -0.613034    -11.403599
  O      -1.914686     -0.141685    -10.386007
  O      -1.934148     -0.936281    -12.481576
18
Coordinates from ORCA-job educt_optfreq_2 E -475.721218472882
  C       0.283928      0.536823      2.903597
  C      -0.326820      0.809283      1.653176
  C      -0.086611     -0.005049      0.556721
  C       0.772632     -1.117799      0.679881
  C       1.388278     -1.405091      1.914756
  C       1.147443     -0.591521      3.009089
  C       0.038973      1.402717      4.093121
  H       0.990014      1.821346      4.471256
  H      -0.378602      0.809246      4.927293
  H      -0.646714      2.232276      3.874676
  H      -0.991517      1.671513      1.562491
  H      -0.561995      0.209614     -0.402918
  H       0.961020     -1.758800     -0.184744
  H       2.051875     -2.267773      2.005092
  H       1.621355     -0.809294      3.969615
  N      -2.213379     -0.620025    -11.481518
  O      -1.930548     -0.151528    -10.461531
  O      -1.942740     -0.936880    -12.560522
18
Coordinates from ORCA-job educt_optfreq_2 E -475.721266050328
  C       0.287787      0.537699      2.920352
  C      -0.326349      0.811867      1.672015
  C      -0.088991     -0.000831      0.573722
  C       0.770766     -1.113603      0.692793
  C       1.389980     -1.402428      1.925456
  C       1.151957     -0.590466      3.021642
  C       0.045245      1.401322      4.112097
  H       0.997370      1.815346      4.492296
  H      -0.375803      0.806965      4.943927
  H      -0.637406      2.233808      3.895266
  H      -0.991527      1.674001      1.584014
  H      -0.567099      0.215311     -0.384223
  H       0.956530     -1.753180     -0.173429
  H       2.054171     -2.264930      2.013017
  H       1.628852     -0.809815      3.980325
  N      -2.223612     -0.629697    -11.560981
  O      -1.947345     -0.166083    -10.537076
  O      -1.947937     -0.936226    -12.641682
18
Coordinates from ORCA-job educt_optfreq_2 E -475.721314429576
  C       0.292230      0.538621      2.938163
  C      -0.327600      0.816096      1.693426
  C      -0.094992      0.006585      0.591782
  C       0.765665     -1.106267      0.703698
  C       1.390770     -1.398200      1.932574
  C       1.157455     -0.589366      3.032084
  C       0.053997      1.397935      4.133872
  H       1.008148      1.803602      4.517714
  H      -0.372002      0.801685      4.961949
  H      -0.623561      2.235527      3.920815
  H      -0.993450      1.678252      1.610747
  H      -0.577404      0.225329     -0.363424
  H       0.947217     -1.743168     -0.165376
  H       2.055840     -2.260552      2.014769
  H       1.639043     -0.811232      3.987847
  N      -2.231558     -0.643385    -11.642657
  O      -1.964482     -0.188104    -10.612671
  O      -1.948727     -0.934298    -12.725782
18
Coordinates from ORCA-job educt_optfreq_2 E -475.721363440799
  C       0.297783      0.539462      2.957832
  C      -0.332155      0.823498      1.719710
  C      -0.107905      0.020348      0.611731
  C       0.754336     -1.092622      0.710465
  C       1.389725     -1.390879      1.932453
  C       1.164770     -0.588292      3.038214
  C       0.067502      1.390484      4.160869
  H       1.025303      1.780755      4.551185
  H      -0.366528      0.790590      4.982408
  H      -0.601002      2.237196      3.955560
  H      -0.999021      1.685837      1.647492
  H      -0.597619      0.244035     -0.338647
  H       0.928745     -1.724341     -0.163834
  H       2.056150     -2.253121      2.004217
  H       1.654277     -0.814683      3.988901
  N      -2.234981     -0.664289    -11.727370
  O      -1.980790     -0.224185    -10.687609
  O      -1.942000     -0.930732    -12.814046
18
Coordinates from ORCA-job educt_optfreq_2 E -475.721364713996
  C       0.298622      0.539005      2.959390
  C      -0.334650      0.825628      1.723491
  C      -0.112832      0.025034      0.613149
  C       0.750044     -1.087799      0.707376
  C       1.388426     -1.388769      1.927229
  C       1.166063     -0.588725      3.035363
  C       0.070957      1.387443      4.164782
  H       1.029686      1.773865      4.556510
  H      -0.365406      0.786693      4.984521
  H      -0.595181      2.236544      3.961564
  H      -1.001825      1.688030      1.655058
  H      -0.604728      0.250700     -0.335565
  H       0.922962     -1.717651     -0.168605
  H       2.055150     -2.251088      1.995212
  H       1.657814     -0.816886      3.984457
  N      -2.232178     -0.667921    -11.729657
  O      -1.977420     -0.232293    -10.688046
  O      -1.938915     -0.932753    -12.816698
18
Coordinates from ORCA-job educt_optfreq_2 E -475.721359341590
  C       0.306438      0.534073      2.971948
  C      -0.357654      0.847384      1.758345
  C      -0.160160      0.073092      0.624829
  C       0.707358     -1.038332      0.674134
  C       1.374341     -1.366710      1.872169
  C       1.177309     -0.593067      3.003522
  C       0.103556      1.355046      4.200870
  H       1.070862      1.702795      4.606188
  H      -0.355263      0.745370      5.002144
  H      -0.539156      2.227114      4.019870
  H      -1.027125      1.710143      1.727466
  H      -0.672854      0.319715     -0.307586
  H       0.865519     -1.648757     -0.218265
  H       2.043345     -2.229444      1.902462
  H       1.690444     -0.839691      3.936478
  N      -2.202944     -0.700396    -11.737875
  O      -1.937972     -0.307870    -10.681303
  O      -1.909455     -0.961406    -12.825866
18
Coordinates from ORCA-job educt_optfreq_2 E -475.721361761049
  C       0.306815      0.534101      2.972892
  C      -0.357802      0.849318      1.760109
  C      -0.161690      0.076642      0.625327
  C       0.705560     -1.035240      0.672241
  C       1.373580     -1.365227      1.869245
  C       1.177619     -0.593128      3.001759
  C       0.104367      1.352627      4.203392
  H       1.072100      1.697794      4.609975
  H      -0.354813      0.741257      5.003225
  H      -0.537384      2.225854      4.024778
  H      -1.027171      1.712265      1.731097
  H      -0.675244      0.324862     -0.306120
  H       0.862597     -1.644437     -0.221291
  H       2.042583     -2.228043      1.897676
  H       1.691583     -0.841129      3.933932
  N      -2.202413     -0.700204    -11.739265
  O      -1.932127     -0.310440    -10.683197
  O      -1.911570     -0.967811    -12.826246
18
Coordinates from ORCA-job educt_optfreq_2 E -475.721364949764
  C       0.309399      0.533611      2.979272
  C      -0.362010      0.861028      1.773654
  C      -0.175295      0.099733      0.629955
  C       0.691112     -1.013814      0.659312
  C       1.367957     -1.354871      1.848027
  C       1.180325     -0.593743      2.989078
  C       0.113078      1.336770      4.220255
  H       1.084078      1.663933      4.633858
  H      -0.350646      0.716298      5.010690
  H      -0.520706      2.218389      4.056319
  H      -1.031039      1.724682      1.757611
  H      -0.695731      0.358481     -0.294905
  H       0.839596     -1.613555     -0.241952
  H       2.037360     -2.217697      1.863210
  H       1.701615     -0.851195      3.914686
  N      -2.194965     -0.703534    -11.747913
  O      -1.900797     -0.334822    -10.691216
  O      -1.916739     -1.000634    -12.830411
18
Coordinates from ORCA-job educt_optfreq_2 E -475.721367765696
  C       0.307801      0.534540      2.977168
  C      -0.358698      0.856617      1.767497
  C      -0.167142      0.090217      0.627984
  C       0.698977     -1.023519      0.665628
  C       1.370833     -1.359336      1.858448
  C       1.178469     -0.593015      2.995353
  C       0.107588      1.343478      4.213769
  H       1.077242      1.678468      4.624440
  H      -0.351704      0.724832      5.008103
  H      -0.530879      2.220831      4.045224
  H      -1.027590      1.720197      1.744170
  H      -0.684009      0.344763     -0.299974
  H       0.849764     -1.626835     -0.232882
  H       2.040090     -2.222103      1.880979
  H       1.696207     -0.847054      3.923892
  N      -2.200402     -0.697891    -11.747347
  O      -1.907961     -0.322455    -10.692442
  O      -1.921997     -0.992674    -12.830481
18
Coordinates from ORCA-job educt_optfreq_2 E -475.721367664640
  C       0.308836      0.533876      2.979489
  C      -0.362228      0.860196      1.773481
  C      -0.174205      0.098181      0.630411
  C       0.692363     -1.015333      0.660755
  C       1.368512     -1.355508      1.849858
  C       1.179945     -0.593496      2.990353
  C       0.112748      1.338000      4.219885
  H       1.083818      1.666601      4.632213
  H      -0.349303      0.717515      5.011292
  H      -0.522214      2.218711      4.055642
  H      -1.031335      1.723740      1.755540
  H      -0.694039      0.356263     -0.294956
  H       0.839727     -1.614840     -0.240814
  H       2.038109     -2.218138      1.866949
  H       1.701150     -0.850969      3.916002
  N      -2.195810     -0.701905    -11.750344
  O      -1.900929     -0.334861    -10.693058
  O      -1.918555     -0.998972    -12.833168
18
Coordinates from ORCA-job educt_optfreq_2 E -475.721367732932
  C       0.309309      0.533480      2.981074
  C      -0.364693      0.862500      1.777508
  C      -0.178627      0.103265      0.632234
  C       0.688313     -1.010142      0.657897
  C       1.367088     -1.353105      1.844560
  C       1.180757     -0.593779      2.987312
  C       0.116125      1.334530      4.223913
  H       1.088153      1.659680      4.636675
  H      -0.346635      0.712650      5.013898
  H      -0.517252      2.216952      4.062717
  H      -1.033974      1.725972      1.762827
  H      -0.700130      0.363527     -0.291652
  H       0.832819     -1.606961     -0.245919
  H       2.036933     -2.215612      1.858546
  H       1.704121     -0.853545      3.911109
  N      -2.192935     -0.703189    -11.753267
  O      -1.894937     -0.343757    -10.694156
  O      -1.917844     -1.003406    -12.835747
18
Coordinates from ORCA-job educt_optfreq_2 E -475.721368693367
  C       0.308738      0.533710      2.980151
  C      -0.363713      0.860675      1.775194
  C      -0.175865      0.099377      0.631557
  C       0.691116     -1.013982      0.660393
  C       1.368154     -1.354954      1.848556
  C       1.180148     -0.593595      2.989734
  C       0.114330      1.337251      4.221253
  H       1.085806      1.666137      4.632407
  H      -0.346450      0.716397      5.013142
  H      -0.521192      2.217772      4.058014
  H      -1.033018      1.724064      1.758010
  H      -0.695956      0.357843     -0.293624
  H       0.836567     -1.612348     -0.242256
  H       2.037932     -2.217463      1.865214
  H       1.702118     -0.851811      3.914741
  N      -2.194857     -0.701064    -11.752971
  O      -1.898106     -0.340045    -10.694018
  O      -1.919160     -0.998905    -12.835967
18
Coordinates from ORCA-job educt_optfreq_2 E -475.721369579373
  C       0.308617      0.533658      2.980461
  C      -0.364215      0.860874      1.775873
  C      -0.176355      0.099588      0.632238
  C       0.690796     -1.013819      0.660762
  C       1.368069     -1.354974      1.848598
  C       1.180148     -0.593637      2.989864
  C       0.114871      1.337138      4.221743
  H       1.086428      1.667761      4.631370
  H      -0.343660      0.715947      5.014657
  H      -0.522182      2.216680      4.059138
  H      -1.033588      1.724202      1.759059
  H      -0.696128      0.357928     -0.293177
  H       0.835173     -1.611946     -0.242242
  H       2.037874     -2.217465      1.865304
  H       1.702142     -0.851788      3.914872
  N      -2.194905     -0.698731    -11.755413
  O      -1.895291     -0.343855    -10.695207
  O      -1.921204     -0.998499    -12.838372
18
Coordinates from ORCA-job educt_optfreq_2 E -475.721372381490
  C       0.307788      0.534205      2.978532
  C      -0.361233      0.856669      1.770524
  C      -0.169968      0.090509      0.630697
  C       0.696992     -1.022786      0.666705
  C       1.370449     -1.359180      1.858116
  C       1.179037     -0.593148      2.995654
  C       0.110564      1.343419      4.215680
  H       1.080649      1.682016      4.622317
  H      -0.344863      0.724985      5.012345
  H      -0.530615      2.219011      4.047872
  H      -1.030529      1.719892      1.748209
  H      -0.686785      0.344821     -0.297442
  H       0.844734     -1.625103     -0.232961
  H       2.040001     -2.221722      1.880410
  H       1.697845     -0.847424      3.923488
  N      -2.199663     -0.696070    -11.755265
  O      -1.906192     -0.334399    -10.695665
  O      -1.921622     -0.986635    -12.839688
18
Coordinates from ORCA-job educt_optfreq_2 E -475.721372808672
  C       0.307754      0.534232      2.978480
  C      -0.361055      0.856471      1.770289
  C      -0.169845      0.089992      0.630693
  C       0.697036     -1.023368      0.667079
  C       1.370418     -1.359459      1.858626
  C       1.178955     -0.593128      2.995935
  C       0.110410      1.343786      4.215395
  H       1.080427      1.684008      4.620889
  H      -0.343470      0.725239      5.012817
  H      -0.531992      2.218497      4.047653
  H      -1.030297      1.719736      1.747814
  H      -0.686440      0.344114     -0.297611
  H       0.844879     -1.626048     -0.232336
  H       2.039939     -2.222019      1.881120
  H       1.697639     -0.847073      3.923934
  N      -2.199952     -0.694588    -11.755680
  O      -1.905356     -0.335949    -10.695402
  O      -1.922460     -0.985382    -12.840166
18
Coordinates from ORCA-job educt_optfreq_2 E -475.721388165896
  C       0.310238      0.534874      2.984252
  C      -0.359311      0.855284      1.775772
  C      -0.168732      0.087353      0.636935
  C       0.698335     -1.025130      0.674475
  C       1.372423     -1.359584      1.866430
  C       1.181561     -0.592137      3.003053
  C       0.111827      1.346014      4.220198
  H       1.081461      1.678564      4.632313
  H      -0.354796      0.731614      5.013469
  H      -0.522324      2.225796      4.047293
  H      -1.028834      1.718259      1.752054
  H      -0.686724      0.340251     -0.290753
  H       0.848640     -1.629194     -0.223489
  H       2.042253     -2.221861      1.889226
  H       1.701035     -0.845143      3.930807
  N      -2.203585     -0.715451    -11.784636
  O      -1.941807     -0.328952    -10.725465
  O      -1.905069     -0.971496    -12.872404
18
Coordinates from ORCA-job educt_optfreq_2 E -475.721406253238
  C       0.312719      0.535877      2.991656
  C      -0.357320      0.854982      1.783099
  C      -0.167025      0.086029      0.644822
  C       0.700263     -1.026047      0.682932
  C       1.374839     -1.359220      1.875036
  C       1.184261     -0.590831      3.011120
  C       0.113293      1.347510      4.227209
  H       1.082625      1.670326      4.647261
  H      -0.366024      0.736389      5.015569
  H      -0.511808      2.233044      4.050512
  H      -1.027135      1.717709      1.758199
  H      -0.686359      0.338067     -0.282403
  H       0.851229     -1.630465     -0.214657
  H       2.045106     -2.221150      1.898583
  H       1.704535     -0.843432      3.938529
  N      -2.206558     -0.735359    -11.821708
  O      -1.978316     -0.321845    -10.764980
  O      -1.891735     -0.962524    -12.911250
18
Coordinates from ORCA-job educt_optfreq_2 E -475.721431728102
  C       0.315193      0.537160      3.000481
  C      -0.355000      0.853613      1.791335
  C      -0.164645      0.082195      0.654714
  C       0.702986     -1.029524      0.695051
  C       1.377740     -1.359968      1.887799
  C       1.187027     -0.589188      3.022296
  C       0.114836      1.351034      4.234535
  H       1.083732      1.669213      4.658832
  H      -0.372288      0.743384      5.020836
  H      -0.504921      2.239570      4.053848
  H      -1.025085      1.716065      1.764424
  H      -0.684352      0.332095     -0.272921
  H       0.854403     -1.635618     -0.201358
  H       2.048405     -2.221535      1.913347
  H       1.707600     -0.839804      3.950074
  N      -2.210822     -0.751349    -11.869738
  O      -2.016096     -0.322193    -10.812574
  O      -1.882123     -0.946091    -12.961453
18
Coordinates from ORCA-job educt_optfreq_2 E -475.721432011991
  C       0.315041      0.537160      3.000486
  C      -0.354988      0.853363      1.791141
  C      -0.164338      0.082073      0.654519
  C       0.703462     -1.029753      0.695005
  C       1.377864     -1.360075      1.887990
  C       1.186872     -0.589196      3.022381
  C       0.114568      1.351236      4.234314
  H       1.083521      1.669399      4.658536
  H      -0.372214      0.743525      5.020790
  H      -0.505266      2.239714      4.053694
  H      -1.025103      1.715799      1.764049
  H      -0.683965      0.332059     -0.273096
  H       0.854818     -1.635921     -0.201473
  H       2.048463     -2.221689      1.913855
  H       1.707300     -0.839792      3.950261
  N      -2.211112     -0.751111    -11.869311
  O      -2.016120     -0.320234    -10.812896
  O      -1.882212     -0.947498    -12.960716
