18
Coordinates from ORCA-job educt_optfreq_2
  C   0.31504056710518      0.53715997960873      3.00048608587069
  C   -0.35498846660397      0.85336311321349      1.79114102574484
  C   -0.16433772745292      0.08207326890105      0.65451906425459
  C   0.70346243161719     -1.02975336073245      0.69500503438123
  C   1.37786351881658     -1.36007458584599      1.88799048924491
  C   1.18687242152051     -0.58919621740129      3.02238110016533
  C   0.11456752516879      1.35123562781374      4.23431373507900
  H   1.08352110174694      1.66939860815811      4.65853558948367
  H   -0.37221408961293      0.74352520998645      5.02079044486069
  H   -0.50526575197439      2.23971446912688      4.05369426283048
  H   -1.02510330851836      1.71579866972796      1.76404894542163
  H   -0.68396544909437      0.33205935689074     -0.27309621059352
  H   0.85481800600153     -1.63592095436176     -0.20147281866112
  H   2.04846276111495     -2.22168901994311      1.91385517326884
  H   1.70730035207818     -0.83979179912033      3.95026098004612
  N   -2.21111158829573     -0.75111087500614    -11.86931062439293
  O   -2.01612007835907     -0.32023389050845    -10.81289631684418
  O   -1.88221222525810     -0.94749760050760    -12.96071596016025
