18
Coordinates from ORCA-job para_ts_optfreq_2
  C   -6.40102866653733      0.39279343569237     -0.13007442853910
  C   -7.24407634554957      1.03167805344389     -1.09014085827795
  C   -7.27603498235346      0.60213257237564     -2.38606251437282
  C   -6.51915181347857     -0.59276326368441     -2.79643720297126
  C   -5.59217847054724     -1.17008897982254     -1.80707278833502
  C   -5.58421763413256     -0.71604604119121     -0.52157246767036
  C   -6.33809557850244      0.88411426846927      1.26522096779357
  H   -5.29035792331245      1.09950634798496      1.54572165986943
  H   -6.65911045568650      0.07548975009604      1.95035921047970
  H   -6.95841256986111      1.77160813081152      1.44012437046101
  H   -7.83813334924194      1.89589145333560     -0.78499132742801
  H   -7.87577826253627      1.10842354462078     -3.14728308798139
  H   -4.94149952395048     -1.98468540430487     -2.13564141172468
  H   -4.92340437888234     -1.17481796644418      0.21793260778365
  N   -5.86026094725947     -0.42683656823755     -4.23264879341706
  O   -4.90348762746342     -1.12344295408106     -4.44397358324701
  O   -6.41921104346119      0.34455565302866     -4.96630948414592
  H   -7.27544042724357     -1.38266203209291     -3.02277086827675
