18
Coordinates from ORCA-job para_ts_optfreq_2 E -475.476356596828
  C      -6.301010      0.437170     -0.146890
  C      -7.175260      1.063880     -1.091580
  C      -7.257520      0.608670     -2.374610
  C      -6.516260     -0.596440     -2.789360
  C      -5.565280     -1.165780     -1.819320
  C      -5.514280     -0.690840     -0.539930
  C      -6.285500      0.910100      1.258030
  H      -4.747750      1.105420      1.565260
  H      -7.081710     -0.579640      2.063590
  H      -7.479880      2.310990      1.389620
  H      -7.741990      1.948440     -0.785970
  H      -7.879440      1.104710     -3.124710
  H      -4.923040     -1.984200     -2.156810
  H      -4.822680     -1.132590      0.180810
  N      -5.898920     -0.458280     -4.246120
  O      -4.953610     -1.165430     -4.475640
  O      -6.473570      0.306820     -4.974480
  H      -7.282180     -1.388150     -2.977510
18
Coordinates from ORCA-job para_ts_optfreq_2 E -475.521098175499
  C      -6.303664      0.436450     -0.146467
  C      -7.174536      1.061888     -1.091685
  C      -7.257952      0.608958     -2.374768
  C      -6.517128     -0.596710     -2.789355
  C      -5.564819     -1.165073     -1.817679
  C      -5.513304     -0.691655     -0.539828
  C      -6.288661      0.909910      1.248473
  H      -4.850765      1.102128      1.567745
  H      -7.044284     -0.504584      2.038588
  H      -7.418396      2.246323      1.404157
  H      -7.732524      1.942750     -0.774551
  H      -7.879587      1.106100     -3.124165
  H      -4.922658     -1.983162     -2.154707
  H      -4.821977     -1.133694      0.181303
  N      -5.899490     -0.458241     -4.245178
  O      -4.953839     -1.165120     -4.474534
  O      -6.473678      0.306672     -4.974515
  H      -7.282617     -1.388089     -2.978454
18
Coordinates from ORCA-job para_ts_optfreq_2 E -475.566345772853
  C      -6.306269      0.435392     -0.146151
  C      -7.174347      1.059582     -1.092785
  C      -7.258781      0.608971     -2.376085
  C      -6.518060     -0.597081     -2.790183
  C      -5.564829     -1.164485     -1.817139
  C      -5.512832     -0.692513     -0.540068
  C      -6.291808      0.910004      1.243586
  H      -4.950501      1.100762      1.575184
  H      -7.007232     -0.427908      2.016292
  H      -7.355934      2.179102      1.416694
  H      -7.724634      1.938260     -0.763091
  H      -7.880053      1.107114     -3.125070
  H      -4.922639     -1.982348     -2.154187
  H      -4.821793     -1.134840      0.181307
  N      -5.899803     -0.458327     -4.244879
  O      -4.953715     -1.164850     -4.473852
  O      -6.473585      0.306324     -4.975043
  H      -7.283063     -1.388307     -2.980150
18
Coordinates from ORCA-job para_ts_optfreq_2 E -475.610722007303
  C      -6.307324      0.434898     -0.145305
  C      -7.172391      1.058040     -1.092907
  C      -7.258625      0.609707     -2.376255
  C      -6.518858     -0.597201     -2.790136
  C      -5.564043     -1.163640     -1.815909
  C      -5.510561     -0.693099     -0.540188
  C      -6.291426      0.911112      1.236156
  H      -5.062356      1.097362      1.572372
  H      -6.971388     -0.360354      1.998988
  H      -7.294600      2.117440      1.426636
  H      -7.713606      1.934135     -0.750355
  H      -7.879776      1.109012     -3.124457
  H      -4.922327     -1.981491     -2.153000
  H      -4.819506     -1.135794      0.181164
  N      -5.900737     -0.458467     -4.243928
  O      -4.954505     -1.164914     -4.472949
  O      -6.474150      0.306024     -4.974883
  H      -7.283701     -1.387920     -2.980664
18
Coordinates from ORCA-job para_ts_optfreq_2 E -475.653672095047
  C      -6.311836      0.430709     -0.145650
  C      -7.175051      1.054236     -1.094681
  C      -7.260806      0.608532     -2.379123
  C      -6.519677     -0.597925     -2.792194
  C      -5.565604     -1.163951     -1.818037
  C      -5.513583     -0.693864     -0.539578
  C      -6.300303      0.913168      1.244927
  H      -5.132946      1.098970      1.591800
  H      -6.936755     -0.273441      1.974834
  H      -7.234369      2.041161      1.432456
  H      -7.712583      1.930050     -0.741704
  H      -7.881172      1.108590     -3.127643
  H      -4.923275     -1.981462     -2.155988
  H      -4.823583     -1.136863      0.182460
  N      -5.899414     -0.457600     -4.244908
  O      -4.952364     -1.163059     -4.473046
  O      -6.472752      0.306824     -4.975475
  H      -7.283806     -1.389226     -2.984070
18
Coordinates from ORCA-job para_ts_optfreq_2 E -475.692382544862
  C      -6.319586      0.422953     -0.144731
  C      -7.179970      1.049065     -1.094448
  C      -7.263345      0.607443     -2.380591
  C      -6.520471     -0.598203     -2.793264
  C      -5.568523     -1.165531     -1.819034
  C      -5.519866     -0.697507     -0.537269
  C      -6.314163      0.909862      1.254387
  H      -5.180699      1.101258      1.608405
  H      -6.891943     -0.177710      1.940246
  H      -7.188925      1.968133      1.433895
  H      -7.715295      1.923855     -0.733130
  H      -7.882133      1.108845     -3.129591
  H      -4.925462     -1.982366     -2.157902
  H      -4.832011     -1.142030      0.185851
  N      -5.896768     -0.455251     -4.244735
  O      -4.948483     -1.159261     -4.471500
  O      -6.468324      0.310999     -4.974245
  H      -7.283912     -1.389702     -2.987963
18
Coordinates from ORCA-job para_ts_optfreq_2 E -475.726099830281
  C      -6.329976      0.416715     -0.142981
  C      -7.185993      1.046135     -1.094075
  C      -7.264647      0.609106     -2.382234
  C      -6.519444     -0.595479     -2.793800
  C      -5.571516     -1.165126     -1.818111
  C      -5.528703     -0.700348     -0.533257
  C      -6.333145      0.904283      1.263973
  H      -5.219939      1.109663      1.614966
  H      -6.844574     -0.091923      1.913883
  H      -7.143280      1.887404      1.433395
  H      -7.720770      1.918699     -0.726425
  H      -7.880675      1.112000     -3.132532
  H      -4.927270     -1.981125     -2.157069
  H      -4.844407     -1.147325      0.191746
  N      -5.890341     -0.450047     -4.243536
  O      -4.947835     -1.161293     -4.471060
  O      -6.465286      0.310454     -4.975968
  H      -7.282079     -1.386942     -2.992535
18
Coordinates from ORCA-job para_ts_optfreq_2 E -475.752431691350
  C      -6.338983      0.414542     -0.140866
  C      -7.192298      1.045176     -1.092411
  C      -7.268250      0.609668     -2.380949
  C      -6.520950     -0.594289     -2.790478
  C      -5.573807     -1.163490     -1.812734
  C      -5.533869     -0.700952     -0.529412
  C      -6.344933      0.898920      1.261790
  H      -5.278312      1.101337      1.609166
  H      -6.804925     -0.009123      1.878456
  H      -7.082286      1.808099      1.425507
  H      -7.724437      1.915110     -0.720508
  H      -7.882718      1.112320     -3.132530
  H      -4.928698     -1.978692     -2.150797
  H      -4.851154     -1.149075      0.196688
  N      -5.889160     -0.448316     -4.239596
  O      -4.942600     -1.155264     -4.463568
  O      -6.460485      0.315290     -4.972098
  H      -7.282015     -1.386409     -2.991280
18
Coordinates from ORCA-job para_ts_optfreq_2 E -475.761022579692
  C      -6.352109      0.409285     -0.138484
  C      -7.201448      1.044659     -1.092740
  C      -7.270974      0.609634     -2.382491
  C      -6.521547     -0.593444     -2.789736
  C      -5.575597     -1.161695     -1.810843
  C      -5.540346     -0.701311     -0.526850
  C      -6.357643      0.891936      1.265652
  H      -5.330437      1.095394      1.619282
  H      -6.759061      0.070455      1.864359
  H      -7.017822      1.732694      1.415297
  H      -7.737865      1.918092     -0.723622
  H      -7.882611      1.111755     -3.136811
  H      -4.929568     -1.976476     -2.148536
  H      -4.860989     -1.151357      0.201178
  N      -5.886093     -0.445343     -4.237602
  O      -4.938119     -1.150724     -4.459453
  O      -6.456782      0.317833     -4.970833
  H      -7.280868     -1.386536     -2.993389
18
Coordinates from ORCA-job para_ts_optfreq_2 E -475.761796518526
  C      -6.369879      0.405460     -0.136394
  C      -7.211802      1.049303     -1.100945
  C      -7.272681      0.607858     -2.389337
  C      -6.523969     -0.596654     -2.791315
  C      -5.575595     -1.157233     -1.811722
  C      -5.545042     -0.695404     -0.529494
  C      -6.350931      0.877999      1.269569
  H      -5.330229      1.072149      1.611042
  H      -6.725428      0.056693      1.891991
  H      -7.008537      1.762908      1.445233
  H      -7.757483      1.930109     -0.758053
  H      -7.879856      1.107810     -3.148601
  H      -4.929640     -1.973419     -2.145529
  H      -4.870742     -1.148102      0.201629
  N      -5.891462     -0.455575     -4.241628
  O      -4.926145     -1.140513     -4.452734
  O      -6.447951      0.323119     -4.969638
  H      -7.282508     -1.391659     -2.989694
18
Coordinates from ORCA-job para_ts_optfreq_2 E -475.758285923805
  C      -6.390904      0.411515     -0.135411
  C      -7.222019      1.062086     -1.108844
  C      -7.267381      0.616684     -2.397016
  C      -6.516571     -0.587495     -2.793785
  C      -5.570116     -1.141836     -1.810263
  C      -5.551115     -0.679151     -0.529184
  C      -6.355548      0.876760      1.267231
  H      -5.333474      1.071239      1.606966
  H      -6.721127     -0.008689      1.983630
  H      -6.959095      1.749289      1.447416
  H      -7.782720      1.945331     -0.795595
  H      -7.868617      1.114541     -3.162238
  H      -4.921801     -1.958248     -2.138181
  H      -4.885334     -1.134236      0.208216
  N      -5.879852     -0.448260     -4.243608
  O      -4.939070     -1.163909     -4.463544
  O      -6.462413      0.293972     -4.989234
  H      -7.272722     -1.384742     -2.992178
18
Coordinates from ORCA-job para_ts_optfreq_2 E -475.762002620416
  C      -6.387027      0.403308     -0.131561
  C      -7.220067      1.053613     -1.099960
  C      -7.263041      0.616563     -2.391408
  C      -6.511638     -0.585216     -2.794793
  C      -5.569235     -1.147053     -1.812165
  C      -5.552717     -0.689405     -0.526997
  C      -6.357927      0.869560      1.276565
  H      -5.323225      1.067506      1.618518
  H      -6.710141      0.043140      1.930583
  H      -6.993073      1.759384      1.459729
  H      -7.785478      1.932690     -0.779838
  H      -7.863824      1.119021     -3.154185
  H      -4.918658     -1.960653     -2.143861
  H      -4.886324     -1.145539      0.208950
  N      -5.870175     -0.435626     -4.241145
  O      -4.949483     -1.173549     -4.471849
  O      -6.470000      0.287754     -4.991187
  H      -7.267846     -1.380647     -3.001014
18
Coordinates from ORCA-job para_ts_optfreq_2 E -475.761225359287
  C      -6.384411      0.401017     -0.137195
  C      -7.223799      1.042703     -1.099426
  C      -7.275392      0.600974     -2.389272
  C      -6.529424     -0.604225     -2.793330
  C      -5.584980     -1.166085     -1.812034
  C      -5.561034     -0.700812     -0.528769
  C      -6.350803      0.880895      1.266633
  H      -5.305226      1.081782      1.590454
  H      -6.701156      0.075134      1.909705
  H      -6.977663      1.754122      1.442080
  H      -7.788791      1.919959     -0.778559
  H      -7.879916      1.102244     -3.150119
  H      -4.936887     -1.982085     -2.143222
  H      -4.890334     -1.152390      0.206025
  N      -5.896924     -0.463306     -4.243895
  O      -4.903190     -1.112251     -4.437436
  O      -6.421460      0.354680     -4.952285
  H      -7.288491     -1.397506     -2.994975
18
Coordinates from ORCA-job para_ts_optfreq_2 E -475.762737665389
  C      -6.385721      0.404407     -0.133014
  C      -7.224786      1.047267     -1.095489
  C      -7.268690      0.609345     -2.386972
  C      -6.519009     -0.592691     -2.792405
  C      -5.578741     -1.158017     -1.808757
  C      -5.561187     -0.697684     -0.525332
  C      -6.351776      0.875831      1.268110
  H      -5.318167      1.076647      1.585359
  H      -6.698702      0.053476      1.927850
  H      -6.977879      1.758529      1.444247
  H      -7.798964      1.920766     -0.781107
  H      -7.871064      1.111762     -3.148567
  H      -4.928433     -1.972049     -2.139423
  H      -4.893384     -1.151642      0.210780
  N      -5.879130     -0.444814     -4.240176
  O      -4.926322     -1.145637     -4.457620
  O      -6.441125      0.325350     -4.973431
  H      -7.276801     -1.385997     -2.999673
18
Coordinates from ORCA-job para_ts_optfreq_2 E -475.762788207540
  C      -6.392764      0.399273     -0.131922
  C      -7.230264      1.043638     -1.095338
  C      -7.269962      0.607974     -2.388278
  C      -6.518363     -0.592087     -2.794641
  C      -5.581264     -1.159992     -1.809906
  C      -5.567663     -0.701905     -0.525134
  C      -6.349679      0.877001      1.270110
  H      -5.305765      1.083833      1.581888
  H      -6.687752      0.059026      1.938219
  H      -6.974843      1.761522      1.447877
  H      -7.809523      1.916662     -0.785608
  H      -7.870646      1.111736     -3.150419
  H      -4.930278     -1.973756     -2.140290
  H      -4.901759     -1.157058      0.211941
  N      -5.873137     -0.439315     -4.238593
  O      -4.922537     -1.142867     -4.454958
  O      -6.438150      0.326185     -4.973757
  H      -7.275530     -1.385019     -3.006813
18
Coordinates from ORCA-job para_ts_optfreq_2 E -475.762822499726
  C      -6.394719      0.398054     -0.131218
  C      -7.233853      1.040756     -1.093338
  C      -7.271295      0.606705     -2.387168
  C      -6.518323     -0.591837     -2.794871
  C      -5.584154     -1.162710     -1.808775
  C      -5.572554     -0.705911     -0.523941
  C      -6.346519      0.878320      1.268691
  H      -5.302966      1.087718      1.569429
  H      -6.678562      0.063355      1.940275
  H      -6.970086      1.763464      1.445827
  H      -7.818230      1.910989     -0.786417
  H      -7.871616      1.111241     -3.149085
  H      -4.933143     -1.976573     -2.138624
  H      -4.908126     -1.162117      0.213865
  N      -5.869596     -0.435768     -4.236610
  O      -4.917477     -1.137657     -4.451189
  O      -6.433372      0.330747     -4.971546
  H      -7.275291     -1.383928     -3.010926
18
Coordinates from ORCA-job para_ts_optfreq_2 E -475.762836565610
  C      -6.398497      0.395333     -0.130365
  C      -7.239792      1.035671     -1.090926
  C      -7.273724      0.604202     -2.386113
  C      -6.518624     -0.592122     -2.795717
  C      -5.589019     -1.167292     -1.807453
  C      -5.580171     -0.712162     -0.522340
  C      -6.341432      0.881471      1.266546
  H      -5.295614      1.095443      1.552707
  H      -6.665341      0.069516      1.946734
  H      -6.963133      1.767574      1.442577
  H      -7.831287      1.902041     -0.787216
  H      -7.873669      1.109803     -3.147620
  H      -4.938205     -1.981596     -2.136352
  H      -4.918189     -1.170018      0.216691
  N      -5.864328     -0.430749     -4.234425
  O      -4.908626     -1.128565     -4.446403
  O      -6.424841      0.339139     -4.968347
  H      -7.275386     -1.382839     -3.017599
18
Coordinates from ORCA-job para_ts_optfreq_2 E -475.762837783728
  C      -6.399982      0.393958     -0.130097
  C      -7.241993      1.033653     -1.090399
  C      -7.274759      0.603223     -2.386031
  C      -6.518766     -0.592321     -2.796110
  C      -5.590643     -1.168761     -1.807206
  C      -5.582494     -0.714281     -0.521881
  C      -6.339723      0.882726      1.265993
  H      -5.292803      1.097964      1.548600
  H      -6.661419      0.072518      1.948769
  H      -6.960966      1.769351      1.441600
  H      -7.835134      1.898907     -0.786539
  H      -7.874536      1.109233     -3.147411
  H      -4.939892     -1.983223     -2.135889
  H      -4.921248     -1.172691      0.217470
  N      -5.862172     -0.428677     -4.233583
  O      -4.905962     -1.125934     -4.445233
  O      -6.422039      0.341793     -4.967445
  H      -7.275349     -1.382587     -3.020228
18
Coordinates from ORCA-job para_ts_optfreq_2 E -475.762838138855
  C      -6.401029      0.392793     -0.130074
  C      -7.244076      1.031678     -1.090141
  C      -7.276035      0.602133     -2.386063
  C      -6.519152     -0.592763     -2.796437
  C      -5.592178     -1.170089     -1.807073
  C      -5.584218     -0.716046     -0.521572
  C      -6.338096      0.884114      1.265221
  H      -5.290358      1.099506      1.545722
  H      -6.659110      0.075490      1.950359
  H      -6.958413      1.771608      1.440124
  H      -7.838133      1.895891     -0.784991
  H      -7.875778      1.108424     -3.147283
  H      -4.941500     -1.984685     -2.135641
  H      -4.923404     -1.174818      0.217933
  N      -5.860261     -0.426837     -4.232649
  O      -4.903488     -1.123443     -4.443974
  O      -6.419211      0.344556     -4.966309
  H      -7.275440     -1.382662     -3.022771
