17
Coordinates from ORCA-job neb_ts_prod_initial_path E   0.000000000000
  C      -1.106985      0.837092      0.573812
  C      -1.294925      0.165064     -0.695165
  C      -0.364651     -0.701397     -1.150336
  C       0.834014     -1.049132     -0.346316
  C       1.023493     -0.276162      0.906804
  C       0.087574      0.588481      1.353578
  H      -2.186533      0.388259     -1.286329
  H      -0.473889     -1.190258     -2.121028
  H       0.778319     -2.127719     -0.085789
  H       1.946195     -0.447827      1.465709
  H       0.228906      1.128246      2.293171
  N      -2.008638      1.693760      1.005519
  H      -2.850430      1.896894      0.470038
  H      -1.893758      2.189518      1.887379
  N       2.136711     -1.022021     -1.230088
  O       1.974522     -1.220038     -2.408176
  O       3.170075     -0.852760     -0.632783
17
Coordinates from ORCA-job neb_ts_prod_initial_path E   0.000000000000
  C      -1.107211      0.837128      0.573668
  C      -1.295176      0.164698     -0.695107
  C      -0.364566     -0.701304     -1.150399
  C       0.834168     -1.048567     -0.346357
  C       1.024239     -0.274479      0.905989
  C       0.088061      0.589923      1.352741
  H      -2.187153      0.387266     -1.285949
  H      -0.473976     -1.190365     -2.120955
  H       0.777936     -2.126739     -0.084281
  H       1.947449     -0.445324      1.464324
  H       0.229683      1.130450      2.291849
  N      -2.009590      1.692859      1.005708
  H      -2.851812      1.895072      0.470567
  H      -1.894778      2.188933      1.887399
  N       2.137132     -1.023231     -1.229562
  O       1.974655     -1.209489     -2.409071
  O       3.170940     -0.866831     -0.630564
17
Coordinates from ORCA-job neb_ts_prod_initial_path E   0.000000000000
  C      -1.107437      0.837164      0.573523
  C      -1.295427      0.164332     -0.695049
  C      -0.364481     -0.701210     -1.150463
  C       0.834322     -1.048002     -0.346397
  C       1.024984     -0.272796      0.905175
  C       0.088548      0.591365      1.351903
  H      -2.187773      0.386274     -1.285569
  H      -0.474063     -1.190472     -2.120882
  H       0.777552     -2.125760     -0.082773
  H       1.948702     -0.442822      1.462940
  H       0.230461      1.132655      2.290527
  N      -2.010542      1.691958      1.005898
  H      -2.853195      1.893250      0.471096
  H      -1.895797      2.188348      1.887419
  N       2.137553     -1.024441     -1.229036
  O       1.974788     -1.198940     -2.409966
  O       3.171805     -0.880902     -0.628344
17
Coordinates from ORCA-job neb_ts_prod_initial_path E   0.000000000000
  C      -1.107663      0.837200      0.573378
  C      -1.295679      0.163966     -0.694991
  C      -0.364395     -0.701117     -1.150526
  C       0.834476     -1.047437     -0.346437
  C       1.025729     -0.271114      0.904360
  C       0.089036      0.592807      1.351066
  H      -2.188393      0.385281     -1.285190
  H      -0.474150     -1.190579     -2.120810
  H       0.777169     -2.124781     -0.081264
  H       1.949956     -0.440319      1.461555
  H       0.231238      1.134860      2.289204
  N      -2.011494      1.691057      1.006088
  H      -2.854577      1.891429      0.471625
  H      -1.896817      2.187763      1.887438
  N       2.137974     -1.025652     -1.228510
  O       1.974921     -1.188391     -2.410861
  O       3.172670     -0.894973     -0.626125
17
Coordinates from ORCA-job neb_ts_prod_initial_path E   0.000000000000
  C      -1.107889      0.837236      0.573233
  C      -1.295930      0.163600     -0.694933
  C      -0.364310     -0.701024     -1.150589
  C       0.834631     -1.046872     -0.346477
  C       1.026474     -0.269431      0.903546
  C       0.089523      0.594248      1.350229
  H      -2.189013      0.384288     -1.284810
  H      -0.474237     -1.190686     -2.120737
  H       0.776786     -2.123801     -0.079756
  H       1.951209     -0.437816      1.460170
  H       0.232015      1.137064      2.287882
  N      -2.012446      1.690156      1.006277
  H      -2.855960      1.889607      0.472154
  H      -1.897837      2.187178      1.887458
  N       2.138396     -1.026862     -1.227984
  O       1.975054     -1.177843     -2.411756
  O       3.173534     -0.909045     -0.623905
17
Coordinates from ORCA-job neb_ts_prod_initial_path E   0.000000000000
  C      -1.108115      0.837272      0.573088
  C      -1.296181      0.163234     -0.694876
  C      -0.364225     -0.700930     -1.150653
  C       0.834785     -1.046307     -0.346518
  C       1.027219     -0.267748      0.902731
  C       0.090010      0.595690      1.349392
  H      -2.189633      0.383296     -1.284430
  H      -0.474324     -1.190793     -2.120664
  H       0.776403     -2.122822     -0.078247
  H       1.952462     -0.435314      1.458785
  H       0.232792      1.139269      2.286560
  N      -2.013398      1.689255      1.006467
  H      -2.857342      1.887786      0.472682
  H      -1.898856      2.186593      1.887478
  N       2.138817     -1.028072     -1.227458
  O       1.975187     -1.167294     -2.412652
  O       3.174399     -0.923116     -0.621685
17
Coordinates from ORCA-job neb_ts_prod_initial_path E   0.000000000000
  C      -1.108341      0.837308      0.572944
  C      -1.296432      0.162868     -0.694818
  C      -0.364140     -0.700837     -1.150716
  C       0.834939     -1.045742     -0.346558
  C       1.027965     -0.266065      0.901917
  C       0.090498      0.597132      1.348554
  H      -2.190253      0.382303     -1.284051
  H      -0.474411     -1.190900     -2.120592
  H       0.776019     -2.121842     -0.076739
  H       1.953716     -0.432811      1.457400
  H       0.233570      1.141474      2.285237
  N      -2.014350      1.688354      1.006656
  H      -2.858725      1.885964      0.473211
  H      -1.899876      2.186008      1.887498
  N       2.139238     -1.029283     -1.226932
  O       1.975320     -1.156745     -2.413547
  O       3.175264     -0.937187     -0.619466
17
Coordinates from ORCA-job neb_ts_prod_initial_path E   0.000000000000
  C      -1.108567      0.837344      0.572799
  C      -1.296683      0.162502     -0.694760
  C      -0.364055     -0.700743     -1.150780
  C       0.835094     -1.045177     -0.346598
  C       1.028710     -0.264383      0.901102
  C       0.090985      0.598574      1.347717
  H      -2.190873      0.381310     -1.283671
  H      -0.474498     -1.191008     -2.120519
  H       0.775636     -2.120863     -0.075231
  H       1.954969     -0.430308      1.456016
  H       0.234347      1.143679      2.283915
  N      -2.015302      1.687454      1.006846
  H      -2.860107      1.884142      0.473740
  H      -1.900896      2.185423      1.887518
  N       2.139659     -1.030493     -1.226406
  O       1.975453     -1.146196     -2.414442
  O       3.176129     -0.951258     -0.617246
17
Coordinates from ORCA-job neb_ts_prod_initial_path E   0.000000000000
  C      -1.108793      0.837380      0.572654
  C      -1.296934      0.162135     -0.694702
  C      -0.363970     -0.700650     -1.150843
  C       0.835248     -1.044611     -0.346638
  C       1.029455     -0.262700      0.900288
  C       0.091472      0.600016      1.346880
  H      -2.191493      0.380318     -1.283291
  H      -0.474585     -1.191115     -2.120447
  H       0.775253     -2.119883     -0.073722
  H       1.956223     -0.427806      1.454631
  H       0.235124      1.145883      2.282593
  N      -2.016254      1.686553      1.007036
  H      -2.861490      1.882321      0.474269
  H      -1.901915      2.184838      1.887538
  N       2.140081     -1.031704     -1.225880
  O       1.975585     -1.135647     -2.415337
  O       3.176993     -0.965329     -0.615027
17
Coordinates from ORCA-job neb_ts_prod_initial_path E   0.000000000000
  C      -1.109019      0.837416      0.572509
  C      -1.297185      0.161769     -0.694644
  C      -0.363885     -0.700557     -1.150907
  C       0.835402     -1.044046     -0.346679
  C       1.030200     -0.261017      0.899473
  C       0.091960      0.601457      1.346043
  H      -2.192113      0.379325     -1.282912
  H      -0.474672     -1.191222     -2.120374
  H       0.774870     -2.118904     -0.072214
  H       1.957476     -0.425303      1.453246
  H       0.235901      1.148088      2.281271
  N      -2.017206      1.685652      1.007225
  H      -2.862872      1.880499      0.474798
  H      -1.902935      2.184253      1.887558
  N       2.140502     -1.032914     -1.225354
  O       1.975718     -1.125098     -2.416232
  O       3.177858     -0.979400     -0.612807
